++ xcrun simctl list runtimes
++ awk '/iOS/{id=$NF} END{print id}'
+ RUNTIME=com.apple.CoreSimulator.SimRuntime.iOS-26-2
++ xcrun simctl create rayforge-test com.apple.CoreSimulator.SimDeviceType.iPad-Pro-13-inch-M4-8GB com.apple.CoreSimulator.SimRuntime.iOS-26-2
+ UDID=3FE1B06E-19EF-4948-9630-47FD0328F4C4
+ test -n 3FE1B06E-19EF-4948-9630-47FD0328F4C4
+ echo UDID=3FE1B06E-19EF-4948-9630-47FD0328F4C4
UDID=3FE1B06E-19EF-4948-9630-47FD0328F4C4
+ xcrun simctl boot 3FE1B06E-19EF-4948-9630-47FD0328F4C4
+ xcrun simctl bootstatus 3FE1B06E-19EF-4948-9630-47FD0328F4C4 -b
Monitoring boot status for rayforge-test (3FE1B06E-19EF-4948-9630-47FD0328F4C4).
[2026-07-04 16:15:51 +0000] Status=4294967295, isTerminal=YES, Elapsed=01:19.
	Finished

+ xcrun simctl install 3FE1B06E-19EF-4948-9630-47FD0328F4C4 RayforgeApp.app
++ xcrun simctl get_app_container 3FE1B06E-19EF-4948-9630-47FD0328F4C4 org.rayforge.app
+ APP_CONTAINER=/Users/runner/Library/Developer/CoreSimulator/Devices/3FE1B06E-19EF-4948-9630-47FD0328F4C4/data/Containers/Bundle/Application/6049E388-6E16-4AD9-8A0C-0C0B0014C5B8/RayforgeApp.app
+ echo 'app container: /Users/runner/Library/Developer/CoreSimulator/Devices/3FE1B06E-19EF-4948-9630-47FD0328F4C4/data/Containers/Bundle/Application/6049E388-6E16-4AD9-8A0C-0C0B0014C5B8/RayforgeApp.app'
app container: /Users/runner/Library/Developer/CoreSimulator/Devices/3FE1B06E-19EF-4948-9630-47FD0328F4C4/data/Containers/Bundle/Application/6049E388-6E16-4AD9-8A0C-0C0B0014C5B8/RayforgeApp.app
+ FW_DIR=/Users/runner/Library/Developer/CoreSimulator/Devices/3FE1B06E-19EF-4948-9630-47FD0328F4C4/data/Containers/Bundle/Application/6049E388-6E16-4AD9-8A0C-0C0B0014C5B8/RayforgeApp.app/Frameworks
+ LAUNCH_OUT=/Users/runner/work/Rayforge-iOS-ipa/Rayforge-iOS-ipa/app-console.log
+ xcrun simctl launch --stdout=/Users/runner/work/Rayforge-iOS-ipa/Rayforge-iOS-ipa/app-console.log --stderr=/Users/runner/work/Rayforge-iOS-ipa/Rayforge-iOS-ipa/app-console.log 3FE1B06E-19EF-4948-9630-47FD0328F4C4 org.rayforge.app SIMCTL_CHILD_DYLD_LIBRARY_PATH=/Users/runner/Library/Developer/CoreSimulator/Devices/3FE1B06E-19EF-4948-9630-47FD0328F4C4/data/Containers/Bundle/Application/6049E388-6E16-4AD9-8A0C-0C0B0014C5B8/RayforgeApp.app/Frameworks SIMCTL_CHILD_DYLD_FALLBACK_LIBRARY_PATH=/Users/runner/Library/Developer/CoreSimulator/Devices/3FE1B06E-19EF-4948-9630-47FD0328F4C4/data/Containers/Bundle/Application/6049E388-6E16-4AD9-8A0C-0C0B0014C5B8/RayforgeApp.app/Frameworks SIMCTL_CHILD_G_MESSAGES_DEBUG=all
+ tee launch-cmd.log
org.rayforge.app: 42571
+ MARKER_SEEN=0
++ seq 1 36
+ for i in '$(seq 1 36)'
+ sleep 5
+ xcrun simctl spawn 3FE1B06E-19EF-4948-9630-47FD0328F4C4 log show --last 6m --predicate 'process == "rayforge-app"'
+ grep -q 'RAYFORGE UI RUNNING' app-console.log app-syslog.log
+ grep -q 'RAYFORGE BOOT FAILED' app-console.log app-syslog.log
+ for i in '$(seq 1 36)'
+ sleep 5
+ xcrun simctl spawn 3FE1B06E-19EF-4948-9630-47FD0328F4C4 log show --last 6m --predicate 'process == "rayforge-app"'
+ grep -q 'RAYFORGE UI RUNNING' app-console.log app-syslog.log
+ grep -q 'RAYFORGE BOOT FAILED' app-console.log app-syslog.log
+ for i in '$(seq 1 36)'
+ sleep 5
+ xcrun simctl spawn 3FE1B06E-19EF-4948-9630-47FD0328F4C4 log show --last 6m --predicate 'process == "rayforge-app"'
+ grep -q 'RAYFORGE UI RUNNING' app-console.log app-syslog.log
+ grep -q 'RAYFORGE BOOT FAILED' app-console.log app-syslog.log
+ for i in '$(seq 1 36)'
+ sleep 5
+ xcrun simctl spawn 3FE1B06E-19EF-4948-9630-47FD0328F4C4 log show --last 6m --predicate 'process == "rayforge-app"'
+ grep -q 'RAYFORGE UI RUNNING' app-console.log app-syslog.log
+ grep -q 'RAYFORGE BOOT FAILED' app-console.log app-syslog.log
+ for i in '$(seq 1 36)'
+ sleep 5
+ xcrun simctl spawn 3FE1B06E-19EF-4948-9630-47FD0328F4C4 log show --last 6m --predicate 'process == "rayforge-app"'
+ grep -q 'RAYFORGE UI RUNNING' app-console.log app-syslog.log
+ grep -q 'RAYFORGE BOOT FAILED' app-console.log app-syslog.log
+ for i in '$(seq 1 36)'
+ sleep 5
+ xcrun simctl spawn 3FE1B06E-19EF-4948-9630-47FD0328F4C4 log show --last 6m --predicate 'process == "rayforge-app"'
+ grep -q 'RAYFORGE UI RUNNING' app-console.log app-syslog.log
+ grep -q 'RAYFORGE BOOT FAILED' app-console.log app-syslog.log
+ for i in '$(seq 1 36)'
+ sleep 5
+ xcrun simctl spawn 3FE1B06E-19EF-4948-9630-47FD0328F4C4 log show --last 6m --predicate 'process == "rayforge-app"'
+ grep -q 'RAYFORGE UI RUNNING' app-console.log app-syslog.log
+ grep -q 'RAYFORGE BOOT FAILED' app-console.log app-syslog.log
+ for i in '$(seq 1 36)'
+ sleep 5
+ xcrun simctl spawn 3FE1B06E-19EF-4948-9630-47FD0328F4C4 log show --last 6m --predicate 'process == "rayforge-app"'
+ grep -q 'RAYFORGE UI RUNNING' app-console.log app-syslog.log
+ grep -q 'RAYFORGE BOOT FAILED' app-console.log app-syslog.log
+ for i in '$(seq 1 36)'
+ sleep 5
+ xcrun simctl spawn 3FE1B06E-19EF-4948-9630-47FD0328F4C4 log show --last 6m --predicate 'process == "rayforge-app"'
+ grep -q 'RAYFORGE UI RUNNING' app-console.log app-syslog.log
+ grep -q 'RAYFORGE BOOT FAILED' app-console.log app-syslog.log
+ for i in '$(seq 1 36)'
+ sleep 5
+ xcrun simctl spawn 3FE1B06E-19EF-4948-9630-47FD0328F4C4 log show --last 6m --predicate 'process == "rayforge-app"'
+ grep -q 'RAYFORGE UI RUNNING' app-console.log app-syslog.log
+ MARKER_SEEN=1
+ echo 'marker seen after ~50s'
marker seen after ~50s
+ break
+ APP_ALIVE=1
+ xcrun simctl spawn 3FE1B06E-19EF-4948-9630-47FD0328F4C4 launchctl list
+ grep -q org.rayforge.app
+ echo 'app alive: 1  marker seen: 1'
app alive: 1  marker seen: 1
+ xcrun simctl io 3FE1B06E-19EF-4948-9630-47FD0328F4C4 screenshot simulator-screenshot.png
Detected file type 'PNG' from extension
Wrote screenshot to: simulator-screenshot.png
+ ls -la simulator-screenshot.png
-rw-r--r--@ 1 runner  staff  118443 Jul  4 16:19 simulator-screenshot.png
+ mkdir -p crash-reports
+ find /Users/runner/Library/Logs/DiagnosticReports -name '*rayforge*' -newer RayforgeApp.app/Info.plist -exec cp '{}' crash-reports/ ';'
+ for c in 'crash-reports/*'
+ '[' -f 'crash-reports/*' ']'
+ continue
+ xcrun simctl shutdown 3FE1B06E-19EF-4948-9630-47FD0328F4C4
+ echo '===== app console ====='
===== app console =====
+ cat app-console.log
Gdk-Message: 16:17:18.621: gdk-ios: bundle resources at /Users/runner/Library/Developer/CoreSimulator/Devices/3FE1B06E-19EF-4948-9630-47FD0328F4C4/data/Containers/Bundle/Application/6049E388-6E16-4AD9-8A0C-0C0B0014C5B8/RayforgeApp.app
** Message: 16:17:19.378: GI_TYPELIB_PATH: /Users/runner/Library/Developer/CoreSimulator/Devices/3FE1B06E-19EF-4948-9630-47FD0328F4C4/data/Containers/Bundle/Application/6049E388-6E16-4AD9-8A0C-0C0B0014C5B8/RayforgeApp.app/lib/girepository-1.0
** Message: 16:17:19.379: python home: /Users/runner/Library/Developer/CoreSimulator/Devices/3FE1B06E-19EF-4948-9630-47FD0328F4C4/data/Containers/Bundle/Application/6049E388-6E16-4AD9-8A0C-0C0B0014C5B8/RayforgeApp.app/python
** Message: 16:17:19.379: site-packages: /Users/runner/Library/Developer/CoreSimulator/Devices/3FE1B06E-19EF-4948-9630-47FD0328F4C4/data/Containers/Bundle/Application/6049E388-6E16-4AD9-8A0C-0C0B0014C5B8/RayforgeApp.app/python/lib/python3.13/site-packages
** Message: 16:18:52.786: rayforge boot: PyGObject self-test ran (CPython 3.13.14 (main, Jun 12 2026, 07:26:39) [Clang 17.0.0 (clang-1700.0.13.5)]) ? see console for PYGOBJECT OK/FAIL
+ echo '===== app syslog (first 120) ====='
===== app syslog (first 120) =====
+ head -120 app-syslog.log
getpwuid_r did not find a match for uid 501
Timestamp                       Thread     Type        Activity             PID    TTL  
2026-07-04 16:17:18.702369+0000 0x1b629    Default     0x0                  42571  0    rayforge-app: (libMobileGestalt.dylib) No persisted cache on this platform.
2026-07-04 16:17:18.702970+0000 0x1b637    Default     0x0                  42571  0    rayforge-app: (libxpc.dylib) [com.apple.xpc:connection] [0x105805e80] activating connection: mach=true listener=false peer=false name=com.apple.cfprefsd.daemon
2026-07-04 16:17:18.712076+0000 0x1b639    Default     0x0                  42571  0    rayforge-app: (BoardServices) [com.apple.BoardServices:XPCErrors] [C:1] Alloc com.apple.frontboard.systemappservices
2026-07-04 16:17:18.713209+0000 0x1b639    Default     0x0                  42571  0    rayforge-app: (libxpc.dylib) [com.apple.xpc:connection] [0x105806240] activating connection: mach=false listener=false peer=false name=(anonymous)
2026-07-04 16:17:18.721184+0000 0x1b629    Default     0x0                  42571  0    rayforge-app: (UIKitCore) [com.apple.UIKit:Application] Deactivation reason added: 10; deactivation reasons: 0 -> 1024; animating application lifecycle event: 0
2026-07-04 16:17:18.721784+0000 0x1b629    Default     0x0                  42571  0    rayforge-app: (RunningBoardServices) [com.apple.runningboard:connection] Initializing connection
2026-07-04 16:17:18.721856+0000 0x1b629    Default     0x0                  42571  0    rayforge-app: (RunningBoardServices) [com.apple.runningboard:process] Removing all cached process handles
2026-07-04 16:17:18.722077+0000 0x1b629    Default     0x0                  42571  0    rayforge-app: (BoardServices) [com.apple.BoardServices:Injection] activating monitor for service com.apple.frontboard.open
2026-07-04 16:17:18.723426+0000 0x1b629    Default     0x0                  42571  0    rayforge-app: (BoardServices) [com.apple.BoardServices:Injection] activating monitor for service com.apple.frontboard.workspace-service
2026-07-04 16:17:18.723834+0000 0x1b629    Default     0x0                  42571  0    rayforge-app: (FrontBoardServices) [com.apple.FrontBoard:Common] FBSWorkspace registering source: com.apple.frontboard.systemappservices
2026-07-04 16:17:18.724984+0000 0x1b629    Default     0x0                  42571  0    rayforge-app: (FrontBoardServices) [com.apple.FrontBoard:Common] FBSWorkspace connected to endpoint : <BSServiceConnectionEndpoint: 0x60000020a900; target: com.apple.frontboard.systemappservices; service: com.apple.frontboard.workspace-service>
2026-07-04 16:17:18.725071+0000 0x1b629    Default     0x0                  42571  0    rayforge-app: (FrontBoardServices) [com.apple.FrontBoard:Common] <FBSWorkspaceScenesClient:0x6000030043f0 com.apple.frontboard.systemappservices> attempting immediate handshake from activate
2026-07-04 16:17:18.725178+0000 0x1b629    Default     0x0                  42571  0    rayforge-app: (FrontBoardServices) [com.apple.FrontBoard:Common] <FBSWorkspaceScenesClient:0x6000030043f0 com.apple.frontboard.systemappservices> sent handshake
2026-07-04 16:17:18.725193+0000 0x1b63a    Default     0x0                  42571  0    rayforge-app: (RunningBoardServices) [com.apple.runningboard:connection] Sending handshake request attempt #1 to server
2026-07-04 16:17:18.725803+0000 0x1b629    Default     0x0                  42571  0    rayforge-app: (RunningBoardServices) [com.apple.runningboard:general] Added observer for process assertions expiration warning: <_RBSExpirationWarningClient: 0x60000020bf40>
2026-07-04 16:17:18.729982+0000 0x1b638    Activity    0x45610              42571  0    rayforge-app: (CoreFoundation) Loading Preferences From User Session CFPrefsD
2026-07-04 16:17:18.730866+0000 0x1b63a    Default     0x0                  42571  0    rayforge-app: (RunningBoardServices) [com.apple.runningboard:connection] Creating connection to com.apple.runningboard
2026-07-04 16:17:18.730900+0000 0x1b63a    Default     0x0                  42571  0    rayforge-app: (libxpc.dylib) [com.apple.xpc:connection] [0x105806790] activating connection: mach=true listener=false peer=false name=com.apple.runningboard
2026-07-04 16:17:18.733380+0000 0x1b637    Default     0x0                  42571  0    rayforge-app: (UIKitCore) [com.apple.UIKit:BackgroundTask] Creating new assertion because there is no existing background assertion.
2026-07-04 16:17:18.734212+0000 0x1b637    Default     0x0                  42571  0    rayforge-app: (UIKitCore) [com.apple.UIKit:BackgroundTask] Creating new background assertion
2026-07-04 16:17:18.734382+0000 0x1b637    Default     0x0                  42571  0    rayforge-app: (UIKitCore) [com.apple.UIKit:BackgroundTask] Created new background assertion <BKSProcessAssertion: 0x600002101f40>
2026-07-04 16:17:18.736467+0000 0x1b63a    Default     0x0                  42571  0    rayforge-app: (RunningBoardServices) [com.apple.runningboard:connection] Handshake succeeded
2026-07-04 16:17:18.736490+0000 0x1b63a    Default     0x0                  42571  0    rayforge-app: (RunningBoardServices) [com.apple.runningboard:connection] Identity resolved as app<org.rayforge.app((null))>
2026-07-04 16:17:18.737499+0000 0x1b637    Default     0x0                  42571  0    rayforge-app: (UIKitCore) [com.apple.UIKit:BackgroundTask] Incrementing reference count for background assertion <BKSProcessAssertion: 0x600002101f40>
2026-07-04 16:17:18.738128+0000 0x1b63f    Activity    0x45611              42571  0    rayforge-app: (RunningBoardServices) didChangeInheritances
2026-07-04 16:17:18.738532+0000 0x1b637    Default     0x0                  42571  0    rayforge-app: (UIKitCore) [com.apple.UIKit:BackgroundTask] Created background task <_UIBackgroundTaskInfo: 0x60000170d140>: taskID = 1, taskName = Launch Background Task for Coalescing, creationTime = 1950 (elapsed = 0).
2026-07-04 16:17:18.738884+0000 0x1b637    Default     0x0                  42571  0    rayforge-app: (FrontBoardServices) [com.apple.FrontBoard:SceneExtension] Realizing settings extension _UIApplicationSceneKeyboardSettings on FBSSceneSettings
2026-07-04 16:17:18.776930+0000 0x1b637    Default     0x0                  42571  0    rayforge-app: (FrontBoardServices) [com.apple.FrontBoard:SceneExtension] Realizing settings extension <_UISceneOcclusionSettings> on FBSSceneSettings
2026-07-04 16:17:18.787483+0000 0x1b637    Default     0x0                  42571  0    rayforge-app: (FrontBoardServices) [com.apple.FrontBoard:SceneExtension] Realizing settings extension <_UISceneInterfaceProtectionSettings> on FBSSceneSettings
2026-07-04 16:17:18.790568+0000 0x1b637    Default     0x0                  42571  0    rayforge-app: (FrontBoardServices) [com.apple.FrontBoard:SceneExtension] Realizing settings extension _UISceneLayoutPreferencesHostSettingsExtension on FBSSceneSettings
2026-07-04 16:17:18.791823+0000 0x1b637    Default     0x0                  42571  0    rayforge-app: (FrontBoardServices) [com.apple.FrontBoard:SceneExtension] Realizing settings extension _UISceneSafeAreaSettingsExtension on FBSSceneSettings
2026-07-04 16:17:18.795376+0000 0x1b637    Default     0x0                  42571  0    rayforge-app: (FrontBoardServices) [com.apple.FrontBoard:SceneExtension] Realizing settings extension _UISceneLayoutPreferenceClientSettingsExtension on FBSSceneClientSettings
2026-07-04 16:17:18.802200+0000 0x1b637    Default     0x0                  42571  0    rayforge-app: (FrontBoardServices) [com.apple.FrontBoard:SceneExtension] Realizing settings extension <_UIHomeAffordanceHostSceneSettings> on FBSSceneSettings
2026-07-04 16:17:18.803992+0000 0x1b637    Default     0x0                  42571  0    rayforge-app: (FrontBoardServices) [com.apple.FrontBoard:SceneExtension] Realizing settings extension _UISystemShellSceneHostingEnvironmentSettings on FBSSceneSettings
2026-07-04 16:17:18.805129+0000 0x1b637    Default     0x0                  42571  0    rayforge-app: (FrontBoardServices) [com.apple.FrontBoard:SceneExtension] Realizing settings extension _UISceneRenderingEnvironmentSettings on FBSSceneSettings
2026-07-04 16:17:18.809213+0000 0x1b637    Default     0x0                  42571  0    rayforge-app: (FrontBoardServices) [com.apple.FrontBoard:SceneExtension] Realizing settings extension <_UISceneRenderingEnvironmentClientSettings> on FBSSceneClientSettings
2026-07-04 16:17:18.809418+0000 0x1b637    Default     0x0                  42571  0    rayforge-app: (FrontBoardServices) [com.apple.FrontBoard:SceneExtension] Realizing settings extension <_UISceneTransitioningHostSettings> on FBSSceneSettings
2026-07-04 16:17:18.810016+0000 0x1b637    Default     0x0                  42571  0    rayforge-app: (FrontBoardServices) [com.apple.FrontBoard:SceneExtension] Realizing settings extension <_UISceneFocusSystemSettings> on FBSSceneSettings
2026-07-04 16:17:18.811722+0000 0x1b637    Default     0x0                  42571  0    rayforge-app: (FrontBoardServices) [com.apple.FrontBoard:SceneExtension] Realizing settings extension _UISceneOrientationSettingsExtension on FBSSceneSettings
2026-07-04 16:17:18.811856+0000 0x1b637    Default     0x0                  42571  0    rayforge-app: (FrontBoardServices) [com.apple.FrontBoard:SceneExtension] Realizing settings extension _UISceneOrientationClientSettingsExtension on FBSSceneClientSettings
2026-07-04 16:17:18.812404+0000 0x1b637    Default     0x0                  42571  0    rayforge-app: (FrontBoardServices) [com.apple.FrontBoard:SceneExtension] Realizing settings extension _UISceneWindowingControlClientSettings on FBSSceneClientSettings
2026-07-04 16:17:18.814698+0000 0x1b637    Default     0x0                  42571  0    rayforge-app: (FrontBoardServices) [com.apple.FrontBoard:SceneExtension] Realizing settings extension <_UISceneHostingContentSizePreferenceClientSettings> on FBSSceneClientSettings
2026-07-04 16:17:18.816180+0000 0x1b637    Default     0x0                  42571  0    rayforge-app: (FrontBoardServices) [com.apple.FrontBoard:SceneExtension] Realizing settings extension _UISceneHostingTraitCollectionPropagationSettings on FBSSceneSettings
2026-07-04 16:17:18.838215+0000 0x1b637    Default     0x0                  42571  0    rayforge-app: (FrontBoardServices) [com.apple.FrontBoard:SceneExtension] Realizing settings extension <_UISceneHostingSheetPresentationSettings> on FBSSceneSettings
2026-07-04 16:17:18.839812+0000 0x1b637    Default     0x0                  42571  0    rayforge-app: (FrontBoardServices) [com.apple.FrontBoard:SceneExtension] Realizing settings extension <_UISceneHostingSheetPresentationClientSettings> on FBSSceneClientSettings
2026-07-04 16:17:18.840147+0000 0x1b637    Default     0x0                  42571  0    rayforge-app: (FrontBoardServices) [com.apple.FrontBoard:SceneExtension] Realizing settings extension <_UISceneHostingEventDeferringSettings> on FBSSceneSettings
2026-07-04 16:17:18.841675+0000 0x1b637    Default     0x0                  42571  0    rayforge-app: (FrontBoardServices) [com.apple.FrontBoard:SceneExtension] Realizing settings extension <UIKit__UITypedKeyValueSceneSettings> on FBSSceneSettings
2026-07-04 16:17:18.841986+0000 0x1b637    Default     0x0                  42571  0    rayforge-app: (FrontBoardServices) [com.apple.FrontBoard:SceneExtension] Realizing settings extension <UIKit__UITypedKeyValueSceneSettings> on FBSSceneClientSettings
2026-07-04 16:17:18.843094+0000 0x1b637    Default     0x0                  42571  0    rayforge-app: (FrontBoardServices) [com.apple.FrontBoard:SceneExtension] Realizing settings extension <_UISceneHostingViewControllerPreferencePropagationClientSettings> on FBSSceneClientSettings
2026-07-04 16:17:18.844071+0000 0x1b637    Default     0x0                  42571  0    rayforge-app: (FrontBoardServices) [com.apple.FrontBoard:SceneExtension] Realizing settings extension <_UISceneZoomTransitionSettings> on FBSSceneSettings
2026-07-04 16:17:18.845009+0000 0x1b63f    Default     0x0                  42571  0    rayforge-app: (FrontBoardServices) [com.apple.FrontBoard:SceneExtension] Realizing settings extension FBSSceneSettingsCore on FBSSceneSettings
2026-07-04 16:17:18.848178+0000 0x1b63f    Default     0x0                  42571  0    rayforge-app: (FrontBoardServices) [com.apple.FrontBoard:SceneExtension] Realizing settings extension FBSSceneClientSettingsCore on FBSSceneClientSettings
2026-07-04 16:17:18.871295+0000 0x1b629    Default     0x0                  42571  0    rayforge-app: (UIKitCore) [com.apple.UIKit:UIScreen] Evaluated capturing state as 0 on <UIScreen: 0x105808930> for initial
2026-07-04 16:17:18.874386+0000 0x1b629    Default     0x0                  42571  0    rayforge-app: (UIKitCore) [com.apple.UIKit:UIScreen] Evaluated capturing state as 0 on <UIScreen: 0x105808930> for CADisplay KVO
2026-07-04 16:17:18.875422+0000 0x1b629    Default     0x0                  42571  0    rayforge-app: (libAccessibility.dylib) [com.apple.Accessibility:AXSupportCommon] Read CategoryName: per-app = 1, category name = (null)
2026-07-04 16:17:18.875678+0000 0x1b629    Default     0x0                  42571  0    rayforge-app: (libAccessibility.dylib) [com.apple.Accessibility:AXSupportCommon] Read CategoryName: per-app = 0, category name = (null)
2026-07-04 16:17:18.946044+0000 0x1b63f    Default     0x0                  42571  0    rayforge-app: (FrontBoardServices) [com.apple.FrontBoard:SceneExtension] UIMutableApplicationSceneSettings setting counterpart class: UIApplicationSceneSettings
2026-07-04 16:17:18.952309+0000 0x1b63f    Default     0x0                  42571  0    rayforge-app: (FrontBoardServices) [com.apple.FrontBoard:SceneExtension] UIMutableApplicationSceneClientSettings setting counterpart class: UIApplicationSceneClientSettings
2026-07-04 16:17:18.953579+0000 0x1b63f    Default     0x0                  42571  0    rayforge-app: (FrontBoardServices) [com.apple.FrontBoard:SceneExtension] Realizing settings extension FBSSceneTransitionContextCore on FBSSceneTransitionContext
2026-07-04 16:17:18.959937+0000 0x1b629    Default     0x0                  42571  0    rayforge-app: (XCTTargetBootstrap) [com.apple.dt.xctest:Default] Registering for test daemon availability notify post.
2026-07-04 16:17:18.960739+0000 0x1b629    Default     0x0                  42571  0    rayforge-app: (XCTTargetBootstrap) [com.apple.dt.xctest:Default] notify_get_state check indicated test daemon not ready.
2026-07-04 16:17:18.961134+0000 0x1b629    Default     0x0                  42571  0    rayforge-app: (XCTTargetBootstrap) [com.apple.dt.xctest:Default] notify_get_state check indicated test daemon not ready.
2026-07-04 16:17:18.962906+0000 0x1b629    Default     0x0                  42571  0    rayforge-app: (XCTTargetBootstrap) [com.apple.dt.xctest:Default] notify_get_state check indicated test daemon not ready.
2026-07-04 16:17:18.971659+0000 0x1b629    Default     0x0                  42571  0    rayforge-app: (UIKitCore) [com.apple.UIKit:UpdateScheduler] Selected display: name=LCD (PurpleMain), id=1
2026-07-04 16:17:19.032655+0000 0x1b629    Default     0x0                  42571  0    rayforge-app: (UIKitCore) [com.apple.UIKit:BackgroundTask] Will add backgroundTask with taskName: Persistent SceneSession Map Update, expirationHandler: <__NSGlobalBlock__: 0x1e61729e0>
2026-07-04 16:17:19.036813+0000 0x1b629    Default     0x0                  42571  0    rayforge-app: (UIKitCore) [com.apple.UIKit:BackgroundTask] Reusing background assertion <BKSProcessAssertion: 0x600002101f40>
2026-07-04 16:17:19.036910+0000 0x1b629    Default     0x0                  42571  0    rayforge-app: (UIKitCore) [com.apple.UIKit:BackgroundTask] Incrementing reference count for background assertion <BKSProcessAssertion: 0x600002101f40>
2026-07-04 16:17:19.036953+0000 0x1b629    Default     0x0                  42571  0    rayforge-app: (UIKitCore) [com.apple.UIKit:BackgroundTask] Created background task <_UIBackgroundTaskInfo: 0x6000017169c0>: taskID = 2, taskName = Persistent SceneSession Map Update, creationTime = 1950 (elapsed = 0).
2026-07-04 16:17:19.048466+0000 0x1b629    Default     0x0                  42571  0    rayforge-app: (UIKitCore) [com.apple.UIKit:Application] Deactivation reason added: 5; deactivation reasons: 1024 -> 1056; animating application lifecycle event: 1
2026-07-04 16:17:19.049695+0000 0x1b629    Default     0x0                  42571  0    rayforge-app: (UIKitCore) [com.apple.UIKit:InterfaceStyle] Not push traits update to screen for new style 1, <UIWindowScene: 0x105808ff0> (DFD013F7-2759-4F75-8109-E1201E6F240F)
2026-07-04 16:17:19.049776+0000 0x1b629    Default     0x0                  42571  0    rayforge-app: (UIKitCore) [com.apple.UIKit:InterfaceStyle] Should send trait collection or coordinate space update, interface style 1 -> 1, <UIWindowScene: 0x105808ff0> (DFD013F7-2759-4F75-8109-E1201E6F240F)
2026-07-04 16:17:19.055230+0000 0x1b629    Default     0x0                  42571  0    rayforge-app: (UIKitCore) [com.apple.UIKit:InterfaceStyle] Not push traits update to screen for new style 1, <UIWindowScene: 0x105808ff0> (DFD013F7-2759-4F75-8109-E1201E6F240F)
2026-07-04 16:17:19.108211+0000 0x1b629    Default     0x0                  42571  0    rayforge-app: (UIKitCore) [com.apple.UIKit:HomeAffordanceObservation] Initializing: <_UIHomeAffordanceSceneNotifier: 0x600002912c30>; with scene: <UIWindowScene: 0x105808ff0>
2026-07-04 16:17:19.108542+0000 0x1b629    Default     0x0                  42571  0    rayforge-app: (BacklightServices) [com.apple.BacklightServices:scenes] 0x600000c14d20 setDelegate:<0x600000c0c750 _UIBacklightEnvironment> hasDelegate:YES for environment:sceneID:org.rayforge.app-default
2026-07-04 16:17:19.119396+0000 0x1b629    Default     0x0                  42571  0    rayforge-app: (UIKitCore) [com.apple.UIKit:InterfaceStyle] Not push traits update to screen for new style 1, <UIWindowScene: 0x105808ff0> (DFD013F7-2759-4F75-8109-E1201E6F240F)
2026-07-04 16:17:19.122201+0000 0x1b629    Default     0x0                  42571  1    rayforge-app: (UIKitCore) [com.apple.UIKit:EventDeferring] [0x60000290c150] Initialized with scene: <UIWindowScene: 0x105808ff0>; behavior: <_UIEventDeferringBehavior_iOS: 0x600000209e80>; availableForProcess: 1, systemShellManagesKeyboardFocus: 1
2026-07-04 16:17:19.124049+0000 0x1b629    Default     0x0                  42571  0    rayforge-app: (BoardServices) [com.apple.BoardServices:XPCErrors] [C:2] Alloc com.apple.backboard.hid-services.xpc
2026-07-04 16:17:19.124991+0000 0x1b629    Default     0x0                  42571  0    rayforge-app: (libxpc.dylib) [com.apple.xpc:connection] [0x1058093f0] activating connection: mach=false listener=false peer=false name=(anonymous)
2026-07-04 16:17:19.137760+0000 0x1b629    Default     0x0                  42571  0    rayforge-app: (BackBoardServices) [com.apple.BackBoard:EventDelivery] policyStatus:<BKSHIDEventDeliveryPolicyObserver: 0x600002610120; process scope; status: target> was:none
2026-07-04 16:17:19.138243+0000 0x1b629    Default     0x0                  42571  1    rayforge-app: (UIKitCore) [com.apple.UIKit:KeyWindow] Setting default evaluation strategy for UIUserInterfaceIdiomPad to LastOneWins
2026-07-04 16:17:19.138331+0000 0x1b629    Default     0x0                  42571  1    rayforge-app: (UIKitCore) [com.apple.UIKit:KeyWindow] Scene target of keyboard event deferring environment did change: 1; scene: UIWindowScene: 0x105808ff0; scene identity: com.apple.frontboard.systemappservices/FBSceneManager:sceneID%3Aorg.rayforge.app-default
2026-07-04 16:17:19.139128+0000 0x1b629    Default     0x0                  42571  0    rayforge-app: (UIKitCore) [com.apple.UIKit:UIFocus] Focus system enabled
2026-07-04 16:17:19.140742+0000 0x1b637    Default     0x0                  42571  0    rayforge-app: (BackBoardServices) [com.apple.BackBoard:EventDelivery] BKSHIDEventObserver - connection activation
2026-07-04 16:17:19.185803+0000 0x1b629    Default     0x0                  42571  0    rayforge-app: (UIKitCore) [com.apple.UIKit:UIFocus] Failed to update focus with context <UIFocusUpdateContext: 0x600003000480; previouslyFocusedItem: (nil); nextFocusedItem: (nil); focusHeading: None>. No additional info available.
2026-07-04 16:17:19.186330+0000 0x1b629    Default     0x0                  42571  0    rayforge-app: (UIKitCore) [com.apple.UIKit:InterfaceStyle] Not push traits update to screen for new style 1, <UIWindowScene: 0x105808ff0> (DFD013F7-2759-4F75-8109-E1201E6F240F)
2026-07-04 16:17:19.188003+0000 0x1b629    Default     0x0                  42571  1    rayforge-app: (UIKitCore) [com.apple.UIKit:EventDeferring] [0x60000290c150] Scene target of event deferring environments did update: scene: 0x105808ff0; current systemShellManagesKeyboardFocus: 1; systemShellManagesKeyboardFocusForScene: 1; eligibleForRecordRemoval: 1;
2026-07-04 16:17:19.188045+0000 0x1b629    Default     0x0                  42571  1    rayforge-app: (UIKitCore) [com.apple.UIKit:KeyWindow] Scene became target of keyboard event deferring environment: UIWindowScene: 0x105808ff0; scene identity: com.apple.frontboard.systemappservices/FBSceneManager:sceneID%3Aorg.rayforge.app-default
2026-07-04 16:17:19.188069+0000 0x1b629    Default     0x0                  42571  1    rayforge-app: (UIKitCore) [com.apple.UIKit:KeyWindow] Stack[KeyWindow] 0x600000c0b0c0: Taking no further action for migration from LastOneWins -> SystemShellManaged as there are no scenes
2026-07-04 16:17:19.188094+0000 0x1b629    Default     0x0                  42571  1    rayforge-app: (UIKitCore) [com.apple.UIKit:KeyWindow] Setting default evaluation strategy for UIUserInterfaceIdiomPad to SystemShellManaged
2026-07-04 16:17:19.188820+0000 0x1b629    Default     0x0                  42571  1    rayforge-app: (UIKitCore) [com.apple.UIKit:KeyWindow] Key window needs update: 0; currentKeyWindowScene: 0x0; evaluatedKeyWindowScene: 0x105808ff0; currentApplicationKeyWindow: 0x0; evaluatedApplicationKeyWindow: 0x0; reason: UIWindowScene: 0x105808ff0: Window scene became target of keyboard environment
2026-07-04 16:17:19.190451+0000 0x1b629    Default     0x0                  42571  0    rayforge-app: (UIKitCore) [com.apple.UIKit:InterfaceStyle] Not push traits update to screen for new style 1, <UIWindowScene: 0x105808ff0> (DFD013F7-2759-4F75-8109-E1201E6F240F)
2026-07-04 16:17:19.192586+0000 0x1b629    Default     0x0                  42571  0    rayforge-app: (UIKitCore) [com.apple.UIKit:InterfaceStyle] Not push traits update to screen for new style 1, <UIWindowScene: 0x105808ff0> (DFD013F7-2759-4F75-8109-E1201E6F240F)
2026-07-04 16:17:19.194113+0000 0x1b629    Fault       0x45612              42571  14   rayforge-app: (UIKitCore) [com.apple.runtime-issues:UIKit App Config] `UIScene` lifecycle will soon be required. Failure to adopt will result in an assert in the future.
2026-07-04 16:17:19.194114+0000 0x1b629    Activity    0x45612              42571  0    rayforge-app: (libsystem_trace.dylib) Activity for state dumps
2026-07-04 16:17:19.194395+0000 0x1b629    Default     0x0                  42571  0    rayforge-app: (UIKitCore) [com.apple.UIKit:InterfaceStyle] Not push traits update to screen for new style 1, <UIWindowScene: 0x105808ff0> (DFD013F7-2759-4F75-8109-E1201E6F240F)
2026-07-04 16:17:19.203004+0000 0x1b629    Default     0x0                  42571  0    rayforge-app: (UIKitCore) [com.apple.UIKit:AppLifecycle] sceneOfRecord: sceneID: sceneID:org.rayforge.app-default  persistentID: DFD013F7-2759-4F75-8109-E1201E6F240F
2026-07-04 16:17:19.203473+0000 0x1b629    Default     0x0                  42571  0    rayforge-app: (UIKitCore) [com.apple.UIKit:Application] Ignoring already applied deactivation reason: 5; deactivation reasons: 1056
2026-07-04 16:17:19.204526+0000 0x1b629    Default     0x0                  42571  0    rayforge-app: (UIKitCore) [com.apple.UIKit:Application] Deactivation reason added: 11; deactivation reasons: 1056 -> 3104; animating application lifecycle event: 1
2026-07-04 16:17:19.205575+0000 0x1b629    Default     0x0                  42571  0    rayforge-app: (UIKitCore) [com.apple.KeyboardArbiter:Client] startConnection
2026-07-04 16:17:19.206900+0000 0x1b629    Default     0x0                  42571  0    rayforge-app: (libxpc.dylib) [com.apple.xpc:connection] [0x105908f90] activating connection: mach=true listener=false peer=false name=com.apple.UIKit.KeyboardManagement.hosted
2026-07-04 16:17:19.235733+0000 0x1b647    Default     0x0                  42571  0    rayforge-app: (BoardServices) [com.apple.BoardServices:XPCErrors] [C:3] Alloc com.apple.PointerUI.pointeruid.service
2026-07-04 16:17:19.235860+0000 0x1b647    Default     0x0                  42571  0    rayforge-app: (libxpc.dylib) [com.apple.xpc:connection] [0x105907370] activating connection: mach=false listener=false peer=false name=(anonymous)
2026-07-04 16:17:19.282822+0000 0x1b629    Default     0x0                  42571  0    rayforge-app: (UIKitCore) [com.apple.UIKit:PointerLockState] preferredPointerLockStatus updated: scene: <UIWindowScene: 0x105808ff0; role: UIWindowSceneSessionRoleApplication; persistentIdentifier: DFD013F7-2759-4F75-8109-E1201E6F240F; activationState: UISceneActivationStateForegroundInactive>; viewController: <UIViewController: 0x10570d270>; preferredPointerLockStatus: _UIPointerLockStatusUnlocked
2026-07-04 16:17:19.283194+0000 0x1b629    Default     0x0                  42571  0    rayforge-app: (UIKitCore) [com.apple.UIKit:Orientation] <UIWindowScene: 0x105808ff0> (DFD013F7-2759-4F75-8109-E1201E6F240F) Scene updated orientation preferences: none -> ( Ll Lr )
2026-07-04 16:17:19.283383+0000 0x1b629    Default     0x0                  42571  1    rayforge-app: (UIKitCore) [com.apple.UIKit:KeyWindow] Key window API is scene-level: YES
2026-07-04 16:17:19.284005+0000 0x1b629    Default     0x0                  42571  1    rayforge-app: (UIKitCore) [com.apple.UIKit:KeyWindow] UIWindowScene: 0x105808ff0: Window became key in scene: UIWindow: 0x10580b490; contextId: 0x167E60DF: reason: UIWindowScene: 0x105808ff0: Window requested to become key in scene: 0x10580b490
2026-07-04 16:17:19.284122+0000 0x1b629    Default     0x0                  42571  1    rayforge-app: (UIKitCore) [com.apple.UIKit:KeyWindow] Key window needs update: 1; currentKeyWindowScene: 0x0; evaluatedKeyWindowScene: 0x105808ff0; currentApplicationKeyWindow: 0x0; evaluatedApplicationKeyWindow: 0x10580b490; reason: UIWindowScene: 0x105808ff0: Window requested to become key in scene: 0x10580b490
2026-07-04 16:17:19.284284+0000 0x1b629    Default     0x0                  42571  1    rayforge-app: (UIKitCore) [com.apple.UIKit:KeyWindow] Window did become application key: UIWindow: 0x10580b490; contextId: 0x167E60DF; scene identity: com.apple.frontboard.systemappservices/FBSceneManager:sceneID%3Aorg.rayforge.app-default
2026-07-04 16:17:19.284476+0000 0x1b629    Default     0x0                  42571  1    rayforge-app: (UIKitCore) [com.apple.UIKit:EventDeferring] [0x60000290c150] Begin local event deferring requested for token: 0x60000260cde0; environments: 1; reason: UIWindowScene: 0x105808ff0: Begin event deferring in keyboardFocus for window: 0x10580b490
2026-07-04 16:17:19.287524+0000 0x1b629    Default     0x0                  42571  0    rayforge-app: (UIKitCore) [com.apple.UIKit:KeyboardSceneDelegate] Reloading input views for key-window scene responder: <GdkIOSView: 0x105709ed0; frame = (0 0; 1376 1032); > force:N
2026-07-04 16:17:19.290865+0000 0x1b629    Default     0x0                  42571  0    rayforge-app: (UIKitCore) [com.apple.UIKit:KeyboardSceneDelegate] _reloadInputViewsForKeyWindowSceneResponder: 1 force: 0, fromBecomeFirstResponder: 1 (automaticKeyboard: 1, reloadIdentifier: D2793FE6-487B-41F6-A625-009F6283EA12)
2026-07-04 16:17:19.290960+0000 0x1b629    Default     0x0                  42571  0    rayforge-app: (UIKitCore) [com.apple.UIKit:KeyboardSceneDelegate] _inputViewsForResponder: <GdkIOSView: 0x105709ed0; frame = (0 0; 1376 1032); >, automaticKeyboard: 1, force: 0
2026-07-04 16:17:19.291055+0000 0x1b629    Default     0x0                  42571  0    rayforge-app: (UIKitCore) [com.apple.UIKit:KeyboardSceneDelegate] _inputViewsForResponder, found custom inputView: <(null): 0x0>, customInputViewController: <(null): 0x0>
2026-07-04 16:17:19.291080+0000 0x1b629    Default     0x0                  42571  0    rayforge-app: (UIKitCore) [com.apple.UIKit:KeyboardSceneDelegate] _inputViewsForResponder, found inputAccessoryView: <(null): 0x0>
2026-07-04 16:17:19.291121+0000 0x1b629    Default     0x0                  42571  0    rayforge-app: (UIKitCore) [com.apple.UIKit:KeyboardSceneDelegate] _inputViewsForResponder, responderRequiresKeyboard 0 (automaticKeyboardEnabled: 1, activeInstance: <(null): 0x0>, self.isOnScreen: 0, requiresKBWhenFirstResponder: 0)
2026-07-04 16:17:19.291139+0000 0x1b629    Default     0x0                  42571  0    rayforge-app: (UIKitCore) [com.apple.UIKit:KeyboardSceneDelegate] _inputViewsForResponder, useKeyboard 0 (allowsSystemInputView: 1, !inputView <(null): 0x0>, responderRequiresKeyboard 0)
2026-07-04 16:17:19.291675+0000 0x1b629    Default     0x0                  42571  0    rayforge-app: (UIKitCore) [com.apple.UIKit:KeyboardSceneDelegate] _inputViewsForResponder, configuring _responderWithoutAutomaticAppearanceEnabled: <(null): 0x0> (_automaticAppearEnabled: 1)
2026-07-04 16:17:19.291874+0000 0x1b629    Default     0x0                  42571  0    rayforge-app: (UIKitCore) [com.apple.UIKit:KeyboardSceneDelegate] _inputViewsForResponder, needsIVPlaceholder: 0, needsIAVPlaceholder: 0, needsInputSetWithPlaceholder: 0
+ test 1 = 1
+ grep -q 'RAYFORGE BOOT FAILED' app-console.log app-syslog.log
+ grep -q 'RAYFORGE UI RUNNING' app-console.log app-syslog.log
