getpwuid_r did not find a match for uid 501
Timestamp                       Thread     Type        Activity             PID    TTL  
2026-07-03 06:56:28.129990+0000 0xbf53     Default     0x0                  16697  0    rayforge-adwtest: (libxpc.dylib) [com.apple.xpc:connection] [0x100d04f50] activating connection: mach=true listener=false peer=false name=com.apple.cfprefsd.daemon
2026-07-03 06:56:28.131336+0000 0xbf53     Activity    0x3a600              16697  0    rayforge-adwtest: (CoreFoundation) Loading Preferences From User Session CFPrefsD
2026-07-03 06:56:28.133638+0000 0xbf52     Default     0x0                  16697  0    rayforge-adwtest: (UIKitCore) [com.apple.UIKit:BackgroundTask] Creating new assertion because there is no existing background assertion.
2026-07-03 06:56:28.133695+0000 0xbf52     Default     0x0                  16697  0    rayforge-adwtest: (UIKitCore) [com.apple.UIKit:BackgroundTask] Creating new background assertion
2026-07-03 06:56:28.133879+0000 0xbf52     Default     0x0                  16697  0    rayforge-adwtest: (UIKitCore) [com.apple.UIKit:BackgroundTask] Created new background assertion <BKSProcessAssertion: 0x600002106a80>
2026-07-03 06:56:28.133933+0000 0xbf52     Default     0x0                  16697  0    rayforge-adwtest: (RunningBoardServices) [com.apple.runningboard:connection] Initializing connection
2026-07-03 06:56:28.134009+0000 0xbf52     Default     0x0                  16697  0    rayforge-adwtest: (RunningBoardServices) [com.apple.runningboard:process] Removing all cached process handles
2026-07-03 06:56:28.134182+0000 0xbf53     Default     0x0                  16697  0    rayforge-adwtest: (RunningBoardServices) [com.apple.runningboard:connection] Sending handshake request attempt #1 to server
2026-07-03 06:56:28.134306+0000 0xbf52     Default     0x0                  16697  0    rayforge-adwtest: (RunningBoardServices) [com.apple.runningboard:connection] Creating connection to com.apple.runningboard
2026-07-03 06:56:28.134350+0000 0xbf52     Default     0x0                  16697  0    rayforge-adwtest: (libxpc.dylib) [com.apple.xpc:connection] [0x100f04080] activating connection: mach=true listener=false peer=false name=com.apple.runningboard
2026-07-03 06:56:28.134453+0000 0xbf46     Default     0x0                  16697  0    rayforge-adwtest: (libMobileGestalt.dylib) No persisted cache on this platform.
2026-07-03 06:56:28.135700+0000 0xbf55     Activity    0x3a601              16697  0    rayforge-adwtest: (RunningBoardServices) didChangeInheritances
2026-07-03 06:56:28.136580+0000 0xbf53     Default     0x0                  16697  0    rayforge-adwtest: (RunningBoardServices) [com.apple.runningboard:connection] Handshake succeeded
2026-07-03 06:56:28.136664+0000 0xbf54     Default     0x0                  16697  0    rayforge-adwtest: (BoardServices) [com.apple.BoardServices:XPCErrors] [C:1] Alloc com.apple.frontboard.systemappservices
2026-07-03 06:56:28.136768+0000 0xbf53     Default     0x0                  16697  0    rayforge-adwtest: (RunningBoardServices) [com.apple.runningboard:connection] Identity resolved as app<org.rayforge.adwtest((null))>
2026-07-03 06:56:28.137834+0000 0xbf52     Default     0x0                  16697  0    rayforge-adwtest: (UIKitCore) [com.apple.UIKit:BackgroundTask] Incrementing reference count for background assertion <BKSProcessAssertion: 0x600002106a80>
2026-07-03 06:56:28.138168+0000 0xbf52     Default     0x0                  16697  0    rayforge-adwtest: (UIKitCore) [com.apple.UIKit:BackgroundTask] Created background task <_UIBackgroundTaskInfo: 0x600001708680>: taskID = 1, taskName = Launch Background Task for Coalescing, creationTime = 624 (elapsed = 0).
2026-07-03 06:56:28.138471+0000 0xbf54     Default     0x0                  16697  0    rayforge-adwtest: (libxpc.dylib) [com.apple.xpc:connection] [0x100d05060] activating connection: mach=false listener=false peer=false name=(anonymous)
2026-07-03 06:56:28.138493+0000 0xbf52     Default     0x0                  16697  0    rayforge-adwtest: (FrontBoardServices) [com.apple.FrontBoard:SceneExtension] Realizing settings extension _UIApplicationSceneKeyboardSettings on FBSSceneSettings
2026-07-03 06:56:28.146723+0000 0xbf52     Default     0x0                  16697  0    rayforge-adwtest: (FrontBoardServices) [com.apple.FrontBoard:SceneExtension] Realizing settings extension <_UISceneOcclusionSettings> on FBSSceneSettings
2026-07-03 06:56:28.146723+0000 0xbf46     Default     0x0                  16697  0    rayforge-adwtest: (UIKitCore) [com.apple.UIKit:Application] Deactivation reason added: 10; deactivation reasons: 0 -> 1024; animating application lifecycle event: 0
2026-07-03 06:56:28.147122+0000 0xbf46     Default     0x0                  16697  0    rayforge-adwtest: (BoardServices) [com.apple.BoardServices:Injection] activating monitor for service com.apple.frontboard.open
2026-07-03 06:56:28.147271+0000 0xbf52     Default     0x0                  16697  0    rayforge-adwtest: (FrontBoardServices) [com.apple.FrontBoard:SceneExtension] Realizing settings extension <_UISceneInterfaceProtectionSettings> on FBSSceneSettings
2026-07-03 06:56:28.147332+0000 0xbf46     Default     0x0                  16697  0    rayforge-adwtest: (BoardServices) [com.apple.BoardServices:Injection] activating monitor for service com.apple.frontboard.workspace-service
2026-07-03 06:56:28.147406+0000 0xbf52     Default     0x0                  16697  0    rayforge-adwtest: (FrontBoardServices) [com.apple.FrontBoard:SceneExtension] Realizing settings extension _UISceneLayoutPreferencesHostSettingsExtension on FBSSceneSettings
2026-07-03 06:56:28.147497+0000 0xbf52     Default     0x0                  16697  0    rayforge-adwtest: (FrontBoardServices) [com.apple.FrontBoard:SceneExtension] Realizing settings extension _UISceneSafeAreaSettingsExtension on FBSSceneSettings
2026-07-03 06:56:28.147667+0000 0xbf46     Default     0x0                  16697  0    rayforge-adwtest: (FrontBoardServices) [com.apple.FrontBoard:Common] FBSWorkspace registering source: com.apple.frontboard.systemappservices
2026-07-03 06:56:28.148390+0000 0xbf52     Default     0x0                  16697  0    rayforge-adwtest: (FrontBoardServices) [com.apple.FrontBoard:SceneExtension] Realizing settings extension _UISceneLayoutPreferenceClientSettingsExtension on FBSSceneClientSettings
2026-07-03 06:56:28.148678+0000 0xbf52     Default     0x0                  16697  0    rayforge-adwtest: (FrontBoardServices) [com.apple.FrontBoard:SceneExtension] Realizing settings extension <_UIHomeAffordanceHostSceneSettings> on FBSSceneSettings
2026-07-03 06:56:28.148805+0000 0xbf52     Default     0x0                  16697  0    rayforge-adwtest: (FrontBoardServices) [com.apple.FrontBoard:SceneExtension] Realizing settings extension _UISystemShellSceneHostingEnvironmentSettings on FBSSceneSettings
2026-07-03 06:56:28.149066+0000 0xbf52     Default     0x0                  16697  0    rayforge-adwtest: (FrontBoardServices) [com.apple.FrontBoard:SceneExtension] Realizing settings extension _UISceneRenderingEnvironmentSettings on FBSSceneSettings
2026-07-03 06:56:28.149231+0000 0xbf52     Default     0x0                  16697  0    rayforge-adwtest: (FrontBoardServices) [com.apple.FrontBoard:SceneExtension] Realizing settings extension <_UISceneRenderingEnvironmentClientSettings> on FBSSceneClientSettings
2026-07-03 06:56:28.149306+0000 0xbf52     Default     0x0                  16697  0    rayforge-adwtest: (FrontBoardServices) [com.apple.FrontBoard:SceneExtension] Realizing settings extension <_UISceneTransitioningHostSettings> on FBSSceneSettings
2026-07-03 06:56:28.149479+0000 0xbf52     Default     0x0                  16697  0    rayforge-adwtest: (FrontBoardServices) [com.apple.FrontBoard:SceneExtension] Realizing settings extension <_UISceneFocusSystemSettings> on FBSSceneSettings
2026-07-03 06:56:28.149741+0000 0xbf52     Default     0x0                  16697  0    rayforge-adwtest: (FrontBoardServices) [com.apple.FrontBoard:SceneExtension] Realizing settings extension _UISceneOrientationSettingsExtension on FBSSceneSettings
2026-07-03 06:56:28.149826+0000 0xbf52     Default     0x0                  16697  0    rayforge-adwtest: (FrontBoardServices) [com.apple.FrontBoard:SceneExtension] Realizing settings extension _UISceneOrientationClientSettingsExtension on FBSSceneClientSettings
2026-07-03 06:56:28.150215+0000 0xbf52     Default     0x0                  16697  0    rayforge-adwtest: (FrontBoardServices) [com.apple.FrontBoard:SceneExtension] Realizing settings extension _UISceneWindowingControlClientSettings on FBSSceneClientSettings
2026-07-03 06:56:28.150268+0000 0xbf46     Default     0x0                  16697  0    rayforge-adwtest: (FrontBoardServices) [com.apple.FrontBoard:Common] FBSWorkspace connected to endpoint : <BSServiceConnectionEndpoint: 0x60000020b320; target: com.apple.frontboard.systemappservices; service: com.apple.frontboard.workspace-service>
2026-07-03 06:56:28.150377+0000 0xbf46     Default     0x0                  16697  0    rayforge-adwtest: (FrontBoardServices) [com.apple.FrontBoard:Common] <FBSWorkspaceScenesClient:0x600003008510 com.apple.frontboard.systemappservices> attempting immediate handshake from activate
2026-07-03 06:56:28.150447+0000 0xbf46     Default     0x0                  16697  0    rayforge-adwtest: (FrontBoardServices) [com.apple.FrontBoard:Common] <FBSWorkspaceScenesClient:0x600003008510 com.apple.frontboard.systemappservices> sent handshake
2026-07-03 06:56:28.150599+0000 0xbf46     Default     0x0                  16697  0    rayforge-adwtest: (RunningBoardServices) [com.apple.runningboard:general] Added observer for process assertions expiration warning: <_RBSExpirationWarningClient: 0x6000002071e0>
2026-07-03 06:56:28.151197+0000 0xbf52     Default     0x0                  16697  0    rayforge-adwtest: (FrontBoardServices) [com.apple.FrontBoard:SceneExtension] Realizing settings extension <_UISceneHostingContentSizePreferenceClientSettings> on FBSSceneClientSettings
2026-07-03 06:56:28.152476+0000 0xbf52     Default     0x0                  16697  0    rayforge-adwtest: (FrontBoardServices) [com.apple.FrontBoard:SceneExtension] Realizing settings extension _UISceneHostingTraitCollectionPropagationSettings on FBSSceneSettings
2026-07-03 06:56:28.155143+0000 0xbf52     Default     0x0                  16697  0    rayforge-adwtest: (FrontBoardServices) [com.apple.FrontBoard:SceneExtension] Realizing settings extension <_UISceneHostingSheetPresentationSettings> on FBSSceneSettings
2026-07-03 06:56:28.156902+0000 0xbf52     Default     0x0                  16697  0    rayforge-adwtest: (FrontBoardServices) [com.apple.FrontBoard:SceneExtension] Realizing settings extension <_UISceneHostingSheetPresentationClientSettings> on FBSSceneClientSettings
2026-07-03 06:56:28.157119+0000 0xbf46     Default     0x0                  16697  0    rayforge-adwtest: (UIKitCore) [com.apple.UIKit:UIScreen] Evaluated capturing state as 0 on <UIScreen: 0x100e0ab50> for initial
2026-07-03 06:56:28.157457+0000 0xbf46     Default     0x0                  16697  0    rayforge-adwtest: (UIKitCore) [com.apple.UIKit:UIScreen] Evaluated capturing state as 0 on <UIScreen: 0x100e0ab50> for CADisplay KVO
2026-07-03 06:56:28.157530+0000 0xbf52     Default     0x0                  16697  0    rayforge-adwtest: (FrontBoardServices) [com.apple.FrontBoard:SceneExtension] Realizing settings extension <_UISceneHostingEventDeferringSettings> on FBSSceneSettings
2026-07-03 06:56:28.159943+0000 0xbf46     Default     0x0                  16697  0    rayforge-adwtest: (libAccessibility.dylib) [com.apple.Accessibility:AXSupportCommon] Read CategoryName: per-app = 1, category name = (null)
2026-07-03 06:56:28.160205+0000 0xbf46     Default     0x0                  16697  0    rayforge-adwtest: (libAccessibility.dylib) [com.apple.Accessibility:AXSupportCommon] Read CategoryName: per-app = 0, category name = (null)
2026-07-03 06:56:28.160670+0000 0xbf52     Default     0x0                  16697  0    rayforge-adwtest: (FrontBoardServices) [com.apple.FrontBoard:SceneExtension] Realizing settings extension <UIKit__UITypedKeyValueSceneSettings> on FBSSceneSettings
2026-07-03 06:56:28.161340+0000 0xbf52     Default     0x0                  16697  0    rayforge-adwtest: (FrontBoardServices) [com.apple.FrontBoard:SceneExtension] Realizing settings extension <UIKit__UITypedKeyValueSceneSettings> on FBSSceneClientSettings
2026-07-03 06:56:28.161437+0000 0xbf52     Default     0x0                  16697  0    rayforge-adwtest: (FrontBoardServices) [com.apple.FrontBoard:SceneExtension] Realizing settings extension <_UISceneHostingViewControllerPreferencePropagationClientSettings> on FBSSceneClientSettings
2026-07-03 06:56:28.161942+0000 0xbf52     Default     0x0                  16697  0    rayforge-adwtest: (FrontBoardServices) [com.apple.FrontBoard:SceneExtension] Realizing settings extension <_UISceneZoomTransitionSettings> on FBSSceneSettings
2026-07-03 06:56:28.167532+0000 0xbf46     Default     0x0                  16697  0    rayforge-adwtest: (XCTTargetBootstrap) [com.apple.dt.xctest:Default] Registering for test daemon availability notify post.
2026-07-03 06:56:28.168253+0000 0xbf46     Default     0x0                  16697  0    rayforge-adwtest: (XCTTargetBootstrap) [com.apple.dt.xctest:Default] notify_get_state check indicated test daemon not ready.
2026-07-03 06:56:28.168665+0000 0xbf46     Default     0x0                  16697  0    rayforge-adwtest: (XCTTargetBootstrap) [com.apple.dt.xctest:Default] notify_get_state check indicated test daemon not ready.
2026-07-03 06:56:28.168898+0000 0xbf46     Default     0x0                  16697  0    rayforge-adwtest: (XCTTargetBootstrap) [com.apple.dt.xctest:Default] notify_get_state check indicated test daemon not ready.
2026-07-03 06:56:28.169749+0000 0xbf46     Default     0x0                  16697  0    rayforge-adwtest: (UIKitCore) [com.apple.UIKit:UpdateScheduler] Selected display: name=LCD (PurpleMain), id=1
2026-07-03 06:56:28.479523+0000 0xbf52     Activity    0x3a602              16697  0    rayforge-adwtest: (RunningBoardServices) didChangeInheritances
2026-07-03 06:56:28.485106+0000 0xbf53     Default     0x0                  16697  0    rayforge-adwtest: (FrontBoardServices) [com.apple.FrontBoard:SceneExtension] Realizing settings extension FBSSceneSettingsCore on FBSSceneSettings
2026-07-03 06:56:28.487638+0000 0xbf53     Default     0x0                  16697  0    rayforge-adwtest: (FrontBoardServices) [com.apple.FrontBoard:SceneExtension] Realizing settings extension FBSSceneClientSettingsCore on FBSSceneClientSettings
2026-07-03 06:56:28.496030+0000 0xbf53     Default     0x0                  16697  0    rayforge-adwtest: (FrontBoardServices) [com.apple.FrontBoard:SceneExtension] UIMutableApplicationSceneSettings setting counterpart class: UIApplicationSceneSettings
2026-07-03 06:56:28.496278+0000 0xbf53     Default     0x0                  16697  0    rayforge-adwtest: (FrontBoardServices) [com.apple.FrontBoard:SceneExtension] UIMutableApplicationSceneClientSettings setting counterpart class: UIApplicationSceneClientSettings
2026-07-03 06:56:28.496412+0000 0xbf53     Default     0x0                  16697  0    rayforge-adwtest: (FrontBoardServices) [com.apple.FrontBoard:SceneExtension] Realizing settings extension FBSSceneTransitionContextCore on FBSSceneTransitionContext
2026-07-03 06:56:28.501518+0000 0xbf46     Default     0x0                  16697  0    rayforge-adwtest: (UIKitCore) [com.apple.UIKit:BackgroundTask] Will add backgroundTask with taskName: Persistent SceneSession Map Update, expirationHandler: <__NSGlobalBlock__: 0x1e61729e0>
2026-07-03 06:56:28.501807+0000 0xbf46     Default     0x0                  16697  0    rayforge-adwtest: (UIKitCore) [com.apple.UIKit:BackgroundTask] Reusing background assertion <BKSProcessAssertion: 0x600002106a80>
2026-07-03 06:56:28.501856+0000 0xbf46     Default     0x0                  16697  0    rayforge-adwtest: (UIKitCore) [com.apple.UIKit:BackgroundTask] Incrementing reference count for background assertion <BKSProcessAssertion: 0x600002106a80>
2026-07-03 06:56:28.501891+0000 0xbf46     Default     0x0                  16697  0    rayforge-adwtest: (UIKitCore) [com.apple.UIKit:BackgroundTask] Created background task <_UIBackgroundTaskInfo: 0x600001715cc0>: taskID = 2, taskName = Persistent SceneSession Map Update, creationTime = 624 (elapsed = 0).
2026-07-03 06:56:28.502198+0000 0xbf46     Default     0x0                  16697  0    rayforge-adwtest: (UIKitCore) [com.apple.UIKit:Application] Deactivation reason added: 5; deactivation reasons: 1024 -> 1056; animating application lifecycle event: 1
2026-07-03 06:56:28.503144+0000 0xbf46     Default     0x0                  16697  0    rayforge-adwtest: (UIKitCore) [com.apple.UIKit:InterfaceStyle] Not push traits update to screen for new style 1, <UIWindowScene: 0x100f07db0> (CF1D2C38-03B1-41BA-B2B4-80EB083CCD7D)
2026-07-03 06:56:28.503441+0000 0xbf46     Default     0x0                  16697  0    rayforge-adwtest: (UIKitCore) [com.apple.UIKit:InterfaceStyle] Should send trait collection or coordinate space update, interface style 1 -> 1, <UIWindowScene: 0x100f07db0> (CF1D2C38-03B1-41BA-B2B4-80EB083CCD7D)
2026-07-03 06:56:28.504807+0000 0xbf46     Default     0x0                  16697  0    rayforge-adwtest: (UIKitCore) [com.apple.UIKit:InterfaceStyle] Not push traits update to screen for new style 1, <UIWindowScene: 0x100f07db0> (CF1D2C38-03B1-41BA-B2B4-80EB083CCD7D)
2026-07-03 06:56:28.505749+0000 0xbf46     Default     0x0                  16697  0    rayforge-adwtest: (UIKitCore) [com.apple.UIKit:HomeAffordanceObservation] Initializing: <_UIHomeAffordanceSceneNotifier: 0x60000290f9c0>; with scene: <UIWindowScene: 0x100f07db0>
2026-07-03 06:56:28.505838+0000 0xbf46     Default     0x0                  16697  0    rayforge-adwtest: (BacklightServices) [com.apple.BacklightServices:scenes] 0x600000c0c570 setDelegate:<0x600000c0d800 _UIBacklightEnvironment> hasDelegate:YES for environment:sceneID:org.rayforge.adwtest-default
2026-07-03 06:56:28.508609+0000 0xbf46     Default     0x0                  16697  0    rayforge-adwtest: (UIKitCore) [com.apple.UIKit:InterfaceStyle] Not push traits update to screen for new style 1, <UIWindowScene: 0x100f07db0> (CF1D2C38-03B1-41BA-B2B4-80EB083CCD7D)
2026-07-03 06:56:28.508889+0000 0xbf46     Default     0x0                  16697  1    rayforge-adwtest: (UIKitCore) [com.apple.UIKit:EventDeferring] [0x60000290c070] Initialized with scene: <UIWindowScene: 0x100f07db0>; behavior: <_UIEventDeferringBehavior_iOS: 0x6000002151c0>; availableForProcess: 1, systemShellManagesKeyboardFocus: 1
2026-07-03 06:56:28.509492+0000 0xbf46     Default     0x0                  16697  0    rayforge-adwtest: (BoardServices) [com.apple.BoardServices:XPCErrors] [C:2] Alloc com.apple.backboard.hid-services.xpc
2026-07-03 06:56:28.509554+0000 0xbf46     Default     0x0                  16697  0    rayforge-adwtest: (libxpc.dylib) [com.apple.xpc:connection] [0x100f097f0] activating connection: mach=false listener=false peer=false name=(anonymous)
2026-07-03 06:56:28.510642+0000 0xbf52     Default     0x0                  16697  0    rayforge-adwtest: (BackBoardServices) [com.apple.BackBoard:EventDelivery] BKSHIDEventObserver - connection activation
2026-07-03 06:56:28.510787+0000 0xbf46     Default     0x0                  16697  0    rayforge-adwtest: (BackBoardServices) [com.apple.BackBoard:EventDelivery] policyStatus:<BKSHIDEventDeliveryPolicyObserver: 0x60000260c060; process scope; status: none> was:none
2026-07-03 06:56:28.510841+0000 0xbf46     Default     0x0                  16697  1    rayforge-adwtest: (UIKitCore) [com.apple.UIKit:KeyWindow] Setting default evaluation strategy for UIUserInterfaceIdiomPad to LastOneWins
2026-07-03 06:56:28.511224+0000 0xbf46     Default     0x0                  16697  0    rayforge-adwtest: (UIKitCore) [com.apple.UIKit:InterfaceStyle] Not push traits update to screen for new style 1, <UIWindowScene: 0x100f07db0> (CF1D2C38-03B1-41BA-B2B4-80EB083CCD7D)
2026-07-03 06:56:28.511919+0000 0xbf46     Default     0x0                  16697  0    rayforge-adwtest: (UIKitCore) [com.apple.UIKit:InterfaceStyle] Not push traits update to screen for new style 1, <UIWindowScene: 0x100f07db0> (CF1D2C38-03B1-41BA-B2B4-80EB083CCD7D)
2026-07-03 06:56:28.514390+0000 0xbf46     Fault       0x3a603              16697  14   rayforge-adwtest: (UIKitCore) [com.apple.runtime-issues:UIKit App Config] `UIScene` lifecycle will soon be required. Failure to adopt will result in an assert in the future.
2026-07-03 06:56:28.514392+0000 0xbf46     Activity    0x3a603              16697  0    rayforge-adwtest: (libsystem_trace.dylib) Activity for state dumps
2026-07-03 06:56:28.515075+0000 0xbf46     Default     0x0                  16697  0    rayforge-adwtest: (UIKitCore) [com.apple.UIKit:InterfaceStyle] Not push traits update to screen for new style 1, <UIWindowScene: 0x100f07db0> (CF1D2C38-03B1-41BA-B2B4-80EB083CCD7D)
2026-07-03 06:56:28.523451+0000 0xbf46     Default     0x0                  16697  0    rayforge-adwtest: (UIKitCore) [com.apple.UIKit:AppLifecycle] sceneOfRecord: sceneID: sceneID:org.rayforge.adwtest-default  persistentID: CF1D2C38-03B1-41BA-B2B4-80EB083CCD7D
2026-07-03 06:56:28.524221+0000 0xbf46     Default     0x0                  16697  0    rayforge-adwtest: (UIKitCore) [com.apple.UIKit:Application] Ignoring already applied deactivation reason: 5; deactivation reasons: 1056
2026-07-03 06:56:28.524312+0000 0xbf46     Default     0x0                  16697  0    rayforge-adwtest: (UIKitCore) [com.apple.UIKit:Application] Deactivation reason added: 11; deactivation reasons: 1056 -> 3104; animating application lifecycle event: 1
2026-07-03 06:56:28.524434+0000 0xbf46     Default     0x0                  16697  0    rayforge-adwtest: (UIKitCore) [com.apple.KeyboardArbiter:Client] startConnection
2026-07-03 06:56:28.524946+0000 0xbf46     Default     0x0                  16697  0    rayforge-adwtest: (libxpc.dylib) [com.apple.xpc:connection] [0x100e070c0] activating connection: mach=true listener=false peer=false name=com.apple.UIKit.KeyboardManagement.hosted
2026-07-03 06:56:28.533223+0000 0xbf55     Default     0x0                  16697  0    rayforge-adwtest: (BoardServices) [com.apple.BoardServices:XPCErrors] [C:3] Alloc com.apple.PointerUI.pointeruid.service
2026-07-03 06:56:28.533287+0000 0xbf55     Default     0x0                  16697  0    rayforge-adwtest: (libxpc.dylib) [com.apple.xpc:connection] [0x100e046d0] activating connection: mach=false listener=false peer=false name=(anonymous)
2026-07-03 06:56:28.550712+0000 0xbf46     Default     0x0                  16697  0    rayforge-adwtest: (UIKitCore) [com.apple.UIKit:PointerLockState] preferredPointerLockStatus updated: scene: <UIWindowScene: 0x100f07db0; role: UIWindowSceneSessionRoleApplication; persistentIdentifier: CF1D2C38-03B1-41BA-B2B4-80EB083CCD7D; activationState: UISceneActivationStateForegroundInactive>; viewController: <UIViewController: 0x100d0ba20>; preferredPointerLockStatus: _UIPointerLockStatusUnlocked
2026-07-03 06:56:28.551007+0000 0xbf46     Default     0x0                  16697  0    rayforge-adwtest: (UIKitCore) [com.apple.UIKit:Orientation] <UIWindowScene: 0x100f07db0> (CF1D2C38-03B1-41BA-B2B4-80EB083CCD7D) Scene updated orientation preferences: none -> ( Pu Ll Lr Pd )
2026-07-03 06:56:28.551520+0000 0xbf46     Default     0x0                  16697  1    rayforge-adwtest: (UIKitCore) [com.apple.UIKit:KeyWindow] Key window API is scene-level: YES
2026-07-03 06:56:28.551558+0000 0xbf46     Default     0x0                  16697  1    rayforge-adwtest: (UIKitCore) [com.apple.UIKit:KeyWindow] UIWindowScene: 0x100f07db0: Window became key in scene: UIWindow: 0x100d09ab0; contextId: 0xFD07CF09: reason: UIWindowScene: 0x100f07db0: Window requested to become key in scene: 0x100d09ab0
2026-07-03 06:56:28.552172+0000 0xbf46     Default     0x0                  16697  1    rayforge-adwtest: (UIKitCore) [com.apple.UIKit:KeyWindow] Key window needs update: 1; currentKeyWindowScene: 0x0; evaluatedKeyWindowScene: 0x100f07db0; currentApplicationKeyWindow: 0x0; evaluatedApplicationKeyWindow: 0x100d09ab0; reason: UIWindowScene: 0x100f07db0: Window requested to become key in scene: 0x100d09ab0
2026-07-03 06:56:28.552401+0000 0xbf46     Default     0x0                  16697  1    rayforge-adwtest: (UIKitCore) [com.apple.UIKit:KeyWindow] Window did become application key: UIWindow: 0x100d09ab0; contextId: 0xFD07CF09; scene identity: com.apple.frontboard.systemappservices/FBSceneManager:sceneID%3Aorg.rayforge.adwtest-default
2026-07-03 06:56:28.552633+0000 0xbf46     Default     0x0                  16697  1    rayforge-adwtest: (UIKitCore) [com.apple.UIKit:EventDeferring] [0x60000290c070] Begin local event deferring requested for token: 0x600002609ce0; environments: 1; reason: UIWindowScene: 0x100f07db0: Begin event deferring in keyboardFocus for window: 0x100d09ab0
2026-07-03 06:56:28.554870+0000 0xbf5b     Default     0x0                  16697  0    rayforge-adwtest: (BackBoardServices) [com.apple.BackBoard:EventDelivery] BKSHIDEventDeliveryManager - connection activation
2026-07-03 06:56:28.555213+0000 0xbf46     Default     0x0                  16697  0    rayforge-adwtest: (UIKitCore) [com.apple.UIKit:KeyboardSceneDelegate] Reloading input views for key-window scene responder: <GdkIOSView: 0x100d0c1c0; frame = (0 0; 834 1210); > force:N
2026-07-03 06:56:28.556573+0000 0xbf46     Default     0x0                  16697  0    rayforge-adwtest: (UIKitCore) [com.apple.UIKit:KeyboardSceneDelegate] _reloadInputViewsForKeyWindowSceneResponder: 1 force: 0, fromBecomeFirstResponder: 1 (automaticKeyboard: 1, reloadIdentifier: 2DCEC731-A147-4327-ADC1-C0FE159F3BB2)
2026-07-03 06:56:28.556641+0000 0xbf46     Default     0x0                  16697  0    rayforge-adwtest: (UIKitCore) [com.apple.UIKit:KeyboardSceneDelegate] _inputViewsForResponder: <GdkIOSView: 0x100d0c1c0; frame = (0 0; 834 1210); >, automaticKeyboard: 1, force: 0
2026-07-03 06:56:28.556741+0000 0xbf46     Default     0x0                  16697  0    rayforge-adwtest: (UIKitCore) [com.apple.UIKit:KeyboardSceneDelegate] _inputViewsForResponder, found custom inputView: <(null): 0x0>, customInputViewController: <(null): 0x0>
2026-07-03 06:56:28.556778+0000 0xbf46     Default     0x0                  16697  0    rayforge-adwtest: (UIKitCore) [com.apple.UIKit:KeyboardSceneDelegate] _inputViewsForResponder, found inputAccessoryView: <(null): 0x0>
2026-07-03 06:56:28.557482+0000 0xbf46     Default     0x0                  16697  0    rayforge-adwtest: (UIKitCore) [com.apple.UIKit:KeyboardSceneDelegate] _inputViewsForResponder, responderRequiresKeyboard 0 (automaticKeyboardEnabled: 1, activeInstance: <(null): 0x0>, self.isOnScreen: 0, requiresKBWhenFirstResponder: 0)
2026-07-03 06:56:28.557653+0000 0xbf46     Default     0x0                  16697  0    rayforge-adwtest: (UIKitCore) [com.apple.UIKit:KeyboardSceneDelegate] _inputViewsForResponder, useKeyboard 0 (allowsSystemInputView: 1, !inputView <(null): 0x0>, responderRequiresKeyboard 0)
2026-07-03 06:56:28.557895+0000 0xbf46     Default     0x0                  16697  0    rayforge-adwtest: (UIKitCore) [com.apple.UIKit:KeyboardSceneDelegate] _inputViewsForResponder, configuring _responderWithoutAutomaticAppearanceEnabled: <(null): 0x0> (_automaticAppearEnabled: 1)
2026-07-03 06:56:28.558010+0000 0xbf46     Default     0x0                  16697  0    rayforge-adwtest: (UIKitCore) [com.apple.UIKit:KeyboardSceneDelegate] _inputViewsForResponder, needsIVPlaceholder: 0, needsIAVPlaceholder: 0, needsInputSetWithPlaceholder: 0
2026-07-03 06:56:28.558108+0000 0xbf46     Default     0x0                  16697  0    rayforge-adwtest: (UIKitCore) [com.apple.UIKit:KeyboardSceneDelegate] _inputViewsForResponder returning: <<UIInputViewSet: 0x600003708480>; (empty)>
2026-07-03 06:56:28.560244+0000 0xbf46     Default     0x0                  16697  0    rayforge-adwtest: (UIKitCore) [com.apple.UIKit:Application] Deactivation reason removed: 10; deactivation reasons: 3104 -> 2080; animating application lifecycle event: 1
2026-07-03 06:56:28.561717+0000 0xbf46     Default     0x0                  16697  0    rayforge-adwtest: (UIKitCore) [com.apple.UIKit:Application] Deactivation reason added: 12; deactivation reasons: 2080 -> 6176; animating application lifecycle event: 1
2026-07-03 06:56:28.561771+0000 0xbf46     Default     0x0                  16697  0    rayforge-adwtest: (UIKitCore) [com.apple.UIKit:Application] Deactivation reason removed: 11; deactivation reasons: 6176 -> 4128; animating application lifecycle event: 1
2026-07-03 06:56:28.564115+0000 0xbf46     Default     0x0                  16697  0    rayforge-adwtest: (FrontBoardServices) [com.apple.FrontBoard:SceneExtension] Realizing settings extension <_UISceneIntelligenceSupportSettings> on FBSSceneSettings
2026-07-03 06:56:28.569720+0000 0xbf5b     Default     0x0                  16697  0    rayforge-adwtest: (UIIntelligenceSupport) [com.apple.UIIntelligenceSupport:xpc] establishing connection to agent
2026-07-03 06:56:28.570267+0000 0xbf46     Default     0x0                  16697  0    rayforge-adwtest: (UIKitCore) [com.apple.UIKit:InterfaceStyle] Not push traits update to screen for new style 1, <UIWindowScene: 0x100f07db0> (CF1D2C38-03B1-41BA-B2B4-80EB083CCD7D)
2026-07-03 06:56:28.571172+0000 0xbf5b     Default     0x0                  16697  0    rayforge-adwtest: (libxpc.dylib) [com.apple.xpc:session] [0x600002105f90] Session created.
2026-07-03 06:56:28.571193+0000 0xbf5b     Default     0x0                  16697  0    rayforge-adwtest: (libxpc.dylib) [com.apple.xpc:session] [0x600002105f90] Session created from connection [0x100e115e0]
2026-07-03 06:56:28.571745+0000 0xbf5b     Default     0x0                  16697  0    rayforge-adwtest: (libxpc.dylib) [com.apple.xpc:connection] [0x100e115e0] activating connection: mach=true listener=false peer=false name=com.apple.uiintelligencesupport.agent
2026-07-03 06:56:28.573824+0000 0xbf5b     Default     0x0                  16697  0    rayforge-adwtest: (libxpc.dylib) [com.apple.xpc:session] [0x600002105f90] Session activated
2026-07-03 06:56:28.575620+0000 0xbf46     Default     0x0                  16697  0    rayforge-adwtest: (libxpc.dylib) [com.apple.xpc:connection] [0x100f05e50] activating connection: mach=true listener=false peer=false name=com.apple.lsd.mapdb
2026-07-03 06:56:28.596277+0000 0xbf46     Default     0x0                  16697  0    rayforge-adwtest: (Network) [com.apple.network:activity] Create activity from XPC object <nw_activity 50:1 [09D5DDC2-D4D6-457A-9B02-C8609E183B06] (reporting strategy default)>
2026-07-03 06:56:28.596346+0000 0xbf46     Default     0x0                  16697  0    rayforge-adwtest: (Network) [com.apple.network:activity] Create activity from XPC object <nw_activity 50:2 [DA7D13A2-1926-4D52-9474-4A31F574D1A3] (reporting strategy default)>
2026-07-03 06:56:28.596362+0000 0xbf5b     Default     0x0                  16697  0    rayforge-adwtest: (CoreAnalytics) [com.apple.CoreAnalytics:client] No XPC connection in Simulator
2026-07-03 06:56:28.596458+0000 0xbf46     Default     0x0                  16697  0    rayforge-adwtest: (Network) [com.apple.network:activity] Set activity <nw_activity 50:1 [09D5DDC2-D4D6-457A-9B02-C8609E183B06] (reporting strategy default)> as the global parent
2026-07-03 06:56:28.596585+0000 0xbf5b     Error       0x0                  16697  0    rayforge-adwtest: (libapp_launch_measurement.dylib) [com.apple.app_launch_measurement:General] Failed to send CA Event for app launch measurements for ca_event_type: 0 event_name: com.apple.app_launch_measurement.FirstFramePresentationMetric
2026-07-03 06:56:28.596692+0000 0xbf46     Default     0x0                  16697  0    rayforge-adwtest: (UIKitCore) [com.apple.UIKit:BackgroundTask] Ending background task with UIBackgroundTaskIdentifier: 1
2026-07-03 06:56:28.596938+0000 0xbf46     Default     0x0                  16697  0    rayforge-adwtest: (UIKitCore) [com.apple.UIKit:BackgroundTask] Ending task with identifier 1 and description: <_UIBackgroundTaskInfo: 0x600001708680>: taskID = 1, taskName = Launch Background Task for Coalescing, creationTime = 624 (elapsed = 0), _expireHandler: (null)
2026-07-03 06:56:28.597040+0000 0xbf46     Default     0x0                  16697  0    rayforge-adwtest: (UIKitCore) [com.apple.UIKit:BackgroundTask] Decrementing reference count for assertion <BKSProcessAssertion: 0x600002106a80> (used by background task with identifier 1: <_UIBackgroundTaskInfo: 0x600001708680>: taskID = 1, taskName = Launch Background Task for Coalescing, creationTime = 624 (elapsed = 0))
2026-07-03 06:56:29.051243+0000 0xbf53     Default     0x0                  16697  0    rayforge-adwtest: (UIKitCore) [com.apple.UIKit:BackgroundTask] Ending background task with UIBackgroundTaskIdentifier: 2
2026-07-03 06:56:29.051464+0000 0xbf53     Default     0x0                  16697  0    rayforge-adwtest: (UIKitCore) [com.apple.UIKit:BackgroundTask] Ending task with identifier 2 and description: <_UIBackgroundTaskInfo: 0x600001715cc0>: taskID = 2, taskName = Persistent SceneSession Map Update, creationTime = 624 (elapsed = 1), _expireHandler: <__NSGlobalBlock__: 0x1e61729e0>
2026-07-03 06:56:29.051646+0000 0xbf53     Default     0x0                  16697  0    rayforge-adwtest: (UIKitCore) [com.apple.UIKit:BackgroundTask] Decrementing reference count for assertion <BKSProcessAssertion: 0x600002106a80> (used by background task with identifier 2: <_UIBackgroundTaskInfo: 0x600001715cc0>: taskID = 2, taskName = Persistent SceneSession Map Update, creationTime = 624 (elapsed = 1))
2026-07-03 06:56:29.051745+0000 0xbf53     Default     0x0                  16697  0    rayforge-adwtest: (UIKitCore) [com.apple.UIKit:BackgroundTask] Will invalidate assertion: <BKSProcessAssertion: 0x600002106a80> for task identifier: 2
2026-07-03 06:56:29.140439+0000 0xbf53     Activity    0x3a604              16697  0    rayforge-adwtest: (RunningBoardServices) didChangeInheritances
2026-07-03 06:56:29.159501+0000 0xbf53     Activity    0x3a605              16697  0    rayforge-adwtest: (RunningBoardServices) didChangeInheritances
2026-07-03 06:56:29.220670+0000 0xbf53     Default     0x0                  16697  0    rayforge-adwtest: (BackBoardServices) [com.apple.BackBoard:EventDelivery] policyStatus:<BKSHIDEventDeliveryPolicyObserver: 0x60000260c060; token: com.apple.frontboard.systemappservices/FBSceneManager:sceneID%3Aorg.rayforge.adwtest-default; status: ancestor> was:none
2026-07-03 06:56:29.742746+0000 0xbf53     Activity    0x3a606              16697  0    rayforge-adwtest: (RunningBoardServices) didChangeInheritances
2026-07-03 06:56:32.537766+0000 0xbf46     Default     0x0                  16697  0    rayforge-adwtest: (UIKitCore) [com.apple.UIKit:EventBus] Event Timing Profile for Touch: not found, path="/System/Library/EventTimingProfiles/Sim.Touch.plist"
2026-07-03 06:56:32.538009+0000 0xbf46     Default     0x0                  16697  0    rayforge-adwtest: (UIKitCore) [com.apple.UIKit:EventBus] Event Timing Profile for Pencil: not found, path="/System/Library/EventTimingProfiles/Sim.Pencil.plist"
2026-07-03 06:56:32.538509+0000 0xbf46     Default     0x0                  16697  0    rayforge-adwtest: (UIKitCore) [com.apple.UIKit:UpdateScheduler] Target list changed: <CADisplay:LCD PurpleMain>
2026-07-03 06:56:32.539595+0000 0xbf46     Default     0x0                  16697  0    rayforge-adwtest: (UIKitCore) [com.apple.KeyboardArbiter:Client] startConnection
2026-07-03 06:56:32.540414+0000 0xbf46     Default     0x0                  16697  0    rayforge-adwtest: (libAccessibility.dylib) [com.apple.Accessibility:AXCommon] Read Per-App on Init: Smart invert = (null)
2026-07-03 06:56:32.540591+0000 0xbf46     Default     0x0                  16697  1    rayforge-adwtest: (UIKitCore) [com.apple.UIKit:KeyWindow] Scene target of keyboard event deferring environment did change: 1; scene: UIWindowScene: 0x100f07db0; scene identity: com.apple.frontboard.systemappservices/FBSceneManager:sceneID%3Aorg.rayforge.adwtest-default
2026-07-03 06:56:32.540823+0000 0xbf46     Default     0x0                  16697  0    rayforge-adwtest: (UIKitCore) [com.apple.UIKit:UIFocus] Focus system enabled
2026-07-03 06:56:32.542910+0000 0xbf46     Default     0x0                  16697  0    rayforge-adwtest: (UIKitCore) [com.apple.UIKit:UIFocus] Failed to update focus with context <UIFocusUpdateContext: 0x6000030022e0; previouslyFocusedItem: (nil); nextFocusedItem: (nil); focusHeading: None>. No additional info available.
2026-07-03 06:56:32.546060+0000 0xbf46     Default     0x0                  16697  0    rayforge-adwtest: (UIKitCore) [com.apple.UIKit:InterfaceStyle] Not push traits update to screen for new style 1, <UIWindowScene: 0x100f07db0> (CF1D2C38-03B1-41BA-B2B4-80EB083CCD7D)
2026-07-03 06:56:32.547526+0000 0xbf46     Default     0x0                  16697  1    rayforge-adwtest: (UIKitCore) [com.apple.UIKit:EventDeferring] [0x60000290c070] Scene target of event deferring environments did update: scene: 0x100f07db0; current systemShellManagesKeyboardFocus: 1; systemShellManagesKeyboardFocusForScene: 1; eligibleForRecordRemoval: 1;
2026-07-03 06:56:32.548459+0000 0xbf46     Default     0x0                  16697  1    rayforge-adwtest: (UIKitCore) [com.apple.UIKit:KeyWindow] Scene became target of keyboard event deferring environment: UIWindowScene: 0x100f07db0; scene identity: com.apple.frontboard.systemappservices/FBSceneManager:sceneID%3Aorg.rayforge.adwtest-default
2026-07-03 06:56:32.548821+0000 0xbf46     Default     0x0                  16697  1    rayforge-adwtest: (UIKitCore) [com.apple.UIKit:KeyWindow] Stack[KeyWindow] 0x600000c07570: Migrate scenes from LastOneWins -> SystemShellManaged
2026-07-03 06:56:32.549019+0000 0xbf46     Default     0x0                  16697  1    rayforge-adwtest: (UIKitCore) [com.apple.UIKit:KeyWindow] Setting default evaluation strategy for UIUserInterfaceIdiomPad to SystemShellManaged
2026-07-03 06:56:32.552411+0000 0xbf46     Default     0x0                  16697  0    rayforge-adwtest: (UIKitCore) [com.apple.KeyboardArbiter:Client] handleKeyboardChange: set currentKeyboard:N (wasKeyboard:N)
2026-07-03 06:56:32.556491+0000 0xbf46     Default     0x0                  16697  0    rayforge-adwtest: (UIKitCore) [com.apple.UIKit:KeyboardArbiterClientLog] isWritingToolsHandlingKeyboardTracking:Y (WT ready:Y, Arbiter ready:Y)
2026-07-03 06:56:32.558365+0000 0xbf46     Default     0x0                  16697  0    rayforge-adwtest: (UIKitCore) [com.apple.UIKit:AppLifecycle] sceneOfRecord: sceneID: sceneID:org.rayforge.adwtest-default  persistentID: CF1D2C38-03B1-41BA-B2B4-80EB083CCD7D
2026-07-03 06:56:32.559847+0000 0xbf46     Default     0x0                  16697  0    rayforge-adwtest: (UIKitCore) [com.apple.UIKit:InterfaceStyle] Not push traits update to screen for new style 1, <UIWindowScene: 0x100f07db0> (CF1D2C38-03B1-41BA-B2B4-80EB083CCD7D)
2026-07-03 06:56:32.562728+0000 0xbf46     Default     0x0                  16697  0    rayforge-adwtest: (UIKitCore) [com.apple.UIKit:InterfaceStyle] Not push traits update to screen for new style 1, <UIWindowScene: 0x100f07db0> (CF1D2C38-03B1-41BA-B2B4-80EB083CCD7D)
2026-07-03 06:56:32.563650+0000 0xbf46     Default     0x0                  16697  0    rayforge-adwtest: (UIKitCore) [com.apple.UIKit:AppLifecycle] sceneOfRecord: sceneID: sceneID:org.rayforge.adwtest-default  persistentID: CF1D2C38-03B1-41BA-B2B4-80EB083CCD7D
2026-07-03 06:56:32.564017+0000 0xbf46     Default     0x0                  16697  0    rayforge-adwtest: (UIKitCore) [com.apple.UIKit:Application] Deactivation reason removed: 12; deactivation reasons: 4128 -> 32; animating application lifecycle event: 1
2026-07-03 06:56:32.564224+0000 0xbf46     Default     0x0                  16697  0    rayforge-adwtest: (UIKitCore) [com.apple.KeyboardArbiter:Client] Send setDeactivating: N (-DeactivationReason:SuspendedEventsOnly)
2026-07-03 06:56:32.564840+0000 0xbf46     Default     0x0                  16697  0    rayforge-adwtest: (UIKitCore) [com.apple.UIKit:Application] Deactivation reason removed: 5; deactivation reasons: 32 -> 0; animating application lifecycle event: 0
2026-07-03 06:56:32.860088+0000 0xbf46     Default     0x0                  16697  0    rayforge-adwtest: (Network) [com.apple.network:activity] <nw_activity 50:1 [09D5DDC2-D4D6-457A-9B02-C8609E183B06] (global parent) (reporting strategy default) complete (reason success)> complete with reason 2 (success), duration 5180ms
2026-07-03 06:56:32.860149+0000 0xbf46     Default     0x0                  16697  0    rayforge-adwtest: (Network) [com.apple.network:activity] <nw_activity 50:2 [DA7D13A2-1926-4D52-9474-4A31F574D1A3] (reporting strategy default) complete (reason success)> complete with reason 2 (success), duration 5180ms
2026-07-03 06:56:32.860164+0000 0xbf46     Default     0x0                  16697  0    rayforge-adwtest: (Network) [com.apple.network:activity] Unsetting the global parent activity <nw_activity 50:1 [09D5DDC2-D4D6-457A-9B02-C8609E183B06] (global parent) (reporting strategy default) complete (reason success)>
2026-07-03 06:56:32.860174+0000 0xbf46     Default     0x0                  16697  0    rayforge-adwtest: (Network) [com.apple.network:activity] Unset the global parent activity
2026-07-03 06:56:32.860308+0000 0xbf53     Error       0x0                  16697  0    rayforge-adwtest: (libapp_launch_measurement.dylib) [com.apple.app_launch_measurement:General] Failed to send CA Event for app launch measurements for ca_event_type: 1 event_name: com.apple.app_launch_measurement.ExtendedLaunchMetrics
2026-07-03 06:56:36.497413+0000 0xbf57     Activity    0x3a607              16697  0    rayforge-adwtest: (RunningBoardServices) didChangeInheritances
