Gdk-Message: 07:16:53.639: gdk-ios: bundle resources at /Users/runner/Library/Developer/CoreSimulator/Devices/738CD88E-3319-4B5A-99D7-957012A40B25/data/Containers/Bundle/Application/F3B0CA45-B2FF-4DB0-8D77-B85CC2C5FA5C/RayforgeApp.app
Gdk-Message: 07:16:53.813: gdk-ios: shell ready window=1376x1032 view=1376x1032 scale=2.00
Gdk-Message: 07:16:53.892: gdk-ios: entering user main
** Message: 07:16:53.893: GI_TYPELIB_PATH: /Users/runner/Library/Developer/CoreSimulator/Devices/738CD88E-3319-4B5A-99D7-957012A40B25/data/Containers/Bundle/Application/F3B0CA45-B2FF-4DB0-8D77-B85CC2C5FA5C/RayforgeApp.app/lib/girepository-1.0
** Message: 07:16:53.893: python home: /Users/runner/Library/Developer/CoreSimulator/Devices/738CD88E-3319-4B5A-99D7-957012A40B25/data/Containers/Bundle/Application/F3B0CA45-B2FF-4DB0-8D77-B85CC2C5FA5C/RayforgeApp.app/python
** Message: 07:16:53.893: site-packages: /Users/runner/Library/Developer/CoreSimulator/Devices/738CD88E-3319-4B5A-99D7-957012A40B25/data/Containers/Bundle/Application/F3B0CA45-B2FF-4DB0-8D77-B85CC2C5FA5C/RayforgeApp.app/python/lib/python3.13/site-packages
IOSBOOT: ios_main.main() start
IOSBOOT: import rayforge.app
IOSBOOT: rayforge.app.main()
2026-07-05 07:16:55,076 - root - INFO - Logging configured. Console level: INFO
2026-07-05 07:16:55,076 - root - INFO - Session log file: /Users/runner/Library/Developer/CoreSimulator/Devices/738CD88E-3319-4B5A-99D7-957012A40B25/data/Containers/Data/Application/9C0FF603-4E7B-4B57-9A30-05F01E3617B0/.local/state/rayforge/log/session-2026-07-05_07-16-55.log
2026-07-05 07:16:55,076 - rayforge.app - INFO - Application starting with log level INFO
2026-07-05 07:16:55,076 - rayforge.app - INFO - PyCairo version: 1.29.0
2026-07-05 07:16:56,755 - rayforge.image.svg.svg_fallback - WARNING - pyvips svgload_buffer not available. Using Cairo/Rsvg fallback for SVG rendering.
2026-07-05 07:16:57,749 - rayforge.ui_gtk.sim3d - ERROR - Failed to import Canvas3D. The 3D canvas will not be available.
Traceback (most recent call last):
  File "/Users/runner/Library/Developer/CoreSimulator/Devices/738CD88E-3319-4B5A-99D7-957012A40B25/data/Containers/Bundle/Application/F3B0CA45-B2FF-4DB0-8D77-B85CC2C5FA5C/RayforgeApp.app/python/lib/python3.13/site-packages/OpenGL/platform/glx.py", line 46, in GLX
    lib = ctypesloader.loadLibrary(
        ctypes.cdll, name, mode=ctypes.RTLD_GLOBAL
    )
  File "/Users/runner/Library/Developer/CoreSimulator/Devices/738CD88E-3319-4B5A-99D7-957012A40B25/data/Containers/Bundle/Application/F3B0CA45-B2FF-4DB0-8D77-B85CC2C5FA5C/RayforgeApp.app/python/lib/python3.13/site-packages/OpenGL/platform/ctypesloader.py", line 36, in loadLibrary
    return _loadLibraryWindows(dllType, name, mode)
  File "/Users/runner/Library/Developer/CoreSimulator/Devices/738CD88E-3319-4B5A-99D7-957012A40B25/data/Containers/Bundle/Application/F3B0CA45-B2FF-4DB0-8D77-B85CC2C5FA5C/RayforgeApp.app/python/lib/python3.13/site-packages/OpenGL/platform/ctypesloader.py", line 89, in _loadLibraryWindows
    return dllType( name, mode )
  File "/Users/runner/Library/Developer/CoreSimulator/Devices/738CD88E-3319-4B5A-99D7-957012A40B25/data/Containers/Bundle/Application/F3B0CA45-B2FF-4DB0-8D77-B85CC2C5FA5C/RayforgeApp.app/python/lib/python3.13/ctypes/__init__.py", line 361, in __init__
    self._handle = self._load_library(name, mode, handle, winmode)
                   ~~~~~~~~~~~~~~~~~~^^^^^^^^^^^^^^^^^^^^^^^^^^^^^
  File "/Users/runner/Library/Developer/CoreSimulator/Devices/738CD88E-3319-4B5A-99D7-957012A40B25/data/Containers/Bundle/Application/F3B0CA45-B2FF-4DB0-8D77-B85CC2C5FA5C/RayforgeApp.app/python/lib/python3.13/ctypes/__init__.py", line 403, in _load_library
    return _dlopen(name, mode)
OSError: ("dlopen(GLX, 0x000A): tried: '/Library/Developer/CoreSimulator/Volumes/iOS_23C54/Library/Developer/CoreSimulator/Profiles/Runtimes/iOS 26.2.simruntime/Contents/Resources/RuntimeRootGLX' (no such file), '/Users/runner/Library/Developer/CoreSimulator/Devices/738CD88E-3319-4B5A-99D7-957012A40B25/data/Containers/Bundle/Application/F3B0CA45-B2FF-4DB0-8D77-B85CC2C5FA5C/RayforgeApp.app/Frameworks/GLX' (no such file), '/usr/lib/GLX' (no such file, not in dyld cache), 'GLX' (no such file), '/Library/Developer/CoreSimulator/Volumes/iOS_23C54/Library/Developer/CoreSimulator/Profiles/Runtimes/iOS 26.2.simruntime/Contents/Resources/RuntimeRoot/usr/lib/GLX' (no such file)", 'GLX', None)

During handling of the above exception, another exception occurred:

Traceback (most recent call last):
  File "/Users/runner/Library/Developer/CoreSimulator/Devices/738CD88E-3319-4B5A-99D7-957012A40B25/data/Containers/Bundle/Application/F3B0CA45-B2FF-4DB0-8D77-B85CC2C5FA5C/RayforgeApp.app/python/lib/python3.13/site-packages/rayforge/ui_gtk/sim3d/__init__.py", line 94, in <module>
    from .canvas3d import Canvas3D  # type: ignore
    ^^^^^^^^^^^^^^^^^^^^^^^^^^^^^^
  File "/Users/runner/Library/Developer/CoreSimulator/Devices/738CD88E-3319-4B5A-99D7-957012A40B25/data/Containers/Bundle/Application/F3B0CA45-B2FF-4DB0-8D77-B85CC2C5FA5C/RayforgeApp.app/python/lib/python3.13/site-packages/rayforge/ui_gtk/sim3d/canvas3d.py", line 8, in <module>
    from OpenGL import GL
  File "/Users/runner/Library/Developer/CoreSimulator/Devices/738CD88E-3319-4B5A-99D7-957012A40B25/data/Containers/Bundle/Application/F3B0CA45-B2FF-4DB0-8D77-B85CC2C5FA5C/RayforgeApp.app/python/lib/python3.13/site-packages/OpenGL/GL/__init__.py", line 3, in <module>
    from OpenGL import error as _error
  File "/Users/runner/Library/Developer/CoreSimulator/Devices/738CD88E-3319-4B5A-99D7-957012A40B25/data/Containers/Bundle/Application/F3B0CA45-B2FF-4DB0-8D77-B85CC2C5FA5C/RayforgeApp.app/python/lib/python3.13/site-packages/OpenGL/error.py", line 12, in <module>
    from OpenGL import platform, _configflags
  File "/Users/runner/Library/Developer/CoreSimulator/Devices/738CD88E-3319-4B5A-99D7-957012A40B25/data/Containers/Bundle/Application/F3B0CA45-B2FF-4DB0-8D77-B85CC2C5FA5C/RayforgeApp.app/python/lib/python3.13/site-packages/OpenGL/platform/__init__.py", line 59, in <module>
    _load()
    ~~~~~^^
  File "/Users/runner/Library/Developer/CoreSimulator/Devices/738CD88E-3319-4B5A-99D7-957012A40B25/data/Containers/Bundle/Application/F3B0CA45-B2FF-4DB0-8D77-B85CC2C5FA5C/RayforgeApp.app/python/lib/python3.13/site-packages/OpenGL/platform/__init__.py", line 55, in _load
    plugin.install(globals())
    ~~~~~~~~~~~~~~^^^^^^^^^^^
  File "/Users/runner/Library/Developer/CoreSimulator/Devices/738CD88E-3319-4B5A-99D7-957012A40B25/data/Containers/Bundle/Application/F3B0CA45-B2FF-4DB0-8D77-B85CC2C5FA5C/RayforgeApp.app/python/lib/python3.13/site-packages/OpenGL/platform/baseplatform.py", line 108, in install
    namespace[name] = getattr(self, name, None)
                      ~~~~~~~^^^^^^^^^^^^^^^^^^
  File "/Users/runner/Library/Developer/CoreSimulator/Devices/738CD88E-3319-4B5A-99D7-957012A40B25/data/Containers/Bundle/Application/F3B0CA45-B2FF-4DB0-8D77-B85CC2C5FA5C/RayforgeApp.app/python/lib/python3.13/site-packages/OpenGL/platform/baseplatform.py", line 19, in __get__
    value = self.fget(obj)
  File "/Users/runner/Library/Developer/CoreSimulator/Devices/738CD88E-3319-4B5A-99D7-957012A40B25/data/Containers/Bundle/Application/F3B0CA45-B2FF-4DB0-8D77-B85CC2C5FA5C/RayforgeApp.app/python/lib/python3.13/site-packages/OpenGL/platform/glx.py", line 104, in GetCurrentContext
    glXGetCurrentContext = self.GLX.glXGetCurrentContext
                           ^^^^^^^^
  File "/Users/runner/Library/Developer/CoreSimulator/Devices/738CD88E-3319-4B5A-99D7-957012A40B25/data/Containers/Bundle/Application/F3B0CA45-B2FF-4DB0-8D77-B85CC2C5FA5C/RayforgeApp.app/python/lib/python3.13/site-packages/OpenGL/platform/baseplatform.py", line 19, in __get__
    value = self.fget(obj)
  File "/Users/runner/Library/Developer/CoreSimulator/Devices/738CD88E-3319-4B5A-99D7-957012A40B25/data/Containers/Bundle/Application/F3B0CA45-B2FF-4DB0-8D77-B85CC2C5FA5C/RayforgeApp.app/python/lib/python3.13/site-packages/OpenGL/platform/glx.py", line 52, in GLX
    return self.GL
           ^^^^^^^
  File "/Users/runner/Library/Developer/CoreSimulator/Devices/738CD88E-3319-4B5A-99D7-957012A40B25/data/Containers/Bundle/Application/F3B0CA45-B2FF-4DB0-8D77-B85CC2C5FA5C/RayforgeApp.app/python/lib/python3.13/site-packages/OpenGL/platform/baseplatform.py", line 19, in __get__
    value = self.fget(obj)
  File "/Users/runner/Library/Developer/CoreSimulator/Devices/738CD88E-3319-4B5A-99D7-957012A40B25/data/Containers/Bundle/Application/F3B0CA45-B2FF-4DB0-8D77-B85CC2C5FA5C/RayforgeApp.app/python/lib/python3.13/site-packages/OpenGL/platform/glx.py", line 24, in GL
    raise ImportError("Unable to load OpenGL or GL library")
ImportError: Unable to load OpenGL or GL library
2026-07-05 07:16:57,945 - rayforge.addon_mgr.addon_manager - INFO - Scanning for addons in /Users/runner/Library/Developer/CoreSimulator/Devices/738CD88E-3319-4B5A-99D7-957012A40B25/data/Containers/Bundle/Application/F3B0CA45-B2FF-4DB0-8D77-B85CC2C5FA5C/RayforgeApp.app/python/lib/python3.13/site-packages/rayforge/builtin_addons...
2026-07-05 07:16:57,949 - rayforge.addon_mgr.addon_manager - INFO - Loaded addon: core_materials (builtin)
2026-07-05 07:16:58,465 - rayforge.addon_mgr.lazy_loader - WARNING - Manifest not ready, giving up
2026-07-05 07:16:58,984 - rayforge.addon_mgr.lazy_loader - WARNING - Manifest not ready, giving up
2026-07-05 07:16:59,523 - rayforge.addon_mgr.lazy_loader - WARNING - Manifest not ready, giving up
2026-07-05 07:17:00,046 - rayforge.addon_mgr.lazy_loader - WARNING - Manifest not ready, giving up
2026-07-05 07:17:00,568 - rayforge.addon_mgr.lazy_loader - WARNING - Manifest not ready, giving up
2026-07-05 07:17:01,086 - rayforge.addon_mgr.lazy_loader - WARNING - Manifest not ready, giving up
2026-07-05 07:17:01,605 - rayforge.addon_mgr.lazy_loader - WARNING - Manifest not ready, giving up
2026-07-05 07:17:02,122 - rayforge.addon_mgr.lazy_loader - WARNING - Manifest not ready, giving up
2026-07-05 07:17:02,644 - rayforge.addon_mgr.lazy_loader - WARNING - Manifest not ready, giving up
2026-07-05 07:17:03,166 - rayforge.addon_mgr.lazy_loader - WARNING - Manifest not ready, giving up
2026-07-05 07:17:03,685 - rayforge.addon_mgr.lazy_loader - WARNING - Manifest not ready, giving up
2026-07-05 07:17:04,208 - rayforge.addon_mgr.lazy_loader - WARNING - Manifest not ready, giving up
2026-07-05 07:17:04,727 - rayforge.addon_mgr.lazy_loader - WARNING - Manifest not ready, giving up
2026-07-05 07:17:05,246 - rayforge.addon_mgr.lazy_loader - WARNING - Manifest not ready, giving up
2026-07-05 07:17:05,780 - rayforge.addon_mgr.lazy_loader - WARNING - Manifest not ready, giving up
2026-07-05 07:17:06,304 - rayforge.addon_mgr.lazy_loader - WARNING - Manifest not ready, giving up
2026-07-05 07:17:06,825 - rayforge.addon_mgr.lazy_loader - WARNING - Manifest not ready, giving up
2026-07-05 07:17:07,343 - rayforge.addon_mgr.lazy_loader - WARNING - Manifest not ready, giving up
2026-07-05 07:17:07,864 - rayforge.addon_mgr.lazy_loader - WARNING - Manifest not ready, giving up
2026-07-05 07:17:08,385 - rayforge.addon_mgr.lazy_loader - WARNING - Manifest not ready, giving up
2026-07-05 07:17:08,906 - rayforge.addon_mgr.lazy_loader - WARNING - Manifest not ready, giving up
2026-07-05 07:17:09,423 - rayforge.addon_mgr.lazy_loader - WARNING - Manifest not ready, giving up
2026-07-05 07:17:09,940 - rayforge.addon_mgr.lazy_loader - WARNING - Manifest not ready, giving up
2026-07-05 07:17:10,457 - rayforge.addon_mgr.lazy_loader - WARNING - Manifest not ready, giving up
2026-07-05 07:17:10,975 - rayforge.addon_mgr.lazy_loader - WARNING - Manifest not ready, giving up
2026-07-05 07:17:11,492 - rayforge.addon_mgr.lazy_loader - WARNING - Manifest not ready, giving up
2026-07-05 07:17:12,007 - rayforge.addon_mgr.lazy_loader - WARNING - Manifest not ready, giving up
2026-07-05 07:17:12,529 - rayforge.addon_mgr.lazy_loader - WARNING - Manifest not ready, giving up
2026-07-05 07:17:13,051 - rayforge.addon_mgr.lazy_loader - WARNING - Manifest not ready, giving up
2026-07-05 07:17:13,569 - rayforge.addon_mgr.lazy_loader - WARNING - Manifest not ready, giving up
2026-07-05 07:17:14,089 - rayforge.addon_mgr.lazy_loader - WARNING - Manifest not ready, giving up
2026-07-05 07:17:14,614 - rayforge.addon_mgr.lazy_loader - WARNING - Manifest not ready, giving up
2026-07-05 07:17:15,133 - rayforge.addon_mgr.lazy_loader - WARNING - Manifest not ready, giving up
2026-07-05 07:17:15,652 - rayforge.addon_mgr.lazy_loader - WARNING - Manifest not ready, giving up
2026-07-05 07:17:15,671 - rayforge.addon_mgr.addon_manager - INFO - Loaded addon: sketcher (builtin)
2026-07-05 07:17:16,200 - rayforge.addon_mgr.lazy_loader - WARNING - Manifest not ready, giving up
2026-07-05 07:17:16,719 - rayforge.addon_mgr.lazy_loader - WARNING - Manifest not ready, giving up
2026-07-05 07:17:17,240 - rayforge.addon_mgr.lazy_loader - WARNING - Manifest not ready, giving up
2026-07-05 07:17:17,763 - rayforge.addon_mgr.lazy_loader - WARNING - Manifest not ready, giving up
2026-07-05 07:17:18,282 - rayforge.addon_mgr.lazy_loader - WARNING - Manifest not ready, giving up
2026-07-05 07:17:18,809 - rayforge.addon_mgr.lazy_loader - WARNING - Manifest not ready, giving up
2026-07-05 07:17:19,341 - rayforge.addon_mgr.lazy_loader - WARNING - Manifest not ready, giving up
2026-07-05 07:17:19,863 - rayforge.addon_mgr.lazy_loader - WARNING - Manifest not ready, giving up
2026-07-05 07:17:20,385 - rayforge.addon_mgr.lazy_loader - WARNING - Manifest not ready, giving up
2026-07-05 07:17:20,904 - rayforge.addon_mgr.lazy_loader - WARNING - Manifest not ready, giving up
2026-07-05 07:17:21,425 - rayforge.addon_mgr.lazy_loader - WARNING - Manifest not ready, giving up
2026-07-05 07:17:21,943 - rayforge.addon_mgr.lazy_loader - WARNING - Manifest not ready, giving up
2026-07-05 07:17:22,464 - rayforge.addon_mgr.lazy_loader - WARNING - Manifest not ready, giving up
2026-07-05 07:17:22,983 - rayforge.addon_mgr.lazy_loader - WARNING - Manifest not ready, giving up
2026-07-05 07:17:23,505 - rayforge.addon_mgr.lazy_loader - WARNING - Manifest not ready, giving up
2026-07-05 07:17:24,022 - rayforge.addon_mgr.lazy_loader - WARNING - Manifest not ready, giving up
2026-07-05 07:17:24,542 - rayforge.addon_mgr.lazy_loader - WARNING - Manifest not ready, giving up
2026-07-05 07:17:25,059 - rayforge.addon_mgr.lazy_loader - WARNING - Manifest not ready, giving up
2026-07-05 07:17:25,624 - rayforge.addon_mgr.lazy_loader - WARNING - Manifest not ready, giving up
2026-07-05 07:17:26,154 - rayforge.addon_mgr.lazy_loader - WARNING - Manifest not ready, giving up
2026-07-05 07:17:26,675 - rayforge.addon_mgr.lazy_loader - WARNING - Manifest not ready, giving up
2026-07-05 07:17:27,197 - rayforge.addon_mgr.lazy_loader - WARNING - Manifest not ready, giving up
2026-07-05 07:17:27,723 - rayforge.addon_mgr.lazy_loader - WARNING - Manifest not ready, giving up
2026-07-05 07:17:27,726 - rayforge.addon_mgr.addon_manager - INFO - Loaded addon: laser_essentials (builtin)
2026-07-05 07:17:27,730 - rayforge.addon_mgr.addon_manager - INFO - Loaded addon: print_and_cut (builtin)
2026-07-05 07:17:28,248 - rayforge.addon_mgr.lazy_loader - WARNING - Manifest not ready, giving up
2026-07-05 07:17:28,766 - rayforge.addon_mgr.lazy_loader - WARNING - Manifest not ready, giving up
2026-07-05 07:17:29,284 - rayforge.addon_mgr.lazy_loader - WARNING - Manifest not ready, giving up
2026-07-05 07:17:29,799 - rayforge.addon_mgr.lazy_loader - WARNING - Manifest not ready, giving up
2026-07-05 07:17:30,316 - rayforge.addon_mgr.lazy_loader - WARNING - Manifest not ready, giving up
2026-07-05 07:17:30,836 - rayforge.addon_mgr.lazy_loader - WARNING - Manifest not ready, giving up
2026-07-05 07:17:31,351 - rayforge.addon_mgr.lazy_loader - WARNING - Manifest not ready, giving up
2026-07-05 07:17:31,873 - rayforge.addon_mgr.lazy_loader - WARNING - Manifest not ready, giving up
2026-07-05 07:17:32,392 - rayforge.addon_mgr.lazy_loader - WARNING - Manifest not ready, giving up
2026-07-05 07:17:32,912 - rayforge.addon_mgr.lazy_loader - WARNING - Manifest not ready, giving up
2026-07-05 07:17:33,431 - rayforge.addon_mgr.lazy_loader - WARNING - Manifest not ready, giving up
2026-07-05 07:17:33,953 - rayforge.addon_mgr.lazy_loader - WARNING - Manifest not ready, giving up
2026-07-05 07:17:34,473 - rayforge.addon_mgr.lazy_loader - WARNING - Manifest not ready, giving up
2026-07-05 07:17:34,994 - rayforge.addon_mgr.lazy_loader - WARNING - Manifest not ready, giving up
2026-07-05 07:17:35,515 - rayforge.addon_mgr.lazy_loader - WARNING - Manifest not ready, giving up
2026-07-05 07:17:36,035 - rayforge.addon_mgr.lazy_loader - WARNING - Manifest not ready, giving up
2026-07-05 07:17:36,557 - rayforge.addon_mgr.lazy_loader - WARNING - Manifest not ready, giving up
2026-07-05 07:17:36,560 - rayforge.addon_mgr.addon_manager - INFO - Loaded addon: post_processors (builtin)
2026-07-05 07:17:37,085 - rayforge.addon_mgr.lazy_loader - WARNING - Manifest not ready, giving up
2026-07-05 07:17:37,606 - rayforge.addon_mgr.lazy_loader - WARNING - Manifest not ready, giving up
2026-07-05 07:17:38,136 - rayforge.addon_mgr.lazy_loader - WARNING - Manifest not ready, giving up
2026-07-05 07:17:38,656 - rayforge.addon_mgr.lazy_loader - WARNING - Manifest not ready, giving up
2026-07-05 07:17:38,669 - rayforge.addon_mgr.addon_manager - INFO - Loaded addon: ai_workpiece_generator (builtin)
2026-07-05 07:17:39,214 - rayforge.addon_mgr.lazy_loader - WARNING - Manifest not ready, giving up
2026-07-05 07:17:39,735 - rayforge.addon_mgr.lazy_loader - WARNING - Manifest not ready, giving up
2026-07-05 07:17:40,249 - rayforge.addon_mgr.lazy_loader - WARNING - Manifest not ready, giving up
2026-07-05 07:17:40,768 - rayforge.addon_mgr.lazy_loader - WARNING - Manifest not ready, giving up
2026-07-05 07:17:41,306 - rayforge.addon_mgr.lazy_loader - WARNING - Manifest not ready, giving up
2026-07-05 07:17:41,822 - rayforge.addon_mgr.lazy_loader - WARNING - Manifest not ready, giving up
2026-07-05 07:17:42,409 - rayforge.addon_mgr.lazy_loader - WARNING - Manifest not ready, giving up
2026-07-05 07:17:42,923 - rayforge.addon_mgr.lazy_loader - WARNING - Manifest not ready, giving up
2026-07-05 07:17:43,443 - rayforge.addon_mgr.lazy_loader - WARNING - Manifest not ready, giving up
2026-07-05 07:17:43,961 - rayforge.addon_mgr.lazy_loader - WARNING - Manifest not ready, giving up
2026-07-05 07:17:44,481 - rayforge.addon_mgr.lazy_loader - WARNING - Manifest not ready, giving up
2026-07-05 07:17:44,994 - rayforge.addon_mgr.lazy_loader - WARNING - Manifest not ready, giving up
2026-07-05 07:17:45,513 - rayforge.addon_mgr.lazy_loader - WARNING - Manifest not ready, giving up
2026-07-05 07:17:46,033 - rayforge.addon_mgr.lazy_loader - WARNING - Manifest not ready, giving up
2026-07-05 07:17:46,555 - rayforge.addon_mgr.lazy_loader - WARNING - Manifest not ready, giving up
2026-07-05 07:17:47,080 - rayforge.addon_mgr.lazy_loader - WARNING - Manifest not ready, giving up
2026-07-05 07:17:47,596 - rayforge.addon_mgr.lazy_loader - WARNING - Manifest not ready, giving up
2026-07-05 07:17:48,117 - rayforge.addon_mgr.lazy_loader - WARNING - Manifest not ready, giving up
2026-07-05 07:17:48,636 - rayforge.addon_mgr.lazy_loader - WARNING - Manifest not ready, giving up
2026-07-05 07:17:49,157 - rayforge.addon_mgr.lazy_loader - WARNING - Manifest not ready, giving up
2026-07-05 07:17:49,674 - rayforge.addon_mgr.lazy_loader - WARNING - Manifest not ready, giving up
2026-07-05 07:17:50,196 - rayforge.addon_mgr.lazy_loader - WARNING - Manifest not ready, giving up
2026-07-05 07:17:50,715 - rayforge.addon_mgr.lazy_loader - WARNING - Manifest not ready, giving up
2026-07-05 07:17:51,244 - rayforge.addon_mgr.lazy_loader - WARNING - Manifest not ready, giving up
2026-07-05 07:17:51,763 - rayforge.addon_mgr.lazy_loader - WARNING - Manifest not ready, giving up
2026-07-05 07:17:52,286 - rayforge.addon_mgr.lazy_loader - WARNING - Manifest not ready, giving up
2026-07-05 07:17:52,806 - rayforge.addon_mgr.lazy_loader - WARNING - Manifest not ready, giving up
2026-07-05 07:17:53,325 - rayforge.addon_mgr.lazy_loader - WARNING - Manifest not ready, giving up
2026-07-05 07:17:53,845 - rayforge.addon_mgr.lazy_loader - WARNING - Manifest not ready, giving up
2026-07-05 07:17:54,370 - rayforge.addon_mgr.lazy_loader - WARNING - Manifest not ready, giving up
2026-07-05 07:17:54,896 - rayforge.addon_mgr.lazy_loader - WARNING - Manifest not ready, giving up
2026-07-05 07:17:55,416 - rayforge.addon_mgr.lazy_loader - WARNING - Manifest not ready, giving up
2026-07-05 07:17:55,937 - rayforge.addon_mgr.lazy_loader - WARNING - Manifest not ready, giving up
2026-07-05 07:17:56,456 - rayforge.addon_mgr.lazy_loader - WARNING - Manifest not ready, giving up
2026-07-05 07:17:56,976 - rayforge.addon_mgr.lazy_loader - WARNING - Manifest not ready, giving up
2026-07-05 07:17:57,495 - rayforge.addon_mgr.lazy_loader - WARNING - Manifest not ready, giving up
2026-07-05 07:17:58,013 - rayforge.addon_mgr.lazy_loader - WARNING - Manifest not ready, giving up
2026-07-05 07:17:58,532 - rayforge.addon_mgr.lazy_loader - WARNING - Manifest not ready, giving up
2026-07-05 07:17:59,051 - rayforge.addon_mgr.lazy_loader - WARNING - Manifest not ready, giving up
2026-07-05 07:17:59,570 - rayforge.addon_mgr.lazy_loader - WARNING - Manifest not ready, giving up
2026-07-05 07:18:00,090 - rayforge.addon_mgr.lazy_loader - WARNING - Manifest not ready, giving up
2026-07-05 07:18:00,613 - rayforge.addon_mgr.lazy_loader - WARNING - Manifest not ready, giving up
2026-07-05 07:18:01,133 - rayforge.addon_mgr.lazy_loader - WARNING - Manifest not ready, giving up
2026-07-05 07:18:01,653 - rayforge.addon_mgr.lazy_loader - WARNING - Manifest not ready, giving up
2026-07-05 07:18:02,172 - rayforge.addon_mgr.lazy_loader - WARNING - Manifest not ready, giving up
2026-07-05 07:18:02,695 - rayforge.addon_mgr.lazy_loader - WARNING - Manifest not ready, giving up
2026-07-05 07:18:03,223 - rayforge.addon_mgr.lazy_loader - WARNING - Manifest not ready, giving up
2026-07-05 07:18:03,747 - rayforge.addon_mgr.lazy_loader - WARNING - Manifest not ready, giving up
2026-07-05 07:18:04,271 - rayforge.addon_mgr.lazy_loader - WARNING - Manifest not ready, giving up
2026-07-05 07:18:04,793 - rayforge.addon_mgr.lazy_loader - WARNING - Manifest not ready, giving up
2026-07-05 07:18:05,310 - rayforge.addon_mgr.lazy_loader - WARNING - Manifest not ready, giving up
2026-07-05 07:18:05,832 - rayforge.addon_mgr.lazy_loader - WARNING - Manifest not ready, giving up
2026-07-05 07:18:06,357 - rayforge.addon_mgr.lazy_loader - WARNING - Manifest not ready, giving up
2026-07-05 07:18:06,879 - rayforge.addon_mgr.lazy_loader - WARNING - Manifest not ready, giving up
2026-07-05 07:18:07,400 - rayforge.addon_mgr.lazy_loader - WARNING - Manifest not ready, giving up
2026-07-05 07:18:07,923 - rayforge.addon_mgr.lazy_loader - WARNING - Manifest not ready, giving up
2026-07-05 07:18:08,446 - rayforge.addon_mgr.lazy_loader - WARNING - Manifest not ready, giving up
2026-07-05 07:18:08,970 - rayforge.addon_mgr.lazy_loader - WARNING - Manifest not ready, giving up
2026-07-05 07:18:09,494 - rayforge.addon_mgr.lazy_loader - WARNING - Manifest not ready, giving up
2026-07-05 07:18:10,011 - rayforge.addon_mgr.lazy_loader - WARNING - Manifest not ready, giving up
2026-07-05 07:18:10,527 - rayforge.addon_mgr.lazy_loader - WARNING - Manifest not ready, giving up
2026-07-05 07:18:11,042 - rayforge.addon_mgr.lazy_loader - WARNING - Manifest not ready, giving up
2026-07-05 07:18:11,562 - rayforge.addon_mgr.lazy_loader - WARNING - Manifest not ready, giving up
2026-07-05 07:18:12,077 - rayforge.addon_mgr.lazy_loader - WARNING - Manifest not ready, giving up
2026-07-05 07:18:12,597 - rayforge.addon_mgr.lazy_loader - WARNING - Manifest not ready, giving up
2026-07-05 07:18:13,114 - rayforge.addon_mgr.lazy_loader - WARNING - Manifest not ready, giving up
2026-07-05 07:18:13,629 - rayforge.addon_mgr.lazy_loader - WARNING - Manifest not ready, giving up
2026-07-05 07:18:14,143 - rayforge.addon_mgr.lazy_loader - WARNING - Manifest not ready, giving up
2026-07-05 07:18:14,661 - rayforge.addon_mgr.lazy_loader - WARNING - Manifest not ready, giving up
2026-07-05 07:18:15,178 - rayforge.addon_mgr.lazy_loader - WARNING - Manifest not ready, giving up
2026-07-05 07:18:15,700 - rayforge.addon_mgr.lazy_loader - WARNING - Manifest not ready, giving up
2026-07-05 07:18:16,222 - rayforge.addon_mgr.lazy_loader - WARNING - Manifest not ready, giving up
2026-07-05 07:18:16,747 - rayforge.addon_mgr.lazy_loader - WARNING - Manifest not ready, giving up
2026-07-05 07:18:17,269 - rayforge.addon_mgr.lazy_loader - WARNING - Manifest not ready, giving up
2026-07-05 07:18:17,792 - rayforge.addon_mgr.lazy_loader - WARNING - Manifest not ready, giving up
2026-07-05 07:18:18,313 - rayforge.addon_mgr.lazy_loader - WARNING - Manifest not ready, giving up
2026-07-05 07:18:18,837 - rayforge.addon_mgr.lazy_loader - WARNING - Manifest not ready, giving up
2026-07-05 07:18:19,361 - rayforge.addon_mgr.lazy_loader - WARNING - Manifest not ready, giving up
2026-07-05 07:18:19,888 - rayforge.addon_mgr.lazy_loader - WARNING - Manifest not ready, giving up
2026-07-05 07:18:20,406 - rayforge.addon_mgr.lazy_loader - WARNING - Manifest not ready, giving up
2026-07-05 07:18:20,924 - rayforge.addon_mgr.lazy_loader - WARNING - Manifest not ready, giving up
2026-07-05 07:18:21,441 - rayforge.addon_mgr.lazy_loader - WARNING - Manifest not ready, giving up
2026-07-05 07:18:21,963 - rayforge.addon_mgr.lazy_loader - WARNING - Manifest not ready, giving up
2026-07-05 07:18:22,484 - rayforge.addon_mgr.lazy_loader - WARNING - Manifest not ready, giving up
2026-07-05 07:18:23,006 - rayforge.addon_mgr.lazy_loader - WARNING - Manifest not ready, giving up
2026-07-05 07:18:23,012 - rayforge.context - INFO - Addons loaded (headless=False)
IOSBOOT: _ios_run: register()
IOSBOOT: _ios_run: activate()
Traceback (most recent call last):
  File "/Users/runner/Library/Developer/CoreSimulator/Devices/738CD88E-3319-4B5A-99D7-957012A40B25/data/Containers/Bundle/Application/F3B0CA45-B2FF-4DB0-8D77-B85CC2C5FA5C/RayforgeApp.app/python/lib/python3.13/site-packages/OpenGL/platform/glx.py", line 46, in GLX
    lib = ctypesloader.loadLibrary(
        ctypes.cdll, name, mode=ctypes.RTLD_GLOBAL
    )
  File "/Users/runner/Library/Developer/CoreSimulator/Devices/738CD88E-3319-4B5A-99D7-957012A40B25/data/Containers/Bundle/Application/F3B0CA45-B2FF-4DB0-8D77-B85CC2C5FA5C/RayforgeApp.app/python/lib/python3.13/site-packages/OpenGL/platform/ctypesloader.py", line 36, in loadLibrary
    return _loadLibraryWindows(dllType, name, mode)
  File "/Users/runner/Library/Developer/CoreSimulator/Devices/738CD88E-3319-4B5A-99D7-957012A40B25/data/Containers/Bundle/Application/F3B0CA45-B2FF-4DB0-8D77-B85CC2C5FA5C/RayforgeApp.app/python/lib/python3.13/site-packages/OpenGL/platform/ctypesloader.py", line 89, in _loadLibraryWindows
    return dllType( name, mode )
  File "/Users/runner/Library/Developer/CoreSimulator/Devices/738CD88E-3319-4B5A-99D7-957012A40B25/data/Containers/Bundle/Application/F3B0CA45-B2FF-4DB0-8D77-B85CC2C5FA5C/RayforgeApp.app/python/lib/python3.13/ctypes/__init__.py", line 361, in __init__
    self._handle = self._load_library(name, mode, handle, winmode)
                   ~~~~~~~~~~~~~~~~~~^^^^^^^^^^^^^^^^^^^^^^^^^^^^^
  File "/Users/runner/Library/Developer/CoreSimulator/Devices/738CD88E-3319-4B5A-99D7-957012A40B25/data/Containers/Bundle/Application/F3B0CA45-B2FF-4DB0-8D77-B85CC2C5FA5C/RayforgeApp.app/python/lib/python3.13/ctypes/__init__.py", line 403, in _load_library
    return _dlopen(name, mode)
OSError: ("dlopen(GLX, 0x000A): tried: '/Library/Developer/CoreSimulator/Volumes/iOS_23C54/Library/Developer/CoreSimulator/Profiles/Runtimes/iOS 26.2.simruntime/Contents/Resources/RuntimeRootGLX' (no such file), '/Users/runner/Library/Developer/CoreSimulator/Devices/738CD88E-3319-4B5A-99D7-957012A40B25/data/Containers/Bundle/Application/F3B0CA45-B2FF-4DB0-8D77-B85CC2C5FA5C/RayforgeApp.app/Frameworks/GLX' (no such file), '/usr/lib/GLX' (no such file, not in dyld cache), 'GLX' (no such file), '/Library/Developer/CoreSimulator/Volumes/iOS_23C54/Library/Developer/CoreSimulator/Profiles/Runtimes/iOS 26.2.simruntime/Contents/Resources/RuntimeRoot/usr/lib/GLX' (no such file)", 'GLX', None)

During handling of the above exception, another exception occurred:

Traceback (most recent call last):
  File "/Users/runner/Library/Developer/CoreSimulator/Devices/738CD88E-3319-4B5A-99D7-957012A40B25/data/Containers/Bundle/Application/F3B0CA45-B2FF-4DB0-8D77-B85CC2C5FA5C/RayforgeApp.app/python/lib/python3.13/site-packages/rayforge/app.py", line 227, in do_activate
    from rayforge.ui_gtk.mainwindow import MainWindow
  File "/Users/runner/Library/Developer/CoreSimulator/Devices/738CD88E-3319-4B5A-99D7-957012A40B25/data/Containers/Bundle/Application/F3B0CA45-B2FF-4DB0-8D77-B85CC2C5FA5C/RayforgeApp.app/python/lib/python3.13/site-packages/rayforge/ui_gtk/mainwindow.py", line 55, in <module>
    from .machine.settings_dialog import MachineSettingsDialog
  File "/Users/runner/Library/Developer/CoreSimulator/Devices/738CD88E-3319-4B5A-99D7-957012A40B25/data/Containers/Bundle/Application/F3B0CA45-B2FF-4DB0-8D77-B85CC2C5FA5C/RayforgeApp.app/python/lib/python3.13/site-packages/rayforge/ui_gtk/machine/settings_dialog.py", line 28, in <module>
    from .laser_preferences_page import LaserPreferencesPage
  File "/Users/runner/Library/Developer/CoreSimulator/Devices/738CD88E-3319-4B5A-99D7-957012A40B25/data/Containers/Bundle/Application/F3B0CA45-B2FF-4DB0-8D77-B85CC2C5FA5C/RayforgeApp.app/python/lib/python3.13/site-packages/rayforge/ui_gtk/machine/laser_preferences_page.py", line 18, in <module>
    from ..sim3d.renderer.model_renderer import get_model_extent
  File "/Users/runner/Library/Developer/CoreSimulator/Devices/738CD88E-3319-4B5A-99D7-957012A40B25/data/Containers/Bundle/Application/F3B0CA45-B2FF-4DB0-8D77-B85CC2C5FA5C/RayforgeApp.app/python/lib/python3.13/site-packages/rayforge/ui_gtk/sim3d/renderer/model_renderer.py", line 12, in <module>
    from OpenGL import GL
  File "/Users/runner/Library/Developer/CoreSimulator/Devices/738CD88E-3319-4B5A-99D7-957012A40B25/data/Containers/Bundle/Application/F3B0CA45-B2FF-4DB0-8D77-B85CC2C5FA5C/RayforgeApp.app/python/lib/python3.13/site-packages/OpenGL/GL/__init__.py", line 3, in <module>
    from OpenGL import error as _error
  File "/Users/runner/Library/Developer/CoreSimulator/Devices/738CD88E-3319-4B5A-99D7-957012A40B25/data/Containers/Bundle/Application/F3B0CA45-B2FF-4DB0-8D77-B85CC2C5FA5C/RayforgeApp.app/python/lib/python3.13/site-packages/OpenGL/error.py", line 12, in <module>
    from OpenGL import platform, _configflags
  File "/Users/runner/Library/Developer/CoreSimulator/Devices/738CD88E-3319-4B5A-99D7-957012A40B25/data/Containers/Bundle/Application/F3B0CA45-B2FF-4DB0-8D77-B85CC2C5FA5C/RayforgeApp.app/python/lib/python3.13/site-packages/OpenGL/platform/__init__.py", line 59, in <module>
    _load()
    ~~~~~^^
  File "/Users/runner/Library/Developer/CoreSimulator/Devices/738CD88E-3319-4B5A-99D7-957012A40B25/data/Containers/Bundle/Application/F3B0CA45-B2FF-4DB0-8D77-B85CC2C5FA5C/RayforgeApp.app/python/lib/python3.13/site-packages/OpenGL/platform/__init__.py", line 55, in _load
    plugin.install(globals())
    ~~~~~~~~~~~~~~^^^^^^^^^^^
  File "/Users/runner/Library/Developer/CoreSimulator/Devices/738CD88E-3319-4B5A-99D7-957012A40B25/data/Containers/Bundle/Application/F3B0CA45-B2FF-4DB0-8D77-B85CC2C5FA5C/RayforgeApp.app/python/lib/python3.13/site-packages/OpenGL/platform/baseplatform.py", line 108, in install
    namespace[name] = getattr(self, name, None)
                      ~~~~~~~^^^^^^^^^^^^^^^^^^
  File "/Users/runner/Library/Developer/CoreSimulator/Devices/738CD88E-3319-4B5A-99D7-957012A40B25/data/Containers/Bundle/Application/F3B0CA45-B2FF-4DB0-8D77-B85CC2C5FA5C/RayforgeApp.app/python/lib/python3.13/site-packages/OpenGL/platform/baseplatform.py", line 19, in __get__
    value = self.fget(obj)
  File "/Users/runner/Library/Developer/CoreSimulator/Devices/738CD88E-3319-4B5A-99D7-957012A40B25/data/Containers/Bundle/Application/F3B0CA45-B2FF-4DB0-8D77-B85CC2C5FA5C/RayforgeApp.app/python/lib/python3.13/site-packages/OpenGL/platform/glx.py", line 104, in GetCurrentContext
    glXGetCurrentContext = self.GLX.glXGetCurrentContext
                           ^^^^^^^^
  File "/Users/runner/Library/Developer/CoreSimulator/Devices/738CD88E-3319-4B5A-99D7-957012A40B25/data/Containers/Bundle/Application/F3B0CA45-B2FF-4DB0-8D77-B85CC2C5FA5C/RayforgeApp.app/python/lib/python3.13/site-packages/OpenGL/platform/baseplatform.py", line 19, in __get__
    value = self.fget(obj)
  File "/Users/runner/Library/Developer/CoreSimulator/Devices/738CD88E-3319-4B5A-99D7-957012A40B25/data/Containers/Bundle/Application/F3B0CA45-B2FF-4DB0-8D77-B85CC2C5FA5C/RayforgeApp.app/python/lib/python3.13/site-packages/OpenGL/platform/glx.py", line 52, in GLX
    return self.GL
           ^^^^^^^
  File "/Users/runner/Library/Developer/CoreSimulator/Devices/738CD88E-3319-4B5A-99D7-957012A40B25/data/Containers/Bundle/Application/F3B0CA45-B2FF-4DB0-8D77-B85CC2C5FA5C/RayforgeApp.app/python/lib/python3.13/site-packages/OpenGL/platform/baseplatform.py", line 19, in __get__
    value = self.fget(obj)
  File "/Users/runner/Library/Developer/CoreSimulator/Devices/738CD88E-3319-4B5A-99D7-957012A40B25/data/Containers/Bundle/Application/F3B0CA45-B2FF-4DB0-8D77-B85CC2C5FA5C/RayforgeApp.app/python/lib/python3.13/site-packages/OpenGL/platform/glx.py", line 24, in GL
    raise ImportError("Unable to load OpenGL or GL library")
ImportError: Unable to load OpenGL or GL library
2026-07-05 07:18:24,012 - rayforge.app - ERROR - Unhandled exception
Traceback (most recent call last):
  File "/Users/runner/Library/Developer/CoreSimulator/Devices/738CD88E-3319-4B5A-99D7-957012A40B25/data/Containers/Bundle/Application/F3B0CA45-B2FF-4DB0-8D77-B85CC2C5FA5C/RayforgeApp.app/python/lib/python3.13/site-packages/OpenGL/platform/glx.py", line 46, in GLX
    lib = ctypesloader.loadLibrary(
        ctypes.cdll, name, mode=ctypes.RTLD_GLOBAL
    )
  File "/Users/runner/Library/Developer/CoreSimulator/Devices/738CD88E-3319-4B5A-99D7-957012A40B25/data/Containers/Bundle/Application/F3B0CA45-B2FF-4DB0-8D77-B85CC2C5FA5C/RayforgeApp.app/python/lib/python3.13/site-packages/OpenGL/platform/ctypesloader.py", line 36, in loadLibrary
    return _loadLibraryWindows(dllType, name, mode)
  File "/Users/runner/Library/Developer/CoreSimulator/Devices/738CD88E-3319-4B5A-99D7-957012A40B25/data/Containers/Bundle/Application/F3B0CA45-B2FF-4DB0-8D77-B85CC2C5FA5C/RayforgeApp.app/python/lib/python3.13/site-packages/OpenGL/platform/ctypesloader.py", line 89, in _loadLibraryWindows
    return dllType( name, mode )
  File "/Users/runner/Library/Developer/CoreSimulator/Devices/738CD88E-3319-4B5A-99D7-957012A40B25/data/Containers/Bundle/Application/F3B0CA45-B2FF-4DB0-8D77-B85CC2C5FA5C/RayforgeApp.app/python/lib/python3.13/ctypes/__init__.py", line 361, in __init__
    self._handle = self._load_library(name, mode, handle, winmode)
                   ~~~~~~~~~~~~~~~~~~^^^^^^^^^^^^^^^^^^^^^^^^^^^^^
  File "/Users/runner/Library/Developer/CoreSimulator/Devices/738CD88E-3319-4B5A-99D7-957012A40B25/data/Containers/Bundle/Application/F3B0CA45-B2FF-4DB0-8D77-B85CC2C5FA5C/RayforgeApp.app/python/lib/python3.13/ctypes/__init__.py", line 403, in _load_library
    return _dlopen(name, mode)
OSError: ("dlopen(GLX, 0x000A): tried: '/Library/Developer/CoreSimulator/Volumes/iOS_23C54/Library/Developer/CoreSimulator/Profiles/Runtimes/iOS 26.2.simruntime/Contents/Resources/RuntimeRootGLX' (no such file), '/Users/runner/Library/Developer/CoreSimulator/Devices/738CD88E-3319-4B5A-99D7-957012A40B25/data/Containers/Bundle/Application/F3B0CA45-B2FF-4DB0-8D77-B85CC2C5FA5C/RayforgeApp.app/Frameworks/GLX' (no such file), '/usr/lib/GLX' (no such file, not in dyld cache), 'GLX' (no such file), '/Library/Developer/CoreSimulator/Volumes/iOS_23C54/Library/Developer/CoreSimulator/Profiles/Runtimes/iOS 26.2.simruntime/Contents/Resources/RuntimeRoot/usr/lib/GLX' (no such file)", 'GLX', None)

During handling of the above exception, another exception occurred:

Traceback (most recent call last):
  File "/Users/runner/Library/Developer/CoreSimulator/Devices/738CD88E-3319-4B5A-99D7-957012A40B25/data/Containers/Bundle/Application/F3B0CA45-B2FF-4DB0-8D77-B85CC2C5FA5C/RayforgeApp.app/python/lib/python3.13/site-packages/rayforge/app.py", line 227, in do_activate
    from rayforge.ui_gtk.mainwindow import MainWindow
  File "/Users/runner/Library/Developer/CoreSimulator/Devices/738CD88E-3319-4B5A-99D7-957012A40B25/data/Containers/Bundle/Application/F3B0CA45-B2FF-4DB0-8D77-B85CC2C5FA5C/RayforgeApp.app/python/lib/python3.13/site-packages/rayforge/ui_gtk/mainwindow.py", line 55, in <module>
    from .machine.settings_dialog import MachineSettingsDialog
  File "/Users/runner/Library/Developer/CoreSimulator/Devices/738CD88E-3319-4B5A-99D7-957012A40B25/data/Containers/Bundle/Application/F3B0CA45-B2FF-4DB0-8D77-B85CC2C5FA5C/RayforgeApp.app/python/lib/python3.13/site-packages/rayforge/ui_gtk/machine/settings_dialog.py", line 28, in <module>
    from .laser_preferences_page import LaserPreferencesPage
  File "/Users/runner/Library/Developer/CoreSimulator/Devices/738CD88E-3319-4B5A-99D7-957012A40B25/data/Containers/Bundle/Application/F3B0CA45-B2FF-4DB0-8D77-B85CC2C5FA5C/RayforgeApp.app/python/lib/python3.13/site-packages/rayforge/ui_gtk/machine/laser_preferences_page.py", line 18, in <module>
    from ..sim3d.renderer.model_renderer import get_model_extent
  File "/Users/runner/Library/Developer/CoreSimulator/Devices/738CD88E-3319-4B5A-99D7-957012A40B25/data/Containers/Bundle/Application/F3B0CA45-B2FF-4DB0-8D77-B85CC2C5FA5C/RayforgeApp.app/python/lib/python3.13/site-packages/rayforge/ui_gtk/sim3d/renderer/model_renderer.py", line 12, in <module>
    from OpenGL import GL
  File "/Users/runner/Library/Developer/CoreSimulator/Devices/738CD88E-3319-4B5A-99D7-957012A40B25/data/Containers/Bundle/Application/F3B0CA45-B2FF-4DB0-8D77-B85CC2C5FA5C/RayforgeApp.app/python/lib/python3.13/site-packages/OpenGL/GL/__init__.py", line 3, in <module>
    from OpenGL import error as _error
  File "/Users/runner/Library/Developer/CoreSimulator/Devices/738CD88E-3319-4B5A-99D7-957012A40B25/data/Containers/Bundle/Application/F3B0CA45-B2FF-4DB0-8D77-B85CC2C5FA5C/RayforgeApp.app/python/lib/python3.13/site-packages/OpenGL/error.py", line 12, in <module>
    from OpenGL import platform, _configflags
  File "/Users/runner/Library/Developer/CoreSimulator/Devices/738CD88E-3319-4B5A-99D7-957012A40B25/data/Containers/Bundle/Application/F3B0CA45-B2FF-4DB0-8D77-B85CC2C5FA5C/RayforgeApp.app/python/lib/python3.13/site-packages/OpenGL/platform/__init__.py", line 59, in <module>
    _load()
    ~~~~~^^
  File "/Users/runner/Library/Developer/CoreSimulator/Devices/738CD88E-3319-4B5A-99D7-957012A40B25/data/Containers/Bundle/Application/F3B0CA45-B2FF-4DB0-8D77-B85CC2C5FA5C/RayforgeApp.app/python/lib/python3.13/site-packages/OpenGL/platform/__init__.py", line 55, in _load
    plugin.install(globals())
    ~~~~~~~~~~~~~~^^^^^^^^^^^
  File "/Users/runner/Library/Developer/CoreSimulator/Devices/738CD88E-3319-4B5A-99D7-957012A40B25/data/Containers/Bundle/Application/F3B0CA45-B2FF-4DB0-8D77-B85CC2C5FA5C/RayforgeApp.app/python/lib/python3.13/site-packages/OpenGL/platform/baseplatform.py", line 108, in install
    namespace[name] = getattr(self, name, None)
                      ~~~~~~~^^^^^^^^^^^^^^^^^^
  File "/Users/runner/Library/Developer/CoreSimulator/Devices/738CD88E-3319-4B5A-99D7-957012A40B25/data/Containers/Bundle/Application/F3B0CA45-B2FF-4DB0-8D77-B85CC2C5FA5C/RayforgeApp.app/python/lib/python3.13/site-packages/OpenGL/platform/baseplatform.py", line 19, in __get__
    value = self.fget(obj)
  File "/Users/runner/Library/Developer/CoreSimulator/Devices/738CD88E-3319-4B5A-99D7-957012A40B25/data/Containers/Bundle/Application/F3B0CA45-B2FF-4DB0-8D77-B85CC2C5FA5C/RayforgeApp.app/python/lib/python3.13/site-packages/OpenGL/platform/glx.py", line 104, in GetCurrentContext
    glXGetCurrentContext = self.GLX.glXGetCurrentContext
                           ^^^^^^^^
  File "/Users/runner/Library/Developer/CoreSimulator/Devices/738CD88E-3319-4B5A-99D7-957012A40B25/data/Containers/Bundle/Application/F3B0CA45-B2FF-4DB0-8D77-B85CC2C5FA5C/RayforgeApp.app/python/lib/python3.13/site-packages/OpenGL/platform/baseplatform.py", line 19, in __get__
    value = self.fget(obj)
  File "/Users/runner/Library/Developer/CoreSimulator/Devices/738CD88E-3319-4B5A-99D7-957012A40B25/data/Containers/Bundle/Application/F3B0CA45-B2FF-4DB0-8D77-B85CC2C5FA5C/RayforgeApp.app/python/lib/python3.13/site-packages/OpenGL/platform/glx.py", line 52, in GLX
    return self.GL
           ^^^^^^^
  File "/Users/runner/Library/Developer/CoreSimulator/Devices/738CD88E-3319-4B5A-99D7-957012A40B25/data/Containers/Bundle/Application/F3B0CA45-B2FF-4DB0-8D77-B85CC2C5FA5C/RayforgeApp.app/python/lib/python3.13/site-packages/OpenGL/platform/baseplatform.py", line 19, in __get__
    value = self.fget(obj)
  File "/Users/runner/Library/Developer/CoreSimulator/Devices/738CD88E-3319-4B5A-99D7-957012A40B25/data/Containers/Bundle/Application/F3B0CA45-B2FF-4DB0-8D77-B85CC2C5FA5C/RayforgeApp.app/python/lib/python3.13/site-packages/OpenGL/platform/glx.py", line 24, in GL
    raise ImportError("Unable to load OpenGL or GL library")
ImportError: Unable to load OpenGL or GL library
IOSBOOT: _ios_run: activate() returned; windows=0
IOSBOOT: keep-running caught — startup unwound cleanly
RAYFORGE UI RUNNING
** Message: 07:18:24.015: rayforge boot: PyGObject self-test ran (CPython 3.13.14 (main, Jun 12 2026, 07:26:39) [Clang 17.0.0 (clang-1700.0.13.5)]) ? see console for PYGOBJECT OK/FAIL
Gdk-Message: 07:18:24.025: gdk-ios: user main returned
Gdk-Message: 07:18:26.089: gdk-ios: pump alive frame=120 total_iterations=2
Gdk-Message: 07:18:28.089: gdk-ios: pump alive frame=240 total_iterations=2
Gdk-Message: 07:18:30.089: gdk-ios: pump alive frame=360 total_iterations=2
Gdk-Message: 07:18:32.089: gdk-ios: pump alive frame=480 total_iterations=2
Gdk-Message: 07:18:34.089: gdk-ios: pump alive frame=600 total_iterations=2
Gdk-Message: 07:18:36.089: gdk-ios: pump alive frame=720 total_iterations=2
Gdk-Message: 07:18:38.089: gdk-ios: pump alive frame=840 total_iterations=2
Gdk-Message: 07:18:40.089: gdk-ios: pump alive frame=960 total_iterations=2
Gdk-Message: 07:18:42.089: gdk-ios: pump alive frame=1080 total_iterations=2
Gdk-Message: 07:18:44.089: gdk-ios: pump alive frame=1200 total_iterations=2
Gdk-Message: 07:18:46.090: gdk-ios: pump alive frame=1320 total_iterations=2
Gdk-Message: 07:18:48.089: gdk-ios: pump alive frame=1440 total_iterations=2
