++ xcrun simctl list runtimes
++ awk '/iOS/{id=$NF} END{print id}'
+ RUNTIME=com.apple.CoreSimulator.SimRuntime.iOS-26-2
++ xcrun simctl create rayforge-test com.apple.CoreSimulator.SimDeviceType.iPad-Pro-13-inch-M4-8GB com.apple.CoreSimulator.SimRuntime.iOS-26-2
+ UDID=738CD88E-3319-4B5A-99D7-957012A40B25
+ test -n 738CD88E-3319-4B5A-99D7-957012A40B25
+ echo UDID=738CD88E-3319-4B5A-99D7-957012A40B25
UDID=738CD88E-3319-4B5A-99D7-957012A40B25
+ xcrun simctl boot 738CD88E-3319-4B5A-99D7-957012A40B25
+ xcrun simctl bootstatus 738CD88E-3319-4B5A-99D7-957012A40B25 -b
Monitoring boot status for rayforge-test (738CD88E-3319-4B5A-99D7-957012A40B25).
[2026-07-05 07:15:15 +0000] Status=2, isTerminal=NO, Elapsed=00:35.
	Waiting on Data Migration
		Reason:Running plugin com.apple.-0LaunchServicesMigrator (00LaunchServicesMigrator.migrator, user-agnostic)
		Migration Elapsed:00:31 seconds

[2026-07-05 07:15:16 +0000] Status=2, isTerminal=NO, Elapsed=00:36.
	Waiting on Data Migration
		Reason:Running plugin com.apple.-0LaunchServicesMigrator (00LaunchServicesMigrator.migrator, user-agnostic)
		Migration Elapsed:00:32 seconds

[2026-07-05 07:15:17 +0000] Status=2, isTerminal=NO, Elapsed=00:37.
	Waiting on Data Migration
		Reason:Running plugin com.apple.-0LaunchServicesMigrator (00LaunchServicesMigrator.migrator, user-agnostic)
		Migration Elapsed:00:33 seconds

[2026-07-05 07:15:18 +0000] Status=2, isTerminal=NO, Elapsed=00:38.
	Waiting on Data Migration
		Reason:Running plugin com.apple.-0LaunchServicesMigrator (00LaunchServicesMigrator.migrator, user-agnostic)
		Migration Elapsed:00:34 seconds

[2026-07-05 07:15:19 +0000] Status=2, isTerminal=NO, Elapsed=00:39.
	Waiting on Data Migration
		Reason:Running plugin com.apple.-0LaunchServicesMigrator (00LaunchServicesMigrator.migrator, user-agnostic)
		Migration Elapsed:00:35 seconds

[2026-07-05 07:15:23 +0000] Status=2, isTerminal=NO, Elapsed=00:43.
	Waiting on Data Migration
		Reason:Running plugin com.apple.securityd.KeychainMigrator (KeychainMigrator.migrator, user-agnostic)
		Migration Elapsed:00:36 seconds

[2026-07-05 07:15:24 +0000] Status=2, isTerminal=NO, Elapsed=00:45.
	Waiting on Data Migration
		Reason:Running plugin com.apple.addressbook.migrator (AddressBookLegacy.migrator)
		Migration Elapsed:00:38 seconds

[2026-07-05 07:15:26 +0000] Status=2, isTerminal=NO, Elapsed=00:47.
	Waiting on Data Migration
		Reason:Running plugin com.apple.PreferencesMigrator (PreferencesMigrator.migrator)
		Migration Elapsed:00:40 seconds

[2026-07-05 07:15:28 +0000] Status=4, isTerminal=NO, Elapsed=00:48.
	Waiting on System App

[2026-07-05 07:15:28 +0000] Status=4, isTerminal=NO, Elapsed=00:49.
	Waiting on System App

[2026-07-05 07:15:29 +0000] Status=4, isTerminal=NO, Elapsed=00:49.
	Waiting on System App

[2026-07-05 07:15:29 +0000] Status=4, isTerminal=NO, Elapsed=00:50.
	Waiting on System App

[2026-07-05 07:15:31 +0000] Status=4, isTerminal=NO, Elapsed=00:52.
	Waiting on System App

[2026-07-05 07:15:32 +0000] Status=4, isTerminal=NO, Elapsed=00:52.
	Waiting on System App

[2026-07-05 07:15:32 +0000] Status=4, isTerminal=NO, Elapsed=00:53.
	Waiting on System App

[2026-07-05 07:15:33 +0000] Status=4, isTerminal=NO, Elapsed=00:53.
	Waiting on System App

[2026-07-05 07:15:34 +0000] Status=4, isTerminal=NO, Elapsed=00:55.
	Waiting on System App

[2026-07-05 07:15:41 +0000] Status=4294967295, isTerminal=YES, Elapsed=01:01.
	Finished

+ xcrun simctl install 738CD88E-3319-4B5A-99D7-957012A40B25 RayforgeApp.app
++ xcrun simctl get_app_container 738CD88E-3319-4B5A-99D7-957012A40B25 org.rayforge.app
+ APP_CONTAINER=/Users/runner/Library/Developer/CoreSimulator/Devices/738CD88E-3319-4B5A-99D7-957012A40B25/data/Containers/Bundle/Application/F3B0CA45-B2FF-4DB0-8D77-B85CC2C5FA5C/RayforgeApp.app
+ echo 'app container: /Users/runner/Library/Developer/CoreSimulator/Devices/738CD88E-3319-4B5A-99D7-957012A40B25/data/Containers/Bundle/Application/F3B0CA45-B2FF-4DB0-8D77-B85CC2C5FA5C/RayforgeApp.app'
app container: /Users/runner/Library/Developer/CoreSimulator/Devices/738CD88E-3319-4B5A-99D7-957012A40B25/data/Containers/Bundle/Application/F3B0CA45-B2FF-4DB0-8D77-B85CC2C5FA5C/RayforgeApp.app
+ FW_DIR=/Users/runner/Library/Developer/CoreSimulator/Devices/738CD88E-3319-4B5A-99D7-957012A40B25/data/Containers/Bundle/Application/F3B0CA45-B2FF-4DB0-8D77-B85CC2C5FA5C/RayforgeApp.app/Frameworks
+ LAUNCH_OUT=/Users/runner/work/Rayforge-iOS-ipa/Rayforge-iOS-ipa/app-console.log
+ xcrun simctl launch --stdout=/Users/runner/work/Rayforge-iOS-ipa/Rayforge-iOS-ipa/app-console.log --stderr=/Users/runner/work/Rayforge-iOS-ipa/Rayforge-iOS-ipa/app-console.log 738CD88E-3319-4B5A-99D7-957012A40B25 org.rayforge.app SIMCTL_CHILD_DYLD_LIBRARY_PATH=/Users/runner/Library/Developer/CoreSimulator/Devices/738CD88E-3319-4B5A-99D7-957012A40B25/data/Containers/Bundle/Application/F3B0CA45-B2FF-4DB0-8D77-B85CC2C5FA5C/RayforgeApp.app/Frameworks SIMCTL_CHILD_DYLD_FALLBACK_LIBRARY_PATH=/Users/runner/Library/Developer/CoreSimulator/Devices/738CD88E-3319-4B5A-99D7-957012A40B25/data/Containers/Bundle/Application/F3B0CA45-B2FF-4DB0-8D77-B85CC2C5FA5C/RayforgeApp.app/Frameworks SIMCTL_CHILD_G_MESSAGES_DEBUG=all
+ tee launch-cmd.log
org.rayforge.app: 20221
+ MARKER_SEEN=0
++ seq 1 36
+ for i in '$(seq 1 36)'
+ sleep 5
+ xcrun simctl spawn 738CD88E-3319-4B5A-99D7-957012A40B25 log show --last 6m --predicate 'process == "rayforge-app"'
+ grep -q 'RAYFORGE UI RUNNING' app-console.log app-syslog.log
+ grep -q 'RAYFORGE BOOT FAILED' app-console.log app-syslog.log
+ for i in '$(seq 1 36)'
+ sleep 5
+ xcrun simctl spawn 738CD88E-3319-4B5A-99D7-957012A40B25 log show --last 6m --predicate 'process == "rayforge-app"'
+ grep -q 'RAYFORGE UI RUNNING' app-console.log app-syslog.log
+ grep -q 'RAYFORGE BOOT FAILED' app-console.log app-syslog.log
+ for i in '$(seq 1 36)'
+ sleep 5
+ xcrun simctl spawn 738CD88E-3319-4B5A-99D7-957012A40B25 log show --last 6m --predicate 'process == "rayforge-app"'
+ grep -q 'RAYFORGE UI RUNNING' app-console.log app-syslog.log
+ grep -q 'RAYFORGE BOOT FAILED' app-console.log app-syslog.log
+ for i in '$(seq 1 36)'
+ sleep 5
+ xcrun simctl spawn 738CD88E-3319-4B5A-99D7-957012A40B25 log show --last 6m --predicate 'process == "rayforge-app"'
+ grep -q 'RAYFORGE UI RUNNING' app-console.log app-syslog.log
+ grep -q 'RAYFORGE BOOT FAILED' app-console.log app-syslog.log
+ for i in '$(seq 1 36)'
+ sleep 5
+ xcrun simctl spawn 738CD88E-3319-4B5A-99D7-957012A40B25 log show --last 6m --predicate 'process == "rayforge-app"'
+ grep -q 'RAYFORGE UI RUNNING' app-console.log app-syslog.log
+ grep -q 'RAYFORGE BOOT FAILED' app-console.log app-syslog.log
+ for i in '$(seq 1 36)'
+ sleep 5
+ xcrun simctl spawn 738CD88E-3319-4B5A-99D7-957012A40B25 log show --last 6m --predicate 'process == "rayforge-app"'
+ grep -q 'RAYFORGE UI RUNNING' app-console.log app-syslog.log
+ grep -q 'RAYFORGE BOOT FAILED' app-console.log app-syslog.log
+ for i in '$(seq 1 36)'
+ sleep 5
+ xcrun simctl spawn 738CD88E-3319-4B5A-99D7-957012A40B25 log show --last 6m --predicate 'process == "rayforge-app"'
+ grep -q 'RAYFORGE UI RUNNING' app-console.log app-syslog.log
+ grep -q 'RAYFORGE BOOT FAILED' app-console.log app-syslog.log
+ for i in '$(seq 1 36)'
+ sleep 5
+ xcrun simctl spawn 738CD88E-3319-4B5A-99D7-957012A40B25 log show --last 6m --predicate 'process == "rayforge-app"'
+ grep -q 'RAYFORGE UI RUNNING' app-console.log app-syslog.log
+ grep -q 'RAYFORGE BOOT FAILED' app-console.log app-syslog.log
+ for i in '$(seq 1 36)'
+ sleep 5
+ xcrun simctl spawn 738CD88E-3319-4B5A-99D7-957012A40B25 log show --last 6m --predicate 'process == "rayforge-app"'
+ grep -q 'RAYFORGE UI RUNNING' app-console.log app-syslog.log
+ grep -q 'RAYFORGE BOOT FAILED' app-console.log app-syslog.log
+ for i in '$(seq 1 36)'
+ sleep 5
+ xcrun simctl spawn 738CD88E-3319-4B5A-99D7-957012A40B25 log show --last 6m --predicate 'process == "rayforge-app"'
+ grep -q 'RAYFORGE UI RUNNING' app-console.log app-syslog.log
+ MARKER_SEEN=1
+ echo 'marker seen after ~50s'
marker seen after ~50s
+ break
+ APP_ALIVE=1
+ xcrun simctl spawn 738CD88E-3319-4B5A-99D7-957012A40B25 launchctl list
+ grep -q org.rayforge.app
+ echo 'app alive: 1  marker seen: 1'
app alive: 1  marker seen: 1
+ echo 'waiting for first rendered frames...'
waiting for first rendered frames...
+ sleep 20
+ xcrun simctl io 738CD88E-3319-4B5A-99D7-957012A40B25 screenshot simulator-screenshot.png
Detected file type 'PNG' from extension
Wrote screenshot to: simulator-screenshot.png
+ ls -la simulator-screenshot.png
-rw-r--r--@ 1 runner  staff  118154 Jul  5 07:18 simulator-screenshot.png
+ mkdir -p crash-reports
+ find /Users/runner/Library/Logs/DiagnosticReports -name '*rayforge*' -newer RayforgeApp.app/Info.plist -exec cp '{}' crash-reports/ ';'
+ for c in 'crash-reports/*'
+ '[' -f 'crash-reports/*' ']'
+ continue
+ xcrun simctl shutdown 738CD88E-3319-4B5A-99D7-957012A40B25
+ echo '===== app console ====='
===== app console =====
+ cat app-console.log
Gdk-Message: 07:16:53.639: gdk-ios: bundle resources at /Users/runner/Library/Developer/CoreSimulator/Devices/738CD88E-3319-4B5A-99D7-957012A40B25/data/Containers/Bundle/Application/F3B0CA45-B2FF-4DB0-8D77-B85CC2C5FA5C/RayforgeApp.app
Gdk-Message: 07:16:53.813: gdk-ios: shell ready window=1376x1032 view=1376x1032 scale=2.00
Gdk-Message: 07:16:53.892: gdk-ios: entering user main
** Message: 07:16:53.893: GI_TYPELIB_PATH: /Users/runner/Library/Developer/CoreSimulator/Devices/738CD88E-3319-4B5A-99D7-957012A40B25/data/Containers/Bundle/Application/F3B0CA45-B2FF-4DB0-8D77-B85CC2C5FA5C/RayforgeApp.app/lib/girepository-1.0
** Message: 07:16:53.893: python home: /Users/runner/Library/Developer/CoreSimulator/Devices/738CD88E-3319-4B5A-99D7-957012A40B25/data/Containers/Bundle/Application/F3B0CA45-B2FF-4DB0-8D77-B85CC2C5FA5C/RayforgeApp.app/python
** Message: 07:16:53.893: site-packages: /Users/runner/Library/Developer/CoreSimulator/Devices/738CD88E-3319-4B5A-99D7-957012A40B25/data/Containers/Bundle/Application/F3B0CA45-B2FF-4DB0-8D77-B85CC2C5FA5C/RayforgeApp.app/python/lib/python3.13/site-packages
IOSBOOT: ios_main.main() start
IOSBOOT: import rayforge.app
IOSBOOT: rayforge.app.main()
2026-07-05 07:16:55,076 - root - INFO - Logging configured. Console level: INFO
2026-07-05 07:16:55,076 - root - INFO - Session log file: /Users/runner/Library/Developer/CoreSimulator/Devices/738CD88E-3319-4B5A-99D7-957012A40B25/data/Containers/Data/Application/9C0FF603-4E7B-4B57-9A30-05F01E3617B0/.local/state/rayforge/log/session-2026-07-05_07-16-55.log
2026-07-05 07:16:55,076 - rayforge.app - INFO - Application starting with log level INFO
2026-07-05 07:16:55,076 - rayforge.app - INFO - PyCairo version: 1.29.0
2026-07-05 07:16:56,755 - rayforge.image.svg.svg_fallback - WARNING - pyvips svgload_buffer not available. Using Cairo/Rsvg fallback for SVG rendering.
2026-07-05 07:16:57,749 - rayforge.ui_gtk.sim3d - ERROR - Failed to import Canvas3D. The 3D canvas will not be available.
Traceback (most recent call last):
  File "/Users/runner/Library/Developer/CoreSimulator/Devices/738CD88E-3319-4B5A-99D7-957012A40B25/data/Containers/Bundle/Application/F3B0CA45-B2FF-4DB0-8D77-B85CC2C5FA5C/RayforgeApp.app/python/lib/python3.13/site-packages/OpenGL/platform/glx.py", line 46, in GLX
    lib = ctypesloader.loadLibrary(
        ctypes.cdll, name, mode=ctypes.RTLD_GLOBAL
    )
  File "/Users/runner/Library/Developer/CoreSimulator/Devices/738CD88E-3319-4B5A-99D7-957012A40B25/data/Containers/Bundle/Application/F3B0CA45-B2FF-4DB0-8D77-B85CC2C5FA5C/RayforgeApp.app/python/lib/python3.13/site-packages/OpenGL/platform/ctypesloader.py", line 36, in loadLibrary
    return _loadLibraryWindows(dllType, name, mode)
  File "/Users/runner/Library/Developer/CoreSimulator/Devices/738CD88E-3319-4B5A-99D7-957012A40B25/data/Containers/Bundle/Application/F3B0CA45-B2FF-4DB0-8D77-B85CC2C5FA5C/RayforgeApp.app/python/lib/python3.13/site-packages/OpenGL/platform/ctypesloader.py", line 89, in _loadLibraryWindows
    return dllType( name, mode )
  File "/Users/runner/Library/Developer/CoreSimulator/Devices/738CD88E-3319-4B5A-99D7-957012A40B25/data/Containers/Bundle/Application/F3B0CA45-B2FF-4DB0-8D77-B85CC2C5FA5C/RayforgeApp.app/python/lib/python3.13/ctypes/__init__.py", line 361, in __init__
    self._handle = self._load_library(name, mode, handle, winmode)
                   ~~~~~~~~~~~~~~~~~~^^^^^^^^^^^^^^^^^^^^^^^^^^^^^
  File "/Users/runner/Library/Developer/CoreSimulator/Devices/738CD88E-3319-4B5A-99D7-957012A40B25/data/Containers/Bundle/Application/F3B0CA45-B2FF-4DB0-8D77-B85CC2C5FA5C/RayforgeApp.app/python/lib/python3.13/ctypes/__init__.py", line 403, in _load_library
    return _dlopen(name, mode)
OSError: ("dlopen(GLX, 0x000A): tried: '/Library/Developer/CoreSimulator/Volumes/iOS_23C54/Library/Developer/CoreSimulator/Profiles/Runtimes/iOS 26.2.simruntime/Contents/Resources/RuntimeRootGLX' (no such file), '/Users/runner/Library/Developer/CoreSimulator/Devices/738CD88E-3319-4B5A-99D7-957012A40B25/data/Containers/Bundle/Application/F3B0CA45-B2FF-4DB0-8D77-B85CC2C5FA5C/RayforgeApp.app/Frameworks/GLX' (no such file), '/usr/lib/GLX' (no such file, not in dyld cache), 'GLX' (no such file), '/Library/Developer/CoreSimulator/Volumes/iOS_23C54/Library/Developer/CoreSimulator/Profiles/Runtimes/iOS 26.2.simruntime/Contents/Resources/RuntimeRoot/usr/lib/GLX' (no such file)", 'GLX', None)

During handling of the above exception, another exception occurred:

Traceback (most recent call last):
  File "/Users/runner/Library/Developer/CoreSimulator/Devices/738CD88E-3319-4B5A-99D7-957012A40B25/data/Containers/Bundle/Application/F3B0CA45-B2FF-4DB0-8D77-B85CC2C5FA5C/RayforgeApp.app/python/lib/python3.13/site-packages/rayforge/ui_gtk/sim3d/__init__.py", line 94, in <module>
    from .canvas3d import Canvas3D  # type: ignore
    ^^^^^^^^^^^^^^^^^^^^^^^^^^^^^^
  File "/Users/runner/Library/Developer/CoreSimulator/Devices/738CD88E-3319-4B5A-99D7-957012A40B25/data/Containers/Bundle/Application/F3B0CA45-B2FF-4DB0-8D77-B85CC2C5FA5C/RayforgeApp.app/python/lib/python3.13/site-packages/rayforge/ui_gtk/sim3d/canvas3d.py", line 8, in <module>
    from OpenGL import GL
  File "/Users/runner/Library/Developer/CoreSimulator/Devices/738CD88E-3319-4B5A-99D7-957012A40B25/data/Containers/Bundle/Application/F3B0CA45-B2FF-4DB0-8D77-B85CC2C5FA5C/RayforgeApp.app/python/lib/python3.13/site-packages/OpenGL/GL/__init__.py", line 3, in <module>
    from OpenGL import error as _error
  File "/Users/runner/Library/Developer/CoreSimulator/Devices/738CD88E-3319-4B5A-99D7-957012A40B25/data/Containers/Bundle/Application/F3B0CA45-B2FF-4DB0-8D77-B85CC2C5FA5C/RayforgeApp.app/python/lib/python3.13/site-packages/OpenGL/error.py", line 12, in <module>
    from OpenGL import platform, _configflags
  File "/Users/runner/Library/Developer/CoreSimulator/Devices/738CD88E-3319-4B5A-99D7-957012A40B25/data/Containers/Bundle/Application/F3B0CA45-B2FF-4DB0-8D77-B85CC2C5FA5C/RayforgeApp.app/python/lib/python3.13/site-packages/OpenGL/platform/__init__.py", line 59, in <module>
    _load()
    ~~~~~^^
  File "/Users/runner/Library/Developer/CoreSimulator/Devices/738CD88E-3319-4B5A-99D7-957012A40B25/data/Containers/Bundle/Application/F3B0CA45-B2FF-4DB0-8D77-B85CC2C5FA5C/RayforgeApp.app/python/lib/python3.13/site-packages/OpenGL/platform/__init__.py", line 55, in _load
    plugin.install(globals())
    ~~~~~~~~~~~~~~^^^^^^^^^^^
  File "/Users/runner/Library/Developer/CoreSimulator/Devices/738CD88E-3319-4B5A-99D7-957012A40B25/data/Containers/Bundle/Application/F3B0CA45-B2FF-4DB0-8D77-B85CC2C5FA5C/RayforgeApp.app/python/lib/python3.13/site-packages/OpenGL/platform/baseplatform.py", line 108, in install
    namespace[name] = getattr(self, name, None)
                      ~~~~~~~^^^^^^^^^^^^^^^^^^
  File "/Users/runner/Library/Developer/CoreSimulator/Devices/738CD88E-3319-4B5A-99D7-957012A40B25/data/Containers/Bundle/Application/F3B0CA45-B2FF-4DB0-8D77-B85CC2C5FA5C/RayforgeApp.app/python/lib/python3.13/site-packages/OpenGL/platform/baseplatform.py", line 19, in __get__
    value = self.fget(obj)
  File "/Users/runner/Library/Developer/CoreSimulator/Devices/738CD88E-3319-4B5A-99D7-957012A40B25/data/Containers/Bundle/Application/F3B0CA45-B2FF-4DB0-8D77-B85CC2C5FA5C/RayforgeApp.app/python/lib/python3.13/site-packages/OpenGL/platform/glx.py", line 104, in GetCurrentContext
    glXGetCurrentContext = self.GLX.glXGetCurrentContext
                           ^^^^^^^^
  File "/Users/runner/Library/Developer/CoreSimulator/Devices/738CD88E-3319-4B5A-99D7-957012A40B25/data/Containers/Bundle/Application/F3B0CA45-B2FF-4DB0-8D77-B85CC2C5FA5C/RayforgeApp.app/python/lib/python3.13/site-packages/OpenGL/platform/baseplatform.py", line 19, in __get__
    value = self.fget(obj)
  File "/Users/runner/Library/Developer/CoreSimulator/Devices/738CD88E-3319-4B5A-99D7-957012A40B25/data/Containers/Bundle/Application/F3B0CA45-B2FF-4DB0-8D77-B85CC2C5FA5C/RayforgeApp.app/python/lib/python3.13/site-packages/OpenGL/platform/glx.py", line 52, in GLX
    return self.GL
           ^^^^^^^
  File "/Users/runner/Library/Developer/CoreSimulator/Devices/738CD88E-3319-4B5A-99D7-957012A40B25/data/Containers/Bundle/Application/F3B0CA45-B2FF-4DB0-8D77-B85CC2C5FA5C/RayforgeApp.app/python/lib/python3.13/site-packages/OpenGL/platform/baseplatform.py", line 19, in __get__
    value = self.fget(obj)
  File "/Users/runner/Library/Developer/CoreSimulator/Devices/738CD88E-3319-4B5A-99D7-957012A40B25/data/Containers/Bundle/Application/F3B0CA45-B2FF-4DB0-8D77-B85CC2C5FA5C/RayforgeApp.app/python/lib/python3.13/site-packages/OpenGL/platform/glx.py", line 24, in GL
    raise ImportError("Unable to load OpenGL or GL library")
ImportError: Unable to load OpenGL or GL library
2026-07-05 07:16:57,945 - rayforge.addon_mgr.addon_manager - INFO - Scanning for addons in /Users/runner/Library/Developer/CoreSimulator/Devices/738CD88E-3319-4B5A-99D7-957012A40B25/data/Containers/Bundle/Application/F3B0CA45-B2FF-4DB0-8D77-B85CC2C5FA5C/RayforgeApp.app/python/lib/python3.13/site-packages/rayforge/builtin_addons...
2026-07-05 07:16:57,949 - rayforge.addon_mgr.addon_manager - INFO - Loaded addon: core_materials (builtin)
2026-07-05 07:16:58,465 - rayforge.addon_mgr.lazy_loader - WARNING - Manifest not ready, giving up
2026-07-05 07:16:58,984 - rayforge.addon_mgr.lazy_loader - WARNING - Manifest not ready, giving up
2026-07-05 07:16:59,523 - rayforge.addon_mgr.lazy_loader - WARNING - Manifest not ready, giving up
2026-07-05 07:17:00,046 - rayforge.addon_mgr.lazy_loader - WARNING - Manifest not ready, giving up
2026-07-05 07:17:00,568 - rayforge.addon_mgr.lazy_loader - WARNING - Manifest not ready, giving up
2026-07-05 07:17:01,086 - rayforge.addon_mgr.lazy_loader - WARNING - Manifest not ready, giving up
2026-07-05 07:17:01,605 - rayforge.addon_mgr.lazy_loader - WARNING - Manifest not ready, giving up
2026-07-05 07:17:02,122 - rayforge.addon_mgr.lazy_loader - WARNING - Manifest not ready, giving up
2026-07-05 07:17:02,644 - rayforge.addon_mgr.lazy_loader - WARNING - Manifest not ready, giving up
2026-07-05 07:17:03,166 - rayforge.addon_mgr.lazy_loader - WARNING - Manifest not ready, giving up
2026-07-05 07:17:03,685 - rayforge.addon_mgr.lazy_loader - WARNING - Manifest not ready, giving up
2026-07-05 07:17:04,208 - rayforge.addon_mgr.lazy_loader - WARNING - Manifest not ready, giving up
2026-07-05 07:17:04,727 - rayforge.addon_mgr.lazy_loader - WARNING - Manifest not ready, giving up
2026-07-05 07:17:05,246 - rayforge.addon_mgr.lazy_loader - WARNING - Manifest not ready, giving up
2026-07-05 07:17:05,780 - rayforge.addon_mgr.lazy_loader - WARNING - Manifest not ready, giving up
2026-07-05 07:17:06,304 - rayforge.addon_mgr.lazy_loader - WARNING - Manifest not ready, giving up
2026-07-05 07:17:06,825 - rayforge.addon_mgr.lazy_loader - WARNING - Manifest not ready, giving up
2026-07-05 07:17:07,343 - rayforge.addon_mgr.lazy_loader - WARNING - Manifest not ready, giving up
2026-07-05 07:17:07,864 - rayforge.addon_mgr.lazy_loader - WARNING - Manifest not ready, giving up
2026-07-05 07:17:08,385 - rayforge.addon_mgr.lazy_loader - WARNING - Manifest not ready, giving up
2026-07-05 07:17:08,906 - rayforge.addon_mgr.lazy_loader - WARNING - Manifest not ready, giving up
2026-07-05 07:17:09,423 - rayforge.addon_mgr.lazy_loader - WARNING - Manifest not ready, giving up
2026-07-05 07:17:09,940 - rayforge.addon_mgr.lazy_loader - WARNING - Manifest not ready, giving up
2026-07-05 07:17:10,457 - rayforge.addon_mgr.lazy_loader - WARNING - Manifest not ready, giving up
2026-07-05 07:17:10,975 - rayforge.addon_mgr.lazy_loader - WARNING - Manifest not ready, giving up
2026-07-05 07:17:11,492 - rayforge.addon_mgr.lazy_loader - WARNING - Manifest not ready, giving up
2026-07-05 07:17:12,007 - rayforge.addon_mgr.lazy_loader - WARNING - Manifest not ready, giving up
2026-07-05 07:17:12,529 - rayforge.addon_mgr.lazy_loader - WARNING - Manifest not ready, giving up
2026-07-05 07:17:13,051 - rayforge.addon_mgr.lazy_loader - WARNING - Manifest not ready, giving up
2026-07-05 07:17:13,569 - rayforge.addon_mgr.lazy_loader - WARNING - Manifest not ready, giving up
2026-07-05 07:17:14,089 - rayforge.addon_mgr.lazy_loader - WARNING - Manifest not ready, giving up
2026-07-05 07:17:14,614 - rayforge.addon_mgr.lazy_loader - WARNING - Manifest not ready, giving up
2026-07-05 07:17:15,133 - rayforge.addon_mgr.lazy_loader - WARNING - Manifest not ready, giving up
2026-07-05 07:17:15,652 - rayforge.addon_mgr.lazy_loader - WARNING - Manifest not ready, giving up
2026-07-05 07:17:15,671 - rayforge.addon_mgr.addon_manager - INFO - Loaded addon: sketcher (builtin)
2026-07-05 07:17:16,200 - rayforge.addon_mgr.lazy_loader - WARNING - Manifest not ready, giving up
2026-07-05 07:17:16,719 - rayforge.addon_mgr.lazy_loader - WARNING - Manifest not ready, giving up
2026-07-05 07:17:17,240 - rayforge.addon_mgr.lazy_loader - WARNING - Manifest not ready, giving up
2026-07-05 07:17:17,763 - rayforge.addon_mgr.lazy_loader - WARNING - Manifest not ready, giving up
2026-07-05 07:17:18,282 - rayforge.addon_mgr.lazy_loader - WARNING - Manifest not ready, giving up
2026-07-05 07:17:18,809 - rayforge.addon_mgr.lazy_loader - WARNING - Manifest not ready, giving up
2026-07-05 07:17:19,341 - rayforge.addon_mgr.lazy_loader - WARNING - Manifest not ready, giving up
2026-07-05 07:17:19,863 - rayforge.addon_mgr.lazy_loader - WARNING - Manifest not ready, giving up
2026-07-05 07:17:20,385 - rayforge.addon_mgr.lazy_loader - WARNING - Manifest not ready, giving up
2026-07-05 07:17:20,904 - rayforge.addon_mgr.lazy_loader - WARNING - Manifest not ready, giving up
2026-07-05 07:17:21,425 - rayforge.addon_mgr.lazy_loader - WARNING - Manifest not ready, giving up
2026-07-05 07:17:21,943 - rayforge.addon_mgr.lazy_loader - WARNING - Manifest not ready, giving up
2026-07-05 07:17:22,464 - rayforge.addon_mgr.lazy_loader - WARNING - Manifest not ready, giving up
2026-07-05 07:17:22,983 - rayforge.addon_mgr.lazy_loader - WARNING - Manifest not ready, giving up
2026-07-05 07:17:23,505 - rayforge.addon_mgr.lazy_loader - WARNING - Manifest not ready, giving up
2026-07-05 07:17:24,022 - rayforge.addon_mgr.lazy_loader - WARNING - Manifest not ready, giving up
2026-07-05 07:17:24,542 - rayforge.addon_mgr.lazy_loader - WARNING - Manifest not ready, giving up
2026-07-05 07:17:25,059 - rayforge.addon_mgr.lazy_loader - WARNING - Manifest not ready, giving up
2026-07-05 07:17:25,624 - rayforge.addon_mgr.lazy_loader - WARNING - Manifest not ready, giving up
2026-07-05 07:17:26,154 - rayforge.addon_mgr.lazy_loader - WARNING - Manifest not ready, giving up
2026-07-05 07:17:26,675 - rayforge.addon_mgr.lazy_loader - WARNING - Manifest not ready, giving up
2026-07-05 07:17:27,197 - rayforge.addon_mgr.lazy_loader - WARNING - Manifest not ready, giving up
2026-07-05 07:17:27,723 - rayforge.addon_mgr.lazy_loader - WARNING - Manifest not ready, giving up
2026-07-05 07:17:27,726 - rayforge.addon_mgr.addon_manager - INFO - Loaded addon: laser_essentials (builtin)
2026-07-05 07:17:27,730 - rayforge.addon_mgr.addon_manager - INFO - Loaded addon: print_and_cut (builtin)
2026-07-05 07:17:28,248 - rayforge.addon_mgr.lazy_loader - WARNING - Manifest not ready, giving up
2026-07-05 07:17:28,766 - rayforge.addon_mgr.lazy_loader - WARNING - Manifest not ready, giving up
2026-07-05 07:17:29,284 - rayforge.addon_mgr.lazy_loader - WARNING - Manifest not ready, giving up
2026-07-05 07:17:29,799 - rayforge.addon_mgr.lazy_loader - WARNING - Manifest not ready, giving up
2026-07-05 07:17:30,316 - rayforge.addon_mgr.lazy_loader - WARNING - Manifest not ready, giving up
2026-07-05 07:17:30,836 - rayforge.addon_mgr.lazy_loader - WARNING - Manifest not ready, giving up
2026-07-05 07:17:31,351 - rayforge.addon_mgr.lazy_loader - WARNING - Manifest not ready, giving up
2026-07-05 07:17:31,873 - rayforge.addon_mgr.lazy_loader - WARNING - Manifest not ready, giving up
2026-07-05 07:17:32,392 - rayforge.addon_mgr.lazy_loader - WARNING - Manifest not ready, giving up
2026-07-05 07:17:32,912 - rayforge.addon_mgr.lazy_loader - WARNING - Manifest not ready, giving up
2026-07-05 07:17:33,431 - rayforge.addon_mgr.lazy_loader - WARNING - Manifest not ready, giving up
2026-07-05 07:17:33,953 - rayforge.addon_mgr.lazy_loader - WARNING - Manifest not ready, giving up
2026-07-05 07:17:34,473 - rayforge.addon_mgr.lazy_loader - WARNING - Manifest not ready, giving up
2026-07-05 07:17:34,994 - rayforge.addon_mgr.lazy_loader - WARNING - Manifest not ready, giving up
2026-07-05 07:17:35,515 - rayforge.addon_mgr.lazy_loader - WARNING - Manifest not ready, giving up
2026-07-05 07:17:36,035 - rayforge.addon_mgr.lazy_loader - WARNING - Manifest not ready, giving up
2026-07-05 07:17:36,557 - rayforge.addon_mgr.lazy_loader - WARNING - Manifest not ready, giving up
2026-07-05 07:17:36,560 - rayforge.addon_mgr.addon_manager - INFO - Loaded addon: post_processors (builtin)
2026-07-05 07:17:37,085 - rayforge.addon_mgr.lazy_loader - WARNING - Manifest not ready, giving up
2026-07-05 07:17:37,606 - rayforge.addon_mgr.lazy_loader - WARNING - Manifest not ready, giving up
2026-07-05 07:17:38,136 - rayforge.addon_mgr.lazy_loader - WARNING - Manifest not ready, giving up
2026-07-05 07:17:38,656 - rayforge.addon_mgr.lazy_loader - WARNING - Manifest not ready, giving up
2026-07-05 07:17:38,669 - rayforge.addon_mgr.addon_manager - INFO - Loaded addon: ai_workpiece_generator (builtin)
2026-07-05 07:17:39,214 - rayforge.addon_mgr.lazy_loader - WARNING - Manifest not ready, giving up
2026-07-05 07:17:39,735 - rayforge.addon_mgr.lazy_loader - WARNING - Manifest not ready, giving up
2026-07-05 07:17:40,249 - rayforge.addon_mgr.lazy_loader - WARNING - Manifest not ready, giving up
2026-07-05 07:17:40,768 - rayforge.addon_mgr.lazy_loader - WARNING - Manifest not ready, giving up
2026-07-05 07:17:41,306 - rayforge.addon_mgr.lazy_loader - WARNING - Manifest not ready, giving up
2026-07-05 07:17:41,822 - rayforge.addon_mgr.lazy_loader - WARNING - Manifest not ready, giving up
2026-07-05 07:17:42,409 - rayforge.addon_mgr.lazy_loader - WARNING - Manifest not ready, giving up
2026-07-05 07:17:42,923 - rayforge.addon_mgr.lazy_loader - WARNING - Manifest not ready, giving up
2026-07-05 07:17:43,443 - rayforge.addon_mgr.lazy_loader - WARNING - Manifest not ready, giving up
2026-07-05 07:17:43,961 - rayforge.addon_mgr.lazy_loader - WARNING - Manifest not ready, giving up
2026-07-05 07:17:44,481 - rayforge.addon_mgr.lazy_loader - WARNING - Manifest not ready, giving up
2026-07-05 07:17:44,994 - rayforge.addon_mgr.lazy_loader - WARNING - Manifest not ready, giving up
2026-07-05 07:17:45,513 - rayforge.addon_mgr.lazy_loader - WARNING - Manifest not ready, giving up
2026-07-05 07:17:46,033 - rayforge.addon_mgr.lazy_loader - WARNING - Manifest not ready, giving up
2026-07-05 07:17:46,555 - rayforge.addon_mgr.lazy_loader - WARNING - Manifest not ready, giving up
2026-07-05 07:17:47,080 - rayforge.addon_mgr.lazy_loader - WARNING - Manifest not ready, giving up
2026-07-05 07:17:47,596 - rayforge.addon_mgr.lazy_loader - WARNING - Manifest not ready, giving up
2026-07-05 07:17:48,117 - rayforge.addon_mgr.lazy_loader - WARNING - Manifest not ready, giving up
2026-07-05 07:17:48,636 - rayforge.addon_mgr.lazy_loader - WARNING - Manifest not ready, giving up
2026-07-05 07:17:49,157 - rayforge.addon_mgr.lazy_loader - WARNING - Manifest not ready, giving up
2026-07-05 07:17:49,674 - rayforge.addon_mgr.lazy_loader - WARNING - Manifest not ready, giving up
2026-07-05 07:17:50,196 - rayforge.addon_mgr.lazy_loader - WARNING - Manifest not ready, giving up
2026-07-05 07:17:50,715 - rayforge.addon_mgr.lazy_loader - WARNING - Manifest not ready, giving up
2026-07-05 07:17:51,244 - rayforge.addon_mgr.lazy_loader - WARNING - Manifest not ready, giving up
2026-07-05 07:17:51,763 - rayforge.addon_mgr.lazy_loader - WARNING - Manifest not ready, giving up
2026-07-05 07:17:52,286 - rayforge.addon_mgr.lazy_loader - WARNING - Manifest not ready, giving up
2026-07-05 07:17:52,806 - rayforge.addon_mgr.lazy_loader - WARNING - Manifest not ready, giving up
2026-07-05 07:17:53,325 - rayforge.addon_mgr.lazy_loader - WARNING - Manifest not ready, giving up
2026-07-05 07:17:53,845 - rayforge.addon_mgr.lazy_loader - WARNING - Manifest not ready, giving up
2026-07-05 07:17:54,370 - rayforge.addon_mgr.lazy_loader - WARNING - Manifest not ready, giving up
2026-07-05 07:17:54,896 - rayforge.addon_mgr.lazy_loader - WARNING - Manifest not ready, giving up
2026-07-05 07:17:55,416 - rayforge.addon_mgr.lazy_loader - WARNING - Manifest not ready, giving up
2026-07-05 07:17:55,937 - rayforge.addon_mgr.lazy_loader - WARNING - Manifest not ready, giving up
2026-07-05 07:17:56,456 - rayforge.addon_mgr.lazy_loader - WARNING - Manifest not ready, giving up
2026-07-05 07:17:56,976 - rayforge.addon_mgr.lazy_loader - WARNING - Manifest not ready, giving up
2026-07-05 07:17:57,495 - rayforge.addon_mgr.lazy_loader - WARNING - Manifest not ready, giving up
2026-07-05 07:17:58,013 - rayforge.addon_mgr.lazy_loader - WARNING - Manifest not ready, giving up
2026-07-05 07:17:58,532 - rayforge.addon_mgr.lazy_loader - WARNING - Manifest not ready, giving up
2026-07-05 07:17:59,051 - rayforge.addon_mgr.lazy_loader - WARNING - Manifest not ready, giving up
2026-07-05 07:17:59,570 - rayforge.addon_mgr.lazy_loader - WARNING - Manifest not ready, giving up
2026-07-05 07:18:00,090 - rayforge.addon_mgr.lazy_loader - WARNING - Manifest not ready, giving up
2026-07-05 07:18:00,613 - rayforge.addon_mgr.lazy_loader - WARNING - Manifest not ready, giving up
2026-07-05 07:18:01,133 - rayforge.addon_mgr.lazy_loader - WARNING - Manifest not ready, giving up
2026-07-05 07:18:01,653 - rayforge.addon_mgr.lazy_loader - WARNING - Manifest not ready, giving up
2026-07-05 07:18:02,172 - rayforge.addon_mgr.lazy_loader - WARNING - Manifest not ready, giving up
2026-07-05 07:18:02,695 - rayforge.addon_mgr.lazy_loader - WARNING - Manifest not ready, giving up
2026-07-05 07:18:03,223 - rayforge.addon_mgr.lazy_loader - WARNING - Manifest not ready, giving up
2026-07-05 07:18:03,747 - rayforge.addon_mgr.lazy_loader - WARNING - Manifest not ready, giving up
2026-07-05 07:18:04,271 - rayforge.addon_mgr.lazy_loader - WARNING - Manifest not ready, giving up
2026-07-05 07:18:04,793 - rayforge.addon_mgr.lazy_loader - WARNING - Manifest not ready, giving up
2026-07-05 07:18:05,310 - rayforge.addon_mgr.lazy_loader - WARNING - Manifest not ready, giving up
2026-07-05 07:18:05,832 - rayforge.addon_mgr.lazy_loader - WARNING - Manifest not ready, giving up
2026-07-05 07:18:06,357 - rayforge.addon_mgr.lazy_loader - WARNING - Manifest not ready, giving up
2026-07-05 07:18:06,879 - rayforge.addon_mgr.lazy_loader - WARNING - Manifest not ready, giving up
2026-07-05 07:18:07,400 - rayforge.addon_mgr.lazy_loader - WARNING - Manifest not ready, giving up
2026-07-05 07:18:07,923 - rayforge.addon_mgr.lazy_loader - WARNING - Manifest not ready, giving up
2026-07-05 07:18:08,446 - rayforge.addon_mgr.lazy_loader - WARNING - Manifest not ready, giving up
2026-07-05 07:18:08,970 - rayforge.addon_mgr.lazy_loader - WARNING - Manifest not ready, giving up
2026-07-05 07:18:09,494 - rayforge.addon_mgr.lazy_loader - WARNING - Manifest not ready, giving up
2026-07-05 07:18:10,011 - rayforge.addon_mgr.lazy_loader - WARNING - Manifest not ready, giving up
2026-07-05 07:18:10,527 - rayforge.addon_mgr.lazy_loader - WARNING - Manifest not ready, giving up
2026-07-05 07:18:11,042 - rayforge.addon_mgr.lazy_loader - WARNING - Manifest not ready, giving up
2026-07-05 07:18:11,562 - rayforge.addon_mgr.lazy_loader - WARNING - Manifest not ready, giving up
2026-07-05 07:18:12,077 - rayforge.addon_mgr.lazy_loader - WARNING - Manifest not ready, giving up
2026-07-05 07:18:12,597 - rayforge.addon_mgr.lazy_loader - WARNING - Manifest not ready, giving up
2026-07-05 07:18:13,114 - rayforge.addon_mgr.lazy_loader - WARNING - Manifest not ready, giving up
2026-07-05 07:18:13,629 - rayforge.addon_mgr.lazy_loader - WARNING - Manifest not ready, giving up
2026-07-05 07:18:14,143 - rayforge.addon_mgr.lazy_loader - WARNING - Manifest not ready, giving up
2026-07-05 07:18:14,661 - rayforge.addon_mgr.lazy_loader - WARNING - Manifest not ready, giving up
2026-07-05 07:18:15,178 - rayforge.addon_mgr.lazy_loader - WARNING - Manifest not ready, giving up
2026-07-05 07:18:15,700 - rayforge.addon_mgr.lazy_loader - WARNING - Manifest not ready, giving up
2026-07-05 07:18:16,222 - rayforge.addon_mgr.lazy_loader - WARNING - Manifest not ready, giving up
2026-07-05 07:18:16,747 - rayforge.addon_mgr.lazy_loader - WARNING - Manifest not ready, giving up
2026-07-05 07:18:17,269 - rayforge.addon_mgr.lazy_loader - WARNING - Manifest not ready, giving up
2026-07-05 07:18:17,792 - rayforge.addon_mgr.lazy_loader - WARNING - Manifest not ready, giving up
2026-07-05 07:18:18,313 - rayforge.addon_mgr.lazy_loader - WARNING - Manifest not ready, giving up
2026-07-05 07:18:18,837 - rayforge.addon_mgr.lazy_loader - WARNING - Manifest not ready, giving up
2026-07-05 07:18:19,361 - rayforge.addon_mgr.lazy_loader - WARNING - Manifest not ready, giving up
2026-07-05 07:18:19,888 - rayforge.addon_mgr.lazy_loader - WARNING - Manifest not ready, giving up
2026-07-05 07:18:20,406 - rayforge.addon_mgr.lazy_loader - WARNING - Manifest not ready, giving up
2026-07-05 07:18:20,924 - rayforge.addon_mgr.lazy_loader - WARNING - Manifest not ready, giving up
2026-07-05 07:18:21,441 - rayforge.addon_mgr.lazy_loader - WARNING - Manifest not ready, giving up
2026-07-05 07:18:21,963 - rayforge.addon_mgr.lazy_loader - WARNING - Manifest not ready, giving up
2026-07-05 07:18:22,484 - rayforge.addon_mgr.lazy_loader - WARNING - Manifest not ready, giving up
2026-07-05 07:18:23,006 - rayforge.addon_mgr.lazy_loader - WARNING - Manifest not ready, giving up
2026-07-05 07:18:23,012 - rayforge.context - INFO - Addons loaded (headless=False)
IOSBOOT: _ios_run: register()
IOSBOOT: _ios_run: activate()
Traceback (most recent call last):
  File "/Users/runner/Library/Developer/CoreSimulator/Devices/738CD88E-3319-4B5A-99D7-957012A40B25/data/Containers/Bundle/Application/F3B0CA45-B2FF-4DB0-8D77-B85CC2C5FA5C/RayforgeApp.app/python/lib/python3.13/site-packages/OpenGL/platform/glx.py", line 46, in GLX
    lib = ctypesloader.loadLibrary(
        ctypes.cdll, name, mode=ctypes.RTLD_GLOBAL
    )
  File "/Users/runner/Library/Developer/CoreSimulator/Devices/738CD88E-3319-4B5A-99D7-957012A40B25/data/Containers/Bundle/Application/F3B0CA45-B2FF-4DB0-8D77-B85CC2C5FA5C/RayforgeApp.app/python/lib/python3.13/site-packages/OpenGL/platform/ctypesloader.py", line 36, in loadLibrary
    return _loadLibraryWindows(dllType, name, mode)
  File "/Users/runner/Library/Developer/CoreSimulator/Devices/738CD88E-3319-4B5A-99D7-957012A40B25/data/Containers/Bundle/Application/F3B0CA45-B2FF-4DB0-8D77-B85CC2C5FA5C/RayforgeApp.app/python/lib/python3.13/site-packages/OpenGL/platform/ctypesloader.py", line 89, in _loadLibraryWindows
    return dllType( name, mode )
  File "/Users/runner/Library/Developer/CoreSimulator/Devices/738CD88E-3319-4B5A-99D7-957012A40B25/data/Containers/Bundle/Application/F3B0CA45-B2FF-4DB0-8D77-B85CC2C5FA5C/RayforgeApp.app/python/lib/python3.13/ctypes/__init__.py", line 361, in __init__
    self._handle = self._load_library(name, mode, handle, winmode)
                   ~~~~~~~~~~~~~~~~~~^^^^^^^^^^^^^^^^^^^^^^^^^^^^^
  File "/Users/runner/Library/Developer/CoreSimulator/Devices/738CD88E-3319-4B5A-99D7-957012A40B25/data/Containers/Bundle/Application/F3B0CA45-B2FF-4DB0-8D77-B85CC2C5FA5C/RayforgeApp.app/python/lib/python3.13/ctypes/__init__.py", line 403, in _load_library
    return _dlopen(name, mode)
OSError: ("dlopen(GLX, 0x000A): tried: '/Library/Developer/CoreSimulator/Volumes/iOS_23C54/Library/Developer/CoreSimulator/Profiles/Runtimes/iOS 26.2.simruntime/Contents/Resources/RuntimeRootGLX' (no such file), '/Users/runner/Library/Developer/CoreSimulator/Devices/738CD88E-3319-4B5A-99D7-957012A40B25/data/Containers/Bundle/Application/F3B0CA45-B2FF-4DB0-8D77-B85CC2C5FA5C/RayforgeApp.app/Frameworks/GLX' (no such file), '/usr/lib/GLX' (no such file, not in dyld cache), 'GLX' (no such file), '/Library/Developer/CoreSimulator/Volumes/iOS_23C54/Library/Developer/CoreSimulator/Profiles/Runtimes/iOS 26.2.simruntime/Contents/Resources/RuntimeRoot/usr/lib/GLX' (no such file)", 'GLX', None)

During handling of the above exception, another exception occurred:

Traceback (most recent call last):
  File "/Users/runner/Library/Developer/CoreSimulator/Devices/738CD88E-3319-4B5A-99D7-957012A40B25/data/Containers/Bundle/Application/F3B0CA45-B2FF-4DB0-8D77-B85CC2C5FA5C/RayforgeApp.app/python/lib/python3.13/site-packages/rayforge/app.py", line 227, in do_activate
    from rayforge.ui_gtk.mainwindow import MainWindow
  File "/Users/runner/Library/Developer/CoreSimulator/Devices/738CD88E-3319-4B5A-99D7-957012A40B25/data/Containers/Bundle/Application/F3B0CA45-B2FF-4DB0-8D77-B85CC2C5FA5C/RayforgeApp.app/python/lib/python3.13/site-packages/rayforge/ui_gtk/mainwindow.py", line 55, in <module>
    from .machine.settings_dialog import MachineSettingsDialog
  File "/Users/runner/Library/Developer/CoreSimulator/Devices/738CD88E-3319-4B5A-99D7-957012A40B25/data/Containers/Bundle/Application/F3B0CA45-B2FF-4DB0-8D77-B85CC2C5FA5C/RayforgeApp.app/python/lib/python3.13/site-packages/rayforge/ui_gtk/machine/settings_dialog.py", line 28, in <module>
    from .laser_preferences_page import LaserPreferencesPage
  File "/Users/runner/Library/Developer/CoreSimulator/Devices/738CD88E-3319-4B5A-99D7-957012A40B25/data/Containers/Bundle/Application/F3B0CA45-B2FF-4DB0-8D77-B85CC2C5FA5C/RayforgeApp.app/python/lib/python3.13/site-packages/rayforge/ui_gtk/machine/laser_preferences_page.py", line 18, in <module>
    from ..sim3d.renderer.model_renderer import get_model_extent
  File "/Users/runner/Library/Developer/CoreSimulator/Devices/738CD88E-3319-4B5A-99D7-957012A40B25/data/Containers/Bundle/Application/F3B0CA45-B2FF-4DB0-8D77-B85CC2C5FA5C/RayforgeApp.app/python/lib/python3.13/site-packages/rayforge/ui_gtk/sim3d/renderer/model_renderer.py", line 12, in <module>
    from OpenGL import GL
  File "/Users/runner/Library/Developer/CoreSimulator/Devices/738CD88E-3319-4B5A-99D7-957012A40B25/data/Containers/Bundle/Application/F3B0CA45-B2FF-4DB0-8D77-B85CC2C5FA5C/RayforgeApp.app/python/lib/python3.13/site-packages/OpenGL/GL/__init__.py", line 3, in <module>
    from OpenGL import error as _error
  File "/Users/runner/Library/Developer/CoreSimulator/Devices/738CD88E-3319-4B5A-99D7-957012A40B25/data/Containers/Bundle/Application/F3B0CA45-B2FF-4DB0-8D77-B85CC2C5FA5C/RayforgeApp.app/python/lib/python3.13/site-packages/OpenGL/error.py", line 12, in <module>
    from OpenGL import platform, _configflags
  File "/Users/runner/Library/Developer/CoreSimulator/Devices/738CD88E-3319-4B5A-99D7-957012A40B25/data/Containers/Bundle/Application/F3B0CA45-B2FF-4DB0-8D77-B85CC2C5FA5C/RayforgeApp.app/python/lib/python3.13/site-packages/OpenGL/platform/__init__.py", line 59, in <module>
    _load()
    ~~~~~^^
  File "/Users/runner/Library/Developer/CoreSimulator/Devices/738CD88E-3319-4B5A-99D7-957012A40B25/data/Containers/Bundle/Application/F3B0CA45-B2FF-4DB0-8D77-B85CC2C5FA5C/RayforgeApp.app/python/lib/python3.13/site-packages/OpenGL/platform/__init__.py", line 55, in _load
    plugin.install(globals())
    ~~~~~~~~~~~~~~^^^^^^^^^^^
  File "/Users/runner/Library/Developer/CoreSimulator/Devices/738CD88E-3319-4B5A-99D7-957012A40B25/data/Containers/Bundle/Application/F3B0CA45-B2FF-4DB0-8D77-B85CC2C5FA5C/RayforgeApp.app/python/lib/python3.13/site-packages/OpenGL/platform/baseplatform.py", line 108, in install
    namespace[name] = getattr(self, name, None)
                      ~~~~~~~^^^^^^^^^^^^^^^^^^
  File "/Users/runner/Library/Developer/CoreSimulator/Devices/738CD88E-3319-4B5A-99D7-957012A40B25/data/Containers/Bundle/Application/F3B0CA45-B2FF-4DB0-8D77-B85CC2C5FA5C/RayforgeApp.app/python/lib/python3.13/site-packages/OpenGL/platform/baseplatform.py", line 19, in __get__
    value = self.fget(obj)
  File "/Users/runner/Library/Developer/CoreSimulator/Devices/738CD88E-3319-4B5A-99D7-957012A40B25/data/Containers/Bundle/Application/F3B0CA45-B2FF-4DB0-8D77-B85CC2C5FA5C/RayforgeApp.app/python/lib/python3.13/site-packages/OpenGL/platform/glx.py", line 104, in GetCurrentContext
    glXGetCurrentContext = self.GLX.glXGetCurrentContext
                           ^^^^^^^^
  File "/Users/runner/Library/Developer/CoreSimulator/Devices/738CD88E-3319-4B5A-99D7-957012A40B25/data/Containers/Bundle/Application/F3B0CA45-B2FF-4DB0-8D77-B85CC2C5FA5C/RayforgeApp.app/python/lib/python3.13/site-packages/OpenGL/platform/baseplatform.py", line 19, in __get__
    value = self.fget(obj)
  File "/Users/runner/Library/Developer/CoreSimulator/Devices/738CD88E-3319-4B5A-99D7-957012A40B25/data/Containers/Bundle/Application/F3B0CA45-B2FF-4DB0-8D77-B85CC2C5FA5C/RayforgeApp.app/python/lib/python3.13/site-packages/OpenGL/platform/glx.py", line 52, in GLX
    return self.GL
           ^^^^^^^
  File "/Users/runner/Library/Developer/CoreSimulator/Devices/738CD88E-3319-4B5A-99D7-957012A40B25/data/Containers/Bundle/Application/F3B0CA45-B2FF-4DB0-8D77-B85CC2C5FA5C/RayforgeApp.app/python/lib/python3.13/site-packages/OpenGL/platform/baseplatform.py", line 19, in __get__
    value = self.fget(obj)
  File "/Users/runner/Library/Developer/CoreSimulator/Devices/738CD88E-3319-4B5A-99D7-957012A40B25/data/Containers/Bundle/Application/F3B0CA45-B2FF-4DB0-8D77-B85CC2C5FA5C/RayforgeApp.app/python/lib/python3.13/site-packages/OpenGL/platform/glx.py", line 24, in GL
    raise ImportError("Unable to load OpenGL or GL library")
ImportError: Unable to load OpenGL or GL library
2026-07-05 07:18:24,012 - rayforge.app - ERROR - Unhandled exception
Traceback (most recent call last):
  File "/Users/runner/Library/Developer/CoreSimulator/Devices/738CD88E-3319-4B5A-99D7-957012A40B25/data/Containers/Bundle/Application/F3B0CA45-B2FF-4DB0-8D77-B85CC2C5FA5C/RayforgeApp.app/python/lib/python3.13/site-packages/OpenGL/platform/glx.py", line 46, in GLX
    lib = ctypesloader.loadLibrary(
        ctypes.cdll, name, mode=ctypes.RTLD_GLOBAL
    )
  File "/Users/runner/Library/Developer/CoreSimulator/Devices/738CD88E-3319-4B5A-99D7-957012A40B25/data/Containers/Bundle/Application/F3B0CA45-B2FF-4DB0-8D77-B85CC2C5FA5C/RayforgeApp.app/python/lib/python3.13/site-packages/OpenGL/platform/ctypesloader.py", line 36, in loadLibrary
    return _loadLibraryWindows(dllType, name, mode)
  File "/Users/runner/Library/Developer/CoreSimulator/Devices/738CD88E-3319-4B5A-99D7-957012A40B25/data/Containers/Bundle/Application/F3B0CA45-B2FF-4DB0-8D77-B85CC2C5FA5C/RayforgeApp.app/python/lib/python3.13/site-packages/OpenGL/platform/ctypesloader.py", line 89, in _loadLibraryWindows
    return dllType( name, mode )
  File "/Users/runner/Library/Developer/CoreSimulator/Devices/738CD88E-3319-4B5A-99D7-957012A40B25/data/Containers/Bundle/Application/F3B0CA45-B2FF-4DB0-8D77-B85CC2C5FA5C/RayforgeApp.app/python/lib/python3.13/ctypes/__init__.py", line 361, in __init__
    self._handle = self._load_library(name, mode, handle, winmode)
                   ~~~~~~~~~~~~~~~~~~^^^^^^^^^^^^^^^^^^^^^^^^^^^^^
  File "/Users/runner/Library/Developer/CoreSimulator/Devices/738CD88E-3319-4B5A-99D7-957012A40B25/data/Containers/Bundle/Application/F3B0CA45-B2FF-4DB0-8D77-B85CC2C5FA5C/RayforgeApp.app/python/lib/python3.13/ctypes/__init__.py", line 403, in _load_library
    return _dlopen(name, mode)
OSError: ("dlopen(GLX, 0x000A): tried: '/Library/Developer/CoreSimulator/Volumes/iOS_23C54/Library/Developer/CoreSimulator/Profiles/Runtimes/iOS 26.2.simruntime/Contents/Resources/RuntimeRootGLX' (no such file), '/Users/runner/Library/Developer/CoreSimulator/Devices/738CD88E-3319-4B5A-99D7-957012A40B25/data/Containers/Bundle/Application/F3B0CA45-B2FF-4DB0-8D77-B85CC2C5FA5C/RayforgeApp.app/Frameworks/GLX' (no such file), '/usr/lib/GLX' (no such file, not in dyld cache), 'GLX' (no such file), '/Library/Developer/CoreSimulator/Volumes/iOS_23C54/Library/Developer/CoreSimulator/Profiles/Runtimes/iOS 26.2.simruntime/Contents/Resources/RuntimeRoot/usr/lib/GLX' (no such file)", 'GLX', None)

During handling of the above exception, another exception occurred:

Traceback (most recent call last):
  File "/Users/runner/Library/Developer/CoreSimulator/Devices/738CD88E-3319-4B5A-99D7-957012A40B25/data/Containers/Bundle/Application/F3B0CA45-B2FF-4DB0-8D77-B85CC2C5FA5C/RayforgeApp.app/python/lib/python3.13/site-packages/rayforge/app.py", line 227, in do_activate
    from rayforge.ui_gtk.mainwindow import MainWindow
  File "/Users/runner/Library/Developer/CoreSimulator/Devices/738CD88E-3319-4B5A-99D7-957012A40B25/data/Containers/Bundle/Application/F3B0CA45-B2FF-4DB0-8D77-B85CC2C5FA5C/RayforgeApp.app/python/lib/python3.13/site-packages/rayforge/ui_gtk/mainwindow.py", line 55, in <module>
    from .machine.settings_dialog import MachineSettingsDialog
  File "/Users/runner/Library/Developer/CoreSimulator/Devices/738CD88E-3319-4B5A-99D7-957012A40B25/data/Containers/Bundle/Application/F3B0CA45-B2FF-4DB0-8D77-B85CC2C5FA5C/RayforgeApp.app/python/lib/python3.13/site-packages/rayforge/ui_gtk/machine/settings_dialog.py", line 28, in <module>
    from .laser_preferences_page import LaserPreferencesPage
  File "/Users/runner/Library/Developer/CoreSimulator/Devices/738CD88E-3319-4B5A-99D7-957012A40B25/data/Containers/Bundle/Application/F3B0CA45-B2FF-4DB0-8D77-B85CC2C5FA5C/RayforgeApp.app/python/lib/python3.13/site-packages/rayforge/ui_gtk/machine/laser_preferences_page.py", line 18, in <module>
    from ..sim3d.renderer.model_renderer import get_model_extent
  File "/Users/runner/Library/Developer/CoreSimulator/Devices/738CD88E-3319-4B5A-99D7-957012A40B25/data/Containers/Bundle/Application/F3B0CA45-B2FF-4DB0-8D77-B85CC2C5FA5C/RayforgeApp.app/python/lib/python3.13/site-packages/rayforge/ui_gtk/sim3d/renderer/model_renderer.py", line 12, in <module>
    from OpenGL import GL
  File "/Users/runner/Library/Developer/CoreSimulator/Devices/738CD88E-3319-4B5A-99D7-957012A40B25/data/Containers/Bundle/Application/F3B0CA45-B2FF-4DB0-8D77-B85CC2C5FA5C/RayforgeApp.app/python/lib/python3.13/site-packages/OpenGL/GL/__init__.py", line 3, in <module>
    from OpenGL import error as _error
  File "/Users/runner/Library/Developer/CoreSimulator/Devices/738CD88E-3319-4B5A-99D7-957012A40B25/data/Containers/Bundle/Application/F3B0CA45-B2FF-4DB0-8D77-B85CC2C5FA5C/RayforgeApp.app/python/lib/python3.13/site-packages/OpenGL/error.py", line 12, in <module>
    from OpenGL import platform, _configflags
  File "/Users/runner/Library/Developer/CoreSimulator/Devices/738CD88E-3319-4B5A-99D7-957012A40B25/data/Containers/Bundle/Application/F3B0CA45-B2FF-4DB0-8D77-B85CC2C5FA5C/RayforgeApp.app/python/lib/python3.13/site-packages/OpenGL/platform/__init__.py", line 59, in <module>
    _load()
    ~~~~~^^
  File "/Users/runner/Library/Developer/CoreSimulator/Devices/738CD88E-3319-4B5A-99D7-957012A40B25/data/Containers/Bundle/Application/F3B0CA45-B2FF-4DB0-8D77-B85CC2C5FA5C/RayforgeApp.app/python/lib/python3.13/site-packages/OpenGL/platform/__init__.py", line 55, in _load
    plugin.install(globals())
    ~~~~~~~~~~~~~~^^^^^^^^^^^
  File "/Users/runner/Library/Developer/CoreSimulator/Devices/738CD88E-3319-4B5A-99D7-957012A40B25/data/Containers/Bundle/Application/F3B0CA45-B2FF-4DB0-8D77-B85CC2C5FA5C/RayforgeApp.app/python/lib/python3.13/site-packages/OpenGL/platform/baseplatform.py", line 108, in install
    namespace[name] = getattr(self, name, None)
                      ~~~~~~~^^^^^^^^^^^^^^^^^^
  File "/Users/runner/Library/Developer/CoreSimulator/Devices/738CD88E-3319-4B5A-99D7-957012A40B25/data/Containers/Bundle/Application/F3B0CA45-B2FF-4DB0-8D77-B85CC2C5FA5C/RayforgeApp.app/python/lib/python3.13/site-packages/OpenGL/platform/baseplatform.py", line 19, in __get__
    value = self.fget(obj)
  File "/Users/runner/Library/Developer/CoreSimulator/Devices/738CD88E-3319-4B5A-99D7-957012A40B25/data/Containers/Bundle/Application/F3B0CA45-B2FF-4DB0-8D77-B85CC2C5FA5C/RayforgeApp.app/python/lib/python3.13/site-packages/OpenGL/platform/glx.py", line 104, in GetCurrentContext
    glXGetCurrentContext = self.GLX.glXGetCurrentContext
                           ^^^^^^^^
  File "/Users/runner/Library/Developer/CoreSimulator/Devices/738CD88E-3319-4B5A-99D7-957012A40B25/data/Containers/Bundle/Application/F3B0CA45-B2FF-4DB0-8D77-B85CC2C5FA5C/RayforgeApp.app/python/lib/python3.13/site-packages/OpenGL/platform/baseplatform.py", line 19, in __get__
    value = self.fget(obj)
  File "/Users/runner/Library/Developer/CoreSimulator/Devices/738CD88E-3319-4B5A-99D7-957012A40B25/data/Containers/Bundle/Application/F3B0CA45-B2FF-4DB0-8D77-B85CC2C5FA5C/RayforgeApp.app/python/lib/python3.13/site-packages/OpenGL/platform/glx.py", line 52, in GLX
    return self.GL
           ^^^^^^^
  File "/Users/runner/Library/Developer/CoreSimulator/Devices/738CD88E-3319-4B5A-99D7-957012A40B25/data/Containers/Bundle/Application/F3B0CA45-B2FF-4DB0-8D77-B85CC2C5FA5C/RayforgeApp.app/python/lib/python3.13/site-packages/OpenGL/platform/baseplatform.py", line 19, in __get__
    value = self.fget(obj)
  File "/Users/runner/Library/Developer/CoreSimulator/Devices/738CD88E-3319-4B5A-99D7-957012A40B25/data/Containers/Bundle/Application/F3B0CA45-B2FF-4DB0-8D77-B85CC2C5FA5C/RayforgeApp.app/python/lib/python3.13/site-packages/OpenGL/platform/glx.py", line 24, in GL
    raise ImportError("Unable to load OpenGL or GL library")
ImportError: Unable to load OpenGL or GL library
IOSBOOT: _ios_run: activate() returned; windows=0
IOSBOOT: keep-running caught — startup unwound cleanly
RAYFORGE UI RUNNING
** Message: 07:18:24.015: rayforge boot: PyGObject self-test ran (CPython 3.13.14 (main, Jun 12 2026, 07:26:39) [Clang 17.0.0 (clang-1700.0.13.5)]) ? see console for PYGOBJECT OK/FAIL
Gdk-Message: 07:18:24.025: gdk-ios: user main returned
Gdk-Message: 07:18:26.089: gdk-ios: pump alive frame=120 total_iterations=2
Gdk-Message: 07:18:28.089: gdk-ios: pump alive frame=240 total_iterations=2
Gdk-Message: 07:18:30.089: gdk-ios: pump alive frame=360 total_iterations=2
Gdk-Message: 07:18:32.089: gdk-ios: pump alive frame=480 total_iterations=2
Gdk-Message: 07:18:34.089: gdk-ios: pump alive frame=600 total_iterations=2
Gdk-Message: 07:18:36.089: gdk-ios: pump alive frame=720 total_iterations=2
Gdk-Message: 07:18:38.089: gdk-ios: pump alive frame=840 total_iterations=2
Gdk-Message: 07:18:40.089: gdk-ios: pump alive frame=960 total_iterations=2
Gdk-Message: 07:18:42.089: gdk-ios: pump alive frame=1080 total_iterations=2
Gdk-Message: 07:18:44.089: gdk-ios: pump alive frame=1200 total_iterations=2
Gdk-Message: 07:18:46.090: gdk-ios: pump alive frame=1320 total_iterations=2
Gdk-Message: 07:18:48.089: gdk-ios: pump alive frame=1440 total_iterations=2
+ echo '===== app syslog (first 120) ====='
===== app syslog (first 120) =====
+ head -120 app-syslog.log
getpwuid_r did not find a match for uid 501
Timestamp                       Thread     Type        Activity             PID    TTL  
2026-07-05 07:16:53.678931+0000 0xdd6d     Default     0x0                  20221  0    rayforge-app: (libMobileGestalt.dylib) No persisted cache on this platform.
2026-07-05 07:16:53.679558+0000 0xdd7d     Default     0x0                  20221  0    rayforge-app: (libxpc.dylib) [com.apple.xpc:connection] [0x102005c10] activating connection: mach=true listener=false peer=false name=com.apple.cfprefsd.daemon
2026-07-05 07:16:53.681918+0000 0xdd7f     Default     0x0                  20221  0    rayforge-app: (BoardServices) [com.apple.BoardServices:XPCErrors] [C:1] Alloc com.apple.frontboard.systemappservices
2026-07-05 07:16:53.682252+0000 0xdd7f     Default     0x0                  20221  0    rayforge-app: (libxpc.dylib) [com.apple.xpc:connection] [0x102007bc0] activating connection: mach=false listener=false peer=false name=(anonymous)
2026-07-05 07:16:53.692880+0000 0xdd7d     Default     0x0                  20221  0    rayforge-app: (UIKitCore) [com.apple.UIKit:BackgroundTask] Creating new assertion because there is no existing background assertion.
2026-07-05 07:16:53.692973+0000 0xdd7d     Default     0x0                  20221  0    rayforge-app: (UIKitCore) [com.apple.UIKit:BackgroundTask] Creating new background assertion
2026-07-05 07:16:53.693073+0000 0xdd7d     Default     0x0                  20221  0    rayforge-app: (UIKitCore) [com.apple.UIKit:BackgroundTask] Created new background assertion <BKSProcessAssertion: 0x600002105090>
2026-07-05 07:16:53.693212+0000 0xdd6d     Default     0x0                  20221  0    rayforge-app: (UIKitCore) [com.apple.UIKit:Application] Deactivation reason added: 10; deactivation reasons: 0 -> 1024; animating application lifecycle event: 0
2026-07-05 07:16:53.693956+0000 0xdd7d     Default     0x0                  20221  0    rayforge-app: (RunningBoardServices) [com.apple.runningboard:connection] Initializing connection
2026-07-05 07:16:53.694018+0000 0xdd7d     Default     0x0                  20221  0    rayforge-app: (RunningBoardServices) [com.apple.runningboard:process] Removing all cached process handles
2026-07-05 07:16:53.694174+0000 0xdd7d     Default     0x0                  20221  0    rayforge-app: (RunningBoardServices) [com.apple.runningboard:connection] Creating connection to com.apple.runningboard
2026-07-05 07:16:53.694189+0000 0xdd7d     Default     0x0                  20221  0    rayforge-app: (libxpc.dylib) [com.apple.xpc:connection] [0x103406270] activating connection: mach=true listener=false peer=false name=com.apple.runningboard
2026-07-05 07:16:53.694406+0000 0xdd6d     Default     0x0                  20221  0    rayforge-app: (BoardServices) [com.apple.BoardServices:Injection] activating monitor for service com.apple.frontboard.open
2026-07-05 07:16:53.694908+0000 0xdd6d     Default     0x0                  20221  0    rayforge-app: (BoardServices) [com.apple.BoardServices:Injection] activating monitor for service com.apple.frontboard.workspace-service
2026-07-05 07:16:53.695301+0000 0xdd6d     Default     0x0                  20221  0    rayforge-app: (FrontBoardServices) [com.apple.FrontBoard:Common] FBSWorkspace registering source: com.apple.frontboard.systemappservices
2026-07-05 07:16:53.696509+0000 0xdd6d     Default     0x0                  20221  0    rayforge-app: (FrontBoardServices) [com.apple.FrontBoard:Common] FBSWorkspace connected to endpoint : <BSServiceConnectionEndpoint: 0x60000020b460; target: com.apple.frontboard.systemappservices; service: com.apple.frontboard.workspace-service>
2026-07-05 07:16:53.696581+0000 0xdd6d     Default     0x0                  20221  0    rayforge-app: (FrontBoardServices) [com.apple.FrontBoard:Common] <FBSWorkspaceScenesClient:0x600003008360 com.apple.frontboard.systemappservices> attempting immediate handshake from activate
2026-07-05 07:16:53.696667+0000 0xdd6d     Default     0x0                  20221  0    rayforge-app: (FrontBoardServices) [com.apple.FrontBoard:Common] <FBSWorkspaceScenesClient:0x600003008360 com.apple.frontboard.systemappservices> sent handshake
2026-07-05 07:16:53.696693+0000 0xdd82     Default     0x0                  20221  0    rayforge-app: (RunningBoardServices) [com.apple.runningboard:connection] Sending handshake request attempt #1 to server
2026-07-05 07:16:53.697680+0000 0xdd6d     Default     0x0                  20221  0    rayforge-app: (RunningBoardServices) [com.apple.runningboard:general] Added observer for process assertions expiration warning: <_RBSExpirationWarningClient: 0x600000210ba0>
2026-07-05 07:16:53.699602+0000 0xdd80     Default     0x0                  20221  0    rayforge-app: (FrontBoardServices) [com.apple.FrontBoard:SceneExtension] Realizing settings extension _UIApplicationSceneKeyboardSettings on FBSSceneSettings
2026-07-05 07:16:53.700309+0000 0xdd80     Default     0x0                  20221  0    rayforge-app: (FrontBoardServices) [com.apple.FrontBoard:SceneExtension] Realizing settings extension <_UISceneOcclusionSettings> on FBSSceneSettings
2026-07-05 07:16:53.700474+0000 0xdd80     Default     0x0                  20221  0    rayforge-app: (FrontBoardServices) [com.apple.FrontBoard:SceneExtension] Realizing settings extension <_UISceneInterfaceProtectionSettings> on FBSSceneSettings
2026-07-05 07:16:53.700612+0000 0xdd80     Default     0x0                  20221  0    rayforge-app: (FrontBoardServices) [com.apple.FrontBoard:SceneExtension] Realizing settings extension _UISceneLayoutPreferencesHostSettingsExtension on FBSSceneSettings
2026-07-05 07:16:53.704010+0000 0xdd80     Default     0x0                  20221  0    rayforge-app: (FrontBoardServices) [com.apple.FrontBoard:SceneExtension] Realizing settings extension _UISceneSafeAreaSettingsExtension on FBSSceneSettings
2026-07-05 07:16:53.704398+0000 0xdd80     Default     0x0                  20221  0    rayforge-app: (FrontBoardServices) [com.apple.FrontBoard:SceneExtension] Realizing settings extension _UISceneLayoutPreferenceClientSettingsExtension on FBSSceneClientSettings
2026-07-05 07:16:53.704639+0000 0xdd80     Default     0x0                  20221  0    rayforge-app: (FrontBoardServices) [com.apple.FrontBoard:SceneExtension] Realizing settings extension <_UIHomeAffordanceHostSceneSettings> on FBSSceneSettings
2026-07-05 07:16:53.704779+0000 0xdd80     Default     0x0                  20221  0    rayforge-app: (FrontBoardServices) [com.apple.FrontBoard:SceneExtension] Realizing settings extension _UISystemShellSceneHostingEnvironmentSettings on FBSSceneSettings
2026-07-05 07:16:53.704892+0000 0xdd80     Default     0x0                  20221  0    rayforge-app: (FrontBoardServices) [com.apple.FrontBoard:SceneExtension] Realizing settings extension _UISceneRenderingEnvironmentSettings on FBSSceneSettings
2026-07-05 07:16:53.705045+0000 0xdd80     Default     0x0                  20221  0    rayforge-app: (FrontBoardServices) [com.apple.FrontBoard:SceneExtension] Realizing settings extension <_UISceneRenderingEnvironmentClientSettings> on FBSSceneClientSettings
2026-07-05 07:16:53.705919+0000 0xdd80     Default     0x0                  20221  0    rayforge-app: (FrontBoardServices) [com.apple.FrontBoard:SceneExtension] Realizing settings extension <_UISceneTransitioningHostSettings> on FBSSceneSettings
2026-07-05 07:16:53.706002+0000 0xdd80     Default     0x0                  20221  0    rayforge-app: (FrontBoardServices) [com.apple.FrontBoard:SceneExtension] Realizing settings extension <_UISceneFocusSystemSettings> on FBSSceneSettings
2026-07-05 07:16:53.706078+0000 0xdd80     Default     0x0                  20221  0    rayforge-app: (FrontBoardServices) [com.apple.FrontBoard:SceneExtension] Realizing settings extension _UISceneOrientationSettingsExtension on FBSSceneSettings
2026-07-05 07:16:53.706132+0000 0xdd80     Default     0x0                  20221  0    rayforge-app: (FrontBoardServices) [com.apple.FrontBoard:SceneExtension] Realizing settings extension _UISceneOrientationClientSettingsExtension on FBSSceneClientSettings
2026-07-05 07:16:53.706483+0000 0xdd82     Default     0x0                  20221  0    rayforge-app: (RunningBoardServices) [com.apple.runningboard:connection] Handshake succeeded
2026-07-05 07:16:53.706506+0000 0xdd82     Default     0x0                  20221  0    rayforge-app: (RunningBoardServices) [com.apple.runningboard:connection] Identity resolved as app<org.rayforge.app((null))>
2026-07-05 07:16:53.706524+0000 0xdd80     Default     0x0                  20221  0    rayforge-app: (FrontBoardServices) [com.apple.FrontBoard:SceneExtension] Realizing settings extension _UISceneWindowingControlClientSettings on FBSSceneClientSettings
2026-07-05 07:16:53.707007+0000 0xdd80     Default     0x0                  20221  0    rayforge-app: (FrontBoardServices) [com.apple.FrontBoard:SceneExtension] Realizing settings extension FBSSceneSettingsCore on FBSSceneSettings
2026-07-05 07:16:53.707546+0000 0xdd80     Default     0x0                  20221  0    rayforge-app: (FrontBoardServices) [com.apple.FrontBoard:SceneExtension] Realizing settings extension FBSSceneClientSettingsCore on FBSSceneClientSettings
2026-07-05 07:16:53.714539+0000 0xdd7d     Default     0x0                  20221  0    rayforge-app: (UIKitCore) [com.apple.UIKit:BackgroundTask] Incrementing reference count for background assertion <BKSProcessAssertion: 0x600002105090>
2026-07-05 07:16:53.714683+0000 0xdd7d     Default     0x0                  20221  0    rayforge-app: (UIKitCore) [com.apple.UIKit:BackgroundTask] Created background task <_UIBackgroundTaskInfo: 0x60000170f200>: taskID = 1, taskName = Launch Background Task for Coalescing, creationTime = 482 (elapsed = 0).
2026-07-05 07:16:53.714791+0000 0xdd7d     Default     0x0                  20221  0    rayforge-app: (FrontBoardServices) [com.apple.FrontBoard:SceneExtension] Realizing settings extension <_UISceneHostingContentSizePreferenceClientSettings> on FBSSceneClientSettings
2026-07-05 07:16:53.716165+0000 0xdd7d     Default     0x0                  20221  0    rayforge-app: (FrontBoardServices) [com.apple.FrontBoard:SceneExtension] Realizing settings extension _UISceneHostingTraitCollectionPropagationSettings on FBSSceneSettings
2026-07-05 07:16:53.716167+0000 0xdd80     Default     0x0                  20221  0    rayforge-app: (FrontBoardServices) [com.apple.FrontBoard:SceneExtension] UIMutableApplicationSceneSettings setting counterpart class: UIApplicationSceneSettings
2026-07-05 07:16:53.716502+0000 0xdd7d     Default     0x0                  20221  0    rayforge-app: (FrontBoardServices) [com.apple.FrontBoard:SceneExtension] Realizing settings extension <_UISceneHostingSheetPresentationSettings> on FBSSceneSettings
2026-07-05 07:16:53.716550+0000 0xdd80     Default     0x0                  20221  0    rayforge-app: (FrontBoardServices) [com.apple.FrontBoard:SceneExtension] UIMutableApplicationSceneClientSettings setting counterpart class: UIApplicationSceneClientSettings
2026-07-05 07:16:53.716661+0000 0xdd7d     Default     0x0                  20221  0    rayforge-app: (FrontBoardServices) [com.apple.FrontBoard:SceneExtension] Realizing settings extension <_UISceneHostingSheetPresentationClientSettings> on FBSSceneClientSettings
2026-07-05 07:16:53.716771+0000 0xdd80     Default     0x0                  20221  0    rayforge-app: (FrontBoardServices) [com.apple.FrontBoard:SceneExtension] Realizing settings extension FBSSceneTransitionContextCore on FBSSceneTransitionContext
2026-07-05 07:16:53.717505+0000 0xdd7d     Default     0x0                  20221  0    rayforge-app: (FrontBoardServices) [com.apple.FrontBoard:SceneExtension] Realizing settings extension <_UISceneHostingEventDeferringSettings> on FBSSceneSettings
2026-07-05 07:16:53.718099+0000 0xdd7d     Default     0x0                  20221  0    rayforge-app: (FrontBoardServices) [com.apple.FrontBoard:SceneExtension] Realizing settings extension <UIKit__UITypedKeyValueSceneSettings> on FBSSceneSettings
2026-07-05 07:16:53.718207+0000 0xdd7d     Default     0x0                  20221  0    rayforge-app: (FrontBoardServices) [com.apple.FrontBoard:SceneExtension] Realizing settings extension <UIKit__UITypedKeyValueSceneSettings> on FBSSceneClientSettings
2026-07-05 07:16:53.718291+0000 0xdd7d     Default     0x0                  20221  0    rayforge-app: (FrontBoardServices) [com.apple.FrontBoard:SceneExtension] Realizing settings extension <_UISceneHostingViewControllerPreferencePropagationClientSettings> on FBSSceneClientSettings
2026-07-05 07:16:53.718380+0000 0xdd7d     Default     0x0                  20221  0    rayforge-app: (FrontBoardServices) [com.apple.FrontBoard:SceneExtension] Realizing settings extension <_UISceneZoomTransitionSettings> on FBSSceneSettings
2026-07-05 07:16:53.718558+0000 0xdd6d     Default     0x0                  20221  0    rayforge-app: (UIKitCore) [com.apple.UIKit:UIScreen] Evaluated capturing state as 0 on <UIScreen: 0x102009830> for initial
2026-07-05 07:16:53.719089+0000 0xdd6d     Default     0x0                  20221  0    rayforge-app: (UIKitCore) [com.apple.UIKit:UIScreen] Evaluated capturing state as 0 on <UIScreen: 0x102009830> for CADisplay KVO
2026-07-05 07:16:53.720704+0000 0xdd6d     Default     0x0                  20221  0    rayforge-app: (libAccessibility.dylib) [com.apple.Accessibility:AXSupportCommon] Read CategoryName: per-app = 1, category name = (null)
2026-07-05 07:16:53.721028+0000 0xdd6d     Default     0x0                  20221  0    rayforge-app: (libAccessibility.dylib) [com.apple.Accessibility:AXSupportCommon] Read CategoryName: per-app = 0, category name = (null)
2026-07-05 07:16:53.731345+0000 0xdd6d     Default     0x0                  20221  0    rayforge-app: (XCTTargetBootstrap) [com.apple.dt.xctest:Default] Registering for test daemon availability notify post.
2026-07-05 07:16:53.731699+0000 0xdd6d     Default     0x0                  20221  0    rayforge-app: (XCTTargetBootstrap) [com.apple.dt.xctest:Default] notify_get_state check indicated test daemon not ready.
2026-07-05 07:16:53.731787+0000 0xdd6d     Default     0x0                  20221  0    rayforge-app: (XCTTargetBootstrap) [com.apple.dt.xctest:Default] notify_get_state check indicated test daemon not ready.
2026-07-05 07:16:53.731898+0000 0xdd6d     Default     0x0                  20221  0    rayforge-app: (XCTTargetBootstrap) [com.apple.dt.xctest:Default] notify_get_state check indicated test daemon not ready.
2026-07-05 07:16:53.732608+0000 0xdd6d     Default     0x0                  20221  0    rayforge-app: (UIKitCore) [com.apple.UIKit:UpdateScheduler] Selected display: name=LCD (PurpleMain), id=1
2026-07-05 07:16:53.733856+0000 0xdd6d     Default     0x0                  20221  0    rayforge-app: (UIKitCore) [com.apple.UIKit:BackgroundTask] Will add backgroundTask with taskName: Persistent SceneSession Map Update, expirationHandler: <__NSGlobalBlock__: 0x1e61729e0>
2026-07-05 07:16:53.734300+0000 0xdd6d     Default     0x0                  20221  0    rayforge-app: (UIKitCore) [com.apple.UIKit:BackgroundTask] Reusing background assertion <BKSProcessAssertion: 0x600002105090>
2026-07-05 07:16:53.734326+0000 0xdd6d     Default     0x0                  20221  0    rayforge-app: (UIKitCore) [com.apple.UIKit:BackgroundTask] Incrementing reference count for background assertion <BKSProcessAssertion: 0x600002105090>
2026-07-05 07:16:53.734371+0000 0xdd6d     Default     0x0                  20221  0    rayforge-app: (UIKitCore) [com.apple.UIKit:BackgroundTask] Created background task <_UIBackgroundTaskInfo: 0x6000017126c0>: taskID = 2, taskName = Persistent SceneSession Map Update, creationTime = 482 (elapsed = 0).
2026-07-05 07:16:53.734549+0000 0xdd6d     Default     0x0                  20221  0    rayforge-app: (UIKitCore) [com.apple.UIKit:Application] Deactivation reason added: 5; deactivation reasons: 1024 -> 1056; animating application lifecycle event: 1
2026-07-05 07:16:53.734893+0000 0xdd6d     Default     0x0                  20221  0    rayforge-app: (UIKitCore) [com.apple.UIKit:InterfaceStyle] Not push traits update to screen for new style 1, <UIWindowScene: 0x10200d090> (F6BE4DD0-9BD1-467D-9455-CE3372EE8343)
2026-07-05 07:16:53.734955+0000 0xdd6d     Default     0x0                  20221  0    rayforge-app: (UIKitCore) [com.apple.UIKit:InterfaceStyle] Should send trait collection or coordinate space update, interface style 1 -> 1, <UIWindowScene: 0x10200d090> (F6BE4DD0-9BD1-467D-9455-CE3372EE8343)
2026-07-05 07:16:53.735538+0000 0xdd6d     Default     0x0                  20221  0    rayforge-app: (UIKitCore) [com.apple.UIKit:InterfaceStyle] Not push traits update to screen for new style 1, <UIWindowScene: 0x10200d090> (F6BE4DD0-9BD1-467D-9455-CE3372EE8343)
2026-07-05 07:16:53.736063+0000 0xdd6d     Default     0x0                  20221  0    rayforge-app: (UIKitCore) [com.apple.UIKit:HomeAffordanceObservation] Initializing: <_UIHomeAffordanceSceneNotifier: 0x600002912d10>; with scene: <UIWindowScene: 0x10200d090>
2026-07-05 07:16:53.736171+0000 0xdd6d     Default     0x0                  20221  0    rayforge-app: (BacklightServices) [com.apple.BacklightServices:scenes] 0x600000c0f630 setDelegate:<0x600000c0ea90 _UIBacklightEnvironment> hasDelegate:YES for environment:sceneID:org.rayforge.app-default
2026-07-05 07:16:53.736514+0000 0xdd6d     Default     0x0                  20221  0    rayforge-app: (UIKitCore) [com.apple.UIKit:InterfaceStyle] Not push traits update to screen for new style 1, <UIWindowScene: 0x10200d090> (F6BE4DD0-9BD1-467D-9455-CE3372EE8343)
2026-07-05 07:16:53.736572+0000 0xdd6d     Default     0x0                  20221  1    rayforge-app: (UIKitCore) [com.apple.UIKit:EventDeferring] [0x600002912d80] Initialized with scene: <UIWindowScene: 0x10200d090>; behavior: <_UIEventDeferringBehavior_iOS: 0x6000002111e0>; availableForProcess: 1, systemShellManagesKeyboardFocus: 1
2026-07-05 07:16:53.736828+0000 0xdd6d     Default     0x0                  20221  0    rayforge-app: (BoardServices) [com.apple.BoardServices:XPCErrors] [C:2] Alloc com.apple.backboard.hid-services.xpc
2026-07-05 07:16:53.736884+0000 0xdd6d     Default     0x0                  20221  0    rayforge-app: (libxpc.dylib) [com.apple.xpc:connection] [0x102009d60] activating connection: mach=false listener=false peer=false name=(anonymous)
2026-07-05 07:16:53.740461+0000 0xdd6d     Default     0x0                  20221  0    rayforge-app: (BackBoardServices) [com.apple.BackBoard:EventDelivery] policyStatus:<BKSHIDEventDeliveryPolicyObserver: 0x60000260ea00; process scope; status: target> was:none
2026-07-05 07:16:53.740582+0000 0xdd6d     Default     0x0                  20221  1    rayforge-app: (UIKitCore) [com.apple.UIKit:KeyWindow] Setting default evaluation strategy for UIUserInterfaceIdiomPad to LastOneWins
2026-07-05 07:16:53.740616+0000 0xdd6d     Default     0x0                  20221  1    rayforge-app: (UIKitCore) [com.apple.UIKit:KeyWindow] Scene target of keyboard event deferring environment did change: 1; scene: UIWindowScene: 0x10200d090; scene identity: com.apple.frontboard.systemappservices/FBSceneManager:sceneID%3Aorg.rayforge.app-default
2026-07-05 07:16:53.740683+0000 0xdd6d     Default     0x0                  20221  0    rayforge-app: (UIKitCore) [com.apple.UIKit:UIFocus] Focus system enabled
2026-07-05 07:16:53.742876+0000 0xdd6d     Default     0x0                  20221  0    rayforge-app: (UIKitCore) [com.apple.UIKit:UIFocus] Failed to update focus with context <UIFocusUpdateContext: 0x600003004480; previouslyFocusedItem: (nil); nextFocusedItem: (nil); focusHeading: None>. No additional info available.
2026-07-05 07:16:53.743078+0000 0xdd6d     Default     0x0                  20221  0    rayforge-app: (UIKitCore) [com.apple.UIKit:InterfaceStyle] Not push traits update to screen for new style 1, <UIWindowScene: 0x10200d090> (F6BE4DD0-9BD1-467D-9455-CE3372EE8343)
2026-07-05 07:16:53.743177+0000 0xdd6d     Default     0x0                  20221  1    rayforge-app: (UIKitCore) [com.apple.UIKit:EventDeferring] [0x600002912d80] Scene target of event deferring environments did update: scene: 0x10200d090; current systemShellManagesKeyboardFocus: 1; systemShellManagesKeyboardFocusForScene: 1; eligibleForRecordRemoval: 1;
2026-07-05 07:16:53.743348+0000 0xdd6d     Default     0x0                  20221  1    rayforge-app: (UIKitCore) [com.apple.UIKit:KeyWindow] Scene became target of keyboard event deferring environment: UIWindowScene: 0x10200d090; scene identity: com.apple.frontboard.systemappservices/FBSceneManager:sceneID%3Aorg.rayforge.app-default
2026-07-05 07:16:53.743459+0000 0xdd6d     Default     0x0                  20221  1    rayforge-app: (UIKitCore) [com.apple.UIKit:KeyWindow] Stack[KeyWindow] 0x600000c10960: Taking no further action for migration from LastOneWins -> SystemShellManaged as there are no scenes
2026-07-05 07:16:53.743562+0000 0xdd6d     Default     0x0                  20221  1    rayforge-app: (UIKitCore) [com.apple.UIKit:KeyWindow] Setting default evaluation strategy for UIUserInterfaceIdiomPad to SystemShellManaged
2026-07-05 07:16:53.743677+0000 0xdd6d     Default     0x0                  20221  1    rayforge-app: (UIKitCore) [com.apple.UIKit:KeyWindow] Key window needs update: 0; currentKeyWindowScene: 0x0; evaluatedKeyWindowScene: 0x10200d090; currentApplicationKeyWindow: 0x0; evaluatedApplicationKeyWindow: 0x0; reason: UIWindowScene: 0x10200d090: Window scene became target of keyboard environment
2026-07-05 07:16:53.743911+0000 0xdd6d     Default     0x0                  20221  0    rayforge-app: (UIKitCore) [com.apple.UIKit:InterfaceStyle] Not push traits update to screen for new style 1, <UIWindowScene: 0x10200d090> (F6BE4DD0-9BD1-467D-9455-CE3372EE8343)
2026-07-05 07:16:53.744617+0000 0xdd6d     Default     0x0                  20221  0    rayforge-app: (UIKitCore) [com.apple.UIKit:InterfaceStyle] Not push traits update to screen for new style 1, <UIWindowScene: 0x10200d090> (F6BE4DD0-9BD1-467D-9455-CE3372EE8343)
2026-07-05 07:16:53.745946+0000 0xdd6d     Fault       0x41260              20221  14   rayforge-app: (UIKitCore) [com.apple.runtime-issues:UIKit App Config] `UIScene` lifecycle will soon be required. Failure to adopt will result in an assert in the future.
2026-07-05 07:16:53.745948+0000 0xdd6d     Activity    0x41260              20221  0    rayforge-app: (libsystem_trace.dylib) Activity for state dumps
2026-07-05 07:16:53.746834+0000 0xdd6d     Default     0x0                  20221  0    rayforge-app: (UIKitCore) [com.apple.UIKit:InterfaceStyle] Not push traits update to screen for new style 1, <UIWindowScene: 0x10200d090> (F6BE4DD0-9BD1-467D-9455-CE3372EE8343)
2026-07-05 07:16:53.751261+0000 0xdd7e     Activity    0x41261              20221  0    rayforge-app: (CoreFoundation) Loading Preferences From User Session CFPrefsD
2026-07-05 07:16:53.753660+0000 0xdd6d     Default     0x0                  20221  0    rayforge-app: (UIKitCore) [com.apple.UIKit:AppLifecycle] sceneOfRecord: sceneID: sceneID:org.rayforge.app-default  persistentID: F6BE4DD0-9BD1-467D-9455-CE3372EE8343
2026-07-05 07:16:53.754440+0000 0xdd6d     Default     0x0                  20221  0    rayforge-app: (UIKitCore) [com.apple.UIKit:Application] Ignoring already applied deactivation reason: 5; deactivation reasons: 1056
2026-07-05 07:16:53.754496+0000 0xdd6d     Default     0x0                  20221  0    rayforge-app: (UIKitCore) [com.apple.UIKit:Application] Deactivation reason added: 11; deactivation reasons: 1056 -> 3104; animating application lifecycle event: 1
2026-07-05 07:16:53.754586+0000 0xdd6d     Default     0x0                  20221  0    rayforge-app: (UIKitCore) [com.apple.KeyboardArbiter:Client] startConnection
2026-07-05 07:16:53.755744+0000 0xdd6d     Default     0x0                  20221  0    rayforge-app: (libxpc.dylib) [com.apple.xpc:connection] [0x10200e8b0] activating connection: mach=true listener=false peer=false name=com.apple.UIKit.KeyboardManagement.hosted
2026-07-05 07:16:53.769377+0000 0xdd82     Activity    0x41262              20221  0    rayforge-app: (RunningBoardServices) didChangeInheritances
2026-07-05 07:16:53.770024+0000 0xdd80     Default     0x0                  20221  0    rayforge-app: (BoardServices) [com.apple.BoardServices:XPCErrors] [C:3] Alloc com.apple.PointerUI.pointeruid.service
2026-07-05 07:16:53.770616+0000 0xdd80     Default     0x0                  20221  0    rayforge-app: (libxpc.dylib) [com.apple.xpc:connection] [0x103408360] activating connection: mach=false listener=false peer=false name=(anonymous)
2026-07-05 07:16:53.795401+0000 0xdd6d     Default     0x0                  20221  0    rayforge-app: (UIKitCore) [com.apple.UIKit:PointerLockState] preferredPointerLockStatus updated: scene: <UIWindowScene: 0x10200d090; role: UIWindowSceneSessionRoleApplication; persistentIdentifier: F6BE4DD0-9BD1-467D-9455-CE3372EE8343; activationState: UISceneActivationStateForegroundInactive>; viewController: <UIViewController: 0x103407f80>; preferredPointerLockStatus: _UIPointerLockStatusUnlocked
2026-07-05 07:16:53.795632+0000 0xdd6d     Default     0x0                  20221  0    rayforge-app: (UIKitCore) [com.apple.UIKit:Orientation] <UIWindowScene: 0x10200d090> (F6BE4DD0-9BD1-467D-9455-CE3372EE8343) Scene updated orientation preferences: none -> ( Ll Lr )
2026-07-05 07:16:53.795781+0000 0xdd6d     Default     0x0                  20221  1    rayforge-app: (UIKitCore) [com.apple.UIKit:KeyWindow] Key window API is scene-level: YES
2026-07-05 07:16:53.795814+0000 0xdd6d     Default     0x0                  20221  1    rayforge-app: (UIKitCore) [com.apple.UIKit:KeyWindow] UIWindowScene: 0x10200d090: Window became key in scene: UIWindow: 0x102010f80; contextId: 0x61606ED0: reason: UIWindowScene: 0x10200d090: Window requested to become key in scene: 0x102010f80
2026-07-05 07:16:53.795846+0000 0xdd6d     Default     0x0                  20221  1    rayforge-app: (UIKitCore) [com.apple.UIKit:KeyWindow] Key window needs update: 1; currentKeyWindowScene: 0x0; evaluatedKeyWindowScene: 0x10200d090; currentApplicationKeyWindow: 0x0; evaluatedApplicationKeyWindow: 0x102010f80; reason: UIWindowScene: 0x10200d090: Window requested to become key in scene: 0x102010f80
2026-07-05 07:16:53.795877+0000 0xdd6d     Default     0x0                  20221  1    rayforge-app: (UIKitCore) [com.apple.UIKit:KeyWindow] Window did become application key: UIWindow: 0x102010f80; contextId: 0x61606ED0; scene identity: com.apple.frontboard.systemappservices/FBSceneManager:sceneID%3Aorg.rayforge.app-default
2026-07-05 07:16:53.795946+0000 0xdd6d     Default     0x0                  20221  1    rayforge-app: (UIKitCore) [com.apple.UIKit:EventDeferring] [0x600002912d80] Begin local event deferring requested for token: 0x60000260ccc0; environments: 1; reason: UIWindowScene: 0x10200d090: Begin event deferring in keyboardFocus for window: 0x102010f80
2026-07-05 07:16:53.803397+0000 0xdd82     Default     0x0                  20221  0    rayforge-app: (BackBoardServices) [com.apple.BackBoard:EventDelivery] BKSHIDEventObserver - connection activation
2026-07-05 07:16:53.809672+0000 0xdd6d     Default     0x0                  20221  0    rayforge-app: (UIKitCore) [com.apple.UIKit:KeyboardSceneDelegate] Reloading input views for key-window scene responder: <GdkIOSView: 0x103408720; frame = (0 0; 1376 1032); > force:N
2026-07-05 07:16:53.811560+0000 0xdd6d     Default     0x0                  20221  0    rayforge-app: (UIKitCore) [com.apple.UIKit:KeyboardSceneDelegate] _reloadInputViewsForKeyWindowSceneResponder: 1 force: 0, fromBecomeFirstResponder: 1 (automaticKeyboard: 1, reloadIdentifier: 7AFF478A-BC94-4B90-AF46-0BC58F15BF01)
2026-07-05 07:16:53.811796+0000 0xdd6d     Default     0x0                  20221  0    rayforge-app: (UIKitCore) [com.apple.UIKit:KeyboardSceneDelegate] _inputViewsForResponder: <GdkIOSView: 0x103408720; frame = (0 0; 1376 1032); >, automaticKeyboard: 1, force: 0
2026-07-05 07:16:53.811904+0000 0xdd6d     Default     0x0                  20221  0    rayforge-app: (UIKitCore) [com.apple.UIKit:KeyboardSceneDelegate] _inputViewsForResponder, found custom inputView: <(null): 0x0>, customInputViewController: <(null): 0x0>
2026-07-05 07:16:53.811935+0000 0xdd6d     Default     0x0                  20221  0    rayforge-app: (UIKitCore) [com.apple.UIKit:KeyboardSceneDelegate] _inputViewsForResponder, found inputAccessoryView: <(null): 0x0>
2026-07-05 07:16:53.811977+0000 0xdd6d     Default     0x0                  20221  0    rayforge-app: (UIKitCore) [com.apple.UIKit:KeyboardSceneDelegate] _inputViewsForResponder, responderRequiresKeyboard 0 (automaticKeyboardEnabled: 1, activeInstance: <(null): 0x0>, self.isOnScreen: 0, requiresKBWhenFirstResponder: 0)
2026-07-05 07:16:53.811998+0000 0xdd6d     Default     0x0                  20221  0    rayforge-app: (UIKitCore) [com.apple.UIKit:KeyboardSceneDelegate] _inputViewsForResponder, useKeyboard 0 (allowsSystemInputView: 1, !inputView <(null): 0x0>, responderRequiresKeyboard 0)
2026-07-05 07:16:53.812022+0000 0xdd6d     Default     0x0                  20221  0    rayforge-app: (UIKitCore) [com.apple.UIKit:KeyboardSceneDelegate] _inputViewsForResponder, configuring _responderWithoutAutomaticAppearanceEnabled: <(null): 0x0> (_automaticAppearEnabled: 1)
2026-07-05 07:16:53.812050+0000 0xdd6d     Default     0x0                  20221  0    rayforge-app: (UIKitCore) [com.apple.UIKit:KeyboardSceneDelegate] _inputViewsForResponder, needsIVPlaceholder: 0, needsIAVPlaceholder: 0, needsInputSetWithPlaceholder: 0
+ test 1 = 1
+ grep -q 'RAYFORGE BOOT FAILED' app-console.log app-syslog.log
+ grep -q 'RAYFORGE UI RUNNING' app-console.log app-syslog.log
