ninja: Entering directory `adw-build'
[1/191] Generating glib marshaller header src/adw-marshalers_h
[2/191] Generating GObject enum file src/adw-enums.h (wrapped by meson because command contains newlines, to capture output)
[3/191] Generating GObject enum file src/adw-enums.c (wrapped by meson because command contains newlines, to capture output)
[4/191] Generating src/adw-resources_h with a custom command
[5/191] Generating src/adw-resources_c with a custom command
[6/191] Generating glib marshaller source src/adw-marshalers_c
[7/191] Generating src/stylesheet/gtk.scss with a custom command
[8/191] Building translation po/ab/LC_MESSAGES/libadwaita-ab.mo
[9/191] Generating src/stylesheet/adwaita-stylesheet-resources_h with a custom command
[10/191] Generating GObject enum file src/adw-enums-private.c (wrapped by meson because command contains newlines, to capture output)
[11/191] Building translation po/be/LC_MESSAGES/libadwaita-be.mo
[12/191] Building translation po/bg/LC_MESSAGES/libadwaita-bg.mo
[13/191] Building translation po/ca/LC_MESSAGES/libadwaita-ca.mo
[14/191] Building translation po/cs/LC_MESSAGES/libadwaita-cs.mo
[15/191] Building translation po/de/LC_MESSAGES/libadwaita-de.mo
[16/191] Building translation po/da/LC_MESSAGES/libadwaita-da.mo
[17/191] Generating src/stylesheet/adwaita-stylesheet-resources_c with a custom command
[18/191] Building translation po/el/LC_MESSAGES/libadwaita-el.mo
[19/191] Building translation po/eo/LC_MESSAGES/libadwaita-eo.mo
[20/191] Generating src/adw-public-types.c with a custom command (wrapped by meson to capture output)
[21/191] Building translation po/en_GB/LC_MESSAGES/libadwaita-en_GB.mo
[22/191] Building translation po/es/LC_MESSAGES/libadwaita-es.mo
[23/191] Building translation po/eu/LC_MESSAGES/libadwaita-eu.mo
[24/191] Building translation po/fa/LC_MESSAGES/libadwaita-fa.mo
[25/191] Building translation po/fi/LC_MESSAGES/libadwaita-fi.mo
[26/191] Building translation po/fil/LC_MESSAGES/libadwaita-fil.mo
[27/191] Building translation po/fur/LC_MESSAGES/libadwaita-fur.mo
[28/191] Building translation po/fr/LC_MESSAGES/libadwaita-fr.mo
[29/191] Building translation po/gl/LC_MESSAGES/libadwaita-gl.mo
[30/191] Building translation po/hi/LC_MESSAGES/libadwaita-hi.mo
[31/191] Building translation po/he/LC_MESSAGES/libadwaita-he.mo
[32/191] Building translation po/hr/LC_MESSAGES/libadwaita-hr.mo
[33/191] Building translation po/hu/LC_MESSAGES/libadwaita-hu.mo
[34/191] Building translation po/ia/LC_MESSAGES/libadwaita-ia.mo
[35/191] Building translation po/id/LC_MESSAGES/libadwaita-id.mo
[36/191] Building translation po/it/LC_MESSAGES/libadwaita-it.mo
[37/191] Building translation po/ja/LC_MESSAGES/libadwaita-ja.mo
[38/191] Building translation po/ka/LC_MESSAGES/libadwaita-ka.mo
[39/191] Building translation po/kab/LC_MESSAGES/libadwaita-kab.mo
[40/191] Building translation po/lt/LC_MESSAGES/libadwaita-lt.mo
[41/191] Building translation po/kk/LC_MESSAGES/libadwaita-kk.mo
[42/191] Building translation po/lv/LC_MESSAGES/libadwaita-lv.mo
[43/191] Building translation po/ko/LC_MESSAGES/libadwaita-ko.mo
[44/191] Building translation po/nl/LC_MESSAGES/libadwaita-nl.mo
[45/191] Building translation po/ne/LC_MESSAGES/libadwaita-ne.mo
[46/191] Building translation po/nn/LC_MESSAGES/libadwaita-nn.mo
[47/191] Building translation po/nb/LC_MESSAGES/libadwaita-nb.mo
[48/191] Building translation po/oc/LC_MESSAGES/libadwaita-oc.mo
[49/191] Building translation po/pa/LC_MESSAGES/libadwaita-pa.mo
[50/191] Building translation po/pl/LC_MESSAGES/libadwaita-pl.mo
[51/191] Building translation po/pt/LC_MESSAGES/libadwaita-pt.mo
[52/191] Building translation po/ro/LC_MESSAGES/libadwaita-ro.mo
[53/191] Building translation po/sk/LC_MESSAGES/libadwaita-sk.mo
[54/191] Building translation po/pt_BR/LC_MESSAGES/libadwaita-pt_BR.mo
[55/191] Building translation po/ru/LC_MESSAGES/libadwaita-ru.mo
[56/191] Building translation po/sl/LC_MESSAGES/libadwaita-sl.mo
[57/191] Building translation po/sr/LC_MESSAGES/libadwaita-sr.mo
[58/191] Building translation po/sr@latin/LC_MESSAGES/libadwaita-sr@latin.mo
[59/191] Building translation po/sv/LC_MESSAGES/libadwaita-sv.mo
[60/191] Building translation po/ug/LC_MESSAGES/libadwaita-ug.mo
[61/191] Building translation po/th/LC_MESSAGES/libadwaita-th.mo
[62/191] Building translation po/tr/LC_MESSAGES/libadwaita-tr.mo
[63/191] Building translation po/uk/LC_MESSAGES/libadwaita-uk.mo
[64/191] Building translation po/uz/LC_MESSAGES/libadwaita-uz.mo
[65/191] Building translation po/vi/LC_MESSAGES/libadwaita-vi.mo
[66/191] Building translation po/zh_CN/LC_MESSAGES/libadwaita-zh_CN.mo
[67/191] Building translation po/zh_TW/LC_MESSAGES/libadwaita-zh_TW.mo
[68/191] Generating GObject enum file src/adw-enums-private.h (wrapped by meson because command contains newlines, to capture output)
[69/191] Compiling C object src/libadwaita-1.0.dylib.p/meson-generated_.._adw-marshalers.c.o
[70/191] Compiling C object src/libadwaita-1.0.dylib.p/meson-generated_.._stylesheet_adwaita-stylesheet-resources.c.o
[71/191] Compiling C object src/libadwaita-1.0.dylib.p/meson-generated_.._adw-resources.c.o
[72/191] Compiling C object src/libadwaita-1.0.dylib.p/meson-generated_.._adw-enums-private.c.o
[73/191] Compiling C object src/libadwaita-1.0.dylib.p/meson-generated_.._adw-enums.c.o
[74/191] Compiling C object src/libadwaita-1.0.dylib.p/meson-generated_.._adw-public-types.c.o
[75/191] Compiling C object src/libadwaita-1.0.dylib.p/adw-about-window.c.o
[76/191] Compiling C object src/libadwaita-1.0.dylib.p/adw-accent-color.c.o
[77/191] Compiling C object src/libadwaita-1.0.dylib.p/adw-about-dialog.c.o
[78/191] Compiling C object src/libadwaita-1.0.dylib.p/adw-action-row.c.o
[79/191] Compiling C object src/libadwaita-1.0.dylib.p/adw-animation-util.c.o
[80/191] Compiling C object src/libadwaita-1.0.dylib.p/adw-animation.c.o
[81/191] Compiling C object src/libadwaita-1.0.dylib.p/adw-animation-target.c.o
[82/191] Compiling C object src/libadwaita-1.0.dylib.p/adw-alert-dialog.c.o
[83/191] Compiling C object src/libadwaita-1.0.dylib.p/adw-application.c.o
[84/191] Compiling C object src/libadwaita-1.0.dylib.p/adw-application-window.c.o
[85/191] Compiling C object src/libadwaita-1.0.dylib.p/adw-banner.c.o
[86/191] Compiling C object src/libadwaita-1.0.dylib.p/adw-bin.c.o
[87/191] Compiling C object src/libadwaita-1.0.dylib.p/adw-avatar.c.o
[88/191] Compiling C object src/libadwaita-1.0.dylib.p/adw-bottom-sheet.c.o
[89/191] Compiling C object src/libadwaita-1.0.dylib.p/adw-button-content.c.o
[90/191] Compiling C object src/libadwaita-1.0.dylib.p/adw-breakpoint-bin.c.o
[91/191] Compiling C object src/libadwaita-1.0.dylib.p/adw-breakpoint.c.o
[92/191] Compiling C object src/libadwaita-1.0.dylib.p/adw-button-row.c.o
[93/191] Compiling C object src/libadwaita-1.0.dylib.p/adw-carousel-indicator-dots.c.o
[94/191] Compiling C object src/libadwaita-1.0.dylib.p/adw-carousel.c.o
[95/191] Compiling C object src/libadwaita-1.0.dylib.p/adw-carousel-indicator-lines.c.o
[96/191] Compiling C object src/libadwaita-1.0.dylib.p/adw-clamp.c.o
[97/191] Compiling C object src/libadwaita-1.0.dylib.p/adw-clamp-layout.c.o
[98/191] Compiling C object src/libadwaita-1.0.dylib.p/adw-easing.c.o
[99/191] Compiling C object src/libadwaita-1.0.dylib.p/adw-clamp-scrollable.c.o
[100/191] Compiling C object src/libadwaita-1.0.dylib.p/adw-combo-row.c.o
[101/191] Compiling C object src/libadwaita-1.0.dylib.p/adw-enum-list-model.c.o
[102/191] Compiling C object src/libadwaita-1.0.dylib.p/adw-fold-threshold-policy.c.o
[103/191] Compiling C object src/libadwaita-1.0.dylib.p/adw-dialog.c.o
[104/191] Compiling C object src/libadwaita-1.0.dylib.p/adw-entry-row.c.o
[105/191] Compiling C object src/libadwaita-1.0.dylib.p/adw-expander-row.c.o
[106/191] Compiling C object src/libadwaita-1.0.dylib.p/adw-inline-view-switcher.c.o
[107/191] Compiling C object src/libadwaita-1.0.dylib.p/adw-layout.c.o
[108/191] Compiling C object src/libadwaita-1.0.dylib.p/adw-header-bar.c.o
[109/191] Compiling C object src/libadwaita-1.0.dylib.p/adw-flap.c.o
[110/191] Compiling C object src/libadwaita-1.0.dylib.p/adw-layout-slot.c.o
[111/191] Compiling C object src/libadwaita-1.0.dylib.p/adw-main.c.o
[112/191] Compiling C object src/libadwaita-1.0.dylib.p/adw-navigation-direction.c.o
[113/191] Compiling C object src/libadwaita-1.0.dylib.p/adw-length-unit.c.o
[114/191] Compiling C object src/libadwaita-1.0.dylib.p/adw-multi-layout-view.c.o
[115/191] Compiling C object src/libadwaita-1.0.dylib.p/adw-leaflet.c.o
[116/191] Compiling C object src/libadwaita-1.0.dylib.p/adw-message-dialog.c.o
[117/191] Compiling C object src/libadwaita-1.0.dylib.p/adw-navigation-split-view.c.o
[118/191] Compiling C object src/libadwaita-1.0.dylib.p/adw-password-entry-row.c.o
[119/191] Compiling C object src/libadwaita-1.0.dylib.p/adw-navigation-view.c.o
[120/191] Compiling C object src/libadwaita-1.0.dylib.p/adw-preferences-dialog.c.o
[121/191] Compiling C object src/libadwaita-1.0.dylib.p/adw-overlay-split-view.c.o
[122/191] Compiling C object src/libadwaita-1.0.dylib.p/adw-preferences-group.c.o
[123/191] Compiling C object src/libadwaita-1.0.dylib.p/adw-preferences-page.c.o
[124/191] Compiling C object src/libadwaita-1.0.dylib.p/adw-preferences-row.c.o
[125/191] Compiling C object src/libadwaita-1.0.dylib.p/adw-preferences-window.c.o
[126/191] Compiling C object src/libadwaita-1.0.dylib.p/adw-shortcut-label.c.o
[127/191] Compiling C object src/libadwaita-1.0.dylib.p/adw-shortcuts-dialog.c.o
[128/191] Compiling C object src/libadwaita-1.0.dylib.p/adw-shortcuts-item.c.o
[129/191] Compiling C object src/libadwaita-1.0.dylib.p/adw-shortcuts-section.c.o
[130/191] Compiling C object src/libadwaita-1.0.dylib.p/adw-sidebar-item.c.o
[131/191] Compiling C object src/libadwaita-1.0.dylib.p/adw-sidebar.c.o
[132/191] Compiling C object src/libadwaita-1.0.dylib.p/adw-spinner.c.o
[133/191] Compiling C object src/libadwaita-1.0.dylib.p/adw-spin-row.c.o
[134/191] Compiling C object src/libadwaita-1.0.dylib.p/adw-sidebar-section.c.o
[135/191] Compiling C object src/libadwaita-1.0.dylib.p/adw-spring-params.c.o
[136/191] Compiling C object src/libadwaita-1.0.dylib.p/adw-spinner-paintable.c.o
[137/191] Compiling C object src/libadwaita-1.0.dylib.p/adw-split-button.c.o
[138/191] Compiling C object src/libadwaita-1.0.dylib.p/adw-spring-animation.c.o
[139/191] Compiling C object src/libadwaita-1.0.dylib.p/adw-style-manager.c.o
[140/191] Compiling C object src/libadwaita-1.0.dylib.p/adw-squeezer.c.o
[141/191] Compiling C object src/libadwaita-1.0.dylib.p/adw-status-page.c.o
[142/191] Compiling C object src/libadwaita-1.0.dylib.p/adw-swipeable.c.o
[143/191] Compiling C object src/libadwaita-1.0.dylib.p/adw-switch-row.c.o
[144/191] Compiling C object src/libadwaita-1.0.dylib.p/adw-tab-bar.c.o
[145/191] Compiling C object src/libadwaita-1.0.dylib.p/adw-swipe-tracker.c.o
[146/191] Compiling C object src/libadwaita-1.0.dylib.p/adw-tab-button.c.o
[147/191] Compiling C object src/libadwaita-1.0.dylib.p/adw-timed-animation.c.o
[148/191] Compiling C object src/libadwaita-1.0.dylib.p/adw-tab-overview.c.o
[149/191] Compiling C object src/libadwaita-1.0.dylib.p/adw-toast.c.o
[150/191] Compiling C object src/libadwaita-1.0.dylib.p/adw-version.c.o
[151/191] Compiling C object src/libadwaita-1.0.dylib.p/adw-toast-overlay.c.o
[152/191] Compiling C object src/libadwaita-1.0.dylib.p/adw-tab-view.c.o
[153/191] Compiling C object src/libadwaita-1.0.dylib.p/adw-toolbar-view.c.o
[154/191] Compiling C object src/libadwaita-1.0.dylib.p/adw-view-switcher.c.o
[155/191] Compiling C object src/libadwaita-1.0.dylib.p/adw-toggle-group.c.o
[156/191] Compiling C object src/libadwaita-1.0.dylib.p/adw-view-stack.c.o
[157/191] Compiling C object src/libadwaita-1.0.dylib.p/adw-view-switcher-bar.c.o
[158/191] Compiling C object src/libadwaita-1.0.dylib.p/adw-view-switcher-sidebar.c.o
[159/191] Compiling C object src/libadwaita-1.0.dylib.p/adw-view-switcher-title.c.o
[160/191] Compiling C object src/libadwaita-1.0.dylib.p/adw-window.c.o
[161/191] Compiling C object src/libadwaita-1.0.dylib.p/adw-window-title.c.o
[162/191] Compiling C object src/libadwaita-1.0.dylib.p/adw-bidi.c.o
[163/191] Compiling C object src/libadwaita-1.0.dylib.p/adw-wrap-box.c.o
[164/191] Compiling C object src/libadwaita-1.0.dylib.p/adw-back-button.c.o
[165/191] Compiling C object src/libadwaita-1.0.dylib.p/adw-adaptive-preview.c.o
[166/191] Compiling C object src/libadwaita-1.0.dylib.p/adw-wrap-layout.c.o
[167/191] Compiling C object src/libadwaita-1.0.dylib.p/adw-color-utils.c.o
[168/191] Compiling C object src/libadwaita-1.0.dylib.p/adw-dialog-host.c.o
[169/191] Compiling C object src/libadwaita-1.0.dylib.p/adw-fading-label.c.o
[170/191] Compiling C object src/libadwaita-1.0.dylib.p/adw-gizmo.c.o
[171/191] Compiling C object src/libadwaita-1.0.dylib.p/adw-floating-sheet.c.o
[172/191] Compiling C object src/libadwaita-1.0.dylib.p/adw-gtkbuilder-utils.c.o
[173/191] Compiling C object src/libadwaita-1.0.dylib.p/adw-indicator-bin.c.o
[174/191] Compiling C object src/libadwaita-1.0.dylib.p/adw-link-row.c.o
../adw-src/src/adw-link-row.c:80:1: warning: unused function 'is_touchscreen' [-Wunused-function]
   80 | is_touchscreen (GtkGesture *gesture)
      | ^~~~~~~~~~~~~~
1 warning generated.
[175/191] Compiling C object src/libadwaita-1.0.dylib.p/adw-settings.c.o
[176/191] Compiling C object src/libadwaita-1.0.dylib.p/adw-settings-impl.c.o
[177/191] Compiling C object src/libadwaita-1.0.dylib.p/adw-inspector-page.c.o
[178/191] Compiling C object src/libadwaita-1.0.dylib.p/adw-settings-impl-gsettings.c.o
[179/191] Compiling C object src/libadwaita-1.0.dylib.p/adw-settings-impl-legacy.c.o
[180/191] Compiling C object src/libadwaita-1.0.dylib.p/adw-shortcut-row.c.o
[181/191] Compiling C object src/libadwaita-1.0.dylib.p/adw-sheet-controls.c.o
[182/191] Compiling C object src/libadwaita-1.0.dylib.p/adw-shadow-helper.c.o
[183/191] Compiling C object src/libadwaita-1.0.dylib.p/adw-tab.c.o
[184/191] Compiling C object src/libadwaita-1.0.dylib.p/adw-toast-widget.c.o
[185/191] Compiling C object src/libadwaita-1.0.dylib.p/adw-tab-thumbnail.c.o
[186/191] Compiling C object src/libadwaita-1.0.dylib.p/adw-tab-box.c.o
[187/191] Compiling C object src/libadwaita-1.0.dylib.p/adw-view-switcher-button.c.o
[188/191] Compiling C object src/libadwaita-1.0.dylib.p/adw-tab-grid.c.o
[189/191] Compiling C object src/libadwaita-1.0.dylib.p/adw-settings-impl-portal.c.o
[190/191] Compiling C object src/libadwaita-1.0.dylib.p/adw-widget-utils.c.o
[191/191] Linking target src/libadwaita-1.0.dylib
FAILED: [code=1] src/libadwaita-1.0.dylib 
/Users/runner/work/Rayforge-iOS-ipa/Rayforge-iOS-ipa/ios-cc-iphoneos.sh  -o src/libadwaita-1.0.dylib src/libadwaita-1.0.dylib.p/meson-generated_.._adw-enums.c.o src/libadwaita-1.0.dylib.p/meson-generated_.._adw-enums-private.c.o src/libadwaita-1.0.dylib.p/meson-generated_.._adw-marshalers.c.o src/libadwaita-1.0.dylib.p/meson-generated_.._adw-resources.c.o src/libadwaita-1.0.dylib.p/meson-generated_.._stylesheet_adwaita-stylesheet-resources.c.o src/libadwaita-1.0.dylib.p/meson-generated_.._adw-public-types.c.o src/libadwaita-1.0.dylib.p/adw-about-dialog.c.o src/libadwaita-1.0.dylib.p/adw-about-window.c.o src/libadwaita-1.0.dylib.p/adw-accent-color.c.o src/libadwaita-1.0.dylib.p/adw-action-row.c.o src/libadwaita-1.0.dylib.p/adw-alert-dialog.c.o src/libadwaita-1.0.dylib.p/adw-animation.c.o src/libadwaita-1.0.dylib.p/adw-animation-target.c.o src/libadwaita-1.0.dylib.p/adw-animation-util.c.o src/libadwaita-1.0.dylib.p/adw-application.c.o src/libadwaita-1.0.dylib.p/adw-application-window.c.o src/libadwaita-1.0.dylib.p/adw-avatar.c.o src/libadwaita-1.0.dylib.p/adw-banner.c.o src/libadwaita-1.0.dylib.p/adw-bin.c.o src/libadwaita-1.0.dylib.p/adw-bottom-sheet.c.o src/libadwaita-1.0.dylib.p/adw-breakpoint.c.o src/libadwaita-1.0.dylib.p/adw-breakpoint-bin.c.o src/libadwaita-1.0.dylib.p/adw-button-content.c.o src/libadwaita-1.0.dylib.p/adw-button-row.c.o src/libadwaita-1.0.dylib.p/adw-carousel.c.o src/libadwaita-1.0.dylib.p/adw-carousel-indicator-dots.c.o src/libadwaita-1.0.dylib.p/adw-carousel-indicator-lines.c.o src/libadwaita-1.0.dylib.p/adw-clamp.c.o src/libadwaita-1.0.dylib.p/adw-clamp-layout.c.o src/libadwaita-1.0.dylib.p/adw-clamp-scrollable.c.o src/libadwaita-1.0.dylib.p/adw-combo-row.c.o src/libadwaita-1.0.dylib.p/adw-dialog.c.o src/libadwaita-1.0.dylib.p/adw-easing.c.o src/libadwaita-1.0.dylib.p/adw-entry-row.c.o src/libadwaita-1.0.dylib.p/adw-enum-list-model.c.o src/libadwaita-1.0.dylib.p/adw-expander-row.c.o src/libadwaita-1.0.dylib.p/adw-flap.c.o src/libadwaita-1.0.dylib.p/adw-fold-threshold-policy.c.o src/libadwaita-1.0.dylib.p/adw-header-bar.c.o src/libadwaita-1.0.dylib.p/adw-inline-view-switcher.c.o src/libadwaita-1.0.dylib.p/adw-layout.c.o src/libadwaita-1.0.dylib.p/adw-layout-slot.c.o src/libadwaita-1.0.dylib.p/adw-leaflet.c.o src/libadwaita-1.0.dylib.p/adw-length-unit.c.o src/libadwaita-1.0.dylib.p/adw-main.c.o src/libadwaita-1.0.dylib.p/adw-message-dialog.c.o src/libadwaita-1.0.dylib.p/adw-multi-layout-view.c.o src/libadwaita-1.0.dylib.p/adw-navigation-direction.c.o src/libadwaita-1.0.dylib.p/adw-navigation-split-view.c.o src/libadwaita-1.0.dylib.p/adw-navigation-view.c.o src/libadwaita-1.0.dylib.p/adw-overlay-split-view.c.o src/libadwaita-1.0.dylib.p/adw-password-entry-row.c.o src/libadwaita-1.0.dylib.p/adw-preferences-dialog.c.o src/libadwaita-1.0.dylib.p/adw-preferences-group.c.o src/libadwaita-1.0.dylib.p/adw-preferences-page.c.o src/libadwaita-1.0.dylib.p/adw-preferences-row.c.o src/libadwaita-1.0.dylib.p/adw-preferences-window.c.o src/libadwaita-1.0.dylib.p/adw-shortcut-label.c.o src/libadwaita-1.0.dylib.p/adw-shortcuts-dialog.c.o src/libadwaita-1.0.dylib.p/adw-shortcuts-item.c.o src/libadwaita-1.0.dylib.p/adw-shortcuts-section.c.o src/libadwaita-1.0.dylib.p/adw-sidebar.c.o src/libadwaita-1.0.dylib.p/adw-sidebar-item.c.o src/libadwaita-1.0.dylib.p/adw-sidebar-section.c.o src/libadwaita-1.0.dylib.p/adw-spin-row.c.o src/libadwaita-1.0.dylib.p/adw-spinner.c.o src/libadwaita-1.0.dylib.p/adw-spinner-paintable.c.o src/libadwaita-1.0.dylib.p/adw-split-button.c.o src/libadwaita-1.0.dylib.p/adw-spring-animation.c.o src/libadwaita-1.0.dylib.p/adw-spring-params.c.o src/libadwaita-1.0.dylib.p/adw-squeezer.c.o src/libadwaita-1.0.dylib.p/adw-style-manager.c.o src/libadwaita-1.0.dylib.p/adw-status-page.c.o src/libadwaita-1.0.dylib.p/adw-swipe-tracker.c.o src/libadwaita-1.0.dylib.p/adw-swipeable.c.o src/libadwaita-1.0.dylib.p/adw-switch-row.c.o src/libadwaita-1.0.dylib.p/adw-tab-bar.c.o src/libadwaita-1.0.dylib.p/adw-tab-button.c.o src/libadwaita-1.0.dylib.p/adw-tab-overview.c.o src/libadwaita-1.0.dylib.p/adw-tab-view.c.o src/libadwaita-1.0.dylib.p/adw-timed-animation.c.o src/libadwaita-1.0.dylib.p/adw-toast.c.o src/libadwaita-1.0.dylib.p/adw-toast-overlay.c.o src/libadwaita-1.0.dylib.p/adw-toggle-group.c.o src/libadwaita-1.0.dylib.p/adw-toolbar-view.c.o src/libadwaita-1.0.dylib.p/adw-version.c.o src/libadwaita-1.0.dylib.p/adw-view-stack.c.o src/libadwaita-1.0.dylib.p/adw-view-switcher.c.o src/libadwaita-1.0.dylib.p/adw-view-switcher-bar.c.o src/libadwaita-1.0.dylib.p/adw-view-switcher-sidebar.c.o src/libadwaita-1.0.dylib.p/adw-view-switcher-title.c.o src/libadwaita-1.0.dylib.p/adw-window.c.o src/libadwaita-1.0.dylib.p/adw-window-title.c.o src/libadwaita-1.0.dylib.p/adw-wrap-box.c.o src/libadwaita-1.0.dylib.p/adw-wrap-layout.c.o src/libadwaita-1.0.dylib.p/adw-adaptive-preview.c.o src/libadwaita-1.0.dylib.p/adw-back-button.c.o src/libadwaita-1.0.dylib.p/adw-bidi.c.o src/libadwaita-1.0.dylib.p/adw-color-utils.c.o src/libadwaita-1.0.dylib.p/adw-dialog-host.c.o src/libadwaita-1.0.dylib.p/adw-fading-label.c.o src/libadwaita-1.0.dylib.p/adw-floating-sheet.c.o src/libadwaita-1.0.dylib.p/adw-gizmo.c.o src/libadwaita-1.0.dylib.p/adw-gtkbuilder-utils.c.o src/libadwaita-1.0.dylib.p/adw-indicator-bin.c.o src/libadwaita-1.0.dylib.p/adw-inspector-page.c.o src/libadwaita-1.0.dylib.p/adw-link-row.c.o src/libadwaita-1.0.dylib.p/adw-settings.c.o src/libadwaita-1.0.dylib.p/adw-settings-impl.c.o src/libadwaita-1.0.dylib.p/adw-settings-impl-gsettings.c.o src/libadwaita-1.0.dylib.p/adw-settings-impl-legacy.c.o src/libadwaita-1.0.dylib.p/adw-sheet-controls.c.o src/libadwaita-1.0.dylib.p/adw-shadow-helper.c.o src/libadwaita-1.0.dylib.p/adw-shortcut-row.c.o src/libadwaita-1.0.dylib.p/adw-tab.c.o src/libadwaita-1.0.dylib.p/adw-tab-box.c.o src/libadwaita-1.0.dylib.p/adw-tab-grid.c.o src/libadwaita-1.0.dylib.p/adw-tab-thumbnail.c.o src/libadwaita-1.0.dylib.p/adw-toast-widget.c.o src/libadwaita-1.0.dylib.p/adw-view-switcher-button.c.o src/libadwaita-1.0.dylib.p/adw-widget-utils.c.o src/libadwaita-1.0.dylib.p/adw-settings-impl-portal.c.o -Wl,-dead_strip_dylibs -Wl,-headerpad_max_install_names -shared -install_name @rpath/libadwaita-1.0.dylib -compatibility_version 0 -current_version 0 -arch arm64 -isysroot /Applications/Xcode_16.4.app/Contents/Developer/Platforms/iPhoneOS.platform/Developer/SDKs/iPhoneOS18.5.sdk -mios-version-min=17.0 -Wl,-rpath,/Users/runner/work/Rayforge-iOS-ipa/Rayforge-iOS-ipa/ios-out/lib /Users/runner/work/Rayforge-iOS-ipa/Rayforge-iOS-ipa/ios-out/lib/libglib-2.0.dylib /Users/runner/work/Rayforge-iOS-ipa/Rayforge-iOS-ipa/ios-out/lib/libintl.dylib /Users/runner/work/Rayforge-iOS-ipa/Rayforge-iOS-ipa/ios-out/lib/libfribidi.a /Users/runner/work/Rayforge-iOS-ipa/Rayforge-iOS-ipa/ios-out/lib/libgio-2.0.dylib /Users/runner/work/Rayforge-iOS-ipa/Rayforge-iOS-ipa/ios-out/lib/libgobject-2.0.dylib /Users/runner/work/Rayforge-iOS-ipa/Rayforge-iOS-ipa/ios-out/lib/libgtk-4.dylib /Users/runner/work/Rayforge-iOS-ipa/Rayforge-iOS-ipa/ios-out/lib/libpangocairo-1.0.dylib /Users/runner/work/Rayforge-iOS-ipa/Rayforge-iOS-ipa/ios-out/lib/libpango-1.0.dylib /Users/runner/work/Rayforge-iOS-ipa/Rayforge-iOS-ipa/ios-out/lib/libharfbuzz.dylib /Users/runner/work/Rayforge-iOS-ipa/Rayforge-iOS-ipa/ios-out/lib/libgdk_pixbuf-2.0.dylib /Users/runner/work/Rayforge-iOS-ipa/Rayforge-iOS-ipa/ios-out/lib/libcairo-gobject.dylib /Users/runner/work/Rayforge-iOS-ipa/Rayforge-iOS-ipa/ios-out/lib/libcairo.dylib /Users/runner/work/Rayforge-iOS-ipa/Rayforge-iOS-ipa/ios-out/lib/libgraphene-1.0.dylib /Users/runner/work/Rayforge-iOS-ipa/Rayforge-iOS-ipa/ios-out/lib/libappstream-stub.a -lm
ld: building for 'iOS', but linking in object file (/Users/runner/work/Rayforge-iOS-ipa/Rayforge-iOS-ipa/ios-out/lib/libappstream-stub.a[2](appstream-stub.o)) built for 'iOS-simulator'
clang: error: linker command failed with exit code 1 (use -v to see invocation)
ninja: build stopped: cannot make progress due to previous errors.
