CMake Deprecation Warning at CMakeLists.txt:27 (cmake_minimum_required):
  Compatibility with CMake < 3.10 will be removed from a future version of
  CMake.

  Update the VERSION argument <min> value.  Or, use the <min>...<max> syntax
  to tell CMake that the project requires at least <min> but has been updated
  to work with policies introduced by <max> or earlier.


CMake Deprecation Warning at CMakeLists.txt:30 (cmake_policy):
  Compatibility with CMake < 3.10 will be removed from a future version of
  CMake.

  Update the VERSION argument <min> value.  Or, use the <min>...<max> syntax
  to tell CMake that the project requires at least <min> but has been updated
  to work with policies introduced by <max> or earlier.


-- Building tiff version 4.7.0
-- The C compiler identification is AppleClang 17.0.0.17000013
-- The CXX compiler identification is AppleClang 17.0.0.17000013
-- Detecting C compiler ABI info
-- Detecting C compiler ABI info - done
-- Check for working C compiler: /usr/bin/cc - skipped
-- Detecting C compile features
-- Detecting C compile features - done
-- Detecting CXX compiler ABI info
-- Detecting CXX compiler ABI info - done
-- Check for working CXX compiler: /usr/bin/c++ - skipped
-- Detecting CXX compile features
-- Detecting CXX compile features - done
-- Performing Test C_FLAG_Wall
-- Performing Test C_FLAG_Wall - Success
-- Performing Test C_FLAG_Winline
-- Performing Test C_FLAG_Winline - Success
-- Performing Test C_FLAG_Wformat_security
-- Performing Test C_FLAG_Wformat_security - Success
-- Performing Test C_FLAG_Wpointer_arith
-- Performing Test C_FLAG_Wpointer_arith - Success
-- Performing Test C_FLAG_Wdisabled_optimization
-- Performing Test C_FLAG_Wdisabled_optimization - Success
-- Performing Test C_FLAG_Wno_unknown_pragmas
-- Performing Test C_FLAG_Wno_unknown_pragmas - Success
-- Performing Test C_FLAG_fstrict_aliasing
-- Performing Test C_FLAG_fstrict_aliasing - Success
-- Performing Test HAVE_LD_VERSION_SCRIPT
-- Performing Test HAVE_LD_VERSION_SCRIPT - Failed
-- Looking for assert.h
-- Looking for assert.h - found
-- Looking for fcntl.h
-- Looking for fcntl.h - found
-- Looking for io.h
-- Looking for io.h - not found
-- Looking for strings.h
-- Looking for strings.h - found
-- Looking for sys/time.h
-- Looking for sys/time.h - found
-- Looking for sys/types.h
-- Looking for sys/types.h - found
-- Looking for unistd.h
-- Looking for unistd.h - found
-- Looking for getopt
-- Looking for getopt - found
-- Looking for optarg
-- Looking for optarg - found
-- Looking for mmap
-- Looking for mmap - found
-- Looking for setmode
-- Looking for setmode - found
-- Looking for stdint.h
-- Looking for stdint.h - found
-- Looking for stddef.h
-- Looking for stddef.h - found
-- Check size of size_t
-- Check size of size_t - done
-- Found ZLIB: /Applications/Xcode_16.4.app/Contents/Developer/Platforms/iPhoneSimulator.platform/Developer/SDKs/iPhoneSimulator18.5.sdk/usr/lib/libz.tbd (found version "1.2.12")
-- Could NOT find Deflate (missing: Deflate_LIBRARY Deflate_INCLUDE_DIR) 
-- Found JPEG: /Users/runner/work/Rayforge-iOS-ipa/Rayforge-iOS-ipa/ios-out/lib/libjpeg.a (found version "62")
-- Performing Test HAVE_JPEGTURBO_DUAL_MODE_8_12
-- Performing Test HAVE_JPEGTURBO_DUAL_MODE_8_12 - Success
-- Could NOT find JBIG (missing: JBIG_LIBRARY JBIG_INCLUDE_DIR) 
-- Could NOT find LERC (missing: LERC_LIBRARY LERC_INCLUDE_DIR) 
-- Looking for lzma_auto_decoder in /Applications/Xcode_16.4.app/Contents/Developer/Platforms/iPhoneSimulator.platform/Developer/SDKs/iPhoneSimulator18.5.sdk/usr/lib/liblzma.tbd
-- Looking for lzma_auto_decoder in /Applications/Xcode_16.4.app/Contents/Developer/Platforms/iPhoneSimulator.platform/Developer/SDKs/iPhoneSimulator18.5.sdk/usr/lib/liblzma.tbd - found
-- Looking for lzma_easy_encoder in /Applications/Xcode_16.4.app/Contents/Developer/Platforms/iPhoneSimulator.platform/Developer/SDKs/iPhoneSimulator18.5.sdk/usr/lib/liblzma.tbd
-- Looking for lzma_easy_encoder in /Applications/Xcode_16.4.app/Contents/Developer/Platforms/iPhoneSimulator.platform/Developer/SDKs/iPhoneSimulator18.5.sdk/usr/lib/liblzma.tbd - found
-- Looking for lzma_lzma_preset in /Applications/Xcode_16.4.app/Contents/Developer/Platforms/iPhoneSimulator.platform/Developer/SDKs/iPhoneSimulator18.5.sdk/usr/lib/liblzma.tbd
-- Looking for lzma_lzma_preset in /Applications/Xcode_16.4.app/Contents/Developer/Platforms/iPhoneSimulator.platform/Developer/SDKs/iPhoneSimulator18.5.sdk/usr/lib/liblzma.tbd - found
-- Could NOT find liblzma (missing: LIBLZMA_INCLUDE_DIR) 
-- Could NOT find ZSTD (missing: ZSTD_LIBRARY ZSTD_INCLUDE_DIR) 
-- Could NOT find WebP (missing: WebP_LIBRARY WebP_INCLUDE_DIR) 
-- Could NOT find OpenGL (missing: OPENGL_gl_LIBRARY OPENGL_INCLUDE_DIR OpenGL) 
-- Could NOT find GLUT (missing: GLUT_glut_LIBRARY GLUT_INCLUDE_DIR) 
-- Looking for GL/gl.h
-- Looking for GL/gl.h - not found
-- Looking for GL/glu.h
-- Looking for GL/glu.h - not found
-- Looking for GL/glut.h
-- Looking for GL/glut.h - not found
-- Looking for GLUT/glut.h
-- Looking for GLUT/glut.h - not found
-- Looking for OpenGL/gl.h
-- Looking for OpenGL/gl.h - not found
-- Looking for OpenGL/glu.h
-- Looking for OpenGL/glu.h - not found
-- Looking for pow
-- Looking for pow - found
-- Found CMath: TRUE
-- 
-- Libtiff is now configured for iOS
-- 
--   Libtiff build version:       4.7.0
--   Libtiff library version:     6.1.0
--   Libtiff release date:        20240911
-- 
--   Installation directory:             /Users/runner/work/Rayforge-iOS-ipa/Rayforge-iOS-ipa/ios-out
--   Documentation directory:            share/doc/tiff
--   C compiler:                         /usr/bin/cc
--   C++ compiler:                       /usr/bin/c++
--   Build shared libraries:             OFF
--   Build tools:                        OFF
--   Build tests:                        OFF
--   Build contrib:                      OFF
--   Build docs:                         OFF
--   Build deprecated features:          OFF
--   Enable linker symbol versioning:    FALSE
--   Support Microsoft Document Imaging: ON
--   Use win32 IO:                       OFF
-- 
--  Support for internal codecs:
--   CCITT Group 3 & 4 algorithms:       ON
--   Macintosh PackBits algorithm:       ON
--   LZW algorithm:                      ON
--   ThunderScan 4-bit RLE algorithm:    ON
--   NeXT 2-bit RLE algorithm:           ON
--   LogLuv high dynamic range encoding: ON
-- 
--  Support for external codecs:
--   ZLIB support:                       Requested:ON Availability:TRUE Support:TRUE
--   libdeflate support:                 Requested:OFF Availability:FALSE Support:FALSE
--   Pixar log-format algorithm:         Requested:ON Availability:TRUE Support:TRUE
--   JPEG support:                       Requested:ON Availability:TRUE Support:TRUE
--   Old JPEG support:                   Requested:ON Availability:TRUE Support:TRUE
--   JPEG 8/12 bit dual mode:            Support: yes (libjpeg turbo >= 3.0 dual mode)
--   ISO JBIG support:                   Requested:OFF Availability:FALSE Support:FALSE
--   LERC support:                       Requested:OFF Availability:FALSE Support:FALSE
--   LZMA2 support:                      Requested:OFF Availability:FALSE Support:FALSE
--   ZSTD support:                       Requested:OFF Availability:FALSE Support:FALSE
--   WEBP support:                       Requested:OFF Availability:FALSE Support:FALSE
-- 
--   C++ support:                        ON (requested) TRUE (availability)
-- 
--   OpenGL support:                     Requested:OFF Availability:FALSE Support:FALSE
-- 
-- Configuring done (31.5s)
-- Generating done (0.0s)
-- Build files have been written to: /Users/runner/work/Rayforge-iOS-ipa/Rayforge-iOS-ipa/tiff-build
[  2%] Building C object libtiff/CMakeFiles/tiff.dir/tif_aux.c.o
[  4%] Building C object libtiff/CMakeFiles/tiff.dir/tif_close.c.o
[  6%] Building C object libtiff/CMakeFiles/tiff.dir/tif_codec.c.o
[  8%] Building C object libtiff/CMakeFiles/tiff.dir/tif_color.c.o
[ 10%] Building C object libtiff/CMakeFiles/tiff.dir/tif_compress.c.o
[ 13%] Building C object libtiff/CMakeFiles/tiff.dir/tif_dir.c.o
[ 15%] Building C object libtiff/CMakeFiles/tiff.dir/tif_dirinfo.c.o
[ 17%] Building C object libtiff/CMakeFiles/tiff.dir/tif_dirread.c.o
[ 19%] Building C object libtiff/CMakeFiles/tiff.dir/tif_dirwrite.c.o
[ 21%] Building C object libtiff/CMakeFiles/tiff.dir/tif_dumpmode.c.o
[ 23%] Building C object libtiff/CMakeFiles/tiff.dir/tif_error.c.o
[ 26%] Building C object libtiff/CMakeFiles/tiff.dir/tif_extension.c.o
[ 28%] Building C object libtiff/CMakeFiles/tiff.dir/tif_fax3.c.o
[ 30%] Building C object libtiff/CMakeFiles/tiff.dir/tif_fax3sm.c.o
[ 32%] Building C object libtiff/CMakeFiles/tiff.dir/tif_flush.c.o
[ 34%] Building C object libtiff/CMakeFiles/tiff.dir/tif_getimage.c.o
[ 36%] Building C object libtiff/CMakeFiles/tiff.dir/tif_hash_set.c.o
[ 39%] Building C object libtiff/CMakeFiles/tiff.dir/tif_jbig.c.o
[ 41%] Building C object libtiff/CMakeFiles/tiff.dir/tif_jpeg.c.o
[ 43%] Building C object libtiff/CMakeFiles/tiff.dir/tif_jpeg_12.c.o
[ 45%] Building C object libtiff/CMakeFiles/tiff.dir/tif_lerc.c.o
[ 47%] Building C object libtiff/CMakeFiles/tiff.dir/tif_luv.c.o
[ 50%] Building C object libtiff/CMakeFiles/tiff.dir/tif_lzma.c.o
[ 52%] Building C object libtiff/CMakeFiles/tiff.dir/tif_lzw.c.o
[ 54%] Building C object libtiff/CMakeFiles/tiff.dir/tif_next.c.o
[ 56%] Building C object libtiff/CMakeFiles/tiff.dir/tif_ojpeg.c.o
[ 58%] Building C object libtiff/CMakeFiles/tiff.dir/tif_open.c.o
[ 60%] Building C object libtiff/CMakeFiles/tiff.dir/tif_packbits.c.o
[ 63%] Building C object libtiff/CMakeFiles/tiff.dir/tif_pixarlog.c.o
[ 65%] Building C object libtiff/CMakeFiles/tiff.dir/tif_predict.c.o
[ 67%] Building C object libtiff/CMakeFiles/tiff.dir/tif_print.c.o
[ 69%] Building C object libtiff/CMakeFiles/tiff.dir/tif_read.c.o
[ 71%] Building C object libtiff/CMakeFiles/tiff.dir/tif_strip.c.o
[ 73%] Building C object libtiff/CMakeFiles/tiff.dir/tif_swab.c.o
[ 76%] Building C object libtiff/CMakeFiles/tiff.dir/tif_thunder.c.o
[ 78%] Building C object libtiff/CMakeFiles/tiff.dir/tif_tile.c.o
[ 80%] Building C object libtiff/CMakeFiles/tiff.dir/tif_version.c.o
[ 82%] Building C object libtiff/CMakeFiles/tiff.dir/tif_warning.c.o
[ 84%] Building C object libtiff/CMakeFiles/tiff.dir/tif_webp.c.o
[ 86%] Building C object libtiff/CMakeFiles/tiff.dir/tif_write.c.o
[ 89%] Building C object libtiff/CMakeFiles/tiff.dir/tif_zip.c.o
[ 91%] Building C object libtiff/CMakeFiles/tiff.dir/tif_zstd.c.o
[ 93%] Building C object libtiff/CMakeFiles/tiff.dir/tif_unix.c.o
[ 95%] Linking C static library libtiff.a
[ 95%] Built target tiff
[ 97%] Building CXX object libtiff/CMakeFiles/tiffxx.dir/tif_stream.cxx.o
[100%] Linking CXX static library libtiffxx.a
[100%] Built target tiffxx
-- Installing: /Users/runner/work/Rayforge-iOS-ipa/Rayforge-iOS-ipa/ios-out/lib/pkgconfig/libtiff-4.pc
-- Installing: /Users/runner/work/Rayforge-iOS-ipa/Rayforge-iOS-ipa/ios-out/lib/libtiff.a
-- Installing: /Users/runner/work/Rayforge-iOS-ipa/Rayforge-iOS-ipa/ios-out/include/tiff.h
-- Installing: /Users/runner/work/Rayforge-iOS-ipa/Rayforge-iOS-ipa/ios-out/include/tiffio.h
-- Installing: /Users/runner/work/Rayforge-iOS-ipa/Rayforge-iOS-ipa/ios-out/include/tiffvers.h
-- Installing: /Users/runner/work/Rayforge-iOS-ipa/Rayforge-iOS-ipa/ios-out/include/tiffconf.h
-- Installing: /Users/runner/work/Rayforge-iOS-ipa/Rayforge-iOS-ipa/ios-out/lib/cmake/tiff/TiffTargets.cmake
-- Installing: /Users/runner/work/Rayforge-iOS-ipa/Rayforge-iOS-ipa/ios-out/lib/cmake/tiff/TiffConfigVersion.cmake
-- Installing: /Users/runner/work/Rayforge-iOS-ipa/Rayforge-iOS-ipa/ios-out/lib/cmake/tiff/TiffConfig.cmake
-- Installing: /Users/runner/work/Rayforge-iOS-ipa/Rayforge-iOS-ipa/ios-out/lib/libtiffxx.a
-- Installing: /Users/runner/work/Rayforge-iOS-ipa/Rayforge-iOS-ipa/ios-out/include/tiffio.hxx
