The Meson build system
Version: 1.11.1
Source dir: /Users/runner/work/Rayforge-iOS-ipa/Rayforge-iOS-ipa/harfbuzz-src
Build dir: /Users/runner/work/Rayforge-iOS-ipa/Rayforge-iOS-ipa/hb-build
Build type: cross build
Project name: harfbuzz
Project version: 14.2.1
C compiler for the host machine: /Applications/Xcode_16.4.app/Contents/Developer/Toolchains/XcodeDefault.xctoolchain/usr/bin/clang (clang 17.0.0 "Apple clang version 17.0.0 (clang-1700.0.13.5)")
C linker for the host machine: /Applications/Xcode_16.4.app/Contents/Developer/Toolchains/XcodeDefault.xctoolchain/usr/bin/clang ld64 1167.5
C++ compiler for the host machine: /Applications/Xcode_16.4.app/Contents/Developer/Toolchains/XcodeDefault.xctoolchain/usr/bin/clang++ (clang 17.0.0 "Apple clang version 17.0.0 (clang-1700.0.13.5)")
C++ linker for the host machine: /Applications/Xcode_16.4.app/Contents/Developer/Toolchains/XcodeDefault.xctoolchain/usr/bin/clang++ ld64 1167.5
C compiler for the build machine: cc (clang 17.0.0 "Apple clang version 17.0.0 (clang-1700.0.13.5)")
C linker for the build machine: cc ld64 1167.5
C++ compiler for the build machine: c++ (clang 17.0.0 "Apple clang version 17.0.0 (clang-1700.0.13.5)")
C++ linker for the build machine: c++ ld64 1167.5
Build machine cpu family: aarch64
Build machine cpu: aarch64
Host machine cpu family: aarch64
Host machine cpu: aarch64
Target machine cpu family: aarch64
Target machine cpu: aarch64
Compiler for C++ supports link arguments -Bsymbolic-functions: YES 
Compiler for C++ supports arguments -fno-exceptions: YES 
Compiler for C++ supports arguments -fno-rtti: YES 
Compiler for C++ supports arguments -fno-threadsafe-statics: YES 
Compiler for C++ supports arguments -fvisibility-inlines-hidden: YES 
Library m found: YES
Found pkg-config: YES (/opt/homebrew/bin/pkg-config) 2.5.1
Run-time dependency freetype2 found: YES 26.2.20
Run-time dependency glib-2.0 found: YES 2.82.4
Run-time dependency gobject-2.0 found: YES 2.82.4
Dependency graphite2 for host machine skipped: feature graphite2 disabled
Dependency graphite2 for host machine skipped: feature graphite disabled
Library iwasm skipped: feature wasm disabled
Found CMake: NO
Run-time dependency icu-uc found: NO  (tried pkg-config, framework and cmake)
Run-time dependency chafa found: NO  (tried pkg-config, framework and cmake)
WARNING: Pkg-config error with 'libpng': Could not generate cflags for libpng:
Package zlib was not found in the pkg-config search path.
Perhaps you should add the directory containing `zlib.pc'
to the PKG_CONFIG_PATH environment variable
Package 'zlib', required by 'libpng', not found

Run-time dependency libpng found: NO  (tried pkg-config, framework and cmake)
Run-time dependency zlib found: YES 1.2.12
Run-time dependency threads found: YES
Has header "unistd.h" : YES 
Has header "sys/mman.h" : YES 
Has header "stdbool.h" : YES 
Has header "xlocale.h" : YES 
Checking for function "atexit" : YES 
Checking for function "mprotect" : YES 
Checking for function "sysconf" : YES 
Checking for function "getpagesize" : YES 
Checking for function "mmap" : YES 
Checking for function "isatty" : YES 
Checking for function "uselocale" : YES 
Checking for function "newlocale" : YES 
Checking for function "localeconv_l" : NO 
Checking for function "sincos" : NO 
Checking for function "sincosf" : NO 
Checking for function "FT_Get_Var_Blend_Coordinates" with dependency freetype2: NO 
Checking for function "FT_Set_Var_Blend_Coordinates" with dependency freetype2: NO 
Checking for function "FT_Done_MM_Var" with dependency freetype2: NO 
Checking for function "FT_Get_Transform" with dependency freetype2: NO 
Program gen-hb-version.py found: YES (/Users/runner/work/Rayforge-iOS-ipa/Rayforge-iOS-ipa/harfbuzz-src/src/gen-hb-version.py)
Configuring hb-version.h with command
Program ragel found: NO
harfbuzz-src/src/meson.build:455: WARNING: You have to install ragel if you are going to develop HarfBuzz itself
Program gen-harfbuzzcc.py found: YES (/Users/runner/work/Rayforge-iOS-ipa/Rayforge-iOS-ipa/harfbuzz-src/src/gen-harfbuzzcc.py)
Configuring hb-features.h using configuration
Configuring hb-supported-features.h using configuration
Program gen-def.py found: YES (/Users/runner/work/Rayforge-iOS-ipa/Rayforge-iOS-ipa/harfbuzz-src/src/gen-def.py)
Program gen-harfbuzzcc.py found: YES (/Users/runner/work/Rayforge-iOS-ipa/Rayforge-iOS-ipa/harfbuzz-src/src/gen-harfbuzzcc.py)
Found pkg-config: YES (/opt/homebrew/bin/pkg-config) 2.5.1
Program gen-gpu-shader-artifacts.py found: YES (/Users/runner/work/Rayforge-iOS-ipa/Rayforge-iOS-ipa/harfbuzz-src/src/gen-gpu-shader-artifacts.py)
Configuring harfbuzz-config.cmake using configuration
Found pkg-config: YES (/opt/homebrew/bin/pkg-config) 2.5.1
Build-time dependency glib-2.0 found: YES 2.82.4
Program /Users/runner/work/Rayforge-iOS-ipa/Rayforge-iOS-ipa/ios-out/bin/glib-mkenums found: YES (/Users/runner/work/Rayforge-iOS-ipa/Rayforge-iOS-ipa/ios-out/bin/glib-mkenums)
Dependency glib-2.0 for build machine found: YES 2.82.4 (cached)
Program /Users/runner/work/Rayforge-iOS-ipa/Rayforge-iOS-ipa/ios-out/bin/glib-mkenums found: YES (/Users/runner/work/Rayforge-iOS-ipa/Rayforge-iOS-ipa/ios-out/bin/glib-mkenums)
Program fix_get_types.py found: YES (/Users/runner/work/Rayforge-iOS-ipa/Rayforge-iOS-ipa/harfbuzz-src/src/fix_get_types.py)
Program fix_get_types.py found: YES (/Users/runner/work/Rayforge-iOS-ipa/Rayforge-iOS-ipa/harfbuzz-src/src/fix_get_types.py)
Program g-ir-scanner found: NO
Program gen-harfbuzz-world.py found: YES (/Users/runner/work/Rayforge-iOS-ipa/Rayforge-iOS-ipa/harfbuzz-src/src/gen-harfbuzz-world.py)
Configuring config.h using configuration
Build targets in project: 37

harfbuzz 14.2.1

  Directories
    prefix                    : /Users/runner/work/Rayforge-iOS-ipa/Rayforge-iOS-ipa/ios-out
    bindir                    : bin
    libdir                    : lib
    includedir                : include
    datadir                   : share
    cmakepackagedir           : lib/cmake

  Unicode callbacks (you want at least one)
    Builtin                   : YES
    Glib                      : YES
    ICU                       : NO

  Font callbacks (the more the merrier)
    Builtin                   : YES
    FreeType                  : YES
    Fontations                : NO

  Additional shapers
    Graphite2                 : NO
    WebAssembly (experimental): NO

  Platform / other shapers (not normally needed)
    CoreText                  : NO
    DirectWrite               : NO
    GDI/Uniscribe             : NO
    HarfRust                  : NO
    kbts                      : NO

  Additional libraries
    Subset                    : YES
    Raster (experimental)     : YES
    Vector (experimental)     : YES
    GPU (experimental)        : YES

  Dependencies used by additional libraries
    PNG                       : NO
    Zlib                      : YES

  Other features
    Utilities                 : NO
    Documentation             : NO
    GObject bindings          : YES
    Cairo integration         : NO
    Introspection             : NO
    Experimental APIs         : NO

  Dependencies used by command-line utilities
    Cairo                     : NO
    Chafa                     : NO

  Testing
    Tests                     : NO
    Benchmark                 : NO

  User defined options
    Cross files               : /Users/runner/work/Rayforge-iOS-ipa/Rayforge-iOS-ipa/ios-arm64-cross.txt
    buildtype                 : release
    cairo                     : disabled
    default_library           : static
    docs                      : disabled
    freetype                  : enabled
    glib                      : enabled
    gobject                   : enabled
    prefix                    : /Users/runner/work/Rayforge-iOS-ipa/Rayforge-iOS-ipa/ios-out
    tests                     : disabled
    utilities                 : disabled

Found ninja-1.13.2 at /opt/homebrew/bin/ninja
ninja: Entering directory `hb-build'
[1/128] Generating GObject enum file src/hb-gobject-enums-tmp.h (wrapped by meson to capture output)
[2/128] Compiling C++ object src/libharfbuzz.a.p/hb-blob.cc.o
[3/128] Generating src/hb-gobject-enums.h with a custom command
[4/128] Compiling C++ object src/libharfbuzz.a.p/hb-buffer-serialize.cc.o
[5/128] Generating GObject enum file src/hb-gobject-enums-tmp.cc (wrapped by meson to capture output)
[6/128] Generating src/hb-gobject-enums.cc with a custom command
[7/128] Compiling C++ object src/libharfbuzz.a.p/hb-buffer-verify.cc.o
[8/128] Compiling C++ object src/libharfbuzz.a.p/hb-common.cc.o
[9/128] Compiling C++ object src/libharfbuzz.a.p/hb-draw.cc.o
[10/128] Compiling C++ object src/libharfbuzz.a.p/hb-aat-map.cc.o
[11/128] Compiling C++ object src/libharfbuzz.a.p/hb-buffer.cc.o
[12/128] Compiling C++ object src/libharfbuzz.a.p/hb-paint-bounded.cc.o
[13/128] Compiling C++ object src/libharfbuzz.a.p/hb-paint-extents.cc.o
[14/128] Compiling C++ object src/libharfbuzz.a.p/hb-paint.cc.o
[15/128] Compiling C++ object src/libharfbuzz.a.p/hb-fallback-shape.cc.o
[16/128] Compiling C++ object src/libharfbuzz.a.p/hb-face.cc.o
FAILED: [code=1] src/libharfbuzz.a.p/hb-face.cc.o 
/Applications/Xcode_16.4.app/Contents/Developer/Toolchains/XcodeDefault.xctoolchain/usr/bin/clang++ -Isrc/libharfbuzz.a.p -Isrc -I../harfbuzz-src/src -I. -I../harfbuzz-src -I/Applications/Xcode_16.4.app/Contents/Developer/Platforms/iPhoneOS.platform/Developer/SDKs/iPhoneOS18.5.sdk/Users/runner/work/Rayforge-iOS-ipa/Rayforge-iOS-ipa/ios-out/include/freetype2 -I/Applications/Xcode_16.4.app/Contents/Developer/Platforms/iPhoneOS.platform/Developer/SDKs/iPhoneOS18.5.sdk/Users/runner/work/Rayforge-iOS-ipa/Rayforge-iOS-ipa/ios-out/include/glib-2.0 -I/Applications/Xcode_16.4.app/Contents/Developer/Platforms/iPhoneOS.platform/Developer/SDKs/iPhoneOS18.5.sdk/Users/runner/work/Rayforge-iOS-ipa/Rayforge-iOS-ipa/ios-out/lib/glib-2.0/include -I/Applications/Xcode_16.4.app/Contents/Developer/Platforms/iPhoneOS.platform/Developer/SDKs/iPhoneOS18.5.sdk/Users/runner/work/Rayforge-iOS-ipa/Rayforge-iOS-ipa/ios-out/include -fdiagnostics-color=always -DNDEBUG -Wall -Winvalid-pch -fno-exceptions -std=c++11 -O3 -fno-exceptions -fno-rtti -fno-threadsafe-statics -fvisibility-inlines-hidden -DHAVE_CONFIG_H -arch arm64 -isysroot /Applications/Xcode_16.4.app/Contents/Developer/Platforms/iPhoneOS.platform/Developer/SDKs/iPhoneOS18.5.sdk -mios-version-min=17.0 -DG_INTL_STATIC_COMPILATION -DPCRE2_STATIC -MD -MQ src/libharfbuzz.a.p/hb-face.cc.o -MF src/libharfbuzz.a.p/hb-face.cc.o.d -o src/libharfbuzz.a.p/hb-face.cc.o -c ../harfbuzz-src/src/hb-face.cc
In file included from ../harfbuzz-src/src/hb-face.cc:38:
../harfbuzz-src/src/hb-ft.h:34:10: fatal error: 'ft2build.h' file not found
   34 | #include <ft2build.h>
      |          ^~~~~~~~~~~~
1 error generated.
[17/128] Compiling C++ object src/libharfbuzz.a.p/hb-font.cc.o
FAILED: [code=1] src/libharfbuzz.a.p/hb-font.cc.o 
/Applications/Xcode_16.4.app/Contents/Developer/Toolchains/XcodeDefault.xctoolchain/usr/bin/clang++ -Isrc/libharfbuzz.a.p -Isrc -I../harfbuzz-src/src -I. -I../harfbuzz-src -I/Applications/Xcode_16.4.app/Contents/Developer/Platforms/iPhoneOS.platform/Developer/SDKs/iPhoneOS18.5.sdk/Users/runner/work/Rayforge-iOS-ipa/Rayforge-iOS-ipa/ios-out/include/freetype2 -I/Applications/Xcode_16.4.app/Contents/Developer/Platforms/iPhoneOS.platform/Developer/SDKs/iPhoneOS18.5.sdk/Users/runner/work/Rayforge-iOS-ipa/Rayforge-iOS-ipa/ios-out/include/glib-2.0 -I/Applications/Xcode_16.4.app/Contents/Developer/Platforms/iPhoneOS.platform/Developer/SDKs/iPhoneOS18.5.sdk/Users/runner/work/Rayforge-iOS-ipa/Rayforge-iOS-ipa/ios-out/lib/glib-2.0/include -I/Applications/Xcode_16.4.app/Contents/Developer/Platforms/iPhoneOS.platform/Developer/SDKs/iPhoneOS18.5.sdk/Users/runner/work/Rayforge-iOS-ipa/Rayforge-iOS-ipa/ios-out/include -fdiagnostics-color=always -DNDEBUG -Wall -Winvalid-pch -fno-exceptions -std=c++11 -O3 -fno-exceptions -fno-rtti -fno-threadsafe-statics -fvisibility-inlines-hidden -DHAVE_CONFIG_H -arch arm64 -isysroot /Applications/Xcode_16.4.app/Contents/Developer/Platforms/iPhoneOS.platform/Developer/SDKs/iPhoneOS18.5.sdk -mios-version-min=17.0 -DG_INTL_STATIC_COMPILATION -DPCRE2_STATIC -MD -MQ src/libharfbuzz.a.p/hb-font.cc.o -MF src/libharfbuzz.a.p/hb-font.cc.o.d -o src/libharfbuzz.a.p/hb-font.cc.o -c ../harfbuzz-src/src/hb-font.cc
In file included from ../harfbuzz-src/src/hb-font.cc:45:
../harfbuzz-src/src/hb-ft.h:34:10: fatal error: 'ft2build.h' file not found
   34 | #include <ft2build.h>
      |          ^~~~~~~~~~~~
1 error generated.
[18/128] Compiling C++ object src/libharfbuzz.a.p/hb-face-builder.cc.o
[19/128] Compiling C++ object src/libharfbuzz.a.p/hb-map.cc.o
[20/128] Compiling C++ object src/libharfbuzz.a.p/hb-aat-layout.cc.o
ninja: build stopped: subcommand failed.
