getpwuid_r did not find a match for uid 501
Timestamp                       Thread     Type        Activity             PID    TTL  
2026-07-04 15:47:55.293979+0000 0xd5e8     Default     0x0                  17475  0    rayforge-app: (libMobileGestalt.dylib) No persisted cache on this platform.
2026-07-04 15:47:55.294191+0000 0xd5ed     Default     0x0                  17475  0    rayforge-app: (libxpc.dylib) [com.apple.xpc:connection] [0x104e058e0] activating connection: mach=true listener=false peer=false name=com.apple.cfprefsd.daemon
2026-07-04 15:47:55.298492+0000 0xd5ed     Default     0x0                  17475  0    rayforge-app: (UIKitCore) [com.apple.UIKit:BackgroundTask] Creating new assertion because there is no existing background assertion.
2026-07-04 15:47:55.298536+0000 0xd5ed     Default     0x0                  17475  0    rayforge-app: (UIKitCore) [com.apple.UIKit:BackgroundTask] Creating new background assertion
2026-07-04 15:47:55.298637+0000 0xd5ed     Default     0x0                  17475  0    rayforge-app: (UIKitCore) [com.apple.UIKit:BackgroundTask] Created new background assertion <BKSProcessAssertion: 0x60000210c0a0>
2026-07-04 15:47:55.298673+0000 0xd5ed     Default     0x0                  17475  0    rayforge-app: (RunningBoardServices) [com.apple.runningboard:connection] Initializing connection
2026-07-04 15:47:55.298880+0000 0xd5ed     Default     0x0                  17475  0    rayforge-app: (RunningBoardServices) [com.apple.runningboard:process] Removing all cached process handles
2026-07-04 15:47:55.299794+0000 0xd5ed     Default     0x0                  17475  0    rayforge-app: (RunningBoardServices) [com.apple.runningboard:connection] Creating connection to com.apple.runningboard
2026-07-04 15:47:55.299817+0000 0xd5ed     Default     0x0                  17475  0    rayforge-app: (libxpc.dylib) [com.apple.xpc:connection] [0x104b05000] activating connection: mach=true listener=false peer=false name=com.apple.runningboard
2026-07-04 15:47:55.301196+0000 0xd5e8     Default     0x0                  17475  0    rayforge-app: (BoardServices) [com.apple.BoardServices:XPCErrors] [C:1] Alloc com.apple.frontboard.systemappservices
2026-07-04 15:47:55.301535+0000 0xd5e8     Default     0x0                  17475  0    rayforge-app: (libxpc.dylib) [com.apple.xpc:connection] [0x104b083c0] activating connection: mach=false listener=false peer=false name=(anonymous)
2026-07-04 15:47:55.307440+0000 0xd5ef     Default     0x0                  17475  0    rayforge-app: (RunningBoardServices) [com.apple.runningboard:connection] Sending handshake request attempt #1 to server
2026-07-04 15:47:55.311713+0000 0xd5ef     Default     0x0                  17475  0    rayforge-app: (RunningBoardServices) [com.apple.runningboard:connection] Handshake succeeded
2026-07-04 15:47:55.311758+0000 0xd5ef     Default     0x0                  17475  0    rayforge-app: (RunningBoardServices) [com.apple.runningboard:connection] Identity resolved as app<org.rayforge.app((null))>
2026-07-04 15:47:55.312408+0000 0xd5ed     Default     0x0                  17475  0    rayforge-app: (UIKitCore) [com.apple.UIKit:BackgroundTask] Incrementing reference count for background assertion <BKSProcessAssertion: 0x60000210c0a0>
2026-07-04 15:47:55.312505+0000 0xd5ed     Default     0x0                  17475  0    rayforge-app: (UIKitCore) [com.apple.UIKit:BackgroundTask] Created background task <_UIBackgroundTaskInfo: 0x600001704ac0>: taskID = 1, taskName = Launch Background Task for Coalescing, creationTime = 454 (elapsed = 0).
2026-07-04 15:47:55.312628+0000 0xd5ed     Default     0x0                  17475  0    rayforge-app: (FrontBoardServices) [com.apple.FrontBoard:SceneExtension] Realizing settings extension _UIApplicationSceneKeyboardSettings on FBSSceneSettings
2026-07-04 15:47:55.313179+0000 0xd5ed     Default     0x0                  17475  0    rayforge-app: (FrontBoardServices) [com.apple.FrontBoard:SceneExtension] Realizing settings extension <_UISceneOcclusionSettings> on FBSSceneSettings
2026-07-04 15:47:55.313730+0000 0xd5ed     Default     0x0                  17475  0    rayforge-app: (FrontBoardServices) [com.apple.FrontBoard:SceneExtension] Realizing settings extension <_UISceneInterfaceProtectionSettings> on FBSSceneSettings
2026-07-04 15:47:55.313825+0000 0xd5ed     Default     0x0                  17475  0    rayforge-app: (FrontBoardServices) [com.apple.FrontBoard:SceneExtension] Realizing settings extension _UISceneLayoutPreferencesHostSettingsExtension on FBSSceneSettings
2026-07-04 15:47:55.313911+0000 0xd5ed     Default     0x0                  17475  0    rayforge-app: (FrontBoardServices) [com.apple.FrontBoard:SceneExtension] Realizing settings extension _UISceneSafeAreaSettingsExtension on FBSSceneSettings
2026-07-04 15:47:55.315148+0000 0xd5ed     Default     0x0                  17475  0    rayforge-app: (FrontBoardServices) [com.apple.FrontBoard:SceneExtension] Realizing settings extension _UISceneLayoutPreferenceClientSettingsExtension on FBSSceneClientSettings
2026-07-04 15:47:55.315423+0000 0xd5ed     Default     0x0                  17475  0    rayforge-app: (FrontBoardServices) [com.apple.FrontBoard:SceneExtension] Realizing settings extension <_UIHomeAffordanceHostSceneSettings> on FBSSceneSettings
2026-07-04 15:47:55.315548+0000 0xd5ed     Default     0x0                  17475  0    rayforge-app: (FrontBoardServices) [com.apple.FrontBoard:SceneExtension] Realizing settings extension _UISystemShellSceneHostingEnvironmentSettings on FBSSceneSettings
2026-07-04 15:47:55.315773+0000 0xd5ed     Default     0x0                  17475  0    rayforge-app: (FrontBoardServices) [com.apple.FrontBoard:SceneExtension] Realizing settings extension _UISceneRenderingEnvironmentSettings on FBSSceneSettings
2026-07-04 15:47:55.316500+0000 0xd5ed     Default     0x0                  17475  0    rayforge-app: (FrontBoardServices) [com.apple.FrontBoard:SceneExtension] Realizing settings extension <_UISceneRenderingEnvironmentClientSettings> on FBSSceneClientSettings
2026-07-04 15:47:55.316578+0000 0xd5ed     Default     0x0                  17475  0    rayforge-app: (FrontBoardServices) [com.apple.FrontBoard:SceneExtension] Realizing settings extension <_UISceneTransitioningHostSettings> on FBSSceneSettings
2026-07-04 15:47:55.316647+0000 0xd5ed     Default     0x0                  17475  0    rayforge-app: (FrontBoardServices) [com.apple.FrontBoard:SceneExtension] Realizing settings extension <_UISceneFocusSystemSettings> on FBSSceneSettings
2026-07-04 15:47:55.316711+0000 0xd5ed     Default     0x0                  17475  0    rayforge-app: (FrontBoardServices) [com.apple.FrontBoard:SceneExtension] Realizing settings extension _UISceneOrientationSettingsExtension on FBSSceneSettings
2026-07-04 15:47:55.316791+0000 0xd5ed     Default     0x0                  17475  0    rayforge-app: (FrontBoardServices) [com.apple.FrontBoard:SceneExtension] Realizing settings extension _UISceneOrientationClientSettingsExtension on FBSSceneClientSettings
2026-07-04 15:47:55.316867+0000 0xd5ed     Default     0x0                  17475  0    rayforge-app: (FrontBoardServices) [com.apple.FrontBoard:SceneExtension] Realizing settings extension _UISceneWindowingControlClientSettings on FBSSceneClientSettings
2026-07-04 15:47:55.317279+0000 0xd5ed     Default     0x0                  17475  0    rayforge-app: (FrontBoardServices) [com.apple.FrontBoard:SceneExtension] Realizing settings extension <_UISceneHostingContentSizePreferenceClientSettings> on FBSSceneClientSettings
2026-07-04 15:47:55.317369+0000 0xd5ed     Default     0x0                  17475  0    rayforge-app: (FrontBoardServices) [com.apple.FrontBoard:SceneExtension] Realizing settings extension _UISceneHostingTraitCollectionPropagationSettings on FBSSceneSettings
2026-07-04 15:47:55.317616+0000 0xd5ed     Default     0x0                  17475  0    rayforge-app: (FrontBoardServices) [com.apple.FrontBoard:SceneExtension] Realizing settings extension <_UISceneHostingSheetPresentationSettings> on FBSSceneSettings
2026-07-04 15:47:55.317726+0000 0xd5ed     Default     0x0                  17475  0    rayforge-app: (FrontBoardServices) [com.apple.FrontBoard:SceneExtension] Realizing settings extension <_UISceneHostingSheetPresentationClientSettings> on FBSSceneClientSettings
2026-07-04 15:47:55.318063+0000 0xd5ed     Default     0x0                  17475  0    rayforge-app: (FrontBoardServices) [com.apple.FrontBoard:SceneExtension] Realizing settings extension <_UISceneHostingEventDeferringSettings> on FBSSceneSettings
2026-07-04 15:47:55.319388+0000 0xd5ef     Activity    0x42020              17475  0    rayforge-app: (RunningBoardServices) didChangeInheritances
2026-07-04 15:47:55.319878+0000 0xd5ed     Default     0x0                  17475  0    rayforge-app: (FrontBoardServices) [com.apple.FrontBoard:SceneExtension] Realizing settings extension <UIKit__UITypedKeyValueSceneSettings> on FBSSceneSettings
2026-07-04 15:47:55.320558+0000 0xd5ed     Default     0x0                  17475  0    rayforge-app: (FrontBoardServices) [com.apple.FrontBoard:SceneExtension] Realizing settings extension <UIKit__UITypedKeyValueSceneSettings> on FBSSceneClientSettings
2026-07-04 15:47:55.320661+0000 0xd5ed     Default     0x0                  17475  0    rayforge-app: (FrontBoardServices) [com.apple.FrontBoard:SceneExtension] Realizing settings extension <_UISceneHostingViewControllerPreferencePropagationClientSettings> on FBSSceneClientSettings
2026-07-04 15:47:55.320745+0000 0xd5ed     Default     0x0                  17475  0    rayforge-app: (FrontBoardServices) [com.apple.FrontBoard:SceneExtension] Realizing settings extension <_UISceneZoomTransitionSettings> on FBSSceneSettings
2026-07-04 15:47:55.321986+0000 0xd5e8     Default     0x0                  17475  0    rayforge-app: (UIKitCore) [com.apple.UIKit:Application] Deactivation reason added: 10; deactivation reasons: 0 -> 1024; animating application lifecycle event: 0
2026-07-04 15:47:55.322178+0000 0xd5e8     Default     0x0                  17475  0    rayforge-app: (BoardServices) [com.apple.BoardServices:Injection] activating monitor for service com.apple.frontboard.open
2026-07-04 15:47:55.322306+0000 0xd5e8     Default     0x0                  17475  0    rayforge-app: (BoardServices) [com.apple.BoardServices:Injection] activating monitor for service com.apple.frontboard.workspace-service
2026-07-04 15:47:55.324659+0000 0xd5e8     Default     0x0                  17475  0    rayforge-app: (FrontBoardServices) [com.apple.FrontBoard:Common] FBSWorkspace registering source: com.apple.frontboard.systemappservices
2026-07-04 15:47:55.336900+0000 0xd5e8     Default     0x0                  17475  0    rayforge-app: (FrontBoardServices) [com.apple.FrontBoard:Common] FBSWorkspace connected to endpoint : <BSServiceConnectionEndpoint: 0x600000216860; target: com.apple.frontboard.systemappservices; service: com.apple.frontboard.workspace-service>
2026-07-04 15:47:55.337095+0000 0xd5e8     Default     0x0                  17475  0    rayforge-app: (FrontBoardServices) [com.apple.FrontBoard:Common] <FBSWorkspaceScenesClient:0x600003004990 com.apple.frontboard.systemappservices> attempting immediate handshake from activate
2026-07-04 15:47:55.337171+0000 0xd5e8     Default     0x0                  17475  0    rayforge-app: (FrontBoardServices) [com.apple.FrontBoard:Common] <FBSWorkspaceScenesClient:0x600003004990 com.apple.frontboard.systemappservices> sent handshake
2026-07-04 15:47:55.337705+0000 0xd5e8     Default     0x0                  17475  0    rayforge-app: (RunningBoardServices) [com.apple.runningboard:general] Added observer for process assertions expiration warning: <_RBSExpirationWarningClient: 0x600000218a20>
2026-07-04 15:47:55.342481+0000 0xd5e8     Default     0x0                  17475  0    rayforge-app: (UIKitCore) [com.apple.UIKit:UIScreen] Evaluated capturing state as 0 on <UIScreen: 0x104e0b480> for initial
2026-07-04 15:47:55.343523+0000 0xd5e8     Default     0x0                  17475  0    rayforge-app: (UIKitCore) [com.apple.UIKit:UIScreen] Evaluated capturing state as 0 on <UIScreen: 0x104e0b480> for CADisplay KVO
2026-07-04 15:47:55.346320+0000 0xd5e8     Default     0x0                  17475  0    rayforge-app: (libAccessibility.dylib) [com.apple.Accessibility:AXSupportCommon] Read CategoryName: per-app = 1, category name = (null)
2026-07-04 15:47:55.346597+0000 0xd5e8     Default     0x0                  17475  0    rayforge-app: (libAccessibility.dylib) [com.apple.Accessibility:AXSupportCommon] Read CategoryName: per-app = 0, category name = (null)
2026-07-04 15:47:55.352089+0000 0xd5e8     Default     0x0                  17475  0    rayforge-app: (XCTTargetBootstrap) [com.apple.dt.xctest:Default] Registering for test daemon availability notify post.
2026-07-04 15:47:55.360673+0000 0xd5e8     Default     0x0                  17475  0    rayforge-app: (XCTTargetBootstrap) [com.apple.dt.xctest:Default] notify_get_state check indicated test daemon not ready.
2026-07-04 15:47:55.360862+0000 0xd5e8     Default     0x0                  17475  0    rayforge-app: (XCTTargetBootstrap) [com.apple.dt.xctest:Default] notify_get_state check indicated test daemon not ready.
2026-07-04 15:47:55.361000+0000 0xd5e8     Default     0x0                  17475  0    rayforge-app: (XCTTargetBootstrap) [com.apple.dt.xctest:Default] notify_get_state check indicated test daemon not ready.
2026-07-04 15:47:55.361743+0000 0xd5e8     Default     0x0                  17475  0    rayforge-app: (UIKitCore) [com.apple.UIKit:UpdateScheduler] Selected display: name=LCD (PurpleMain), id=1
2026-07-04 15:47:55.362063+0000 0xd5f1     Activity    0x42021              17475  0    rayforge-app: (CoreFoundation) Loading Preferences From User Session CFPrefsD
2026-07-04 15:47:55.362923+0000 0xd5ed     Default     0x0                  17475  0    rayforge-app: (FrontBoardServices) [com.apple.FrontBoard:SceneExtension] Realizing settings extension FBSSceneSettingsCore on FBSSceneSettings
2026-07-04 15:47:55.363780+0000 0xd5ed     Default     0x0                  17475  0    rayforge-app: (FrontBoardServices) [com.apple.FrontBoard:SceneExtension] Realizing settings extension FBSSceneClientSettingsCore on FBSSceneClientSettings
2026-07-04 15:47:55.369153+0000 0xd5ed     Default     0x0                  17475  0    rayforge-app: (FrontBoardServices) [com.apple.FrontBoard:SceneExtension] UIMutableApplicationSceneSettings setting counterpart class: UIApplicationSceneSettings
2026-07-04 15:47:55.369514+0000 0xd5ed     Default     0x0                  17475  0    rayforge-app: (FrontBoardServices) [com.apple.FrontBoard:SceneExtension] UIMutableApplicationSceneClientSettings setting counterpart class: UIApplicationSceneClientSettings
2026-07-04 15:47:55.370085+0000 0xd5ed     Default     0x0                  17475  0    rayforge-app: (FrontBoardServices) [com.apple.FrontBoard:SceneExtension] Realizing settings extension FBSSceneTransitionContextCore on FBSSceneTransitionContext
2026-07-04 15:47:55.372580+0000 0xd5e8     Default     0x0                  17475  0    rayforge-app: (UIKitCore) [com.apple.UIKit:BackgroundTask] Will add backgroundTask with taskName: Persistent SceneSession Map Update, expirationHandler: <__NSGlobalBlock__: 0x1e61729e0>
2026-07-04 15:47:55.372696+0000 0xd5e8     Default     0x0                  17475  0    rayforge-app: (UIKitCore) [com.apple.UIKit:BackgroundTask] Reusing background assertion <BKSProcessAssertion: 0x60000210c0a0>
2026-07-04 15:47:55.372799+0000 0xd5e8     Default     0x0                  17475  0    rayforge-app: (UIKitCore) [com.apple.UIKit:BackgroundTask] Incrementing reference count for background assertion <BKSProcessAssertion: 0x60000210c0a0>
2026-07-04 15:47:55.372904+0000 0xd5e8     Default     0x0                  17475  0    rayforge-app: (UIKitCore) [com.apple.UIKit:BackgroundTask] Created background task <_UIBackgroundTaskInfo: 0x600001703440>: taskID = 2, taskName = Persistent SceneSession Map Update, creationTime = 454 (elapsed = 0).
2026-07-04 15:47:55.373151+0000 0xd5e8     Default     0x0                  17475  0    rayforge-app: (UIKitCore) [com.apple.UIKit:Application] Deactivation reason added: 5; deactivation reasons: 1024 -> 1056; animating application lifecycle event: 1
2026-07-04 15:47:55.373549+0000 0xd5e8     Default     0x0                  17475  0    rayforge-app: (UIKitCore) [com.apple.UIKit:InterfaceStyle] Not push traits update to screen for new style 1, <UIWindowScene: 0x104f080e0> (193AE157-58FC-4DB5-9963-DA86A810C77C)
2026-07-04 15:47:55.373721+0000 0xd5e8     Default     0x0                  17475  0    rayforge-app: (UIKitCore) [com.apple.UIKit:InterfaceStyle] Should send trait collection or coordinate space update, interface style 1 -> 1, <UIWindowScene: 0x104f080e0> (193AE157-58FC-4DB5-9963-DA86A810C77C)
2026-07-04 15:47:55.374693+0000 0xd5e8     Default     0x0                  17475  0    rayforge-app: (UIKitCore) [com.apple.UIKit:InterfaceStyle] Not push traits update to screen for new style 1, <UIWindowScene: 0x104f080e0> (193AE157-58FC-4DB5-9963-DA86A810C77C)
2026-07-04 15:47:55.374875+0000 0xd5e8     Default     0x0                  17475  0    rayforge-app: (UIKitCore) [com.apple.UIKit:HomeAffordanceObservation] Initializing: <_UIHomeAffordanceSceneNotifier: 0x600002913950>; with scene: <UIWindowScene: 0x104f080e0>
2026-07-04 15:47:55.375102+0000 0xd5e8     Default     0x0                  17475  0    rayforge-app: (BacklightServices) [com.apple.BacklightServices:scenes] 0x600000c0c210 setDelegate:<0x600000c0ecd0 _UIBacklightEnvironment> hasDelegate:YES for environment:sceneID:org.rayforge.app-default
2026-07-04 15:47:55.375357+0000 0xd5e8     Default     0x0                  17475  0    rayforge-app: (UIKitCore) [com.apple.UIKit:InterfaceStyle] Not push traits update to screen for new style 1, <UIWindowScene: 0x104f080e0> (193AE157-58FC-4DB5-9963-DA86A810C77C)
2026-07-04 15:47:55.375498+0000 0xd5e8     Default     0x0                  17475  1    rayforge-app: (UIKitCore) [com.apple.UIKit:EventDeferring] [0x600002901420] Initialized with scene: <UIWindowScene: 0x104f080e0>; behavior: <_UIEventDeferringBehavior_iOS: 0x600000213ce0>; availableForProcess: 1, systemShellManagesKeyboardFocus: 1
2026-07-04 15:47:55.375835+0000 0xd5e8     Default     0x0                  17475  0    rayforge-app: (BoardServices) [com.apple.BoardServices:XPCErrors] [C:2] Alloc com.apple.backboard.hid-services.xpc
2026-07-04 15:47:55.375981+0000 0xd5e8     Default     0x0                  17475  0    rayforge-app: (libxpc.dylib) [com.apple.xpc:connection] [0x104f04da0] activating connection: mach=false listener=false peer=false name=(anonymous)
2026-07-04 15:47:55.377296+0000 0xd5e8     Default     0x0                  17475  0    rayforge-app: (BackBoardServices) [com.apple.BackBoard:EventDelivery] policyStatus:<BKSHIDEventDeliveryPolicyObserver: 0x600002609800; process scope; status: target> was:none
2026-07-04 15:47:55.377428+0000 0xd5e8     Default     0x0                  17475  1    rayforge-app: (UIKitCore) [com.apple.UIKit:KeyWindow] Setting default evaluation strategy for UIUserInterfaceIdiomPad to LastOneWins
2026-07-04 15:47:55.377525+0000 0xd5e8     Default     0x0                  17475  1    rayforge-app: (UIKitCore) [com.apple.UIKit:KeyWindow] Scene target of keyboard event deferring environment did change: 1; scene: UIWindowScene: 0x104f080e0; scene identity: com.apple.frontboard.systemappservices/FBSceneManager:sceneID%3Aorg.rayforge.app-default
2026-07-04 15:47:55.377652+0000 0xd5e8     Default     0x0                  17475  0    rayforge-app: (UIKitCore) [com.apple.UIKit:UIFocus] Focus system enabled
2026-07-04 15:47:55.379962+0000 0xd5e8     Default     0x0                  17475  0    rayforge-app: (UIKitCore) [com.apple.UIKit:UIFocus] Failed to update focus with context <UIFocusUpdateContext: 0x6000030045a0; previouslyFocusedItem: (nil); nextFocusedItem: (nil); focusHeading: None>. No additional info available.
2026-07-04 15:47:55.380316+0000 0xd5e8     Default     0x0                  17475  0    rayforge-app: (UIKitCore) [com.apple.UIKit:InterfaceStyle] Not push traits update to screen for new style 1, <UIWindowScene: 0x104f080e0> (193AE157-58FC-4DB5-9963-DA86A810C77C)
2026-07-04 15:47:55.380529+0000 0xd5e8     Default     0x0                  17475  1    rayforge-app: (UIKitCore) [com.apple.UIKit:EventDeferring] [0x600002901420] Scene target of event deferring environments did update: scene: 0x104f080e0; current systemShellManagesKeyboardFocus: 1; systemShellManagesKeyboardFocusForScene: 1; eligibleForRecordRemoval: 1;
2026-07-04 15:47:55.380632+0000 0xd5e8     Default     0x0                  17475  1    rayforge-app: (UIKitCore) [com.apple.UIKit:KeyWindow] Scene became target of keyboard event deferring environment: UIWindowScene: 0x104f080e0; scene identity: com.apple.frontboard.systemappservices/FBSceneManager:sceneID%3Aorg.rayforge.app-default
2026-07-04 15:47:55.380809+0000 0xd5e8     Default     0x0                  17475  1    rayforge-app: (UIKitCore) [com.apple.UIKit:KeyWindow] Stack[KeyWindow] 0x600000c0d380: Taking no further action for migration from LastOneWins -> SystemShellManaged as there are no scenes
2026-07-04 15:47:55.380923+0000 0xd5e8     Default     0x0                  17475  1    rayforge-app: (UIKitCore) [com.apple.UIKit:KeyWindow] Setting default evaluation strategy for UIUserInterfaceIdiomPad to SystemShellManaged
2026-07-04 15:47:55.381003+0000 0xd5e8     Default     0x0                  17475  1    rayforge-app: (UIKitCore) [com.apple.UIKit:KeyWindow] Key window needs update: 0; currentKeyWindowScene: 0x0; evaluatedKeyWindowScene: 0x104f080e0; currentApplicationKeyWindow: 0x0; evaluatedApplicationKeyWindow: 0x0; reason: UIWindowScene: 0x104f080e0: Window scene became target of keyboard environment
2026-07-04 15:47:55.381235+0000 0xd5e8     Default     0x0                  17475  0    rayforge-app: (UIKitCore) [com.apple.UIKit:InterfaceStyle] Not push traits update to screen for new style 1, <UIWindowScene: 0x104f080e0> (193AE157-58FC-4DB5-9963-DA86A810C77C)
2026-07-04 15:47:55.381574+0000 0xd5e8     Default     0x0                  17475  0    rayforge-app: (UIKitCore) [com.apple.UIKit:InterfaceStyle] Not push traits update to screen for new style 1, <UIWindowScene: 0x104f080e0> (193AE157-58FC-4DB5-9963-DA86A810C77C)
2026-07-04 15:47:55.382688+0000 0xd5e8     Fault       0x42022              17475  14   rayforge-app: (UIKitCore) [com.apple.runtime-issues:UIKit App Config] `UIScene` lifecycle will soon be required. Failure to adopt will result in an assert in the future.
2026-07-04 15:47:55.382689+0000 0xd5e8     Activity    0x42022              17475  0    rayforge-app: (libsystem_trace.dylib) Activity for state dumps
2026-07-04 15:47:55.383022+0000 0xd5e8     Default     0x0                  17475  0    rayforge-app: (UIKitCore) [com.apple.UIKit:InterfaceStyle] Not push traits update to screen for new style 1, <UIWindowScene: 0x104f080e0> (193AE157-58FC-4DB5-9963-DA86A810C77C)
2026-07-04 15:47:55.395936+0000 0xd5e8     Default     0x0                  17475  0    rayforge-app: (UIKitCore) [com.apple.UIKit:AppLifecycle] sceneOfRecord: sceneID: sceneID:org.rayforge.app-default  persistentID: 193AE157-58FC-4DB5-9963-DA86A810C77C
2026-07-04 15:47:55.396929+0000 0xd5e8     Default     0x0                  17475  0    rayforge-app: (UIKitCore) [com.apple.UIKit:Application] Ignoring already applied deactivation reason: 5; deactivation reasons: 1056
2026-07-04 15:47:55.397069+0000 0xd5e8     Default     0x0                  17475  0    rayforge-app: (UIKitCore) [com.apple.UIKit:Application] Deactivation reason added: 11; deactivation reasons: 1056 -> 3104; animating application lifecycle event: 1
2026-07-04 15:47:55.397246+0000 0xd5e8     Default     0x0                  17475  0    rayforge-app: (UIKitCore) [com.apple.KeyboardArbiter:Client] startConnection
2026-07-04 15:47:55.400655+0000 0xd5e8     Default     0x0                  17475  0    rayforge-app: (libxpc.dylib) [com.apple.xpc:connection] [0x104e089a0] activating connection: mach=true listener=false peer=false name=com.apple.UIKit.KeyboardManagement.hosted
2026-07-04 15:47:55.407313+0000 0xd5f2     Default     0x0                  17475  0    rayforge-app: (BoardServices) [com.apple.BoardServices:XPCErrors] [C:3] Alloc com.apple.PointerUI.pointeruid.service
2026-07-04 15:47:55.407361+0000 0xd5f2     Default     0x0                  17475  0    rayforge-app: (libxpc.dylib) [com.apple.xpc:connection] [0x104e0dc80] activating connection: mach=false listener=false peer=false name=(anonymous)
2026-07-04 15:47:55.422665+0000 0xd5e8     Default     0x0                  17475  0    rayforge-app: (UIKitCore) [com.apple.UIKit:PointerLockState] preferredPointerLockStatus updated: scene: <UIWindowScene: 0x104f080e0; role: UIWindowSceneSessionRoleApplication; persistentIdentifier: 193AE157-58FC-4DB5-9963-DA86A810C77C; activationState: UISceneActivationStateForegroundInactive>; viewController: <UIViewController: 0x104e0ead0>; preferredPointerLockStatus: _UIPointerLockStatusUnlocked
2026-07-04 15:47:55.423208+0000 0xd5e8     Default     0x0                  17475  0    rayforge-app: (UIKitCore) [com.apple.UIKit:Orientation] <UIWindowScene: 0x104f080e0> (193AE157-58FC-4DB5-9963-DA86A810C77C) Scene updated orientation preferences: none -> ( Ll Lr )
2026-07-04 15:47:55.423535+0000 0xd5e8     Default     0x0                  17475  1    rayforge-app: (UIKitCore) [com.apple.UIKit:KeyWindow] Key window API is scene-level: YES
2026-07-04 15:47:55.423615+0000 0xd5e8     Default     0x0                  17475  1    rayforge-app: (UIKitCore) [com.apple.UIKit:KeyWindow] UIWindowScene: 0x104f080e0: Window became key in scene: UIWindow: 0x104e0c7b0; contextId: 0x706EBC12: reason: UIWindowScene: 0x104f080e0: Window requested to become key in scene: 0x104e0c7b0
2026-07-04 15:47:55.423779+0000 0xd5e8     Default     0x0                  17475  1    rayforge-app: (UIKitCore) [com.apple.UIKit:KeyWindow] Key window needs update: 1; currentKeyWindowScene: 0x0; evaluatedKeyWindowScene: 0x104f080e0; currentApplicationKeyWindow: 0x0; evaluatedApplicationKeyWindow: 0x104e0c7b0; reason: UIWindowScene: 0x104f080e0: Window requested to become key in scene: 0x104e0c7b0
2026-07-04 15:47:55.423958+0000 0xd5e8     Default     0x0                  17475  1    rayforge-app: (UIKitCore) [com.apple.UIKit:KeyWindow] Window did become application key: UIWindow: 0x104e0c7b0; contextId: 0x706EBC12; scene identity: com.apple.frontboard.systemappservices/FBSceneManager:sceneID%3Aorg.rayforge.app-default
2026-07-04 15:47:55.424118+0000 0xd5e8     Default     0x0                  17475  1    rayforge-app: (UIKitCore) [com.apple.UIKit:EventDeferring] [0x600002901420] Begin local event deferring requested for token: 0x600002602dc0; environments: 1; reason: UIWindowScene: 0x104f080e0: Begin event deferring in keyboardFocus for window: 0x104e0c7b0
2026-07-04 15:47:55.428109+0000 0xd5e8     Default     0x0                  17475  0    rayforge-app: (UIKitCore) [com.apple.UIKit:KeyboardSceneDelegate] Reloading input views for key-window scene responder: <GdkIOSView: 0x104e0f270; frame = (0 0; 1376 1032); > force:N
2026-07-04 15:47:55.429419+0000 0xd5e8     Default     0x0                  17475  0    rayforge-app: (UIKitCore) [com.apple.UIKit:KeyboardSceneDelegate] _reloadInputViewsForKeyWindowSceneResponder: 1 force: 0, fromBecomeFirstResponder: 1 (automaticKeyboard: 1, reloadIdentifier: CE7113CE-FA64-471B-83EF-37017F352A15)
2026-07-04 15:47:55.430928+0000 0xd5e8     Default     0x0                  17475  0    rayforge-app: (UIKitCore) [com.apple.UIKit:KeyboardSceneDelegate] _inputViewsForResponder: <GdkIOSView: 0x104e0f270; frame = (0 0; 1376 1032); >, automaticKeyboard: 1, force: 0
2026-07-04 15:47:55.431373+0000 0xd5e8     Default     0x0                  17475  0    rayforge-app: (UIKitCore) [com.apple.UIKit:KeyboardSceneDelegate] _inputViewsForResponder, found custom inputView: <(null): 0x0>, customInputViewController: <(null): 0x0>
2026-07-04 15:47:55.431710+0000 0xd5e8     Default     0x0                  17475  0    rayforge-app: (UIKitCore) [com.apple.UIKit:KeyboardSceneDelegate] _inputViewsForResponder, found inputAccessoryView: <(null): 0x0>
2026-07-04 15:47:55.432073+0000 0xd5e8     Default     0x0                  17475  0    rayforge-app: (UIKitCore) [com.apple.UIKit:KeyboardSceneDelegate] _inputViewsForResponder, responderRequiresKeyboard 0 (automaticKeyboardEnabled: 1, activeInstance: <(null): 0x0>, self.isOnScreen: 0, requiresKBWhenFirstResponder: 0)
2026-07-04 15:47:55.432539+0000 0xd5e8     Default     0x0                  17475  0    rayforge-app: (UIKitCore) [com.apple.UIKit:KeyboardSceneDelegate] _inputViewsForResponder, useKeyboard 0 (allowsSystemInputView: 1, !inputView <(null): 0x0>, responderRequiresKeyboard 0)
2026-07-04 15:47:55.432703+0000 0xd5e8     Default     0x0                  17475  0    rayforge-app: (UIKitCore) [com.apple.UIKit:KeyboardSceneDelegate] _inputViewsForResponder, configuring _responderWithoutAutomaticAppearanceEnabled: <(null): 0x0> (_automaticAppearEnabled: 1)
2026-07-04 15:47:55.432888+0000 0xd5e8     Default     0x0                  17475  0    rayforge-app: (UIKitCore) [com.apple.UIKit:KeyboardSceneDelegate] _inputViewsForResponder, needsIVPlaceholder: 0, needsIAVPlaceholder: 0, needsInputSetWithPlaceholder: 0
2026-07-04 15:47:55.433065+0000 0xd5e8     Default     0x0                  17475  0    rayforge-app: (UIKitCore) [com.apple.UIKit:KeyboardSceneDelegate] _inputViewsForResponder returning: <<UIInputViewSet: 0x600003705140>; (empty)>
2026-07-04 15:47:55.437590+0000 0xd5e8     Default     0x0                  17475  0    rayforge-app: (UIKitCore) [com.apple.UIKit:Application] Deactivation reason removed: 10; deactivation reasons: 3104 -> 2080; animating application lifecycle event: 1
2026-07-04 15:47:55.469717+0000 0xd5e8     Default     0x0                  17475  0    rayforge-app: (UIKitCore) [com.apple.UIKit:Application] Deactivation reason added: 12; deactivation reasons: 2080 -> 6176; animating application lifecycle event: 1
2026-07-04 15:47:55.470566+0000 0xd5e8     Default     0x0                  17475  0    rayforge-app: (UIKitCore) [com.apple.UIKit:Application] Deactivation reason removed: 11; deactivation reasons: 6176 -> 4128; animating application lifecycle event: 1
2026-07-04 15:47:55.471932+0000 0xd5e8     Default     0x0                  17475  0    rayforge-app: (FrontBoardServices) [com.apple.FrontBoard:SceneExtension] Realizing settings extension <_UISceneIntelligenceSupportSettings> on FBSSceneSettings
2026-07-04 15:47:55.481635+0000 0xd5e8     Default     0x0                  17475  0    rayforge-app: (UIKitCore) [com.apple.UIKit:InterfaceStyle] Not push traits update to screen for new style 1, <UIWindowScene: 0x104f080e0> (193AE157-58FC-4DB5-9963-DA86A810C77C)
2026-07-04 15:47:55.507635+0000 0xd5e8     Default     0x0                  17475  0    rayforge-app: (UIKitCore) [com.apple.UIKit:UIFocus] Failed to update focus with context <UIFocusUpdateContext: 0x600003004cf0; previouslyFocusedItem: (nil); nextFocusedItem: (nil); focusHeading: None>. No additional info available.
2026-07-04 15:47:55.511975+0000 0xd5e8     Default     0x0                  17475  0    rayforge-app: (libxpc.dylib) [com.apple.xpc:connection] [0x104e0a900] activating connection: mach=true listener=false peer=false name=com.apple.lsd.mapdb
2026-07-04 15:47:55.526715+0000 0xd5e8     Default     0x0                  17475  0    rayforge-app: (Network) [com.apple.network:activity] Create activity from XPC object <nw_activity 50:1 [D5A0AB21-1419-486B-8FB8-7D31B976AC40] (reporting strategy default)>
2026-07-04 15:47:55.528162+0000 0xd5e8     Default     0x0                  17475  0    rayforge-app: (Network) [com.apple.network:activity] Create activity from XPC object <nw_activity 50:2 [12C6C0A8-06C9-419D-AB0A-2B4B64075B51] (reporting strategy default)>
2026-07-04 15:47:55.528318+0000 0xd5e8     Default     0x0                  17475  0    rayforge-app: (Network) [com.apple.network:activity] Set activity <nw_activity 50:1 [D5A0AB21-1419-486B-8FB8-7D31B976AC40] (reporting strategy default)> as the global parent
2026-07-04 15:47:55.528453+0000 0xd5e8     Default     0x0                  17475  0    rayforge-app: (UIKitCore) [com.apple.UIKit:BackgroundTask] Ending background task with UIBackgroundTaskIdentifier: 1
2026-07-04 15:47:55.528580+0000 0xd5e8     Default     0x0                  17475  0    rayforge-app: (UIKitCore) [com.apple.UIKit:BackgroundTask] Ending task with identifier 1 and description: <_UIBackgroundTaskInfo: 0x600001704ac0>: taskID = 1, taskName = Launch Background Task for Coalescing, creationTime = 454 (elapsed = 1), _expireHandler: (null)
2026-07-04 15:47:55.528661+0000 0xd5e8     Default     0x0                  17475  0    rayforge-app: (UIKitCore) [com.apple.UIKit:BackgroundTask] Decrementing reference count for assertion <BKSProcessAssertion: 0x60000210c0a0> (used by background task with identifier 1: <_UIBackgroundTaskInfo: 0x600001704ac0>: taskID = 1, taskName = Launch Background Task for Coalescing, creationTime = 454 (elapsed = 1))
2026-07-04 15:47:55.537868+0000 0xd5f2     Default     0x0                  17475  0    rayforge-app: (BackBoardServices) [com.apple.BackBoard:EventDelivery] BKSHIDEventObserver - connection activation
2026-07-04 15:47:55.539150+0000 0xd5f5     Default     0x0                  17475  0    rayforge-app: (UIIntelligenceSupport) [com.apple.UIIntelligenceSupport:xpc] establishing connection to agent
2026-07-04 15:47:55.566352+0000 0xd5ed     Default     0x0                  17475  0    rayforge-app: (BackBoardServices) [com.apple.BackBoard:EventDelivery] BKSHIDEventDeliveryManager - connection activation
2026-07-04 15:47:55.568562+0000 0xd5f5     Default     0x0                  17475  0    rayforge-app: (libxpc.dylib) [com.apple.xpc:session] [0x60000211b480] Session created.
2026-07-04 15:47:55.568583+0000 0xd5f5     Default     0x0                  17475  0    rayforge-app: (libxpc.dylib) [com.apple.xpc:session] [0x60000211b480] Session created from connection [0x104b04700]
2026-07-04 15:47:55.568714+0000 0xd5f5     Default     0x0                  17475  0    rayforge-app: (libxpc.dylib) [com.apple.xpc:connection] [0x104b04700] activating connection: mach=true listener=false peer=false name=com.apple.uiintelligencesupport.agent
2026-07-04 15:47:55.581476+0000 0xd5f5     Default     0x0                  17475  0    rayforge-app: (libxpc.dylib) [com.apple.xpc:session] [0x60000211b480] Session activated
2026-07-04 15:47:55.652730+0000 0xd5f8     Default     0x0                  17475  0    rayforge-app: (BackBoardServices) [com.apple.BackBoard:EventDelivery] policyStatus:<BKSHIDEventDeliveryPolicyObserver: 0x600002609800; token: com.apple.frontboard.systemappservices/FBSceneManager:sceneID%3Aorg.rayforge.app-default; status: ancestor> was:target
2026-07-04 15:47:55.662258+0000 0xd5f5     Activity    0x42023              17475  0    rayforge-app: (RunningBoardServices) didChangeInheritances
2026-07-04 15:47:55.890742+0000 0xd5f5     Default     0x0                  17475  0    rayforge-app: (UIKitCore) [com.apple.UIKit:BackgroundTask] Ending background task with UIBackgroundTaskIdentifier: 2
2026-07-04 15:47:55.890981+0000 0xd5f5     Default     0x0                  17475  0    rayforge-app: (UIKitCore) [com.apple.UIKit:BackgroundTask] Ending task with identifier 2 and description: <_UIBackgroundTaskInfo: 0x600001703440>: taskID = 2, taskName = Persistent SceneSession Map Update, creationTime = 454 (elapsed = 1), _expireHandler: <__NSGlobalBlock__: 0x1e61729e0>
2026-07-04 15:47:55.891051+0000 0xd5f5     Default     0x0                  17475  0    rayforge-app: (UIKitCore) [com.apple.UIKit:BackgroundTask] Decrementing reference count for assertion <BKSProcessAssertion: 0x60000210c0a0> (used by background task with identifier 2: <_UIBackgroundTaskInfo: 0x600001703440>: taskID = 2, taskName = Persistent SceneSession Map Update, creationTime = 454 (elapsed = 1))
2026-07-04 15:47:55.891081+0000 0xd5f5     Default     0x0                  17475  0    rayforge-app: (UIKitCore) [com.apple.UIKit:BackgroundTask] Will invalidate assertion: <BKSProcessAssertion: 0x60000210c0a0> for task identifier: 2
2026-07-04 15:47:56.248243+0000 0xd5f8     Activity    0x42024              17475  0    rayforge-app: (RunningBoardServices) didChangeInheritances
2026-07-04 15:47:56.781565+0000 0xd5e8     Default     0x0                  17475  0    rayforge-app: (Python) 2026-07-04 15:47:56,781 - root - INFO - Logging configured. Console level: INFO
2026-07-04 15:47:56.781801+0000 0xd5e8     Default     0x0                  17475  0    rayforge-app: (Python) 2026-07-04 15:47:56,781 - root - INFO - Session log file: /Users/runner/Library/Developer/CoreSimulator/Devices/FB90EF2C-80CD-49C7-8CE7-C81749C9C5A7/data/Containers/Data/Application/98B66BC3-0EAC-435F-AD6B-448C967D4BA1/.local/state/rayforge/log/session-2026-07-04_15-47-56.log
2026-07-04 15:47:56.781941+0000 0xd5e8     Default     0x0                  17475  0    rayforge-app: (Python) 2026-07-04 15:47:56,781 - rayforge.app - INFO - Application starting with log level INFO
2026-07-04 15:47:56.782067+0000 0xd5e8     Default     0x0                  17475  0    rayforge-app: (Python) 2026-07-04 15:47:56,782 - rayforge.app - INFO - PyCairo version: 1.29.0
2026-07-04 15:47:57.382374+0000 0xd5f5     Activity    0x42025              17475  0    rayforge-app: (RunningBoardServices) didChangeInheritances
2026-07-04 15:47:58.660827+0000 0xd5e8     Default     0x0                  17475  0    rayforge-app: (Python) 2026-07-04 15:47:58,660 - rayforge.image.svg.svg_fallback - WARNING - pyvips svgload_buffer not available. Using Cairo/Rsvg fallback for SVG rendering.
2026-07-04 15:47:59.771577+0000 0xd5e8     Default     0x0                  17475  0    rayforge-app: (Python) 2026-07-04 15:47:59,768 - rayforge.ui_gtk.sim3d - ERROR - Failed to import Canvas3D. The 3D canvas will not be available.
2026-07-04 15:47:59.771612+0000 0xd5e8     Default     0x0                  17475  0    rayforge-app: (Python) Traceback (most recent call last):
2026-07-04 15:47:59.771621+0000 0xd5e8     Default     0x0                  17475  0    rayforge-app: (Python)   File "/Users/runner/Library/Developer/CoreSimulator/Devices/FB90EF2C-80CD-49C7-8CE7-C81749C9C5A7/data/Containers/Bundle/Application/CF814495-9242-4543-AE41-E78FDF917079/RayforgeApp.app/python/lib/python3.13/site-packages/OpenGL/platform/glx.py", line 46, in GLX
2026-07-04 15:47:59.771631+0000 0xd5e8     Default     0x0                  17475  0    rayforge-app: (Python)     lib = ctypesloader.loadLibrary(
2026-07-04 15:47:59.771637+0000 0xd5e8     Default     0x0                  17475  0    rayforge-app: (Python)         ctypes.cdll, name, mode=ctypes.RTLD_GLOBAL
2026-07-04 15:47:59.771648+0000 0xd5e8     Default     0x0                  17475  0    rayforge-app: (Python)     )
2026-07-04 15:47:59.771657+0000 0xd5e8     Default     0x0                  17475  0    rayforge-app: (Python)   File "/Users/runner/Library/Developer/CoreSimulator/Devices/FB90EF2C-80CD-49C7-8CE7-C81749C9C5A7/data/Containers/Bundle/Application/CF814495-9242-4543-AE41-E78FDF917079/RayforgeApp.app/python/lib/python3.13/site-packages/OpenGL/platform/ctypesloader.py", line 36, in loadLibrary
2026-07-04 15:47:59.771701+0000 0xd5e8     Default     0x0                  17475  0    rayforge-app: (Python)     return _loadLibraryWindows(dllType, name, mode)
2026-07-04 15:47:59.771790+0000 0xd5e8     Default     0x0                  17475  0    rayforge-app: (Python)   File "/Users/runner/Library/Developer/CoreSimulator/Devices/FB90EF2C-80CD-49C7-8CE7-C81749C9C5A7/data/Containers/Bundle/Application/CF814495-9242-4543-AE41-E78FDF917079/RayforgeApp.app/python/lib/python3.13/site-packages/OpenGL/platform/ctypesloader.py", line 89, in _loadLibraryWindows
2026-07-04 15:47:59.771901+0000 0xd5e8     Default     0x0                  17475  0    rayforge-app: (Python)     return dllType( name, mode )
2026-07-04 15:47:59.772065+0000 0xd5e8     Default     0x0                  17475  0    rayforge-app: (Python)   File "/Users/runner/Library/Developer/CoreSimulator/Devices/FB90EF2C-80CD-49C7-8CE7-C81749C9C5A7/data/Containers/Bundle/Application/CF814495-9242-4543-AE41-E78FDF917079/RayforgeApp.app/python/lib/python3.13/ctypes/__init__.py", line 361, in __init__
2026-07-04 15:47:59.772203+0000 0xd5e8     Default     0x0                  17475  0    rayforge-app: (Python)     self._handle = self._load_library(name, mode, handle, winmode)
2026-07-04 15:47:59.772346+0000 0xd5e8     Default     0x0                  17475  0    rayforge-app: (Python)                    ~~~~~~~~~~~~~~~~~~^^^^^^^^^^^^^^^^^^^^^^^^^^^^^
2026-07-04 15:47:59.772417+0000 0xd5e8     Default     0x0                  17475  0    rayforge-app: (Python)   File "/Users/runner/Library/Developer/CoreSimulator/Devices/FB90EF2C-80CD-49C7-8CE7-C81749C9C5A7/data/Containers/Bundle/Application/CF814495-9242-4543-AE41-E78FDF917079/RayforgeApp.app/python/lib/python3.13/ctypes/__init__.py", line 403, in _load_library
2026-07-04 15:47:59.772492+0000 0xd5e8     Default     0x0                  17475  0    rayforge-app: (Python)     return _dlopen(name, mode)
2026-07-04 15:47:59.772571+0000 0xd5e8     Default     0x0                  17475  0    rayforge-app: (Python) OSError: ("dlopen(GLX, 0x000A): tried: '/Library/Developer/CoreSimulator/Volumes/iOS_23C54/Library/Developer/CoreSimulator/Profiles/Runtimes/iOS 26.2.simruntime/Contents/Resources/RuntimeRootGLX' (no such file), '/Users/runner/Library/Developer/CoreSimulator/Devices/FB90EF2C-80CD-49C7-8CE7-C81749C9C5A7/data/Containers/Bundle/Application/CF814495-9242-4543-AE41-E78FDF917079/RayforgeApp.app/Frameworks/GLX' (no such file), '/usr/lib/GLX' (no such file, not in dyld cache), 'GLX' (no such file), '/Library/Developer/CoreSimulator/Volumes/iOS_23C54/Library/Developer/CoreSimulator/Profiles/Runtimes/iOS 26.2.simruntime/Contents/Resources/RuntimeRoot/usr/lib/GLX' (no such file)", 'GLX', None)
2026-07-04 15:47:59.772663+0000 0xd5e8     Default     0x0                  17475  0    rayforge-app: (Python) 
2026-07-04 15:47:59.772784+0000 0xd5e8     Default     0x0                  17475  0    rayforge-app: (Python) During handling of the above exception, another exception occurred:
2026-07-04 15:47:59.772874+0000 0xd5e8     Default     0x0                  17475  0    rayforge-app: (Python) 
2026-07-04 15:47:59.772982+0000 0xd5e8     Default     0x0                  17475  0    rayforge-app: (Python) Traceback (most recent call last):
2026-07-04 15:47:59.773137+0000 0xd5e8     Default     0x0                  17475  0    rayforge-app: (Python)   File "/Users/runner/Library/Developer/CoreSimulator/Devices/FB90EF2C-80CD-49C7-8CE7-C81749C9C5A7/data/Containers/Bundle/Application/CF814495-9242-4543-AE41-E78FDF917079/RayforgeApp.app/python/lib/python3.13/site-packages/rayforge/ui_gtk/sim3d/__init__.py", line 94, in <module>
2026-07-04 15:47:59.773266+0000 0xd5e8     Default     0x0                  17475  0    rayforge-app: (Python)     from .canvas3d import Canvas3D  # type: ignore
2026-07-04 15:47:59.773326+0000 0xd5e8     Default     0x0                  17475  0    rayforge-app: (Python)     ^^^^^^^^^^^^^^^^^^^^^^^^^^^^^^
2026-07-04 15:47:59.773426+0000 0xd5e8     Default     0x0                  17475  0    rayforge-app: (Python)   File "/Users/runner/Library/Developer/CoreSimulator/Devices/FB90EF2C-80CD-49C7-8CE7-C81749C9C5A7/data/Containers/Bundle/Application/CF814495-9242-4543-AE41-E78FDF917079/RayforgeApp.app/python/lib/python3.13/site-packages/rayforge/ui_gtk/sim3d/canvas3d.py", line 8, in <module>
2026-07-04 15:47:59.773560+0000 0xd5e8     Default     0x0                  17475  0    rayforge-app: (Python)     from OpenGL import GL
2026-07-04 15:47:59.773698+0000 0xd5e8     Default     0x0                  17475  0    rayforge-app: (Python)   File "/Users/runner/Library/Developer/CoreSimulator/Devices/FB90EF2C-80CD-49C7-8CE7-C81749C9C5A7/data/Containers/Bundle/Application/CF814495-9242-4543-AE41-E78FDF917079/RayforgeApp.app/python/lib/python3.13/site-packages/OpenGL/GL/__init__.py", line 3, in <module>
2026-07-04 15:47:59.773808+0000 0xd5e8     Default     0x0                  17475  0    rayforge-app: (Python)     from OpenGL import error as _error
2026-07-04 15:47:59.773924+0000 0xd5e8     Default     0x0                  17475  0    rayforge-app: (Python)   File "/Users/runner/Library/Developer/CoreSimulator/Devices/FB90EF2C-80CD-49C7-8CE7-C81749C9C5A7/data/Containers/Bundle/Application/CF814495-9242-4543-AE41-E78FDF917079/RayforgeApp.app/python/lib/python3.13/site-packages/OpenGL/error.py", line 12, in <module>
2026-07-04 15:47:59.774044+0000 0xd5e8     Default     0x0                  17475  0    rayforge-app: (Python)     from OpenGL import platform, _configflags
2026-07-04 15:47:59.774186+0000 0xd5e8     Default     0x0                  17475  0    rayforge-app: (Python)   File "/Users/runner/Library/Developer/CoreSimulator/Devices/FB90EF2C-80CD-49C7-8CE7-C81749C9C5A7/data/Containers/Bundle/Application/CF814495-9242-4543-AE41-E78FDF917079/RayforgeApp.app/python/lib/python3.13/site-packages/OpenGL/platform/__init__.py", line 59, in <module>
2026-07-04 15:47:59.774302+0000 0xd5e8     Default     0x0                  17475  0    rayforge-app: (Python)     _load()
2026-07-04 15:47:59.774406+0000 0xd5e8     Default     0x0                  17475  0    rayforge-app: (Python)     ~~~~~^^
2026-07-04 15:47:59.774517+0000 0xd5e8     Default     0x0                  17475  0    rayforge-app: (Python)   File "/Users/runner/Library/Developer/CoreSimulator/Devices/FB90EF2C-80CD-49C7-8CE7-C81749C9C5A7/data/Containers/Bundle/Application/CF814495-9242-4543-AE41-E78FDF917079/RayforgeApp.app/python/lib/python3.13/site-packages/OpenGL/platform/__init__.py", line 55, in _load
2026-07-04 15:47:59.774612+0000 0xd5e8     Default     0x0                  17475  0    rayforge-app: (Python)     plugin.install(globals())
2026-07-04 15:47:59.774714+0000 0xd5e8     Default     0x0                  17475  0    rayforge-app: (Python)     ~~~~~~~~~~~~~~^^^^^^^^^^^
2026-07-04 15:47:59.774810+0000 0xd5e8     Default     0x0                  17475  0    rayforge-app: (Python)   File "/Users/runner/Library/Developer/CoreSimulator/Devices/FB90EF2C-80CD-49C7-8CE7-C81749C9C5A7/data/Containers/Bundle/Application/CF814495-9242-4543-AE41-E78FDF917079/RayforgeApp.app/python/lib/python3.13/site-packages/OpenGL/platform/baseplatform.py", line 108, in install
2026-07-04 15:47:59.774875+0000 0xd5e8     Default     0x0                  17475  0    rayforge-app: (Python)     namespace[name] = getattr(self, name, None)
2026-07-04 15:47:59.774926+0000 0xd5e8     Default     0x0                  17475  0    rayforge-app: (Python)                       ~~~~~~~^^^^^^^^^^^^^^^^^^
2026-07-04 15:47:59.775035+0000 0xd5e8     Default     0x0                  17475  0    rayforge-app: (Python)   File "/Users/runner/Library/Developer/CoreSimulator/Devices/FB90EF2C-80CD-49C7-8CE7-C81749C9C5A7/data/Containers/Bundle/Application/CF814495-9242-4543-AE41-E78FDF917079/RayforgeApp.app/python/lib/python3.13/site-packages/OpenGL/platform/baseplatform.py", line 19, in __get__
2026-07-04 15:47:59.775150+0000 0xd5e8     Default     0x0                  17475  0    rayforge-app: (Python)     value = self.fget(obj)
2026-07-04 15:47:59.775241+0000 0xd5e8     Default     0x0                  17475  0    rayforge-app: (Python)   File "/Users/runner/Library/Developer/CoreSimulator/Devices/FB90EF2C-80CD-49C7-8CE7-C81749C9C5A7/data/Containers/Bundle/Application/CF814495-9242-4543-AE41-E78FDF917079/RayforgeApp.app/python/lib/python3.13/site-packages/OpenGL/platform/glx.py", line 104, in GetCurrentContext
2026-07-04 15:47:59.775303+0000 0xd5e8     Default     0x0                  17475  0    rayforge-app: (Python)     glXGetCurrentContext = self.GLX.glXGetCurrentContext
2026-07-04 15:47:59.775375+0000 0xd5e8     Default     0x0                  17475  0    rayforge-app: (Python)                            ^^^^^^^^
2026-07-04 15:47:59.775438+0000 0xd5e8     Default     0x0                  17475  0    rayforge-app: (Python)   File "/Users/runner/Library/Developer/CoreSimulator/Devices/FB90EF2C-80CD-49C7-8CE7-C81749C9C5A7/data/Containers/Bundle/Application/CF814495-9242-4543-AE41-E78FDF917079/RayforgeApp.app/python/lib/python3.13/site-packages/OpenGL/platform/baseplatform.py", line 19, in __get__
2026-07-04 15:47:59.775497+0000 0xd5e8     Default     0x0                  17475  0    rayforge-app: (Python)     value = self.fget(obj)
2026-07-04 15:47:59.775545+0000 0xd5e8     Default     0x0                  17475  0    rayforge-app: (Python)   File "/Users/runner/Library/Developer/CoreSimulator/Devices/FB90EF2C-80CD-49C7-8CE7-C81749C9C5A7/data/Containers/Bundle/Application/CF814495-9242-4543-AE41-E78FDF917079/RayforgeApp.app/python/lib/python3.13/site-packages/OpenGL/platform/glx.py", line 52, in GLX
2026-07-04 15:47:59.775657+0000 0xd5e8     Default     0x0                  17475  0    rayforge-app: (Python)     return self.GL
2026-07-04 15:47:59.775762+0000 0xd5e8     Default     0x0                  17475  0    rayforge-app: (Python)            ^^^^^^^
2026-07-04 15:47:59.775830+0000 0xd5e8     Default     0x0                  17475  0    rayforge-app: (Python)   File "/Users/runner/Library/Developer/CoreSimulator/Devices/FB90EF2C-80CD-49C7-8CE7-C81749C9C5A7/data/Containers/Bundle/Application/CF814495-9242-4543-AE41-E78FDF917079/RayforgeApp.app/python/lib/python3.13/site-packages/OpenGL/platform/baseplatform.py", line 19, in __get__
2026-07-04 15:47:59.775900+0000 0xd5e8     Default     0x0                  17475  0    rayforge-app: (Python)     value = self.fget(obj)
2026-07-04 15:47:59.775964+0000 0xd5e8     Default     0x0                  17475  0    rayforge-app: (Python)   File "/Users/runner/Library/Developer/CoreSimulator/Devices/FB90EF2C-80CD-49C7-8CE7-C81749C9C5A7/data/Containers/Bundle/Application/CF814495-9242-4543-AE41-E78FDF917079/RayforgeApp.app/python/lib/python3.13/site-packages/OpenGL/platform/glx.py", line 24, in GL
2026-07-04 15:47:59.776020+0000 0xd5e8     Default     0x0                  17475  0    rayforge-app: (Python)     raise ImportError("Unable to load OpenGL or GL library")
2026-07-04 15:47:59.776085+0000 0xd5e8     Default     0x0                  17475  0    rayforge-app: (Python) ImportError: Unable to load OpenGL or GL library
2026-07-04 15:48:00.142080+0000 0xd5e8     Default     0x0                  17475  0    rayforge-app: (Python) 2026-07-04 15:48:00,141 - rayforge.addon_mgr.addon_manager - INFO - Scanning for addons in /Users/runner/Library/Developer/CoreSimulator/Devices/FB90EF2C-80CD-49C7-8CE7-C81749C9C5A7/data/Containers/Bundle/Application/CF814495-9242-4543-AE41-E78FDF917079/RayforgeApp.app/python/lib/python3.13/site-packages/rayforge/builtin_addons...
2026-07-04 15:48:00.147876+0000 0xd5e8     Default     0x0                  17475  0    rayforge-app: (Python) 2026-07-04 15:48:00,147 - rayforge.addon_mgr.addon_manager - INFO - Loaded addon: core_materials (builtin)
2026-07-04 15:48:00.671619+0000 0xd5e8     Default     0x0                  17475  0    rayforge-app: (Python) 2026-07-04 15:48:00,671 - rayforge.addon_mgr.lazy_loader - WARNING - Manifest not ready, giving up
2026-07-04 15:48:01.188557+0000 0xd5e8     Default     0x0                  17475  0    rayforge-app: (Python) 2026-07-04 15:48:01,188 - rayforge.addon_mgr.lazy_loader - WARNING - Manifest not ready, giving up
2026-07-04 15:48:01.728062+0000 0xd5e8     Default     0x0                  17475  0    rayforge-app: (Python) 2026-07-04 15:48:01,727 - rayforge.addon_mgr.lazy_loader - WARNING - Manifest not ready, giving up
2026-07-04 15:48:02.248242+0000 0xd5e8     Default     0x0                  17475  0    rayforge-app: (Python) 2026-07-04 15:48:02,248 - rayforge.addon_mgr.lazy_loader - WARNING - Manifest not ready, giving up
2026-07-04 15:48:02.767311+0000 0xd5e8     Default     0x0                  17475  0    rayforge-app: (Python) 2026-07-04 15:48:02,766 - rayforge.addon_mgr.lazy_loader - WARNING - Manifest not ready, giving up
2026-07-04 15:48:03.289091+0000 0xd5e8     Default     0x0                  17475  0    rayforge-app: (Python) 2026-07-04 15:48:03,288 - rayforge.addon_mgr.lazy_loader - WARNING - Manifest not ready, giving up
2026-07-04 15:48:03.809791+0000 0xd5e8     Default     0x0                  17475  0    rayforge-app: (Python) 2026-07-04 15:48:03,809 - rayforge.addon_mgr.lazy_loader - WARNING - Manifest not ready, giving up
2026-07-04 15:48:04.328929+0000 0xd5e8     Default     0x0                  17475  0    rayforge-app: (Python) 2026-07-04 15:48:04,328 - rayforge.addon_mgr.lazy_loader - WARNING - Manifest not ready, giving up
2026-07-04 15:48:04.847073+0000 0xd5e8     Default     0x0                  17475  0    rayforge-app: (Python) 2026-07-04 15:48:04,846 - rayforge.addon_mgr.lazy_loader - WARNING - Manifest not ready, giving up
2026-07-04 15:48:05.371409+0000 0xd5e8     Default     0x0                  17475  0    rayforge-app: (Python) 2026-07-04 15:48:05,371 - rayforge.addon_mgr.lazy_loader - WARNING - Manifest not ready, giving up
2026-07-04 15:48:05.886561+0000 0xd5e8     Default     0x0                  17475  0    rayforge-app: (Python) 2026-07-04 15:48:05,886 - rayforge.addon_mgr.lazy_loader - WARNING - Manifest not ready, giving up
2026-07-04 15:48:06.409389+0000 0xd5e8     Default     0x0                  17475  0    rayforge-app: (Python) 2026-07-04 15:48:06,409 - rayforge.addon_mgr.lazy_loader - WARNING - Manifest not ready, giving up
2026-07-04 15:48:06.928940+0000 0xd5e8     Default     0x0                  17475  0    rayforge-app: (Python) 2026-07-04 15:48:06,928 - rayforge.addon_mgr.lazy_loader - WARNING - Manifest not ready, giving up
2026-07-04 15:48:07.452736+0000 0xd5e8     Default     0x0                  17475  0    rayforge-app: (Python) 2026-07-04 15:48:07,452 - rayforge.addon_mgr.lazy_loader - WARNING - Manifest not ready, giving up
2026-07-04 15:48:07.982038+0000 0xd5e8     Default     0x0                  17475  0    rayforge-app: (Python) 2026-07-04 15:48:07,981 - rayforge.addon_mgr.lazy_loader - WARNING - Manifest not ready, giving up
2026-07-04 15:48:08.505750+0000 0xd5e8     Default     0x0                  17475  0    rayforge-app: (Python) 2026-07-04 15:48:08,505 - rayforge.addon_mgr.lazy_loader - WARNING - Manifest not ready, giving up
2026-07-04 15:48:09.030775+0000 0xd5e8     Default     0x0                  17475  0    rayforge-app: (Python) 2026-07-04 15:48:09,030 - rayforge.addon_mgr.lazy_loader - WARNING - Manifest not ready, giving up
2026-07-04 15:48:09.551679+0000 0xd5e8     Default     0x0                  17475  0    rayforge-app: (Python) 2026-07-04 15:48:09,551 - rayforge.addon_mgr.lazy_loader - WARNING - Manifest not ready, giving up
2026-07-04 15:48:10.068004+0000 0xd5e8     Default     0x0                  17475  0    rayforge-app: (Python) 2026-07-04 15:48:10,067 - rayforge.addon_mgr.lazy_loader - WARNING - Manifest not ready, giving up
2026-07-04 15:48:10.590892+0000 0xd5e8     Default     0x0                  17475  0    rayforge-app: (Python) 2026-07-04 15:48:10,590 - rayforge.addon_mgr.lazy_loader - WARNING - Manifest not ready, giving up
2026-07-04 15:48:11.113063+0000 0xd5e8     Default     0x0                  17475  0    rayforge-app: (Python) 2026-07-04 15:48:11,112 - rayforge.addon_mgr.lazy_loader - WARNING - Manifest not ready, giving up
2026-07-04 15:48:11.633480+0000 0xd5e8     Default     0x0                  17475  0    rayforge-app: (Python) 2026-07-04 15:48:11,633 - rayforge.addon_mgr.lazy_loader - WARNING - Manifest not ready, giving up
2026-07-04 15:48:12.151374+0000 0xd5e8     Default     0x0                  17475  0    rayforge-app: (Python) 2026-07-04 15:48:12,151 - rayforge.addon_mgr.lazy_loader - WARNING - Manifest not ready, giving up
2026-07-04 15:48:12.672602+0000 0xd5e8     Default     0x0                  17475  0    rayforge-app: (Python) 2026-07-04 15:48:12,672 - rayforge.addon_mgr.lazy_loader - WARNING - Manifest not ready, giving up
2026-07-04 15:48:13.202898+0000 0xd5e8     Default     0x0                  17475  0    rayforge-app: (Python) 2026-07-04 15:48:13,202 - rayforge.addon_mgr.lazy_loader - WARNING - Manifest not ready, giving up
2026-07-04 15:48:13.727072+0000 0xd5e8     Default     0x0                  17475  0    rayforge-app: (Python) 2026-07-04 15:48:13,726 - rayforge.addon_mgr.lazy_loader - WARNING - Manifest not ready, giving up
2026-07-04 15:48:14.246872+0000 0xd5e8     Default     0x0                  17475  0    rayforge-app: (Python) 2026-07-04 15:48:14,246 - rayforge.addon_mgr.lazy_loader - WARNING - Manifest not ready, giving up
2026-07-04 15:48:14.780336+0000 0xd5e8     Default     0x0                  17475  0    rayforge-app: (Python) 2026-07-04 15:48:14,780 - rayforge.addon_mgr.lazy_loader - WARNING - Manifest not ready, giving up
2026-07-04 15:48:15.302857+0000 0xd5e8     Default     0x0                  17475  0    rayforge-app: (Python) 2026-07-04 15:48:15,302 - rayforge.addon_mgr.lazy_loader - WARNING - Manifest not ready, giving up
2026-07-04 15:48:15.822364+0000 0xd5e8     Default     0x0                  17475  0    rayforge-app: (Python) 2026-07-04 15:48:15,822 - rayforge.addon_mgr.lazy_loader - WARNING - Manifest not ready, giving up
2026-07-04 15:48:16.343269+0000 0xd5e8     Default     0x0                  17475  0    rayforge-app: (Python) 2026-07-04 15:48:16,343 - rayforge.addon_mgr.lazy_loader - WARNING - Manifest not ready, giving up
2026-07-04 15:48:16.876111+0000 0xd5e8     Default     0x0                  17475  0    rayforge-app: (Python) 2026-07-04 15:48:16,875 - rayforge.addon_mgr.lazy_loader - WARNING - Manifest not ready, giving up
2026-07-04 15:48:17.397906+0000 0xd5e8     Default     0x0                  17475  0    rayforge-app: (Python) 2026-07-04 15:48:17,397 - rayforge.addon_mgr.lazy_loader - WARNING - Manifest not ready, giving up
2026-07-04 15:48:17.923702+0000 0xd5e8     Default     0x0                  17475  0    rayforge-app: (Python) 2026-07-04 15:48:17,923 - rayforge.addon_mgr.lazy_loader - WARNING - Manifest not ready, giving up
2026-07-04 15:48:17.940439+0000 0xd5e8     Default     0x0                  17475  0    rayforge-app: (Python) 2026-07-04 15:48:17,940 - rayforge.addon_mgr.addon_manager - INFO - Loaded addon: sketcher (builtin)
2026-07-04 15:48:18.190838+0000 0xd5f1     Default     0x0                  17475  0    rayforge-app: (libxpc.dylib) [com.apple.xpc:connection] [0x104e089a0] Re-initialization successful; calling out to event handler with XPC_ERROR_CONNECTION_INTERRUPTED
2026-07-04 15:48:18.191217+0000 0xd5f1     Error       0x0                  17475  0    rayforge-app: (UIKitCore) [com.apple.KeyboardArbiter:Client] XPC connection interrupted
2026-07-04 15:48:18.472862+0000 0xd5e8     Default     0x0                  17475  0    rayforge-app: (Python) 2026-07-04 15:48:18,472 - rayforge.addon_mgr.lazy_loader - WARNING - Manifest not ready, giving up
2026-07-04 15:48:18.997492+0000 0xd5e8     Default     0x0                  17475  0    rayforge-app: (Python) 2026-07-04 15:48:18,997 - rayforge.addon_mgr.lazy_loader - WARNING - Manifest not ready, giving up
2026-07-04 15:48:19.524152+0000 0xd5e8     Default     0x0                  17475  0    rayforge-app: (Python) 2026-07-04 15:48:19,523 - rayforge.addon_mgr.lazy_loader - WARNING - Manifest not ready, giving up
2026-07-04 15:48:20.055488+0000 0xd5e8     Default     0x0                  17475  0    rayforge-app: (Python) 2026-07-04 15:48:20,055 - rayforge.addon_mgr.lazy_loader - WARNING - Manifest not ready, giving up
2026-07-04 15:48:20.574614+0000 0xd5e8     Default     0x0                  17475  0    rayforge-app: (Python) 2026-07-04 15:48:20,574 - rayforge.addon_mgr.lazy_loader - WARNING - Manifest not ready, giving up
2026-07-04 15:48:21.099399+0000 0xd5e8     Default     0x0                  17475  0    rayforge-app: (Python) 2026-07-04 15:48:21,099 - rayforge.addon_mgr.lazy_loader - WARNING - Manifest not ready, giving up
2026-07-04 15:48:21.629912+0000 0xd5e8     Default     0x0                  17475  0    rayforge-app: (Python) 2026-07-04 15:48:21,629 - rayforge.addon_mgr.lazy_loader - WARNING - Manifest not ready, giving up
2026-07-04 15:48:22.148719+0000 0xd5e8     Default     0x0                  17475  0    rayforge-app: (Python) 2026-07-04 15:48:22,148 - rayforge.addon_mgr.lazy_loader - WARNING - Manifest not ready, giving up
2026-07-04 15:48:22.667692+0000 0xd5e8     Default     0x0                  17475  0    rayforge-app: (Python) 2026-07-04 15:48:22,667 - rayforge.addon_mgr.lazy_loader - WARNING - Manifest not ready, giving up
2026-07-04 15:48:23.191967+0000 0xd5e8     Default     0x0                  17475  0    rayforge-app: (Python) 2026-07-04 15:48:23,191 - rayforge.addon_mgr.lazy_loader - WARNING - Manifest not ready, giving up
2026-07-04 15:48:23.713665+0000 0xd5e8     Default     0x0                  17475  0    rayforge-app: (Python) 2026-07-04 15:48:23,713 - rayforge.addon_mgr.lazy_loader - WARNING - Manifest not ready, giving up
2026-07-04 15:48:24.235139+0000 0xd5e8     Default     0x0                  17475  0    rayforge-app: (Python) 2026-07-04 15:48:24,234 - rayforge.addon_mgr.lazy_loader - WARNING - Manifest not ready, giving up
2026-07-04 15:48:24.755047+0000 0xd5e8     Default     0x0                  17475  0    rayforge-app: (Python) 2026-07-04 15:48:24,754 - rayforge.addon_mgr.lazy_loader - WARNING - Manifest not ready, giving up
2026-07-04 15:48:25.275030+0000 0xd5e8     Default     0x0                  17475  0    rayforge-app: (Python) 2026-07-04 15:48:25,274 - rayforge.addon_mgr.lazy_loader - WARNING - Manifest not ready, giving up
2026-07-04 15:48:25.798511+0000 0xd5e8     Default     0x0                  17475  0    rayforge-app: (Python) 2026-07-04 15:48:25,798 - rayforge.addon_mgr.lazy_loader - WARNING - Manifest not ready, giving up
2026-07-04 15:48:26.319043+0000 0xd5e8     Default     0x0                  17475  0    rayforge-app: (Python) 2026-07-04 15:48:26,318 - rayforge.addon_mgr.lazy_loader - WARNING - Manifest not ready, giving up
2026-07-04 15:48:26.842419+0000 0xd5e8     Default     0x0                  17475  0    rayforge-app: (Python) 2026-07-04 15:48:26,842 - rayforge.addon_mgr.lazy_loader - WARNING - Manifest not ready, giving up
2026-07-04 15:48:27.361705+0000 0xd5e8     Default     0x0                  17475  0    rayforge-app: (Python) 2026-07-04 15:48:27,361 - rayforge.addon_mgr.lazy_loader - WARNING - Manifest not ready, giving up
2026-07-04 15:48:27.925750+0000 0xd5e8     Default     0x0                  17475  0    rayforge-app: (Python) 2026-07-04 15:48:27,925 - rayforge.addon_mgr.lazy_loader - WARNING - Manifest not ready, giving up
2026-07-04 15:48:28.454250+0000 0xd5e8     Default     0x0                  17475  0    rayforge-app: (Python) 2026-07-04 15:48:28,454 - rayforge.addon_mgr.lazy_loader - WARNING - Manifest not ready, giving up
2026-07-04 15:48:28.977108+0000 0xd5e8     Default     0x0                  17475  0    rayforge-app: (Python) 2026-07-04 15:48:28,976 - rayforge.addon_mgr.lazy_loader - WARNING - Manifest not ready, giving up
2026-07-04 15:48:29.506152+0000 0xd5e8     Default     0x0                  17475  0    rayforge-app: (Python) 2026-07-04 15:48:29,505 - rayforge.addon_mgr.lazy_loader - WARNING - Manifest not ready, giving up
2026-07-04 15:48:30.040728+0000 0xd5e8     Default     0x0                  17475  0    rayforge-app: (Python) 2026-07-04 15:48:30,040 - rayforge.addon_mgr.lazy_loader - WARNING - Manifest not ready, giving up
2026-07-04 15:48:30.043889+0000 0xd5e8     Default     0x0                  17475  0    rayforge-app: (Python) 2026-07-04 15:48:30,043 - rayforge.addon_mgr.addon_manager - INFO - Loaded addon: laser_essentials (builtin)
2026-07-04 15:48:30.048872+0000 0xd5e8     Default     0x0                  17475  0    rayforge-app: (Python) 2026-07-04 15:48:30,048 - rayforge.addon_mgr.addon_manager - INFO - Loaded addon: print_and_cut (builtin)
2026-07-04 15:48:30.569166+0000 0xd5e8     Default     0x0                  17475  0    rayforge-app: (Python) 2026-07-04 15:48:30,568 - rayforge.addon_mgr.lazy_loader - WARNING - Manifest not ready, giving up
2026-07-04 15:48:31.090766+0000 0xd5e8     Default     0x0                  17475  0    rayforge-app: (Python) 2026-07-04 15:48:31,090 - rayforge.addon_mgr.lazy_loader - WARNING - Manifest not ready, giving up
2026-07-04 15:48:31.607099+0000 0xd5e8     Default     0x0                  17475  0    rayforge-app: (Python) 2026-07-04 15:48:31,606 - rayforge.addon_mgr.lazy_loader - WARNING - Manifest not ready, giving up
2026-07-04 15:48:32.124179+0000 0xd5e8     Default     0x0                  17475  0    rayforge-app: (Python) 2026-07-04 15:48:32,123 - rayforge.addon_mgr.lazy_loader - WARNING - Manifest not ready, giving up
2026-07-04 15:48:32.639412+0000 0xd5e8     Default     0x0                  17475  0    rayforge-app: (Python) 2026-07-04 15:48:32,639 - rayforge.addon_mgr.lazy_loader - WARNING - Manifest not ready, giving up
2026-07-04 15:48:33.157318+0000 0xd5e8     Default     0x0                  17475  0    rayforge-app: (Python) 2026-07-04 15:48:33,157 - rayforge.addon_mgr.lazy_loader - WARNING - Manifest not ready, giving up
2026-07-04 15:48:33.678889+0000 0xd5e8     Default     0x0                  17475  0    rayforge-app: (Python) 2026-07-04 15:48:33,678 - rayforge.addon_mgr.lazy_loader - WARNING - Manifest not ready, giving up
2026-07-04 15:48:34.195903+0000 0xd5e8     Default     0x0                  17475  0    rayforge-app: (Python) 2026-07-04 15:48:34,195 - rayforge.addon_mgr.lazy_loader - WARNING - Manifest not ready, giving up
2026-07-04 15:48:34.718863+0000 0xd5e8     Default     0x0                  17475  0    rayforge-app: (Python) 2026-07-04 15:48:34,718 - rayforge.addon_mgr.lazy_loader - WARNING - Manifest not ready, giving up
2026-07-04 15:48:35.242102+0000 0xd5e8     Default     0x0                  17475  0    rayforge-app: (Python) 2026-07-04 15:48:35,241 - rayforge.addon_mgr.lazy_loader - WARNING - Manifest not ready, giving up
2026-07-04 15:48:35.764437+0000 0xd5e8     Default     0x0                  17475  0    rayforge-app: (Python) 2026-07-04 15:48:35,764 - rayforge.addon_mgr.lazy_loader - WARNING - Manifest not ready, giving up
2026-07-04 15:48:36.283729+0000 0xd5e8     Default     0x0                  17475  0    rayforge-app: (Python) 2026-07-04 15:48:36,283 - rayforge.addon_mgr.lazy_loader - WARNING - Manifest not ready, giving up
2026-07-04 15:48:36.805221+0000 0xd5e8     Default     0x0                  17475  0    rayforge-app: (Python) 2026-07-04 15:48:36,805 - rayforge.addon_mgr.lazy_loader - WARNING - Manifest not ready, giving up
2026-07-04 15:48:37.325742+0000 0xd5e8     Default     0x0                  17475  0    rayforge-app: (Python) 2026-07-04 15:48:37,325 - rayforge.addon_mgr.lazy_loader - WARNING - Manifest not ready, giving up
2026-07-04 15:48:37.844835+0000 0xd5e8     Default     0x0                  17475  0    rayforge-app: (Python) 2026-07-04 15:48:37,844 - rayforge.addon_mgr.lazy_loader - WARNING - Manifest not ready, giving up
2026-07-04 15:48:38.367045+0000 0xd5e8     Default     0x0                  17475  0    rayforge-app: (Python) 2026-07-04 15:48:38,366 - rayforge.addon_mgr.lazy_loader - WARNING - Manifest not ready, giving up
2026-07-04 15:48:38.887711+0000 0xd5e8     Default     0x0                  17475  0    rayforge-app: (Python) 2026-07-04 15:48:38,887 - rayforge.addon_mgr.lazy_loader - WARNING - Manifest not ready, giving up
2026-07-04 15:48:38.889807+0000 0xd5e8     Default     0x0                  17475  0    rayforge-app: (Python) 2026-07-04 15:48:38,889 - rayforge.addon_mgr.addon_manager - INFO - Loaded addon: post_processors (builtin)
2026-07-04 15:48:39.412090+0000 0xd5e8     Default     0x0                  17475  0    rayforge-app: (Python) 2026-07-04 15:48:39,411 - rayforge.addon_mgr.lazy_loader - WARNING - Manifest not ready, giving up
2026-07-04 15:48:39.931507+0000 0xd5e8     Default     0x0                  17475  0    rayforge-app: (Python) 2026-07-04 15:48:39,931 - rayforge.addon_mgr.lazy_loader - WARNING - Manifest not ready, giving up
2026-07-04 15:48:40.465478+0000 0xd5e8     Default     0x0                  17475  0    rayforge-app: (Python) 2026-07-04 15:48:40,465 - rayforge.addon_mgr.lazy_loader - WARNING - Manifest not ready, giving up
2026-07-04 15:48:40.985867+0000 0xd5e8     Default     0x0                  17475  0    rayforge-app: (Python) 2026-07-04 15:48:40,985 - rayforge.addon_mgr.lazy_loader - WARNING - Manifest not ready, giving up
2026-07-04 15:48:40.990361+0000 0xd5e8     Default     0x0                  17475  0    rayforge-app: (Python) 2026-07-04 15:48:40,990 - rayforge.addon_mgr.addon_manager - INFO - Loaded addon: ai_workpiece_generator (builtin)
2026-07-04 15:48:41.535018+0000 0xd5e8     Default     0x0                  17475  0    rayforge-app: (Python) 2026-07-04 15:48:41,534 - rayforge.addon_mgr.lazy_loader - WARNING - Manifest not ready, giving up
2026-07-04 15:48:42.054637+0000 0xd5e8     Default     0x0                  17475  0    rayforge-app: (Python) 2026-07-04 15:48:42,054 - rayforge.addon_mgr.lazy_loader - WARNING - Manifest not ready, giving up
2026-07-04 15:48:42.575678+0000 0xd5e8     Default     0x0                  17475  0    rayforge-app: (Python) 2026-07-04 15:48:42,575 - rayforge.addon_mgr.lazy_loader - WARNING - Manifest not ready, giving up
2026-07-04 15:48:43.097733+0000 0xd5e8     Default     0x0                  17475  0    rayforge-app: (Python) 2026-07-04 15:48:43,097 - rayforge.addon_mgr.lazy_loader - WARNING - Manifest not ready, giving up
2026-07-04 15:48:43.635941+0000 0xd5e8     Default     0x0                  17475  0    rayforge-app: (Python) 2026-07-04 15:48:43,635 - rayforge.addon_mgr.lazy_loader - WARNING - Manifest not ready, giving up
2026-07-04 15:48:44.157538+0000 0xd5e8     Default     0x0                  17475  0    rayforge-app: (Python) 2026-07-04 15:48:44,157 - rayforge.addon_mgr.lazy_loader - WARNING - Manifest not ready, giving up
2026-07-04 15:48:44.731244+0000 0xd5e8     Default     0x0                  17475  0    rayforge-app: (Python) 2026-07-04 15:48:44,730 - rayforge.addon_mgr.lazy_loader - WARNING - Manifest not ready, giving up
2026-07-04 15:48:45.244349+0000 0xd5e8     Default     0x0                  17475  0    rayforge-app: (Python) 2026-07-04 15:48:45,244 - rayforge.addon_mgr.lazy_loader - WARNING - Manifest not ready, giving up
2026-07-04 15:48:45.772095+0000 0xd5e8     Default     0x0                  17475  0    rayforge-app: (Python) 2026-07-04 15:48:45,771 - rayforge.addon_mgr.lazy_loader - WARNING - Manifest not ready, giving up
2026-07-04 15:48:46.292177+0000 0xd5e8     Default     0x0                  17475  0    rayforge-app: (Python) 2026-07-04 15:48:46,291 - rayforge.addon_mgr.lazy_loader - WARNING - Manifest not ready, giving up
2026-07-04 15:48:46.811958+0000 0xd5e8     Default     0x0                  17475  0    rayforge-app: (Python) 2026-07-04 15:48:46,811 - rayforge.addon_mgr.lazy_loader - WARNING - Manifest not ready, giving up
2026-07-04 15:48:47.331435+0000 0xd5e8     Default     0x0                  17475  0    rayforge-app: (Python) 2026-07-04 15:48:47,331 - rayforge.addon_mgr.lazy_loader - WARNING - Manifest not ready, giving up
2026-07-04 15:48:47.850057+0000 0xd5e8     Default     0x0                  17475  0    rayforge-app: (Python) 2026-07-04 15:48:47,849 - rayforge.addon_mgr.lazy_loader - WARNING - Manifest not ready, giving up
2026-07-04 15:48:48.368453+0000 0xd5e8     Default     0x0                  17475  0    rayforge-app: (Python) 2026-07-04 15:48:48,368 - rayforge.addon_mgr.lazy_loader - WARNING - Manifest not ready, giving up
2026-07-04 15:48:48.888360+0000 0xd5e8     Default     0x0                  17475  0    rayforge-app: (Python) 2026-07-04 15:48:48,888 - rayforge.addon_mgr.lazy_loader - WARNING - Manifest not ready, giving up
2026-07-04 15:48:49.406953+0000 0xd5e8     Default     0x0                  17475  0    rayforge-app: (Python) 2026-07-04 15:48:49,406 - rayforge.addon_mgr.lazy_loader - WARNING - Manifest not ready, giving up
2026-07-04 15:48:49.926225+0000 0xd5e8     Default     0x0                  17475  0    rayforge-app: (Python) 2026-07-04 15:48:49,925 - rayforge.addon_mgr.lazy_loader - WARNING - Manifest not ready, giving up
2026-07-04 15:48:50.447807+0000 0xd5e8     Default     0x0                  17475  0    rayforge-app: (Python) 2026-07-04 15:48:50,447 - rayforge.addon_mgr.lazy_loader - WARNING - Manifest not ready, giving up
2026-07-04 15:48:50.969462+0000 0xd5e8     Default     0x0                  17475  0    rayforge-app: (Python) 2026-07-04 15:48:50,969 - rayforge.addon_mgr.lazy_loader - WARNING - Manifest not ready, giving up
2026-07-04 15:48:51.488377+0000 0xd5e8     Default     0x0                  17475  0    rayforge-app: (Python) 2026-07-04 15:48:51,488 - rayforge.addon_mgr.lazy_loader - WARNING - Manifest not ready, giving up
2026-07-04 15:48:52.009920+0000 0xd5e8     Default     0x0                  17475  0    rayforge-app: (Python) 2026-07-04 15:48:52,009 - rayforge.addon_mgr.lazy_loader - WARNING - Manifest not ready, giving up
