Looking in indexes: https://pypi.anaconda.org/beeware/simple, https://pypi.org/simple
Collecting numpy
  Downloading numpy-2.5.0.post1-cp313-cp313-ios_13_0_arm64_iphonesimulator.whl (5.4 MB)
     ━━━━━━━━━━━━━━━━━━━━━━━━━━━━━━━━━━━━━━━━ 5.4/5.4 MB 16.3 MB/s  0:00:00
Saved ./ios-wheels/numpy-2.5.0.post1-cp313-cp313-ios_13_0_arm64_iphonesimulator.whl
Successfully downloaded numpy
Looking in indexes: https://pypi.anaconda.org/beeware/simple, https://pypi.org/simple
Collecting aiohttp
  Downloading aiohttp-3.14.1-cp313-cp313-ios_13_0_arm64_iphonesimulator.whl.metadata (8.3 kB)
Collecting aiohappyeyeballs>=2.5.0 (from aiohttp)
  Downloading aiohappyeyeballs-2.7.1-py3-none-any.whl.metadata (5.9 kB)
Collecting aiosignal>=1.4.0 (from aiohttp)
  Downloading aiosignal-1.4.0-py3-none-any.whl.metadata (3.7 kB)
Collecting attrs>=17.3.0 (from aiohttp)
  Downloading attrs-26.1.0-py3-none-any.whl.metadata (8.8 kB)
Collecting frozenlist>=1.1.1 (from aiohttp)
  Downloading frozenlist-1.8.0-py3-none-any.whl.metadata (20 kB)
Collecting multidict<7.0,>=4.5 (from aiohttp)
  Downloading multidict-6.7.1-py3-none-any.whl.metadata (5.3 kB)
Collecting propcache>=0.2.0 (from aiohttp)
  Downloading propcache-0.5.2-py3-none-any.whl.metadata (16 kB)
Collecting yarl<2.0,>=1.17.0 (from aiohttp)
  Downloading yarl-1.24.2-py3-none-any.whl.metadata (94 kB)
Collecting idna>=2.0 (from yarl<2.0,>=1.17.0->aiohttp)
  Downloading idna-3.18-py3-none-any.whl.metadata (6.1 kB)
Downloading aiohttp-3.14.1-cp313-cp313-ios_13_0_arm64_iphonesimulator.whl (492 kB)
Downloading multidict-6.7.1-py3-none-any.whl (12 kB)
Downloading yarl-1.24.2-py3-none-any.whl (53 kB)
Downloading aiohappyeyeballs-2.7.1-py3-none-any.whl (15 kB)
Downloading aiosignal-1.4.0-py3-none-any.whl (7.5 kB)
Downloading attrs-26.1.0-py3-none-any.whl (67 kB)
Downloading frozenlist-1.8.0-py3-none-any.whl (13 kB)
Downloading idna-3.18-py3-none-any.whl (65 kB)
Downloading propcache-0.5.2-py3-none-any.whl (14 kB)
Saved ./ios-wheels/aiohttp-3.14.1-cp313-cp313-ios_13_0_arm64_iphonesimulator.whl
Saved ./ios-wheels/multidict-6.7.1-py3-none-any.whl
Saved ./ios-wheels/yarl-1.24.2-py3-none-any.whl
Saved ./ios-wheels/aiohappyeyeballs-2.7.1-py3-none-any.whl
Saved ./ios-wheels/aiosignal-1.4.0-py3-none-any.whl
Saved ./ios-wheels/attrs-26.1.0-py3-none-any.whl
Saved ./ios-wheels/frozenlist-1.8.0-py3-none-any.whl
Saved ./ios-wheels/idna-3.18-py3-none-any.whl
Saved ./ios-wheels/propcache-0.5.2-py3-none-any.whl
Successfully downloaded aiohttp multidict yarl aiohappyeyeballs aiosignal attrs frozenlist idna propcache
