++ xcrun simctl list runtimes
++ awk '/iOS/{id=$NF} END{print id}'
+ RUNTIME=com.apple.CoreSimulator.SimRuntime.iOS-26-2
++ xcrun simctl create rayforge-test com.apple.CoreSimulator.SimDeviceType.iPad-Pro-13-inch-M4-8GB com.apple.CoreSimulator.SimRuntime.iOS-26-2
+ UDID=BDE7FEC2-4DED-4CE6-8A4A-96BF001A6AA2
+ test -n BDE7FEC2-4DED-4CE6-8A4A-96BF001A6AA2
+ echo UDID=BDE7FEC2-4DED-4CE6-8A4A-96BF001A6AA2
UDID=BDE7FEC2-4DED-4CE6-8A4A-96BF001A6AA2
+ xcrun simctl boot BDE7FEC2-4DED-4CE6-8A4A-96BF001A6AA2
+ xcrun simctl bootstatus BDE7FEC2-4DED-4CE6-8A4A-96BF001A6AA2 -b
Monitoring boot status for rayforge-test (BDE7FEC2-4DED-4CE6-8A4A-96BF001A6AA2).
[2026-07-04 12:22:37 +0000] Status=2, isTerminal=NO, Elapsed=00:48.
	Waiting on Data Migration
		Reason:Running plugin com.apple.-0LaunchServicesMigrator (00LaunchServicesMigrator.migrator, user-agnostic)
		Migration Elapsed:00:41 seconds

[2026-07-04 12:22:38 +0000] Status=2, isTerminal=NO, Elapsed=00:49.
	Waiting on Data Migration
		Reason:Running plugin com.apple.-0LaunchServicesMigrator (00LaunchServicesMigrator.migrator, user-agnostic)
		Migration Elapsed:00:42 seconds

[2026-07-04 12:22:39 +0000] Status=2, isTerminal=NO, Elapsed=00:50.
	Waiting on Data Migration
		Reason:Running plugin com.apple.-0LaunchServicesMigrator (00LaunchServicesMigrator.migrator, user-agnostic)
		Migration Elapsed:00:43 seconds

[2026-07-04 12:22:40 +0000] Status=2, isTerminal=NO, Elapsed=00:51.
	Waiting on Data Migration
		Reason:Running plugin com.apple.-0LaunchServicesMigrator (00LaunchServicesMigrator.migrator, user-agnostic)
		Migration Elapsed:00:44 seconds

[2026-07-04 12:22:41 +0000] Status=2, isTerminal=NO, Elapsed=00:52.
	Waiting on Data Migration
		Reason:Running plugin com.apple.-0LaunchServicesMigrator (00LaunchServicesMigrator.migrator, user-agnostic)
		Migration Elapsed:00:45 seconds

[2026-07-04 12:22:42 +0000] Status=2, isTerminal=NO, Elapsed=00:53.
	Waiting on Data Migration
		Reason:Running plugin com.apple.-0LaunchServicesMigrator (00LaunchServicesMigrator.migrator, user-agnostic)
		Migration Elapsed:00:46 seconds

[2026-07-04 12:22:45 +0000] Status=2, isTerminal=NO, Elapsed=00:56.
	Waiting on Data Migration
		Reason:Running plugin com.apple.securityd.KeychainMigrator (KeychainMigrator.migrator, user-agnostic)
		Migration Elapsed:00:48 seconds

[2026-07-04 12:22:48 +0000] Status=2, isTerminal=NO, Elapsed=00:58.
	Waiting on Data Migration
		Reason:Running plugin com.apple.managedconfiguration.migrator (MCProfile.migrator, user-agnostic)
		Migration Elapsed:00:50 seconds

[2026-07-04 12:22:50 +0000] Status=2, isTerminal=NO, Elapsed=01:00.
	Waiting on Data Migration
		Reason:Running plugin com.apple.MobileSafari.migrator (MobileSafari.migrator)
		Migration Elapsed:00:52 seconds

[2026-07-04 12:22:52 +0000] Status=4, isTerminal=NO, Elapsed=01:03.
	Waiting on System App

[2026-07-04 12:22:54 +0000] Status=4, isTerminal=NO, Elapsed=01:04.
	Waiting on System App

[2026-07-04 12:22:55 +0000] Status=4, isTerminal=NO, Elapsed=01:05.
	Waiting on System App

[2026-07-04 12:22:56 +0000] Status=4, isTerminal=NO, Elapsed=01:06.
	Waiting on System App

[2026-07-04 12:22:56 +0000] Status=4, isTerminal=NO, Elapsed=01:07.
	Waiting on System App

[2026-07-04 12:22:57 +0000] Status=4, isTerminal=NO, Elapsed=01:07.
	Waiting on System App

[2026-07-04 12:22:57 +0000] Status=4, isTerminal=NO, Elapsed=01:08.
	Waiting on System App

[2026-07-04 12:22:59 +0000] Status=4, isTerminal=NO, Elapsed=01:09.
	Waiting on System App

[2026-07-04 12:23:05 +0000] Status=4294967295, isTerminal=YES, Elapsed=01:16.
	Finished

+ xcrun simctl install BDE7FEC2-4DED-4CE6-8A4A-96BF001A6AA2 RayforgeApp.app
++ xcrun simctl get_app_container BDE7FEC2-4DED-4CE6-8A4A-96BF001A6AA2 org.rayforge.app
+ APP_CONTAINER=/Users/runner/Library/Developer/CoreSimulator/Devices/BDE7FEC2-4DED-4CE6-8A4A-96BF001A6AA2/data/Containers/Bundle/Application/63F92A6D-0633-491A-AD31-8E1B2196A8C7/RayforgeApp.app
+ echo 'app container: /Users/runner/Library/Developer/CoreSimulator/Devices/BDE7FEC2-4DED-4CE6-8A4A-96BF001A6AA2/data/Containers/Bundle/Application/63F92A6D-0633-491A-AD31-8E1B2196A8C7/RayforgeApp.app'
app container: /Users/runner/Library/Developer/CoreSimulator/Devices/BDE7FEC2-4DED-4CE6-8A4A-96BF001A6AA2/data/Containers/Bundle/Application/63F92A6D-0633-491A-AD31-8E1B2196A8C7/RayforgeApp.app
+ FW_DIR=/Users/runner/Library/Developer/CoreSimulator/Devices/BDE7FEC2-4DED-4CE6-8A4A-96BF001A6AA2/data/Containers/Bundle/Application/63F92A6D-0633-491A-AD31-8E1B2196A8C7/RayforgeApp.app/Frameworks
+ LAUNCH_OUT=/Users/runner/work/Rayforge-iOS-ipa/Rayforge-iOS-ipa/app-console.log
+ xcrun simctl launch --stdout=/Users/runner/work/Rayforge-iOS-ipa/Rayforge-iOS-ipa/app-console.log --stderr=/Users/runner/work/Rayforge-iOS-ipa/Rayforge-iOS-ipa/app-console.log BDE7FEC2-4DED-4CE6-8A4A-96BF001A6AA2 org.rayforge.app SIMCTL_CHILD_DYLD_LIBRARY_PATH=/Users/runner/Library/Developer/CoreSimulator/Devices/BDE7FEC2-4DED-4CE6-8A4A-96BF001A6AA2/data/Containers/Bundle/Application/63F92A6D-0633-491A-AD31-8E1B2196A8C7/RayforgeApp.app/Frameworks SIMCTL_CHILD_DYLD_FALLBACK_LIBRARY_PATH=/Users/runner/Library/Developer/CoreSimulator/Devices/BDE7FEC2-4DED-4CE6-8A4A-96BF001A6AA2/data/Containers/Bundle/Application/63F92A6D-0633-491A-AD31-8E1B2196A8C7/RayforgeApp.app/Frameworks SIMCTL_CHILD_G_MESSAGES_DEBUG=all
+ tee launch-cmd.log
org.rayforge.app: 28114
+ sleep 45
+ APP_ALIVE=1
+ grep -q org.rayforge.app
+ xcrun simctl spawn BDE7FEC2-4DED-4CE6-8A4A-96BF001A6AA2 launchctl list
+ echo 'app alive: 1'
app alive: 1
+ xcrun simctl io BDE7FEC2-4DED-4CE6-8A4A-96BF001A6AA2 screenshot simulator-screenshot.png
Detected file type 'PNG' from extension
Wrote screenshot to: simulator-screenshot.png
+ ls -la simulator-screenshot.png
-rw-r--r--@ 1 runner  staff  145434 Jul  4 12:25 simulator-screenshot.png
+ xcrun simctl spawn BDE7FEC2-4DED-4CE6-8A4A-96BF001A6AA2 log show --last 5m --predicate 'process == "rayforge-app"'
+ mkdir -p crash-reports
+ find /Users/runner/Library/Logs/DiagnosticReports -name '*rayforge*' -newer RayforgeApp.app/Info.plist -exec cp '{}' crash-reports/ ';'
+ for c in 'crash-reports/*'
+ '[' -f 'crash-reports/*' ']'
+ continue
+ xcrun simctl shutdown BDE7FEC2-4DED-4CE6-8A4A-96BF001A6AA2
+ echo '===== app console ====='
===== app console =====
+ cat app-console.log
Gdk-Message: 12:24:48.437: gdk-ios: bundle resources at /Users/runner/Library/Developer/CoreSimulator/Devices/BDE7FEC2-4DED-4CE6-8A4A-96BF001A6AA2/data/Containers/Bundle/Application/63F92A6D-0633-491A-AD31-8E1B2196A8C7/RayforgeApp.app
** Message: 12:24:49.354: GI_TYPELIB_PATH: /Users/runner/Library/Developer/CoreSimulator/Devices/BDE7FEC2-4DED-4CE6-8A4A-96BF001A6AA2/data/Containers/Bundle/Application/63F92A6D-0633-491A-AD31-8E1B2196A8C7/RayforgeApp.app/lib/girepository-1.0
** Message: 12:24:49.354: python home: /Users/runner/Library/Developer/CoreSimulator/Devices/BDE7FEC2-4DED-4CE6-8A4A-96BF001A6AA2/data/Containers/Bundle/Application/63F92A6D-0633-491A-AD31-8E1B2196A8C7/RayforgeApp.app/python
** Message: 12:24:49.354: site-packages: /Users/runner/Library/Developer/CoreSimulator/Devices/BDE7FEC2-4DED-4CE6-8A4A-96BF001A6AA2/data/Containers/Bundle/Application/63F92A6D-0633-491A-AD31-8E1B2196A8C7/RayforgeApp.app/python/lib/python3.13/site-packages
Fontconfig warning: using without calling FcInit()
** Message: 12:24:54.403: pygobject self-test UI presented
+ echo '===== app syslog (first 120) ====='
===== app syslog (first 120) =====
+ head -120 app-syslog.log
getpwuid_r did not find a match for uid 501
Timestamp                       Thread     Type        Activity             PID    TTL  
2026-07-04 12:24:48.488262+0000 0x13a97    Default     0x0                  28114  0    rayforge-app: (libMobileGestalt.dylib) No persisted cache on this platform.
2026-07-04 12:24:48.490180+0000 0x13aa1    Default     0x0                  28114  0    rayforge-app: (libxpc.dylib) [com.apple.xpc:connection] [0x106e05a40] activating connection: mach=true listener=false peer=false name=com.apple.cfprefsd.daemon
2026-07-04 12:24:48.491302+0000 0x13aa4    Default     0x0                  28114  0    rayforge-app: (BoardServices) [com.apple.BoardServices:XPCErrors] [C:1] Alloc com.apple.frontboard.systemappservices
2026-07-04 12:24:48.491684+0000 0x13aa4    Default     0x0                  28114  0    rayforge-app: (libxpc.dylib) [com.apple.xpc:connection] [0x107206620] activating connection: mach=false listener=false peer=false name=(anonymous)
2026-07-04 12:24:48.494872+0000 0x13aa2    Activity    0x3c7c0              28114  0    rayforge-app: (CoreFoundation) Loading Preferences From User Session CFPrefsD
2026-07-04 12:24:48.501369+0000 0x13a97    Default     0x0                  28114  0    rayforge-app: (UIKitCore) [com.apple.UIKit:Application] Deactivation reason added: 10; deactivation reasons: 0 -> 1024; animating application lifecycle event: 0
2026-07-04 12:24:48.502391+0000 0x13a97    Default     0x0                  28114  0    rayforge-app: (RunningBoardServices) [com.apple.runningboard:connection] Initializing connection
2026-07-04 12:24:48.502456+0000 0x13a97    Default     0x0                  28114  0    rayforge-app: (RunningBoardServices) [com.apple.runningboard:process] Removing all cached process handles
2026-07-04 12:24:48.502580+0000 0x13a97    Default     0x0                  28114  0    rayforge-app: (BoardServices) [com.apple.BoardServices:Injection] activating monitor for service com.apple.frontboard.open
2026-07-04 12:24:48.502721+0000 0x13aa2    Default     0x0                  28114  0    rayforge-app: (RunningBoardServices) [com.apple.runningboard:connection] Sending handshake request attempt #1 to server
2026-07-04 12:24:48.502951+0000 0x13aa2    Default     0x0                  28114  0    rayforge-app: (RunningBoardServices) [com.apple.runningboard:connection] Creating connection to com.apple.runningboard
2026-07-04 12:24:48.503076+0000 0x13aa1    Default     0x0                  28114  0    rayforge-app: (UIKitCore) [com.apple.UIKit:BackgroundTask] Creating new assertion because there is no existing background assertion.
2026-07-04 12:24:48.503266+0000 0x13aa1    Default     0x0                  28114  0    rayforge-app: (UIKitCore) [com.apple.UIKit:BackgroundTask] Creating new background assertion
2026-07-04 12:24:48.503285+0000 0x13a97    Default     0x0                  28114  0    rayforge-app: (BoardServices) [com.apple.BoardServices:Injection] activating monitor for service com.apple.frontboard.workspace-service
2026-07-04 12:24:48.503295+0000 0x13aa2    Default     0x0                  28114  0    rayforge-app: (libxpc.dylib) [com.apple.xpc:connection] [0x107106a60] activating connection: mach=true listener=false peer=false name=com.apple.runningboard
2026-07-04 12:24:48.503533+0000 0x13aa1    Default     0x0                  28114  0    rayforge-app: (UIKitCore) [com.apple.UIKit:BackgroundTask] Created new background assertion <BKSProcessAssertion: 0x600002106990>
2026-07-04 12:24:48.504005+0000 0x13a97    Default     0x0                  28114  0    rayforge-app: (FrontBoardServices) [com.apple.FrontBoard:Common] FBSWorkspace registering source: com.apple.frontboard.systemappservices
2026-07-04 12:24:48.505260+0000 0x13aa6    Activity    0x3c7c1              28114  0    rayforge-app: (RunningBoardServices) didChangeInheritances
2026-07-04 12:24:48.505723+0000 0x13aa2    Default     0x0                  28114  0    rayforge-app: (RunningBoardServices) [com.apple.runningboard:connection] Handshake succeeded
2026-07-04 12:24:48.505880+0000 0x13aa2    Default     0x0                  28114  0    rayforge-app: (RunningBoardServices) [com.apple.runningboard:connection] Identity resolved as app<org.rayforge.app((null))>
2026-07-04 12:24:48.506749+0000 0x13aa1    Default     0x0                  28114  0    rayforge-app: (UIKitCore) [com.apple.UIKit:BackgroundTask] Incrementing reference count for background assertion <BKSProcessAssertion: 0x600002106990>
2026-07-04 12:24:48.506922+0000 0x13aa1    Default     0x0                  28114  0    rayforge-app: (UIKitCore) [com.apple.UIKit:BackgroundTask] Created background task <_UIBackgroundTaskInfo: 0x600001709b00>: taskID = 1, taskName = Launch Background Task for Coalescing, creationTime = 1021 (elapsed = 0).
2026-07-04 12:24:48.507079+0000 0x13a97    Default     0x0                  28114  0    rayforge-app: (FrontBoardServices) [com.apple.FrontBoard:Common] FBSWorkspace connected to endpoint : <BSServiceConnectionEndpoint: 0x600000210340; target: com.apple.frontboard.systemappservices; service: com.apple.frontboard.workspace-service>
2026-07-04 12:24:48.507146+0000 0x13aa1    Default     0x0                  28114  0    rayforge-app: (FrontBoardServices) [com.apple.FrontBoard:SceneExtension] Realizing settings extension _UIApplicationSceneKeyboardSettings on FBSSceneSettings
2026-07-04 12:24:48.507470+0000 0x13a97    Default     0x0                  28114  0    rayforge-app: (FrontBoardServices) [com.apple.FrontBoard:Common] <FBSWorkspaceScenesClient:0x600003008630 com.apple.frontboard.systemappservices> attempting immediate handshake from activate
2026-07-04 12:24:48.507556+0000 0x13a97    Default     0x0                  28114  0    rayforge-app: (FrontBoardServices) [com.apple.FrontBoard:Common] <FBSWorkspaceScenesClient:0x600003008630 com.apple.frontboard.systemappservices> sent handshake
2026-07-04 12:24:48.507730+0000 0x13a97    Default     0x0                  28114  0    rayforge-app: (RunningBoardServices) [com.apple.runningboard:general] Added observer for process assertions expiration warning: <_RBSExpirationWarningClient: 0x60000020d8a0>
2026-07-04 12:24:48.528357+0000 0x13aa1    Default     0x0                  28114  0    rayforge-app: (FrontBoardServices) [com.apple.FrontBoard:SceneExtension] Realizing settings extension <_UISceneOcclusionSettings> on FBSSceneSettings
2026-07-04 12:24:48.531549+0000 0x13a97    Default     0x0                  28114  0    rayforge-app: (UIKitCore) [com.apple.UIKit:UIScreen] Evaluated capturing state as 0 on <UIScreen: 0x107208580> for initial
2026-07-04 12:24:48.531776+0000 0x13a97    Default     0x0                  28114  0    rayforge-app: (UIKitCore) [com.apple.UIKit:UIScreen] Evaluated capturing state as 0 on <UIScreen: 0x107208580> for CADisplay KVO
2026-07-04 12:24:48.532784+0000 0x13a97    Default     0x0                  28114  0    rayforge-app: (libAccessibility.dylib) [com.apple.Accessibility:AXSupportCommon] Read CategoryName: per-app = 1, category name = (null)
2026-07-04 12:24:48.533010+0000 0x13a97    Default     0x0                  28114  0    rayforge-app: (libAccessibility.dylib) [com.apple.Accessibility:AXSupportCommon] Read CategoryName: per-app = 0, category name = (null)
2026-07-04 12:24:48.534086+0000 0x13aa1    Default     0x0                  28114  0    rayforge-app: (FrontBoardServices) [com.apple.FrontBoard:SceneExtension] Realizing settings extension <_UISceneInterfaceProtectionSettings> on FBSSceneSettings
2026-07-04 12:24:48.540650+0000 0x13aa1    Default     0x0                  28114  0    rayforge-app: (FrontBoardServices) [com.apple.FrontBoard:SceneExtension] Realizing settings extension _UISceneLayoutPreferencesHostSettingsExtension on FBSSceneSettings
2026-07-04 12:24:48.542679+0000 0x13aa1    Default     0x0                  28114  0    rayforge-app: (FrontBoardServices) [com.apple.FrontBoard:SceneExtension] Realizing settings extension _UISceneSafeAreaSettingsExtension on FBSSceneSettings
2026-07-04 12:24:48.543306+0000 0x13a97    Default     0x0                  28114  0    rayforge-app: (XCTTargetBootstrap) [com.apple.dt.xctest:Default] Registering for test daemon availability notify post.
2026-07-04 12:24:48.543443+0000 0x13a97    Default     0x0                  28114  0    rayforge-app: (XCTTargetBootstrap) [com.apple.dt.xctest:Default] notify_get_state check indicated test daemon not ready.
2026-07-04 12:24:48.543539+0000 0x13a97    Default     0x0                  28114  0    rayforge-app: (XCTTargetBootstrap) [com.apple.dt.xctest:Default] notify_get_state check indicated test daemon not ready.
2026-07-04 12:24:48.543616+0000 0x13a97    Default     0x0                  28114  0    rayforge-app: (XCTTargetBootstrap) [com.apple.dt.xctest:Default] notify_get_state check indicated test daemon not ready.
2026-07-04 12:24:48.544444+0000 0x13a97    Default     0x0                  28114  0    rayforge-app: (UIKitCore) [com.apple.UIKit:UpdateScheduler] Selected display: name=LCD (PurpleMain), id=1
2026-07-04 12:24:48.547777+0000 0x13aa1    Default     0x0                  28114  0    rayforge-app: (FrontBoardServices) [com.apple.FrontBoard:SceneExtension] Realizing settings extension _UISceneLayoutPreferenceClientSettingsExtension on FBSSceneClientSettings
2026-07-04 12:24:48.550390+0000 0x13aa1    Default     0x0                  28114  0    rayforge-app: (FrontBoardServices) [com.apple.FrontBoard:SceneExtension] Realizing settings extension <_UIHomeAffordanceHostSceneSettings> on FBSSceneSettings
2026-07-04 12:24:48.552385+0000 0x13aa1    Default     0x0                  28114  0    rayforge-app: (FrontBoardServices) [com.apple.FrontBoard:SceneExtension] Realizing settings extension _UISystemShellSceneHostingEnvironmentSettings on FBSSceneSettings
2026-07-04 12:24:48.555506+0000 0x13aa1    Default     0x0                  28114  0    rayforge-app: (FrontBoardServices) [com.apple.FrontBoard:SceneExtension] Realizing settings extension _UISceneRenderingEnvironmentSettings on FBSSceneSettings
2026-07-04 12:24:48.557770+0000 0x13aa1    Default     0x0                  28114  0    rayforge-app: (FrontBoardServices) [com.apple.FrontBoard:SceneExtension] Realizing settings extension <_UISceneRenderingEnvironmentClientSettings> on FBSSceneClientSettings
2026-07-04 12:24:48.558058+0000 0x13aa1    Default     0x0                  28114  0    rayforge-app: (FrontBoardServices) [com.apple.FrontBoard:SceneExtension] Realizing settings extension <_UISceneTransitioningHostSettings> on FBSSceneSettings
2026-07-04 12:24:48.559002+0000 0x13aa1    Default     0x0                  28114  0    rayforge-app: (FrontBoardServices) [com.apple.FrontBoard:SceneExtension] Realizing settings extension <_UISceneFocusSystemSettings> on FBSSceneSettings
2026-07-04 12:24:48.559609+0000 0x13aa1    Default     0x0                  28114  0    rayforge-app: (FrontBoardServices) [com.apple.FrontBoard:SceneExtension] Realizing settings extension _UISceneOrientationSettingsExtension on FBSSceneSettings
2026-07-04 12:24:48.559786+0000 0x13aa1    Default     0x0                  28114  0    rayforge-app: (FrontBoardServices) [com.apple.FrontBoard:SceneExtension] Realizing settings extension _UISceneOrientationClientSettingsExtension on FBSSceneClientSettings
2026-07-04 12:24:48.559848+0000 0x13aa1    Default     0x0                  28114  0    rayforge-app: (FrontBoardServices) [com.apple.FrontBoard:SceneExtension] Realizing settings extension _UISceneWindowingControlClientSettings on FBSSceneClientSettings
2026-07-04 12:24:48.563604+0000 0x13aa1    Default     0x0                  28114  0    rayforge-app: (FrontBoardServices) [com.apple.FrontBoard:SceneExtension] Realizing settings extension <_UISceneHostingContentSizePreferenceClientSettings> on FBSSceneClientSettings
2026-07-04 12:24:48.564928+0000 0x13aa1    Default     0x0                  28114  0    rayforge-app: (FrontBoardServices) [com.apple.FrontBoard:SceneExtension] Realizing settings extension _UISceneHostingTraitCollectionPropagationSettings on FBSSceneSettings
2026-07-04 12:24:48.569906+0000 0x13aa1    Default     0x0                  28114  0    rayforge-app: (FrontBoardServices) [com.apple.FrontBoard:SceneExtension] Realizing settings extension <_UISceneHostingSheetPresentationSettings> on FBSSceneSettings
2026-07-04 12:24:48.571374+0000 0x13aa1    Default     0x0                  28114  0    rayforge-app: (FrontBoardServices) [com.apple.FrontBoard:SceneExtension] Realizing settings extension <_UISceneHostingSheetPresentationClientSettings> on FBSSceneClientSettings
2026-07-04 12:24:48.571495+0000 0x13aa1    Default     0x0                  28114  0    rayforge-app: (FrontBoardServices) [com.apple.FrontBoard:SceneExtension] Realizing settings extension <_UISceneHostingEventDeferringSettings> on FBSSceneSettings
2026-07-04 12:24:48.574478+0000 0x13aa1    Default     0x0                  28114  0    rayforge-app: (FrontBoardServices) [com.apple.FrontBoard:SceneExtension] Realizing settings extension <UIKit__UITypedKeyValueSceneSettings> on FBSSceneSettings
2026-07-04 12:24:48.574618+0000 0x13aa1    Default     0x0                  28114  0    rayforge-app: (FrontBoardServices) [com.apple.FrontBoard:SceneExtension] Realizing settings extension <UIKit__UITypedKeyValueSceneSettings> on FBSSceneClientSettings
2026-07-04 12:24:48.575440+0000 0x13aa1    Default     0x0                  28114  0    rayforge-app: (FrontBoardServices) [com.apple.FrontBoard:SceneExtension] Realizing settings extension <_UISceneHostingViewControllerPreferencePropagationClientSettings> on FBSSceneClientSettings
2026-07-04 12:24:48.576184+0000 0x13aa1    Default     0x0                  28114  0    rayforge-app: (FrontBoardServices) [com.apple.FrontBoard:SceneExtension] Realizing settings extension <_UISceneZoomTransitionSettings> on FBSSceneSettings
2026-07-04 12:24:48.578873+0000 0x13aa2    Default     0x0                  28114  0    rayforge-app: (FrontBoardServices) [com.apple.FrontBoard:SceneExtension] Realizing settings extension FBSSceneSettingsCore on FBSSceneSettings
2026-07-04 12:24:48.579637+0000 0x13aa2    Default     0x0                  28114  0    rayforge-app: (FrontBoardServices) [com.apple.FrontBoard:SceneExtension] Realizing settings extension FBSSceneClientSettingsCore on FBSSceneClientSettings
2026-07-04 12:24:48.598233+0000 0x13aa2    Default     0x0                  28114  0    rayforge-app: (FrontBoardServices) [com.apple.FrontBoard:SceneExtension] UIMutableApplicationSceneSettings setting counterpart class: UIApplicationSceneSettings
2026-07-04 12:24:48.598776+0000 0x13aa2    Default     0x0                  28114  0    rayforge-app: (FrontBoardServices) [com.apple.FrontBoard:SceneExtension] UIMutableApplicationSceneClientSettings setting counterpart class: UIApplicationSceneClientSettings
2026-07-04 12:24:48.599052+0000 0x13aa2    Default     0x0                  28114  0    rayforge-app: (FrontBoardServices) [com.apple.FrontBoard:SceneExtension] Realizing settings extension FBSSceneTransitionContextCore on FBSSceneTransitionContext
2026-07-04 12:24:48.609082+0000 0x13a97    Default     0x0                  28114  0    rayforge-app: (UIKitCore) [com.apple.UIKit:BackgroundTask] Will add backgroundTask with taskName: Persistent SceneSession Map Update, expirationHandler: <__NSGlobalBlock__: 0x1e61729e0>
2026-07-04 12:24:48.609229+0000 0x13a97    Default     0x0                  28114  0    rayforge-app: (UIKitCore) [com.apple.UIKit:BackgroundTask] Reusing background assertion <BKSProcessAssertion: 0x600002106990>
2026-07-04 12:24:48.609252+0000 0x13a97    Default     0x0                  28114  0    rayforge-app: (UIKitCore) [com.apple.UIKit:BackgroundTask] Incrementing reference count for background assertion <BKSProcessAssertion: 0x600002106990>
2026-07-04 12:24:48.609286+0000 0x13a97    Default     0x0                  28114  0    rayforge-app: (UIKitCore) [com.apple.UIKit:BackgroundTask] Created background task <_UIBackgroundTaskInfo: 0x6000017022c0>: taskID = 2, taskName = Persistent SceneSession Map Update, creationTime = 1021 (elapsed = 0).
2026-07-04 12:24:48.609518+0000 0x13a97    Default     0x0                  28114  0    rayforge-app: (UIKitCore) [com.apple.UIKit:Application] Deactivation reason added: 5; deactivation reasons: 1024 -> 1056; animating application lifecycle event: 1
2026-07-04 12:24:48.609937+0000 0x13a97    Default     0x0                  28114  0    rayforge-app: (UIKitCore) [com.apple.UIKit:InterfaceStyle] Not push traits update to screen for new style 1, <UIWindowScene: 0x107111050> (4ADB3BF8-EEBE-41B8-8499-77D37ADD8044)
2026-07-04 12:24:48.610684+0000 0x13a97    Default     0x0                  28114  0    rayforge-app: (UIKitCore) [com.apple.UIKit:InterfaceStyle] Should send trait collection or coordinate space update, interface style 1 -> 1, <UIWindowScene: 0x107111050> (4ADB3BF8-EEBE-41B8-8499-77D37ADD8044)
2026-07-04 12:24:48.614182+0000 0x13a97    Default     0x0                  28114  0    rayforge-app: (UIKitCore) [com.apple.UIKit:InterfaceStyle] Not push traits update to screen for new style 1, <UIWindowScene: 0x107111050> (4ADB3BF8-EEBE-41B8-8499-77D37ADD8044)
2026-07-04 12:24:48.615061+0000 0x13a97    Default     0x0                  28114  0    rayforge-app: (UIKitCore) [com.apple.UIKit:HomeAffordanceObservation] Initializing: <_UIHomeAffordanceSceneNotifier: 0x6000029044d0>; with scene: <UIWindowScene: 0x107111050>
2026-07-04 12:24:48.615184+0000 0x13a97    Default     0x0                  28114  0    rayforge-app: (BacklightServices) [com.apple.BacklightServices:scenes] 0x600000c0cc00 setDelegate:<0x600000c0d410 _UIBacklightEnvironment> hasDelegate:YES for environment:sceneID:org.rayforge.app-default
2026-07-04 12:24:48.615536+0000 0x13a97    Default     0x0                  28114  0    rayforge-app: (UIKitCore) [com.apple.UIKit:InterfaceStyle] Not push traits update to screen for new style 1, <UIWindowScene: 0x107111050> (4ADB3BF8-EEBE-41B8-8499-77D37ADD8044)
2026-07-04 12:24:48.615950+0000 0x13a97    Default     0x0                  28114  1    rayforge-app: (UIKitCore) [com.apple.UIKit:EventDeferring] [0x600002904460] Initialized with scene: <UIWindowScene: 0x107111050>; behavior: <_UIEventDeferringBehavior_iOS: 0x60000021aa60>; availableForProcess: 1, systemShellManagesKeyboardFocus: 1
2026-07-04 12:24:48.616287+0000 0x13a97    Default     0x0                  28114  0    rayforge-app: (BoardServices) [com.apple.BoardServices:XPCErrors] [C:2] Alloc com.apple.backboard.hid-services.xpc
2026-07-04 12:24:48.616673+0000 0x13a97    Default     0x0                  28114  0    rayforge-app: (libxpc.dylib) [com.apple.xpc:connection] [0x10720a120] activating connection: mach=false listener=false peer=false name=(anonymous)
2026-07-04 12:24:48.618642+0000 0x13a97    Default     0x0                  28114  0    rayforge-app: (BackBoardServices) [com.apple.BackBoard:EventDelivery] policyStatus:<BKSHIDEventDeliveryPolicyObserver: 0x600002609ec0; process scope; status: target> was:none
2026-07-04 12:24:48.618926+0000 0x13a97    Default     0x0                  28114  1    rayforge-app: (UIKitCore) [com.apple.UIKit:KeyWindow] Setting default evaluation strategy for UIUserInterfaceIdiomPad to LastOneWins
2026-07-04 12:24:48.619038+0000 0x13a97    Default     0x0                  28114  1    rayforge-app: (UIKitCore) [com.apple.UIKit:KeyWindow] Scene target of keyboard event deferring environment did change: 1; scene: UIWindowScene: 0x107111050; scene identity: com.apple.frontboard.systemappservices/FBSceneManager:sceneID%3Aorg.rayforge.app-default
2026-07-04 12:24:48.619176+0000 0x13a97    Default     0x0                  28114  0    rayforge-app: (UIKitCore) [com.apple.UIKit:UIFocus] Focus system enabled
2026-07-04 12:24:48.620084+0000 0x13aa1    Default     0x0                  28114  0    rayforge-app: (BackBoardServices) [com.apple.BackBoard:EventDelivery] BKSHIDEventObserver - connection activation
2026-07-04 12:24:48.623812+0000 0x13a97    Default     0x0                  28114  0    rayforge-app: (UIKitCore) [com.apple.UIKit:UIFocus] Failed to update focus with context <UIFocusUpdateContext: 0x600003008240; previouslyFocusedItem: (nil); nextFocusedItem: (nil); focusHeading: None>. No additional info available.
2026-07-04 12:24:48.623981+0000 0x13a97    Default     0x0                  28114  0    rayforge-app: (UIKitCore) [com.apple.UIKit:InterfaceStyle] Not push traits update to screen for new style 1, <UIWindowScene: 0x107111050> (4ADB3BF8-EEBE-41B8-8499-77D37ADD8044)
2026-07-04 12:24:48.624208+0000 0x13a97    Default     0x0                  28114  1    rayforge-app: (UIKitCore) [com.apple.UIKit:EventDeferring] [0x600002904460] Scene target of event deferring environments did update: scene: 0x107111050; current systemShellManagesKeyboardFocus: 1; systemShellManagesKeyboardFocusForScene: 1; eligibleForRecordRemoval: 1;
2026-07-04 12:24:48.624327+0000 0x13a97    Default     0x0                  28114  1    rayforge-app: (UIKitCore) [com.apple.UIKit:KeyWindow] Scene became target of keyboard event deferring environment: UIWindowScene: 0x107111050; scene identity: com.apple.frontboard.systemappservices/FBSceneManager:sceneID%3Aorg.rayforge.app-default
2026-07-04 12:24:48.624374+0000 0x13a97    Default     0x0                  28114  1    rayforge-app: (UIKitCore) [com.apple.UIKit:KeyWindow] Stack[KeyWindow] 0x600000c0efa0: Taking no further action for migration from LastOneWins -> SystemShellManaged as there are no scenes
2026-07-04 12:24:48.624412+0000 0x13a97    Default     0x0                  28114  1    rayforge-app: (UIKitCore) [com.apple.UIKit:KeyWindow] Setting default evaluation strategy for UIUserInterfaceIdiomPad to SystemShellManaged
2026-07-04 12:24:48.624925+0000 0x13a97    Default     0x0                  28114  1    rayforge-app: (UIKitCore) [com.apple.UIKit:KeyWindow] Key window needs update: 0; currentKeyWindowScene: 0x0; evaluatedKeyWindowScene: 0x107111050; currentApplicationKeyWindow: 0x0; evaluatedApplicationKeyWindow: 0x0; reason: UIWindowScene: 0x107111050: Window scene became target of keyboard environment
2026-07-04 12:24:48.625180+0000 0x13a97    Default     0x0                  28114  0    rayforge-app: (UIKitCore) [com.apple.UIKit:InterfaceStyle] Not push traits update to screen for new style 1, <UIWindowScene: 0x107111050> (4ADB3BF8-EEBE-41B8-8499-77D37ADD8044)
2026-07-04 12:24:48.625507+0000 0x13a97    Default     0x0                  28114  0    rayforge-app: (UIKitCore) [com.apple.UIKit:InterfaceStyle] Not push traits update to screen for new style 1, <UIWindowScene: 0x107111050> (4ADB3BF8-EEBE-41B8-8499-77D37ADD8044)
2026-07-04 12:24:48.627247+0000 0x13a97    Fault       0x3c7c2              28114  14   rayforge-app: (UIKitCore) [com.apple.runtime-issues:UIKit App Config] `UIScene` lifecycle will soon be required. Failure to adopt will result in an assert in the future.
2026-07-04 12:24:48.627249+0000 0x13a97    Activity    0x3c7c2              28114  0    rayforge-app: (libsystem_trace.dylib) Activity for state dumps
2026-07-04 12:24:48.628380+0000 0x13a97    Default     0x0                  28114  0    rayforge-app: (UIKitCore) [com.apple.UIKit:InterfaceStyle] Not push traits update to screen for new style 1, <UIWindowScene: 0x107111050> (4ADB3BF8-EEBE-41B8-8499-77D37ADD8044)
2026-07-04 12:24:48.641860+0000 0x13a97    Default     0x0                  28114  0    rayforge-app: (UIKitCore) [com.apple.UIKit:AppLifecycle] sceneOfRecord: sceneID: sceneID:org.rayforge.app-default  persistentID: 4ADB3BF8-EEBE-41B8-8499-77D37ADD8044
2026-07-04 12:24:48.642449+0000 0x13a97    Default     0x0                  28114  0    rayforge-app: (UIKitCore) [com.apple.UIKit:Application] Ignoring already applied deactivation reason: 5; deactivation reasons: 1056
2026-07-04 12:24:48.643010+0000 0x13a97    Default     0x0                  28114  0    rayforge-app: (UIKitCore) [com.apple.UIKit:Application] Deactivation reason added: 11; deactivation reasons: 1056 -> 3104; animating application lifecycle event: 1
2026-07-04 12:24:48.644025+0000 0x13a97    Default     0x0                  28114  0    rayforge-app: (UIKitCore) [com.apple.KeyboardArbiter:Client] startConnection
2026-07-04 12:24:48.645462+0000 0x13a97    Default     0x0                  28114  0    rayforge-app: (libxpc.dylib) [com.apple.xpc:connection] [0x10710e8b0] activating connection: mach=true listener=false peer=false name=com.apple.UIKit.KeyboardManagement.hosted
2026-07-04 12:24:48.656341+0000 0x13aa2    Default     0x0                  28114  0    rayforge-app: (BoardServices) [com.apple.BoardServices:XPCErrors] [C:3] Alloc com.apple.PointerUI.pointeruid.service
2026-07-04 12:24:48.656410+0000 0x13aa2    Default     0x0                  28114  0    rayforge-app: (libxpc.dylib) [com.apple.xpc:connection] [0x106e0b130] activating connection: mach=false listener=false peer=false name=(anonymous)
2026-07-04 12:24:48.677624+0000 0x13a97    Default     0x0                  28114  0    rayforge-app: (UIKitCore) [com.apple.UIKit:PointerLockState] preferredPointerLockStatus updated: scene: <UIWindowScene: 0x107111050; role: UIWindowSceneSessionRoleApplication; persistentIdentifier: 4ADB3BF8-EEBE-41B8-8499-77D37ADD8044; activationState: UISceneActivationStateForegroundInactive>; viewController: <UIViewController: 0x106e0ad50>; preferredPointerLockStatus: _UIPointerLockStatusUnlocked
2026-07-04 12:24:48.677839+0000 0x13a97    Default     0x0                  28114  0    rayforge-app: (UIKitCore) [com.apple.UIKit:Orientation] <UIWindowScene: 0x107111050> (4ADB3BF8-EEBE-41B8-8499-77D37ADD8044) Scene updated orientation preferences: none -> ( Ll Lr )
2026-07-04 12:24:48.678146+0000 0x13a97    Default     0x0                  28114  1    rayforge-app: (UIKitCore) [com.apple.UIKit:KeyWindow] Key window API is scene-level: YES
2026-07-04 12:24:48.679181+0000 0x13a97    Default     0x0                  28114  1    rayforge-app: (UIKitCore) [com.apple.UIKit:KeyWindow] UIWindowScene: 0x107111050: Window became key in scene: UIWindow: 0x106e08a80; contextId: 0x4C60ED38: reason: UIWindowScene: 0x107111050: Window requested to become key in scene: 0x106e08a80
2026-07-04 12:24:48.679252+0000 0x13a97    Default     0x0                  28114  1    rayforge-app: (UIKitCore) [com.apple.UIKit:KeyWindow] Key window needs update: 1; currentKeyWindowScene: 0x0; evaluatedKeyWindowScene: 0x107111050; currentApplicationKeyWindow: 0x0; evaluatedApplicationKeyWindow: 0x106e08a80; reason: UIWindowScene: 0x107111050: Window requested to become key in scene: 0x106e08a80
2026-07-04 12:24:48.679365+0000 0x13a97    Default     0x0                  28114  1    rayforge-app: (UIKitCore) [com.apple.UIKit:KeyWindow] Window did become application key: UIWindow: 0x106e08a80; contextId: 0x4C60ED38; scene identity: com.apple.frontboard.systemappservices/FBSceneManager:sceneID%3Aorg.rayforge.app-default
2026-07-04 12:24:48.679570+0000 0x13a97    Default     0x0                  28114  1    rayforge-app: (UIKitCore) [com.apple.UIKit:EventDeferring] [0x600002904460] Begin local event deferring requested for token: 0x60000260c0c0; environments: 1; reason: UIWindowScene: 0x107111050: Begin event deferring in keyboardFocus for window: 0x106e08a80
2026-07-04 12:24:48.685873+0000 0x13a97    Default     0x0                  28114  0    rayforge-app: (UIKitCore) [com.apple.UIKit:KeyboardSceneDelegate] Reloading input views for key-window scene responder: <GdkIOSView: 0x106e0b4f0; frame = (0 0; 1376 1032); > force:N
2026-07-04 12:24:48.687595+0000 0x13a97    Default     0x0                  28114  0    rayforge-app: (UIKitCore) [com.apple.UIKit:KeyboardSceneDelegate] _reloadInputViewsForKeyWindowSceneResponder: 1 force: 0, fromBecomeFirstResponder: 1 (automaticKeyboard: 1, reloadIdentifier: 81018E1A-77D8-4B2A-ABD2-0C01ECB684C9)
2026-07-04 12:24:48.687663+0000 0x13a97    Default     0x0                  28114  0    rayforge-app: (UIKitCore) [com.apple.UIKit:KeyboardSceneDelegate] _inputViewsForResponder: <GdkIOSView: 0x106e0b4f0; frame = (0 0; 1376 1032); >, automaticKeyboard: 1, force: 0
2026-07-04 12:24:48.687751+0000 0x13a97    Default     0x0                  28114  0    rayforge-app: (UIKitCore) [com.apple.UIKit:KeyboardSceneDelegate] _inputViewsForResponder, found custom inputView: <(null): 0x0>, customInputViewController: <(null): 0x0>
2026-07-04 12:24:48.687773+0000 0x13a97    Default     0x0                  28114  0    rayforge-app: (UIKitCore) [com.apple.UIKit:KeyboardSceneDelegate] _inputViewsForResponder, found inputAccessoryView: <(null): 0x0>
2026-07-04 12:24:48.688164+0000 0x13a97    Default     0x0                  28114  0    rayforge-app: (UIKitCore) [com.apple.UIKit:KeyboardSceneDelegate] _inputViewsForResponder, responderRequiresKeyboard 0 (automaticKeyboardEnabled: 1, activeInstance: <(null): 0x0>, self.isOnScreen: 0, requiresKBWhenFirstResponder: 0)
2026-07-04 12:24:48.688182+0000 0x13a97    Default     0x0                  28114  0    rayforge-app: (UIKitCore) [com.apple.UIKit:KeyboardSceneDelegate] _inputViewsForResponder, useKeyboard 0 (allowsSystemInputView: 1, !inputView <(null): 0x0>, responderRequiresKeyboard 0)
2026-07-04 12:24:48.688243+0000 0x13a97    Default     0x0                  28114  0    rayforge-app: (UIKitCore) [com.apple.UIKit:KeyboardSceneDelegate] _inputViewsForResponder, configuring _responderWithoutAutomaticAppearanceEnabled: <(null): 0x0> (_automaticAppearEnabled: 1)
2026-07-04 12:24:48.688269+0000 0x13a97    Default     0x0                  28114  0    rayforge-app: (UIKitCore) [com.apple.UIKit:KeyboardSceneDelegate] _inputViewsForResponder, needsIVPlaceholder: 0, needsIAVPlaceholder: 0, needsInputSetWithPlaceholder: 0
+ test 1 = 1
+ grep -q 'RAYFORGE BOOT FAILED' app-console.log app-syslog.log
+ echo '== boot failure context:'
== boot failure context:
+ grep -B2 -A40 Traceback app-syslog.log
+ head -80
2026-07-04 12:24:53.843337+0000 0x13a97    Default     0x0                  28114  0    rayforge-app: (Python) 2026-07-04 12:24:53,843 - rayforge.image.svg.svg_fallback - WARNING - pyvips svgload_buffer not available. Using Cairo/Rsvg fallback for SVG rendering.
2026-07-04 12:24:54.305349+0000 0x13a97    Default     0x0                  28114  0    rayforge-app: (Python) RAYFORGE BOOT FAILED
2026-07-04 12:24:54.308415+0000 0x13a97    Error       0x0                  28114  0    rayforge-app: (Python) Traceback (most recent call last):
2026-07-04 12:24:54.308693+0000 0x13a97    Error       0x0                  28114  0    rayforge-app: (Python)   File "/Users/runner/Library/Developer/CoreSimulator/Devices/BDE7FEC2-4DED-4CE6-8A4A-96BF001A6AA2/data/Containers/Bundle/Application/63F92A6D-0633-491A-AD31-8E1B2196A8C7/RayforgeApp.app/python/lib/python3.13/site-packages/rayforge/image/pdf/pdf_vector.py", line 11, in <module>
2026-07-04 12:24:54.308709+0000 0x13a97    Error       0x0                  28114  0    rayforge-app: (Python)     import pymupdf
2026-07-04 12:24:54.308726+0000 0x13a97    Error       0x0                  28114  0    rayforge-app: (Python) ModuleNotFoundError: No module named 'pymupdf'
2026-07-04 12:24:54.308776+0000 0x13a97    Error       0x0                  28114  0    rayforge-app: (Python) 
2026-07-04 12:24:54.308788+0000 0x13a97    Error       0x0                  28114  0    rayforge-app: (Python) During handling of the above exception, another exception occurred:
2026-07-04 12:24:54.308794+0000 0x13a97    Error       0x0                  28114  0    rayforge-app: (Python) 
2026-07-04 12:24:54.308803+0000 0x13a97    Error       0x0                  28114  0    rayforge-app: (Python) Traceback (most recent call last):
2026-07-04 12:24:54.309554+0000 0x13a97    Error       0x0                  28114  0    rayforge-app: (Python)   File "/Users/runner/Library/Developer/CoreSimulator/Devices/BDE7FEC2-4DED-4CE6-8A4A-96BF001A6AA2/data/Containers/Bundle/Application/63F92A6D-0633-491A-AD31-8E1B2196A8C7/RayforgeApp.app/python/lib/python3.13/site-packages/ios_main.py", line 64, in main
2026-07-04 12:24:54.309566+0000 0x13a97    Error       0x0                  28114  0    rayforge-app: (Python)     rayforge.app.main()
2026-07-04 12:24:54.309572+0000 0x13a97    Error       0x0                  28114  0    rayforge-app: (Python)     ~~~~~~~~~~~~~~~~~^^
2026-07-04 12:24:54.309581+0000 0x13a97    Error       0x0                  28114  0    rayforge-app: (Python)   File "/Users/runner/Library/Developer/CoreSimulator/Devices/BDE7FEC2-4DED-4CE6-8A4A-96BF001A6AA2/data/Containers/Bundle/Application/63F92A6D-0633-491A-AD31-8E1B2196A8C7/RayforgeApp.app/python/lib/python3.13/site-packages/rayforge/app.py", line 495, in main
2026-07-04 12:24:54.309588+0000 0x13a97    Error       0x0                  28114  0    rayforge-app: (Python)     from rayforge.ui_gtk.sim3d import initialize
2026-07-04 12:24:54.309596+0000 0x13a97    Error       0x0                  28114  0    rayforge-app: (Python)   File "/Users/runner/Library/Developer/CoreSimulator/Devices/BDE7FEC2-4DED-4CE6-8A4A-96BF001A6AA2/data/Containers/Bundle/Application/63F92A6D-0633-491A-AD31-8E1B2196A8C7/RayforgeApp.app/python/lib/python3.13/site-packages/rayforge/ui_gtk/__init__.py", line 1, in <module>
2026-07-04 12:24:54.309602+0000 0x13a97    Error       0x0                  28114  0    rayforge-app: (Python)     from .canvas2d.elements.dot import DotElement
2026-07-04 12:24:54.309642+0000 0x13a97    Error       0x0                  28114  0    rayforge-app: (Python)   File "/Users/runner/Library/Developer/CoreSimulator/Devices/BDE7FEC2-4DED-4CE6-8A4A-96BF001A6AA2/data/Containers/Bundle/Application/63F92A6D-0633-491A-AD31-8E1B2196A8C7/RayforgeApp.app/python/lib/python3.13/site-packages/rayforge/ui_gtk/canvas2d/__init__.py", line 2, in <module>
2026-07-04 12:24:54.309743+0000 0x13a97    Error       0x0                  28114  0    rayforge-app: (Python)     from .surface import WorkSurface
2026-07-04 12:24:54.309856+0000 0x13a97    Error       0x0                  28114  0    rayforge-app: (Python)   File "/Users/runner/Library/Developer/CoreSimulator/Devices/BDE7FEC2-4DED-4CE6-8A4A-96BF001A6AA2/data/Containers/Bundle/Application/63F92A6D-0633-491A-AD31-8E1B2196A8C7/RayforgeApp.app/python/lib/python3.13/site-packages/rayforge/ui_gtk/canvas2d/surface.py", line 17, in <module>
2026-07-04 12:24:54.309969+0000 0x13a97    Error       0x0                  28114  0    rayforge-app: (Python)     from ...camera.controller import CameraController
2026-07-04 12:24:54.310027+0000 0x13a97    Error       0x0                  28114  0    rayforge-app: (Python)   File "/Users/runner/Library/Developer/CoreSimulator/Devices/BDE7FEC2-4DED-4CE6-8A4A-96BF001A6AA2/data/Containers/Bundle/Application/63F92A6D-0633-491A-AD31-8E1B2196A8C7/RayforgeApp.app/python/lib/python3.13/site-packages/rayforge/camera/controller.py", line 12, in <module>
2026-07-04 12:24:54.310087+0000 0x13a97    Error       0x0                  28114  0    rayforge-app: (Python)     from ..image.util.srgb import resize_linear_nd
2026-07-04 12:24:54.310286+0000 0x13a97    Error       0x0                  28114  0    rayforge-app: (Python)   File "/Users/runner/Library/Developer/CoreSimulator/Devices/BDE7FEC2-4DED-4CE6-8A4A-96BF001A6AA2/data/Containers/Bundle/Application/63F92A6D-0633-491A-AD31-8E1B2196A8C7/RayforgeApp.app/python/lib/python3.13/site-packages/rayforge/image/__init__.py", line 28, in <module>
2026-07-04 12:24:54.310343+0000 0x13a97    Error       0x0                  28114  0    rayforge-app: (Python)     from .pdf.importer import PdfImporter
2026-07-04 12:24:54.310374+0000 0x13a97    Error       0x0                  28114  0    rayforge-app: (Python)   File "/Users/runner/Library/Developer/CoreSimulator/Devices/BDE7FEC2-4DED-4CE6-8A4A-96BF001A6AA2/data/Containers/Bundle/Application/63F92A6D-0633-491A-AD31-8E1B2196A8C7/RayforgeApp.app/python/lib/python3.13/site-packages/rayforge/image/pdf/__init__.py", line 1, in <module>
2026-07-04 12:24:54.310395+0000 0x13a97    Error       0x0                  28114  0    rayforge-app: (Python)     from .importer import PdfImporter
2026-07-04 12:24:54.310609+0000 0x13a97    Error       0x0                  28114  0    rayforge-app: (Python)   File "/Users/runner/Library/Developer/CoreSimulator/Devices/BDE7FEC2-4DED-4CE6-8A4A-96BF001A6AA2/data/Containers/Bundle/Application/63F92A6D-0633-491A-AD31-8E1B2196A8C7/RayforgeApp.app/python/lib/python3.13/site-packages/rayforge/image/pdf/importer.py", line 19, in <module>
2026-07-04 12:24:54.310642+0000 0x13a97    Error       0x0                  28114  0    rayforge-app: (Python)     from .pdf_vector import PdfVectorImporter
2026-07-04 12:24:54.310672+0000 0x13a97    Error       0x0                  28114  0    rayforge-app: (Python)   File "/Users/runner/Library/Developer/CoreSimulator/Devices/BDE7FEC2-4DED-4CE6-8A4A-96BF001A6AA2/data/Containers/Bundle/Application/63F92A6D-0633-491A-AD31-8E1B2196A8C7/RayforgeApp.app/python/lib/python3.13/site-packages/rayforge/image/pdf/pdf_vector.py", line 13, in <module>
2026-07-04 12:24:54.310693+0000 0x13a97    Error       0x0                  28114  0    rayforge-app: (Python)     import fitz as pymupdf
2026-07-04 12:24:54.310740+0000 0x13a97    Error       0x0                  28114  0    rayforge-app: (Python) ModuleNotFoundError: No module named 'fitz'
2026-07-04 12:24:54.404597+0000 0x13a97    Default     0x0                  28114  1    rayforge-app: (UIKitCore) [com.apple.UIKit:EventDeferring] [0x600002904460] Scene target of event deferring environments did update: scene: 0x107111050; current systemShellManagesKeyboardFocus: 1; systemShellManagesKeyboardFocusForScene: 1; eligibleForRecordRemoval: 1;
2026-07-04 12:24:54.404692+0000 0x13a97    Default     0x0                  28114  1    rayforge-app: (UIKitCore) [com.apple.UIKit:KeyWindow] Scene became target of keyboard event deferring environment: UIWindowScene: 0x107111050; scene identity: com.apple.frontboard.systemappservices/FBSceneManager:sceneID%3Aorg.rayforge.app-default
2026-07-04 12:24:54.405256+0000 0x13a97    Default     0x0                  28114  0    rayforge-app: (UIKitCore) [com.apple.UIKit:EventBus] Event Timing Profile for Touch: not found, path="/System/Library/EventTimingProfiles/Sim.Touch.plist"
2026-07-04 12:24:54.405309+0000 0x13a97    Default     0x0                  28114  0    rayforge-app: (UIKitCore) [com.apple.UIKit:EventBus] Event Timing Profile for Pencil: not found, path="/System/Library/EventTimingProfiles/Sim.Pencil.plist"
2026-07-04 12:24:54.405535+0000 0x13a97    Default     0x0                  28114  0    rayforge-app: (UIKitCore) [com.apple.UIKit:UpdateScheduler] Target list changed: <CADisplay:LCD PurpleMain>
2026-07-04 12:24:54.406778+0000 0x13a97    Default     0x0                  28114  0    rayforge-app: (UIKitCore) [com.apple.KeyboardArbiter:Client] startConnection
2026-07-04 12:24:54.407128+0000 0x13a97    Default     0x0                  28114  0    rayforge-app: (libAccessibility.dylib) [com.apple.Accessibility:AXCommon] Read Per-App on Init: Smart invert = (null)
2026-07-04 12:24:54.407821+0000 0x13a97    Default     0x0                  28114  0    rayforge-app: (UIKitCore) [com.apple.KeyboardArbiter:Client] handleKeyboardChange: set currentKeyboard:N (wasKeyboard:N)
2026-07-04 12:24:54.412418+0000 0x13a97    Default     0x0                  28114  0    rayforge-app: (UIKitCore) [com.apple.UIKit:KeyboardArbiterClientLog] isWritingToolsHandlingKeyboardTracking:Y (WT ready:Y, Arbiter ready:Y)
2026-07-04 12:24:54.414326+0000 0x13a97    Default     0x0                  28114  0    rayforge-app: (UIKitCore) [com.apple.UIKit:AppLifecycle] sceneOfRecord: sceneID: sceneID:org.rayforge.app-default  persistentID: 4ADB3BF8-EEBE-41B8-8499-77D37ADD8044
2026-07-04 12:24:54.415198+0000 0x13a97    Default     0x0                  28114  0    rayforge-app: (UIKitCore) [com.apple.UIKit:InterfaceStyle] Not push traits update to screen for new style 1, <UIWindowScene: 0x107111050> (4ADB3BF8-EEBE-41B8-8499-77D37ADD8044)
2026-07-04 12:24:54.532293+0000 0x13a97    Default     0x0                  28114  0    rayforge-app: (UIKitCore) [com.apple.UIKit:InterfaceStyle] Not push traits update to screen for new style 1, <UIWindowScene: 0x107111050> (4ADB3BF8-EEBE-41B8-8499-77D37ADD8044)
2026-07-04 12:24:54.532965+0000 0x13a97    Default     0x0                  28114  0    rayforge-app: (UIKitCore) [com.apple.UIKit:AppLifecycle] sceneOfRecord: sceneID: sceneID:org.rayforge.app-default  persistentID: 4ADB3BF8-EEBE-41B8-8499-77D37ADD8044
2026-07-04 12:24:54.535954+0000 0x13a97    Default     0x0                  28114  0    rayforge-app: (UIKitCore) [com.apple.UIKit:Application] Deactivation reason removed: 12; deactivation reasons: 4128 -> 32; animating application lifecycle event: 1
2026-07-04 12:24:54.536072+0000 0x13a97    Default     0x0                  28114  0    rayforge-app: (UIKitCore) [com.apple.KeyboardArbiter:Client] Send setDeactivating: N (-DeactivationReason:SuspendedEventsOnly)
2026-07-04 12:24:54.536427+0000 0x13a97    Default     0x0                  28114  0    rayforge-app: (UIKitCore) [com.apple.UIKit:Application] Deactivation reason removed: 5; deactivation reasons: 32 -> 0; animating application lifecycle event: 0
2026-07-04 12:24:55.025788+0000 0x13a97    Default     0x0                  28114  0    rayforge-app: (Network) [com.apple.network:activity] <nw_activity 50:1 [F13ACE96-063B-41CA-B620-7E9524244684] (global parent) (reporting strategy default) complete (reason success)> complete with reason 2 (success), duration 7123ms
2026-07-04 12:24:55.025995+0000 0x13a97    Default     0x0                  28114  0    rayforge-app: (Network) [com.apple.network:activity] <nw_activity 50:2 [8F453CFF-BD2D-42A8-A5E6-E1623633942D] (reporting strategy default) complete (reason success)> complete with reason 2 (success), duration 7123ms
+ grep -q 'RAYFORGE UI RUNNING' app-console.log app-syslog.log
