The Meson build system
Version: 1.11.1
Source dir: /Users/runner/work/Rayforge-iOS-ipa/Rayforge-iOS-ipa/adw-src
Build dir: /Users/runner/work/Rayforge-iOS-ipa/Rayforge-iOS-ipa/adw-build
Build type: cross build
Project name: libadwaita
Project version: 1.9.1
C compiler for the host machine: /Users/runner/work/Rayforge-iOS-ipa/Rayforge-iOS-ipa/ios-cc-iphoneos.sh (clang 17.0.0 "Apple clang version 17.0.0 (clang-1700.0.13.5)")
C linker for the host machine: /Users/runner/work/Rayforge-iOS-ipa/Rayforge-iOS-ipa/ios-cc-iphoneos.sh ld64 1167.5
C compiler for the build machine: cc (clang 17.0.0 "Apple clang version 17.0.0 (clang-1700.0.13.5)")
C linker for the build machine: cc ld64 1167.5
Build machine cpu family: aarch64
Build machine cpu: aarch64
Host machine cpu family: aarch64
Host machine cpu: aarch64
Target machine cpu family: aarch64
Target machine cpu: aarch64
Found pkg-config: YES (/opt/homebrew/bin/pkg-config) 2.5.1
Run-time dependency glib-2.0 found: YES 2.84.4
Run-time dependency gio-2.0 found: YES 2.84.4
Run-time dependency gtk4 found: YES 4.22.4
Run-time dependency fribidi found: YES 1.0.16
Run-time dependency appstream found: YES 1.0.99
Program g-ir-scanner skipped: feature introspection disabled
Compiler for C supports arguments -Wcast-align: YES 
Compiler for C supports arguments -Wdate-time: YES 
Compiler for C supports arguments -Werror=format-security -Werror=format=2: YES 
Compiler for C supports arguments -Wendif-labels: YES 
Compiler for C supports arguments -Werror=incompatible-pointer-types: YES 
Compiler for C supports arguments -Werror=missing-declarations: YES 
Compiler for C supports arguments -Werror=overflow: YES 
Compiler for C supports arguments -Werror=return-type: YES 
Compiler for C supports arguments -Werror=shift-count-overflow: YES 
Compiler for C supports arguments -Werror=shift-overflow=2: NO 
Compiler for C supports arguments -Werror=implicit-fallthrough=3: NO 
Compiler for C supports arguments -Wformat-nonliteral: YES 
Compiler for C supports arguments -Wformat-security: YES 
Compiler for C supports arguments -Winit-self: YES 
Compiler for C supports arguments -Wmaybe-uninitialized: NO 
Compiler for C supports arguments -Wmissing-field-initializers: YES 
Compiler for C supports arguments -Wmissing-include-dirs: YES 
Compiler for C supports arguments -Wmissing-noreturn: YES 
Compiler for C supports arguments -Wnested-externs: YES 
Compiler for C supports arguments -Wno-missing-field-initializers: YES 
Compiler for C supports arguments -Wno-sign-compare: YES 
Compiler for C supports arguments -Wno-strict-aliasing: YES 
Compiler for C supports arguments -Wno-unused-parameter: YES 
Compiler for C supports arguments -Wold-style-definition: YES 
Compiler for C supports arguments -Wpointer-arith: YES 
Compiler for C supports arguments -Wredundant-decls: YES 
Compiler for C supports arguments -Wshadow: YES 
Compiler for C supports arguments -Wstrict-prototypes: YES 
Compiler for C supports arguments -Wswitch-default: YES 
Compiler for C supports arguments -Wswitch-enum: YES 
Compiler for C supports arguments -Wtype-limits: YES 
Compiler for C supports arguments -Wundef: YES 
Compiler for C supports arguments -Wunused-function: YES 
Compiler for C supports arguments -Wfloat-equal: YES 
Compiler for C supports arguments -fstack-protector-strong: YES 
Program sassc found: YES (/opt/homebrew/bin/sassc)
Found pkg-config: YES (/opt/homebrew/bin/pkg-config) 2.5.1
Build-time dependency gio-2.0 found: YES 2.84.4
Program /opt/homebrew/bin/glib-compile-resources found: YES (/opt/homebrew/bin/glib-compile-resources)
Dependency gio-2.0 for build machine found: YES 2.84.4 (cached)
Program /opt/homebrew/bin/glib-compile-resources found: YES (/opt/homebrew/bin/glib-compile-resources)
Configuring adw-version.h using configuration
Build-time dependency glib-2.0 found: YES 2.84.4
Program /Users/runner/work/Rayforge-iOS-ipa/Rayforge-iOS-ipa/ios-out/bin/glib-mkenums found: YES (/Users/runner/work/Rayforge-iOS-ipa/Rayforge-iOS-ipa/ios-out/bin/glib-mkenums)
Dependency glib-2.0 for build machine found: YES 2.84.4 (cached)
Program /Users/runner/work/Rayforge-iOS-ipa/Rayforge-iOS-ipa/ios-out/bin/glib-mkenums found: YES (/Users/runner/work/Rayforge-iOS-ipa/Rayforge-iOS-ipa/ios-out/bin/glib-mkenums)
Dependency glib-2.0 for build machine found: YES 2.84.4 (cached)
Program /Users/runner/work/Rayforge-iOS-ipa/Rayforge-iOS-ipa/ios-out/bin/glib-mkenums found: YES (/Users/runner/work/Rayforge-iOS-ipa/Rayforge-iOS-ipa/ios-out/bin/glib-mkenums)
Dependency glib-2.0 for build machine found: YES 2.84.4 (cached)
Program /Users/runner/work/Rayforge-iOS-ipa/Rayforge-iOS-ipa/ios-out/bin/glib-mkenums found: YES (/Users/runner/work/Rayforge-iOS-ipa/Rayforge-iOS-ipa/ios-out/bin/glib-mkenums)
Dependency glib-2.0 for build machine found: YES 2.84.4 (cached)
Program /Users/runner/work/Rayforge-iOS-ipa/Rayforge-iOS-ipa/ios-out/bin/glib-genmarshal found: YES (/Users/runner/work/Rayforge-iOS-ipa/Rayforge-iOS-ipa/ios-out/bin/glib-genmarshal)
Program gen-public-types.py found: YES (/opt/homebrew/opt/python@3.14/bin/python3.14 /Users/runner/work/Rayforge-iOS-ipa/Rayforge-iOS-ipa/adw-src/src/gen-public-types.py)
Library m found: YES
Configuring config.h using configuration
Checking if "ld_supports_version_script" links: NO 
Found pkg-config: YES (/opt/homebrew/bin/pkg-config) 2.5.1
Program msgfmt found: YES (/opt/homebrew/opt/gettext/bin/msgfmt)
Program msginit found: YES (/opt/homebrew/opt/gettext/bin/msginit)
Program msgmerge found: YES (/opt/homebrew/opt/gettext/bin/msgmerge)
Program xgettext found: YES (/opt/homebrew/opt/gettext/bin/xgettext)
Configuring run using configuration
Build targets in project: 72

libadwaita 1.9.1

  Options
    Tests          : false
    Examples       : false
    Documentation  : false
    Introspection  : false
    Vapi           : false

  User defined options
    Cross files    : /Users/runner/work/Rayforge-iOS-ipa/Rayforge-iOS-ipa/cross-pfx.txt
    buildtype      : release
    default_library: static
    documentation  : false
    examples       : false
    introspection  : disabled
    prefix         : /Users/runner/work/Rayforge-iOS-ipa/Rayforge-iOS-ipa/ios-out
    tests          : false
    vapi           : false
    wrap_mode      : nofallback

Found ninja-1.13.2 at /opt/homebrew/bin/ninja
