Gdk-Message: 08:40:38.461: gdk-ios: bundle resources at /Users/runner/Library/Developer/CoreSimulator/Devices/4F0A5BC0-C4F8-441D-8481-04E0B4327264/data/Containers/Bundle/Application/954DFA3D-672A-4123-B4E5-19F8420C4665/RayforgeApp.app
Gdk-Message: 08:40:38.606: gdk-ios: shell ready window=1032x1376 view=1032x1376 scale=2.00
Gdk-Message: 08:40:38.613: gdk-ios: VC layout view=1032x1376 screen=1032x1376
Gdk-Message: 08:40:38.638: gdk-ios: entering user main
** Message: 08:40:38.638: GI_TYPELIB_PATH: /Users/runner/Library/Developer/CoreSimulator/Devices/4F0A5BC0-C4F8-441D-8481-04E0B4327264/data/Containers/Bundle/Application/954DFA3D-672A-4123-B4E5-19F8420C4665/RayforgeApp.app/lib/girepository-1.0
** Message: 08:40:38.638: python home: /Users/runner/Library/Developer/CoreSimulator/Devices/4F0A5BC0-C4F8-441D-8481-04E0B4327264/data/Containers/Bundle/Application/954DFA3D-672A-4123-B4E5-19F8420C4665/RayforgeApp.app/python
** Message: 08:40:38.638: site-packages: /Users/runner/Library/Developer/CoreSimulator/Devices/4F0A5BC0-C4F8-441D-8481-04E0B4327264/data/Containers/Bundle/Application/954DFA3D-672A-4123-B4E5-19F8420C4665/RayforgeApp.app/python/lib/python3.13/site-packages
IOSBOOT: ios_main.main() start
IOSBOOT: import rayforge.app
IOSBOOT: rayforge.app.main()
2026-07-05 08:40:39,971 - root - INFO - Logging configured. Console level: INFO
2026-07-05 08:40:39,972 - root - INFO - Session log file: /Users/runner/Library/Developer/CoreSimulator/Devices/4F0A5BC0-C4F8-441D-8481-04E0B4327264/data/Containers/Data/Application/7A5FBEE4-DC93-4079-AC0F-A176DD8E6865/.local/state/rayforge/log/session-2026-07-05_08-40-39.log
2026-07-05 08:40:39,972 - rayforge.app - INFO - Application starting with log level INFO
2026-07-05 08:40:39,972 - rayforge.app - INFO - PyCairo version: 1.29.0
2026-07-05 08:40:42,016 - rayforge.image.svg.svg_fallback - WARNING - pyvips svgload_buffer not available. Using Cairo/Rsvg fallback for SVG rendering.
2026-07-05 08:40:43,048 - rayforge.ui_gtk.sim3d - INFO - Skipping Canvas3D import due to RAYFORGE_DISABLE_3D
2026-07-05 08:40:43,048 - rayforge.ui_gtk.sim3d - INFO - 3D canvas disabled via RAYFORGE_DISABLE_3D environment variable.
2026-07-05 08:40:43,276 - rayforge.addon_mgr.addon_manager - INFO - Scanning for addons in /Users/runner/Library/Developer/CoreSimulator/Devices/4F0A5BC0-C4F8-441D-8481-04E0B4327264/data/Containers/Bundle/Application/954DFA3D-672A-4123-B4E5-19F8420C4665/RayforgeApp.app/python/lib/python3.13/site-packages/rayforge/builtin_addons...
2026-07-05 08:40:43,285 - rayforge.addon_mgr.addon_manager - INFO - Loaded addon: core_materials (builtin)
2026-07-05 08:40:43,807 - rayforge.addon_mgr.lazy_loader - WARNING - Manifest not ready, giving up
2026-07-05 08:40:44,329 - rayforge.addon_mgr.lazy_loader - WARNING - Manifest not ready, giving up
2026-07-05 08:40:44,865 - rayforge.addon_mgr.lazy_loader - WARNING - Manifest not ready, giving up
2026-07-05 08:40:45,384 - rayforge.addon_mgr.lazy_loader - WARNING - Manifest not ready, giving up
2026-07-05 08:40:45,909 - rayforge.addon_mgr.lazy_loader - WARNING - Manifest not ready, giving up
2026-07-05 08:40:46,428 - rayforge.addon_mgr.lazy_loader - WARNING - Manifest not ready, giving up
2026-07-05 08:40:46,949 - rayforge.addon_mgr.lazy_loader - WARNING - Manifest not ready, giving up
2026-07-05 08:40:47,471 - rayforge.addon_mgr.lazy_loader - WARNING - Manifest not ready, giving up
2026-07-05 08:40:47,986 - rayforge.addon_mgr.lazy_loader - WARNING - Manifest not ready, giving up
2026-07-05 08:40:48,499 - rayforge.addon_mgr.lazy_loader - WARNING - Manifest not ready, giving up
2026-07-05 08:40:49,015 - rayforge.addon_mgr.lazy_loader - WARNING - Manifest not ready, giving up
2026-07-05 08:40:49,534 - rayforge.addon_mgr.lazy_loader - WARNING - Manifest not ready, giving up
2026-07-05 08:40:50,050 - rayforge.addon_mgr.lazy_loader - WARNING - Manifest not ready, giving up
2026-07-05 08:40:50,572 - rayforge.addon_mgr.lazy_loader - WARNING - Manifest not ready, giving up
2026-07-05 08:40:51,100 - rayforge.addon_mgr.lazy_loader - WARNING - Manifest not ready, giving up
2026-07-05 08:40:51,616 - rayforge.addon_mgr.lazy_loader - WARNING - Manifest not ready, giving up
2026-07-05 08:40:52,139 - rayforge.addon_mgr.lazy_loader - WARNING - Manifest not ready, giving up
2026-07-05 08:40:52,659 - rayforge.addon_mgr.lazy_loader - WARNING - Manifest not ready, giving up
2026-07-05 08:40:53,176 - rayforge.addon_mgr.lazy_loader - WARNING - Manifest not ready, giving up
2026-07-05 08:40:53,700 - rayforge.addon_mgr.lazy_loader - WARNING - Manifest not ready, giving up
2026-07-05 08:40:54,217 - rayforge.addon_mgr.lazy_loader - WARNING - Manifest not ready, giving up
2026-07-05 08:40:54,739 - rayforge.addon_mgr.lazy_loader - WARNING - Manifest not ready, giving up
2026-07-05 08:40:55,253 - rayforge.addon_mgr.lazy_loader - WARNING - Manifest not ready, giving up
2026-07-05 08:40:55,773 - rayforge.addon_mgr.lazy_loader - WARNING - Manifest not ready, giving up
2026-07-05 08:40:56,295 - rayforge.addon_mgr.lazy_loader - WARNING - Manifest not ready, giving up
2026-07-05 08:40:56,817 - rayforge.addon_mgr.lazy_loader - WARNING - Manifest not ready, giving up
2026-07-05 08:40:57,340 - rayforge.addon_mgr.lazy_loader - WARNING - Manifest not ready, giving up
2026-07-05 08:40:57,876 - rayforge.addon_mgr.lazy_loader - WARNING - Manifest not ready, giving up
2026-07-05 08:40:58,400 - rayforge.addon_mgr.lazy_loader - WARNING - Manifest not ready, giving up
2026-07-05 08:40:58,928 - rayforge.addon_mgr.lazy_loader - WARNING - Manifest not ready, giving up
2026-07-05 08:40:59,447 - rayforge.addon_mgr.lazy_loader - WARNING - Manifest not ready, giving up
2026-07-05 08:40:59,971 - rayforge.addon_mgr.lazy_loader - WARNING - Manifest not ready, giving up
2026-07-05 08:41:00,492 - rayforge.addon_mgr.lazy_loader - WARNING - Manifest not ready, giving up
2026-07-05 08:41:01,018 - rayforge.addon_mgr.lazy_loader - WARNING - Manifest not ready, giving up
2026-07-05 08:41:01,042 - rayforge.addon_mgr.addon_manager - INFO - Loaded addon: sketcher (builtin)
2026-07-05 08:41:01,573 - rayforge.addon_mgr.lazy_loader - WARNING - Manifest not ready, giving up
2026-07-05 08:41:02,097 - rayforge.addon_mgr.lazy_loader - WARNING - Manifest not ready, giving up
2026-07-05 08:41:02,621 - rayforge.addon_mgr.lazy_loader - WARNING - Manifest not ready, giving up
2026-07-05 08:41:03,146 - rayforge.addon_mgr.lazy_loader - WARNING - Manifest not ready, giving up
2026-07-05 08:41:03,668 - rayforge.addon_mgr.lazy_loader - WARNING - Manifest not ready, giving up
2026-07-05 08:41:04,198 - rayforge.addon_mgr.lazy_loader - WARNING - Manifest not ready, giving up
2026-07-05 08:41:04,724 - rayforge.addon_mgr.lazy_loader - WARNING - Manifest not ready, giving up
2026-07-05 08:41:05,243 - rayforge.addon_mgr.lazy_loader - WARNING - Manifest not ready, giving up
2026-07-05 08:41:05,766 - rayforge.addon_mgr.lazy_loader - WARNING - Manifest not ready, giving up
2026-07-05 08:41:06,285 - rayforge.addon_mgr.lazy_loader - WARNING - Manifest not ready, giving up
2026-07-05 08:41:06,799 - rayforge.addon_mgr.lazy_loader - WARNING - Manifest not ready, giving up
2026-07-05 08:41:07,318 - rayforge.addon_mgr.lazy_loader - WARNING - Manifest not ready, giving up
2026-07-05 08:41:07,836 - rayforge.addon_mgr.lazy_loader - WARNING - Manifest not ready, giving up
2026-07-05 08:41:08,352 - rayforge.addon_mgr.lazy_loader - WARNING - Manifest not ready, giving up
2026-07-05 08:41:08,875 - rayforge.addon_mgr.lazy_loader - WARNING - Manifest not ready, giving up
2026-07-05 08:41:09,393 - rayforge.addon_mgr.lazy_loader - WARNING - Manifest not ready, giving up
2026-07-05 08:41:09,915 - rayforge.addon_mgr.lazy_loader - WARNING - Manifest not ready, giving up
2026-07-05 08:41:10,435 - rayforge.addon_mgr.lazy_loader - WARNING - Manifest not ready, giving up
2026-07-05 08:41:10,978 - rayforge.addon_mgr.lazy_loader - WARNING - Manifest not ready, giving up
2026-07-05 08:41:11,505 - rayforge.addon_mgr.lazy_loader - WARNING - Manifest not ready, giving up
2026-07-05 08:41:12,023 - rayforge.addon_mgr.lazy_loader - WARNING - Manifest not ready, giving up
2026-07-05 08:41:12,552 - rayforge.addon_mgr.lazy_loader - WARNING - Manifest not ready, giving up
2026-07-05 08:41:13,084 - rayforge.addon_mgr.lazy_loader - WARNING - Manifest not ready, giving up
2026-07-05 08:41:13,087 - rayforge.addon_mgr.addon_manager - INFO - Loaded addon: laser_essentials (builtin)
2026-07-05 08:41:13,093 - rayforge.addon_mgr.addon_manager - INFO - Loaded addon: print_and_cut (builtin)
2026-07-05 08:41:13,613 - rayforge.addon_mgr.lazy_loader - WARNING - Manifest not ready, giving up
2026-07-05 08:41:14,132 - rayforge.addon_mgr.lazy_loader - WARNING - Manifest not ready, giving up
2026-07-05 08:41:14,651 - rayforge.addon_mgr.lazy_loader - WARNING - Manifest not ready, giving up
2026-07-05 08:41:15,167 - rayforge.addon_mgr.lazy_loader - WARNING - Manifest not ready, giving up
2026-07-05 08:41:15,687 - rayforge.addon_mgr.lazy_loader - WARNING - Manifest not ready, giving up
2026-07-05 08:41:16,208 - rayforge.addon_mgr.lazy_loader - WARNING - Manifest not ready, giving up
2026-07-05 08:41:16,729 - rayforge.addon_mgr.lazy_loader - WARNING - Manifest not ready, giving up
2026-07-05 08:41:17,250 - rayforge.addon_mgr.lazy_loader - WARNING - Manifest not ready, giving up
2026-07-05 08:41:17,770 - rayforge.addon_mgr.lazy_loader - WARNING - Manifest not ready, giving up
2026-07-05 08:41:18,297 - rayforge.addon_mgr.lazy_loader - WARNING - Manifest not ready, giving up
2026-07-05 08:41:18,814 - rayforge.addon_mgr.lazy_loader - WARNING - Manifest not ready, giving up
2026-07-05 08:41:19,335 - rayforge.addon_mgr.lazy_loader - WARNING - Manifest not ready, giving up
2026-07-05 08:41:19,858 - rayforge.addon_mgr.lazy_loader - WARNING - Manifest not ready, giving up
2026-07-05 08:41:20,372 - rayforge.addon_mgr.lazy_loader - WARNING - Manifest not ready, giving up
2026-07-05 08:41:20,891 - rayforge.addon_mgr.lazy_loader - WARNING - Manifest not ready, giving up
2026-07-05 08:41:21,411 - rayforge.addon_mgr.lazy_loader - WARNING - Manifest not ready, giving up
2026-07-05 08:41:21,939 - rayforge.addon_mgr.lazy_loader - WARNING - Manifest not ready, giving up
2026-07-05 08:41:21,944 - rayforge.addon_mgr.addon_manager - INFO - Loaded addon: post_processors (builtin)
2026-07-05 08:41:22,469 - rayforge.addon_mgr.lazy_loader - WARNING - Manifest not ready, giving up
2026-07-05 08:41:22,988 - rayforge.addon_mgr.lazy_loader - WARNING - Manifest not ready, giving up
2026-07-05 08:41:23,525 - rayforge.addon_mgr.lazy_loader - WARNING - Manifest not ready, giving up
2026-07-05 08:41:24,041 - rayforge.addon_mgr.lazy_loader - WARNING - Manifest not ready, giving up
2026-07-05 08:41:24,049 - rayforge.addon_mgr.addon_manager - INFO - Loaded addon: ai_workpiece_generator (builtin)
2026-07-05 08:41:24,606 - rayforge.addon_mgr.lazy_loader - WARNING - Manifest not ready, giving up
2026-07-05 08:41:25,125 - rayforge.addon_mgr.lazy_loader - WARNING - Manifest not ready, giving up
2026-07-05 08:41:25,644 - rayforge.addon_mgr.lazy_loader - WARNING - Manifest not ready, giving up
2026-07-05 08:41:26,166 - rayforge.addon_mgr.lazy_loader - WARNING - Manifest not ready, giving up
2026-07-05 08:41:26,689 - rayforge.addon_mgr.lazy_loader - WARNING - Manifest not ready, giving up
2026-07-05 08:41:27,212 - rayforge.addon_mgr.lazy_loader - WARNING - Manifest not ready, giving up
2026-07-05 08:41:27,814 - rayforge.addon_mgr.lazy_loader - WARNING - Manifest not ready, giving up
2026-07-05 08:41:28,334 - rayforge.addon_mgr.lazy_loader - WARNING - Manifest not ready, giving up
2026-07-05 08:41:28,864 - rayforge.addon_mgr.lazy_loader - WARNING - Manifest not ready, giving up
2026-07-05 08:41:29,389 - rayforge.addon_mgr.lazy_loader - WARNING - Manifest not ready, giving up
2026-07-05 08:41:29,912 - rayforge.addon_mgr.lazy_loader - WARNING - Manifest not ready, giving up
2026-07-05 08:41:30,438 - rayforge.addon_mgr.lazy_loader - WARNING - Manifest not ready, giving up
2026-07-05 08:41:30,950 - rayforge.addon_mgr.lazy_loader - WARNING - Manifest not ready, giving up
2026-07-05 08:41:31,464 - rayforge.addon_mgr.lazy_loader - WARNING - Manifest not ready, giving up
2026-07-05 08:41:31,989 - rayforge.addon_mgr.lazy_loader - WARNING - Manifest not ready, giving up
2026-07-05 08:41:32,511 - rayforge.addon_mgr.lazy_loader - WARNING - Manifest not ready, giving up
2026-07-05 08:41:33,031 - rayforge.addon_mgr.lazy_loader - WARNING - Manifest not ready, giving up
2026-07-05 08:41:33,548 - rayforge.addon_mgr.lazy_loader - WARNING - Manifest not ready, giving up
2026-07-05 08:41:34,064 - rayforge.addon_mgr.lazy_loader - WARNING - Manifest not ready, giving up
2026-07-05 08:41:34,585 - rayforge.addon_mgr.lazy_loader - WARNING - Manifest not ready, giving up
2026-07-05 08:41:35,109 - rayforge.addon_mgr.lazy_loader - WARNING - Manifest not ready, giving up
2026-07-05 08:41:35,625 - rayforge.addon_mgr.lazy_loader - WARNING - Manifest not ready, giving up
2026-07-05 08:41:36,146 - rayforge.addon_mgr.lazy_loader - WARNING - Manifest not ready, giving up
2026-07-05 08:41:36,674 - rayforge.addon_mgr.lazy_loader - WARNING - Manifest not ready, giving up
2026-07-05 08:41:37,194 - rayforge.addon_mgr.lazy_loader - WARNING - Manifest not ready, giving up
2026-07-05 08:41:37,709 - rayforge.addon_mgr.lazy_loader - WARNING - Manifest not ready, giving up
2026-07-05 08:41:38,228 - rayforge.addon_mgr.lazy_loader - WARNING - Manifest not ready, giving up
2026-07-05 08:41:38,742 - rayforge.addon_mgr.lazy_loader - WARNING - Manifest not ready, giving up
2026-07-05 08:41:39,263 - rayforge.addon_mgr.lazy_loader - WARNING - Manifest not ready, giving up
2026-07-05 08:41:39,784 - rayforge.addon_mgr.lazy_loader - WARNING - Manifest not ready, giving up
2026-07-05 08:41:40,307 - rayforge.addon_mgr.lazy_loader - WARNING - Manifest not ready, giving up
2026-07-05 08:41:40,829 - rayforge.addon_mgr.lazy_loader - WARNING - Manifest not ready, giving up
2026-07-05 08:41:41,350 - rayforge.addon_mgr.lazy_loader - WARNING - Manifest not ready, giving up
2026-07-05 08:41:41,870 - rayforge.addon_mgr.lazy_loader - WARNING - Manifest not ready, giving up
2026-07-05 08:41:42,390 - rayforge.addon_mgr.lazy_loader - WARNING - Manifest not ready, giving up
2026-07-05 08:41:42,911 - rayforge.addon_mgr.lazy_loader - WARNING - Manifest not ready, giving up
2026-07-05 08:41:43,428 - rayforge.addon_mgr.lazy_loader - WARNING - Manifest not ready, giving up
2026-07-05 08:41:43,951 - rayforge.addon_mgr.lazy_loader - WARNING - Manifest not ready, giving up
2026-07-05 08:41:44,471 - rayforge.addon_mgr.lazy_loader - WARNING - Manifest not ready, giving up
2026-07-05 08:41:44,993 - rayforge.addon_mgr.lazy_loader - WARNING - Manifest not ready, giving up
2026-07-05 08:41:45,517 - rayforge.addon_mgr.lazy_loader - WARNING - Manifest not ready, giving up
2026-07-05 08:41:46,041 - rayforge.addon_mgr.lazy_loader - WARNING - Manifest not ready, giving up
2026-07-05 08:41:46,561 - rayforge.addon_mgr.lazy_loader - WARNING - Manifest not ready, giving up
2026-07-05 08:41:47,081 - rayforge.addon_mgr.lazy_loader - WARNING - Manifest not ready, giving up
2026-07-05 08:41:47,601 - rayforge.addon_mgr.lazy_loader - WARNING - Manifest not ready, giving up
2026-07-05 08:41:48,126 - rayforge.addon_mgr.lazy_loader - WARNING - Manifest not ready, giving up
2026-07-05 08:41:48,650 - rayforge.addon_mgr.lazy_loader - WARNING - Manifest not ready, giving up
2026-07-05 08:41:49,165 - rayforge.addon_mgr.lazy_loader - WARNING - Manifest not ready, giving up
2026-07-05 08:41:49,685 - rayforge.addon_mgr.lazy_loader - WARNING - Manifest not ready, giving up
2026-07-05 08:41:50,203 - rayforge.addon_mgr.lazy_loader - WARNING - Manifest not ready, giving up
2026-07-05 08:41:50,719 - rayforge.addon_mgr.lazy_loader - WARNING - Manifest not ready, giving up
2026-07-05 08:41:51,235 - rayforge.addon_mgr.lazy_loader - WARNING - Manifest not ready, giving up
2026-07-05 08:41:51,751 - rayforge.addon_mgr.lazy_loader - WARNING - Manifest not ready, giving up
2026-07-05 08:41:52,270 - rayforge.addon_mgr.lazy_loader - WARNING - Manifest not ready, giving up
2026-07-05 08:41:52,791 - rayforge.addon_mgr.lazy_loader - WARNING - Manifest not ready, giving up
2026-07-05 08:41:53,309 - rayforge.addon_mgr.lazy_loader - WARNING - Manifest not ready, giving up
2026-07-05 08:41:53,830 - rayforge.addon_mgr.lazy_loader - WARNING - Manifest not ready, giving up
2026-07-05 08:41:54,345 - rayforge.addon_mgr.lazy_loader - WARNING - Manifest not ready, giving up
2026-07-05 08:41:54,862 - rayforge.addon_mgr.lazy_loader - WARNING - Manifest not ready, giving up
2026-07-05 08:41:55,374 - rayforge.addon_mgr.lazy_loader - WARNING - Manifest not ready, giving up
2026-07-05 08:41:55,893 - rayforge.addon_mgr.lazy_loader - WARNING - Manifest not ready, giving up
2026-07-05 08:41:56,414 - rayforge.addon_mgr.lazy_loader - WARNING - Manifest not ready, giving up
2026-07-05 08:41:56,935 - rayforge.addon_mgr.lazy_loader - WARNING - Manifest not ready, giving up
2026-07-05 08:41:57,451 - rayforge.addon_mgr.lazy_loader - WARNING - Manifest not ready, giving up
2026-07-05 08:41:57,971 - rayforge.addon_mgr.lazy_loader - WARNING - Manifest not ready, giving up
2026-07-05 08:41:58,489 - rayforge.addon_mgr.lazy_loader - WARNING - Manifest not ready, giving up
2026-07-05 08:41:59,010 - rayforge.addon_mgr.lazy_loader - WARNING - Manifest not ready, giving up
2026-07-05 08:41:59,529 - rayforge.addon_mgr.lazy_loader - WARNING - Manifest not ready, giving up
2026-07-05 08:42:00,050 - rayforge.addon_mgr.lazy_loader - WARNING - Manifest not ready, giving up
2026-07-05 08:42:00,575 - rayforge.addon_mgr.lazy_loader - WARNING - Manifest not ready, giving up
2026-07-05 08:42:01,096 - rayforge.addon_mgr.lazy_loader - WARNING - Manifest not ready, giving up
2026-07-05 08:42:01,617 - rayforge.addon_mgr.lazy_loader - WARNING - Manifest not ready, giving up
2026-07-05 08:42:02,141 - rayforge.addon_mgr.lazy_loader - WARNING - Manifest not ready, giving up
2026-07-05 08:42:02,661 - rayforge.addon_mgr.lazy_loader - WARNING - Manifest not ready, giving up
2026-07-05 08:42:03,177 - rayforge.addon_mgr.lazy_loader - WARNING - Manifest not ready, giving up
2026-07-05 08:42:03,705 - rayforge.addon_mgr.lazy_loader - WARNING - Manifest not ready, giving up
2026-07-05 08:42:04,230 - rayforge.addon_mgr.lazy_loader - WARNING - Manifest not ready, giving up
2026-07-05 08:42:04,761 - rayforge.addon_mgr.lazy_loader - WARNING - Manifest not ready, giving up
2026-07-05 08:42:05,292 - rayforge.addon_mgr.lazy_loader - WARNING - Manifest not ready, giving up
2026-07-05 08:42:05,811 - rayforge.addon_mgr.lazy_loader - WARNING - Manifest not ready, giving up
2026-07-05 08:42:06,326 - rayforge.addon_mgr.lazy_loader - WARNING - Manifest not ready, giving up
2026-07-05 08:42:06,841 - rayforge.addon_mgr.lazy_loader - WARNING - Manifest not ready, giving up
2026-07-05 08:42:07,361 - rayforge.addon_mgr.lazy_loader - WARNING - Manifest not ready, giving up
2026-07-05 08:42:07,873 - rayforge.addon_mgr.lazy_loader - WARNING - Manifest not ready, giving up
2026-07-05 08:42:08,391 - rayforge.addon_mgr.lazy_loader - WARNING - Manifest not ready, giving up
2026-07-05 08:42:08,400 - rayforge.context - INFO - Addons loaded (headless=False)
IOSBOOT: _ios_run: register()
IOSBOOT: _ios_run: activate()
2026-07-05 08:42:09,485 - rayforge.context - INFO - Lazy loading config manager
2026-07-05 08:42:09,492 - rayforge.context - INFO - Lazy loading machine manager
2026-07-05 08:42:09,504 - rayforge.core.config - INFO - Config file does not exist, creating default config.
2026-07-05 08:42:09,633 - rayforge.context - INFO - Lazy loading camera manager
2026-07-05 08:42:09,766 - rayforge.worker_init - ERROR - Failed to load enabled worker module 'rayforge_addons.core_materials.core_materials.worker': Plugin name already registered: rayforge_addons.core_materials.core_materials.worker=<module 'rayforge_addons.core_materials.core_materials.worker' from '/Users/runner/Library/Developer/CoreSimulator/Devices/4F0A5BC0-C4F8-441D-8481-04E0B4327264/data/Containers/Bundle/Application/954DFA3D-672A-4123-B4E5-19F8420C4665/RayforgeApp.app/python/lib/python3.13/site-packages/rayforge/builtin_addons/rayforge-addon-materials/core_materials/worker.py'>
{'rayforge_addons.core_materials.core_materials.worker': <module 'rayforge_addons.core_materials.core_materials.worker' from '/Users/runner/Library/Developer/CoreSimulator/Devices/4F0A5BC0-C4F8-441D-8481-04E0B4327264/data/Containers/Bundle/Application/954DFA3D-672A-4123-B4E5-19F8420C4665/RayforgeApp.app/python/lib/python3.13/site-packages/rayforge/builtin_addons/rayforge-addon-materials/core_materials/worker.py'>, 'rayforge_addons.sketcher.sketcher.worker': <module 'rayforge_addons.sketcher.sketcher.worker' from '/Users/runner/Library/Developer/CoreSimulator/Devices/4F0A5BC0-C4F8-441D-8481-04E0B4327264/data/Containers/Bundle/Application/954DFA3D-672A-4123-B4E5-19F8420C4665/RayforgeApp.app/python/lib/python3.13/site-packages/rayforge/builtin_addons/rayforge-addon-sketcher/sketcher/worker.py'>, 'rayforge_addons.sketcher.sketcher.frontend': <module 'rayforge_addons.sketcher.sketcher.frontend' from '/Users/runner/Library/Developer/CoreSimulator/Devices/4F0A5BC0-C4F8-441D-8481-04E0B4327264/data/Containers/Bundle/Application/954DFA3D-672A-4123-B4E5-19F8420C4665/RayforgeApp.app/python/lib/python3.13/site-packages/rayforge/builtin_addons/rayforge-addon-sketcher/sketcher/frontend.py'>, 'rayforge_addons.laser_essentials.laser_essentials.worker': <module 'rayforge_addons.laser_essentials.laser_essentials.worker' from '/Users/runner/Library/Developer/CoreSimulator/Devices/4F0A5BC0-C4F8-441D-8481-04E0B4327264/data/Containers/Bundle/Application/954DFA3D-672A-4123-B4E5-19F8420C4665/RayforgeApp.app/python/lib/python3.13/site-packages/rayforge/builtin_addons/rayforge-addon-laser/laser_essentials/worker.py'>, 'rayforge_addons.laser_essentials.laser_essentials.frontend': <module 'rayforge_addons.laser_essentials.laser_essentials.frontend' from '/Users/runner/Library/Developer/CoreSimulator/Devices/4F0A5BC0-C4F8-441D-8481-04E0B4327264/data/Containers/Bundle/Application/954DFA3D-672A-4123-B4E5-19F8420C4665/RayforgeApp.app/python/lib/python3.13/site-packages/rayforge/builtin_addons/rayforge-addon-laser/laser_essentials/frontend.py'>, 'rayforge_addons.print_and_cut.print_and_cut.frontend': <module 'rayforge_addons.print_and_cut.print_and_cut.frontend' from '/Users/runner/Library/Developer/CoreSimulator/Devices/4F0A5BC0-C4F8-441D-8481-04E0B4327264/data/Containers/Bundle/Application/954DFA3D-672A-4123-B4E5-19F8420C4665/RayforgeApp.app/python/lib/python3.13/site-packages/rayforge/builtin_addons/rayforge-addon-print-and-cut/print_and_cut/frontend.py'>, 'rayforge_addons.post_processors.post_processors.worker': <module 'rayforge_addons.post_processors.post_processors.worker' from '/Users/runner/Library/Developer/CoreSimulator/Devices/4F0A5BC0-C4F8-441D-8481-04E0B4327264/data/Containers/Bundle/Application/954DFA3D-672A-4123-B4E5-19F8420C4665/RayforgeApp.app/python/lib/python3.13/site-packages/rayforge/builtin_addons/rayforge-addon-post/post_processors/worker.py'>, 'rayforge_addons.post_processors.post_processors.frontend': <module 'rayforge_addons.post_processors.post_processors.frontend' from '/Users/runner/Library/Developer/CoreSimulator/Devices/4F0A5BC0-C4F8-441D-8481-04E0B4327264/data/Containers/Bundle/Application/954DFA3D-672A-4123-B4E5-19F8420C4665/RayforgeApp.app/python/lib/python3.13/site-packages/rayforge/builtin_addons/rayforge-addon-post/post_processors/frontend.py'>, 'rayforge_addons.ai_workpiece_generator.ai_workpiece_generator.frontend': <module 'rayforge_addons.ai_workpiece_generator.ai_workpiece_generator.frontend' from '/Users/runner/Library/Developer/CoreSimulator/Devices/4F0A5BC0-C4F8-441D-8481-04E0B4327264/data/Containers/Bundle/Application/954DFA3D-672A-4123-B4E5-19F8420C4665/RayforgeApp.app/python/lib/python3.13/site-packages/rayforge/builtin_addons/rayforge-addon-ai-workpiece/ai_workpiece_generator/frontend.py'>}
2026-07-05 08:42:09,767 - rayforge.worker_init - ERROR - Failed to load enabled worker module 'rayforge_addons.sketcher.sketcher.worker': Plugin name already registered: rayforge_addons.sketcher.sketcher.worker=<module 'rayforge_addons.sketcher.sketcher.worker' from '/Users/runner/Library/Developer/CoreSimulator/Devices/4F0A5BC0-C4F8-441D-8481-04E0B4327264/data/Containers/Bundle/Application/954DFA3D-672A-4123-B4E5-19F8420C4665/RayforgeApp.app/python/lib/python3.13/site-packages/rayforge/builtin_addons/rayforge-addon-sketcher/sketcher/worker.py'>
{'rayforge_addons.core_materials.core_materials.worker': <module 'rayforge_addons.core_materials.core_materials.worker' from '/Users/runner/Library/Developer/CoreSimulator/Devices/4F0A5BC0-C4F8-441D-8481-04E0B4327264/data/Containers/Bundle/Application/954DFA3D-672A-4123-B4E5-19F8420C4665/RayforgeApp.app/python/lib/python3.13/site-packages/rayforge/builtin_addons/rayforge-addon-materials/core_materials/worker.py'>, 'rayforge_addons.sketcher.sketcher.worker': <module 'rayforge_addons.sketcher.sketcher.worker' from '/Users/runner/Library/Developer/CoreSimulator/Devices/4F0A5BC0-C4F8-441D-8481-04E0B4327264/data/Containers/Bundle/Application/954DFA3D-672A-4123-B4E5-19F8420C4665/RayforgeApp.app/python/lib/python3.13/site-packages/rayforge/builtin_addons/rayforge-addon-sketcher/sketcher/worker.py'>, 'rayforge_addons.sketcher.sketcher.frontend': <module 'rayforge_addons.sketcher.sketcher.frontend' from '/Users/runner/Library/Developer/CoreSimulator/Devices/4F0A5BC0-C4F8-441D-8481-04E0B4327264/data/Containers/Bundle/Application/954DFA3D-672A-4123-B4E5-19F8420C4665/RayforgeApp.app/python/lib/python3.13/site-packages/rayforge/builtin_addons/rayforge-addon-sketcher/sketcher/frontend.py'>, 'rayforge_addons.laser_essentials.laser_essentials.worker': <module 'rayforge_addons.laser_essentials.laser_essentials.worker' from '/Users/runner/Library/Developer/CoreSimulator/Devices/4F0A5BC0-C4F8-441D-8481-04E0B4327264/data/Containers/Bundle/Application/954DFA3D-672A-4123-B4E5-19F8420C4665/RayforgeApp.app/python/lib/python3.13/site-packages/rayforge/builtin_addons/rayforge-addon-laser/laser_essentials/worker.py'>, 'rayforge_addons.laser_essentials.laser_essentials.frontend': <module 'rayforge_addons.laser_essentials.laser_essentials.frontend' from '/Users/runner/Library/Developer/CoreSimulator/Devices/4F0A5BC0-C4F8-441D-8481-04E0B4327264/data/Containers/Bundle/Application/954DFA3D-672A-4123-B4E5-19F8420C4665/RayforgeApp.app/python/lib/python3.13/site-packages/rayforge/builtin_addons/rayforge-addon-laser/laser_essentials/frontend.py'>, 'rayforge_addons.print_and_cut.print_and_cut.frontend': <module 'rayforge_addons.print_and_cut.print_and_cut.frontend' from '/Users/runner/Library/Developer/CoreSimulator/Devices/4F0A5BC0-C4F8-441D-8481-04E0B4327264/data/Containers/Bundle/Application/954DFA3D-672A-4123-B4E5-19F8420C4665/RayforgeApp.app/python/lib/python3.13/site-packages/rayforge/builtin_addons/rayforge-addon-print-and-cut/print_and_cut/frontend.py'>, 'rayforge_addons.post_processors.post_processors.worker': <module 'rayforge_addons.post_processors.post_processors.worker' from '/Users/runner/Library/Developer/CoreSimulator/Devices/4F0A5BC0-C4F8-441D-8481-04E0B4327264/data/Containers/Bundle/Application/954DFA3D-672A-4123-B4E5-19F8420C4665/RayforgeApp.app/python/lib/python3.13/site-packages/rayforge/builtin_addons/rayforge-addon-post/post_processors/worker.py'>, 'rayforge_addons.post_processors.post_processors.frontend': <module 'rayforge_addons.post_processors.post_processors.frontend' from '/Users/runner/Library/Developer/CoreSimulator/Devices/4F0A5BC0-C4F8-441D-8481-04E0B4327264/data/Containers/Bundle/Application/954DFA3D-672A-4123-B4E5-19F8420C4665/RayforgeApp.app/python/lib/python3.13/site-packages/rayforge/builtin_addons/rayforge-addon-post/post_processors/frontend.py'>, 'rayforge_addons.ai_workpiece_generator.ai_workpiece_generator.frontend': <module 'rayforge_addons.ai_workpiece_generator.ai_workpiece_generator.frontend' from '/Users/runner/Library/Developer/CoreSimulator/Devices/4F0A5BC0-C4F8-441D-8481-04E0B4327264/data/Containers/Bundle/Application/954DFA3D-672A-4123-B4E5-19F8420C4665/RayforgeApp.app/python/lib/python3.13/site-packages/rayforge/builtin_addons/rayforge-addon-ai-workpiece/ai_workpiece_generator/frontend.py'>}
2026-07-05 08:42:09,767 - rayforge.worker_init - ERROR - Failed to load enabled worker module 'rayforge_addons.laser_essentials.laser_essentials.worker': Plugin name already registered: rayforge_addons.laser_essentials.laser_essentials.worker=<module 'rayforge_addons.laser_essentials.laser_essentials.worker' from '/Users/runner/Library/Developer/CoreSimulator/Devices/4F0A5BC0-C4F8-441D-8481-04E0B4327264/data/Containers/Bundle/Application/954DFA3D-672A-4123-B4E5-19F8420C4665/RayforgeApp.app/python/lib/python3.13/site-packages/rayforge/builtin_addons/rayforge-addon-laser/laser_essentials/worker.py'>
{'rayforge_addons.core_materials.core_materials.worker': <module 'rayforge_addons.core_materials.core_materials.worker' from '/Users/runner/Library/Developer/CoreSimulator/Devices/4F0A5BC0-C4F8-441D-8481-04E0B4327264/data/Containers/Bundle/Application/954DFA3D-672A-4123-B4E5-19F8420C4665/RayforgeApp.app/python/lib/python3.13/site-packages/rayforge/builtin_addons/rayforge-addon-materials/core_materials/worker.py'>, 'rayforge_addons.sketcher.sketcher.worker': <module 'rayforge_addons.sketcher.sketcher.worker' from '/Users/runner/Library/Developer/CoreSimulator/Devices/4F0A5BC0-C4F8-441D-8481-04E0B4327264/data/Containers/Bundle/Application/954DFA3D-672A-4123-B4E5-19F8420C4665/RayforgeApp.app/python/lib/python3.13/site-packages/rayforge/builtin_addons/rayforge-addon-sketcher/sketcher/worker.py'>, 'rayforge_addons.sketcher.sketcher.frontend': <module 'rayforge_addons.sketcher.sketcher.frontend' from '/Users/runner/Library/Developer/CoreSimulator/Devices/4F0A5BC0-C4F8-441D-8481-04E0B4327264/data/Containers/Bundle/Application/954DFA3D-672A-4123-B4E5-19F8420C4665/RayforgeApp.app/python/lib/python3.13/site-packages/rayforge/builtin_addons/rayforge-addon-sketcher/sketcher/frontend.py'>, 'rayforge_addons.laser_essentials.laser_essentials.worker': <module 'rayforge_addons.laser_essentials.laser_essentials.worker' from '/Users/runner/Library/Developer/CoreSimulator/Devices/4F0A5BC0-C4F8-441D-8481-04E0B4327264/data/Containers/Bundle/Application/954DFA3D-672A-4123-B4E5-19F8420C4665/RayforgeApp.app/python/lib/python3.13/site-packages/rayforge/builtin_addons/rayforge-addon-laser/laser_essentials/worker.py'>, 'rayforge_addons.laser_essentials.laser_essentials.frontend': <module 'rayforge_addons.laser_essentials.laser_essentials.frontend' from '/Users/runner/Library/Developer/CoreSimulator/Devices/4F0A5BC0-C4F8-441D-8481-04E0B4327264/data/Containers/Bundle/Application/954DFA3D-672A-4123-B4E5-19F8420C4665/RayforgeApp.app/python/lib/python3.13/site-packages/rayforge/builtin_addons/rayforge-addon-laser/laser_essentials/frontend.py'>, 'rayforge_addons.print_and_cut.print_and_cut.frontend': <module 'rayforge_addons.print_and_cut.print_and_cut.frontend' from '/Users/runner/Library/Developer/CoreSimulator/Devices/4F0A5BC0-C4F8-441D-8481-04E0B4327264/data/Containers/Bundle/Application/954DFA3D-672A-4123-B4E5-19F8420C4665/RayforgeApp.app/python/lib/python3.13/site-packages/rayforge/builtin_addons/rayforge-addon-print-and-cut/print_and_cut/frontend.py'>, 'rayforge_addons.post_processors.post_processors.worker': <module 'rayforge_addons.post_processors.post_processors.worker' from '/Users/runner/Library/Developer/CoreSimulator/Devices/4F0A5BC0-C4F8-441D-8481-04E0B4327264/data/Containers/Bundle/Application/954DFA3D-672A-4123-B4E5-19F8420C4665/RayforgeApp.app/python/lib/python3.13/site-packages/rayforge/builtin_addons/rayforge-addon-post/post_processors/worker.py'>, 'rayforge_addons.post_processors.post_processors.frontend': <module 'rayforge_addons.post_processors.post_processors.frontend' from '/Users/runner/Library/Developer/CoreSimulator/Devices/4F0A5BC0-C4F8-441D-8481-04E0B4327264/data/Containers/Bundle/Application/954DFA3D-672A-4123-B4E5-19F8420C4665/RayforgeApp.app/python/lib/python3.13/site-packages/rayforge/builtin_addons/rayforge-addon-post/post_processors/frontend.py'>, 'rayforge_addons.ai_workpiece_generator.ai_workpiece_generator.frontend': <module 'rayforge_addons.ai_workpiece_generator.ai_workpiece_generator.frontend' from '/Users/runner/Library/Developer/CoreSimulator/Devices/4F0A5BC0-C4F8-441D-8481-04E0B4327264/data/Containers/Bundle/Application/954DFA3D-672A-4123-B4E5-19F8420C4665/RayforgeApp.app/python/lib/python3.13/site-packages/rayforge/builtin_addons/rayforge-addon-ai-workpiece/ai_workpiece_generator/frontend.py'>}
2026-07-05 08:42:09,767 - rayforge.worker_init - ERROR - Failed to load enabled worker module 'rayforge_addons.post_processors.post_processors.worker': Plugin name already registered: rayforge_addons.post_processors.post_processors.worker=<module 'rayforge_addons.post_processors.post_processors.worker' from '/Users/runner/Library/Developer/CoreSimulator/Devices/4F0A5BC0-C4F8-441D-8481-04E0B4327264/data/Containers/Bundle/Application/954DFA3D-672A-4123-B4E5-19F8420C4665/RayforgeApp.app/python/lib/python3.13/site-packages/rayforge/builtin_addons/rayforge-addon-post/post_processors/worker.py'>
{'rayforge_addons.core_materials.core_materials.worker': <module 'rayforge_addons.core_materials.core_materials.worker' from '/Users/runner/Library/Developer/CoreSimulator/Devices/4F0A5BC0-C4F8-441D-8481-04E0B4327264/data/Containers/Bundle/Application/954DFA3D-672A-4123-B4E5-19F8420C4665/RayforgeApp.app/python/lib/python3.13/site-packages/rayforge/builtin_addons/rayforge-addon-materials/core_materials/worker.py'>, 'rayforge_addons.sketcher.sketcher.worker': <module 'rayforge_addons.sketcher.sketcher.worker' from '/Users/runner/Library/Developer/CoreSimulator/Devices/4F0A5BC0-C4F8-441D-8481-04E0B4327264/data/Containers/Bundle/Application/954DFA3D-672A-4123-B4E5-19F8420C4665/RayforgeApp.app/python/lib/python3.13/site-packages/rayforge/builtin_addons/rayforge-addon-sketcher/sketcher/worker.py'>, 'rayforge_addons.sketcher.sketcher.frontend': <module 'rayforge_addons.sketcher.sketcher.frontend' from '/Users/runner/Library/Developer/CoreSimulator/Devices/4F0A5BC0-C4F8-441D-8481-04E0B4327264/data/Containers/Bundle/Application/954DFA3D-672A-4123-B4E5-19F8420C4665/RayforgeApp.app/python/lib/python3.13/site-packages/rayforge/builtin_addons/rayforge-addon-sketcher/sketcher/frontend.py'>, 'rayforge_addons.laser_essentials.laser_essentials.worker': <module 'rayforge_addons.laser_essentials.laser_essentials.worker' from '/Users/runner/Library/Developer/CoreSimulator/Devices/4F0A5BC0-C4F8-441D-8481-04E0B4327264/data/Containers/Bundle/Application/954DFA3D-672A-4123-B4E5-19F8420C4665/RayforgeApp.app/python/lib/python3.13/site-packages/rayforge/builtin_addons/rayforge-addon-laser/laser_essentials/worker.py'>, 'rayforge_addons.laser_essentials.laser_essentials.frontend': <module 'rayforge_addons.laser_essentials.laser_essentials.frontend' from '/Users/runner/Library/Developer/CoreSimulator/Devices/4F0A5BC0-C4F8-441D-8481-04E0B4327264/data/Containers/Bundle/Application/954DFA3D-672A-4123-B4E5-19F8420C4665/RayforgeApp.app/python/lib/python3.13/site-packages/rayforge/builtin_addons/rayforge-addon-laser/laser_essentials/frontend.py'>, 'rayforge_addons.print_and_cut.print_and_cut.frontend': <module 'rayforge_addons.print_and_cut.print_and_cut.frontend' from '/Users/runner/Library/Developer/CoreSimulator/Devices/4F0A5BC0-C4F8-441D-8481-04E0B4327264/data/Containers/Bundle/Application/954DFA3D-672A-4123-B4E5-19F8420C4665/RayforgeApp.app/python/lib/python3.13/site-packages/rayforge/builtin_addons/rayforge-addon-print-and-cut/print_and_cut/frontend.py'>, 'rayforge_addons.post_processors.post_processors.worker': <module 'rayforge_addons.post_processors.post_processors.worker' from '/Users/runner/Library/Developer/CoreSimulator/Devices/4F0A5BC0-C4F8-441D-8481-04E0B4327264/data/Containers/Bundle/Application/954DFA3D-672A-4123-B4E5-19F8420C4665/RayforgeApp.app/python/lib/python3.13/site-packages/rayforge/builtin_addons/rayforge-addon-post/post_processors/worker.py'>, 'rayforge_addons.post_processors.post_processors.frontend': <module 'rayforge_addons.post_processors.post_processors.frontend' from '/Users/runner/Library/Developer/CoreSimulator/Devices/4F0A5BC0-C4F8-441D-8481-04E0B4327264/data/Containers/Bundle/Application/954DFA3D-672A-4123-B4E5-19F8420C4665/RayforgeApp.app/python/lib/python3.13/site-packages/rayforge/builtin_addons/rayforge-addon-post/post_processors/frontend.py'>, 'rayforge_addons.ai_workpiece_generator.ai_workpiece_generator.frontend': <module 'rayforge_addons.ai_workpiece_generator.ai_workpiece_generator.frontend' from '/Users/runner/Library/Developer/CoreSimulator/Devices/4F0A5BC0-C4F8-441D-8481-04E0B4327264/data/Containers/Bundle/Application/954DFA3D-672A-4123-B4E5-19F8420C4665/RayforgeApp.app/python/lib/python3.13/site-packages/rayforge/builtin_addons/rayforge-addon-ai-workpiece/ai_workpiece_generator/frontend.py'>}
2026-07-05 08:42:09,773 - rayforge.context - INFO - Lazy loading recipe manager
2026-07-05 08:42:09,774 - rayforge.core.recipe_manager - INFO - Loaded 0 recipes.
2026-07-05 08:42:09,778 - rayforge.doceditor.step_cmd - INFO - Added default 'Contour' step to layer 'Layer 1'.
Gdk-Message: 08:42:09.952: gdk-ios: toplevel_present shell_bounds=1032x1376
Fontconfig warning: using without calling FcInit()
Gdk-Message: 08:42:10.067: gdk-ios: attach_layer surface=0x1110d8590 layer=0x600000ca3e70 root=0x600000c16cd0 root.bounds=1032x1376 root.sublayers=1 scale=2.00
Gdk-Message: 08:42:10.067: gdk-ios: apply_frame surface=0x1110d8590 req=(0,0,1032x1376) layer.frame=(0,0,1032x1376)
Gdk-Message: 08:42:10.069: gdk-ios: toplevel_present shell_bounds=1032x1376
Gdk-Message: 08:42:10.069: gdk-ios: apply_frame surface=0x1110d8590 req=(0,0,1032x1376) layer.frame=(0,0,1032x1376)
Gdk-Message: 08:42:10.070: gdk-ios: toplevel_present shell_bounds=1032x1376
Gdk-Message: 08:42:10.078: gdk-ios: attach_layer surface=0x112932830 layer=0x600000cbe760 root=0x600000c16cd0 root.bounds=1032x1376 root.sublayers=2 scale=2.00
Gdk-Message: 08:42:10.078: gdk-ios: apply_frame surface=0x112932830 req=(0,0,1032x1376) layer.frame=(0,0,1032x1376)
Gdk-Message: 08:42:10.078: gdk-ios: toplevel_present shell_bounds=1032x1376
Gdk-Message: 08:42:10.079: gdk-ios: apply_frame surface=0x112932830 req=(0,0,1032x1376) layer.frame=(0,0,1032x1376)
2026-07-05 08:42:10,080 - rayforge.addon_mgr.update_cmd - INFO - Scheduling startup addon update check.
2026-07-05 08:42:10,080 - rayforge.updater - INFO - Scheduling app version update check.
IOSBOOT: _ios_run: activate() returned; windows=1
IOSBOOT:   window mapped=True visible=True title='Rayforge'
IOSBOOT: keep-running caught — startup unwound cleanly
2026-07-05 08:42:10,082 - rayforge.addon_mgr.addon_manager - INFO - Checking for available addon updates...
RAYFORGE UI RUNNING
2026-07-05 08:42:10,083 - rayforge.addon_mgr.addon_manager - INFO - Fetching registry from https://raw.githubusercontent.com/barebaric/rayforge-registry/main/registry.yaml
** Message: 08:42:10.083: rayforge boot: PyGObject self-test ran (CPython 3.13.14 (main, Jun 12 2026, 07:26:39) [Clang 17.0.0 (clang-1700.0.13.5)]) ? see console for PYGOBJECT OK/FAIL
Gdk-Message: 08:42:10.096: gdk-ios: user main returned
Gdk-Message: 08:42:10.105: gdk-ios: VC layout view=1032x1376 screen=1032x1376
2026-07-05 08:42:10,279 - rayforge.machine.models.controller - INFO - Machine 'Default Machine' (id:fe8df563-4ad2-4819-81ff-e41438e1ed51) rebuilding driver to 'None'
Gdk-Message: 08:42:10.393: gdk-ios: begin_frame surface=1032x1376 scale=2.00 pixels=2064x2752
Gdk-Message: 08:42:10.429: gdk-ios: end_frame 2064x2752 stride=8256 data=0x116900000 layer=0x600000ca3e70 center=0xFFC5C5C7 tl=0x00000000 tr=0x00000000 bl=0x00000000 br=0xFFF5F5F6
Gdk-Message: 08:42:10.437: gdk-ios: presented layer=0x600000ca3e70 frame=(0,0,1032x1376) contentsScale=2.00 opacity=1.00 hidden=0 super=0x600000c16cd0 hasContents=1
Gdk-Message: 08:42:10.439: gdk-ios: begin_frame surface=1032x1376 scale=2.00 pixels=2064x2752
Gdk-Message: 08:42:10.453: gdk-ios: end_frame 2064x2752 stride=8256 data=0x119458000 layer=0x600000cbe760 center=0xFFFAFAFB tl=0x00000000 tr=0x00000000 bl=0x00000000 br=0xFFFAFAFB
Gdk-Message: 08:42:10.539: gdk-ios: presented layer=0x600000cbe760 frame=(0,0,1032x1376) contentsScale=2.00 opacity=1.00 hidden=0 super=0x600000c16cd0 hasContents=1
Gdk-Message: 08:42:10.541: gdk-ios: begin_frame surface=1032x1376 scale=2.00 pixels=2064x2752
Gdk-Message: 08:42:10.600: gdk-ios: end_frame 2064x2752 stride=8256 data=0x11bfb0000 layer=0x600000ca3e70 center=0xFFC5C5C7 tl=0x00000000 tr=0x00000000 bl=0x00000000 br=0xFFF5F5F6
Gdk-Message: 08:42:10.745: gdk-ios: presented layer=0x600000ca3e70 frame=(0,0,1032x1376) contentsScale=2.00 opacity=1.00 hidden=0 super=0x600000c16cd0 hasContents=1
Gdk-Message: 08:42:10.824: gdk-ios: begin_frame surface=1032x1376 scale=2.00 pixels=2064x2752
Gdk-Message: 08:42:10.859: gdk-ios: end_frame 2064x2752 stride=8256 data=0x116900000 layer=0x600000ca3e70 center=0xFFC5C5C7 tl=0x00000000 tr=0x00000000 bl=0x00000000 br=0xFFF5F5F6
Gdk-Message: 08:42:10.867: gdk-ios: presented layer=0x600000ca3e70 frame=(0,0,1032x1376) contentsScale=2.00 opacity=1.00 hidden=0 super=0x600000c16cd0 hasContents=1
2026-07-05 08:42:10,950 - rayforge.machine.models.controller - INFO - Synced active WCS from device: 'G54'
Gdk-Message: 08:42:10.950: gdk-ios: begin_frame surface=1032x1376 scale=2.00 pixels=2064x2752
Gdk-Message: 08:42:10.976: gdk-ios: end_frame 2064x2752 stride=8256 data=0x11bfb0000 layer=0x600000ca3e70 center=0xFFC5C5C7 tl=0x00000000 tr=0x00000000 bl=0x00000000 br=0xFFF5F5F6
Gdk-Message: 08:42:10.976: gdk-ios: presented layer=0x600000ca3e70 frame=(0,0,1032x1376) contentsScale=2.00 opacity=1.00 hidden=0 super=0x600000c16cd0 hasContents=1
Gdk-Message: 08:42:10.976: gdk-ios: begin_frame surface=1032x1376 scale=2.00 pixels=2064x2752
Gdk-Message: 08:42:11.001: gdk-ios: end_frame 2064x2752 stride=8256 data=0x11d55c000 layer=0x600000ca3e70 center=0xFFC5C5C7 tl=0x00000000 tr=0x00000000 bl=0x00000000 br=0xFFF5F5F6
Gdk-Message: 08:42:11.002: gdk-ios: presented layer=0x600000ca3e70 frame=(0,0,1032x1376) contentsScale=2.00 opacity=1.00 hidden=0 super=0x600000c16cd0 hasContents=1
Gdk-Message: 08:42:11.002: gdk-ios: begin_frame surface=1032x1376 scale=2.00 pixels=2064x2752
Gdk-Message: 08:42:11.027: gdk-ios: end_frame 2064x2752 stride=8256 data=0x11bfb0000 layer=0x600000ca3e70 center=0xFFC5C5C7 tl=0x00000000 tr=0x00000000 bl=0x00000000 br=0xFFF5F5F6
Gdk-Message: 08:42:11.027: gdk-ios: presented layer=0x600000ca3e70 frame=(0,0,1032x1376) contentsScale=2.00 opacity=1.00 hidden=0 super=0x600000c16cd0 hasContents=1
Gdk-Message: 08:42:11.028: gdk-ios: begin_frame surface=1032x1376 scale=2.00 pixels=2064x2752
Gdk-Message: 08:42:11.047: gdk-ios: end_frame 2064x2752 stride=8256 data=0x11d55c000 layer=0x600000ca3e70 center=0xFFC5C5C7 tl=0x00000000 tr=0x00000000 bl=0x00000000 br=0xFFF5F5F6
Gdk-Message: 08:42:11.047: gdk-ios: presented layer=0x600000ca3e70 frame=(0,0,1032x1376) contentsScale=2.00 opacity=1.00 hidden=0 super=0x600000c16cd0 hasContents=1
Gdk-Message: 08:42:11.048: gdk-ios: begin_frame surface=1032x1376 scale=2.00 pixels=2064x2752
Gdk-Message: 08:42:11.067: gdk-ios: end_frame 2064x2752 stride=8256 data=0x11bfb0000 layer=0x600000ca3e70 center=0xFFC5C5C7 tl=0x00000000 tr=0x00000000 bl=0x00000000 br=0xFFF5F5F6
Gdk-Message: 08:42:11.072: gdk-ios: presented layer=0x600000ca3e70 frame=(0,0,1032x1376) contentsScale=2.00 opacity=1.00 hidden=0 super=0x600000c16cd0 hasContents=1
Gdk-Message: 08:42:11.073: gdk-ios: begin_frame surface=1032x1376 scale=2.00 pixels=2064x2752
Gdk-Message: 08:42:11.095: gdk-ios: end_frame 2064x2752 stride=8256 data=0x11d55c000 layer=0x600000ca3e70 center=0xFFC5C5C7 tl=0x00000000 tr=0x00000000 bl=0x00000000 br=0xFFF5F5F6
Gdk-Message: 08:42:11.095: gdk-ios: presented layer=0x600000ca3e70 frame=(0,0,1032x1376) contentsScale=2.00 opacity=1.00 hidden=0 super=0x600000c16cd0 hasContents=1
Gdk-Message: 08:42:11.095: gdk-ios: begin_frame surface=1032x1376 scale=2.00 pixels=2064x2752
Gdk-Message: 08:42:11.114: gdk-ios: end_frame 2064x2752 stride=8256 data=0x11bfb0000 layer=0x600000ca3e70 center=0xFFC5C5C7 tl=0x00000000 tr=0x00000000 bl=0x00000000 br=0xFFF5F5F6
Gdk-Message: 08:42:11.115: gdk-ios: presented layer=0x600000ca3e70 frame=(0,0,1032x1376) contentsScale=2.00 opacity=1.00 hidden=0 super=0x600000c16cd0 hasContents=1
Gdk-Message: 08:42:11.115: gdk-ios: begin_frame surface=1032x1376 scale=2.00 pixels=2064x2752
Gdk-Message: 08:42:11.132: gdk-ios: end_frame 2064x2752 stride=8256 data=0x11d55c000 layer=0x600000ca3e70 center=0xFFC5C5C7 tl=0x00000000 tr=0x00000000 bl=0x00000000 br=0xFFF5F5F6
Gdk-Message: 08:42:11.132: gdk-ios: presented layer=0x600000ca3e70 frame=(0,0,1032x1376) contentsScale=2.00 opacity=1.00 hidden=0 super=0x600000c16cd0 hasContents=1
Gdk-Message: 08:42:11.133: gdk-ios: begin_frame surface=1032x1376 scale=2.00 pixels=2064x2752
Gdk-Message: 08:42:11.150: gdk-ios: end_frame 2064x2752 stride=8256 data=0x11bfb0000 layer=0x600000ca3e70 center=0xFFC5C5C7 tl=0x00000000 tr=0x00000000 bl=0x00000000 br=0xFFF5F5F6
Gdk-Message: 08:42:11.150: gdk-ios: presented layer=0x600000ca3e70 frame=(0,0,1032x1376) contentsScale=2.00 opacity=1.00 hidden=0 super=0x600000c16cd0 hasContents=1
Gdk-Message: 08:42:11.151: gdk-ios: begin_frame surface=1032x1376 scale=2.00 pixels=2064x2752
Gdk-Message: 08:42:11.171: gdk-ios: end_frame 2064x2752 stride=8256 data=0x11d55c000 layer=0x600000ca3e70 center=0xFFC5C5C7 tl=0x00000000 tr=0x00000000 bl=0x00000000 br=0xFFF5F5F6
Gdk-Message: 08:42:11.172: gdk-ios: presented layer=0x600000ca3e70 frame=(0,0,1032x1376) contentsScale=2.00 opacity=1.00 hidden=0 super=0x600000c16cd0 hasContents=1
Gdk-Message: 08:42:11.191: gdk-ios: begin_frame surface=1032x1376 scale=2.00 pixels=2064x2752
Gdk-Message: 08:42:11.216: gdk-ios: end_frame 2064x2752 stride=8256 data=0x116900000 layer=0x600000ca3e70 center=0xFFC5C5C7 tl=0x00000000 tr=0x00000000 bl=0x00000000 br=0xFFF5F5F6
Gdk-Message: 08:42:11.220: gdk-ios: presented layer=0x600000ca3e70 frame=(0,0,1032x1376) contentsScale=2.00 opacity=1.00 hidden=0 super=0x600000c16cd0 hasContents=1
Gdk-Message: 08:42:13.142: gdk-ios: pump alive frame=120 total_iterations=24
IOSBOOT: GEOM monitor[0] 1032x1376+0+0 scale=2
IOSBOOT: GEOM top[0] 'Rayforge' alloc=982x1326 surface=1032x1376 surfscale=2 vis=True
IOSBOOT: GEOM top[1] 'Help Improve Rayforge' alloc=988x1332 surface=1032x1376 surfscale=2 vis=True
Gdk-Message: 08:42:14.561: gdk-ios: begin_frame surface=1032x1376 scale=2.00 pixels=2064x2752
2026-07-05 08:42:14,561 - rayforge.addon_mgr.addon_manager - INFO - All installed addons are up to date.
Gdk-Message: 08:42:14.586: gdk-ios: end_frame 2064x2752 stride=8256 data=0x11bfb0000 layer=0x600000ca3e70 center=0xFFC5C5C7 tl=0x00000000 tr=0x00000000 bl=0x00000000 br=0xFFF5F5F6
Gdk-Message: 08:42:14.591: gdk-ios: presented layer=0x600000ca3e70 frame=(0,0,1032x1376) contentsScale=2.00 opacity=1.00 hidden=0 super=0x600000c16cd0 hasContents=1
Gdk-Message: 08:42:14.595: gdk-ios: begin_frame surface=1032x1376 scale=2.00 pixels=2064x2752
Gdk-Message: 08:42:14.628: gdk-ios: end_frame 2064x2752 stride=8256 data=0x116900000 layer=0x600000ca3e70 center=0xFFC5C5C7 tl=0x00000000 tr=0x00000000 bl=0x00000000 br=0xFFF5F5F6
Gdk-Message: 08:42:14.636: gdk-ios: presented layer=0x600000ca3e70 frame=(0,0,1032x1376) contentsScale=2.00 opacity=1.00 hidden=0 super=0x600000c16cd0 hasContents=1
Gdk-Message: 08:42:15.225: gdk-ios: pump alive frame=240 total_iterations=29
Gdk-Message: 08:42:17.225: gdk-ios: pump alive frame=360 total_iterations=29
Gdk-Message: 08:42:19.225: gdk-ios: pump alive frame=480 total_iterations=29
Gdk-Message: 08:42:21.225: gdk-ios: pump alive frame=600 total_iterations=29
Gdk-Message: 08:42:23.224: gdk-ios: pump alive frame=720 total_iterations=29
Gdk-Message: 08:42:25.225: gdk-ios: pump alive frame=840 total_iterations=29
Gdk-Message: 08:42:27.225: gdk-ios: pump alive frame=960 total_iterations=29
Gdk-Message: 08:42:29.225: gdk-ios: pump alive frame=1080 total_iterations=29
Gdk-Message: 08:42:31.224: gdk-ios: pump alive frame=1200 total_iterations=29
Gdk-Message: 08:42:33.225: gdk-ios: pump alive frame=1320 total_iterations=29
Gdk-Message: 08:42:35.225: gdk-ios: pump alive frame=1440 total_iterations=29
Gdk-Message: 08:42:37.225: gdk-ios: pump alive frame=1560 total_iterations=29
Gdk-Message: 08:42:39.224: gdk-ios: pump alive frame=1680 total_iterations=29
