getpwuid_r did not find a match for uid 501
Timestamp                       Thread     Type        Activity             PID    TTL  
2026-07-05 08:40:38.503720+0000 0x10d1c    Default     0x0                  25390  0    rayforge-app: (libMobileGestalt.dylib) No persisted cache on this platform.
2026-07-05 08:40:38.503852+0000 0x10d2b    Default     0x0                  25390  0    rayforge-app: (libxpc.dylib) [com.apple.xpc:connection] [0x1088059d0] activating connection: mach=true listener=false peer=false name=com.apple.cfprefsd.daemon
2026-07-05 08:40:38.505635+0000 0x10d2e    Default     0x0                  25390  0    rayforge-app: (BoardServices) [com.apple.BoardServices:XPCErrors] [C:1] Alloc com.apple.frontboard.systemappservices
2026-07-05 08:40:38.505650+0000 0x10d2c    Activity    0x42100              25390  0    rayforge-app: (CoreFoundation) Loading Preferences From User Session CFPrefsD
2026-07-05 08:40:38.506031+0000 0x10d2e    Default     0x0                  25390  0    rayforge-app: (libxpc.dylib) [com.apple.xpc:connection] [0x105f06d10] activating connection: mach=false listener=false peer=false name=(anonymous)
2026-07-05 08:40:38.512050+0000 0x10d1c    Default     0x0                  25390  0    rayforge-app: (UIKitCore) [com.apple.UIKit:Application] Deactivation reason added: 10; deactivation reasons: 0 -> 1024; animating application lifecycle event: 0
2026-07-05 08:40:38.512329+0000 0x10d2b    Default     0x0                  25390  0    rayforge-app: (UIKitCore) [com.apple.UIKit:BackgroundTask] Creating new assertion because there is no existing background assertion.
2026-07-05 08:40:38.512391+0000 0x10d2b    Default     0x0                  25390  0    rayforge-app: (UIKitCore) [com.apple.UIKit:BackgroundTask] Creating new background assertion
2026-07-05 08:40:38.512476+0000 0x10d2b    Default     0x0                  25390  0    rayforge-app: (UIKitCore) [com.apple.UIKit:BackgroundTask] Created new background assertion <BKSProcessAssertion: 0x600002109400>
2026-07-05 08:40:38.512504+0000 0x10d2b    Default     0x0                  25390  0    rayforge-app: (RunningBoardServices) [com.apple.runningboard:connection] Initializing connection
2026-07-05 08:40:38.512565+0000 0x10d2b    Default     0x0                  25390  0    rayforge-app: (RunningBoardServices) [com.apple.runningboard:process] Removing all cached process handles
2026-07-05 08:40:38.512614+0000 0x10d2e    Default     0x0                  25390  0    rayforge-app: (RunningBoardServices) [com.apple.runningboard:connection] Sending handshake request attempt #1 to server
2026-07-05 08:40:38.512638+0000 0x10d1c    Default     0x0                  25390  0    rayforge-app: (BoardServices) [com.apple.BoardServices:Injection] activating monitor for service com.apple.frontboard.open
2026-07-05 08:40:38.512650+0000 0x10d2e    Default     0x0                  25390  0    rayforge-app: (RunningBoardServices) [com.apple.runningboard:connection] Creating connection to com.apple.runningboard
2026-07-05 08:40:38.512914+0000 0x10d2e    Default     0x0                  25390  0    rayforge-app: (libxpc.dylib) [com.apple.xpc:connection] [0x105f06750] activating connection: mach=true listener=false peer=false name=com.apple.runningboard
2026-07-05 08:40:38.512919+0000 0x10d1c    Default     0x0                  25390  0    rayforge-app: (BoardServices) [com.apple.BoardServices:Injection] activating monitor for service com.apple.frontboard.workspace-service
2026-07-05 08:40:38.513299+0000 0x10d1c    Default     0x0                  25390  0    rayforge-app: (FrontBoardServices) [com.apple.FrontBoard:Common] FBSWorkspace registering source: com.apple.frontboard.systemappservices
2026-07-05 08:40:38.513716+0000 0x10d30    Activity    0x42101              25390  0    rayforge-app: (RunningBoardServices) didChangeInheritances
2026-07-05 08:40:38.514177+0000 0x10d2e    Default     0x0                  25390  0    rayforge-app: (RunningBoardServices) [com.apple.runningboard:connection] Handshake succeeded
2026-07-05 08:40:38.514223+0000 0x10d2e    Default     0x0                  25390  0    rayforge-app: (RunningBoardServices) [com.apple.runningboard:connection] Identity resolved as app<org.rayforge.app((null))>
2026-07-05 08:40:38.514791+0000 0x10d2b    Default     0x0                  25390  0    rayforge-app: (UIKitCore) [com.apple.UIKit:BackgroundTask] Incrementing reference count for background assertion <BKSProcessAssertion: 0x600002109400>
2026-07-05 08:40:38.514856+0000 0x10d2b    Default     0x0                  25390  0    rayforge-app: (UIKitCore) [com.apple.UIKit:BackgroundTask] Created background task <_UIBackgroundTaskInfo: 0x600001705680>: taskID = 1, taskName = Launch Background Task for Coalescing, creationTime = 631 (elapsed = 0).
2026-07-05 08:40:38.514941+0000 0x10d2b    Default     0x0                  25390  0    rayforge-app: (FrontBoardServices) [com.apple.FrontBoard:SceneExtension] Realizing settings extension _UIApplicationSceneKeyboardSettings on FBSSceneSettings
2026-07-05 08:40:38.516303+0000 0x10d1c    Default     0x0                  25390  0    rayforge-app: (FrontBoardServices) [com.apple.FrontBoard:Common] FBSWorkspace connected to endpoint : <BSServiceConnectionEndpoint: 0x6000002066c0; target: com.apple.frontboard.systemappservices; service: com.apple.frontboard.workspace-service>
2026-07-05 08:40:38.516400+0000 0x10d1c    Default     0x0                  25390  0    rayforge-app: (FrontBoardServices) [com.apple.FrontBoard:Common] <FBSWorkspaceScenesClient:0x600003004240 com.apple.frontboard.systemappservices> attempting immediate handshake from activate
2026-07-05 08:40:38.516491+0000 0x10d1c    Default     0x0                  25390  0    rayforge-app: (FrontBoardServices) [com.apple.FrontBoard:Common] <FBSWorkspaceScenesClient:0x600003004240 com.apple.frontboard.systemappservices> sent handshake
2026-07-05 08:40:38.516629+0000 0x10d1c    Default     0x0                  25390  0    rayforge-app: (RunningBoardServices) [com.apple.runningboard:general] Added observer for process assertions expiration warning: <_RBSExpirationWarningClient: 0x6000002030a0>
2026-07-05 08:40:38.517207+0000 0x10d2b    Default     0x0                  25390  0    rayforge-app: (FrontBoardServices) [com.apple.FrontBoard:SceneExtension] Realizing settings extension <_UISceneOcclusionSettings> on FBSSceneSettings
2026-07-05 08:40:38.517352+0000 0x10d2b    Default     0x0                  25390  0    rayforge-app: (FrontBoardServices) [com.apple.FrontBoard:SceneExtension] Realizing settings extension <_UISceneInterfaceProtectionSettings> on FBSSceneSettings
2026-07-05 08:40:38.517705+0000 0x10d2b    Default     0x0                  25390  0    rayforge-app: (FrontBoardServices) [com.apple.FrontBoard:SceneExtension] Realizing settings extension _UISceneLayoutPreferencesHostSettingsExtension on FBSSceneSettings
2026-07-05 08:40:38.518092+0000 0x10d2b    Default     0x0                  25390  0    rayforge-app: (FrontBoardServices) [com.apple.FrontBoard:SceneExtension] Realizing settings extension _UISceneSafeAreaSettingsExtension on FBSSceneSettings
2026-07-05 08:40:38.518664+0000 0x10d2b    Default     0x0                  25390  0    rayforge-app: (FrontBoardServices) [com.apple.FrontBoard:SceneExtension] Realizing settings extension _UISceneLayoutPreferenceClientSettingsExtension on FBSSceneClientSettings
2026-07-05 08:40:38.519239+0000 0x10d2b    Default     0x0                  25390  0    rayforge-app: (FrontBoardServices) [com.apple.FrontBoard:SceneExtension] Realizing settings extension <_UIHomeAffordanceHostSceneSettings> on FBSSceneSettings
2026-07-05 08:40:38.519985+0000 0x10d2b    Default     0x0                  25390  0    rayforge-app: (FrontBoardServices) [com.apple.FrontBoard:SceneExtension] Realizing settings extension _UISystemShellSceneHostingEnvironmentSettings on FBSSceneSettings
2026-07-05 08:40:38.520139+0000 0x10d2b    Default     0x0                  25390  0    rayforge-app: (FrontBoardServices) [com.apple.FrontBoard:SceneExtension] Realizing settings extension _UISceneRenderingEnvironmentSettings on FBSSceneSettings
2026-07-05 08:40:38.520300+0000 0x10d2b    Default     0x0                  25390  0    rayforge-app: (FrontBoardServices) [com.apple.FrontBoard:SceneExtension] Realizing settings extension <_UISceneRenderingEnvironmentClientSettings> on FBSSceneClientSettings
2026-07-05 08:40:38.520501+0000 0x10d2b    Default     0x0                  25390  0    rayforge-app: (FrontBoardServices) [com.apple.FrontBoard:SceneExtension] Realizing settings extension <_UISceneTransitioningHostSettings> on FBSSceneSettings
2026-07-05 08:40:38.520713+0000 0x10d2b    Default     0x0                  25390  0    rayforge-app: (FrontBoardServices) [com.apple.FrontBoard:SceneExtension] Realizing settings extension <_UISceneFocusSystemSettings> on FBSSceneSettings
2026-07-05 08:40:38.520894+0000 0x10d2b    Default     0x0                  25390  0    rayforge-app: (FrontBoardServices) [com.apple.FrontBoard:SceneExtension] Realizing settings extension _UISceneOrientationSettingsExtension on FBSSceneSettings
2026-07-05 08:40:38.521077+0000 0x10d2b    Default     0x0                  25390  0    rayforge-app: (FrontBoardServices) [com.apple.FrontBoard:SceneExtension] Realizing settings extension _UISceneOrientationClientSettingsExtension on FBSSceneClientSettings
2026-07-05 08:40:38.522029+0000 0x10d2b    Default     0x0                  25390  0    rayforge-app: (FrontBoardServices) [com.apple.FrontBoard:SceneExtension] Realizing settings extension _UISceneWindowingControlClientSettings on FBSSceneClientSettings
2026-07-05 08:40:38.522279+0000 0x10d2b    Default     0x0                  25390  0    rayforge-app: (FrontBoardServices) [com.apple.FrontBoard:SceneExtension] Realizing settings extension <_UISceneHostingContentSizePreferenceClientSettings> on FBSSceneClientSettings
2026-07-05 08:40:38.522924+0000 0x10d2b    Default     0x0                  25390  0    rayforge-app: (FrontBoardServices) [com.apple.FrontBoard:SceneExtension] Realizing settings extension _UISceneHostingTraitCollectionPropagationSettings on FBSSceneSettings
2026-07-05 08:40:38.523144+0000 0x10d1c    Default     0x0                  25390  0    rayforge-app: (UIKitCore) [com.apple.UIKit:UIScreen] Evaluated capturing state as 0 on <UIScreen: 0x105f091b0> for initial
2026-07-05 08:40:38.523351+0000 0x10d1c    Default     0x0                  25390  0    rayforge-app: (UIKitCore) [com.apple.UIKit:UIScreen] Evaluated capturing state as 0 on <UIScreen: 0x105f091b0> for CADisplay KVO
2026-07-05 08:40:38.524765+0000 0x10d2b    Default     0x0                  25390  0    rayforge-app: (FrontBoardServices) [com.apple.FrontBoard:SceneExtension] Realizing settings extension <_UISceneHostingSheetPresentationSettings> on FBSSceneSettings
2026-07-05 08:40:38.524959+0000 0x10d1c    Default     0x0                  25390  0    rayforge-app: (libAccessibility.dylib) [com.apple.Accessibility:AXSupportCommon] Read CategoryName: per-app = 1, category name = (null)
2026-07-05 08:40:38.525208+0000 0x10d1c    Default     0x0                  25390  0    rayforge-app: (libAccessibility.dylib) [com.apple.Accessibility:AXSupportCommon] Read CategoryName: per-app = 0, category name = (null)
2026-07-05 08:40:38.525802+0000 0x10d2b    Default     0x0                  25390  0    rayforge-app: (FrontBoardServices) [com.apple.FrontBoard:SceneExtension] Realizing settings extension <_UISceneHostingSheetPresentationClientSettings> on FBSSceneClientSettings
2026-07-05 08:40:38.526037+0000 0x10d2b    Default     0x0                  25390  0    rayforge-app: (FrontBoardServices) [com.apple.FrontBoard:SceneExtension] Realizing settings extension <_UISceneHostingEventDeferringSettings> on FBSSceneSettings
2026-07-05 08:40:38.528740+0000 0x10d2b    Default     0x0                  25390  0    rayforge-app: (FrontBoardServices) [com.apple.FrontBoard:SceneExtension] Realizing settings extension <UIKit__UITypedKeyValueSceneSettings> on FBSSceneSettings
2026-07-05 08:40:38.528898+0000 0x10d2b    Default     0x0                  25390  0    rayforge-app: (FrontBoardServices) [com.apple.FrontBoard:SceneExtension] Realizing settings extension <UIKit__UITypedKeyValueSceneSettings> on FBSSceneClientSettings
2026-07-05 08:40:38.529135+0000 0x10d2b    Default     0x0                  25390  0    rayforge-app: (FrontBoardServices) [com.apple.FrontBoard:SceneExtension] Realizing settings extension <_UISceneHostingViewControllerPreferencePropagationClientSettings> on FBSSceneClientSettings
2026-07-05 08:40:38.529565+0000 0x10d2b    Default     0x0                  25390  0    rayforge-app: (FrontBoardServices) [com.apple.FrontBoard:SceneExtension] Realizing settings extension <_UISceneZoomTransitionSettings> on FBSSceneSettings
2026-07-05 08:40:38.529724+0000 0x10d1c    Default     0x0                  25390  0    rayforge-app: (XCTTargetBootstrap) [com.apple.dt.xctest:Default] Registering for test daemon availability notify post.
2026-07-05 08:40:38.529912+0000 0x10d1c    Default     0x0                  25390  0    rayforge-app: (XCTTargetBootstrap) [com.apple.dt.xctest:Default] notify_get_state check indicated test daemon not ready.
2026-07-05 08:40:38.530034+0000 0x10d1c    Default     0x0                  25390  0    rayforge-app: (XCTTargetBootstrap) [com.apple.dt.xctest:Default] notify_get_state check indicated test daemon not ready.
2026-07-05 08:40:38.530081+0000 0x10d2e    Default     0x0                  25390  0    rayforge-app: (FrontBoardServices) [com.apple.FrontBoard:SceneExtension] Realizing settings extension FBSSceneSettingsCore on FBSSceneSettings
2026-07-05 08:40:38.530618+0000 0x10d1c    Default     0x0                  25390  0    rayforge-app: (XCTTargetBootstrap) [com.apple.dt.xctest:Default] notify_get_state check indicated test daemon not ready.
2026-07-05 08:40:38.531656+0000 0x10d2e    Default     0x0                  25390  0    rayforge-app: (FrontBoardServices) [com.apple.FrontBoard:SceneExtension] Realizing settings extension FBSSceneClientSettingsCore on FBSSceneClientSettings
2026-07-05 08:40:38.531743+0000 0x10d1c    Default     0x0                  25390  0    rayforge-app: (UIKitCore) [com.apple.UIKit:UpdateScheduler] Selected display: name=LCD (PurpleMain), id=1
2026-07-05 08:40:38.535324+0000 0x10d2e    Default     0x0                  25390  0    rayforge-app: (FrontBoardServices) [com.apple.FrontBoard:SceneExtension] UIMutableApplicationSceneSettings setting counterpart class: UIApplicationSceneSettings
2026-07-05 08:40:38.535599+0000 0x10d2e    Default     0x0                  25390  0    rayforge-app: (FrontBoardServices) [com.apple.FrontBoard:SceneExtension] UIMutableApplicationSceneClientSettings setting counterpart class: UIApplicationSceneClientSettings
2026-07-05 08:40:38.535721+0000 0x10d2e    Default     0x0                  25390  0    rayforge-app: (FrontBoardServices) [com.apple.FrontBoard:SceneExtension] Realizing settings extension FBSSceneTransitionContextCore on FBSSceneTransitionContext
2026-07-05 08:40:38.548025+0000 0x10d1c    Default     0x0                  25390  0    rayforge-app: (UIKitCore) [com.apple.UIKit:BackgroundTask] Will add backgroundTask with taskName: Persistent SceneSession Map Update, expirationHandler: <__NSGlobalBlock__: 0x1e61729e0>
2026-07-05 08:40:38.548097+0000 0x10d1c    Default     0x0                  25390  0    rayforge-app: (UIKitCore) [com.apple.UIKit:BackgroundTask] Reusing background assertion <BKSProcessAssertion: 0x600002109400>
2026-07-05 08:40:38.548120+0000 0x10d1c    Default     0x0                  25390  0    rayforge-app: (UIKitCore) [com.apple.UIKit:BackgroundTask] Incrementing reference count for background assertion <BKSProcessAssertion: 0x600002109400>
2026-07-05 08:40:38.548150+0000 0x10d1c    Default     0x0                  25390  0    rayforge-app: (UIKitCore) [com.apple.UIKit:BackgroundTask] Created background task <_UIBackgroundTaskInfo: 0x60000170b580>: taskID = 2, taskName = Persistent SceneSession Map Update, creationTime = 632 (elapsed = 0).
2026-07-05 08:40:38.548627+0000 0x10d1c    Default     0x0                  25390  0    rayforge-app: (UIKitCore) [com.apple.UIKit:Application] Deactivation reason added: 5; deactivation reasons: 1024 -> 1056; animating application lifecycle event: 1
2026-07-05 08:40:38.548946+0000 0x10d1c    Default     0x0                  25390  0    rayforge-app: (UIKitCore) [com.apple.UIKit:InterfaceStyle] Not push traits update to screen for new style 1, <UIWindowScene: 0x108806670> (43F430EE-FD98-4EAB-B1EC-E229E57CE69F)
2026-07-05 08:40:38.549263+0000 0x10d1c    Default     0x0                  25390  0    rayforge-app: (UIKitCore) [com.apple.UIKit:InterfaceStyle] Should send trait collection or coordinate space update, interface style 1 -> 1, <UIWindowScene: 0x108806670> (43F430EE-FD98-4EAB-B1EC-E229E57CE69F)
2026-07-05 08:40:38.551979+0000 0x10d1c    Default     0x0                  25390  0    rayforge-app: (UIKitCore) [com.apple.UIKit:InterfaceStyle] Not push traits update to screen for new style 1, <UIWindowScene: 0x108806670> (43F430EE-FD98-4EAB-B1EC-E229E57CE69F)
2026-07-05 08:40:38.552361+0000 0x10d1c    Default     0x0                  25390  0    rayforge-app: (UIKitCore) [com.apple.UIKit:HomeAffordanceObservation] Initializing: <_UIHomeAffordanceSceneNotifier: 0x600002914bd0>; with scene: <UIWindowScene: 0x108806670>
2026-07-05 08:40:38.552715+0000 0x10d1c    Default     0x0                  25390  0    rayforge-app: (BacklightServices) [com.apple.BacklightServices:scenes] 0x600000c122e0 setDelegate:<0x600000c14a20 _UIBacklightEnvironment> hasDelegate:YES for environment:sceneID:org.rayforge.app-default
2026-07-05 08:40:38.553444+0000 0x10d1c    Default     0x0                  25390  0    rayforge-app: (UIKitCore) [com.apple.UIKit:InterfaceStyle] Not push traits update to screen for new style 1, <UIWindowScene: 0x108806670> (43F430EE-FD98-4EAB-B1EC-E229E57CE69F)
2026-07-05 08:40:38.553753+0000 0x10d1c    Default     0x0                  25390  1    rayforge-app: (UIKitCore) [com.apple.UIKit:EventDeferring] [0x600002914f50] Initialized with scene: <UIWindowScene: 0x108806670>; behavior: <_UIEventDeferringBehavior_iOS: 0x60000021fde0>; availableForProcess: 1, systemShellManagesKeyboardFocus: 1
2026-07-05 08:40:38.553969+0000 0x10d1c    Default     0x0                  25390  0    rayforge-app: (BoardServices) [com.apple.BoardServices:XPCErrors] [C:2] Alloc com.apple.backboard.hid-services.xpc
2026-07-05 08:40:38.554019+0000 0x10d1c    Default     0x0                  25390  0    rayforge-app: (libxpc.dylib) [com.apple.xpc:connection] [0x105f05640] activating connection: mach=false listener=false peer=false name=(anonymous)
2026-07-05 08:40:38.555228+0000 0x10d1c    Default     0x0                  25390  0    rayforge-app: (BackBoardServices) [com.apple.BackBoard:EventDelivery] policyStatus:<BKSHIDEventDeliveryPolicyObserver: 0x60000260c180; process scope; status: target> was:none
2026-07-05 08:40:38.555294+0000 0x10d1c    Default     0x0                  25390  1    rayforge-app: (UIKitCore) [com.apple.UIKit:KeyWindow] Setting default evaluation strategy for UIUserInterfaceIdiomPad to LastOneWins
2026-07-05 08:40:38.555318+0000 0x10d1c    Default     0x0                  25390  1    rayforge-app: (UIKitCore) [com.apple.UIKit:KeyWindow] Scene target of keyboard event deferring environment did change: 1; scene: UIWindowScene: 0x108806670; scene identity: com.apple.frontboard.systemappservices/FBSceneManager:sceneID%3Aorg.rayforge.app-default
2026-07-05 08:40:38.555361+0000 0x10d1c    Default     0x0                  25390  0    rayforge-app: (UIKitCore) [com.apple.UIKit:UIFocus] Focus system enabled
2026-07-05 08:40:38.555668+0000 0x10d2d    Default     0x0                  25390  0    rayforge-app: (BackBoardServices) [com.apple.BackBoard:EventDelivery] BKSHIDEventObserver - connection activation
2026-07-05 08:40:38.557933+0000 0x10d1c    Default     0x0                  25390  0    rayforge-app: (UIKitCore) [com.apple.UIKit:UIFocus] Failed to update focus with context <UIFocusUpdateContext: 0x600003004510; previouslyFocusedItem: (nil); nextFocusedItem: (nil); focusHeading: None>. No additional info available.
2026-07-05 08:40:38.558050+0000 0x10d1c    Default     0x0                  25390  0    rayforge-app: (UIKitCore) [com.apple.UIKit:InterfaceStyle] Not push traits update to screen for new style 1, <UIWindowScene: 0x108806670> (43F430EE-FD98-4EAB-B1EC-E229E57CE69F)
2026-07-05 08:40:38.558123+0000 0x10d1c    Default     0x0                  25390  1    rayforge-app: (UIKitCore) [com.apple.UIKit:EventDeferring] [0x600002914f50] Scene target of event deferring environments did update: scene: 0x108806670; current systemShellManagesKeyboardFocus: 1; systemShellManagesKeyboardFocusForScene: 1; eligibleForRecordRemoval: 1;
2026-07-05 08:40:38.558146+0000 0x10d1c    Default     0x0                  25390  1    rayforge-app: (UIKitCore) [com.apple.UIKit:KeyWindow] Scene became target of keyboard event deferring environment: UIWindowScene: 0x108806670; scene identity: com.apple.frontboard.systemappservices/FBSceneManager:sceneID%3Aorg.rayforge.app-default
2026-07-05 08:40:38.558162+0000 0x10d1c    Default     0x0                  25390  1    rayforge-app: (UIKitCore) [com.apple.UIKit:KeyWindow] Stack[KeyWindow] 0x600000c16940: Taking no further action for migration from LastOneWins -> SystemShellManaged as there are no scenes
2026-07-05 08:40:38.558177+0000 0x10d1c    Default     0x0                  25390  1    rayforge-app: (UIKitCore) [com.apple.UIKit:KeyWindow] Setting default evaluation strategy for UIUserInterfaceIdiomPad to SystemShellManaged
2026-07-05 08:40:38.558590+0000 0x10d1c    Default     0x0                  25390  1    rayforge-app: (UIKitCore) [com.apple.UIKit:KeyWindow] Key window needs update: 0; currentKeyWindowScene: 0x0; evaluatedKeyWindowScene: 0x108806670; currentApplicationKeyWindow: 0x0; evaluatedApplicationKeyWindow: 0x0; reason: UIWindowScene: 0x108806670: Window scene became target of keyboard environment
2026-07-05 08:40:38.558755+0000 0x10d1c    Default     0x0                  25390  0    rayforge-app: (UIKitCore) [com.apple.UIKit:InterfaceStyle] Not push traits update to screen for new style 1, <UIWindowScene: 0x108806670> (43F430EE-FD98-4EAB-B1EC-E229E57CE69F)
2026-07-05 08:40:38.558956+0000 0x10d1c    Default     0x0                  25390  0    rayforge-app: (UIKitCore) [com.apple.UIKit:InterfaceStyle] Not push traits update to screen for new style 1, <UIWindowScene: 0x108806670> (43F430EE-FD98-4EAB-B1EC-E229E57CE69F)
2026-07-05 08:40:38.560251+0000 0x10d1c    Fault       0x42102              25390  14   rayforge-app: (UIKitCore) [com.apple.runtime-issues:UIKit App Config] `UIScene` lifecycle will soon be required. Failure to adopt will result in an assert in the future.
2026-07-05 08:40:38.560252+0000 0x10d1c    Activity    0x42102              25390  0    rayforge-app: (libsystem_trace.dylib) Activity for state dumps
2026-07-05 08:40:38.561363+0000 0x10d1c    Default     0x0                  25390  0    rayforge-app: (UIKitCore) [com.apple.UIKit:InterfaceStyle] Not push traits update to screen for new style 1, <UIWindowScene: 0x108806670> (43F430EE-FD98-4EAB-B1EC-E229E57CE69F)
2026-07-05 08:40:38.569509+0000 0x10d1c    Default     0x0                  25390  0    rayforge-app: (UIKitCore) [com.apple.UIKit:AppLifecycle] sceneOfRecord: sceneID: sceneID:org.rayforge.app-default  persistentID: 43F430EE-FD98-4EAB-B1EC-E229E57CE69F
2026-07-05 08:40:38.569771+0000 0x10d1c    Default     0x0                  25390  0    rayforge-app: (UIKitCore) [com.apple.UIKit:Application] Ignoring already applied deactivation reason: 5; deactivation reasons: 1056
2026-07-05 08:40:38.570125+0000 0x10d1c    Default     0x0                  25390  0    rayforge-app: (UIKitCore) [com.apple.UIKit:Application] Deactivation reason added: 11; deactivation reasons: 1056 -> 3104; animating application lifecycle event: 1
2026-07-05 08:40:38.571367+0000 0x10d1c    Default     0x0                  25390  0    rayforge-app: (UIKitCore) [com.apple.KeyboardArbiter:Client] startConnection
2026-07-05 08:40:38.572359+0000 0x10d1c    Default     0x0                  25390  0    rayforge-app: (libxpc.dylib) [com.apple.xpc:connection] [0x108807da0] activating connection: mach=true listener=false peer=false name=com.apple.UIKit.KeyboardManagement.hosted
2026-07-05 08:40:38.581319+0000 0x10d2d    Default     0x0                  25390  0    rayforge-app: (BoardServices) [com.apple.BoardServices:XPCErrors] [C:3] Alloc com.apple.PointerUI.pointeruid.service
2026-07-05 08:40:38.581390+0000 0x10d2d    Default     0x0                  25390  0    rayforge-app: (libxpc.dylib) [com.apple.xpc:connection] [0x105f0a170] activating connection: mach=false listener=false peer=false name=(anonymous)
2026-07-05 08:40:38.600500+0000 0x10d1c    Default     0x0                  25390  0    rayforge-app: (UIKitCore) [com.apple.UIKit:PointerLockState] preferredPointerLockStatus updated: scene: <UIWindowScene: 0x108806670; role: UIWindowSceneSessionRoleApplication; persistentIdentifier: 43F430EE-FD98-4EAB-B1EC-E229E57CE69F; activationState: UISceneActivationStateForegroundInactive>; viewController: <GdkIOSViewController: 0x107f0b610>; preferredPointerLockStatus: _UIPointerLockStatusUnlocked
2026-07-05 08:40:38.600706+0000 0x10d1c    Default     0x0                  25390  0    rayforge-app: (UIKitCore) [com.apple.UIKit:Orientation] <UIWindowScene: 0x108806670> (43F430EE-FD98-4EAB-B1EC-E229E57CE69F) Scene updated orientation preferences: none -> ( Pu Ll Lr Pd )
2026-07-05 08:40:38.600892+0000 0x10d1c    Default     0x0                  25390  1    rayforge-app: (UIKitCore) [com.apple.UIKit:KeyWindow] Key window API is scene-level: YES
2026-07-05 08:40:38.601350+0000 0x10d1c    Default     0x0                  25390  1    rayforge-app: (UIKitCore) [com.apple.UIKit:KeyWindow] UIWindowScene: 0x108806670: Window became key in scene: UIWindow: 0x107f0a380; contextId: 0xE9D33C28: reason: UIWindowScene: 0x108806670: Window requested to become key in scene: 0x107f0a380
2026-07-05 08:40:38.601374+0000 0x10d1c    Default     0x0                  25390  1    rayforge-app: (UIKitCore) [com.apple.UIKit:KeyWindow] Key window needs update: 1; currentKeyWindowScene: 0x0; evaluatedKeyWindowScene: 0x108806670; currentApplicationKeyWindow: 0x0; evaluatedApplicationKeyWindow: 0x107f0a380; reason: UIWindowScene: 0x108806670: Window requested to become key in scene: 0x107f0a380
2026-07-05 08:40:38.601405+0000 0x10d1c    Default     0x0                  25390  1    rayforge-app: (UIKitCore) [com.apple.UIKit:KeyWindow] Window did become application key: UIWindow: 0x107f0a380; contextId: 0xE9D33C28; scene identity: com.apple.frontboard.systemappservices/FBSceneManager:sceneID%3Aorg.rayforge.app-default
2026-07-05 08:40:38.601485+0000 0x10d1c    Default     0x0                  25390  1    rayforge-app: (UIKitCore) [com.apple.UIKit:EventDeferring] [0x600002914f50] Begin local event deferring requested for token: 0x60000260c060; environments: 1; reason: UIWindowScene: 0x108806670: Begin event deferring in keyboardFocus for window: 0x107f0a380
2026-07-05 08:40:38.602185+0000 0x10d2c    Default     0x0                  25390  0    rayforge-app: (BackBoardServices) [com.apple.BackBoard:EventDelivery] BKSHIDEventDeliveryManager - connection activation
2026-07-05 08:40:38.603907+0000 0x10d1c    Default     0x0                  25390  0    rayforge-app: (UIKitCore) [com.apple.UIKit:KeyboardSceneDelegate] Reloading input views for key-window scene responder: <GdkIOSView: 0x107f0bdb0; frame = (0 0; 1032 1376); > force:N
2026-07-05 08:40:38.604237+0000 0x10d30    Default     0x0                  25390  0    rayforge-app: (BackBoardServices) [com.apple.BackBoard:EventDelivery] policyStatus:<BKSHIDEventDeliveryPolicyObserver: 0x60000260c180; token: com.apple.frontboard.systemappservices/FBSceneManager:sceneID%3Aorg.rayforge.app-default; status: ancestor> was:target
2026-07-05 08:40:38.604981+0000 0x10d1c    Default     0x0                  25390  0    rayforge-app: (UIKitCore) [com.apple.UIKit:KeyboardSceneDelegate] _reloadInputViewsForKeyWindowSceneResponder: 1 force: 0, fromBecomeFirstResponder: 1 (automaticKeyboard: 1, reloadIdentifier: 83E0CD4C-6DA4-46C5-84E9-4039A42A45A4)
2026-07-05 08:40:38.605032+0000 0x10d1c    Default     0x0                  25390  0    rayforge-app: (UIKitCore) [com.apple.UIKit:KeyboardSceneDelegate] _inputViewsForResponder: <GdkIOSView: 0x107f0bdb0; frame = (0 0; 1032 1376); >, automaticKeyboard: 1, force: 0
2026-07-05 08:40:38.605123+0000 0x10d1c    Default     0x0                  25390  0    rayforge-app: (UIKitCore) [com.apple.UIKit:KeyboardSceneDelegate] _inputViewsForResponder, found custom inputView: <(null): 0x0>, customInputViewController: <(null): 0x0>
2026-07-05 08:40:38.605213+0000 0x10d1c    Default     0x0                  25390  0    rayforge-app: (UIKitCore) [com.apple.UIKit:KeyboardSceneDelegate] _inputViewsForResponder, found inputAccessoryView: <(null): 0x0>
2026-07-05 08:40:38.605260+0000 0x10d1c    Default     0x0                  25390  0    rayforge-app: (UIKitCore) [com.apple.UIKit:KeyboardSceneDelegate] _inputViewsForResponder, responderRequiresKeyboard 0 (automaticKeyboardEnabled: 1, activeInstance: <(null): 0x0>, self.isOnScreen: 0, requiresKBWhenFirstResponder: 0)
2026-07-05 08:40:38.605279+0000 0x10d1c    Default     0x0                  25390  0    rayforge-app: (UIKitCore) [com.apple.UIKit:KeyboardSceneDelegate] _inputViewsForResponder, useKeyboard 0 (allowsSystemInputView: 1, !inputView <(null): 0x0>, responderRequiresKeyboard 0)
2026-07-05 08:40:38.605294+0000 0x10d1c    Default     0x0                  25390  0    rayforge-app: (UIKitCore) [com.apple.UIKit:KeyboardSceneDelegate] _inputViewsForResponder, configuring _responderWithoutAutomaticAppearanceEnabled: <(null): 0x0> (_automaticAppearEnabled: 1)
2026-07-05 08:40:38.605318+0000 0x10d1c    Default     0x0                  25390  0    rayforge-app: (UIKitCore) [com.apple.UIKit:KeyboardSceneDelegate] _inputViewsForResponder, needsIVPlaceholder: 0, needsIAVPlaceholder: 0, needsInputSetWithPlaceholder: 0
2026-07-05 08:40:38.605578+0000 0x10d1c    Default     0x0                  25390  0    rayforge-app: (UIKitCore) [com.apple.UIKit:KeyboardSceneDelegate] _inputViewsForResponder returning: <<UIInputViewSet: 0x600003708cc0>; (empty)>
2026-07-05 08:40:38.606485+0000 0x10d1c    Default     0x0                  25390  0    rayforge-app: (UIKitCore) [com.apple.UIKit:Application] Deactivation reason removed: 10; deactivation reasons: 3104 -> 2080; animating application lifecycle event: 1
2026-07-05 08:40:38.606811+0000 0x10d1c    Default     0x0                  25390  0    rayforge-app: (UIKitCore) [com.apple.UIKit:Application] Deactivation reason added: 12; deactivation reasons: 2080 -> 6176; animating application lifecycle event: 1
2026-07-05 08:40:38.606837+0000 0x10d1c    Default     0x0                  25390  0    rayforge-app: (UIKitCore) [com.apple.UIKit:Application] Deactivation reason removed: 11; deactivation reasons: 6176 -> 4128; animating application lifecycle event: 1
2026-07-05 08:40:38.607112+0000 0x10d1c    Default     0x0                  25390  0    rayforge-app: (FrontBoardServices) [com.apple.FrontBoard:SceneExtension] Realizing settings extension <_UISceneIntelligenceSupportSettings> on FBSSceneSettings
2026-07-05 08:40:38.610026+0000 0x10d30    Default     0x0                  25390  0    rayforge-app: (UIIntelligenceSupport) [com.apple.UIIntelligenceSupport:xpc] establishing connection to agent
2026-07-05 08:40:38.610995+0000 0x10d30    Default     0x0                  25390  0    rayforge-app: (libxpc.dylib) [com.apple.xpc:session] [0x60000210a670] Session created.
2026-07-05 08:40:38.611015+0000 0x10d30    Default     0x0                  25390  0    rayforge-app: (libxpc.dylib) [com.apple.xpc:session] [0x60000210a670] Session created from connection [0x107f100a0]
2026-07-05 08:40:38.611057+0000 0x10d30    Default     0x0                  25390  0    rayforge-app: (libxpc.dylib) [com.apple.xpc:connection] [0x107f100a0] activating connection: mach=true listener=false peer=false name=com.apple.uiintelligencesupport.agent
2026-07-05 08:40:38.611158+0000 0x10d30    Default     0x0                  25390  0    rayforge-app: (libxpc.dylib) [com.apple.xpc:session] [0x60000210a670] Session activated
2026-07-05 08:40:38.612352+0000 0x10d1c    Default     0x0                  25390  0    rayforge-app: (UIKitCore) [com.apple.UIKit:InterfaceStyle] Not push traits update to screen for new style 1, <UIWindowScene: 0x108806670> (43F430EE-FD98-4EAB-B1EC-E229E57CE69F)
2026-07-05 08:40:38.614723+0000 0x10d1c    Default     0x0                  25390  0    rayforge-app: (UIKitCore) [com.apple.UIKit:UIFocus] Failed to update focus with context <UIFocusUpdateContext: 0x6000030007e0; previouslyFocusedItem: (nil); nextFocusedItem: (nil); focusHeading: None>. No additional info available.
2026-07-05 08:40:38.620181+0000 0x10d1c    Default     0x0                  25390  0    rayforge-app: (libxpc.dylib) [com.apple.xpc:connection] [0x107f0a050] activating connection: mach=true listener=false peer=false name=com.apple.lsd.mapdb
2026-07-05 08:40:38.637440+0000 0x10d1c    Default     0x0                  25390  0    rayforge-app: (Network) [com.apple.network:activity] Create activity from XPC object <nw_activity 50:1 [B7646F38-2D86-4938-BF24-8E80B9DAD0C6] (reporting strategy default)>
2026-07-05 08:40:38.637489+0000 0x10d1c    Default     0x0                  25390  0    rayforge-app: (Network) [com.apple.network:activity] Create activity from XPC object <nw_activity 50:2 [FBAA252F-FC1B-4E77-9D54-A38CDAC99E15] (reporting strategy default)>
2026-07-05 08:40:38.637503+0000 0x10d1c    Default     0x0                  25390  0    rayforge-app: (Network) [com.apple.network:activity] Set activity <nw_activity 50:1 [B7646F38-2D86-4938-BF24-8E80B9DAD0C6] (reporting strategy default)> as the global parent
2026-07-05 08:40:38.637663+0000 0x10d1c    Default     0x0                  25390  0    rayforge-app: (UIKitCore) [com.apple.UIKit:BackgroundTask] Ending background task with UIBackgroundTaskIdentifier: 1
2026-07-05 08:40:38.637707+0000 0x10d1c    Default     0x0                  25390  0    rayforge-app: (UIKitCore) [com.apple.UIKit:BackgroundTask] Ending task with identifier 1 and description: <_UIBackgroundTaskInfo: 0x600001705680>: taskID = 1, taskName = Launch Background Task for Coalescing, creationTime = 631 (elapsed = 1), _expireHandler: (null)
2026-07-05 08:40:38.637734+0000 0x10d1c    Default     0x0                  25390  0    rayforge-app: (UIKitCore) [com.apple.UIKit:BackgroundTask] Decrementing reference count for assertion <BKSProcessAssertion: 0x600002109400> (used by background task with identifier 1: <_UIBackgroundTaskInfo: 0x600001705680>: taskID = 1, taskName = Launch Background Task for Coalescing, creationTime = 631 (elapsed = 1))
2026-07-05 08:40:38.637910+0000 0x10d2c    Default     0x0                  25390  0    rayforge-app: (CoreAnalytics) [com.apple.CoreAnalytics:client] No XPC connection in Simulator
2026-07-05 08:40:38.638261+0000 0x10d1c    Default     0x0                  25390  1    rayforge-app: (UIKitCore) [com.apple.UIKit:EventDeferring] [0x600002914f50] Scene target of event deferring environments did update: scene: 0x108806670; current systemShellManagesKeyboardFocus: 1; systemShellManagesKeyboardFocusForScene: 1; eligibleForRecordRemoval: 1;
2026-07-05 08:40:38.638354+0000 0x10d1c    Default     0x0                  25390  1    rayforge-app: (UIKitCore) [com.apple.UIKit:KeyWindow] Scene became target of keyboard event deferring environment: UIWindowScene: 0x108806670; scene identity: com.apple.frontboard.systemappservices/FBSceneManager:sceneID%3Aorg.rayforge.app-default
2026-07-05 08:40:38.638966+0000 0x10d2c    Error       0x0                  25390  0    rayforge-app: (libapp_launch_measurement.dylib) [com.apple.app_launch_measurement:General] Failed to send CA Event for app launch measurements for ca_event_type: 0 event_name: com.apple.app_launch_measurement.FirstFramePresentationMetric
2026-07-05 08:40:39.151641+0000 0x10d30    Default     0x0                  25390  0    rayforge-app: (UIKitCore) [com.apple.UIKit:BackgroundTask] Ending background task with UIBackgroundTaskIdentifier: 2
2026-07-05 08:40:39.152952+0000 0x10d30    Default     0x0                  25390  0    rayforge-app: (UIKitCore) [com.apple.UIKit:BackgroundTask] Ending task with identifier 2 and description: <_UIBackgroundTaskInfo: 0x60000170b580>: taskID = 2, taskName = Persistent SceneSession Map Update, creationTime = 632 (elapsed = 0), _expireHandler: <__NSGlobalBlock__: 0x1e61729e0>
2026-07-05 08:40:39.154487+0000 0x10d30    Default     0x0                  25390  0    rayforge-app: (UIKitCore) [com.apple.UIKit:BackgroundTask] Decrementing reference count for assertion <BKSProcessAssertion: 0x600002109400> (used by background task with identifier 2: <_UIBackgroundTaskInfo: 0x60000170b580>: taskID = 2, taskName = Persistent SceneSession Map Update, creationTime = 632 (elapsed = 0))
2026-07-05 08:40:39.154570+0000 0x10d30    Default     0x0                  25390  0    rayforge-app: (UIKitCore) [com.apple.UIKit:BackgroundTask] Will invalidate assertion: <BKSProcessAssertion: 0x600002109400> for task identifier: 2
2026-07-05 08:40:39.331757+0000 0x10d2c    Activity    0x42103              25390  0    rayforge-app: (RunningBoardServices) didChangeInheritances
2026-07-05 08:40:39.567548+0000 0x10d2c    Activity    0x42104              25390  0    rayforge-app: (RunningBoardServices) didChangeInheritances
2026-07-05 08:40:39.583030+0000 0x10d30    Activity    0x42105              25390  0    rayforge-app: (RunningBoardServices) didChangeInheritances
2026-07-05 08:40:40.035427+0000 0x10d30    Activity    0x42106              25390  0    rayforge-app: (RunningBoardServices) didChangeInheritances
2026-07-05 08:42:10.100788+0000 0x10d1c    Default     0x0                  25390  0    rayforge-app: (UIKitCore) [com.apple.UIKit:EventBus] Event Timing Profile for Touch: not found, path="/System/Library/EventTimingProfiles/Sim.Touch.plist"
2026-07-05 08:42:10.101327+0000 0x10d1c    Default     0x0                  25390  0    rayforge-app: (UIKitCore) [com.apple.UIKit:EventBus] Event Timing Profile for Pencil: not found, path="/System/Library/EventTimingProfiles/Sim.Pencil.plist"
2026-07-05 08:42:10.102900+0000 0x10d1c    Default     0x0                  25390  0    rayforge-app: (UIKitCore) [com.apple.UIKit:UpdateScheduler] Target list changed: <CADisplay:LCD PurpleMain>
2026-07-05 08:42:10.121917+0000 0x10d1c    Default     0x0                  25390  0    rayforge-app: (UIKitCore) [com.apple.KeyboardArbiter:Client] startConnection
2026-07-05 08:42:10.124109+0000 0x10d1c    Default     0x0                  25390  0    rayforge-app: (libAccessibility.dylib) [com.apple.Accessibility:AXCommon] Read Per-App on Init: Smart invert = (null)
2026-07-05 08:42:10.124162+0000 0x10d1c    Error       0x0                  25390  0    rayforge-app: (libapp_launch_measurement.dylib) [com.apple.app_launch_measurement:General] CA Telemetry timedout after 20 seconds due to app launch has not reached all responsive milestones
2026-07-05 08:42:10.125051+0000 0x10d32    Error       0x0                  25390  0    rayforge-app: (libapp_launch_measurement.dylib) [com.apple.app_launch_measurement:General] Failed to send CA Event for app launch measurements for ca_event_type: 1 event_name: com.apple.app_launch_measurement.ExtendedLaunchMetrics
2026-07-05 08:42:10.134564+0000 0x10d1c    Default     0x0                  25390  0    rayforge-app: (UIKitCore) [com.apple.KeyboardArbiter:Client] handleKeyboardChange: set currentKeyboard:N (wasKeyboard:N)
2026-07-05 08:42:10.145481+0000 0x10d1c    Default     0x0                  25390  0    rayforge-app: (UIKitCore) [com.apple.UIKit:KeyboardArbiterClientLog] isWritingToolsHandlingKeyboardTracking:Y (WT ready:Y, Arbiter ready:Y)
2026-07-05 08:42:10.282454+0000 0x13349    Default     0x0                  25390  0    rayforge-app: (Network) [com.apple.network:] networkd_settings_read_from_file initialized networkd settings by reading plist directly
2026-07-05 08:42:10.282601+0000 0x13349    Default     0x0                  25390  0    rayforge-app: (Network) [com.apple.network:] networkd_settings_read_from_file initialized networkd settings by reading plist directly
2026-07-05 08:42:10.284316+0000 0x13349    Default     0x0                  25390  0    rayforge-app: (Network) [com.apple.network:path] nw_path_libinfo_path_check [0634F19D-F4F9-4EC5-8C9B-86E2F6DDFA79 Hostname#1ea9ad13:443 tcp, legacy-socket, attribution: developer]
	libinfo check path: satisfied (Path is satisfied), interface: en0
2026-07-05 08:42:10.289890+0000 0x13330    Default     0x0                  25390  0    rayforge-app: (Network) [com.apple.network:path] nw_path_libinfo_path_check [CF1E1DF5-46A4-4AF5-BFE4-EEFF334572BF Hostname#e4ae2f60:443 tcp, legacy-socket, attribution: developer]
	libinfo check path: satisfied (Path is satisfied), interface: en0
2026-07-05 08:42:10.885793+0000 0x10d1c    Default     0x0                  25390  0    rayforge-app: (UIKitCore) [com.apple.UIKit:AppLifecycle] sceneOfRecord: sceneID: sceneID:org.rayforge.app-default  persistentID: 43F430EE-FD98-4EAB-B1EC-E229E57CE69F
2026-07-05 08:42:10.903944+0000 0x10d1c    Default     0x0                  25390  0    rayforge-app: (UIKitCore) [com.apple.UIKit:InterfaceStyle] Not push traits update to screen for new style 1, <UIWindowScene: 0x108806670> (43F430EE-FD98-4EAB-B1EC-E229E57CE69F)
2026-07-05 08:42:10.909045+0000 0x10d1c    Default     0x0                  25390  0    rayforge-app: (UIKitCore) [com.apple.UIKit:InterfaceStyle] Not push traits update to screen for new style 1, <UIWindowScene: 0x108806670> (43F430EE-FD98-4EAB-B1EC-E229E57CE69F)
2026-07-05 08:42:10.918433+0000 0x10d1c    Default     0x0                  25390  0    rayforge-app: (UIKitCore) [com.apple.UIKit:AppLifecycle] sceneOfRecord: sceneID: sceneID:org.rayforge.app-default  persistentID: 43F430EE-FD98-4EAB-B1EC-E229E57CE69F
2026-07-05 08:42:10.918603+0000 0x10d1c    Default     0x0                  25390  0    rayforge-app: (UIKitCore) [com.apple.UIKit:Application] Deactivation reason removed: 12; deactivation reasons: 4128 -> 32; animating application lifecycle event: 1
2026-07-05 08:42:10.918734+0000 0x10d1c    Default     0x0                  25390  0    rayforge-app: (UIKitCore) [com.apple.KeyboardArbiter:Client] Send setDeactivating: N (-DeactivationReason:SuspendedEventsOnly)
2026-07-05 08:42:10.921114+0000 0x10d1c    Default     0x0                  25390  0    rayforge-app: (UIKitCore) [com.apple.UIKit:Application] Deactivation reason removed: 5; deactivation reasons: 32 -> 0; animating application lifecycle event: 0
2026-07-05 08:42:10.932373+0000 0x10d1c    Default     0x0                  25390  0    rayforge-app: (UIKitCore) [com.apple.UIKit:AppLifecycle] sceneOfRecord: sceneID: sceneID:org.rayforge.app-default  persistentID: 43F430EE-FD98-4EAB-B1EC-E229E57CE69F
2026-07-05 08:42:10.945941+0000 0x10d1c    Default     0x0                  25390  0    rayforge-app: (UIKitCore) [com.apple.UIKit:AppLifecycle] sceneOfRecord: sceneID: sceneID:org.rayforge.app-default  persistentID: 43F430EE-FD98-4EAB-B1EC-E229E57CE69F
2026-07-05 08:42:11.263149+0000 0x10d1c    Default     0x0                  25390  0    rayforge-app: (Network) [com.apple.network:activity] <nw_activity 50:1 [B7646F38-2D86-4938-BF24-8E80B9DAD0C6] (global parent) (reporting strategy default) complete (reason success)> complete with reason 2 (success), duration 93185ms
2026-07-05 08:42:11.263213+0000 0x10d1c    Default     0x0                  25390  0    rayforge-app: (Network) [com.apple.network:activity] <nw_activity 50:2 [FBAA252F-FC1B-4E77-9D54-A38CDAC99E15] (reporting strategy default) complete (reason success)> complete with reason 2 (success), duration 93185ms
2026-07-05 08:42:11.263227+0000 0x10d1c    Default     0x0                  25390  0    rayforge-app: (Network) [com.apple.network:activity] Unsetting the global parent activity <nw_activity 50:1 [B7646F38-2D86-4938-BF24-8E80B9DAD0C6] (global parent) (reporting strategy default) complete (reason success)>
2026-07-05 08:42:11.263237+0000 0x10d1c    Default     0x0                  25390  0    rayforge-app: (Network) [com.apple.network:activity] Unset the global parent activity
