++ xcrun simctl list runtimes
++ awk '/iOS/{id=$NF} END{print id}'
+ RUNTIME=com.apple.CoreSimulator.SimRuntime.iOS-26-2
++ xcrun simctl create rayforge-test com.apple.CoreSimulator.SimDeviceType.iPad-Pro-13-inch-M4-8GB com.apple.CoreSimulator.SimRuntime.iOS-26-2
+ UDID=6249F1E9-FC35-4537-B27E-681DC0F42A04
+ test -n 6249F1E9-FC35-4537-B27E-681DC0F42A04
+ echo UDID=6249F1E9-FC35-4537-B27E-681DC0F42A04
UDID=6249F1E9-FC35-4537-B27E-681DC0F42A04
+ xcrun simctl boot 6249F1E9-FC35-4537-B27E-681DC0F42A04
+ xcrun simctl bootstatus 6249F1E9-FC35-4537-B27E-681DC0F42A04 -b
Monitoring boot status for rayforge-test (6249F1E9-FC35-4537-B27E-681DC0F42A04).
[2026-07-06 03:43:35 +0000] Status=2, isTerminal=NO, Elapsed=00:29.
	Waiting on Data Migration
		Reason:Running plugin com.apple.-0LaunchServicesMigrator (00LaunchServicesMigrator.migrator, user-agnostic)
		Migration Elapsed:00:25 seconds

[2026-07-06 03:43:36 +0000] Status=2, isTerminal=NO, Elapsed=00:30.
	Waiting on Data Migration
		Reason:Running plugin com.apple.-0LaunchServicesMigrator (00LaunchServicesMigrator.migrator, user-agnostic)
		Migration Elapsed:00:26 seconds

[2026-07-06 03:43:37 +0000] Status=2, isTerminal=NO, Elapsed=00:31.
	Waiting on Data Migration
		Reason:Running plugin com.apple.-0LaunchServicesMigrator (00LaunchServicesMigrator.migrator, user-agnostic)
		Migration Elapsed:00:27 seconds

[2026-07-06 03:43:38 +0000] Status=2, isTerminal=NO, Elapsed=00:32.
	Waiting on Data Migration
		Reason:Running plugin com.apple.-0LaunchServicesMigrator (00LaunchServicesMigrator.migrator, user-agnostic)
		Migration Elapsed:00:28 seconds

[2026-07-06 03:43:39 +0000] Status=2, isTerminal=NO, Elapsed=00:33.
	Waiting on Data Migration
		Reason:Running plugin com.apple.-0LaunchServicesMigrator (00LaunchServicesMigrator.migrator, user-agnostic)
		Migration Elapsed:00:29 seconds

[2026-07-06 03:43:40 +0000] Status=2, isTerminal=NO, Elapsed=00:34.
	Waiting on Data Migration
		Reason:Running plugin com.apple.-0LaunchServicesMigrator (00LaunchServicesMigrator.migrator, user-agnostic)
		Migration Elapsed:00:30 seconds

[2026-07-06 03:43:41 +0000] Status=2, isTerminal=NO, Elapsed=00:35.
	Waiting on Data Migration
		Reason:Running plugin com.apple.-0LaunchServicesMigrator (00LaunchServicesMigrator.migrator, user-agnostic)
		Migration Elapsed:00:31 seconds

[2026-07-06 03:43:42 +0000] Status=2, isTerminal=NO, Elapsed=00:36.
	Waiting on Data Migration
		Reason:Running plugin com.apple.-0LaunchServicesMigrator (00LaunchServicesMigrator.migrator, user-agnostic)
		Migration Elapsed:00:32 seconds

[2026-07-06 03:43:43 +0000] Status=2, isTerminal=NO, Elapsed=00:37.
	Waiting on Data Migration
		Reason:Running plugin com.apple.-0LaunchServicesMigrator (00LaunchServicesMigrator.migrator, user-agnostic)
		Migration Elapsed:00:33 seconds

[2026-07-06 03:43:45 +0000] Status=2, isTerminal=NO, Elapsed=00:39.
	Waiting on Data Migration
		Reason:Running plugin com.apple.-0LaunchServicesMigrator (00LaunchServicesMigrator.migrator, user-agnostic)
		Migration Elapsed:00:34 seconds

[2026-07-06 03:43:48 +0000] Status=2, isTerminal=NO, Elapsed=00:42.
	Waiting on Data Migration
		Reason:Running plugin com.apple.securityd.KeychainMigrator (KeychainMigrator.migrator, user-agnostic)
		Migration Elapsed:00:35 seconds

[2026-07-06 03:43:49 +0000] Status=2, isTerminal=NO, Elapsed=00:43.
	Waiting on Data Migration
		Reason:Running plugin com.apple.managedconfiguration.migrator (MCProfile.migrator, user-agnostic)
		Migration Elapsed:00:38 seconds

[2026-07-06 03:43:49 +0000] Status=2, isTerminal=NO, Elapsed=00:43.
	Waiting on Data Migration
		Reason:Running plugin com.apple.managedconfiguration.migrator (MCProfile.migrator, user-agnostic)
		Migration Elapsed:00:38 seconds

[2026-07-06 03:43:50 +0000] Status=2, isTerminal=NO, Elapsed=00:44.
	Waiting on Data Migration
		Reason:Running plugin com.apple.managedconfiguration.migrator (MCProfile.migrator, user-agnostic)
		Migration Elapsed:00:39 seconds

[2026-07-06 03:43:51 +0000] Status=2, isTerminal=NO, Elapsed=00:45.
	Waiting on Data Migration
		Reason:Running plugin com.apple.WebBookmarks.migrator (WebBookmarks.migrator)
		Migration Elapsed:00:40 seconds

[2026-07-06 03:43:54 +0000] Status=2, isTerminal=NO, Elapsed=00:48.
	Waiting on Data Migration
		Reason:Running plugin com.apple.MobileSafari.migrator (MobileSafari.migrator)
		Migration Elapsed:00:41 seconds

[2026-07-06 03:43:55 +0000] Status=4, isTerminal=NO, Elapsed=00:49.
	Waiting on System App

[2026-07-06 03:43:55 +0000] Status=4, isTerminal=NO, Elapsed=00:49.
	Waiting on System App

[2026-07-06 03:43:57 +0000] Status=4, isTerminal=NO, Elapsed=00:50.
	Waiting on System App

[2026-07-06 03:43:57 +0000] Status=4, isTerminal=NO, Elapsed=00:51.
	Waiting on System App

[2026-07-06 03:43:58 +0000] Status=4, isTerminal=NO, Elapsed=00:52.
	Waiting on System App

[2026-07-06 03:44:05 +0000] Status=4294967295, isTerminal=YES, Elapsed=00:59.
	Finished

+ xcrun simctl install 6249F1E9-FC35-4537-B27E-681DC0F42A04 RayforgeApp.app
++ xcrun simctl get_app_container 6249F1E9-FC35-4537-B27E-681DC0F42A04 org.rayforge.app
+ APP_CONTAINER=/Users/runner/Library/Developer/CoreSimulator/Devices/6249F1E9-FC35-4537-B27E-681DC0F42A04/data/Containers/Bundle/Application/A26F855F-B328-4A5B-B07E-F027DFF6C226/RayforgeApp.app
+ echo 'app container: /Users/runner/Library/Developer/CoreSimulator/Devices/6249F1E9-FC35-4537-B27E-681DC0F42A04/data/Containers/Bundle/Application/A26F855F-B328-4A5B-B07E-F027DFF6C226/RayforgeApp.app'
app container: /Users/runner/Library/Developer/CoreSimulator/Devices/6249F1E9-FC35-4537-B27E-681DC0F42A04/data/Containers/Bundle/Application/A26F855F-B328-4A5B-B07E-F027DFF6C226/RayforgeApp.app
+ FW_DIR=/Users/runner/Library/Developer/CoreSimulator/Devices/6249F1E9-FC35-4537-B27E-681DC0F42A04/data/Containers/Bundle/Application/A26F855F-B328-4A5B-B07E-F027DFF6C226/RayforgeApp.app/Frameworks
+ LAUNCH_OUT=/Users/runner/work/Rayforge-iOS-ipa/Rayforge-iOS-ipa/app-console.log
+ xcrun simctl launch --stdout=/Users/runner/work/Rayforge-iOS-ipa/Rayforge-iOS-ipa/app-console.log --stderr=/Users/runner/work/Rayforge-iOS-ipa/Rayforge-iOS-ipa/app-console.log 6249F1E9-FC35-4537-B27E-681DC0F42A04 org.rayforge.app SIMCTL_CHILD_DYLD_LIBRARY_PATH=/Users/runner/Library/Developer/CoreSimulator/Devices/6249F1E9-FC35-4537-B27E-681DC0F42A04/data/Containers/Bundle/Application/A26F855F-B328-4A5B-B07E-F027DFF6C226/RayforgeApp.app/Frameworks SIMCTL_CHILD_DYLD_FALLBACK_LIBRARY_PATH=/Users/runner/Library/Developer/CoreSimulator/Devices/6249F1E9-FC35-4537-B27E-681DC0F42A04/data/Containers/Bundle/Application/A26F855F-B328-4A5B-B07E-F027DFF6C226/RayforgeApp.app/Frameworks SIMCTL_CHILD_G_MESSAGES_DEBUG=all
+ tee launch-cmd.log
org.rayforge.app: 23368
+ MARKER_SEEN=0
++ seq 1 36
+ for i in '$(seq 1 36)'
+ sleep 5
+ xcrun simctl spawn 6249F1E9-FC35-4537-B27E-681DC0F42A04 log show --last 6m --predicate 'process == "rayforge-app"'
+ grep -q 'RAYFORGE UI RUNNING' app-console.log app-syslog.log
+ MARKER_SEEN=1
+ echo 'marker seen after ~5s'
marker seen after ~5s
+ break
+ APP_ALIVE=1
+ xcrun simctl spawn 6249F1E9-FC35-4537-B27E-681DC0F42A04 launchctl list
+ grep -q org.rayforge.app
+ echo 'app alive: 1  marker seen: 1'
app alive: 1  marker seen: 1
+ echo 'waiting for first rendered frames...'
waiting for first rendered frames...
+ sleep 20
+ xcrun simctl io 6249F1E9-FC35-4537-B27E-681DC0F42A04 screenshot simulator-screenshot.png
Detected file type 'PNG' from extension
Wrote screenshot to: simulator-screenshot.png
+ ls -la simulator-screenshot.png
-rw-r--r--@ 1 runner  staff  275270 Jul  6 03:46 simulator-screenshot.png
+ mkdir -p crash-reports
+ find /Users/runner/Library/Logs/DiagnosticReports -name '*rayforge*' -newer RayforgeApp.app/Info.plist -exec cp '{}' crash-reports/ ';'
+ for c in 'crash-reports/*'
+ '[' -f 'crash-reports/*' ']'
+ continue
+ xcrun simctl shutdown 6249F1E9-FC35-4537-B27E-681DC0F42A04
+ echo '===== app console ====='
===== app console =====
+ cat app-console.log
Gdk-Message: 03:45:26.807: gdk-ios: bundle resources at /Users/runner/Library/Developer/CoreSimulator/Devices/6249F1E9-FC35-4537-B27E-681DC0F42A04/data/Containers/Bundle/Application/A26F855F-B328-4A5B-B07E-F027DFF6C226/RayforgeApp.app
Gdk-Message: 03:45:27.022: gdk-ios: shell ready window=1032x1376 view=1032x1376 scale=2.00
Gdk-Message: 03:45:27.025: gdk-ios: VC layout view=1032x1376 screen=1032x1376
Gdk-Message: 03:45:27.039: gdk-ios: entering user main
** Message: 03:45:27.039: GI_TYPELIB_PATH: /Users/runner/Library/Developer/CoreSimulator/Devices/6249F1E9-FC35-4537-B27E-681DC0F42A04/data/Containers/Bundle/Application/A26F855F-B328-4A5B-B07E-F027DFF6C226/RayforgeApp.app/lib/girepository-1.0
** Message: 03:45:27.039: python home: /Users/runner/Library/Developer/CoreSimulator/Devices/6249F1E9-FC35-4537-B27E-681DC0F42A04/data/Containers/Bundle/Application/A26F855F-B328-4A5B-B07E-F027DFF6C226/RayforgeApp.app/python
** Message: 03:45:27.039: site-packages: /Users/runner/Library/Developer/CoreSimulator/Devices/6249F1E9-FC35-4537-B27E-681DC0F42A04/data/Containers/Bundle/Application/A26F855F-B328-4A5B-B07E-F027DFF6C226/RayforgeApp.app/python/lib/python3.13/site-packages
IOSBOOT: ios_main.main() start
IOSBOOT: import rayforge.app
IOSBOOT: addon finder fast-fail installed
IOSBOOT: rayforge.app.main()
2026-07-06 03:45:28,284 - root - INFO - Logging configured. Console level: INFO
2026-07-06 03:45:28,284 - root - INFO - Session log file: /Users/runner/Library/Developer/CoreSimulator/Devices/6249F1E9-FC35-4537-B27E-681DC0F42A04/data/Containers/Data/Application/72610132-938C-44FD-AF6B-AC87746F5F7D/.local/state/rayforge/log/session-2026-07-06_03-45-28.log
2026-07-06 03:45:28,284 - rayforge.app - INFO - Application starting with log level INFO
2026-07-06 03:45:28,285 - rayforge.app - INFO - PyCairo version: 1.29.0
2026-07-06 03:45:29,756 - rayforge.image.svg.svg_fallback - WARNING - pyvips svgload_buffer not available. Using Cairo/Rsvg fallback for SVG rendering.
2026-07-06 03:45:30,647 - rayforge.ui_gtk.sim3d - INFO - Skipping Canvas3D import due to RAYFORGE_DISABLE_3D
2026-07-06 03:45:30,647 - rayforge.ui_gtk.sim3d - INFO - 3D canvas disabled via RAYFORGE_DISABLE_3D environment variable.
2026-07-06 03:45:30,720 - rayforge.addon_mgr.addon_manager - INFO - Scanning for addons in /Users/runner/Library/Developer/CoreSimulator/Devices/6249F1E9-FC35-4537-B27E-681DC0F42A04/data/Containers/Bundle/Application/A26F855F-B328-4A5B-B07E-F027DFF6C226/RayforgeApp.app/python/lib/python3.13/site-packages/rayforge/builtin_addons...
2026-07-06 03:45:30,724 - rayforge.addon_mgr.addon_manager - INFO - Loaded addon: core_materials (builtin)
2026-07-06 03:45:30,813 - rayforge.addon_mgr.addon_manager - INFO - Loaded addon: sketcher (builtin)
2026-07-06 03:45:30,821 - rayforge.addon_mgr.addon_manager - ERROR - Error importing addon laser_essentials: No module named 'raygeo.cnc'
2026-07-06 03:45:30,826 - rayforge.addon_mgr.addon_manager - ERROR - Error importing addon laser_essentials: No module named 'raygeo.cnc'
2026-07-06 03:45:30,826 - rayforge.addon_mgr.addon_manager - INFO - Loaded addon: laser_essentials (builtin)
2026-07-06 03:45:30,830 - rayforge.addon_mgr.addon_manager - INFO - Loaded addon: print_and_cut (builtin)
2026-07-06 03:45:30,860 - rayforge.addon_mgr.addon_manager - INFO - Loaded addon: post_processors (builtin)
2026-07-06 03:45:30,876 - rayforge.addon_mgr.addon_manager - INFO - Loaded addon: ai_workpiece_generator (builtin)
2026-07-06 03:45:31,057 - rayforge.context - INFO - Addons loaded (headless=False)
IOSBOOT: _ios_run: register()
IOSBOOT: _ios_run: activate()
2026-07-06 03:45:31,800 - rayforge.context - INFO - Lazy loading config manager
2026-07-06 03:45:31,806 - rayforge.context - INFO - Lazy loading machine manager
2026-07-06 03:45:31,813 - rayforge.core.config - INFO - Config file does not exist, creating default config.
2026-07-06 03:45:31,903 - rayforge.context - INFO - Lazy loading camera manager
2026-07-06 03:45:31,972 - rayforge.worker_init - ERROR - Failed to load enabled worker module 'rayforge_addons.core_materials.core_materials.worker': Plugin name already registered: rayforge_addons.core_materials.core_materials.worker=<module 'rayforge_addons.core_materials.core_materials.worker' from '/Users/runner/Library/Developer/CoreSimulator/Devices/6249F1E9-FC35-4537-B27E-681DC0F42A04/data/Containers/Bundle/Application/A26F855F-B328-4A5B-B07E-F027DFF6C226/RayforgeApp.app/python/lib/python3.13/site-packages/rayforge/builtin_addons/rayforge-addon-materials/core_materials/worker.py'>
{'rayforge_addons.core_materials.core_materials.worker': <module 'rayforge_addons.core_materials.core_materials.worker' from '/Users/runner/Library/Developer/CoreSimulator/Devices/6249F1E9-FC35-4537-B27E-681DC0F42A04/data/Containers/Bundle/Application/A26F855F-B328-4A5B-B07E-F027DFF6C226/RayforgeApp.app/python/lib/python3.13/site-packages/rayforge/builtin_addons/rayforge-addon-materials/core_materials/worker.py'>, 'rayforge_addons.sketcher.sketcher.worker': <module 'rayforge_addons.sketcher.sketcher.worker' from '/Users/runner/Library/Developer/CoreSimulator/Devices/6249F1E9-FC35-4537-B27E-681DC0F42A04/data/Containers/Bundle/Application/A26F855F-B328-4A5B-B07E-F027DFF6C226/RayforgeApp.app/python/lib/python3.13/site-packages/rayforge/builtin_addons/rayforge-addon-sketcher/sketcher/worker.py'>, 'rayforge_addons.sketcher.sketcher.frontend': <module 'rayforge_addons.sketcher.sketcher.frontend' from '/Users/runner/Library/Developer/CoreSimulator/Devices/6249F1E9-FC35-4537-B27E-681DC0F42A04/data/Containers/Bundle/Application/A26F855F-B328-4A5B-B07E-F027DFF6C226/RayforgeApp.app/python/lib/python3.13/site-packages/rayforge/builtin_addons/rayforge-addon-sketcher/sketcher/frontend.py'>, 'rayforge_addons.print_and_cut.print_and_cut.frontend': <module 'rayforge_addons.print_and_cut.print_and_cut.frontend' from '/Users/runner/Library/Developer/CoreSimulator/Devices/6249F1E9-FC35-4537-B27E-681DC0F42A04/data/Containers/Bundle/Application/A26F855F-B328-4A5B-B07E-F027DFF6C226/RayforgeApp.app/python/lib/python3.13/site-packages/rayforge/builtin_addons/rayforge-addon-print-and-cut/print_and_cut/frontend.py'>, 'rayforge_addons.post_processors.post_processors.worker': <module 'rayforge_addons.post_processors.post_processors.worker' from '/Users/runner/Library/Developer/CoreSimulator/Devices/6249F1E9-FC35-4537-B27E-681DC0F42A04/data/Containers/Bundle/Application/A26F855F-B328-4A5B-B07E-F027DFF6C226/RayforgeApp.app/python/lib/python3.13/site-packages/rayforge/builtin_addons/rayforge-addon-post/post_processors/worker.py'>, 'rayforge_addons.post_processors.post_processors.frontend': <module 'rayforge_addons.post_processors.post_processors.frontend' from '/Users/runner/Library/Developer/CoreSimulator/Devices/6249F1E9-FC35-4537-B27E-681DC0F42A04/data/Containers/Bundle/Application/A26F855F-B328-4A5B-B07E-F027DFF6C226/RayforgeApp.app/python/lib/python3.13/site-packages/rayforge/builtin_addons/rayforge-addon-post/post_processors/frontend.py'>, 'rayforge_addons.ai_workpiece_generator.ai_workpiece_generator.frontend': <module 'rayforge_addons.ai_workpiece_generator.ai_workpiece_generator.frontend' from '/Users/runner/Library/Developer/CoreSimulator/Devices/6249F1E9-FC35-4537-B27E-681DC0F42A04/data/Containers/Bundle/Application/A26F855F-B328-4A5B-B07E-F027DFF6C226/RayforgeApp.app/python/lib/python3.13/site-packages/rayforge/builtin_addons/rayforge-addon-ai-workpiece/ai_workpiece_generator/frontend.py'>}
2026-07-06 03:45:31,972 - rayforge.worker_init - ERROR - Failed to load enabled worker module 'rayforge_addons.sketcher.sketcher.worker': Plugin name already registered: rayforge_addons.sketcher.sketcher.worker=<module 'rayforge_addons.sketcher.sketcher.worker' from '/Users/runner/Library/Developer/CoreSimulator/Devices/6249F1E9-FC35-4537-B27E-681DC0F42A04/data/Containers/Bundle/Application/A26F855F-B328-4A5B-B07E-F027DFF6C226/RayforgeApp.app/python/lib/python3.13/site-packages/rayforge/builtin_addons/rayforge-addon-sketcher/sketcher/worker.py'>
{'rayforge_addons.core_materials.core_materials.worker': <module 'rayforge_addons.core_materials.core_materials.worker' from '/Users/runner/Library/Developer/CoreSimulator/Devices/6249F1E9-FC35-4537-B27E-681DC0F42A04/data/Containers/Bundle/Application/A26F855F-B328-4A5B-B07E-F027DFF6C226/RayforgeApp.app/python/lib/python3.13/site-packages/rayforge/builtin_addons/rayforge-addon-materials/core_materials/worker.py'>, 'rayforge_addons.sketcher.sketcher.worker': <module 'rayforge_addons.sketcher.sketcher.worker' from '/Users/runner/Library/Developer/CoreSimulator/Devices/6249F1E9-FC35-4537-B27E-681DC0F42A04/data/Containers/Bundle/Application/A26F855F-B328-4A5B-B07E-F027DFF6C226/RayforgeApp.app/python/lib/python3.13/site-packages/rayforge/builtin_addons/rayforge-addon-sketcher/sketcher/worker.py'>, 'rayforge_addons.sketcher.sketcher.frontend': <module 'rayforge_addons.sketcher.sketcher.frontend' from '/Users/runner/Library/Developer/CoreSimulator/Devices/6249F1E9-FC35-4537-B27E-681DC0F42A04/data/Containers/Bundle/Application/A26F855F-B328-4A5B-B07E-F027DFF6C226/RayforgeApp.app/python/lib/python3.13/site-packages/rayforge/builtin_addons/rayforge-addon-sketcher/sketcher/frontend.py'>, 'rayforge_addons.print_and_cut.print_and_cut.frontend': <module 'rayforge_addons.print_and_cut.print_and_cut.frontend' from '/Users/runner/Library/Developer/CoreSimulator/Devices/6249F1E9-FC35-4537-B27E-681DC0F42A04/data/Containers/Bundle/Application/A26F855F-B328-4A5B-B07E-F027DFF6C226/RayforgeApp.app/python/lib/python3.13/site-packages/rayforge/builtin_addons/rayforge-addon-print-and-cut/print_and_cut/frontend.py'>, 'rayforge_addons.post_processors.post_processors.worker': <module 'rayforge_addons.post_processors.post_processors.worker' from '/Users/runner/Library/Developer/CoreSimulator/Devices/6249F1E9-FC35-4537-B27E-681DC0F42A04/data/Containers/Bundle/Application/A26F855F-B328-4A5B-B07E-F027DFF6C226/RayforgeApp.app/python/lib/python3.13/site-packages/rayforge/builtin_addons/rayforge-addon-post/post_processors/worker.py'>, 'rayforge_addons.post_processors.post_processors.frontend': <module 'rayforge_addons.post_processors.post_processors.frontend' from '/Users/runner/Library/Developer/CoreSimulator/Devices/6249F1E9-FC35-4537-B27E-681DC0F42A04/data/Containers/Bundle/Application/A26F855F-B328-4A5B-B07E-F027DFF6C226/RayforgeApp.app/python/lib/python3.13/site-packages/rayforge/builtin_addons/rayforge-addon-post/post_processors/frontend.py'>, 'rayforge_addons.ai_workpiece_generator.ai_workpiece_generator.frontend': <module 'rayforge_addons.ai_workpiece_generator.ai_workpiece_generator.frontend' from '/Users/runner/Library/Developer/CoreSimulator/Devices/6249F1E9-FC35-4537-B27E-681DC0F42A04/data/Containers/Bundle/Application/A26F855F-B328-4A5B-B07E-F027DFF6C226/RayforgeApp.app/python/lib/python3.13/site-packages/rayforge/builtin_addons/rayforge-addon-ai-workpiece/ai_workpiece_generator/frontend.py'>}
2026-07-06 03:45:31,973 - rayforge.worker_init - ERROR - Failed to load enabled worker module 'rayforge_addons.post_processors.post_processors.worker': Plugin name already registered: rayforge_addons.post_processors.post_processors.worker=<module 'rayforge_addons.post_processors.post_processors.worker' from '/Users/runner/Library/Developer/CoreSimulator/Devices/6249F1E9-FC35-4537-B27E-681DC0F42A04/data/Containers/Bundle/Application/A26F855F-B328-4A5B-B07E-F027DFF6C226/RayforgeApp.app/python/lib/python3.13/site-packages/rayforge/builtin_addons/rayforge-addon-post/post_processors/worker.py'>
{'rayforge_addons.core_materials.core_materials.worker': <module 'rayforge_addons.core_materials.core_materials.worker' from '/Users/runner/Library/Developer/CoreSimulator/Devices/6249F1E9-FC35-4537-B27E-681DC0F42A04/data/Containers/Bundle/Application/A26F855F-B328-4A5B-B07E-F027DFF6C226/RayforgeApp.app/python/lib/python3.13/site-packages/rayforge/builtin_addons/rayforge-addon-materials/core_materials/worker.py'>, 'rayforge_addons.sketcher.sketcher.worker': <module 'rayforge_addons.sketcher.sketcher.worker' from '/Users/runner/Library/Developer/CoreSimulator/Devices/6249F1E9-FC35-4537-B27E-681DC0F42A04/data/Containers/Bundle/Application/A26F855F-B328-4A5B-B07E-F027DFF6C226/RayforgeApp.app/python/lib/python3.13/site-packages/rayforge/builtin_addons/rayforge-addon-sketcher/sketcher/worker.py'>, 'rayforge_addons.sketcher.sketcher.frontend': <module 'rayforge_addons.sketcher.sketcher.frontend' from '/Users/runner/Library/Developer/CoreSimulator/Devices/6249F1E9-FC35-4537-B27E-681DC0F42A04/data/Containers/Bundle/Application/A26F855F-B328-4A5B-B07E-F027DFF6C226/RayforgeApp.app/python/lib/python3.13/site-packages/rayforge/builtin_addons/rayforge-addon-sketcher/sketcher/frontend.py'>, 'rayforge_addons.print_and_cut.print_and_cut.frontend': <module 'rayforge_addons.print_and_cut.print_and_cut.frontend' from '/Users/runner/Library/Developer/CoreSimulator/Devices/6249F1E9-FC35-4537-B27E-681DC0F42A04/data/Containers/Bundle/Application/A26F855F-B328-4A5B-B07E-F027DFF6C226/RayforgeApp.app/python/lib/python3.13/site-packages/rayforge/builtin_addons/rayforge-addon-print-and-cut/print_and_cut/frontend.py'>, 'rayforge_addons.post_processors.post_processors.worker': <module 'rayforge_addons.post_processors.post_processors.worker' from '/Users/runner/Library/Developer/CoreSimulator/Devices/6249F1E9-FC35-4537-B27E-681DC0F42A04/data/Containers/Bundle/Application/A26F855F-B328-4A5B-B07E-F027DFF6C226/RayforgeApp.app/python/lib/python3.13/site-packages/rayforge/builtin_addons/rayforge-addon-post/post_processors/worker.py'>, 'rayforge_addons.post_processors.post_processors.frontend': <module 'rayforge_addons.post_processors.post_processors.frontend' from '/Users/runner/Library/Developer/CoreSimulator/Devices/6249F1E9-FC35-4537-B27E-681DC0F42A04/data/Containers/Bundle/Application/A26F855F-B328-4A5B-B07E-F027DFF6C226/RayforgeApp.app/python/lib/python3.13/site-packages/rayforge/builtin_addons/rayforge-addon-post/post_processors/frontend.py'>, 'rayforge_addons.ai_workpiece_generator.ai_workpiece_generator.frontend': <module 'rayforge_addons.ai_workpiece_generator.ai_workpiece_generator.frontend' from '/Users/runner/Library/Developer/CoreSimulator/Devices/6249F1E9-FC35-4537-B27E-681DC0F42A04/data/Containers/Bundle/Application/A26F855F-B328-4A5B-B07E-F027DFF6C226/RayforgeApp.app/python/lib/python3.13/site-packages/rayforge/builtin_addons/rayforge-addon-ai-workpiece/ai_workpiece_generator/frontend.py'>}
Gdk-Message: 03:45:32.333: gdk-ios: attach_layer surface=0x1112c6c50 layer=0x600000ca46c0 root=0x600000c08450 root.bounds=1032x1376 root.sublayers=1 scale=2.00
Fontconfig warning: using without calling FcInit()
Gdk-Message: 03:45:32.618: gdk-ios: configure transient=0 granted=1032x1100 at (0,0) (gtk asked 1115x1100, bounds 1032x1376)
Gdk-Message: 03:45:32.619: gdk-ios: apply_frame surface=0x1112c6c50 req=(0,0,1032x1100) layer.frame=(0,0,1032x1100)
Gdk-Message: 03:45:32.621: gdk-ios: attach_layer surface=0x111fe0a60 layer=0x600000cc39f0 root=0x600000c08450 root.bounds=1032x1376 root.sublayers=2 scale=2.00
Gdk-Message: 03:45:32.627: gdk-ios: configure transient=1 granted=394x318 at (319,529) (gtk asked 394x318, bounds 1032x1376)
Gdk-Message: 03:45:32.628: gdk-ios: apply_frame surface=0x111fe0a60 req=(319,529,394x318) layer.frame=(319,529,394x318)
2026-07-06 03:45:32,628 - rayforge.addon_mgr.update_cmd - INFO - Scheduling startup addon update check.
2026-07-06 03:45:32,629 - rayforge.updater - INFO - Scheduling app version update check.
IOSBOOT: _ios_run: activate() returned; windows=1
IOSBOOT:   window mapped=True visible=True title='Rayforge'
IOSBOOT: keep-running caught — startup unwound cleanly
RAYFORGE UI RUNNING
** Message: 03:45:32.630: rayforge boot: PyGObject self-test ran (CPython 3.13.14 (main, Jun 12 2026, 07:26:39) [Clang 17.0.0 (clang-1700.0.13.5)]) ? see console for PYGOBJECT OK/FAIL
Gdk-Message: 03:45:32.638: gdk-ios: user main returned
Gdk-Message: 03:45:32.640: gdk-ios: VC layout view=1032x1376 screen=1032x1376
2026-07-06 03:45:32,668 - rayforge.addon_mgr.addon_manager - INFO - Checking for available addon updates...
2026-07-06 03:45:32,697 - rayforge.addon_mgr.addon_manager - INFO - Fetching registry from https://raw.githubusercontent.com/barebaric/rayforge-registry/main/registry.yaml
Gdk-Message: 03:45:32.818: gdk-ios: begin_frame surface=1032x1100 scale=2.00 pixels=2064x2200
Gdk-Message: 03:45:32.936: gdk-ios: end_frame 2064x2200 stride=8256 data=0x115000000 layer=0x600000ca46c0 center=0xFFF5F5F6 tl=0xFFFFFFFF tr=0xFFFFFFFF bl=0xFFFAFAFB br=0xFFFAFAFB
Gdk-Message: 03:45:32.936: gdk-ios: presented layer=0x600000ca46c0 frame=(0,0,1032x1100) contentsScale=2.00 opacity=1.00 hidden=0 super=0x600000c08450 hasContents=1
Gdk-Message: 03:45:32.937: gdk-ios: begin_frame surface=394x318 scale=2.00 pixels=788x636
Gdk-Message: 03:45:32.942: gdk-ios: end_frame 788x636 stride=3152 data=0x116154000 layer=0x600000cc39f0 center=0xFFFAFAFB tl=0x00000000 tr=0x00000000 bl=0x00000000 br=0x00000000
Gdk-Message: 03:45:32.942: gdk-ios: presented layer=0x600000cc39f0 frame=(319,529,394x318) contentsScale=2.00 opacity=1.00 hidden=0 super=0x600000c08450 hasContents=1
Gdk-Message: 03:45:32.968: gdk-ios: begin_frame surface=1032x1100 scale=2.00 pixels=2064x2200
Gdk-Message: 03:45:32.975: gdk-ios: end_frame 2064x2200 stride=8256 data=0x116340000 layer=0x600000ca46c0 center=0x00000000 tl=0xFFFFFFFF tr=0x00000000 bl=0x00000000 br=0x00000000
Gdk-Message: 03:45:32.979: gdk-ios: presented layer=0x600000ca46c0 frame=(0,0,1032x1100) contentsScale=2.00 opacity=1.00 hidden=0 super=0x600000c08450 hasContents=1
Gdk-Message: 03:45:33.000: gdk-ios: configure transient=1 granted=344x447 at (344,464) (gtk asked 344x447, bounds 1032x1376)
Gdk-Message: 03:45:33.000: gdk-ios: apply_frame surface=0x111fe0a60 req=(344,464,344x447) layer.frame=(344,464,344x447)
Gdk-Message: 03:45:33.001: gdk-ios: begin_frame surface=344x447 scale=2.00 pixels=688x894
Gdk-Message: 03:45:33.005: gdk-ios: end_frame 688x894 stride=2752 data=0x115000000 layer=0x600000cc39f0 center=0xFFFAFAFB tl=0x00000000 tr=0x00000000 bl=0x00000000 br=0x00000000
Gdk-Message: 03:45:33.005: gdk-ios: presented layer=0x600000cc39f0 frame=(344,464,344x447) contentsScale=2.00 opacity=1.00 hidden=0 super=0x600000c08450 hasContents=1
Gdk-Message: 03:45:33.021: gdk-ios: VC layout view=1032x1376 screen=1032x1376
Gdk-Message: 03:45:33.043: gdk-ios: begin_frame surface=1032x1100 scale=2.00 pixels=2064x2200
Gdk-Message: 03:45:33.065: gdk-ios: end_frame 2064x2200 stride=8256 data=0x1185e8000 layer=0x600000ca46c0 center=0xFFF5F5F6 tl=0xFFFFFFFF tr=0x00000000 bl=0xFFDDDDDD br=0xFFDDDDDD
Gdk-Message: 03:45:33.076: gdk-ios: presented layer=0x600000ca46c0 frame=(0,0,1032x1100) contentsScale=2.00 opacity=1.00 hidden=0 super=0x600000c08450 hasContents=1
2026-07-06 03:45:33,108 - rayforge.machine.models.controller - INFO - Machine 'Default Machine' (id:9abe8133-4104-4356-ae53-44e2ed420d64) rebuilding driver to 'None'
Gdk-Message: 03:45:33.110: gdk-ios: begin_frame surface=1032x1100 scale=2.00 pixels=2064x2200
Gdk-Message: 03:45:33.141: gdk-ios: end_frame 2064x2200 stride=8256 data=0x1154b8000 layer=0x600000ca46c0 center=0xFFF5F5F6 tl=0xFFFFFFFF tr=0x00000000 bl=0x00000000 br=0x00000000
Gdk-Message: 03:45:33.148: gdk-ios: presented layer=0x600000ca46c0 frame=(0,0,1032x1100) contentsScale=2.00 opacity=1.00 hidden=0 super=0x600000c08450 hasContents=1
Gdk-Message: 03:45:33.175: gdk-ios: begin_frame surface=1032x1100 scale=2.00 pixels=2064x2200
Gdk-Message: 03:45:33.190: gdk-ios: end_frame 2064x2200 stride=8256 data=0x117760000 layer=0x600000ca46c0 center=0xFFF5F5F6 tl=0xFFFFFFFF tr=0x00000000 bl=0x00000000 br=0x00000000
Gdk-Message: 03:45:33.195: gdk-ios: presented layer=0x600000ca46c0 frame=(0,0,1032x1100) contentsScale=2.00 opacity=1.00 hidden=0 super=0x600000c08450 hasContents=1
Gdk-Message: 03:45:33.224: gdk-ios: begin_frame surface=1032x1100 scale=2.00 pixels=2064x2200
Gdk-Message: 03:45:33.238: gdk-ios: end_frame 2064x2200 stride=8256 data=0x1154b8000 layer=0x600000ca46c0 center=0xFFF5F5F6 tl=0xFFFFFFFF tr=0x00000000 bl=0x00000000 br=0x00000000
Gdk-Message: 03:45:33.242: gdk-ios: presented layer=0x600000ca46c0 frame=(0,0,1032x1100) contentsScale=2.00 opacity=1.00 hidden=0 super=0x600000c08450 hasContents=1
Gdk-Message: 03:45:35.124: gdk-ios: pump alive frame=120 total_iterations=22
IOSBOOT: GEOM monitor[0] 1032x1376+0+0 scale=2
IOSBOOT: GEOM top[0] 'Rayforge' alloc=1032x1100 surface=1032x1100 surfscale=2 vis=True
IOSBOOT: GEOM top[1] 'Help Improve Rayforge' alloc=300x403 surface=344x447 surfscale=2 vis=True
Gdk-Message: 03:45:37.125: gdk-ios: pump alive frame=240 total_iterations=23
Gdk-Message: 03:45:39.126: gdk-ios: pump alive frame=360 total_iterations=23
Gdk-Message: 03:45:41.145: gdk-ios: pump alive frame=480 total_iterations=23
Gdk-Message: 03:45:43.145: gdk-ios: pump alive frame=600 total_iterations=23
Gdk-Message: 03:45:45.146: gdk-ios: pump alive frame=720 total_iterations=23
Gdk-Message: 03:45:47.145: gdk-ios: pump alive frame=840 total_iterations=23
Gdk-Message: 03:45:49.148: gdk-ios: pump alive frame=960 total_iterations=23
Gdk-Message: 03:45:51.147: gdk-ios: pump alive frame=1080 total_iterations=23
Gdk-Message: 03:45:53.148: gdk-ios: pump alive frame=1200 total_iterations=23
Gdk-Message: 03:45:55.153: gdk-ios: pump alive frame=1320 total_iterations=23
Gdk-Message: 03:45:57.152: gdk-ios: pump alive frame=1440 total_iterations=23
Gdk-Message: 03:45:59.153: gdk-ios: pump alive frame=1560 total_iterations=23
Gdk-Message: 03:46:01.154: gdk-ios: pump alive frame=1680 total_iterations=23
Gdk-Message: 03:46:03.155: gdk-ios: pump alive frame=1800 total_iterations=23
Gdk-Message: 03:46:05.156: gdk-ios: pump alive frame=1920 total_iterations=23
Gdk-Message: 03:46:07.157: gdk-ios: pump alive frame=2040 total_iterations=23
Gdk-Message: 03:46:09.157: gdk-ios: pump alive frame=2160 total_iterations=23
Gdk-Message: 03:46:11.159: gdk-ios: pump alive frame=2280 total_iterations=23
Gdk-Message: 03:46:13.160: gdk-ios: pump alive frame=2400 total_iterations=23
Gdk-Message: 03:46:15.161: gdk-ios: pump alive frame=2520 total_iterations=23
Gdk-Message: 03:46:17.162: gdk-ios: pump alive frame=2640 total_iterations=23
Gdk-Message: 03:46:19.162: gdk-ios: pump alive frame=2760 total_iterations=23
Gdk-Message: 03:46:21.164: gdk-ios: pump alive frame=2880 total_iterations=23
+ echo '===== app syslog (first 120) ====='
===== app syslog (first 120) =====
+ head -120 app-syslog.log
getpwuid_r did not find a match for uid 501
Timestamp                       Thread     Type        Activity             PID    TTL  
2026-07-06 03:45:26.786433+0000 0xfc22     Default     0x0                  23368  0    rayforge-app: (libMobileGestalt.dylib) No persisted cache on this platform.
2026-07-06 03:45:26.788649+0000 0xfc31     Default     0x0                  23368  0    rayforge-app: (libxpc.dylib) [com.apple.xpc:connection] [0x105304ec0] activating connection: mach=true listener=false peer=false name=com.apple.cfprefsd.daemon
2026-07-06 03:45:26.794206+0000 0xfc33     Default     0x0                  23368  0    rayforge-app: (BoardServices) [com.apple.BoardServices:XPCErrors] [C:1] Alloc com.apple.frontboard.systemappservices
2026-07-06 03:45:26.794800+0000 0xfc33     Default     0x0                  23368  0    rayforge-app: (libxpc.dylib) [com.apple.xpc:connection] [0x103a07400] activating connection: mach=false listener=false peer=false name=(anonymous)
2026-07-06 03:45:26.795411+0000 0xfc31     Default     0x0                  23368  0    rayforge-app: (UIKitCore) [com.apple.UIKit:BackgroundTask] Creating new assertion because there is no existing background assertion.
2026-07-06 03:45:26.806387+0000 0xfc31     Default     0x0                  23368  0    rayforge-app: (UIKitCore) [com.apple.UIKit:BackgroundTask] Creating new background assertion
2026-07-06 03:45:26.806565+0000 0xfc31     Default     0x0                  23368  0    rayforge-app: (UIKitCore) [com.apple.UIKit:BackgroundTask] Created new background assertion <BKSProcessAssertion: 0x600002109ae0>
2026-07-06 03:45:26.806818+0000 0xfc31     Default     0x0                  23368  0    rayforge-app: (RunningBoardServices) [com.apple.runningboard:connection] Initializing connection
2026-07-06 03:45:26.807196+0000 0xfc31     Default     0x0                  23368  0    rayforge-app: (RunningBoardServices) [com.apple.runningboard:process] Removing all cached process handles
2026-07-06 03:45:26.807745+0000 0xfc22     Default     0x0                  23368  0    rayforge-app: (UIKitCore) [com.apple.UIKit:Application] Deactivation reason added: 10; deactivation reasons: 0 -> 1024; animating application lifecycle event: 0
2026-07-06 03:45:26.807800+0000 0xfc31     Default     0x0                  23368  0    rayforge-app: (RunningBoardServices) [com.apple.runningboard:connection] Creating connection to com.apple.runningboard
2026-07-06 03:45:26.808521+0000 0xfc31     Default     0x0                  23368  0    rayforge-app: (libxpc.dylib) [com.apple.xpc:connection] [0x103a07e80] activating connection: mach=true listener=false peer=false name=com.apple.runningboard
2026-07-06 03:45:26.808849+0000 0xfc22     Default     0x0                  23368  0    rayforge-app: (BoardServices) [com.apple.BoardServices:Injection] activating monitor for service com.apple.frontboard.open
2026-07-06 03:45:26.809123+0000 0xfc22     Default     0x0                  23368  0    rayforge-app: (BoardServices) [com.apple.BoardServices:Injection] activating monitor for service com.apple.frontboard.workspace-service
2026-07-06 03:45:26.809178+0000 0xfc36     Default     0x0                  23368  0    rayforge-app: (RunningBoardServices) [com.apple.runningboard:connection] Sending handshake request attempt #1 to server
2026-07-06 03:45:26.809572+0000 0xfc22     Default     0x0                  23368  0    rayforge-app: (FrontBoardServices) [com.apple.FrontBoard:Common] FBSWorkspace registering source: com.apple.frontboard.systemappservices
2026-07-06 03:45:26.811148+0000 0xfc22     Default     0x0                  23368  0    rayforge-app: (FrontBoardServices) [com.apple.FrontBoard:Common] FBSWorkspace connected to endpoint : <BSServiceConnectionEndpoint: 0x60000020a860; target: com.apple.frontboard.systemappservices; service: com.apple.frontboard.workspace-service>
2026-07-06 03:45:26.811314+0000 0xfc36     Default     0x0                  23368  0    rayforge-app: (RunningBoardServices) [com.apple.runningboard:connection] Handshake succeeded
2026-07-06 03:45:26.811338+0000 0xfc36     Default     0x0                  23368  0    rayforge-app: (RunningBoardServices) [com.apple.runningboard:connection] Identity resolved as app<org.rayforge.app((null))>
2026-07-06 03:45:26.811472+0000 0xfc22     Default     0x0                  23368  0    rayforge-app: (FrontBoardServices) [com.apple.FrontBoard:Common] <FBSWorkspaceScenesClient:0x6000030082d0 com.apple.frontboard.systemappservices> attempting immediate handshake from activate
2026-07-06 03:45:26.811962+0000 0xfc22     Default     0x0                  23368  0    rayforge-app: (FrontBoardServices) [com.apple.FrontBoard:Common] <FBSWorkspaceScenesClient:0x6000030082d0 com.apple.frontboard.systemappservices> sent handshake
2026-07-06 03:45:26.811985+0000 0xfc31     Default     0x0                  23368  0    rayforge-app: (UIKitCore) [com.apple.UIKit:BackgroundTask] Incrementing reference count for background assertion <BKSProcessAssertion: 0x600002109ae0>
2026-07-06 03:45:26.812221+0000 0xfc22     Default     0x0                  23368  0    rayforge-app: (RunningBoardServices) [com.apple.runningboard:general] Added observer for process assertions expiration warning: <_RBSExpirationWarningClient: 0x600000203020>
2026-07-06 03:45:26.812368+0000 0xfc31     Default     0x0                  23368  0    rayforge-app: (UIKitCore) [com.apple.UIKit:BackgroundTask] Created background task <_UIBackgroundTaskInfo: 0x60000170c140>: taskID = 1, taskName = Launch Background Task for Coalescing, creationTime = 605 (elapsed = 0).
2026-07-06 03:45:26.812834+0000 0xfc31     Default     0x0                  23368  0    rayforge-app: (FrontBoardServices) [com.apple.FrontBoard:SceneExtension] Realizing settings extension _UIApplicationSceneKeyboardSettings on FBSSceneSettings
2026-07-06 03:45:26.817002+0000 0xfc31     Default     0x0                  23368  0    rayforge-app: (FrontBoardServices) [com.apple.FrontBoard:SceneExtension] Realizing settings extension <_UISceneOcclusionSettings> on FBSSceneSettings
2026-07-06 03:45:26.817270+0000 0xfc31     Default     0x0                  23368  0    rayforge-app: (FrontBoardServices) [com.apple.FrontBoard:SceneExtension] Realizing settings extension <_UISceneInterfaceProtectionSettings> on FBSSceneSettings
2026-07-06 03:45:26.817531+0000 0xfc31     Default     0x0                  23368  0    rayforge-app: (FrontBoardServices) [com.apple.FrontBoard:SceneExtension] Realizing settings extension _UISceneLayoutPreferencesHostSettingsExtension on FBSSceneSettings
2026-07-06 03:45:26.818378+0000 0xfc22     Default     0x0                  23368  0    rayforge-app: (UIKitCore) [com.apple.UIKit:UIScreen] Evaluated capturing state as 0 on <UIScreen: 0x105206f20> for initial
2026-07-06 03:45:26.818674+0000 0xfc31     Default     0x0                  23368  0    rayforge-app: (FrontBoardServices) [com.apple.FrontBoard:SceneExtension] Realizing settings extension _UISceneSafeAreaSettingsExtension on FBSSceneSettings
2026-07-06 03:45:26.818700+0000 0xfc22     Default     0x0                  23368  0    rayforge-app: (UIKitCore) [com.apple.UIKit:UIScreen] Evaluated capturing state as 0 on <UIScreen: 0x105206f20> for CADisplay KVO
2026-07-06 03:45:26.819856+0000 0xfc31     Default     0x0                  23368  0    rayforge-app: (FrontBoardServices) [com.apple.FrontBoard:SceneExtension] Realizing settings extension _UISceneLayoutPreferenceClientSettingsExtension on FBSSceneClientSettings
2026-07-06 03:45:26.820168+0000 0xfc22     Default     0x0                  23368  0    rayforge-app: (libAccessibility.dylib) [com.apple.Accessibility:AXSupportCommon] Read CategoryName: per-app = 1, category name = (null)
2026-07-06 03:45:26.820442+0000 0xfc22     Default     0x0                  23368  0    rayforge-app: (libAccessibility.dylib) [com.apple.Accessibility:AXSupportCommon] Read CategoryName: per-app = 0, category name = (null)
2026-07-06 03:45:26.821082+0000 0xfc31     Default     0x0                  23368  0    rayforge-app: (FrontBoardServices) [com.apple.FrontBoard:SceneExtension] Realizing settings extension <_UIHomeAffordanceHostSceneSettings> on FBSSceneSettings
2026-07-06 03:45:26.821411+0000 0xfc31     Default     0x0                  23368  0    rayforge-app: (FrontBoardServices) [com.apple.FrontBoard:SceneExtension] Realizing settings extension _UISystemShellSceneHostingEnvironmentSettings on FBSSceneSettings
2026-07-06 03:45:26.822306+0000 0xfc31     Default     0x0                  23368  0    rayforge-app: (FrontBoardServices) [com.apple.FrontBoard:SceneExtension] Realizing settings extension _UISceneRenderingEnvironmentSettings on FBSSceneSettings
2026-07-06 03:45:26.826714+0000 0xfc31     Default     0x0                  23368  0    rayforge-app: (FrontBoardServices) [com.apple.FrontBoard:SceneExtension] Realizing settings extension <_UISceneRenderingEnvironmentClientSettings> on FBSSceneClientSettings
2026-07-06 03:45:26.827101+0000 0xfc31     Default     0x0                  23368  0    rayforge-app: (FrontBoardServices) [com.apple.FrontBoard:SceneExtension] Realizing settings extension <_UISceneTransitioningHostSettings> on FBSSceneSettings
2026-07-06 03:45:26.827859+0000 0xfc31     Default     0x0                  23368  0    rayforge-app: (FrontBoardServices) [com.apple.FrontBoard:SceneExtension] Realizing settings extension <_UISceneFocusSystemSettings> on FBSSceneSettings
2026-07-06 03:45:26.828136+0000 0xfc31     Default     0x0                  23368  0    rayforge-app: (FrontBoardServices) [com.apple.FrontBoard:SceneExtension] Realizing settings extension _UISceneOrientationSettingsExtension on FBSSceneSettings
2026-07-06 03:45:26.828275+0000 0xfc31     Default     0x0                  23368  0    rayforge-app: (FrontBoardServices) [com.apple.FrontBoard:SceneExtension] Realizing settings extension _UISceneOrientationClientSettingsExtension on FBSSceneClientSettings
2026-07-06 03:45:26.828642+0000 0xfc31     Default     0x0                  23368  0    rayforge-app: (FrontBoardServices) [com.apple.FrontBoard:SceneExtension] Realizing settings extension _UISceneWindowingControlClientSettings on FBSSceneClientSettings
2026-07-06 03:45:26.828772+0000 0xfc36     Activity    0x41f70              23368  0    rayforge-app: (RunningBoardServices) didChangeInheritances
2026-07-06 03:45:26.828891+0000 0xfc31     Default     0x0                  23368  0    rayforge-app: (FrontBoardServices) [com.apple.FrontBoard:SceneExtension] Realizing settings extension <_UISceneHostingContentSizePreferenceClientSettings> on FBSSceneClientSettings
2026-07-06 03:45:26.829740+0000 0xfc32     Activity    0x41f71              23368  0    rayforge-app: (CoreFoundation) Loading Preferences From User Session CFPrefsD
2026-07-06 03:45:26.830659+0000 0xfc31     Default     0x0                  23368  0    rayforge-app: (FrontBoardServices) [com.apple.FrontBoard:SceneExtension] Realizing settings extension _UISceneHostingTraitCollectionPropagationSettings on FBSSceneSettings
2026-07-06 03:45:26.831384+0000 0xfc22     Default     0x0                  23368  0    rayforge-app: (XCTTargetBootstrap) [com.apple.dt.xctest:Default] Registering for test daemon availability notify post.
2026-07-06 03:45:26.831810+0000 0xfc22     Default     0x0                  23368  0    rayforge-app: (XCTTargetBootstrap) [com.apple.dt.xctest:Default] notify_get_state check indicated test daemon not ready.
2026-07-06 03:45:26.832034+0000 0xfc22     Default     0x0                  23368  0    rayforge-app: (XCTTargetBootstrap) [com.apple.dt.xctest:Default] notify_get_state check indicated test daemon not ready.
2026-07-06 03:45:26.832210+0000 0xfc22     Default     0x0                  23368  0    rayforge-app: (XCTTargetBootstrap) [com.apple.dt.xctest:Default] notify_get_state check indicated test daemon not ready.
2026-07-06 03:45:26.835155+0000 0xfc31     Default     0x0                  23368  0    rayforge-app: (FrontBoardServices) [com.apple.FrontBoard:SceneExtension] Realizing settings extension <_UISceneHostingSheetPresentationSettings> on FBSSceneSettings
2026-07-06 03:45:26.835358+0000 0xfc22     Default     0x0                  23368  0    rayforge-app: (UIKitCore) [com.apple.UIKit:UpdateScheduler] Selected display: name=LCD (PurpleMain), id=1
2026-07-06 03:45:26.835432+0000 0xfc31     Default     0x0                  23368  0    rayforge-app: (FrontBoardServices) [com.apple.FrontBoard:SceneExtension] Realizing settings extension <_UISceneHostingSheetPresentationClientSettings> on FBSSceneClientSettings
2026-07-06 03:45:26.837096+0000 0xfc31     Default     0x0                  23368  0    rayforge-app: (FrontBoardServices) [com.apple.FrontBoard:SceneExtension] Realizing settings extension <_UISceneHostingEventDeferringSettings> on FBSSceneSettings
2026-07-06 03:45:26.837640+0000 0xfc31     Default     0x0                  23368  0    rayforge-app: (FrontBoardServices) [com.apple.FrontBoard:SceneExtension] Realizing settings extension <UIKit__UITypedKeyValueSceneSettings> on FBSSceneSettings
2026-07-06 03:45:26.838153+0000 0xfc31     Default     0x0                  23368  0    rayforge-app: (FrontBoardServices) [com.apple.FrontBoard:SceneExtension] Realizing settings extension <UIKit__UITypedKeyValueSceneSettings> on FBSSceneClientSettings
2026-07-06 03:45:26.838750+0000 0xfc31     Default     0x0                  23368  0    rayforge-app: (FrontBoardServices) [com.apple.FrontBoard:SceneExtension] Realizing settings extension <_UISceneHostingViewControllerPreferencePropagationClientSettings> on FBSSceneClientSettings
2026-07-06 03:45:26.839912+0000 0xfc31     Default     0x0                  23368  0    rayforge-app: (FrontBoardServices) [com.apple.FrontBoard:SceneExtension] Realizing settings extension <_UISceneZoomTransitionSettings> on FBSSceneSettings
2026-07-06 03:45:26.842633+0000 0xfc37     Default     0x0                  23368  0    rayforge-app: (FrontBoardServices) [com.apple.FrontBoard:SceneExtension] Realizing settings extension FBSSceneSettingsCore on FBSSceneSettings
2026-07-06 03:45:26.858341+0000 0xfc37     Default     0x0                  23368  0    rayforge-app: (FrontBoardServices) [com.apple.FrontBoard:SceneExtension] Realizing settings extension FBSSceneClientSettingsCore on FBSSceneClientSettings
2026-07-06 03:45:26.874337+0000 0xfc37     Default     0x0                  23368  0    rayforge-app: (FrontBoardServices) [com.apple.FrontBoard:SceneExtension] UIMutableApplicationSceneSettings setting counterpart class: UIApplicationSceneSettings
2026-07-06 03:45:26.874869+0000 0xfc37     Default     0x0                  23368  0    rayforge-app: (FrontBoardServices) [com.apple.FrontBoard:SceneExtension] UIMutableApplicationSceneClientSettings setting counterpart class: UIApplicationSceneClientSettings
2026-07-06 03:45:26.875155+0000 0xfc37     Default     0x0                  23368  0    rayforge-app: (FrontBoardServices) [com.apple.FrontBoard:SceneExtension] Realizing settings extension FBSSceneTransitionContextCore on FBSSceneTransitionContext
2026-07-06 03:45:26.887194+0000 0xfc22     Default     0x0                  23368  0    rayforge-app: (UIKitCore) [com.apple.UIKit:BackgroundTask] Will add backgroundTask with taskName: Persistent SceneSession Map Update, expirationHandler: <__NSGlobalBlock__: 0x1e61729e0>
2026-07-06 03:45:26.887593+0000 0xfc22     Default     0x0                  23368  0    rayforge-app: (UIKitCore) [com.apple.UIKit:BackgroundTask] Reusing background assertion <BKSProcessAssertion: 0x600002109ae0>
2026-07-06 03:45:26.887826+0000 0xfc22     Default     0x0                  23368  0    rayforge-app: (UIKitCore) [com.apple.UIKit:BackgroundTask] Incrementing reference count for background assertion <BKSProcessAssertion: 0x600002109ae0>
2026-07-06 03:45:26.888100+0000 0xfc22     Default     0x0                  23368  0    rayforge-app: (UIKitCore) [com.apple.UIKit:BackgroundTask] Created background task <_UIBackgroundTaskInfo: 0x600001710880>: taskID = 2, taskName = Persistent SceneSession Map Update, creationTime = 605 (elapsed = 0).
2026-07-06 03:45:26.888584+0000 0xfc22     Default     0x0                  23368  0    rayforge-app: (UIKitCore) [com.apple.UIKit:Application] Deactivation reason added: 5; deactivation reasons: 1024 -> 1056; animating application lifecycle event: 1
2026-07-06 03:45:26.889422+0000 0xfc22     Default     0x0                  23368  0    rayforge-app: (UIKitCore) [com.apple.UIKit:InterfaceStyle] Not push traits update to screen for new style 1, <UIWindowScene: 0x105307380> (452AE485-04CC-48FD-AA36-A915A5806702)
2026-07-06 03:45:26.889700+0000 0xfc22     Default     0x0                  23368  0    rayforge-app: (UIKitCore) [com.apple.UIKit:InterfaceStyle] Should send trait collection or coordinate space update, interface style 1 -> 1, <UIWindowScene: 0x105307380> (452AE485-04CC-48FD-AA36-A915A5806702)
2026-07-06 03:45:26.890762+0000 0xfc22     Default     0x0                  23368  0    rayforge-app: (UIKitCore) [com.apple.UIKit:InterfaceStyle] Not push traits update to screen for new style 1, <UIWindowScene: 0x105307380> (452AE485-04CC-48FD-AA36-A915A5806702)
2026-07-06 03:45:26.891131+0000 0xfc22     Default     0x0                  23368  0    rayforge-app: (UIKitCore) [com.apple.UIKit:HomeAffordanceObservation] Initializing: <_UIHomeAffordanceSceneNotifier: 0x600002914fc0>; with scene: <UIWindowScene: 0x105307380>
2026-07-06 03:45:26.891550+0000 0xfc22     Default     0x0                  23368  0    rayforge-app: (BacklightServices) [com.apple.BacklightServices:scenes] 0x600000c10cc0 setDelegate:<0x600000c103f0 _UIBacklightEnvironment> hasDelegate:YES for environment:sceneID:org.rayforge.app-default
2026-07-06 03:45:26.892396+0000 0xfc22     Default     0x0                  23368  0    rayforge-app: (UIKitCore) [com.apple.UIKit:InterfaceStyle] Not push traits update to screen for new style 1, <UIWindowScene: 0x105307380> (452AE485-04CC-48FD-AA36-A915A5806702)
2026-07-06 03:45:26.892665+0000 0xfc22     Default     0x0                  23368  1    rayforge-app: (UIKitCore) [com.apple.UIKit:EventDeferring] [0x60000290edf0] Initialized with scene: <UIWindowScene: 0x105307380>; behavior: <_UIEventDeferringBehavior_iOS: 0x600000205ea0>; availableForProcess: 1, systemShellManagesKeyboardFocus: 1
2026-07-06 03:45:26.893133+0000 0xfc22     Default     0x0                  23368  0    rayforge-app: (BoardServices) [com.apple.BoardServices:XPCErrors] [C:2] Alloc com.apple.backboard.hid-services.xpc
2026-07-06 03:45:26.893339+0000 0xfc22     Default     0x0                  23368  0    rayforge-app: (libxpc.dylib) [com.apple.xpc:connection] [0x1052083d0] activating connection: mach=false listener=false peer=false name=(anonymous)
2026-07-06 03:45:26.895426+0000 0xfc22     Default     0x0                  23368  0    rayforge-app: (BackBoardServices) [com.apple.BackBoard:EventDelivery] policyStatus:<BKSHIDEventDeliveryPolicyObserver: 0x60000260a400; process scope; status: target> was:none
2026-07-06 03:45:26.895613+0000 0xfc22     Default     0x0                  23368  1    rayforge-app: (UIKitCore) [com.apple.UIKit:KeyWindow] Setting default evaluation strategy for UIUserInterfaceIdiomPad to LastOneWins
2026-07-06 03:45:26.895792+0000 0xfc22     Default     0x0                  23368  1    rayforge-app: (UIKitCore) [com.apple.UIKit:KeyWindow] Scene target of keyboard event deferring environment did change: 1; scene: UIWindowScene: 0x105307380; scene identity: com.apple.frontboard.systemappservices/FBSceneManager:sceneID%3Aorg.rayforge.app-default
2026-07-06 03:45:26.895960+0000 0xfc37     Default     0x0                  23368  0    rayforge-app: (BackBoardServices) [com.apple.BackBoard:EventDelivery] BKSHIDEventObserver - connection activation
2026-07-06 03:45:26.896024+0000 0xfc22     Default     0x0                  23368  0    rayforge-app: (UIKitCore) [com.apple.UIKit:UIFocus] Focus system enabled
2026-07-06 03:45:26.897034+0000 0xfc22     Default     0x0                  23368  0    rayforge-app: (UIKitCore) [com.apple.UIKit:UIFocus] Failed to update focus with context <UIFocusUpdateContext: 0x600003004750; previouslyFocusedItem: (nil); nextFocusedItem: (nil); focusHeading: None>. No additional info available.
2026-07-06 03:45:26.897164+0000 0xfc22     Default     0x0                  23368  0    rayforge-app: (UIKitCore) [com.apple.UIKit:InterfaceStyle] Not push traits update to screen for new style 1, <UIWindowScene: 0x105307380> (452AE485-04CC-48FD-AA36-A915A5806702)
2026-07-06 03:45:26.897275+0000 0xfc22     Default     0x0                  23368  1    rayforge-app: (UIKitCore) [com.apple.UIKit:EventDeferring] [0x60000290edf0] Scene target of event deferring environments did update: scene: 0x105307380; current systemShellManagesKeyboardFocus: 1; systemShellManagesKeyboardFocusForScene: 1; eligibleForRecordRemoval: 1;
2026-07-06 03:45:26.897313+0000 0xfc22     Default     0x0                  23368  1    rayforge-app: (UIKitCore) [com.apple.UIKit:KeyWindow] Scene became target of keyboard event deferring environment: UIWindowScene: 0x105307380; scene identity: com.apple.frontboard.systemappservices/FBSceneManager:sceneID%3Aorg.rayforge.app-default
2026-07-06 03:45:26.897348+0000 0xfc22     Default     0x0                  23368  1    rayforge-app: (UIKitCore) [com.apple.UIKit:KeyWindow] Stack[KeyWindow] 0x600000c10210: Taking no further action for migration from LastOneWins -> SystemShellManaged as there are no scenes
2026-07-06 03:45:26.897369+0000 0xfc22     Default     0x0                  23368  1    rayforge-app: (UIKitCore) [com.apple.UIKit:KeyWindow] Setting default evaluation strategy for UIUserInterfaceIdiomPad to SystemShellManaged
2026-07-06 03:45:26.897459+0000 0xfc22     Default     0x0                  23368  1    rayforge-app: (UIKitCore) [com.apple.UIKit:KeyWindow] Key window needs update: 0; currentKeyWindowScene: 0x0; evaluatedKeyWindowScene: 0x105307380; currentApplicationKeyWindow: 0x0; evaluatedApplicationKeyWindow: 0x0; reason: UIWindowScene: 0x105307380: Window scene became target of keyboard environment
2026-07-06 03:45:26.897874+0000 0xfc22     Default     0x0                  23368  0    rayforge-app: (UIKitCore) [com.apple.UIKit:InterfaceStyle] Not push traits update to screen for new style 1, <UIWindowScene: 0x105307380> (452AE485-04CC-48FD-AA36-A915A5806702)
2026-07-06 03:45:26.898206+0000 0xfc22     Default     0x0                  23368  0    rayforge-app: (UIKitCore) [com.apple.UIKit:InterfaceStyle] Not push traits update to screen for new style 1, <UIWindowScene: 0x105307380> (452AE485-04CC-48FD-AA36-A915A5806702)
2026-07-06 03:45:26.899457+0000 0xfc22     Fault       0x41f72              23368  14   rayforge-app: (UIKitCore) [com.apple.runtime-issues:UIKit App Config] `UIScene` lifecycle will soon be required. Failure to adopt will result in an assert in the future.
2026-07-06 03:45:26.899458+0000 0xfc22     Activity    0x41f72              23368  0    rayforge-app: (libsystem_trace.dylib) Activity for state dumps
2026-07-06 03:45:26.899848+0000 0xfc22     Default     0x0                  23368  0    rayforge-app: (UIKitCore) [com.apple.UIKit:InterfaceStyle] Not push traits update to screen for new style 1, <UIWindowScene: 0x105307380> (452AE485-04CC-48FD-AA36-A915A5806702)
2026-07-06 03:45:26.915254+0000 0xfc22     Default     0x0                  23368  0    rayforge-app: (UIKitCore) [com.apple.UIKit:AppLifecycle] sceneOfRecord: sceneID: sceneID:org.rayforge.app-default  persistentID: 452AE485-04CC-48FD-AA36-A915A5806702
2026-07-06 03:45:26.915540+0000 0xfc22     Default     0x0                  23368  0    rayforge-app: (UIKitCore) [com.apple.UIKit:Application] Ignoring already applied deactivation reason: 5; deactivation reasons: 1056
2026-07-06 03:45:26.915588+0000 0xfc22     Default     0x0                  23368  0    rayforge-app: (UIKitCore) [com.apple.UIKit:Application] Deactivation reason added: 11; deactivation reasons: 1056 -> 3104; animating application lifecycle event: 1
2026-07-06 03:45:26.915661+0000 0xfc22     Default     0x0                  23368  0    rayforge-app: (UIKitCore) [com.apple.KeyboardArbiter:Client] startConnection
2026-07-06 03:45:26.916526+0000 0xfc22     Default     0x0                  23368  0    rayforge-app: (libxpc.dylib) [com.apple.xpc:connection] [0x103a0ce70] activating connection: mach=true listener=false peer=false name=com.apple.UIKit.KeyboardManagement.hosted
2026-07-06 03:45:26.935940+0000 0xfc32     Default     0x0                  23368  0    rayforge-app: (BoardServices) [com.apple.BoardServices:XPCErrors] [C:3] Alloc com.apple.PointerUI.pointeruid.service
2026-07-06 03:45:26.936023+0000 0xfc32     Default     0x0                  23368  0    rayforge-app: (libxpc.dylib) [com.apple.xpc:connection] [0x103a0fb20] activating connection: mach=false listener=false peer=false name=(anonymous)
2026-07-06 03:45:26.947659+0000 0xfc22     Default     0x0                  23368  0    rayforge-app: (UIKitCore) [com.apple.UIKit:PointerLockState] preferredPointerLockStatus updated: scene: <UIWindowScene: 0x105307380; role: UIWindowSceneSessionRoleApplication; persistentIdentifier: 452AE485-04CC-48FD-AA36-A915A5806702; activationState: UISceneActivationStateForegroundInactive>; viewController: <GdkIOSViewController: 0x103a0f740>; preferredPointerLockStatus: _UIPointerLockStatusUnlocked
2026-07-06 03:45:26.947926+0000 0xfc22     Default     0x0                  23368  0    rayforge-app: (UIKitCore) [com.apple.UIKit:Orientation] <UIWindowScene: 0x105307380> (452AE485-04CC-48FD-AA36-A915A5806702) Scene updated orientation preferences: none -> ( Pu Ll Lr Pd )
2026-07-06 03:45:26.948088+0000 0xfc22     Default     0x0                  23368  1    rayforge-app: (UIKitCore) [com.apple.UIKit:KeyWindow] Key window API is scene-level: YES
2026-07-06 03:45:26.948305+0000 0xfc22     Default     0x0                  23368  1    rayforge-app: (UIKitCore) [com.apple.UIKit:KeyWindow] UIWindowScene: 0x105307380: Window became key in scene: UIWindow: 0x103a0d6f0; contextId: 0x8F7F9C8B: reason: UIWindowScene: 0x105307380: Window requested to become key in scene: 0x103a0d6f0
2026-07-06 03:45:26.948406+0000 0xfc22     Default     0x0                  23368  1    rayforge-app: (UIKitCore) [com.apple.UIKit:KeyWindow] Key window needs update: 1; currentKeyWindowScene: 0x0; evaluatedKeyWindowScene: 0x105307380; currentApplicationKeyWindow: 0x0; evaluatedApplicationKeyWindow: 0x103a0d6f0; reason: UIWindowScene: 0x105307380: Window requested to become key in scene: 0x103a0d6f0
2026-07-06 03:45:26.948531+0000 0xfc22     Default     0x0                  23368  1    rayforge-app: (UIKitCore) [com.apple.UIKit:KeyWindow] Window did become application key: UIWindow: 0x103a0d6f0; contextId: 0x8F7F9C8B; scene identity: com.apple.frontboard.systemappservices/FBSceneManager:sceneID%3Aorg.rayforge.app-default
2026-07-06 03:45:26.948678+0000 0xfc22     Default     0x0                  23368  1    rayforge-app: (UIKitCore) [com.apple.UIKit:EventDeferring] [0x60000290edf0] Begin local event deferring requested for token: 0x60000260f480; environments: 1; reason: UIWindowScene: 0x105307380: Begin event deferring in keyboardFocus for window: 0x103a0d6f0
2026-07-06 03:45:26.949453+0000 0xfc32     Default     0x0                  23368  0    rayforge-app: (BackBoardServices) [com.apple.BackBoard:EventDelivery] BKSHIDEventDeliveryManager - connection activation
2026-07-06 03:45:26.951188+0000 0xfc22     Default     0x0                  23368  0    rayforge-app: (UIKitCore) [com.apple.UIKit:KeyboardSceneDelegate] Reloading input views for key-window scene responder: <GdkIOSView: 0x103a0fce0; frame = (0 0; 1032 1376); > force:N
2026-07-06 03:45:26.951690+0000 0xfc22     Default     0x0                  23368  0    rayforge-app: (UIKitCore) [com.apple.UIKit:KeyboardSceneDelegate] _reloadInputViewsForKeyWindowSceneResponder: 1 force: 0, fromBecomeFirstResponder: 1 (automaticKeyboard: 1, reloadIdentifier: 09A914D8-BE0A-4076-BCC8-A3E372FBEE40)
2026-07-06 03:45:26.951721+0000 0xfc22     Default     0x0                  23368  0    rayforge-app: (UIKitCore) [com.apple.UIKit:KeyboardSceneDelegate] _inputViewsForResponder: <GdkIOSView: 0x103a0fce0; frame = (0 0; 1032 1376); >, automaticKeyboard: 1, force: 0
2026-07-06 03:45:26.951798+0000 0xfc22     Default     0x0                  23368  0    rayforge-app: (UIKitCore) [com.apple.UIKit:KeyboardSceneDelegate] _inputViewsForResponder, found custom inputView: <(null): 0x0>, customInputViewController: <(null): 0x0>
2026-07-06 03:45:26.951822+0000 0xfc22     Default     0x0                  23368  0    rayforge-app: (UIKitCore) [com.apple.UIKit:KeyboardSceneDelegate] _inputViewsForResponder, found inputAccessoryView: <(null): 0x0>
2026-07-06 03:45:26.951870+0000 0xfc22     Default     0x0                  23368  0    rayforge-app: (UIKitCore) [com.apple.UIKit:KeyboardSceneDelegate] _inputViewsForResponder, responderRequiresKeyboard 0 (automaticKeyboardEnabled: 1, activeInstance: <(null): 0x0>, self.isOnScreen: 0, requiresKBWhenFirstResponder: 0)
2026-07-06 03:45:26.951921+0000 0xfc22     Default     0x0                  23368  0    rayforge-app: (UIKitCore) [com.apple.UIKit:KeyboardSceneDelegate] _inputViewsForResponder, useKeyboard 0 (allowsSystemInputView: 1, !inputView <(null): 0x0>, responderRequiresKeyboard 0)
2026-07-06 03:45:26.952056+0000 0xfc22     Default     0x0                  23368  0    rayforge-app: (UIKitCore) [com.apple.UIKit:KeyboardSceneDelegate] _inputViewsForResponder, configuring _responderWithoutAutomaticAppearanceEnabled: <(null): 0x0> (_automaticAppearEnabled: 1)
+ test 1 = 1
+ grep -q 'RAYFORGE BOOT FAILED' app-console.log app-syslog.log
+ grep -q 'RAYFORGE UI RUNNING' app-console.log app-syslog.log
