The Meson build system
Version: 1.11.1
Source dir: /Users/runner/work/Rayforge-iOS-ipa/Rayforge-iOS-ipa/fontconfig-src
Build dir: /Users/runner/work/Rayforge-iOS-ipa/Rayforge-iOS-ipa/fc-build
Build type: cross build
DEPRECATION: WrapDB v1 is deprecated, updated using `meson wrap update libpng`
DEPRECATION: WrapDB v1 is deprecated, updated using `meson wrap update zlib`
DEPRECATION: WrapDB v1 is deprecated, updated using `meson wrap update expat`
Project name: fontconfig
Project version: 2.17.1
C compiler for the host machine: /Applications/Xcode_16.4.app/Contents/Developer/Toolchains/XcodeDefault.xctoolchain/usr/bin/clang (clang 17.0.0 "Apple clang version 17.0.0 (clang-1700.0.13.5)")
C linker for the host machine: /Applications/Xcode_16.4.app/Contents/Developer/Toolchains/XcodeDefault.xctoolchain/usr/bin/clang ld64 1167.5
C compiler for the build machine: cc (clang 17.0.0 "Apple clang version 17.0.0 (clang-1700.0.13.5)")
C linker for the build machine: cc ld64 1167.5
Build machine cpu family: aarch64
Build machine cpu: aarch64
Host machine cpu family: aarch64
Host machine cpu: aarch64
Target machine cpu family: aarch64
Target machine cpu: aarch64
Library m found: YES
Found pkg-config: YES (/opt/homebrew/bin/pkg-config) 2.5.1
Run-time dependency freetype2 found: YES 26.2.20
Found CMake: NO
Run-time dependency json-c found: NO  (tried pkg-config, framework and cmake)
Run-time dependency expat found: YES 2.6.4
Program python3 found: YES (/opt/homebrew/opt/python@3.14/bin/python3.14)
Program pytest found: NO
Dependency intl for host machine skipped: feature nls disabled
Has header "dirent.h" : YES 
Has header "dlfcn.h" : YES 
Has header "fcntl.h" : YES 
Has header "inttypes.h" : YES 
Has header "stdint.h" : YES 
Has header "stdio.h" : YES 
Has header "stdlib.h" : YES 
Has header "strings.h" : YES 
Has header "string.h" : YES 
Has header "unistd.h" : YES 
Has header "sys/statvfs.h" : YES 
Has header "sys/vfs.h" : NO 
Has header "sys/statfs.h" : NO 
Has header "sys/stat.h" : YES 
Has header "sys/types.h" : YES 
Has header "sys/param.h" : YES 
Has header "sys/mount.h" : YES 
Has header "time.h" : YES 
Has header "wchar.h" : YES 
Checking for function "link" : YES 
Checking for function "mkstemp" : YES 
Checking for function "mkostemp" : YES 
Checking for function "_mktemp_s" : NO 
Checking for function "mkdtemp" : YES 
Checking for function "getopt" : YES 
Checking for function "getopt_long" : YES 
Checking for function "getprogname" : YES 
Checking for function "getexecname" : NO 
Checking for function "rand" : YES 
Checking for function "random" : YES 
Checking for function "lrand48" : YES 
Checking for function "random_r" : NO 
Checking for function "rand_r" : YES 
Checking for function "readlink" : YES 
Checking for function "fstatvfs" : YES 
Checking for function "fstatfs" : YES 
Checking for function "lstat" : YES 
Checking for function "strerror" : YES 
Checking for function "strerror_r" : YES 
Checking for function "mmap" : YES 
Checking for function "vprintf" : YES 
Checking for function "vsnprintf" : YES 
Checking for function "vsprintf" : YES 
Checking for function "getpagesize" : YES 
Checking for function "getpid" : YES 
Checking for function "dcgettext" : NO 
Checking for function "gettext" : NO 
Checking for function "localtime_r" : YES 
Checking for function "FT_Get_BDF_Property" with dependency freetype2: YES 
Checking for function "FT_Get_PS_Font_Info" with dependency freetype2: YES 
Checking for function "FT_Has_PS_Glyph_Names" with dependency freetype2: YES 
Checking for function "FT_Get_X11_Font_Format" with dependency freetype2: YES 
Checking for function "FT_Done_MM_Var" with dependency freetype2: YES 
Header "fcntl.h" has symbol "posix_fadvise" : NO 
Checking whether type "struct statvfs" has member "f_basetype" : NO 
Checking whether type "struct statvfs" has member "f_fstypename" : NO 
Checking whether type "struct statfs" has member "f_flags" : NO 
Checking whether type "struct statfs" has member "f_fstypename" : NO 
Checking whether type "struct stat" has member "st_mtim" : NO 
Checking whether type "struct dirent" has member "d_type" : YES 
Checking for size of "void *" : 8 
Checking for alignment of "void *" : 8 
Checking for alignment of "double" : 8 
Checking if "stdatomic.h atomics" links: YES 
Checking if "Intel atomics" links: YES 
Checking if "Solaris atomic ops" links: NO 
Run-time dependency threads found: YES
Has header "pthread.h" : YES 
Program gperf found: YES (/usr/bin/gperf)
Message: gperf len type is unsigned
Checking for type "uint64_t" : YES 
Checking for type "int32_t" : YES 
Checking for type "uintptr_t" : YES 
Checking for type "intptr_t" : YES 
Configuring fontconfig.h using configuration
Program fc-case.py found: YES (/Users/runner/work/Rayforge-iOS-ipa/Rayforge-iOS-ipa/fontconfig-src/fc-case/fc-case.py)
Program fc-lang.py found: YES (/Users/runner/work/Rayforge-iOS-ipa/Rayforge-iOS-ipa/fontconfig-src/fc-lang/fc-lang.py)
WARNING: Build target preprocessor_0 has no sources. This was never supposed to be allowed but did because of a bug, support will be removed in a future release of Meson
Found pkg-config: YES (/opt/homebrew/bin/pkg-config) 2.5.1
Program write-35-lang-normalize-conf.py found: YES (/Users/runner/work/Rayforge-iOS-ipa/Rayforge-iOS-ipa/fontconfig-src/conf.d/write-35-lang-normalize-conf.py)
Configuring README using configuration
Program xgettext skipped: feature nls disabled
Configuring meson-config.h using configuration
Configuring fonts.conf using configuration
Build targets in project: 11

fontconfig 2.17.1

  General
    Documentation              : NO
    NLS                        : NO
    Tests                      : NO
    Pytest                     : NO
    Tools                      : NO
    iconv                      : NO
    XML backend                : expat
    Fontations support         : disabled

  Defaults
    Hinting                    : slight
    Sub Pixel Rendering        : none
    Bitmap                     : no-except-emoji
    Font directories           : /System/Library/Fonts, /Library/Fonts,
                                 ~/Library/Fonts,
                                 /System/Library/Assets/com_apple_MobileAsset_Font3,
                                 /System/Library/Assets/com_apple_MobileAsset_Font4
    Additional font directories:

  Paths
    Cache directory            : /Users/runner/work/Rayforge-iOS-ipa/Rayforge-iOS-ipa/ios-out/var/cache/fontconfig
    Template directory         : /Users/runner/work/Rayforge-iOS-ipa/Rayforge-iOS-ipa/ios-out/share/fontconfig/conf.avail
    Base config directory      : /Users/runner/work/Rayforge-iOS-ipa/Rayforge-iOS-ipa/ios-out/etc/fonts
    Config directory           : /Users/runner/work/Rayforge-iOS-ipa/Rayforge-iOS-ipa/ios-out/etc/fonts/conf.d
    XML directory              : /Users/runner/work/Rayforge-iOS-ipa/Rayforge-iOS-ipa/ios-out/share/xml/fontconfig

  User defined options
    Cross files                : /Users/runner/work/Rayforge-iOS-ipa/Rayforge-iOS-ipa/ios-arm64-cross.txt
    buildtype                  : release
    default_library            : static
    doc                        : disabled
    nls                        : disabled
    prefix                     : /Users/runner/work/Rayforge-iOS-ipa/Rayforge-iOS-ipa/ios-out
    tests                      : disabled
    tools                      : disabled

Found ninja-1.13.2 at /opt/homebrew/bin/ninja
ninja: Entering directory `fc-build'
[1/40] Compiling C object src/preprocessor_0.p/fcobjshash.gperf.h.i
[2/40] Generating alias_headers with a custom command
[3/40] Generating ft_alias_headers with a custom command
[4/40] Copying file fcstdint.h
[5/40] Generating fc-case/fccase.h with a custom command
[6/40] Generating src/fcobjshash.gperf with a custom command
[7/40] Generating conf.d/35-lang-normalize.conf with a custom command
[8/40] Generating src/fcobjshash.h with a custom command
[9/40] Generating fc-lang/fclang.h with a custom command
[10/40] Compiling C object libfontconfig.a.p/src_fcatomic.c.o
[11/40] Compiling C object libfontconfig.a.p/src_fccompat.c.o
[12/40] Compiling C object libfontconfig.a.p/src_fcdbg.c.o
[13/40] Compiling C object libfontconfig.a.p/src_fccharset.c.o
[14/40] Compiling C object src/libpatternlib_internal.a.p/fcpat.c.o
[15/40] Compiling C object libfontconfig.a.p/src_fccache.c.o
[16/40] Compiling C object libfontconfig.a.p/src_fcdefault.c.o
[17/40] Compiling C object libfontconfig.a.p/src_fcfs.c.o
[18/40] Compiling C object libfontconfig.a.p/src_fcdir.c.o
[19/40] Compiling C object libfontconfig.a.p/src_fcptrlist.c.o
[20/40] Compiling C object libfontconfig.a.p/src_fchash.c.o
[21/40] Compiling C object libfontconfig.a.p/src_fcinit.c.o
[22/40] Compiling C object libfontconfig.a.p/src_fccfg.c.o
[23/40] Compiling C object libfontconfig.a.p/src_fcformat.c.o
[24/40] Compiling C object libfontconfig.a.p/src_fclist.c.o
[25/40] Compiling C object libfontconfig.a.p/src_fcmatrix.c.o
[26/40] Compiling C object libfontconfig.a.p/src_fcobjs.c.o
[27/40] Compiling C object libfontconfig.a.p/src_fclang.c.o
[28/40] Compiling C object libfontconfig.a.p/src_fcname.c.o
[29/40] Compiling C object libfontconfig.a.p/src_fcrange.c.o
[30/40] Compiling C object libfontconfig.a.p/src_fcserialize.c.o
[31/40] Compiling C object libfontconfig.a.p/src_fcstat.c.o
[32/40] Compiling C object libfontconfig.a.p/src_fcfreetype.c.o
../fontconfig-src/src/fcfreetype.c:687:14: warning: unused variable 'redecoded' [-Wunused-variable]
  687 |     FcBool   redecoded = FcFalse;
      |              ^~~~~~~~~
1 warning generated.
[33/40] Compiling C object libfontconfig.a.p/src_fcweight.c.o
[34/40] Compiling C object libfontconfig.a.p/src_fcmatch.c.o
[35/40] Linking static target src/libpatternlib_internal.a
[36/40] Compiling C object libfontconfig.a.p/src_ftglue.c.o
[37/40] Compiling C object libfontconfig.a.p/src_fcstr.c.o
[38/40] Compiling C object libfontconfig.a.p/src_fcxml.c.o
[39/40] Linking static target libfontconfig.a
[39/40] Installing files
Installing libfontconfig.a to /Users/runner/work/Rayforge-iOS-ipa/Rayforge-iOS-ipa/ios-out/lib
Installing conf.d/35-lang-normalize.conf to /Users/runner/work/Rayforge-iOS-ipa/Rayforge-iOS-ipa/ios-out/share/fontconfig/conf.avail
Installing /Users/runner/work/Rayforge-iOS-ipa/Rayforge-iOS-ipa/fc-build/fontconfig/fontconfig.h to /Users/runner/work/Rayforge-iOS-ipa/Rayforge-iOS-ipa/ios-out/include/fontconfig
Installing /Users/runner/work/Rayforge-iOS-ipa/Rayforge-iOS-ipa/fontconfig-src/fontconfig/fcfreetype.h to /Users/runner/work/Rayforge-iOS-ipa/Rayforge-iOS-ipa/ios-out/include/fontconfig
Installing /Users/runner/work/Rayforge-iOS-ipa/Rayforge-iOS-ipa/fontconfig-src/fontconfig/fcprivate.h to /Users/runner/work/Rayforge-iOS-ipa/Rayforge-iOS-ipa/ios-out/include/fontconfig
Installing new directory /Users/runner/work/Rayforge-iOS-ipa/Rayforge-iOS-ipa/ios-out/var/cache/fontconfig
Installing /Users/runner/work/Rayforge-iOS-ipa/Rayforge-iOS-ipa/fc-build/meson-private/fontconfig.pc to /Users/runner/work/Rayforge-iOS-ipa/Rayforge-iOS-ipa/ios-out/lib/pkgconfig
Installing /Users/runner/work/Rayforge-iOS-ipa/Rayforge-iOS-ipa/fontconfig-src/conf.d/05-reset-dirs-sample.conf to /Users/runner/work/Rayforge-iOS-ipa/Rayforge-iOS-ipa/ios-out/share/fontconfig/conf.avail
Installing /Users/runner/work/Rayforge-iOS-ipa/Rayforge-iOS-ipa/fontconfig-src/conf.d/09-autohint-if-no-hinting.conf to /Users/runner/work/Rayforge-iOS-ipa/Rayforge-iOS-ipa/ios-out/share/fontconfig/conf.avail
Installing /Users/runner/work/Rayforge-iOS-ipa/Rayforge-iOS-ipa/fontconfig-src/conf.d/10-autohint.conf to /Users/runner/work/Rayforge-iOS-ipa/Rayforge-iOS-ipa/ios-out/share/fontconfig/conf.avail
Installing /Users/runner/work/Rayforge-iOS-ipa/Rayforge-iOS-ipa/fontconfig-src/conf.d/10-hinting-full.conf to /Users/runner/work/Rayforge-iOS-ipa/Rayforge-iOS-ipa/ios-out/share/fontconfig/conf.avail
Installing /Users/runner/work/Rayforge-iOS-ipa/Rayforge-iOS-ipa/fontconfig-src/conf.d/10-hinting-medium.conf to /Users/runner/work/Rayforge-iOS-ipa/Rayforge-iOS-ipa/ios-out/share/fontconfig/conf.avail
Installing /Users/runner/work/Rayforge-iOS-ipa/Rayforge-iOS-ipa/fontconfig-src/conf.d/10-hinting-none.conf to /Users/runner/work/Rayforge-iOS-ipa/Rayforge-iOS-ipa/ios-out/share/fontconfig/conf.avail
Installing /Users/runner/work/Rayforge-iOS-ipa/Rayforge-iOS-ipa/fontconfig-src/conf.d/10-hinting-slight.conf to /Users/runner/work/Rayforge-iOS-ipa/Rayforge-iOS-ipa/ios-out/share/fontconfig/conf.avail
Installing /Users/runner/work/Rayforge-iOS-ipa/Rayforge-iOS-ipa/fontconfig-src/conf.d/10-no-antialias.conf to /Users/runner/work/Rayforge-iOS-ipa/Rayforge-iOS-ipa/ios-out/share/fontconfig/conf.avail
Installing /Users/runner/work/Rayforge-iOS-ipa/Rayforge-iOS-ipa/fontconfig-src/conf.d/10-scale-bitmap-fonts.conf to /Users/runner/work/Rayforge-iOS-ipa/Rayforge-iOS-ipa/ios-out/share/fontconfig/conf.avail
Installing /Users/runner/work/Rayforge-iOS-ipa/Rayforge-iOS-ipa/fontconfig-src/conf.d/10-sub-pixel-bgr.conf to /Users/runner/work/Rayforge-iOS-ipa/Rayforge-iOS-ipa/ios-out/share/fontconfig/conf.avail
Installing /Users/runner/work/Rayforge-iOS-ipa/Rayforge-iOS-ipa/fontconfig-src/conf.d/10-sub-pixel-none.conf to /Users/runner/work/Rayforge-iOS-ipa/Rayforge-iOS-ipa/ios-out/share/fontconfig/conf.avail
Installing /Users/runner/work/Rayforge-iOS-ipa/Rayforge-iOS-ipa/fontconfig-src/conf.d/10-sub-pixel-rgb.conf to /Users/runner/work/Rayforge-iOS-ipa/Rayforge-iOS-ipa/ios-out/share/fontconfig/conf.avail
Installing /Users/runner/work/Rayforge-iOS-ipa/Rayforge-iOS-ipa/fontconfig-src/conf.d/10-sub-pixel-vbgr.conf to /Users/runner/work/Rayforge-iOS-ipa/Rayforge-iOS-ipa/ios-out/share/fontconfig/conf.avail
Installing /Users/runner/work/Rayforge-iOS-ipa/Rayforge-iOS-ipa/fontconfig-src/conf.d/10-sub-pixel-vrgb.conf to /Users/runner/work/Rayforge-iOS-ipa/Rayforge-iOS-ipa/ios-out/share/fontconfig/conf.avail
Installing /Users/runner/work/Rayforge-iOS-ipa/Rayforge-iOS-ipa/fontconfig-src/conf.d/10-unhinted.conf to /Users/runner/work/Rayforge-iOS-ipa/Rayforge-iOS-ipa/ios-out/share/fontconfig/conf.avail
Installing /Users/runner/work/Rayforge-iOS-ipa/Rayforge-iOS-ipa/fontconfig-src/conf.d/10-yes-antialias.conf to /Users/runner/work/Rayforge-iOS-ipa/Rayforge-iOS-ipa/ios-out/share/fontconfig/conf.avail
Installing /Users/runner/work/Rayforge-iOS-ipa/Rayforge-iOS-ipa/fontconfig-src/conf.d/11-lcdfilter-default.conf to /Users/runner/work/Rayforge-iOS-ipa/Rayforge-iOS-ipa/ios-out/share/fontconfig/conf.avail
Installing /Users/runner/work/Rayforge-iOS-ipa/Rayforge-iOS-ipa/fontconfig-src/conf.d/11-lcdfilter-legacy.conf to /Users/runner/work/Rayforge-iOS-ipa/Rayforge-iOS-ipa/ios-out/share/fontconfig/conf.avail
Installing /Users/runner/work/Rayforge-iOS-ipa/Rayforge-iOS-ipa/fontconfig-src/conf.d/11-lcdfilter-light.conf to /Users/runner/work/Rayforge-iOS-ipa/Rayforge-iOS-ipa/ios-out/share/fontconfig/conf.avail
Installing /Users/runner/work/Rayforge-iOS-ipa/Rayforge-iOS-ipa/fontconfig-src/conf.d/11-lcdfilter-none.conf to /Users/runner/work/Rayforge-iOS-ipa/Rayforge-iOS-ipa/ios-out/share/fontconfig/conf.avail
Installing /Users/runner/work/Rayforge-iOS-ipa/Rayforge-iOS-ipa/fontconfig-src/conf.d/20-unhint-small-vera.conf to /Users/runner/work/Rayforge-iOS-ipa/Rayforge-iOS-ipa/ios-out/share/fontconfig/conf.avail
Installing /Users/runner/work/Rayforge-iOS-ipa/Rayforge-iOS-ipa/fontconfig-src/conf.d/25-unhint-nonlatin.conf to /Users/runner/work/Rayforge-iOS-ipa/Rayforge-iOS-ipa/ios-out/share/fontconfig/conf.avail
Installing /Users/runner/work/Rayforge-iOS-ipa/Rayforge-iOS-ipa/fontconfig-src/conf.d/30-metric-aliases.conf to /Users/runner/work/Rayforge-iOS-ipa/Rayforge-iOS-ipa/ios-out/share/fontconfig/conf.avail
Installing /Users/runner/work/Rayforge-iOS-ipa/Rayforge-iOS-ipa/fontconfig-src/conf.d/40-nonlatin.conf to /Users/runner/work/Rayforge-iOS-ipa/Rayforge-iOS-ipa/ios-out/share/fontconfig/conf.avail
Installing /Users/runner/work/Rayforge-iOS-ipa/Rayforge-iOS-ipa/fontconfig-src/conf.d/45-generic.conf to /Users/runner/work/Rayforge-iOS-ipa/Rayforge-iOS-ipa/ios-out/share/fontconfig/conf.avail
Installing /Users/runner/work/Rayforge-iOS-ipa/Rayforge-iOS-ipa/fontconfig-src/conf.d/45-latin.conf to /Users/runner/work/Rayforge-iOS-ipa/Rayforge-iOS-ipa/ios-out/share/fontconfig/conf.avail
Installing /Users/runner/work/Rayforge-iOS-ipa/Rayforge-iOS-ipa/fontconfig-src/conf.d/48-guessfamily.conf to /Users/runner/work/Rayforge-iOS-ipa/Rayforge-iOS-ipa/ios-out/share/fontconfig/conf.avail
Installing /Users/runner/work/Rayforge-iOS-ipa/Rayforge-iOS-ipa/fontconfig-src/conf.d/48-spacing.conf to /Users/runner/work/Rayforge-iOS-ipa/Rayforge-iOS-ipa/ios-out/share/fontconfig/conf.avail
Installing /Users/runner/work/Rayforge-iOS-ipa/Rayforge-iOS-ipa/fontconfig-src/conf.d/49-sansserif.conf to /Users/runner/work/Rayforge-iOS-ipa/Rayforge-iOS-ipa/ios-out/share/fontconfig/conf.avail
Installing /Users/runner/work/Rayforge-iOS-ipa/Rayforge-iOS-ipa/fontconfig-src/conf.d/50-user.conf to /Users/runner/work/Rayforge-iOS-ipa/Rayforge-iOS-ipa/ios-out/share/fontconfig/conf.avail
Installing /Users/runner/work/Rayforge-iOS-ipa/Rayforge-iOS-ipa/fontconfig-src/conf.d/51-local.conf to /Users/runner/work/Rayforge-iOS-ipa/Rayforge-iOS-ipa/ios-out/share/fontconfig/conf.avail
Installing /Users/runner/work/Rayforge-iOS-ipa/Rayforge-iOS-ipa/fontconfig-src/conf.d/60-generic.conf to /Users/runner/work/Rayforge-iOS-ipa/Rayforge-iOS-ipa/ios-out/share/fontconfig/conf.avail
Installing /Users/runner/work/Rayforge-iOS-ipa/Rayforge-iOS-ipa/fontconfig-src/conf.d/60-latin.conf to /Users/runner/work/Rayforge-iOS-ipa/Rayforge-iOS-ipa/ios-out/share/fontconfig/conf.avail
Installing /Users/runner/work/Rayforge-iOS-ipa/Rayforge-iOS-ipa/fontconfig-src/conf.d/65-fonts-persian.conf to /Users/runner/work/Rayforge-iOS-ipa/Rayforge-iOS-ipa/ios-out/share/fontconfig/conf.avail
Installing /Users/runner/work/Rayforge-iOS-ipa/Rayforge-iOS-ipa/fontconfig-src/conf.d/65-khmer.conf to /Users/runner/work/Rayforge-iOS-ipa/Rayforge-iOS-ipa/ios-out/share/fontconfig/conf.avail
Installing /Users/runner/work/Rayforge-iOS-ipa/Rayforge-iOS-ipa/fontconfig-src/conf.d/65-nonlatin.conf to /Users/runner/work/Rayforge-iOS-ipa/Rayforge-iOS-ipa/ios-out/share/fontconfig/conf.avail
Installing /Users/runner/work/Rayforge-iOS-ipa/Rayforge-iOS-ipa/fontconfig-src/conf.d/69-unifont.conf to /Users/runner/work/Rayforge-iOS-ipa/Rayforge-iOS-ipa/ios-out/share/fontconfig/conf.avail
Installing /Users/runner/work/Rayforge-iOS-ipa/Rayforge-iOS-ipa/fontconfig-src/conf.d/70-no-bitmaps.conf to /Users/runner/work/Rayforge-iOS-ipa/Rayforge-iOS-ipa/ios-out/share/fontconfig/conf.avail
Installing /Users/runner/work/Rayforge-iOS-ipa/Rayforge-iOS-ipa/fontconfig-src/conf.d/70-no-bitmaps-and-emoji.conf to /Users/runner/work/Rayforge-iOS-ipa/Rayforge-iOS-ipa/ios-out/share/fontconfig/conf.avail
Installing /Users/runner/work/Rayforge-iOS-ipa/Rayforge-iOS-ipa/fontconfig-src/conf.d/70-no-bitmaps-except-emoji.conf to /Users/runner/work/Rayforge-iOS-ipa/Rayforge-iOS-ipa/ios-out/share/fontconfig/conf.avail
Installing /Users/runner/work/Rayforge-iOS-ipa/Rayforge-iOS-ipa/fontconfig-src/conf.d/70-yes-bitmaps.conf to /Users/runner/work/Rayforge-iOS-ipa/Rayforge-iOS-ipa/ios-out/share/fontconfig/conf.avail
Installing /Users/runner/work/Rayforge-iOS-ipa/Rayforge-iOS-ipa/fontconfig-src/conf.d/80-delicious.conf to /Users/runner/work/Rayforge-iOS-ipa/Rayforge-iOS-ipa/ios-out/share/fontconfig/conf.avail
Installing /Users/runner/work/Rayforge-iOS-ipa/Rayforge-iOS-ipa/fontconfig-src/conf.d/90-synthetic.conf to /Users/runner/work/Rayforge-iOS-ipa/Rayforge-iOS-ipa/ios-out/share/fontconfig/conf.avail
Installing /Users/runner/work/Rayforge-iOS-ipa/Rayforge-iOS-ipa/fc-build/conf.d/README to /Users/runner/work/Rayforge-iOS-ipa/Rayforge-iOS-ipa/ios-out/etc/fonts/conf.d
Installing /Users/runner/work/Rayforge-iOS-ipa/Rayforge-iOS-ipa/fontconfig-src/its/fontconfig.its to /Users/runner/work/Rayforge-iOS-ipa/Rayforge-iOS-ipa/ios-out/share/gettext/its
Installing /Users/runner/work/Rayforge-iOS-ipa/Rayforge-iOS-ipa/fontconfig-src/its/fontconfig.loc to /Users/runner/work/Rayforge-iOS-ipa/Rayforge-iOS-ipa/ios-out/share/gettext/its
Installing /Users/runner/work/Rayforge-iOS-ipa/Rayforge-iOS-ipa/fc-build/fonts.conf to /Users/runner/work/Rayforge-iOS-ipa/Rayforge-iOS-ipa/ios-out/etc/fonts
Installing /Users/runner/work/Rayforge-iOS-ipa/Rayforge-iOS-ipa/fontconfig-src/fonts.dtd to /Users/runner/work/Rayforge-iOS-ipa/Rayforge-iOS-ipa/ios-out/share/xml/fontconfig
Running custom install script '/opt/homebrew/opt/python@3.14/bin/python3.14 /Users/runner/work/Rayforge-iOS-ipa/Rayforge-iOS-ipa/fontconfig-src/conf.d/link_confs.py /Users/runner/work/Rayforge-iOS-ipa/Rayforge-iOS-ipa/ios-out/share/fontconfig/conf.avail /Users/runner/work/Rayforge-iOS-ipa/Rayforge-iOS-ipa/ios-out/etc/fonts/conf.d 10-scale-bitmap-fonts.conf 10-yes-antialias.conf 11-lcdfilter-default.conf 20-unhint-small-vera.conf 30-metric-aliases.conf 40-nonlatin.conf 45-generic.conf 45-latin.conf 48-spacing.conf 49-sansserif.conf 50-user.conf 51-local.conf 60-generic.conf 60-latin.conf 65-fonts-persian.conf 65-nonlatin.conf 69-unifont.conf 80-delicious.conf 90-synthetic.conf 10-hinting-slight.conf 10-sub-pixel-none.conf 70-no-bitmaps-except-emoji.conf'
