ninja: Entering directory `gtk-build'
[1/15] Generating profile-conf with a custom command (wrapped by meson to capture output)
[1/2] Installing files
Installing gdk/version/gdkversionmacros.h to /Users/runner/work/Rayforge-iOS-ipa/Rayforge-iOS-ipa/ios-out/include/gtk-4.0/gdk/version
Installing gdk/version/gdk-visibility.h to /Users/runner/work/Rayforge-iOS-ipa/Rayforge-iOS-ipa/ios-out/include/gtk-4.0/gdk/version
Installing gtk/css/gtkcssenumtypes.h to /Users/runner/work/Rayforge-iOS-ipa/Rayforge-iOS-ipa/ios-out/include/gtk-4.0/gtk/css
Installing gdk/gdkenumtypes.h to /Users/runner/work/Rayforge-iOS-ipa/Rayforge-iOS-ipa/ios-out/include/gtk-4.0/gdk
Installing gsk/gskenumtypes.h to /Users/runner/work/Rayforge-iOS-ipa/Rayforge-iOS-ipa/ios-out/include/gtk-4.0/gsk
Installing gtk/bn.gresource to /Users/runner/work/Rayforge-iOS-ipa/Rayforge-iOS-ipa/ios-out/share/gtk-4.0/emoji
Installing gtk/de.gresource to /Users/runner/work/Rayforge-iOS-ipa/Rayforge-iOS-ipa/ios-out/share/gtk-4.0/emoji
Installing gtk/da.gresource to /Users/runner/work/Rayforge-iOS-ipa/Rayforge-iOS-ipa/ios-out/share/gtk-4.0/emoji
Installing gtk/fr.gresource to /Users/runner/work/Rayforge-iOS-ipa/Rayforge-iOS-ipa/ios-out/share/gtk-4.0/emoji
Installing gtk/es.gresource to /Users/runner/work/Rayforge-iOS-ipa/Rayforge-iOS-ipa/ios-out/share/gtk-4.0/emoji
Installing gtk/et.gresource to /Users/runner/work/Rayforge-iOS-ipa/Rayforge-iOS-ipa/ios-out/share/gtk-4.0/emoji
Installing gtk/fi.gresource to /Users/runner/work/Rayforge-iOS-ipa/Rayforge-iOS-ipa/ios-out/share/gtk-4.0/emoji
Installing gtk/hi.gresource to /Users/runner/work/Rayforge-iOS-ipa/Rayforge-iOS-ipa/ios-out/share/gtk-4.0/emoji
Installing gtk/hu.gresource to /Users/runner/work/Rayforge-iOS-ipa/Rayforge-iOS-ipa/ios-out/share/gtk-4.0/emoji
Installing gtk/it.gresource to /Users/runner/work/Rayforge-iOS-ipa/Rayforge-iOS-ipa/ios-out/share/gtk-4.0/emoji
Installing gtk/ja.gresource to /Users/runner/work/Rayforge-iOS-ipa/Rayforge-iOS-ipa/ios-out/share/gtk-4.0/emoji
Installing gtk/ko.gresource to /Users/runner/work/Rayforge-iOS-ipa/Rayforge-iOS-ipa/ios-out/share/gtk-4.0/emoji
Installing gtk/lt.gresource to /Users/runner/work/Rayforge-iOS-ipa/Rayforge-iOS-ipa/ios-out/share/gtk-4.0/emoji
Installing gtk/ms.gresource to /Users/runner/work/Rayforge-iOS-ipa/Rayforge-iOS-ipa/ios-out/share/gtk-4.0/emoji
Installing gtk/nb.gresource to /Users/runner/work/Rayforge-iOS-ipa/Rayforge-iOS-ipa/ios-out/share/gtk-4.0/emoji
Installing gtk/nl.gresource to /Users/runner/work/Rayforge-iOS-ipa/Rayforge-iOS-ipa/ios-out/share/gtk-4.0/emoji
Installing gtk/pl.gresource to /Users/runner/work/Rayforge-iOS-ipa/Rayforge-iOS-ipa/ios-out/share/gtk-4.0/emoji
Installing gtk/pt.gresource to /Users/runner/work/Rayforge-iOS-ipa/Rayforge-iOS-ipa/ios-out/share/gtk-4.0/emoji
Installing gtk/ru.gresource to /Users/runner/work/Rayforge-iOS-ipa/Rayforge-iOS-ipa/ios-out/share/gtk-4.0/emoji
Installing gtk/sv.gresource to /Users/runner/work/Rayforge-iOS-ipa/Rayforge-iOS-ipa/ios-out/share/gtk-4.0/emoji
Installing gtk/th.gresource to /Users/runner/work/Rayforge-iOS-ipa/Rayforge-iOS-ipa/ios-out/share/gtk-4.0/emoji
Installing gtk/uk.gresource to /Users/runner/work/Rayforge-iOS-ipa/Rayforge-iOS-ipa/ios-out/share/gtk-4.0/emoji
Installing gtk/zh.gresource to /Users/runner/work/Rayforge-iOS-ipa/Rayforge-iOS-ipa/ios-out/share/gtk-4.0/emoji
Installing gtk/gtktypebuiltins.h to /Users/runner/work/Rayforge-iOS-ipa/Rayforge-iOS-ipa/ios-out/include/gtk-4.0/gtk
Installing gtk/libgtk-4.1.dylib to /Users/runner/work/Rayforge-iOS-ipa/Rayforge-iOS-ipa/ios-out/lib
Installing tools/gtk4-path-tool to /Users/runner/work/Rayforge-iOS-ipa/Rayforge-iOS-ipa/ios-out/bin
Installing tools/gtk4-query-settings to /Users/runner/work/Rayforge-iOS-ipa/Rayforge-iOS-ipa/ios-out/bin
Installing tools/gtk4-builder-tool to /Users/runner/work/Rayforge-iOS-ipa/Rayforge-iOS-ipa/ios-out/bin
Installing tools/gtk4-rendernode-tool to /Users/runner/work/Rayforge-iOS-ipa/Rayforge-iOS-ipa/ios-out/bin
Installing tools/gtk4-image-tool to /Users/runner/work/Rayforge-iOS-ipa/Rayforge-iOS-ipa/ios-out/bin
Installing tools/gtk4-update-icon-cache to /Users/runner/work/Rayforge-iOS-ipa/Rayforge-iOS-ipa/ios-out/bin
Installing tools/gtk4-encode-symbolic-svg to /Users/runner/work/Rayforge-iOS-ipa/Rayforge-iOS-ipa/ios-out/bin
Installing tools/gtk4-launch to /Users/runner/work/Rayforge-iOS-ipa/Rayforge-iOS-ipa/ios-out/bin
Installing po/ab/LC_MESSAGES/gtk40.mo to /Users/runner/work/Rayforge-iOS-ipa/Rayforge-iOS-ipa/ios-out/share/locale/ab/LC_MESSAGES
Installing po/af/LC_MESSAGES/gtk40.mo to /Users/runner/work/Rayforge-iOS-ipa/Rayforge-iOS-ipa/ios-out/share/locale/af/LC_MESSAGES
Installing po/am/LC_MESSAGES/gtk40.mo to /Users/runner/work/Rayforge-iOS-ipa/Rayforge-iOS-ipa/ios-out/share/locale/am/LC_MESSAGES
Installing po/an/LC_MESSAGES/gtk40.mo to /Users/runner/work/Rayforge-iOS-ipa/Rayforge-iOS-ipa/ios-out/share/locale/an/LC_MESSAGES
Installing po/ang/LC_MESSAGES/gtk40.mo to /Users/runner/work/Rayforge-iOS-ipa/Rayforge-iOS-ipa/ios-out/share/locale/ang/LC_MESSAGES
Installing po/ar/LC_MESSAGES/gtk40.mo to /Users/runner/work/Rayforge-iOS-ipa/Rayforge-iOS-ipa/ios-out/share/locale/ar/LC_MESSAGES
Installing po/as/LC_MESSAGES/gtk40.mo to /Users/runner/work/Rayforge-iOS-ipa/Rayforge-iOS-ipa/ios-out/share/locale/as/LC_MESSAGES
Installing po/ast/LC_MESSAGES/gtk40.mo to /Users/runner/work/Rayforge-iOS-ipa/Rayforge-iOS-ipa/ios-out/share/locale/ast/LC_MESSAGES
Installing po/az/LC_MESSAGES/gtk40.mo to /Users/runner/work/Rayforge-iOS-ipa/Rayforge-iOS-ipa/ios-out/share/locale/az/LC_MESSAGES
Installing po/az_IR/LC_MESSAGES/gtk40.mo to /Users/runner/work/Rayforge-iOS-ipa/Rayforge-iOS-ipa/ios-out/share/locale/az_IR/LC_MESSAGES
Installing po/be/LC_MESSAGES/gtk40.mo to /Users/runner/work/Rayforge-iOS-ipa/Rayforge-iOS-ipa/ios-out/share/locale/be/LC_MESSAGES
Installing po/be@latin/LC_MESSAGES/gtk40.mo to /Users/runner/work/Rayforge-iOS-ipa/Rayforge-iOS-ipa/ios-out/share/locale/be@latin/LC_MESSAGES
Installing po/bg/LC_MESSAGES/gtk40.mo to /Users/runner/work/Rayforge-iOS-ipa/Rayforge-iOS-ipa/ios-out/share/locale/bg/LC_MESSAGES
Installing po/bn/LC_MESSAGES/gtk40.mo to /Users/runner/work/Rayforge-iOS-ipa/Rayforge-iOS-ipa/ios-out/share/locale/bn/LC_MESSAGES
Installing po/bn_IN/LC_MESSAGES/gtk40.mo to /Users/runner/work/Rayforge-iOS-ipa/Rayforge-iOS-ipa/ios-out/share/locale/bn_IN/LC_MESSAGES
Installing po/br/LC_MESSAGES/gtk40.mo to /Users/runner/work/Rayforge-iOS-ipa/Rayforge-iOS-ipa/ios-out/share/locale/br/LC_MESSAGES
Installing po/bs/LC_MESSAGES/gtk40.mo to /Users/runner/work/Rayforge-iOS-ipa/Rayforge-iOS-ipa/ios-out/share/locale/bs/LC_MESSAGES
Installing po/ca/LC_MESSAGES/gtk40.mo to /Users/runner/work/Rayforge-iOS-ipa/Rayforge-iOS-ipa/ios-out/share/locale/ca/LC_MESSAGES
Installing po/ca@valencia/LC_MESSAGES/gtk40.mo to /Users/runner/work/Rayforge-iOS-ipa/Rayforge-iOS-ipa/ios-out/share/locale/ca@valencia/LC_MESSAGES
Installing po/crh/LC_MESSAGES/gtk40.mo to /Users/runner/work/Rayforge-iOS-ipa/Rayforge-iOS-ipa/ios-out/share/locale/crh/LC_MESSAGES
Installing po/cs/LC_MESSAGES/gtk40.mo to /Users/runner/work/Rayforge-iOS-ipa/Rayforge-iOS-ipa/ios-out/share/locale/cs/LC_MESSAGES
Installing po/cy/LC_MESSAGES/gtk40.mo to /Users/runner/work/Rayforge-iOS-ipa/Rayforge-iOS-ipa/ios-out/share/locale/cy/LC_MESSAGES
Installing po/da/LC_MESSAGES/gtk40.mo to /Users/runner/work/Rayforge-iOS-ipa/Rayforge-iOS-ipa/ios-out/share/locale/da/LC_MESSAGES
Installing po/de/LC_MESSAGES/gtk40.mo to /Users/runner/work/Rayforge-iOS-ipa/Rayforge-iOS-ipa/ios-out/share/locale/de/LC_MESSAGES
Installing po/dz/LC_MESSAGES/gtk40.mo to /Users/runner/work/Rayforge-iOS-ipa/Rayforge-iOS-ipa/ios-out/share/locale/dz/LC_MESSAGES
Installing po/el/LC_MESSAGES/gtk40.mo to /Users/runner/work/Rayforge-iOS-ipa/Rayforge-iOS-ipa/ios-out/share/locale/el/LC_MESSAGES
Installing po/en/LC_MESSAGES/gtk40.mo to /Users/runner/work/Rayforge-iOS-ipa/Rayforge-iOS-ipa/ios-out/share/locale/en/LC_MESSAGES
Installing po/en_CA/LC_MESSAGES/gtk40.mo to /Users/runner/work/Rayforge-iOS-ipa/Rayforge-iOS-ipa/ios-out/share/locale/en_CA/LC_MESSAGES
Installing po/en_GB/LC_MESSAGES/gtk40.mo to /Users/runner/work/Rayforge-iOS-ipa/Rayforge-iOS-ipa/ios-out/share/locale/en_GB/LC_MESSAGES
Installing po/en@shaw/LC_MESSAGES/gtk40.mo to /Users/runner/work/Rayforge-iOS-ipa/Rayforge-iOS-ipa/ios-out/share/locale/en@shaw/LC_MESSAGES
Installing po/eo/LC_MESSAGES/gtk40.mo to /Users/runner/work/Rayforge-iOS-ipa/Rayforge-iOS-ipa/ios-out/share/locale/eo/LC_MESSAGES
Installing po/es/LC_MESSAGES/gtk40.mo to /Users/runner/work/Rayforge-iOS-ipa/Rayforge-iOS-ipa/ios-out/share/locale/es/LC_MESSAGES
Installing po/et/LC_MESSAGES/gtk40.mo to /Users/runner/work/Rayforge-iOS-ipa/Rayforge-iOS-ipa/ios-out/share/locale/et/LC_MESSAGES
Installing po/eu/LC_MESSAGES/gtk40.mo to /Users/runner/work/Rayforge-iOS-ipa/Rayforge-iOS-ipa/ios-out/share/locale/eu/LC_MESSAGES
Installing po/fa/LC_MESSAGES/gtk40.mo to /Users/runner/work/Rayforge-iOS-ipa/Rayforge-iOS-ipa/ios-out/share/locale/fa/LC_MESSAGES
Installing po/fi/LC_MESSAGES/gtk40.mo to /Users/runner/work/Rayforge-iOS-ipa/Rayforge-iOS-ipa/ios-out/share/locale/fi/LC_MESSAGES
Installing po/fr/LC_MESSAGES/gtk40.mo to /Users/runner/work/Rayforge-iOS-ipa/Rayforge-iOS-ipa/ios-out/share/locale/fr/LC_MESSAGES
Installing po/fur/LC_MESSAGES/gtk40.mo to /Users/runner/work/Rayforge-iOS-ipa/Rayforge-iOS-ipa/ios-out/share/locale/fur/LC_MESSAGES
Installing po/ga/LC_MESSAGES/gtk40.mo to /Users/runner/work/Rayforge-iOS-ipa/Rayforge-iOS-ipa/ios-out/share/locale/ga/LC_MESSAGES
Installing po/gd/LC_MESSAGES/gtk40.mo to /Users/runner/work/Rayforge-iOS-ipa/Rayforge-iOS-ipa/ios-out/share/locale/gd/LC_MESSAGES
Installing po/gl/LC_MESSAGES/gtk40.mo to /Users/runner/work/Rayforge-iOS-ipa/Rayforge-iOS-ipa/ios-out/share/locale/gl/LC_MESSAGES
Installing po/gu/LC_MESSAGES/gtk40.mo to /Users/runner/work/Rayforge-iOS-ipa/Rayforge-iOS-ipa/ios-out/share/locale/gu/LC_MESSAGES
Installing po/he/LC_MESSAGES/gtk40.mo to /Users/runner/work/Rayforge-iOS-ipa/Rayforge-iOS-ipa/ios-out/share/locale/he/LC_MESSAGES
Installing po/hi/LC_MESSAGES/gtk40.mo to /Users/runner/work/Rayforge-iOS-ipa/Rayforge-iOS-ipa/ios-out/share/locale/hi/LC_MESSAGES
Installing po/hr/LC_MESSAGES/gtk40.mo to /Users/runner/work/Rayforge-iOS-ipa/Rayforge-iOS-ipa/ios-out/share/locale/hr/LC_MESSAGES
Installing po/hu/LC_MESSAGES/gtk40.mo to /Users/runner/work/Rayforge-iOS-ipa/Rayforge-iOS-ipa/ios-out/share/locale/hu/LC_MESSAGES
Installing po/hy/LC_MESSAGES/gtk40.mo to /Users/runner/work/Rayforge-iOS-ipa/Rayforge-iOS-ipa/ios-out/share/locale/hy/LC_MESSAGES
Installing po/ia/LC_MESSAGES/gtk40.mo to /Users/runner/work/Rayforge-iOS-ipa/Rayforge-iOS-ipa/ios-out/share/locale/ia/LC_MESSAGES
Installing po/id/LC_MESSAGES/gtk40.mo to /Users/runner/work/Rayforge-iOS-ipa/Rayforge-iOS-ipa/ios-out/share/locale/id/LC_MESSAGES
Installing po/ie/LC_MESSAGES/gtk40.mo to /Users/runner/work/Rayforge-iOS-ipa/Rayforge-iOS-ipa/ios-out/share/locale/ie/LC_MESSAGES
Installing po/io/LC_MESSAGES/gtk40.mo to /Users/runner/work/Rayforge-iOS-ipa/Rayforge-iOS-ipa/ios-out/share/locale/io/LC_MESSAGES
Installing po/is/LC_MESSAGES/gtk40.mo to /Users/runner/work/Rayforge-iOS-ipa/Rayforge-iOS-ipa/ios-out/share/locale/is/LC_MESSAGES
Installing po/it/LC_MESSAGES/gtk40.mo to /Users/runner/work/Rayforge-iOS-ipa/Rayforge-iOS-ipa/ios-out/share/locale/it/LC_MESSAGES
Installing po/ja/LC_MESSAGES/gtk40.mo to /Users/runner/work/Rayforge-iOS-ipa/Rayforge-iOS-ipa/ios-out/share/locale/ja/LC_MESSAGES
Installing po/ka/LC_MESSAGES/gtk40.mo to /Users/runner/work/Rayforge-iOS-ipa/Rayforge-iOS-ipa/ios-out/share/locale/ka/LC_MESSAGES
Installing po/kab/LC_MESSAGES/gtk40.mo to /Users/runner/work/Rayforge-iOS-ipa/Rayforge-iOS-ipa/ios-out/share/locale/kab/LC_MESSAGES
Installing po/kk/LC_MESSAGES/gtk40.mo to /Users/runner/work/Rayforge-iOS-ipa/Rayforge-iOS-ipa/ios-out/share/locale/kk/LC_MESSAGES
Installing po/km/LC_MESSAGES/gtk40.mo to /Users/runner/work/Rayforge-iOS-ipa/Rayforge-iOS-ipa/ios-out/share/locale/km/LC_MESSAGES
Installing po/kn/LC_MESSAGES/gtk40.mo to /Users/runner/work/Rayforge-iOS-ipa/Rayforge-iOS-ipa/ios-out/share/locale/kn/LC_MESSAGES
Installing po/ko/LC_MESSAGES/gtk40.mo to /Users/runner/work/Rayforge-iOS-ipa/Rayforge-iOS-ipa/ios-out/share/locale/ko/LC_MESSAGES
Installing po/ku/LC_MESSAGES/gtk40.mo to /Users/runner/work/Rayforge-iOS-ipa/Rayforge-iOS-ipa/ios-out/share/locale/ku/LC_MESSAGES
Installing po/ky/LC_MESSAGES/gtk40.mo to /Users/runner/work/Rayforge-iOS-ipa/Rayforge-iOS-ipa/ios-out/share/locale/ky/LC_MESSAGES
Installing po/lg/LC_MESSAGES/gtk40.mo to /Users/runner/work/Rayforge-iOS-ipa/Rayforge-iOS-ipa/ios-out/share/locale/lg/LC_MESSAGES
Installing po/li/LC_MESSAGES/gtk40.mo to /Users/runner/work/Rayforge-iOS-ipa/Rayforge-iOS-ipa/ios-out/share/locale/li/LC_MESSAGES
Installing po/lt/LC_MESSAGES/gtk40.mo to /Users/runner/work/Rayforge-iOS-ipa/Rayforge-iOS-ipa/ios-out/share/locale/lt/LC_MESSAGES
Installing po/lv/LC_MESSAGES/gtk40.mo to /Users/runner/work/Rayforge-iOS-ipa/Rayforge-iOS-ipa/ios-out/share/locale/lv/LC_MESSAGES
Installing po/mai/LC_MESSAGES/gtk40.mo to /Users/runner/work/Rayforge-iOS-ipa/Rayforge-iOS-ipa/ios-out/share/locale/mai/LC_MESSAGES
Installing po/mi/LC_MESSAGES/gtk40.mo to /Users/runner/work/Rayforge-iOS-ipa/Rayforge-iOS-ipa/ios-out/share/locale/mi/LC_MESSAGES
Installing po/mjw/LC_MESSAGES/gtk40.mo to /Users/runner/work/Rayforge-iOS-ipa/Rayforge-iOS-ipa/ios-out/share/locale/mjw/LC_MESSAGES
Installing po/mk/LC_MESSAGES/gtk40.mo to /Users/runner/work/Rayforge-iOS-ipa/Rayforge-iOS-ipa/ios-out/share/locale/mk/LC_MESSAGES
Installing po/ml/LC_MESSAGES/gtk40.mo to /Users/runner/work/Rayforge-iOS-ipa/Rayforge-iOS-ipa/ios-out/share/locale/ml/LC_MESSAGES
Installing po/mn/LC_MESSAGES/gtk40.mo to /Users/runner/work/Rayforge-iOS-ipa/Rayforge-iOS-ipa/ios-out/share/locale/mn/LC_MESSAGES
Installing po/mr/LC_MESSAGES/gtk40.mo to /Users/runner/work/Rayforge-iOS-ipa/Rayforge-iOS-ipa/ios-out/share/locale/mr/LC_MESSAGES
Installing po/ms/LC_MESSAGES/gtk40.mo to /Users/runner/work/Rayforge-iOS-ipa/Rayforge-iOS-ipa/ios-out/share/locale/ms/LC_MESSAGES
Installing po/my/LC_MESSAGES/gtk40.mo to /Users/runner/work/Rayforge-iOS-ipa/Rayforge-iOS-ipa/ios-out/share/locale/my/LC_MESSAGES
Installing po/nb/LC_MESSAGES/gtk40.mo to /Users/runner/work/Rayforge-iOS-ipa/Rayforge-iOS-ipa/ios-out/share/locale/nb/LC_MESSAGES
Installing po/nds/LC_MESSAGES/gtk40.mo to /Users/runner/work/Rayforge-iOS-ipa/Rayforge-iOS-ipa/ios-out/share/locale/nds/LC_MESSAGES
Installing po/ne/LC_MESSAGES/gtk40.mo to /Users/runner/work/Rayforge-iOS-ipa/Rayforge-iOS-ipa/ios-out/share/locale/ne/LC_MESSAGES
Installing po/nl/LC_MESSAGES/gtk40.mo to /Users/runner/work/Rayforge-iOS-ipa/Rayforge-iOS-ipa/ios-out/share/locale/nl/LC_MESSAGES
Installing po/nn/LC_MESSAGES/gtk40.mo to /Users/runner/work/Rayforge-iOS-ipa/Rayforge-iOS-ipa/ios-out/share/locale/nn/LC_MESSAGES
Installing po/nso/LC_MESSAGES/gtk40.mo to /Users/runner/work/Rayforge-iOS-ipa/Rayforge-iOS-ipa/ios-out/share/locale/nso/LC_MESSAGES
Installing po/oc/LC_MESSAGES/gtk40.mo to /Users/runner/work/Rayforge-iOS-ipa/Rayforge-iOS-ipa/ios-out/share/locale/oc/LC_MESSAGES
Installing po/or/LC_MESSAGES/gtk40.mo to /Users/runner/work/Rayforge-iOS-ipa/Rayforge-iOS-ipa/ios-out/share/locale/or/LC_MESSAGES
Installing po/pa/LC_MESSAGES/gtk40.mo to /Users/runner/work/Rayforge-iOS-ipa/Rayforge-iOS-ipa/ios-out/share/locale/pa/LC_MESSAGES
Installing po/pl/LC_MESSAGES/gtk40.mo to /Users/runner/work/Rayforge-iOS-ipa/Rayforge-iOS-ipa/ios-out/share/locale/pl/LC_MESSAGES
Installing po/ps/LC_MESSAGES/gtk40.mo to /Users/runner/work/Rayforge-iOS-ipa/Rayforge-iOS-ipa/ios-out/share/locale/ps/LC_MESSAGES
Installing po/pt/LC_MESSAGES/gtk40.mo to /Users/runner/work/Rayforge-iOS-ipa/Rayforge-iOS-ipa/ios-out/share/locale/pt/LC_MESSAGES
Installing po/pt_BR/LC_MESSAGES/gtk40.mo to /Users/runner/work/Rayforge-iOS-ipa/Rayforge-iOS-ipa/ios-out/share/locale/pt_BR/LC_MESSAGES
Installing po/ro/LC_MESSAGES/gtk40.mo to /Users/runner/work/Rayforge-iOS-ipa/Rayforge-iOS-ipa/ios-out/share/locale/ro/LC_MESSAGES
Installing po/ru/LC_MESSAGES/gtk40.mo to /Users/runner/work/Rayforge-iOS-ipa/Rayforge-iOS-ipa/ios-out/share/locale/ru/LC_MESSAGES
Installing po/rw/LC_MESSAGES/gtk40.mo to /Users/runner/work/Rayforge-iOS-ipa/Rayforge-iOS-ipa/ios-out/share/locale/rw/LC_MESSAGES
Installing po/si/LC_MESSAGES/gtk40.mo to /Users/runner/work/Rayforge-iOS-ipa/Rayforge-iOS-ipa/ios-out/share/locale/si/LC_MESSAGES
Installing po/sk/LC_MESSAGES/gtk40.mo to /Users/runner/work/Rayforge-iOS-ipa/Rayforge-iOS-ipa/ios-out/share/locale/sk/LC_MESSAGES
Installing po/sl/LC_MESSAGES/gtk40.mo to /Users/runner/work/Rayforge-iOS-ipa/Rayforge-iOS-ipa/ios-out/share/locale/sl/LC_MESSAGES
Installing po/sq/LC_MESSAGES/gtk40.mo to /Users/runner/work/Rayforge-iOS-ipa/Rayforge-iOS-ipa/ios-out/share/locale/sq/LC_MESSAGES
Installing po/sr/LC_MESSAGES/gtk40.mo to /Users/runner/work/Rayforge-iOS-ipa/Rayforge-iOS-ipa/ios-out/share/locale/sr/LC_MESSAGES
Installing po/sr@ije/LC_MESSAGES/gtk40.mo to /Users/runner/work/Rayforge-iOS-ipa/Rayforge-iOS-ipa/ios-out/share/locale/sr@ije/LC_MESSAGES
Installing po/sr@latin/LC_MESSAGES/gtk40.mo to /Users/runner/work/Rayforge-iOS-ipa/Rayforge-iOS-ipa/ios-out/share/locale/sr@latin/LC_MESSAGES
Installing po/sv/LC_MESSAGES/gtk40.mo to /Users/runner/work/Rayforge-iOS-ipa/Rayforge-iOS-ipa/ios-out/share/locale/sv/LC_MESSAGES
Installing po/ta/LC_MESSAGES/gtk40.mo to /Users/runner/work/Rayforge-iOS-ipa/Rayforge-iOS-ipa/ios-out/share/locale/ta/LC_MESSAGES
Installing po/te/LC_MESSAGES/gtk40.mo to /Users/runner/work/Rayforge-iOS-ipa/Rayforge-iOS-ipa/ios-out/share/locale/te/LC_MESSAGES
Installing po/tg/LC_MESSAGES/gtk40.mo to /Users/runner/work/Rayforge-iOS-ipa/Rayforge-iOS-ipa/ios-out/share/locale/tg/LC_MESSAGES
Installing po/th/LC_MESSAGES/gtk40.mo to /Users/runner/work/Rayforge-iOS-ipa/Rayforge-iOS-ipa/ios-out/share/locale/th/LC_MESSAGES
Installing po/tr/LC_MESSAGES/gtk40.mo to /Users/runner/work/Rayforge-iOS-ipa/Rayforge-iOS-ipa/ios-out/share/locale/tr/LC_MESSAGES
Installing po/tt/LC_MESSAGES/gtk40.mo to /Users/runner/work/Rayforge-iOS-ipa/Rayforge-iOS-ipa/ios-out/share/locale/tt/LC_MESSAGES
Installing po/ug/LC_MESSAGES/gtk40.mo to /Users/runner/work/Rayforge-iOS-ipa/Rayforge-iOS-ipa/ios-out/share/locale/ug/LC_MESSAGES
Installing po/uk/LC_MESSAGES/gtk40.mo to /Users/runner/work/Rayforge-iOS-ipa/Rayforge-iOS-ipa/ios-out/share/locale/uk/LC_MESSAGES
Installing po/ur/LC_MESSAGES/gtk40.mo to /Users/runner/work/Rayforge-iOS-ipa/Rayforge-iOS-ipa/ios-out/share/locale/ur/LC_MESSAGES
Installing po/uz/LC_MESSAGES/gtk40.mo to /Users/runner/work/Rayforge-iOS-ipa/Rayforge-iOS-ipa/ios-out/share/locale/uz/LC_MESSAGES
Installing po/uz@cyrillic/LC_MESSAGES/gtk40.mo to /Users/runner/work/Rayforge-iOS-ipa/Rayforge-iOS-ipa/ios-out/share/locale/uz@cyrillic/LC_MESSAGES
Installing po/vi/LC_MESSAGES/gtk40.mo to /Users/runner/work/Rayforge-iOS-ipa/Rayforge-iOS-ipa/ios-out/share/locale/vi/LC_MESSAGES
Installing po/wa/LC_MESSAGES/gtk40.mo to /Users/runner/work/Rayforge-iOS-ipa/Rayforge-iOS-ipa/ios-out/share/locale/wa/LC_MESSAGES
Installing po/xh/LC_MESSAGES/gtk40.mo to /Users/runner/work/Rayforge-iOS-ipa/Rayforge-iOS-ipa/ios-out/share/locale/xh/LC_MESSAGES
Installing po/yi/LC_MESSAGES/gtk40.mo to /Users/runner/work/Rayforge-iOS-ipa/Rayforge-iOS-ipa/ios-out/share/locale/yi/LC_MESSAGES
Installing po/zh_CN/LC_MESSAGES/gtk40.mo to /Users/runner/work/Rayforge-iOS-ipa/Rayforge-iOS-ipa/ios-out/share/locale/zh_CN/LC_MESSAGES
Installing po/zh_HK/LC_MESSAGES/gtk40.mo to /Users/runner/work/Rayforge-iOS-ipa/Rayforge-iOS-ipa/ios-out/share/locale/zh_HK/LC_MESSAGES
Installing po/zh_TW/LC_MESSAGES/gtk40.mo to /Users/runner/work/Rayforge-iOS-ipa/Rayforge-iOS-ipa/ios-out/share/locale/zh_TW/LC_MESSAGES
Installing /Users/runner/work/Rayforge-iOS-ipa/Rayforge-iOS-ipa/gtk-src/gtk/css/gtkcssenums.h to /Users/runner/work/Rayforge-iOS-ipa/Rayforge-iOS-ipa/ios-out/include/gtk-4.0/gtk/css
Installing /Users/runner/work/Rayforge-iOS-ipa/Rayforge-iOS-ipa/gtk-src/gtk/css/gtkcsserror.h to /Users/runner/work/Rayforge-iOS-ipa/Rayforge-iOS-ipa/ios-out/include/gtk-4.0/gtk/css
Installing /Users/runner/work/Rayforge-iOS-ipa/Rayforge-iOS-ipa/gtk-src/gtk/css/gtkcsslocation.h to /Users/runner/work/Rayforge-iOS-ipa/Rayforge-iOS-ipa/ios-out/include/gtk-4.0/gtk/css
Installing /Users/runner/work/Rayforge-iOS-ipa/Rayforge-iOS-ipa/gtk-src/gtk/css/gtkcsssection.h to /Users/runner/work/Rayforge-iOS-ipa/Rayforge-iOS-ipa/ios-out/include/gtk-4.0/gtk/css
Installing /Users/runner/work/Rayforge-iOS-ipa/Rayforge-iOS-ipa/gtk-src/gtk/css/gtkcss.h to /Users/runner/work/Rayforge-iOS-ipa/Rayforge-iOS-ipa/ios-out/include/gtk-4.0/gtk/css
Installing /Users/runner/work/Rayforge-iOS-ipa/Rayforge-iOS-ipa/gtk-src/gdk/gdk.h to /Users/runner/work/Rayforge-iOS-ipa/Rayforge-iOS-ipa/ios-out/include/gtk-4.0/gdk
Installing /Users/runner/work/Rayforge-iOS-ipa/Rayforge-iOS-ipa/gtk-src/gdk/gdkapplaunchcontext.h to /Users/runner/work/Rayforge-iOS-ipa/Rayforge-iOS-ipa/ios-out/include/gtk-4.0/gdk
Installing /Users/runner/work/Rayforge-iOS-ipa/Rayforge-iOS-ipa/gtk-src/gdk/gdkcairo.h to /Users/runner/work/Rayforge-iOS-ipa/Rayforge-iOS-ipa/ios-out/include/gtk-4.0/gdk
Installing /Users/runner/work/Rayforge-iOS-ipa/Rayforge-iOS-ipa/gtk-src/gdk/gdkcairocontext.h to /Users/runner/work/Rayforge-iOS-ipa/Rayforge-iOS-ipa/ios-out/include/gtk-4.0/gdk
Installing /Users/runner/work/Rayforge-iOS-ipa/Rayforge-iOS-ipa/gtk-src/gdk/gdkcicpparams.h to /Users/runner/work/Rayforge-iOS-ipa/Rayforge-iOS-ipa/ios-out/include/gtk-4.0/gdk
Installing /Users/runner/work/Rayforge-iOS-ipa/Rayforge-iOS-ipa/gtk-src/gdk/gdkclipboard.h to /Users/runner/work/Rayforge-iOS-ipa/Rayforge-iOS-ipa/ios-out/include/gtk-4.0/gdk
Installing /Users/runner/work/Rayforge-iOS-ipa/Rayforge-iOS-ipa/gtk-src/gdk/gdkcolorstate.h to /Users/runner/work/Rayforge-iOS-ipa/Rayforge-iOS-ipa/ios-out/include/gtk-4.0/gdk
Installing /Users/runner/work/Rayforge-iOS-ipa/Rayforge-iOS-ipa/gtk-src/gdk/gdkcontentdeserializer.h to /Users/runner/work/Rayforge-iOS-ipa/Rayforge-iOS-ipa/ios-out/include/gtk-4.0/gdk
Installing /Users/runner/work/Rayforge-iOS-ipa/Rayforge-iOS-ipa/gtk-src/gdk/gdkcontentformats.h to /Users/runner/work/Rayforge-iOS-ipa/Rayforge-iOS-ipa/ios-out/include/gtk-4.0/gdk
Installing /Users/runner/work/Rayforge-iOS-ipa/Rayforge-iOS-ipa/gtk-src/gdk/gdkcontentprovider.h to /Users/runner/work/Rayforge-iOS-ipa/Rayforge-iOS-ipa/ios-out/include/gtk-4.0/gdk
Installing /Users/runner/work/Rayforge-iOS-ipa/Rayforge-iOS-ipa/gtk-src/gdk/gdkcontentproviderimpl.h to /Users/runner/work/Rayforge-iOS-ipa/Rayforge-iOS-ipa/ios-out/include/gtk-4.0/gdk
Installing /Users/runner/work/Rayforge-iOS-ipa/Rayforge-iOS-ipa/gtk-src/gdk/gdkcontentserializer.h to /Users/runner/work/Rayforge-iOS-ipa/Rayforge-iOS-ipa/ios-out/include/gtk-4.0/gdk
Installing /Users/runner/work/Rayforge-iOS-ipa/Rayforge-iOS-ipa/gtk-src/gdk/gdkcursor.h to /Users/runner/work/Rayforge-iOS-ipa/Rayforge-iOS-ipa/ios-out/include/gtk-4.0/gdk
Installing /Users/runner/work/Rayforge-iOS-ipa/Rayforge-iOS-ipa/gtk-src/gdk/gdkdevice.h to /Users/runner/work/Rayforge-iOS-ipa/Rayforge-iOS-ipa/ios-out/include/gtk-4.0/gdk
Installing /Users/runner/work/Rayforge-iOS-ipa/Rayforge-iOS-ipa/gtk-src/gdk/gdkdevicepad.h to /Users/runner/work/Rayforge-iOS-ipa/Rayforge-iOS-ipa/ios-out/include/gtk-4.0/gdk
Installing /Users/runner/work/Rayforge-iOS-ipa/Rayforge-iOS-ipa/gtk-src/gdk/gdkdevicetool.h to /Users/runner/work/Rayforge-iOS-ipa/Rayforge-iOS-ipa/ios-out/include/gtk-4.0/gdk
Installing /Users/runner/work/Rayforge-iOS-ipa/Rayforge-iOS-ipa/gtk-src/gdk/gdkdisplay.h to /Users/runner/work/Rayforge-iOS-ipa/Rayforge-iOS-ipa/ios-out/include/gtk-4.0/gdk
Installing /Users/runner/work/Rayforge-iOS-ipa/Rayforge-iOS-ipa/gtk-src/gdk/gdkdisplaymanager.h to /Users/runner/work/Rayforge-iOS-ipa/Rayforge-iOS-ipa/ios-out/include/gtk-4.0/gdk
Installing /Users/runner/work/Rayforge-iOS-ipa/Rayforge-iOS-ipa/gtk-src/gdk/gdkdrag.h to /Users/runner/work/Rayforge-iOS-ipa/Rayforge-iOS-ipa/ios-out/include/gtk-4.0/gdk
Installing /Users/runner/work/Rayforge-iOS-ipa/Rayforge-iOS-ipa/gtk-src/gdk/gdkdmabufformats.h to /Users/runner/work/Rayforge-iOS-ipa/Rayforge-iOS-ipa/ios-out/include/gtk-4.0/gdk
Installing /Users/runner/work/Rayforge-iOS-ipa/Rayforge-iOS-ipa/gtk-src/gdk/gdkdmabuftexture.h to /Users/runner/work/Rayforge-iOS-ipa/Rayforge-iOS-ipa/ios-out/include/gtk-4.0/gdk
Installing /Users/runner/work/Rayforge-iOS-ipa/Rayforge-iOS-ipa/gtk-src/gdk/gdkdmabuftexturebuilder.h to /Users/runner/work/Rayforge-iOS-ipa/Rayforge-iOS-ipa/ios-out/include/gtk-4.0/gdk
Installing /Users/runner/work/Rayforge-iOS-ipa/Rayforge-iOS-ipa/gtk-src/gdk/gdkdragsurfacesize.h to /Users/runner/work/Rayforge-iOS-ipa/Rayforge-iOS-ipa/ios-out/include/gtk-4.0/gdk
Installing /Users/runner/work/Rayforge-iOS-ipa/Rayforge-iOS-ipa/gtk-src/gdk/gdkdrawcontext.h to /Users/runner/work/Rayforge-iOS-ipa/Rayforge-iOS-ipa/ios-out/include/gtk-4.0/gdk
Installing /Users/runner/work/Rayforge-iOS-ipa/Rayforge-iOS-ipa/gtk-src/gdk/gdkdrop.h to /Users/runner/work/Rayforge-iOS-ipa/Rayforge-iOS-ipa/ios-out/include/gtk-4.0/gdk
Installing /Users/runner/work/Rayforge-iOS-ipa/Rayforge-iOS-ipa/gtk-src/gdk/gdkenums.h to /Users/runner/work/Rayforge-iOS-ipa/Rayforge-iOS-ipa/ios-out/include/gtk-4.0/gdk
Installing /Users/runner/work/Rayforge-iOS-ipa/Rayforge-iOS-ipa/gtk-src/gdk/gdkevents.h to /Users/runner/work/Rayforge-iOS-ipa/Rayforge-iOS-ipa/ios-out/include/gtk-4.0/gdk
Installing /Users/runner/work/Rayforge-iOS-ipa/Rayforge-iOS-ipa/gtk-src/gdk/gdkframeclock.h to /Users/runner/work/Rayforge-iOS-ipa/Rayforge-iOS-ipa/ios-out/include/gtk-4.0/gdk
Installing /Users/runner/work/Rayforge-iOS-ipa/Rayforge-iOS-ipa/gtk-src/gdk/gdkframetimings.h to /Users/runner/work/Rayforge-iOS-ipa/Rayforge-iOS-ipa/ios-out/include/gtk-4.0/gdk
Installing /Users/runner/work/Rayforge-iOS-ipa/Rayforge-iOS-ipa/gtk-src/gdk/gdkglcontext.h to /Users/runner/work/Rayforge-iOS-ipa/Rayforge-iOS-ipa/ios-out/include/gtk-4.0/gdk
Installing /Users/runner/work/Rayforge-iOS-ipa/Rayforge-iOS-ipa/gtk-src/gdk/gdkgltexture.h to /Users/runner/work/Rayforge-iOS-ipa/Rayforge-iOS-ipa/ios-out/include/gtk-4.0/gdk
Installing /Users/runner/work/Rayforge-iOS-ipa/Rayforge-iOS-ipa/gtk-src/gdk/gdkgltexturebuilder.h to /Users/runner/work/Rayforge-iOS-ipa/Rayforge-iOS-ipa/ios-out/include/gtk-4.0/gdk
Installing /Users/runner/work/Rayforge-iOS-ipa/Rayforge-iOS-ipa/gtk-src/gdk/gdkkeys.h to /Users/runner/work/Rayforge-iOS-ipa/Rayforge-iOS-ipa/ios-out/include/gtk-4.0/gdk
Installing /Users/runner/work/Rayforge-iOS-ipa/Rayforge-iOS-ipa/gtk-src/gdk/gdkkeysyms.h to /Users/runner/work/Rayforge-iOS-ipa/Rayforge-iOS-ipa/ios-out/include/gtk-4.0/gdk
Installing /Users/runner/work/Rayforge-iOS-ipa/Rayforge-iOS-ipa/gtk-src/gdk/gdkmemorytexture.h to /Users/runner/work/Rayforge-iOS-ipa/Rayforge-iOS-ipa/ios-out/include/gtk-4.0/gdk
Installing /Users/runner/work/Rayforge-iOS-ipa/Rayforge-iOS-ipa/gtk-src/gdk/gdkmemorytexturebuilder.h to /Users/runner/work/Rayforge-iOS-ipa/Rayforge-iOS-ipa/ios-out/include/gtk-4.0/gdk
Installing /Users/runner/work/Rayforge-iOS-ipa/Rayforge-iOS-ipa/gtk-src/gdk/gdkmonitor.h to /Users/runner/work/Rayforge-iOS-ipa/Rayforge-iOS-ipa/ios-out/include/gtk-4.0/gdk
Installing /Users/runner/work/Rayforge-iOS-ipa/Rayforge-iOS-ipa/gtk-src/gdk/gdkpaintable.h to /Users/runner/work/Rayforge-iOS-ipa/Rayforge-iOS-ipa/ios-out/include/gtk-4.0/gdk
Installing /Users/runner/work/Rayforge-iOS-ipa/Rayforge-iOS-ipa/gtk-src/gdk/gdkpango.h to /Users/runner/work/Rayforge-iOS-ipa/Rayforge-iOS-ipa/ios-out/include/gtk-4.0/gdk
Installing /Users/runner/work/Rayforge-iOS-ipa/Rayforge-iOS-ipa/gtk-src/gdk/gdkrectangle.h to /Users/runner/work/Rayforge-iOS-ipa/Rayforge-iOS-ipa/ios-out/include/gtk-4.0/gdk
Installing /Users/runner/work/Rayforge-iOS-ipa/Rayforge-iOS-ipa/gtk-src/gdk/gdkrgba.h to /Users/runner/work/Rayforge-iOS-ipa/Rayforge-iOS-ipa/ios-out/include/gtk-4.0/gdk
Installing /Users/runner/work/Rayforge-iOS-ipa/Rayforge-iOS-ipa/gtk-src/gdk/gdkseat.h to /Users/runner/work/Rayforge-iOS-ipa/Rayforge-iOS-ipa/ios-out/include/gtk-4.0/gdk
Installing /Users/runner/work/Rayforge-iOS-ipa/Rayforge-iOS-ipa/gtk-src/gdk/gdksnapshot.h to /Users/runner/work/Rayforge-iOS-ipa/Rayforge-iOS-ipa/ios-out/include/gtk-4.0/gdk
Installing /Users/runner/work/Rayforge-iOS-ipa/Rayforge-iOS-ipa/gtk-src/gdk/gdktexture.h to /Users/runner/work/Rayforge-iOS-ipa/Rayforge-iOS-ipa/ios-out/include/gtk-4.0/gdk
Installing /Users/runner/work/Rayforge-iOS-ipa/Rayforge-iOS-ipa/gtk-src/gdk/gdktexturedownloader.h to /Users/runner/work/Rayforge-iOS-ipa/Rayforge-iOS-ipa/ios-out/include/gtk-4.0/gdk
Installing /Users/runner/work/Rayforge-iOS-ipa/Rayforge-iOS-ipa/gtk-src/gdk/gdktypes.h to /Users/runner/work/Rayforge-iOS-ipa/Rayforge-iOS-ipa/ios-out/include/gtk-4.0/gdk
Installing /Users/runner/work/Rayforge-iOS-ipa/Rayforge-iOS-ipa/gtk-src/gdk/gdkvulkancontext.h to /Users/runner/work/Rayforge-iOS-ipa/Rayforge-iOS-ipa/ios-out/include/gtk-4.0/gdk
Installing /Users/runner/work/Rayforge-iOS-ipa/Rayforge-iOS-ipa/gtk-src/gdk/gdksurface.h to /Users/runner/work/Rayforge-iOS-ipa/Rayforge-iOS-ipa/ios-out/include/gtk-4.0/gdk
Installing /Users/runner/work/Rayforge-iOS-ipa/Rayforge-iOS-ipa/gtk-src/gdk/gdkpopuplayout.h to /Users/runner/work/Rayforge-iOS-ipa/Rayforge-iOS-ipa/ios-out/include/gtk-4.0/gdk
Installing /Users/runner/work/Rayforge-iOS-ipa/Rayforge-iOS-ipa/gtk-src/gdk/gdkpopup.h to /Users/runner/work/Rayforge-iOS-ipa/Rayforge-iOS-ipa/ios-out/include/gtk-4.0/gdk
Installing /Users/runner/work/Rayforge-iOS-ipa/Rayforge-iOS-ipa/gtk-src/gdk/gdktoplevellayout.h to /Users/runner/work/Rayforge-iOS-ipa/Rayforge-iOS-ipa/ios-out/include/gtk-4.0/gdk
Installing /Users/runner/work/Rayforge-iOS-ipa/Rayforge-iOS-ipa/gtk-src/gdk/gdktoplevelsize.h to /Users/runner/work/Rayforge-iOS-ipa/Rayforge-iOS-ipa/ios-out/include/gtk-4.0/gdk
Installing /Users/runner/work/Rayforge-iOS-ipa/Rayforge-iOS-ipa/gtk-src/gdk/gdktoplevel.h to /Users/runner/work/Rayforge-iOS-ipa/Rayforge-iOS-ipa/ios-out/include/gtk-4.0/gdk
Installing /Users/runner/work/Rayforge-iOS-ipa/Rayforge-iOS-ipa/gtk-src/gdk/gdkdragsurface.h to /Users/runner/work/Rayforge-iOS-ipa/Rayforge-iOS-ipa/ios-out/include/gtk-4.0/gdk
Installing /Users/runner/work/Rayforge-iOS-ipa/Rayforge-iOS-ipa/gtk-src/gdk/deprecated/gdkpixbuf.h to /Users/runner/work/Rayforge-iOS-ipa/Rayforge-iOS-ipa/ios-out/include/gtk-4.0/gdk/deprecated
Installing /Users/runner/work/Rayforge-iOS-ipa/Rayforge-iOS-ipa/gtk-src/gdk/ios/gdkios.h to /Users/runner/work/Rayforge-iOS-ipa/Rayforge-iOS-ipa/ios-out/include/gtk-4.0/gdk/ios
Installing /Users/runner/work/Rayforge-iOS-ipa/Rayforge-iOS-ipa/gtk-src/gsk/gskblendnode.h to /Users/runner/work/Rayforge-iOS-ipa/Rayforge-iOS-ipa/ios-out/include/gtk-4.0/gsk
Installing /Users/runner/work/Rayforge-iOS-ipa/Rayforge-iOS-ipa/gtk-src/gsk/gskblurnode.h to /Users/runner/work/Rayforge-iOS-ipa/Rayforge-iOS-ipa/ios-out/include/gtk-4.0/gsk
Installing /Users/runner/work/Rayforge-iOS-ipa/Rayforge-iOS-ipa/gtk-src/gsk/gskbordernode.h to /Users/runner/work/Rayforge-iOS-ipa/Rayforge-iOS-ipa/ios-out/include/gtk-4.0/gsk
Installing /Users/runner/work/Rayforge-iOS-ipa/Rayforge-iOS-ipa/gtk-src/gsk/gskcaironode.h to /Users/runner/work/Rayforge-iOS-ipa/Rayforge-iOS-ipa/ios-out/include/gtk-4.0/gsk
Installing /Users/runner/work/Rayforge-iOS-ipa/Rayforge-iOS-ipa/gtk-src/gsk/gskcairorenderer.h to /Users/runner/work/Rayforge-iOS-ipa/Rayforge-iOS-ipa/ios-out/include/gtk-4.0/gsk
Installing /Users/runner/work/Rayforge-iOS-ipa/Rayforge-iOS-ipa/gtk-src/gsk/gskclipnode.h to /Users/runner/work/Rayforge-iOS-ipa/Rayforge-iOS-ipa/ios-out/include/gtk-4.0/gsk
Installing /Users/runner/work/Rayforge-iOS-ipa/Rayforge-iOS-ipa/gtk-src/gsk/gskcolormatrixnode.h to /Users/runner/work/Rayforge-iOS-ipa/Rayforge-iOS-ipa/ios-out/include/gtk-4.0/gsk
Installing /Users/runner/work/Rayforge-iOS-ipa/Rayforge-iOS-ipa/gtk-src/gsk/gskcolornode.h to /Users/runner/work/Rayforge-iOS-ipa/Rayforge-iOS-ipa/ios-out/include/gtk-4.0/gsk
Installing /Users/runner/work/Rayforge-iOS-ipa/Rayforge-iOS-ipa/gtk-src/gsk/gskcomponenttransfer.h to /Users/runner/work/Rayforge-iOS-ipa/Rayforge-iOS-ipa/ios-out/include/gtk-4.0/gsk
Installing /Users/runner/work/Rayforge-iOS-ipa/Rayforge-iOS-ipa/gtk-src/gsk/gskcomponenttransfernode.h to /Users/runner/work/Rayforge-iOS-ipa/Rayforge-iOS-ipa/ios-out/include/gtk-4.0/gsk
Installing /Users/runner/work/Rayforge-iOS-ipa/Rayforge-iOS-ipa/gtk-src/gsk/gskcompositenode.h to /Users/runner/work/Rayforge-iOS-ipa/Rayforge-iOS-ipa/ios-out/include/gtk-4.0/gsk
Installing /Users/runner/work/Rayforge-iOS-ipa/Rayforge-iOS-ipa/gtk-src/gsk/gskconicgradientnode.h to /Users/runner/work/Rayforge-iOS-ipa/Rayforge-iOS-ipa/ios-out/include/gtk-4.0/gsk
Installing /Users/runner/work/Rayforge-iOS-ipa/Rayforge-iOS-ipa/gtk-src/gsk/gskcontainernode.h to /Users/runner/work/Rayforge-iOS-ipa/Rayforge-iOS-ipa/ios-out/include/gtk-4.0/gsk
Installing /Users/runner/work/Rayforge-iOS-ipa/Rayforge-iOS-ipa/gtk-src/gsk/gskcopynode.h to /Users/runner/work/Rayforge-iOS-ipa/Rayforge-iOS-ipa/ios-out/include/gtk-4.0/gsk
Installing /Users/runner/work/Rayforge-iOS-ipa/Rayforge-iOS-ipa/gtk-src/gsk/gskcrossfadenode.h to /Users/runner/work/Rayforge-iOS-ipa/Rayforge-iOS-ipa/ios-out/include/gtk-4.0/gsk
Installing /Users/runner/work/Rayforge-iOS-ipa/Rayforge-iOS-ipa/gtk-src/gsk/gskdebugnode.h to /Users/runner/work/Rayforge-iOS-ipa/Rayforge-iOS-ipa/ios-out/include/gtk-4.0/gsk
Installing /Users/runner/work/Rayforge-iOS-ipa/Rayforge-iOS-ipa/gtk-src/gsk/gskenums.h to /Users/runner/work/Rayforge-iOS-ipa/Rayforge-iOS-ipa/ios-out/include/gtk-4.0/gsk
Installing /Users/runner/work/Rayforge-iOS-ipa/Rayforge-iOS-ipa/gtk-src/gsk/gskfillnode.h to /Users/runner/work/Rayforge-iOS-ipa/Rayforge-iOS-ipa/ios-out/include/gtk-4.0/gsk
Installing /Users/runner/work/Rayforge-iOS-ipa/Rayforge-iOS-ipa/gtk-src/gsk/gskglshader.h to /Users/runner/work/Rayforge-iOS-ipa/Rayforge-iOS-ipa/ios-out/include/gtk-4.0/gsk
Installing /Users/runner/work/Rayforge-iOS-ipa/Rayforge-iOS-ipa/gtk-src/gsk/gskglshadernode.h to /Users/runner/work/Rayforge-iOS-ipa/Rayforge-iOS-ipa/ios-out/include/gtk-4.0/gsk
Installing /Users/runner/work/Rayforge-iOS-ipa/Rayforge-iOS-ipa/gtk-src/gsk/gskinsetshadownode.h to /Users/runner/work/Rayforge-iOS-ipa/Rayforge-iOS-ipa/ios-out/include/gtk-4.0/gsk
Installing /Users/runner/work/Rayforge-iOS-ipa/Rayforge-iOS-ipa/gtk-src/gsk/gskisolationnode.h to /Users/runner/work/Rayforge-iOS-ipa/Rayforge-iOS-ipa/ios-out/include/gtk-4.0/gsk
Installing /Users/runner/work/Rayforge-iOS-ipa/Rayforge-iOS-ipa/gtk-src/gsk/gsklineargradientnode.h to /Users/runner/work/Rayforge-iOS-ipa/Rayforge-iOS-ipa/ios-out/include/gtk-4.0/gsk
Installing /Users/runner/work/Rayforge-iOS-ipa/Rayforge-iOS-ipa/gtk-src/gsk/gskmasknode.h to /Users/runner/work/Rayforge-iOS-ipa/Rayforge-iOS-ipa/ios-out/include/gtk-4.0/gsk
Installing /Users/runner/work/Rayforge-iOS-ipa/Rayforge-iOS-ipa/gtk-src/gsk/gskopacitynode.h to /Users/runner/work/Rayforge-iOS-ipa/Rayforge-iOS-ipa/ios-out/include/gtk-4.0/gsk
Installing /Users/runner/work/Rayforge-iOS-ipa/Rayforge-iOS-ipa/gtk-src/gsk/gskoutsetshadownode.h to /Users/runner/work/Rayforge-iOS-ipa/Rayforge-iOS-ipa/ios-out/include/gtk-4.0/gsk
Installing /Users/runner/work/Rayforge-iOS-ipa/Rayforge-iOS-ipa/gtk-src/gsk/gskpastenode.h to /Users/runner/work/Rayforge-iOS-ipa/Rayforge-iOS-ipa/ios-out/include/gtk-4.0/gsk
Installing /Users/runner/work/Rayforge-iOS-ipa/Rayforge-iOS-ipa/gtk-src/gsk/gskpath.h to /Users/runner/work/Rayforge-iOS-ipa/Rayforge-iOS-ipa/ios-out/include/gtk-4.0/gsk
Installing /Users/runner/work/Rayforge-iOS-ipa/Rayforge-iOS-ipa/gtk-src/gsk/gskpathbuilder.h to /Users/runner/work/Rayforge-iOS-ipa/Rayforge-iOS-ipa/ios-out/include/gtk-4.0/gsk
Installing /Users/runner/work/Rayforge-iOS-ipa/Rayforge-iOS-ipa/gtk-src/gsk/gskpathmeasure.h to /Users/runner/work/Rayforge-iOS-ipa/Rayforge-iOS-ipa/ios-out/include/gtk-4.0/gsk
Installing /Users/runner/work/Rayforge-iOS-ipa/Rayforge-iOS-ipa/gtk-src/gsk/gskpathpoint.h to /Users/runner/work/Rayforge-iOS-ipa/Rayforge-iOS-ipa/ios-out/include/gtk-4.0/gsk
Installing /Users/runner/work/Rayforge-iOS-ipa/Rayforge-iOS-ipa/gtk-src/gsk/gskradialgradientnode.h to /Users/runner/work/Rayforge-iOS-ipa/Rayforge-iOS-ipa/ios-out/include/gtk-4.0/gsk
Installing /Users/runner/work/Rayforge-iOS-ipa/Rayforge-iOS-ipa/gtk-src/gsk/gskrenderer.h to /Users/runner/work/Rayforge-iOS-ipa/Rayforge-iOS-ipa/ios-out/include/gtk-4.0/gsk
Installing /Users/runner/work/Rayforge-iOS-ipa/Rayforge-iOS-ipa/gtk-src/gsk/gskrendernode.h to /Users/runner/work/Rayforge-iOS-ipa/Rayforge-iOS-ipa/ios-out/include/gtk-4.0/gsk
Installing /Users/runner/work/Rayforge-iOS-ipa/Rayforge-iOS-ipa/gtk-src/gsk/gskrenderreplay.h to /Users/runner/work/Rayforge-iOS-ipa/Rayforge-iOS-ipa/ios-out/include/gtk-4.0/gsk
Installing /Users/runner/work/Rayforge-iOS-ipa/Rayforge-iOS-ipa/gtk-src/gsk/gskrepeatnode.h to /Users/runner/work/Rayforge-iOS-ipa/Rayforge-iOS-ipa/ios-out/include/gtk-4.0/gsk
Installing /Users/runner/work/Rayforge-iOS-ipa/Rayforge-iOS-ipa/gtk-src/gsk/gskroundedclipnode.h to /Users/runner/work/Rayforge-iOS-ipa/Rayforge-iOS-ipa/ios-out/include/gtk-4.0/gsk
Installing /Users/runner/work/Rayforge-iOS-ipa/Rayforge-iOS-ipa/gtk-src/gsk/gskroundedrect.h to /Users/runner/work/Rayforge-iOS-ipa/Rayforge-iOS-ipa/ios-out/include/gtk-4.0/gsk
Installing /Users/runner/work/Rayforge-iOS-ipa/Rayforge-iOS-ipa/gtk-src/gsk/gskshadownode.h to /Users/runner/work/Rayforge-iOS-ipa/Rayforge-iOS-ipa/ios-out/include/gtk-4.0/gsk
Installing /Users/runner/work/Rayforge-iOS-ipa/Rayforge-iOS-ipa/gtk-src/gsk/gskstroke.h to /Users/runner/work/Rayforge-iOS-ipa/Rayforge-iOS-ipa/ios-out/include/gtk-4.0/gsk
Installing /Users/runner/work/Rayforge-iOS-ipa/Rayforge-iOS-ipa/gtk-src/gsk/gskstrokenode.h to /Users/runner/work/Rayforge-iOS-ipa/Rayforge-iOS-ipa/ios-out/include/gtk-4.0/gsk
Installing /Users/runner/work/Rayforge-iOS-ipa/Rayforge-iOS-ipa/gtk-src/gsk/gsksubsurfacenode.h to /Users/runner/work/Rayforge-iOS-ipa/Rayforge-iOS-ipa/ios-out/include/gtk-4.0/gsk
Installing /Users/runner/work/Rayforge-iOS-ipa/Rayforge-iOS-ipa/gtk-src/gsk/gsktextnode.h to /Users/runner/work/Rayforge-iOS-ipa/Rayforge-iOS-ipa/ios-out/include/gtk-4.0/gsk
Installing /Users/runner/work/Rayforge-iOS-ipa/Rayforge-iOS-ipa/gtk-src/gsk/gsktexturenode.h to /Users/runner/work/Rayforge-iOS-ipa/Rayforge-iOS-ipa/ios-out/include/gtk-4.0/gsk
Installing /Users/runner/work/Rayforge-iOS-ipa/Rayforge-iOS-ipa/gtk-src/gsk/gsktexturescalenode.h to /Users/runner/work/Rayforge-iOS-ipa/Rayforge-iOS-ipa/ios-out/include/gtk-4.0/gsk
Installing /Users/runner/work/Rayforge-iOS-ipa/Rayforge-iOS-ipa/gtk-src/gsk/gsktransform.h to /Users/runner/work/Rayforge-iOS-ipa/Rayforge-iOS-ipa/ios-out/include/gtk-4.0/gsk
Installing /Users/runner/work/Rayforge-iOS-ipa/Rayforge-iOS-ipa/gtk-src/gsk/gsktransformnode.h to /Users/runner/work/Rayforge-iOS-ipa/Rayforge-iOS-ipa/ios-out/include/gtk-4.0/gsk
Installing /Users/runner/work/Rayforge-iOS-ipa/Rayforge-iOS-ipa/gtk-src/gsk/gsktypes.h to /Users/runner/work/Rayforge-iOS-ipa/Rayforge-iOS-ipa/ios-out/include/gtk-4.0/gsk
Installing /Users/runner/work/Rayforge-iOS-ipa/Rayforge-iOS-ipa/gtk-src/gsk/gsk.h to /Users/runner/work/Rayforge-iOS-ipa/Rayforge-iOS-ipa/ios-out/include/gtk-4.0/gsk
Installing /Users/runner/work/Rayforge-iOS-ipa/Rayforge-iOS-ipa/gtk-src/gsk/gl/gskglrenderer.h to /Users/runner/work/Rayforge-iOS-ipa/Rayforge-iOS-ipa/ios-out/include/gtk-4.0/gsk/gl
Installing /Users/runner/work/Rayforge-iOS-ipa/Rayforge-iOS-ipa/gtk-src/gsk/gpu/gskvulkanrenderer.h to /Users/runner/work/Rayforge-iOS-ipa/Rayforge-iOS-ipa/ios-out/include/gtk-4.0/gsk/gpu
Installing /Users/runner/work/Rayforge-iOS-ipa/Rayforge-iOS-ipa/gtk-src/gsk/gpu/gskglrenderer.h to /Users/runner/work/Rayforge-iOS-ipa/Rayforge-iOS-ipa/ios-out/include/gtk-4.0/gsk/gpu
Installing /Users/runner/work/Rayforge-iOS-ipa/Rayforge-iOS-ipa/gtk-src/gtk/a11y/gtkatspisocket.h to /Users/runner/work/Rayforge-iOS-ipa/Rayforge-iOS-ipa/ios-out/include/gtk-4.0/gtk/a11y
Installing /Users/runner/work/Rayforge-iOS-ipa/Rayforge-iOS-ipa/gtk-src/gtk/a11y/gtkatspi.h to /Users/runner/work/Rayforge-iOS-ipa/Rayforge-iOS-ipa/ios-out/include/gtk-4.0/gtk/a11y
Installing /Users/runner/work/Rayforge-iOS-ipa/Rayforge-iOS-ipa/gtk-src/gtk/gtkaboutdialog.h to /Users/runner/work/Rayforge-iOS-ipa/Rayforge-iOS-ipa/ios-out/include/gtk-4.0/gtk
Installing /Users/runner/work/Rayforge-iOS-ipa/Rayforge-iOS-ipa/gtk-src/gtk/gtkaccelgroup.h to /Users/runner/work/Rayforge-iOS-ipa/Rayforge-iOS-ipa/ios-out/include/gtk-4.0/gtk
Installing /Users/runner/work/Rayforge-iOS-ipa/Rayforge-iOS-ipa/gtk-src/gtk/gtkaccessible.h to /Users/runner/work/Rayforge-iOS-ipa/Rayforge-iOS-ipa/ios-out/include/gtk-4.0/gtk
Installing /Users/runner/work/Rayforge-iOS-ipa/Rayforge-iOS-ipa/gtk-src/gtk/gtkaccessiblehypertext.h to /Users/runner/work/Rayforge-iOS-ipa/Rayforge-iOS-ipa/ios-out/include/gtk-4.0/gtk
Installing /Users/runner/work/Rayforge-iOS-ipa/Rayforge-iOS-ipa/gtk-src/gtk/gtkaccessiblerange.h to /Users/runner/work/Rayforge-iOS-ipa/Rayforge-iOS-ipa/ios-out/include/gtk-4.0/gtk
Installing /Users/runner/work/Rayforge-iOS-ipa/Rayforge-iOS-ipa/gtk-src/gtk/gtkaccessibletext.h to /Users/runner/work/Rayforge-iOS-ipa/Rayforge-iOS-ipa/ios-out/include/gtk-4.0/gtk
Installing /Users/runner/work/Rayforge-iOS-ipa/Rayforge-iOS-ipa/gtk-src/gtk/gtkactionable.h to /Users/runner/work/Rayforge-iOS-ipa/Rayforge-iOS-ipa/ios-out/include/gtk-4.0/gtk
Installing /Users/runner/work/Rayforge-iOS-ipa/Rayforge-iOS-ipa/gtk-src/gtk/gtkactionbar.h to /Users/runner/work/Rayforge-iOS-ipa/Rayforge-iOS-ipa/ios-out/include/gtk-4.0/gtk
Installing /Users/runner/work/Rayforge-iOS-ipa/Rayforge-iOS-ipa/gtk-src/gtk/gtkadjustment.h to /Users/runner/work/Rayforge-iOS-ipa/Rayforge-iOS-ipa/ios-out/include/gtk-4.0/gtk
Installing /Users/runner/work/Rayforge-iOS-ipa/Rayforge-iOS-ipa/gtk-src/gtk/gtkalertdialog.h to /Users/runner/work/Rayforge-iOS-ipa/Rayforge-iOS-ipa/ios-out/include/gtk-4.0/gtk
Installing /Users/runner/work/Rayforge-iOS-ipa/Rayforge-iOS-ipa/gtk-src/gtk/gtkapplication.h to /Users/runner/work/Rayforge-iOS-ipa/Rayforge-iOS-ipa/ios-out/include/gtk-4.0/gtk
Installing /Users/runner/work/Rayforge-iOS-ipa/Rayforge-iOS-ipa/gtk-src/gtk/gtkapplicationwindow.h to /Users/runner/work/Rayforge-iOS-ipa/Rayforge-iOS-ipa/ios-out/include/gtk-4.0/gtk
Installing /Users/runner/work/Rayforge-iOS-ipa/Rayforge-iOS-ipa/gtk-src/gtk/gtkaspectframe.h to /Users/runner/work/Rayforge-iOS-ipa/Rayforge-iOS-ipa/ios-out/include/gtk-4.0/gtk
Installing /Users/runner/work/Rayforge-iOS-ipa/Rayforge-iOS-ipa/gtk-src/gtk/gtkatcontext.h to /Users/runner/work/Rayforge-iOS-ipa/Rayforge-iOS-ipa/ios-out/include/gtk-4.0/gtk
Installing /Users/runner/work/Rayforge-iOS-ipa/Rayforge-iOS-ipa/gtk-src/gtk/gtkbinlayout.h to /Users/runner/work/Rayforge-iOS-ipa/Rayforge-iOS-ipa/ios-out/include/gtk-4.0/gtk
Installing /Users/runner/work/Rayforge-iOS-ipa/Rayforge-iOS-ipa/gtk-src/gtk/gtkbitset.h to /Users/runner/work/Rayforge-iOS-ipa/Rayforge-iOS-ipa/ios-out/include/gtk-4.0/gtk
Installing /Users/runner/work/Rayforge-iOS-ipa/Rayforge-iOS-ipa/gtk-src/gtk/gtkbookmarklist.h to /Users/runner/work/Rayforge-iOS-ipa/Rayforge-iOS-ipa/ios-out/include/gtk-4.0/gtk
Installing /Users/runner/work/Rayforge-iOS-ipa/Rayforge-iOS-ipa/gtk-src/gtk/gtkboolfilter.h to /Users/runner/work/Rayforge-iOS-ipa/Rayforge-iOS-ipa/ios-out/include/gtk-4.0/gtk
Installing /Users/runner/work/Rayforge-iOS-ipa/Rayforge-iOS-ipa/gtk-src/gtk/gtkborder.h to /Users/runner/work/Rayforge-iOS-ipa/Rayforge-iOS-ipa/ios-out/include/gtk-4.0/gtk
Installing /Users/runner/work/Rayforge-iOS-ipa/Rayforge-iOS-ipa/gtk-src/gtk/gtkbox.h to /Users/runner/work/Rayforge-iOS-ipa/Rayforge-iOS-ipa/ios-out/include/gtk-4.0/gtk
Installing /Users/runner/work/Rayforge-iOS-ipa/Rayforge-iOS-ipa/gtk-src/gtk/gtkboxlayout.h to /Users/runner/work/Rayforge-iOS-ipa/Rayforge-iOS-ipa/ios-out/include/gtk-4.0/gtk
Installing /Users/runner/work/Rayforge-iOS-ipa/Rayforge-iOS-ipa/gtk-src/gtk/gtkbuildable.h to /Users/runner/work/Rayforge-iOS-ipa/Rayforge-iOS-ipa/ios-out/include/gtk-4.0/gtk
Installing /Users/runner/work/Rayforge-iOS-ipa/Rayforge-iOS-ipa/gtk-src/gtk/gtkbuilder.h to /Users/runner/work/Rayforge-iOS-ipa/Rayforge-iOS-ipa/ios-out/include/gtk-4.0/gtk
Installing /Users/runner/work/Rayforge-iOS-ipa/Rayforge-iOS-ipa/gtk-src/gtk/gtkbuilderlistitemfactory.h to /Users/runner/work/Rayforge-iOS-ipa/Rayforge-iOS-ipa/ios-out/include/gtk-4.0/gtk
Installing /Users/runner/work/Rayforge-iOS-ipa/Rayforge-iOS-ipa/gtk-src/gtk/gtkbuilderscope.h to /Users/runner/work/Rayforge-iOS-ipa/Rayforge-iOS-ipa/ios-out/include/gtk-4.0/gtk
Installing /Users/runner/work/Rayforge-iOS-ipa/Rayforge-iOS-ipa/gtk-src/gtk/gtkbutton.h to /Users/runner/work/Rayforge-iOS-ipa/Rayforge-iOS-ipa/ios-out/include/gtk-4.0/gtk
Installing /Users/runner/work/Rayforge-iOS-ipa/Rayforge-iOS-ipa/gtk-src/gtk/gtkcalendar.h to /Users/runner/work/Rayforge-iOS-ipa/Rayforge-iOS-ipa/ios-out/include/gtk-4.0/gtk
Installing /Users/runner/work/Rayforge-iOS-ipa/Rayforge-iOS-ipa/gtk-src/gtk/gtkcenterbox.h to /Users/runner/work/Rayforge-iOS-ipa/Rayforge-iOS-ipa/ios-out/include/gtk-4.0/gtk
Installing /Users/runner/work/Rayforge-iOS-ipa/Rayforge-iOS-ipa/gtk-src/gtk/gtkcenterlayout.h to /Users/runner/work/Rayforge-iOS-ipa/Rayforge-iOS-ipa/ios-out/include/gtk-4.0/gtk
Installing /Users/runner/work/Rayforge-iOS-ipa/Rayforge-iOS-ipa/gtk-src/gtk/gtkcheckbutton.h to /Users/runner/work/Rayforge-iOS-ipa/Rayforge-iOS-ipa/ios-out/include/gtk-4.0/gtk
Installing /Users/runner/work/Rayforge-iOS-ipa/Rayforge-iOS-ipa/gtk-src/gtk/gtkcolordialog.h to /Users/runner/work/Rayforge-iOS-ipa/Rayforge-iOS-ipa/ios-out/include/gtk-4.0/gtk
Installing /Users/runner/work/Rayforge-iOS-ipa/Rayforge-iOS-ipa/gtk-src/gtk/gtkcolordialogbutton.h to /Users/runner/work/Rayforge-iOS-ipa/Rayforge-iOS-ipa/ios-out/include/gtk-4.0/gtk
Installing /Users/runner/work/Rayforge-iOS-ipa/Rayforge-iOS-ipa/gtk-src/gtk/gtkcolorutils.h to /Users/runner/work/Rayforge-iOS-ipa/Rayforge-iOS-ipa/ios-out/include/gtk-4.0/gtk
Installing /Users/runner/work/Rayforge-iOS-ipa/Rayforge-iOS-ipa/gtk-src/gtk/gtkcolumnview.h to /Users/runner/work/Rayforge-iOS-ipa/Rayforge-iOS-ipa/ios-out/include/gtk-4.0/gtk
Installing /Users/runner/work/Rayforge-iOS-ipa/Rayforge-iOS-ipa/gtk-src/gtk/gtkcolumnviewcell.h to /Users/runner/work/Rayforge-iOS-ipa/Rayforge-iOS-ipa/ios-out/include/gtk-4.0/gtk
Installing /Users/runner/work/Rayforge-iOS-ipa/Rayforge-iOS-ipa/gtk-src/gtk/gtkcolumnviewcolumn.h to /Users/runner/work/Rayforge-iOS-ipa/Rayforge-iOS-ipa/ios-out/include/gtk-4.0/gtk
Installing /Users/runner/work/Rayforge-iOS-ipa/Rayforge-iOS-ipa/gtk-src/gtk/gtkcolumnviewrow.h to /Users/runner/work/Rayforge-iOS-ipa/Rayforge-iOS-ipa/ios-out/include/gtk-4.0/gtk
Installing /Users/runner/work/Rayforge-iOS-ipa/Rayforge-iOS-ipa/gtk-src/gtk/gtkcolumnviewsorter.h to /Users/runner/work/Rayforge-iOS-ipa/Rayforge-iOS-ipa/ios-out/include/gtk-4.0/gtk
Installing /Users/runner/work/Rayforge-iOS-ipa/Rayforge-iOS-ipa/gtk-src/gtk/gtkconstraintguide.h to /Users/runner/work/Rayforge-iOS-ipa/Rayforge-iOS-ipa/ios-out/include/gtk-4.0/gtk
Installing /Users/runner/work/Rayforge-iOS-ipa/Rayforge-iOS-ipa/gtk-src/gtk/gtkconstraintlayout.h to /Users/runner/work/Rayforge-iOS-ipa/Rayforge-iOS-ipa/ios-out/include/gtk-4.0/gtk
Installing /Users/runner/work/Rayforge-iOS-ipa/Rayforge-iOS-ipa/gtk-src/gtk/gtkconstraint.h to /Users/runner/work/Rayforge-iOS-ipa/Rayforge-iOS-ipa/ios-out/include/gtk-4.0/gtk
Installing /Users/runner/work/Rayforge-iOS-ipa/Rayforge-iOS-ipa/gtk-src/gtk/gtkcssprovider.h to /Users/runner/work/Rayforge-iOS-ipa/Rayforge-iOS-ipa/ios-out/include/gtk-4.0/gtk
Installing /Users/runner/work/Rayforge-iOS-ipa/Rayforge-iOS-ipa/gtk-src/gtk/gtkcustomfilter.h to /Users/runner/work/Rayforge-iOS-ipa/Rayforge-iOS-ipa/ios-out/include/gtk-4.0/gtk
Installing /Users/runner/work/Rayforge-iOS-ipa/Rayforge-iOS-ipa/gtk-src/gtk/gtkcustomlayout.h to /Users/runner/work/Rayforge-iOS-ipa/Rayforge-iOS-ipa/ios-out/include/gtk-4.0/gtk
Installing /Users/runner/work/Rayforge-iOS-ipa/Rayforge-iOS-ipa/gtk-src/gtk/gtkcustomsorter.h to /Users/runner/work/Rayforge-iOS-ipa/Rayforge-iOS-ipa/ios-out/include/gtk-4.0/gtk
Installing /Users/runner/work/Rayforge-iOS-ipa/Rayforge-iOS-ipa/gtk-src/gtk/gtkdebug.h to /Users/runner/work/Rayforge-iOS-ipa/Rayforge-iOS-ipa/ios-out/include/gtk-4.0/gtk
Installing /Users/runner/work/Rayforge-iOS-ipa/Rayforge-iOS-ipa/gtk-src/gtk/gtkdialogerror.h to /Users/runner/work/Rayforge-iOS-ipa/Rayforge-iOS-ipa/ios-out/include/gtk-4.0/gtk
Installing /Users/runner/work/Rayforge-iOS-ipa/Rayforge-iOS-ipa/gtk-src/gtk/gtkdirectorylist.h to /Users/runner/work/Rayforge-iOS-ipa/Rayforge-iOS-ipa/ios-out/include/gtk-4.0/gtk
Installing /Users/runner/work/Rayforge-iOS-ipa/Rayforge-iOS-ipa/gtk-src/gtk/gtkdragicon.h to /Users/runner/work/Rayforge-iOS-ipa/Rayforge-iOS-ipa/ios-out/include/gtk-4.0/gtk
Installing /Users/runner/work/Rayforge-iOS-ipa/Rayforge-iOS-ipa/gtk-src/gtk/gtkdragsource.h to /Users/runner/work/Rayforge-iOS-ipa/Rayforge-iOS-ipa/ios-out/include/gtk-4.0/gtk
Installing /Users/runner/work/Rayforge-iOS-ipa/Rayforge-iOS-ipa/gtk-src/gtk/gtkdrawingarea.h to /Users/runner/work/Rayforge-iOS-ipa/Rayforge-iOS-ipa/ios-out/include/gtk-4.0/gtk
Installing /Users/runner/work/Rayforge-iOS-ipa/Rayforge-iOS-ipa/gtk-src/gtk/gtkdropcontrollermotion.h to /Users/runner/work/Rayforge-iOS-ipa/Rayforge-iOS-ipa/ios-out/include/gtk-4.0/gtk
Installing /Users/runner/work/Rayforge-iOS-ipa/Rayforge-iOS-ipa/gtk-src/gtk/gtkdroptarget.h to /Users/runner/work/Rayforge-iOS-ipa/Rayforge-iOS-ipa/ios-out/include/gtk-4.0/gtk
Installing /Users/runner/work/Rayforge-iOS-ipa/Rayforge-iOS-ipa/gtk-src/gtk/gtkdroptargetasync.h to /Users/runner/work/Rayforge-iOS-ipa/Rayforge-iOS-ipa/ios-out/include/gtk-4.0/gtk
Installing /Users/runner/work/Rayforge-iOS-ipa/Rayforge-iOS-ipa/gtk-src/gtk/gtkdropdown.h to /Users/runner/work/Rayforge-iOS-ipa/Rayforge-iOS-ipa/ios-out/include/gtk-4.0/gtk
Installing /Users/runner/work/Rayforge-iOS-ipa/Rayforge-iOS-ipa/gtk-src/gtk/gtkeditable.h to /Users/runner/work/Rayforge-iOS-ipa/Rayforge-iOS-ipa/ios-out/include/gtk-4.0/gtk
Installing /Users/runner/work/Rayforge-iOS-ipa/Rayforge-iOS-ipa/gtk-src/gtk/gtkeditablelabel.h to /Users/runner/work/Rayforge-iOS-ipa/Rayforge-iOS-ipa/ios-out/include/gtk-4.0/gtk
Installing /Users/runner/work/Rayforge-iOS-ipa/Rayforge-iOS-ipa/gtk-src/gtk/gtkemojichooser.h to /Users/runner/work/Rayforge-iOS-ipa/Rayforge-iOS-ipa/ios-out/include/gtk-4.0/gtk
Installing /Users/runner/work/Rayforge-iOS-ipa/Rayforge-iOS-ipa/gtk-src/gtk/gtkentry.h to /Users/runner/work/Rayforge-iOS-ipa/Rayforge-iOS-ipa/ios-out/include/gtk-4.0/gtk
Installing /Users/runner/work/Rayforge-iOS-ipa/Rayforge-iOS-ipa/gtk-src/gtk/gtkentrybuffer.h to /Users/runner/work/Rayforge-iOS-ipa/Rayforge-iOS-ipa/ios-out/include/gtk-4.0/gtk
Installing /Users/runner/work/Rayforge-iOS-ipa/Rayforge-iOS-ipa/gtk-src/gtk/gtkenums.h to /Users/runner/work/Rayforge-iOS-ipa/Rayforge-iOS-ipa/ios-out/include/gtk-4.0/gtk
Installing /Users/runner/work/Rayforge-iOS-ipa/Rayforge-iOS-ipa/gtk-src/gtk/gtkeventcontroller.h to /Users/runner/work/Rayforge-iOS-ipa/Rayforge-iOS-ipa/ios-out/include/gtk-4.0/gtk
Installing /Users/runner/work/Rayforge-iOS-ipa/Rayforge-iOS-ipa/gtk-src/gtk/gtkeventcontrollerfocus.h to /Users/runner/work/Rayforge-iOS-ipa/Rayforge-iOS-ipa/ios-out/include/gtk-4.0/gtk
Installing /Users/runner/work/Rayforge-iOS-ipa/Rayforge-iOS-ipa/gtk-src/gtk/gtkeventcontrollerkey.h to /Users/runner/work/Rayforge-iOS-ipa/Rayforge-iOS-ipa/ios-out/include/gtk-4.0/gtk
Installing /Users/runner/work/Rayforge-iOS-ipa/Rayforge-iOS-ipa/gtk-src/gtk/gtkeventcontrollerscroll.h to /Users/runner/work/Rayforge-iOS-ipa/Rayforge-iOS-ipa/ios-out/include/gtk-4.0/gtk
Installing /Users/runner/work/Rayforge-iOS-ipa/Rayforge-iOS-ipa/gtk-src/gtk/gtkeventcontrollermotion.h to /Users/runner/work/Rayforge-iOS-ipa/Rayforge-iOS-ipa/ios-out/include/gtk-4.0/gtk
Installing /Users/runner/work/Rayforge-iOS-ipa/Rayforge-iOS-ipa/gtk-src/gtk/gtkeventcontrollerlegacy.h to /Users/runner/work/Rayforge-iOS-ipa/Rayforge-iOS-ipa/ios-out/include/gtk-4.0/gtk
Installing /Users/runner/work/Rayforge-iOS-ipa/Rayforge-iOS-ipa/gtk-src/gtk/gtkexpander.h to /Users/runner/work/Rayforge-iOS-ipa/Rayforge-iOS-ipa/ios-out/include/gtk-4.0/gtk
Installing /Users/runner/work/Rayforge-iOS-ipa/Rayforge-iOS-ipa/gtk-src/gtk/gtkexpression.h to /Users/runner/work/Rayforge-iOS-ipa/Rayforge-iOS-ipa/ios-out/include/gtk-4.0/gtk
Installing /Users/runner/work/Rayforge-iOS-ipa/Rayforge-iOS-ipa/gtk-src/gtk/gtkfiledialog.h to /Users/runner/work/Rayforge-iOS-ipa/Rayforge-iOS-ipa/ios-out/include/gtk-4.0/gtk
Installing /Users/runner/work/Rayforge-iOS-ipa/Rayforge-iOS-ipa/gtk-src/gtk/gtkfilefilter.h to /Users/runner/work/Rayforge-iOS-ipa/Rayforge-iOS-ipa/ios-out/include/gtk-4.0/gtk
Installing /Users/runner/work/Rayforge-iOS-ipa/Rayforge-iOS-ipa/gtk-src/gtk/gtkfilelauncher.h to /Users/runner/work/Rayforge-iOS-ipa/Rayforge-iOS-ipa/ios-out/include/gtk-4.0/gtk
Installing /Users/runner/work/Rayforge-iOS-ipa/Rayforge-iOS-ipa/gtk-src/gtk/gtkfilter.h to /Users/runner/work/Rayforge-iOS-ipa/Rayforge-iOS-ipa/ios-out/include/gtk-4.0/gtk
Installing /Users/runner/work/Rayforge-iOS-ipa/Rayforge-iOS-ipa/gtk-src/gtk/gtkfilterlistmodel.h to /Users/runner/work/Rayforge-iOS-ipa/Rayforge-iOS-ipa/ios-out/include/gtk-4.0/gtk
Installing /Users/runner/work/Rayforge-iOS-ipa/Rayforge-iOS-ipa/gtk-src/gtk/gtkfixed.h to /Users/runner/work/Rayforge-iOS-ipa/Rayforge-iOS-ipa/ios-out/include/gtk-4.0/gtk
Installing /Users/runner/work/Rayforge-iOS-ipa/Rayforge-iOS-ipa/gtk-src/gtk/gtkfixedlayout.h to /Users/runner/work/Rayforge-iOS-ipa/Rayforge-iOS-ipa/ios-out/include/gtk-4.0/gtk
Installing /Users/runner/work/Rayforge-iOS-ipa/Rayforge-iOS-ipa/gtk-src/gtk/gtkflattenlistmodel.h to /Users/runner/work/Rayforge-iOS-ipa/Rayforge-iOS-ipa/ios-out/include/gtk-4.0/gtk
Installing /Users/runner/work/Rayforge-iOS-ipa/Rayforge-iOS-ipa/gtk-src/gtk/gtkflowbox.h to /Users/runner/work/Rayforge-iOS-ipa/Rayforge-iOS-ipa/ios-out/include/gtk-4.0/gtk
Installing /Users/runner/work/Rayforge-iOS-ipa/Rayforge-iOS-ipa/gtk-src/gtk/gtkfontdialog.h to /Users/runner/work/Rayforge-iOS-ipa/Rayforge-iOS-ipa/ios-out/include/gtk-4.0/gtk
Installing /Users/runner/work/Rayforge-iOS-ipa/Rayforge-iOS-ipa/gtk-src/gtk/gtkfontdialogbutton.h to /Users/runner/work/Rayforge-iOS-ipa/Rayforge-iOS-ipa/ios-out/include/gtk-4.0/gtk
Installing /Users/runner/work/Rayforge-iOS-ipa/Rayforge-iOS-ipa/gtk-src/gtk/gtkframe.h to /Users/runner/work/Rayforge-iOS-ipa/Rayforge-iOS-ipa/ios-out/include/gtk-4.0/gtk
Installing /Users/runner/work/Rayforge-iOS-ipa/Rayforge-iOS-ipa/gtk-src/gtk/gtkgesture.h to /Users/runner/work/Rayforge-iOS-ipa/Rayforge-iOS-ipa/ios-out/include/gtk-4.0/gtk
Installing /Users/runner/work/Rayforge-iOS-ipa/Rayforge-iOS-ipa/gtk-src/gtk/gtkgesturedrag.h to /Users/runner/work/Rayforge-iOS-ipa/Rayforge-iOS-ipa/ios-out/include/gtk-4.0/gtk
Installing /Users/runner/work/Rayforge-iOS-ipa/Rayforge-iOS-ipa/gtk-src/gtk/gtkgesturelongpress.h to /Users/runner/work/Rayforge-iOS-ipa/Rayforge-iOS-ipa/ios-out/include/gtk-4.0/gtk
Installing /Users/runner/work/Rayforge-iOS-ipa/Rayforge-iOS-ipa/gtk-src/gtk/gtkgestureclick.h to /Users/runner/work/Rayforge-iOS-ipa/Rayforge-iOS-ipa/ios-out/include/gtk-4.0/gtk
Installing /Users/runner/work/Rayforge-iOS-ipa/Rayforge-iOS-ipa/gtk-src/gtk/gtkgesturepan.h to /Users/runner/work/Rayforge-iOS-ipa/Rayforge-iOS-ipa/ios-out/include/gtk-4.0/gtk
Installing /Users/runner/work/Rayforge-iOS-ipa/Rayforge-iOS-ipa/gtk-src/gtk/gtkgesturerotate.h to /Users/runner/work/Rayforge-iOS-ipa/Rayforge-iOS-ipa/ios-out/include/gtk-4.0/gtk
Installing /Users/runner/work/Rayforge-iOS-ipa/Rayforge-iOS-ipa/gtk-src/gtk/gtkgesturesingle.h to /Users/runner/work/Rayforge-iOS-ipa/Rayforge-iOS-ipa/ios-out/include/gtk-4.0/gtk
Installing /Users/runner/work/Rayforge-iOS-ipa/Rayforge-iOS-ipa/gtk-src/gtk/gtkgesturestylus.h to /Users/runner/work/Rayforge-iOS-ipa/Rayforge-iOS-ipa/ios-out/include/gtk-4.0/gtk
Installing /Users/runner/work/Rayforge-iOS-ipa/Rayforge-iOS-ipa/gtk-src/gtk/gtkgestureswipe.h to /Users/runner/work/Rayforge-iOS-ipa/Rayforge-iOS-ipa/ios-out/include/gtk-4.0/gtk
Installing /Users/runner/work/Rayforge-iOS-ipa/Rayforge-iOS-ipa/gtk-src/gtk/gtkgesturezoom.h to /Users/runner/work/Rayforge-iOS-ipa/Rayforge-iOS-ipa/ios-out/include/gtk-4.0/gtk
Installing /Users/runner/work/Rayforge-iOS-ipa/Rayforge-iOS-ipa/gtk-src/gtk/gtkglarea.h to /Users/runner/work/Rayforge-iOS-ipa/Rayforge-iOS-ipa/ios-out/include/gtk-4.0/gtk
Installing /Users/runner/work/Rayforge-iOS-ipa/Rayforge-iOS-ipa/gtk-src/gtk/gtkgraphicsoffload.h to /Users/runner/work/Rayforge-iOS-ipa/Rayforge-iOS-ipa/ios-out/include/gtk-4.0/gtk
Installing /Users/runner/work/Rayforge-iOS-ipa/Rayforge-iOS-ipa/gtk-src/gtk/gtkgrid.h to /Users/runner/work/Rayforge-iOS-ipa/Rayforge-iOS-ipa/ios-out/include/gtk-4.0/gtk
Installing /Users/runner/work/Rayforge-iOS-ipa/Rayforge-iOS-ipa/gtk-src/gtk/gtkgridlayout.h to /Users/runner/work/Rayforge-iOS-ipa/Rayforge-iOS-ipa/ios-out/include/gtk-4.0/gtk
Installing /Users/runner/work/Rayforge-iOS-ipa/Rayforge-iOS-ipa/gtk-src/gtk/gtkgridview.h to /Users/runner/work/Rayforge-iOS-ipa/Rayforge-iOS-ipa/ios-out/include/gtk-4.0/gtk
Installing /Users/runner/work/Rayforge-iOS-ipa/Rayforge-iOS-ipa/gtk-src/gtk/gtkheaderbar.h to /Users/runner/work/Rayforge-iOS-ipa/Rayforge-iOS-ipa/ios-out/include/gtk-4.0/gtk
Installing /Users/runner/work/Rayforge-iOS-ipa/Rayforge-iOS-ipa/gtk-src/gtk/gtkicontheme.h to /Users/runner/work/Rayforge-iOS-ipa/Rayforge-iOS-ipa/ios-out/include/gtk-4.0/gtk
Installing /Users/runner/work/Rayforge-iOS-ipa/Rayforge-iOS-ipa/gtk-src/gtk/gtkiconpaintable.h to /Users/runner/work/Rayforge-iOS-ipa/Rayforge-iOS-ipa/ios-out/include/gtk-4.0/gtk
Installing /Users/runner/work/Rayforge-iOS-ipa/Rayforge-iOS-ipa/gtk-src/gtk/gtkimage.h to /Users/runner/work/Rayforge-iOS-ipa/Rayforge-iOS-ipa/ios-out/include/gtk-4.0/gtk
Installing /Users/runner/work/Rayforge-iOS-ipa/Rayforge-iOS-ipa/gtk-src/gtk/gtkimcontext.h to /Users/runner/work/Rayforge-iOS-ipa/Rayforge-iOS-ipa/ios-out/include/gtk-4.0/gtk
Installing /Users/runner/work/Rayforge-iOS-ipa/Rayforge-iOS-ipa/gtk-src/gtk/gtkimcontextsimple.h to /Users/runner/work/Rayforge-iOS-ipa/Rayforge-iOS-ipa/ios-out/include/gtk-4.0/gtk
Installing /Users/runner/work/Rayforge-iOS-ipa/Rayforge-iOS-ipa/gtk-src/gtk/gtkimmodule.h to /Users/runner/work/Rayforge-iOS-ipa/Rayforge-iOS-ipa/ios-out/include/gtk-4.0/gtk
Installing /Users/runner/work/Rayforge-iOS-ipa/Rayforge-iOS-ipa/gtk-src/gtk/gtkimmulticontext.h to /Users/runner/work/Rayforge-iOS-ipa/Rayforge-iOS-ipa/ios-out/include/gtk-4.0/gtk
Installing /Users/runner/work/Rayforge-iOS-ipa/Rayforge-iOS-ipa/gtk-src/gtk/gtkinscription.h to /Users/runner/work/Rayforge-iOS-ipa/Rayforge-iOS-ipa/ios-out/include/gtk-4.0/gtk
Installing /Users/runner/work/Rayforge-iOS-ipa/Rayforge-iOS-ipa/gtk-src/gtk/gtklabel.h to /Users/runner/work/Rayforge-iOS-ipa/Rayforge-iOS-ipa/ios-out/include/gtk-4.0/gtk
Installing /Users/runner/work/Rayforge-iOS-ipa/Rayforge-iOS-ipa/gtk-src/gtk/gtklayoutchild.h to /Users/runner/work/Rayforge-iOS-ipa/Rayforge-iOS-ipa/ios-out/include/gtk-4.0/gtk
Installing /Users/runner/work/Rayforge-iOS-ipa/Rayforge-iOS-ipa/gtk-src/gtk/gtklayoutmanager.h to /Users/runner/work/Rayforge-iOS-ipa/Rayforge-iOS-ipa/ios-out/include/gtk-4.0/gtk
Installing /Users/runner/work/Rayforge-iOS-ipa/Rayforge-iOS-ipa/gtk-src/gtk/gtklevelbar.h to /Users/runner/work/Rayforge-iOS-ipa/Rayforge-iOS-ipa/ios-out/include/gtk-4.0/gtk
Installing /Users/runner/work/Rayforge-iOS-ipa/Rayforge-iOS-ipa/gtk-src/gtk/gtklinkbutton.h to /Users/runner/work/Rayforge-iOS-ipa/Rayforge-iOS-ipa/ios-out/include/gtk-4.0/gtk
Installing /Users/runner/work/Rayforge-iOS-ipa/Rayforge-iOS-ipa/gtk-src/gtk/gtklistbase.h to /Users/runner/work/Rayforge-iOS-ipa/Rayforge-iOS-ipa/ios-out/include/gtk-4.0/gtk
Installing /Users/runner/work/Rayforge-iOS-ipa/Rayforge-iOS-ipa/gtk-src/gtk/gtklistbox.h to /Users/runner/work/Rayforge-iOS-ipa/Rayforge-iOS-ipa/ios-out/include/gtk-4.0/gtk
Installing /Users/runner/work/Rayforge-iOS-ipa/Rayforge-iOS-ipa/gtk-src/gtk/gtklistheader.h to /Users/runner/work/Rayforge-iOS-ipa/Rayforge-iOS-ipa/ios-out/include/gtk-4.0/gtk
Installing /Users/runner/work/Rayforge-iOS-ipa/Rayforge-iOS-ipa/gtk-src/gtk/gtklistitem.h to /Users/runner/work/Rayforge-iOS-ipa/Rayforge-iOS-ipa/ios-out/include/gtk-4.0/gtk
Installing /Users/runner/work/Rayforge-iOS-ipa/Rayforge-iOS-ipa/gtk-src/gtk/gtklistitemfactory.h to /Users/runner/work/Rayforge-iOS-ipa/Rayforge-iOS-ipa/ios-out/include/gtk-4.0/gtk
Installing /Users/runner/work/Rayforge-iOS-ipa/Rayforge-iOS-ipa/gtk-src/gtk/gtklistview.h to /Users/runner/work/Rayforge-iOS-ipa/Rayforge-iOS-ipa/ios-out/include/gtk-4.0/gtk
Installing /Users/runner/work/Rayforge-iOS-ipa/Rayforge-iOS-ipa/gtk-src/gtk/gtkmain.h to /Users/runner/work/Rayforge-iOS-ipa/Rayforge-iOS-ipa/ios-out/include/gtk-4.0/gtk
Installing /Users/runner/work/Rayforge-iOS-ipa/Rayforge-iOS-ipa/gtk-src/gtk/gtkmaplistmodel.h to /Users/runner/work/Rayforge-iOS-ipa/Rayforge-iOS-ipa/ios-out/include/gtk-4.0/gtk
Installing /Users/runner/work/Rayforge-iOS-ipa/Rayforge-iOS-ipa/gtk-src/gtk/gtkmediacontrols.h to /Users/runner/work/Rayforge-iOS-ipa/Rayforge-iOS-ipa/ios-out/include/gtk-4.0/gtk
Installing /Users/runner/work/Rayforge-iOS-ipa/Rayforge-iOS-ipa/gtk-src/gtk/gtkmediafile.h to /Users/runner/work/Rayforge-iOS-ipa/Rayforge-iOS-ipa/ios-out/include/gtk-4.0/gtk
Installing /Users/runner/work/Rayforge-iOS-ipa/Rayforge-iOS-ipa/gtk-src/gtk/gtkmediastream.h to /Users/runner/work/Rayforge-iOS-ipa/Rayforge-iOS-ipa/ios-out/include/gtk-4.0/gtk
Installing /Users/runner/work/Rayforge-iOS-ipa/Rayforge-iOS-ipa/gtk-src/gtk/gtkmenubutton.h to /Users/runner/work/Rayforge-iOS-ipa/Rayforge-iOS-ipa/ios-out/include/gtk-4.0/gtk
Installing /Users/runner/work/Rayforge-iOS-ipa/Rayforge-iOS-ipa/gtk-src/gtk/gtkmountoperation.h to /Users/runner/work/Rayforge-iOS-ipa/Rayforge-iOS-ipa/ios-out/include/gtk-4.0/gtk
Installing /Users/runner/work/Rayforge-iOS-ipa/Rayforge-iOS-ipa/gtk-src/gtk/gtkmultifilter.h to /Users/runner/work/Rayforge-iOS-ipa/Rayforge-iOS-ipa/ios-out/include/gtk-4.0/gtk
Installing /Users/runner/work/Rayforge-iOS-ipa/Rayforge-iOS-ipa/gtk-src/gtk/gtkmultiselection.h to /Users/runner/work/Rayforge-iOS-ipa/Rayforge-iOS-ipa/ios-out/include/gtk-4.0/gtk
Installing /Users/runner/work/Rayforge-iOS-ipa/Rayforge-iOS-ipa/gtk-src/gtk/gtkmultisorter.h to /Users/runner/work/Rayforge-iOS-ipa/Rayforge-iOS-ipa/ios-out/include/gtk-4.0/gtk
Installing /Users/runner/work/Rayforge-iOS-ipa/Rayforge-iOS-ipa/gtk-src/gtk/gtknative.h to /Users/runner/work/Rayforge-iOS-ipa/Rayforge-iOS-ipa/ios-out/include/gtk-4.0/gtk
Installing /Users/runner/work/Rayforge-iOS-ipa/Rayforge-iOS-ipa/gtk-src/gtk/gtknativedialog.h to /Users/runner/work/Rayforge-iOS-ipa/Rayforge-iOS-ipa/ios-out/include/gtk-4.0/gtk
Installing /Users/runner/work/Rayforge-iOS-ipa/Rayforge-iOS-ipa/gtk-src/gtk/gtknoselection.h to /Users/runner/work/Rayforge-iOS-ipa/Rayforge-iOS-ipa/ios-out/include/gtk-4.0/gtk
Installing /Users/runner/work/Rayforge-iOS-ipa/Rayforge-iOS-ipa/gtk-src/gtk/gtknotebook.h to /Users/runner/work/Rayforge-iOS-ipa/Rayforge-iOS-ipa/ios-out/include/gtk-4.0/gtk
Installing /Users/runner/work/Rayforge-iOS-ipa/Rayforge-iOS-ipa/gtk-src/gtk/gtknumericsorter.h to /Users/runner/work/Rayforge-iOS-ipa/Rayforge-iOS-ipa/ios-out/include/gtk-4.0/gtk
Installing /Users/runner/work/Rayforge-iOS-ipa/Rayforge-iOS-ipa/gtk-src/gtk/gtkorientable.h to /Users/runner/work/Rayforge-iOS-ipa/Rayforge-iOS-ipa/ios-out/include/gtk-4.0/gtk
Installing /Users/runner/work/Rayforge-iOS-ipa/Rayforge-iOS-ipa/gtk-src/gtk/gtkoverlay.h to /Users/runner/work/Rayforge-iOS-ipa/Rayforge-iOS-ipa/ios-out/include/gtk-4.0/gtk
Installing /Users/runner/work/Rayforge-iOS-ipa/Rayforge-iOS-ipa/gtk-src/gtk/gtkoverlaylayout.h to /Users/runner/work/Rayforge-iOS-ipa/Rayforge-iOS-ipa/ios-out/include/gtk-4.0/gtk
Installing /Users/runner/work/Rayforge-iOS-ipa/Rayforge-iOS-ipa/gtk-src/gtk/gtkpadcontroller.h to /Users/runner/work/Rayforge-iOS-ipa/Rayforge-iOS-ipa/ios-out/include/gtk-4.0/gtk
Installing /Users/runner/work/Rayforge-iOS-ipa/Rayforge-iOS-ipa/gtk-src/gtk/gtkpaned.h to /Users/runner/work/Rayforge-iOS-ipa/Rayforge-iOS-ipa/ios-out/include/gtk-4.0/gtk
Installing /Users/runner/work/Rayforge-iOS-ipa/Rayforge-iOS-ipa/gtk-src/gtk/gtkpasswordentry.h to /Users/runner/work/Rayforge-iOS-ipa/Rayforge-iOS-ipa/ios-out/include/gtk-4.0/gtk
Installing /Users/runner/work/Rayforge-iOS-ipa/Rayforge-iOS-ipa/gtk-src/gtk/gtkpasswordentrybuffer.h to /Users/runner/work/Rayforge-iOS-ipa/Rayforge-iOS-ipa/ios-out/include/gtk-4.0/gtk
Installing /Users/runner/work/Rayforge-iOS-ipa/Rayforge-iOS-ipa/gtk-src/gtk/gtkpicture.h to /Users/runner/work/Rayforge-iOS-ipa/Rayforge-iOS-ipa/ios-out/include/gtk-4.0/gtk
Installing /Users/runner/work/Rayforge-iOS-ipa/Rayforge-iOS-ipa/gtk-src/gtk/gtkpopover.h to /Users/runner/work/Rayforge-iOS-ipa/Rayforge-iOS-ipa/ios-out/include/gtk-4.0/gtk
Installing /Users/runner/work/Rayforge-iOS-ipa/Rayforge-iOS-ipa/gtk-src/gtk/gtkpopoverbin.h to /Users/runner/work/Rayforge-iOS-ipa/Rayforge-iOS-ipa/ios-out/include/gtk-4.0/gtk
Installing /Users/runner/work/Rayforge-iOS-ipa/Rayforge-iOS-ipa/gtk-src/gtk/gtkpopovermenu.h to /Users/runner/work/Rayforge-iOS-ipa/Rayforge-iOS-ipa/ios-out/include/gtk-4.0/gtk
Installing /Users/runner/work/Rayforge-iOS-ipa/Rayforge-iOS-ipa/gtk-src/gtk/gtkpopovermenubar.h to /Users/runner/work/Rayforge-iOS-ipa/Rayforge-iOS-ipa/ios-out/include/gtk-4.0/gtk
Installing /Users/runner/work/Rayforge-iOS-ipa/Rayforge-iOS-ipa/gtk-src/gtk/gtkprintdialog.h to /Users/runner/work/Rayforge-iOS-ipa/Rayforge-iOS-ipa/ios-out/include/gtk-4.0/gtk
Installing /Users/runner/work/Rayforge-iOS-ipa/Rayforge-iOS-ipa/gtk-src/gtk/gtkprogressbar.h to /Users/runner/work/Rayforge-iOS-ipa/Rayforge-iOS-ipa/ios-out/include/gtk-4.0/gtk
Installing /Users/runner/work/Rayforge-iOS-ipa/Rayforge-iOS-ipa/gtk-src/gtk/gtkrange.h to /Users/runner/work/Rayforge-iOS-ipa/Rayforge-iOS-ipa/ios-out/include/gtk-4.0/gtk
Installing /Users/runner/work/Rayforge-iOS-ipa/Rayforge-iOS-ipa/gtk-src/gtk/gtkrecentmanager.h to /Users/runner/work/Rayforge-iOS-ipa/Rayforge-iOS-ipa/ios-out/include/gtk-4.0/gtk
Installing /Users/runner/work/Rayforge-iOS-ipa/Rayforge-iOS-ipa/gtk-src/gtk/gtkrevealer.h to /Users/runner/work/Rayforge-iOS-ipa/Rayforge-iOS-ipa/ios-out/include/gtk-4.0/gtk
Installing /Users/runner/work/Rayforge-iOS-ipa/Rayforge-iOS-ipa/gtk-src/gtk/gtkroot.h to /Users/runner/work/Rayforge-iOS-ipa/Rayforge-iOS-ipa/ios-out/include/gtk-4.0/gtk
Installing /Users/runner/work/Rayforge-iOS-ipa/Rayforge-iOS-ipa/gtk-src/gtk/gtkscale.h to /Users/runner/work/Rayforge-iOS-ipa/Rayforge-iOS-ipa/ios-out/include/gtk-4.0/gtk
Installing /Users/runner/work/Rayforge-iOS-ipa/Rayforge-iOS-ipa/gtk-src/gtk/gtkscalebutton.h to /Users/runner/work/Rayforge-iOS-ipa/Rayforge-iOS-ipa/ios-out/include/gtk-4.0/gtk
Installing /Users/runner/work/Rayforge-iOS-ipa/Rayforge-iOS-ipa/gtk-src/gtk/gtkscrollable.h to /Users/runner/work/Rayforge-iOS-ipa/Rayforge-iOS-ipa/ios-out/include/gtk-4.0/gtk
Installing /Users/runner/work/Rayforge-iOS-ipa/Rayforge-iOS-ipa/gtk-src/gtk/gtkscrollbar.h to /Users/runner/work/Rayforge-iOS-ipa/Rayforge-iOS-ipa/ios-out/include/gtk-4.0/gtk
Installing /Users/runner/work/Rayforge-iOS-ipa/Rayforge-iOS-ipa/gtk-src/gtk/gtkscrollinfo.h to /Users/runner/work/Rayforge-iOS-ipa/Rayforge-iOS-ipa/ios-out/include/gtk-4.0/gtk
Installing /Users/runner/work/Rayforge-iOS-ipa/Rayforge-iOS-ipa/gtk-src/gtk/gtkscrolledwindow.h to /Users/runner/work/Rayforge-iOS-ipa/Rayforge-iOS-ipa/ios-out/include/gtk-4.0/gtk
Installing /Users/runner/work/Rayforge-iOS-ipa/Rayforge-iOS-ipa/gtk-src/gtk/gtksearchbar.h to /Users/runner/work/Rayforge-iOS-ipa/Rayforge-iOS-ipa/ios-out/include/gtk-4.0/gtk
Installing /Users/runner/work/Rayforge-iOS-ipa/Rayforge-iOS-ipa/gtk-src/gtk/gtksearchentry.h to /Users/runner/work/Rayforge-iOS-ipa/Rayforge-iOS-ipa/ios-out/include/gtk-4.0/gtk
Installing /Users/runner/work/Rayforge-iOS-ipa/Rayforge-iOS-ipa/gtk-src/gtk/gtksectionmodel.h to /Users/runner/work/Rayforge-iOS-ipa/Rayforge-iOS-ipa/ios-out/include/gtk-4.0/gtk
Installing /Users/runner/work/Rayforge-iOS-ipa/Rayforge-iOS-ipa/gtk-src/gtk/gtkselectionfiltermodel.h to /Users/runner/work/Rayforge-iOS-ipa/Rayforge-iOS-ipa/ios-out/include/gtk-4.0/gtk
Installing /Users/runner/work/Rayforge-iOS-ipa/Rayforge-iOS-ipa/gtk-src/gtk/gtkselectionmodel.h to /Users/runner/work/Rayforge-iOS-ipa/Rayforge-iOS-ipa/ios-out/include/gtk-4.0/gtk
Installing /Users/runner/work/Rayforge-iOS-ipa/Rayforge-iOS-ipa/gtk-src/gtk/gtkseparator.h to /Users/runner/work/Rayforge-iOS-ipa/Rayforge-iOS-ipa/ios-out/include/gtk-4.0/gtk
Installing /Users/runner/work/Rayforge-iOS-ipa/Rayforge-iOS-ipa/gtk-src/gtk/gtksettings.h to /Users/runner/work/Rayforge-iOS-ipa/Rayforge-iOS-ipa/ios-out/include/gtk-4.0/gtk
Installing /Users/runner/work/Rayforge-iOS-ipa/Rayforge-iOS-ipa/gtk-src/gtk/gtkshortcut.h to /Users/runner/work/Rayforge-iOS-ipa/Rayforge-iOS-ipa/ios-out/include/gtk-4.0/gtk
Installing /Users/runner/work/Rayforge-iOS-ipa/Rayforge-iOS-ipa/gtk-src/gtk/gtkshortcutaction.h to /Users/runner/work/Rayforge-iOS-ipa/Rayforge-iOS-ipa/ios-out/include/gtk-4.0/gtk
Installing /Users/runner/work/Rayforge-iOS-ipa/Rayforge-iOS-ipa/gtk-src/gtk/gtkshortcutcontroller.h to /Users/runner/work/Rayforge-iOS-ipa/Rayforge-iOS-ipa/ios-out/include/gtk-4.0/gtk
Installing /Users/runner/work/Rayforge-iOS-ipa/Rayforge-iOS-ipa/gtk-src/gtk/gtkshortcutmanager.h to /Users/runner/work/Rayforge-iOS-ipa/Rayforge-iOS-ipa/ios-out/include/gtk-4.0/gtk
Installing /Users/runner/work/Rayforge-iOS-ipa/Rayforge-iOS-ipa/gtk-src/gtk/gtkshortcuttrigger.h to /Users/runner/work/Rayforge-iOS-ipa/Rayforge-iOS-ipa/ios-out/include/gtk-4.0/gtk
Installing /Users/runner/work/Rayforge-iOS-ipa/Rayforge-iOS-ipa/gtk-src/gtk/gtksignallistitemfactory.h to /Users/runner/work/Rayforge-iOS-ipa/Rayforge-iOS-ipa/ios-out/include/gtk-4.0/gtk
Installing /Users/runner/work/Rayforge-iOS-ipa/Rayforge-iOS-ipa/gtk-src/gtk/gtksingleselection.h to /Users/runner/work/Rayforge-iOS-ipa/Rayforge-iOS-ipa/ios-out/include/gtk-4.0/gtk
Installing /Users/runner/work/Rayforge-iOS-ipa/Rayforge-iOS-ipa/gtk-src/gtk/gtksizegroup.h to /Users/runner/work/Rayforge-iOS-ipa/Rayforge-iOS-ipa/ios-out/include/gtk-4.0/gtk
Installing /Users/runner/work/Rayforge-iOS-ipa/Rayforge-iOS-ipa/gtk-src/gtk/gtksizerequest.h to /Users/runner/work/Rayforge-iOS-ipa/Rayforge-iOS-ipa/ios-out/include/gtk-4.0/gtk
Installing /Users/runner/work/Rayforge-iOS-ipa/Rayforge-iOS-ipa/gtk-src/gtk/gtkslicelistmodel.h to /Users/runner/work/Rayforge-iOS-ipa/Rayforge-iOS-ipa/ios-out/include/gtk-4.0/gtk
Installing /Users/runner/work/Rayforge-iOS-ipa/Rayforge-iOS-ipa/gtk-src/gtk/gtksnapshot.h to /Users/runner/work/Rayforge-iOS-ipa/Rayforge-iOS-ipa/ios-out/include/gtk-4.0/gtk
Installing /Users/runner/work/Rayforge-iOS-ipa/Rayforge-iOS-ipa/gtk-src/gtk/gtksorter.h to /Users/runner/work/Rayforge-iOS-ipa/Rayforge-iOS-ipa/ios-out/include/gtk-4.0/gtk
Installing /Users/runner/work/Rayforge-iOS-ipa/Rayforge-iOS-ipa/gtk-src/gtk/gtksortlistmodel.h to /Users/runner/work/Rayforge-iOS-ipa/Rayforge-iOS-ipa/ios-out/include/gtk-4.0/gtk
Installing /Users/runner/work/Rayforge-iOS-ipa/Rayforge-iOS-ipa/gtk-src/gtk/gtkspinbutton.h to /Users/runner/work/Rayforge-iOS-ipa/Rayforge-iOS-ipa/ios-out/include/gtk-4.0/gtk
Installing /Users/runner/work/Rayforge-iOS-ipa/Rayforge-iOS-ipa/gtk-src/gtk/gtkspinner.h to /Users/runner/work/Rayforge-iOS-ipa/Rayforge-iOS-ipa/ios-out/include/gtk-4.0/gtk
Installing /Users/runner/work/Rayforge-iOS-ipa/Rayforge-iOS-ipa/gtk-src/gtk/gtkstack.h to /Users/runner/work/Rayforge-iOS-ipa/Rayforge-iOS-ipa/ios-out/include/gtk-4.0/gtk
Installing /Users/runner/work/Rayforge-iOS-ipa/Rayforge-iOS-ipa/gtk-src/gtk/gtkstacksidebar.h to /Users/runner/work/Rayforge-iOS-ipa/Rayforge-iOS-ipa/ios-out/include/gtk-4.0/gtk
Installing /Users/runner/work/Rayforge-iOS-ipa/Rayforge-iOS-ipa/gtk-src/gtk/gtkstackswitcher.h to /Users/runner/work/Rayforge-iOS-ipa/Rayforge-iOS-ipa/ios-out/include/gtk-4.0/gtk
Installing /Users/runner/work/Rayforge-iOS-ipa/Rayforge-iOS-ipa/gtk-src/gtk/gtkstringfilter.h to /Users/runner/work/Rayforge-iOS-ipa/Rayforge-iOS-ipa/ios-out/include/gtk-4.0/gtk
Installing /Users/runner/work/Rayforge-iOS-ipa/Rayforge-iOS-ipa/gtk-src/gtk/gtkstringlist.h to /Users/runner/work/Rayforge-iOS-ipa/Rayforge-iOS-ipa/ios-out/include/gtk-4.0/gtk
Installing /Users/runner/work/Rayforge-iOS-ipa/Rayforge-iOS-ipa/gtk-src/gtk/gtkstringsorter.h to /Users/runner/work/Rayforge-iOS-ipa/Rayforge-iOS-ipa/ios-out/include/gtk-4.0/gtk
Installing /Users/runner/work/Rayforge-iOS-ipa/Rayforge-iOS-ipa/gtk-src/gtk/gtkstyleprovider.h to /Users/runner/work/Rayforge-iOS-ipa/Rayforge-iOS-ipa/ios-out/include/gtk-4.0/gtk
Installing /Users/runner/work/Rayforge-iOS-ipa/Rayforge-iOS-ipa/gtk-src/gtk/gtksvg.h to /Users/runner/work/Rayforge-iOS-ipa/Rayforge-iOS-ipa/ios-out/include/gtk-4.0/gtk
Installing /Users/runner/work/Rayforge-iOS-ipa/Rayforge-iOS-ipa/gtk-src/gtk/gtkswitch.h to /Users/runner/work/Rayforge-iOS-ipa/Rayforge-iOS-ipa/ios-out/include/gtk-4.0/gtk
Installing /Users/runner/work/Rayforge-iOS-ipa/Rayforge-iOS-ipa/gtk-src/gtk/gtksymbolicpaintable.h to /Users/runner/work/Rayforge-iOS-ipa/Rayforge-iOS-ipa/ios-out/include/gtk-4.0/gtk
Installing /Users/runner/work/Rayforge-iOS-ipa/Rayforge-iOS-ipa/gtk-src/gtk/gtktestatcontext.h to /Users/runner/work/Rayforge-iOS-ipa/Rayforge-iOS-ipa/ios-out/include/gtk-4.0/gtk
Installing /Users/runner/work/Rayforge-iOS-ipa/Rayforge-iOS-ipa/gtk-src/gtk/gtktestutils.h to /Users/runner/work/Rayforge-iOS-ipa/Rayforge-iOS-ipa/ios-out/include/gtk-4.0/gtk
Installing /Users/runner/work/Rayforge-iOS-ipa/Rayforge-iOS-ipa/gtk-src/gtk/gtktext.h to /Users/runner/work/Rayforge-iOS-ipa/Rayforge-iOS-ipa/ios-out/include/gtk-4.0/gtk
Installing /Users/runner/work/Rayforge-iOS-ipa/Rayforge-iOS-ipa/gtk-src/gtk/gtktextbuffer.h to /Users/runner/work/Rayforge-iOS-ipa/Rayforge-iOS-ipa/ios-out/include/gtk-4.0/gtk
Installing /Users/runner/work/Rayforge-iOS-ipa/Rayforge-iOS-ipa/gtk-src/gtk/gtktextchild.h to /Users/runner/work/Rayforge-iOS-ipa/Rayforge-iOS-ipa/ios-out/include/gtk-4.0/gtk
Installing /Users/runner/work/Rayforge-iOS-ipa/Rayforge-iOS-ipa/gtk-src/gtk/gtktextiter.h to /Users/runner/work/Rayforge-iOS-ipa/Rayforge-iOS-ipa/ios-out/include/gtk-4.0/gtk
Installing /Users/runner/work/Rayforge-iOS-ipa/Rayforge-iOS-ipa/gtk-src/gtk/gtktextmark.h to /Users/runner/work/Rayforge-iOS-ipa/Rayforge-iOS-ipa/ios-out/include/gtk-4.0/gtk
Installing /Users/runner/work/Rayforge-iOS-ipa/Rayforge-iOS-ipa/gtk-src/gtk/gtktexttag.h to /Users/runner/work/Rayforge-iOS-ipa/Rayforge-iOS-ipa/ios-out/include/gtk-4.0/gtk
Installing /Users/runner/work/Rayforge-iOS-ipa/Rayforge-iOS-ipa/gtk-src/gtk/gtktexttagtable.h to /Users/runner/work/Rayforge-iOS-ipa/Rayforge-iOS-ipa/ios-out/include/gtk-4.0/gtk
Installing /Users/runner/work/Rayforge-iOS-ipa/Rayforge-iOS-ipa/gtk-src/gtk/gtktextview.h to /Users/runner/work/Rayforge-iOS-ipa/Rayforge-iOS-ipa/ios-out/include/gtk-4.0/gtk
Installing /Users/runner/work/Rayforge-iOS-ipa/Rayforge-iOS-ipa/gtk-src/gtk/gtktogglebutton.h to /Users/runner/work/Rayforge-iOS-ipa/Rayforge-iOS-ipa/ios-out/include/gtk-4.0/gtk
Installing /Users/runner/work/Rayforge-iOS-ipa/Rayforge-iOS-ipa/gtk-src/gtk/gtktooltip.h to /Users/runner/work/Rayforge-iOS-ipa/Rayforge-iOS-ipa/ios-out/include/gtk-4.0/gtk
Installing /Users/runner/work/Rayforge-iOS-ipa/Rayforge-iOS-ipa/gtk-src/gtk/gtktreeexpander.h to /Users/runner/work/Rayforge-iOS-ipa/Rayforge-iOS-ipa/ios-out/include/gtk-4.0/gtk
Installing /Users/runner/work/Rayforge-iOS-ipa/Rayforge-iOS-ipa/gtk-src/gtk/gtktreelistmodel.h to /Users/runner/work/Rayforge-iOS-ipa/Rayforge-iOS-ipa/ios-out/include/gtk-4.0/gtk
Installing /Users/runner/work/Rayforge-iOS-ipa/Rayforge-iOS-ipa/gtk-src/gtk/gtktreelistrowsorter.h to /Users/runner/work/Rayforge-iOS-ipa/Rayforge-iOS-ipa/ios-out/include/gtk-4.0/gtk
Installing /Users/runner/work/Rayforge-iOS-ipa/Rayforge-iOS-ipa/gtk-src/gtk/gtktypes.h to /Users/runner/work/Rayforge-iOS-ipa/Rayforge-iOS-ipa/ios-out/include/gtk-4.0/gtk
Installing /Users/runner/work/Rayforge-iOS-ipa/Rayforge-iOS-ipa/gtk-src/gtk/gtkurilauncher.h to /Users/runner/work/Rayforge-iOS-ipa/Rayforge-iOS-ipa/ios-out/include/gtk-4.0/gtk
Installing /Users/runner/work/Rayforge-iOS-ipa/Rayforge-iOS-ipa/gtk-src/gtk/gtkvideo.h to /Users/runner/work/Rayforge-iOS-ipa/Rayforge-iOS-ipa/ios-out/include/gtk-4.0/gtk
Installing /Users/runner/work/Rayforge-iOS-ipa/Rayforge-iOS-ipa/gtk-src/gtk/gtkviewport.h to /Users/runner/work/Rayforge-iOS-ipa/Rayforge-iOS-ipa/ios-out/include/gtk-4.0/gtk
Installing /Users/runner/work/Rayforge-iOS-ipa/Rayforge-iOS-ipa/gtk-src/gtk/gtkwidget.h to /Users/runner/work/Rayforge-iOS-ipa/Rayforge-iOS-ipa/ios-out/include/gtk-4.0/gtk
Installing /Users/runner/work/Rayforge-iOS-ipa/Rayforge-iOS-ipa/gtk-src/gtk/gtkwidgetpaintable.h to /Users/runner/work/Rayforge-iOS-ipa/Rayforge-iOS-ipa/ios-out/include/gtk-4.0/gtk
Installing /Users/runner/work/Rayforge-iOS-ipa/Rayforge-iOS-ipa/gtk-src/gtk/gtkwindow.h to /Users/runner/work/Rayforge-iOS-ipa/Rayforge-iOS-ipa/ios-out/include/gtk-4.0/gtk
Installing /Users/runner/work/Rayforge-iOS-ipa/Rayforge-iOS-ipa/gtk-src/gtk/gtkwindowcontrols.h to /Users/runner/work/Rayforge-iOS-ipa/Rayforge-iOS-ipa/ios-out/include/gtk-4.0/gtk
Installing /Users/runner/work/Rayforge-iOS-ipa/Rayforge-iOS-ipa/gtk-src/gtk/gtkwindowgroup.h to /Users/runner/work/Rayforge-iOS-ipa/Rayforge-iOS-ipa/ios-out/include/gtk-4.0/gtk
Installing /Users/runner/work/Rayforge-iOS-ipa/Rayforge-iOS-ipa/gtk-src/gtk/gtkwindowhandle.h to /Users/runner/work/Rayforge-iOS-ipa/Rayforge-iOS-ipa/ios-out/include/gtk-4.0/gtk
Installing /Users/runner/work/Rayforge-iOS-ipa/Rayforge-iOS-ipa/gtk-src/gtk/gtk.h to /Users/runner/work/Rayforge-iOS-ipa/Rayforge-iOS-ipa/ios-out/include/gtk-4.0/gtk
Installing /Users/runner/work/Rayforge-iOS-ipa/Rayforge-iOS-ipa/gtk-src/gtk/deprecated/gtkappchooser.h to /Users/runner/work/Rayforge-iOS-ipa/Rayforge-iOS-ipa/ios-out/include/gtk-4.0/gtk/deprecated
Installing /Users/runner/work/Rayforge-iOS-ipa/Rayforge-iOS-ipa/gtk-src/gtk/deprecated/gtkappchooserbutton.h to /Users/runner/work/Rayforge-iOS-ipa/Rayforge-iOS-ipa/ios-out/include/gtk-4.0/gtk/deprecated
Installing /Users/runner/work/Rayforge-iOS-ipa/Rayforge-iOS-ipa/gtk-src/gtk/deprecated/gtkappchooserdialog.h to /Users/runner/work/Rayforge-iOS-ipa/Rayforge-iOS-ipa/ios-out/include/gtk-4.0/gtk/deprecated
Installing /Users/runner/work/Rayforge-iOS-ipa/Rayforge-iOS-ipa/gtk-src/gtk/deprecated/gtkappchooserwidget.h to /Users/runner/work/Rayforge-iOS-ipa/Rayforge-iOS-ipa/ios-out/include/gtk-4.0/gtk/deprecated
Installing /Users/runner/work/Rayforge-iOS-ipa/Rayforge-iOS-ipa/gtk-src/gtk/deprecated/gtkassistant.h to /Users/runner/work/Rayforge-iOS-ipa/Rayforge-iOS-ipa/ios-out/include/gtk-4.0/gtk/deprecated
Installing /Users/runner/work/Rayforge-iOS-ipa/Rayforge-iOS-ipa/gtk-src/gtk/deprecated/gtkcellarea.h to /Users/runner/work/Rayforge-iOS-ipa/Rayforge-iOS-ipa/ios-out/include/gtk-4.0/gtk/deprecated
Installing /Users/runner/work/Rayforge-iOS-ipa/Rayforge-iOS-ipa/gtk-src/gtk/deprecated/gtkcellareabox.h to /Users/runner/work/Rayforge-iOS-ipa/Rayforge-iOS-ipa/ios-out/include/gtk-4.0/gtk/deprecated
Installing /Users/runner/work/Rayforge-iOS-ipa/Rayforge-iOS-ipa/gtk-src/gtk/deprecated/gtkcellareacontext.h to /Users/runner/work/Rayforge-iOS-ipa/Rayforge-iOS-ipa/ios-out/include/gtk-4.0/gtk/deprecated
Installing /Users/runner/work/Rayforge-iOS-ipa/Rayforge-iOS-ipa/gtk-src/gtk/deprecated/gtkcelleditable.h to /Users/runner/work/Rayforge-iOS-ipa/Rayforge-iOS-ipa/ios-out/include/gtk-4.0/gtk/deprecated
Installing /Users/runner/work/Rayforge-iOS-ipa/Rayforge-iOS-ipa/gtk-src/gtk/deprecated/gtkcelllayout.h to /Users/runner/work/Rayforge-iOS-ipa/Rayforge-iOS-ipa/ios-out/include/gtk-4.0/gtk/deprecated
Installing /Users/runner/work/Rayforge-iOS-ipa/Rayforge-iOS-ipa/gtk-src/gtk/deprecated/gtkcellrenderer.h to /Users/runner/work/Rayforge-iOS-ipa/Rayforge-iOS-ipa/ios-out/include/gtk-4.0/gtk/deprecated
Installing /Users/runner/work/Rayforge-iOS-ipa/Rayforge-iOS-ipa/gtk-src/gtk/deprecated/gtkcellrendereraccel.h to /Users/runner/work/Rayforge-iOS-ipa/Rayforge-iOS-ipa/ios-out/include/gtk-4.0/gtk/deprecated
Installing /Users/runner/work/Rayforge-iOS-ipa/Rayforge-iOS-ipa/gtk-src/gtk/deprecated/gtkcellrenderercombo.h to /Users/runner/work/Rayforge-iOS-ipa/Rayforge-iOS-ipa/ios-out/include/gtk-4.0/gtk/deprecated
Installing /Users/runner/work/Rayforge-iOS-ipa/Rayforge-iOS-ipa/gtk-src/gtk/deprecated/gtkcellrendererpixbuf.h to /Users/runner/work/Rayforge-iOS-ipa/Rayforge-iOS-ipa/ios-out/include/gtk-4.0/gtk/deprecated
Installing /Users/runner/work/Rayforge-iOS-ipa/Rayforge-iOS-ipa/gtk-src/gtk/deprecated/gtkcellrendererprogress.h to /Users/runner/work/Rayforge-iOS-ipa/Rayforge-iOS-ipa/ios-out/include/gtk-4.0/gtk/deprecated
Installing /Users/runner/work/Rayforge-iOS-ipa/Rayforge-iOS-ipa/gtk-src/gtk/deprecated/gtkcellrendererspin.h to /Users/runner/work/Rayforge-iOS-ipa/Rayforge-iOS-ipa/ios-out/include/gtk-4.0/gtk/deprecated
Installing /Users/runner/work/Rayforge-iOS-ipa/Rayforge-iOS-ipa/gtk-src/gtk/deprecated/gtkcellrendererspinner.h to /Users/runner/work/Rayforge-iOS-ipa/Rayforge-iOS-ipa/ios-out/include/gtk-4.0/gtk/deprecated
Installing /Users/runner/work/Rayforge-iOS-ipa/Rayforge-iOS-ipa/gtk-src/gtk/deprecated/gtkcellrenderertext.h to /Users/runner/work/Rayforge-iOS-ipa/Rayforge-iOS-ipa/ios-out/include/gtk-4.0/gtk/deprecated
Installing /Users/runner/work/Rayforge-iOS-ipa/Rayforge-iOS-ipa/gtk-src/gtk/deprecated/gtkcellrenderertoggle.h to /Users/runner/work/Rayforge-iOS-ipa/Rayforge-iOS-ipa/ios-out/include/gtk-4.0/gtk/deprecated
Installing /Users/runner/work/Rayforge-iOS-ipa/Rayforge-iOS-ipa/gtk-src/gtk/deprecated/gtkcellview.h to /Users/runner/work/Rayforge-iOS-ipa/Rayforge-iOS-ipa/ios-out/include/gtk-4.0/gtk/deprecated
Installing /Users/runner/work/Rayforge-iOS-ipa/Rayforge-iOS-ipa/gtk-src/gtk/deprecated/gtkcolorbutton.h to /Users/runner/work/Rayforge-iOS-ipa/Rayforge-iOS-ipa/ios-out/include/gtk-4.0/gtk/deprecated
Installing /Users/runner/work/Rayforge-iOS-ipa/Rayforge-iOS-ipa/gtk-src/gtk/deprecated/gtkcolorchooser.h to /Users/runner/work/Rayforge-iOS-ipa/Rayforge-iOS-ipa/ios-out/include/gtk-4.0/gtk/deprecated
Installing /Users/runner/work/Rayforge-iOS-ipa/Rayforge-iOS-ipa/gtk-src/gtk/deprecated/gtkcolorchooserdialog.h to /Users/runner/work/Rayforge-iOS-ipa/Rayforge-iOS-ipa/ios-out/include/gtk-4.0/gtk/deprecated
Installing /Users/runner/work/Rayforge-iOS-ipa/Rayforge-iOS-ipa/gtk-src/gtk/deprecated/gtkcolorchooserwidget.h to /Users/runner/work/Rayforge-iOS-ipa/Rayforge-iOS-ipa/ios-out/include/gtk-4.0/gtk/deprecated
Installing /Users/runner/work/Rayforge-iOS-ipa/Rayforge-iOS-ipa/gtk-src/gtk/deprecated/gtkcombobox.h to /Users/runner/work/Rayforge-iOS-ipa/Rayforge-iOS-ipa/ios-out/include/gtk-4.0/gtk/deprecated
Installing /Users/runner/work/Rayforge-iOS-ipa/Rayforge-iOS-ipa/gtk-src/gtk/deprecated/gtkcomboboxtext.h to /Users/runner/work/Rayforge-iOS-ipa/Rayforge-iOS-ipa/ios-out/include/gtk-4.0/gtk/deprecated
Installing /Users/runner/work/Rayforge-iOS-ipa/Rayforge-iOS-ipa/gtk-src/gtk/deprecated/gtkdialog.h to /Users/runner/work/Rayforge-iOS-ipa/Rayforge-iOS-ipa/ios-out/include/gtk-4.0/gtk/deprecated
Installing /Users/runner/work/Rayforge-iOS-ipa/Rayforge-iOS-ipa/gtk-src/gtk/deprecated/gtkentrycompletion.h to /Users/runner/work/Rayforge-iOS-ipa/Rayforge-iOS-ipa/ios-out/include/gtk-4.0/gtk/deprecated
Installing /Users/runner/work/Rayforge-iOS-ipa/Rayforge-iOS-ipa/gtk-src/gtk/deprecated/gtkfilechooser.h to /Users/runner/work/Rayforge-iOS-ipa/Rayforge-iOS-ipa/ios-out/include/gtk-4.0/gtk/deprecated
Installing /Users/runner/work/Rayforge-iOS-ipa/Rayforge-iOS-ipa/gtk-src/gtk/deprecated/gtkfilechooserdialog.h to /Users/runner/work/Rayforge-iOS-ipa/Rayforge-iOS-ipa/ios-out/include/gtk-4.0/gtk/deprecated
Installing /Users/runner/work/Rayforge-iOS-ipa/Rayforge-iOS-ipa/gtk-src/gtk/deprecated/gtkfilechoosernative.h to /Users/runner/work/Rayforge-iOS-ipa/Rayforge-iOS-ipa/ios-out/include/gtk-4.0/gtk/deprecated
Installing /Users/runner/work/Rayforge-iOS-ipa/Rayforge-iOS-ipa/gtk-src/gtk/deprecated/gtkfilechooserwidget.h to /Users/runner/work/Rayforge-iOS-ipa/Rayforge-iOS-ipa/ios-out/include/gtk-4.0/gtk/deprecated
Installing /Users/runner/work/Rayforge-iOS-ipa/Rayforge-iOS-ipa/gtk-src/gtk/deprecated/gtkfontbutton.h to /Users/runner/work/Rayforge-iOS-ipa/Rayforge-iOS-ipa/ios-out/include/gtk-4.0/gtk/deprecated
Installing /Users/runner/work/Rayforge-iOS-ipa/Rayforge-iOS-ipa/gtk-src/gtk/deprecated/gtkfontchooser.h to /Users/runner/work/Rayforge-iOS-ipa/Rayforge-iOS-ipa/ios-out/include/gtk-4.0/gtk/deprecated
Installing /Users/runner/work/Rayforge-iOS-ipa/Rayforge-iOS-ipa/gtk-src/gtk/deprecated/gtkfontchooserdialog.h to /Users/runner/work/Rayforge-iOS-ipa/Rayforge-iOS-ipa/ios-out/include/gtk-4.0/gtk/deprecated
Installing /Users/runner/work/Rayforge-iOS-ipa/Rayforge-iOS-ipa/gtk-src/gtk/deprecated/gtkfontchooserwidget.h to /Users/runner/work/Rayforge-iOS-ipa/Rayforge-iOS-ipa/ios-out/include/gtk-4.0/gtk/deprecated
Installing /Users/runner/work/Rayforge-iOS-ipa/Rayforge-iOS-ipa/gtk-src/gtk/deprecated/gtkiconview.h to /Users/runner/work/Rayforge-iOS-ipa/Rayforge-iOS-ipa/ios-out/include/gtk-4.0/gtk/deprecated
Installing /Users/runner/work/Rayforge-iOS-ipa/Rayforge-iOS-ipa/gtk-src/gtk/deprecated/gtkinfobar.h to /Users/runner/work/Rayforge-iOS-ipa/Rayforge-iOS-ipa/ios-out/include/gtk-4.0/gtk/deprecated
Installing /Users/runner/work/Rayforge-iOS-ipa/Rayforge-iOS-ipa/gtk-src/gtk/deprecated/gtkliststore.h to /Users/runner/work/Rayforge-iOS-ipa/Rayforge-iOS-ipa/ios-out/include/gtk-4.0/gtk/deprecated
Installing /Users/runner/work/Rayforge-iOS-ipa/Rayforge-iOS-ipa/gtk-src/gtk/deprecated/gtklockbutton.h to /Users/runner/work/Rayforge-iOS-ipa/Rayforge-iOS-ipa/ios-out/include/gtk-4.0/gtk/deprecated
Installing /Users/runner/work/Rayforge-iOS-ipa/Rayforge-iOS-ipa/gtk-src/gtk/deprecated/gtkmessagedialog.h to /Users/runner/work/Rayforge-iOS-ipa/Rayforge-iOS-ipa/ios-out/include/gtk-4.0/gtk/deprecated
Installing /Users/runner/work/Rayforge-iOS-ipa/Rayforge-iOS-ipa/gtk-src/gtk/deprecated/gtkrender.h to /Users/runner/work/Rayforge-iOS-ipa/Rayforge-iOS-ipa/ios-out/include/gtk-4.0/gtk/deprecated
Installing /Users/runner/work/Rayforge-iOS-ipa/Rayforge-iOS-ipa/gtk-src/gtk/deprecated/gtkshortcutlabel.h to /Users/runner/work/Rayforge-iOS-ipa/Rayforge-iOS-ipa/ios-out/include/gtk-4.0/gtk/deprecated
Installing /Users/runner/work/Rayforge-iOS-ipa/Rayforge-iOS-ipa/gtk-src/gtk/deprecated/gtkshortcutsgroup.h to /Users/runner/work/Rayforge-iOS-ipa/Rayforge-iOS-ipa/ios-out/include/gtk-4.0/gtk/deprecated
Installing /Users/runner/work/Rayforge-iOS-ipa/Rayforge-iOS-ipa/gtk-src/gtk/deprecated/gtkshortcutssection.h to /Users/runner/work/Rayforge-iOS-ipa/Rayforge-iOS-ipa/ios-out/include/gtk-4.0/gtk/deprecated
Installing /Users/runner/work/Rayforge-iOS-ipa/Rayforge-iOS-ipa/gtk-src/gtk/deprecated/gtkshortcutsshortcut.h to /Users/runner/work/Rayforge-iOS-ipa/Rayforge-iOS-ipa/ios-out/include/gtk-4.0/gtk/deprecated
Installing /Users/runner/work/Rayforge-iOS-ipa/Rayforge-iOS-ipa/gtk-src/gtk/deprecated/gtkshortcutswindow.h to /Users/runner/work/Rayforge-iOS-ipa/Rayforge-iOS-ipa/ios-out/include/gtk-4.0/gtk/deprecated
Installing /Users/runner/work/Rayforge-iOS-ipa/Rayforge-iOS-ipa/gtk-src/gtk/deprecated/gtkshow.h to /Users/runner/work/Rayforge-iOS-ipa/Rayforge-iOS-ipa/ios-out/include/gtk-4.0/gtk/deprecated
Installing /Users/runner/work/Rayforge-iOS-ipa/Rayforge-iOS-ipa/gtk-src/gtk/deprecated/gtkstatusbar.h to /Users/runner/work/Rayforge-iOS-ipa/Rayforge-iOS-ipa/ios-out/include/gtk-4.0/gtk/deprecated
Installing /Users/runner/work/Rayforge-iOS-ipa/Rayforge-iOS-ipa/gtk-src/gtk/deprecated/gtkstylecontext.h to /Users/runner/work/Rayforge-iOS-ipa/Rayforge-iOS-ipa/ios-out/include/gtk-4.0/gtk/deprecated
Installing /Users/runner/work/Rayforge-iOS-ipa/Rayforge-iOS-ipa/gtk-src/gtk/deprecated/gtktreednd.h to /Users/runner/work/Rayforge-iOS-ipa/Rayforge-iOS-ipa/ios-out/include/gtk-4.0/gtk/deprecated
Installing /Users/runner/work/Rayforge-iOS-ipa/Rayforge-iOS-ipa/gtk-src/gtk/deprecated/gtktreemodel.h to /Users/runner/work/Rayforge-iOS-ipa/Rayforge-iOS-ipa/ios-out/include/gtk-4.0/gtk/deprecated
Installing /Users/runner/work/Rayforge-iOS-ipa/Rayforge-iOS-ipa/gtk-src/gtk/deprecated/gtktreemodelfilter.h to /Users/runner/work/Rayforge-iOS-ipa/Rayforge-iOS-ipa/ios-out/include/gtk-4.0/gtk/deprecated
Installing /Users/runner/work/Rayforge-iOS-ipa/Rayforge-iOS-ipa/gtk-src/gtk/deprecated/gtktreemodelsort.h to /Users/runner/work/Rayforge-iOS-ipa/Rayforge-iOS-ipa/ios-out/include/gtk-4.0/gtk/deprecated
Installing /Users/runner/work/Rayforge-iOS-ipa/Rayforge-iOS-ipa/gtk-src/gtk/deprecated/gtktreeselection.h to /Users/runner/work/Rayforge-iOS-ipa/Rayforge-iOS-ipa/ios-out/include/gtk-4.0/gtk/deprecated
Installing /Users/runner/work/Rayforge-iOS-ipa/Rayforge-iOS-ipa/gtk-src/gtk/deprecated/gtktreesortable.h to /Users/runner/work/Rayforge-iOS-ipa/Rayforge-iOS-ipa/ios-out/include/gtk-4.0/gtk/deprecated
Installing /Users/runner/work/Rayforge-iOS-ipa/Rayforge-iOS-ipa/gtk-src/gtk/deprecated/gtktreestore.h to /Users/runner/work/Rayforge-iOS-ipa/Rayforge-iOS-ipa/ios-out/include/gtk-4.0/gtk/deprecated
Installing /Users/runner/work/Rayforge-iOS-ipa/Rayforge-iOS-ipa/gtk-src/gtk/deprecated/gtktreeview.h to /Users/runner/work/Rayforge-iOS-ipa/Rayforge-iOS-ipa/ios-out/include/gtk-4.0/gtk/deprecated
Installing /Users/runner/work/Rayforge-iOS-ipa/Rayforge-iOS-ipa/gtk-src/gtk/deprecated/gtktreeviewcolumn.h to /Users/runner/work/Rayforge-iOS-ipa/Rayforge-iOS-ipa/ios-out/include/gtk-4.0/gtk/deprecated
Installing /Users/runner/work/Rayforge-iOS-ipa/Rayforge-iOS-ipa/gtk-src/gtk/deprecated/gtkvolumebutton.h to /Users/runner/work/Rayforge-iOS-ipa/Rayforge-iOS-ipa/ios-out/include/gtk-4.0/gtk/deprecated
Installing /Users/runner/work/Rayforge-iOS-ipa/Rayforge-iOS-ipa/gtk-src/gtk/print/gtkpagesetup.h to /Users/runner/work/Rayforge-iOS-ipa/Rayforge-iOS-ipa/ios-out/include/gtk-4.0/gtk/print
Installing /Users/runner/work/Rayforge-iOS-ipa/Rayforge-iOS-ipa/gtk-src/gtk/print/gtkpapersize.h to /Users/runner/work/Rayforge-iOS-ipa/Rayforge-iOS-ipa/ios-out/include/gtk-4.0/gtk/print
Installing /Users/runner/work/Rayforge-iOS-ipa/Rayforge-iOS-ipa/gtk-src/gtk/print/gtkprintcontext.h to /Users/runner/work/Rayforge-iOS-ipa/Rayforge-iOS-ipa/ios-out/include/gtk-4.0/gtk/print
Installing /Users/runner/work/Rayforge-iOS-ipa/Rayforge-iOS-ipa/gtk-src/gtk/print/gtkprintoperation.h to /Users/runner/work/Rayforge-iOS-ipa/Rayforge-iOS-ipa/ios-out/include/gtk-4.0/gtk/print
Installing /Users/runner/work/Rayforge-iOS-ipa/Rayforge-iOS-ipa/gtk-src/gtk/print/gtkprintoperationpreview.h to /Users/runner/work/Rayforge-iOS-ipa/Rayforge-iOS-ipa/ios-out/include/gtk-4.0/gtk/print
Installing /Users/runner/work/Rayforge-iOS-ipa/Rayforge-iOS-ipa/gtk-src/gtk/print/gtkprintsettings.h to /Users/runner/work/Rayforge-iOS-ipa/Rayforge-iOS-ipa/ios-out/include/gtk-4.0/gtk/print
Installing /Users/runner/work/Rayforge-iOS-ipa/Rayforge-iOS-ipa/gtk-src/gtk/gtkunixprint.h to /Users/runner/work/Rayforge-iOS-ipa/Rayforge-iOS-ipa/ios-out/include/gtk-4.0/unix-print/gtk
Installing /Users/runner/work/Rayforge-iOS-ipa/Rayforge-iOS-ipa/gtk-src/gtk/print/gtkpagesetupunixdialog.h to /Users/runner/work/Rayforge-iOS-ipa/Rayforge-iOS-ipa/ios-out/include/gtk-4.0/unix-print/gtk/print
Installing /Users/runner/work/Rayforge-iOS-ipa/Rayforge-iOS-ipa/gtk-src/gtk/print/gtkprintunixdialog.h to /Users/runner/work/Rayforge-iOS-ipa/Rayforge-iOS-ipa/ios-out/include/gtk-4.0/unix-print/gtk/print
Installing /Users/runner/work/Rayforge-iOS-ipa/Rayforge-iOS-ipa/gtk-src/gtk/print/gtkprinter.h to /Users/runner/work/Rayforge-iOS-ipa/Rayforge-iOS-ipa/ios-out/include/gtk-4.0/unix-print/gtk/print
Installing /Users/runner/work/Rayforge-iOS-ipa/Rayforge-iOS-ipa/gtk-src/gtk/print/gtkprintjob.h to /Users/runner/work/Rayforge-iOS-ipa/Rayforge-iOS-ipa/ios-out/include/gtk-4.0/unix-print/gtk/print
Installing /Users/runner/work/Rayforge-iOS-ipa/Rayforge-iOS-ipa/gtk-build/gdk/gdkconfig.h to /Users/runner/work/Rayforge-iOS-ipa/Rayforge-iOS-ipa/ios-out/include/gtk-4.0/gdk
Installing /Users/runner/work/Rayforge-iOS-ipa/Rayforge-iOS-ipa/gtk-build/gtk/gtkconfig.h to /Users/runner/work/Rayforge-iOS-ipa/Rayforge-iOS-ipa/ios-out/include/gtk-4.0/gtk
Installing /Users/runner/work/Rayforge-iOS-ipa/Rayforge-iOS-ipa/gtk-build/gtk/gtkversion.h to /Users/runner/work/Rayforge-iOS-ipa/Rayforge-iOS-ipa/ios-out/include/gtk-4.0/gtk
Installing /Users/runner/work/Rayforge-iOS-ipa/Rayforge-iOS-ipa/gtk-src/gtk/org.gtk.gtk4.Settings.FileChooser.gschema.xml to /Users/runner/work/Rayforge-iOS-ipa/Rayforge-iOS-ipa/ios-out/share/glib-2.0/schemas
Installing /Users/runner/work/Rayforge-iOS-ipa/Rayforge-iOS-ipa/gtk-src/gtk/org.gtk.gtk4.Settings.ColorChooser.gschema.xml to /Users/runner/work/Rayforge-iOS-ipa/Rayforge-iOS-ipa/ios-out/share/glib-2.0/schemas
Installing /Users/runner/work/Rayforge-iOS-ipa/Rayforge-iOS-ipa/gtk-src/gtk/org.gtk.gtk4.Settings.EmojiChooser.gschema.xml to /Users/runner/work/Rayforge-iOS-ipa/Rayforge-iOS-ipa/ios-out/share/glib-2.0/schemas
Installing /Users/runner/work/Rayforge-iOS-ipa/Rayforge-iOS-ipa/gtk-src/gtk/org.gtk.gtk4.Settings.Debug.gschema.xml to /Users/runner/work/Rayforge-iOS-ipa/Rayforge-iOS-ipa/ios-out/share/glib-2.0/schemas
Installing /Users/runner/work/Rayforge-iOS-ipa/Rayforge-iOS-ipa/gtk-src/gtk/org.gtk.gtk4.Inspector.gschema.xml to /Users/runner/work/Rayforge-iOS-ipa/Rayforge-iOS-ipa/ios-out/share/glib-2.0/schemas
Installing /Users/runner/work/Rayforge-iOS-ipa/Rayforge-iOS-ipa/gtk-src/tools/gtk4builder.rng to /Users/runner/work/Rayforge-iOS-ipa/Rayforge-iOS-ipa/ios-out/share/gtk-4.0
Installing /Users/runner/work/Rayforge-iOS-ipa/Rayforge-iOS-ipa/gtk-src/tools/gtk4builder.loc to /Users/runner/work/Rayforge-iOS-ipa/Rayforge-iOS-ipa/ios-out/share/gettext/its
Installing /Users/runner/work/Rayforge-iOS-ipa/Rayforge-iOS-ipa/gtk-src/tools/gtk4builder.its to /Users/runner/work/Rayforge-iOS-ipa/Rayforge-iOS-ipa/ios-out/share/gettext/its
Installing /Users/runner/work/Rayforge-iOS-ipa/Rayforge-iOS-ipa/gtk-src/tools/completions/gtk4-builder-tool to /Users/runner/work/Rayforge-iOS-ipa/Rayforge-iOS-ipa/ios-out/share/bash-completion/completions
Installing /Users/runner/work/Rayforge-iOS-ipa/Rayforge-iOS-ipa/gtk-src/tools/completions/gtk4-image-tool to /Users/runner/work/Rayforge-iOS-ipa/Rayforge-iOS-ipa/ios-out/share/bash-completion/completions
Installing /Users/runner/work/Rayforge-iOS-ipa/Rayforge-iOS-ipa/gtk-src/tools/completions/gtk4-path-tool to /Users/runner/work/Rayforge-iOS-ipa/Rayforge-iOS-ipa/ios-out/share/bash-completion/completions
Installing /Users/runner/work/Rayforge-iOS-ipa/Rayforge-iOS-ipa/gtk-src/tools/completions/gtk4-rendernode-tool to /Users/runner/work/Rayforge-iOS-ipa/Rayforge-iOS-ipa/ios-out/share/bash-completion/completions
Installing /Users/runner/work/Rayforge-iOS-ipa/Rayforge-iOS-ipa/gtk-build/meson-private/gtk4.pc to /Users/runner/work/Rayforge-iOS-ipa/Rayforge-iOS-ipa/ios-out/lib/pkgconfig
Installing /Users/runner/work/Rayforge-iOS-ipa/Rayforge-iOS-ipa/gtk-build/meson-private/gtk4-atspi.pc to /Users/runner/work/Rayforge-iOS-ipa/Rayforge-iOS-ipa/ios-out/lib/pkgconfig
Installing /Users/runner/work/Rayforge-iOS-ipa/Rayforge-iOS-ipa/gtk-build/meson-private/gtk4-unix-print.pc to /Users/runner/work/Rayforge-iOS-ipa/Rayforge-iOS-ipa/ios-out/lib/pkgconfig
Installing /Users/runner/work/Rayforge-iOS-ipa/Rayforge-iOS-ipa/gtk-src/gtk.supp to /Users/runner/work/Rayforge-iOS-ipa/Rayforge-iOS-ipa/ios-out/share/gtk-4.0/valgrind
Installing symlink pointing to libgtk-4.1.dylib to /Users/runner/work/Rayforge-iOS-ipa/Rayforge-iOS-ipa/ios-out/lib/libgtk-4.dylib
