Gdk-Message: 17:39:07.027: gdk-ios: bundle resources at /Users/runner/Library/Developer/CoreSimulator/Devices/5B49CC90-E9C4-413D-82B0-110EFFDE2FCC/data/Containers/Bundle/Application/330680A4-353A-4D1A-BE74-9A5289A92DC0/RayforgeApp.app
Gdk-Message: 17:39:07.165: gdk-ios: shell ready window=1032x1376 view=1032x1376 scale=2.00
Gdk-Message: 17:39:07.170: gdk-ios: VC layout view=1032x1376 screen=1032x1376
Gdk-Message: 17:39:07.211: gdk-ios: entering user main
** Message: 17:39:07.211: GI_TYPELIB_PATH: /Users/runner/Library/Developer/CoreSimulator/Devices/5B49CC90-E9C4-413D-82B0-110EFFDE2FCC/data/Containers/Bundle/Application/330680A4-353A-4D1A-BE74-9A5289A92DC0/RayforgeApp.app/lib/girepository-1.0
** Message: 17:39:07.211: python home: /Users/runner/Library/Developer/CoreSimulator/Devices/5B49CC90-E9C4-413D-82B0-110EFFDE2FCC/data/Containers/Bundle/Application/330680A4-353A-4D1A-BE74-9A5289A92DC0/RayforgeApp.app/python
** Message: 17:39:07.211: site-packages: /Users/runner/Library/Developer/CoreSimulator/Devices/5B49CC90-E9C4-413D-82B0-110EFFDE2FCC/data/Containers/Bundle/Application/330680A4-353A-4D1A-BE74-9A5289A92DC0/RayforgeApp.app/python/lib/python3.13/site-packages
IOSBOOT: ios_main.main() start
IOSBOOT: import rayforge.app
IOSBOOT: addon finder fast-fail installed
IOSBOOT: rayforge.app.main()
2026-07-05 17:39:08,462 - root - INFO - Logging configured. Console level: INFO
2026-07-05 17:39:08,463 - root - INFO - Session log file: /Users/runner/Library/Developer/CoreSimulator/Devices/5B49CC90-E9C4-413D-82B0-110EFFDE2FCC/data/Containers/Data/Application/DBAA0A0F-A100-432F-ADBF-9B7C9BF5D935/.local/state/rayforge/log/session-2026-07-05_17-39-08.log
2026-07-05 17:39:08,463 - rayforge.app - INFO - Application starting with log level INFO
2026-07-05 17:39:08,463 - rayforge.app - INFO - PyCairo version: 1.29.0
2026-07-05 17:39:09,882 - rayforge.image.svg.svg_fallback - WARNING - pyvips svgload_buffer not available. Using Cairo/Rsvg fallback for SVG rendering.
2026-07-05 17:39:10,691 - rayforge.ui_gtk.sim3d - INFO - Skipping Canvas3D import due to RAYFORGE_DISABLE_3D
2026-07-05 17:39:10,691 - rayforge.ui_gtk.sim3d - INFO - 3D canvas disabled via RAYFORGE_DISABLE_3D environment variable.
2026-07-05 17:39:10,768 - rayforge.addon_mgr.addon_manager - INFO - Scanning for addons in /Users/runner/Library/Developer/CoreSimulator/Devices/5B49CC90-E9C4-413D-82B0-110EFFDE2FCC/data/Containers/Bundle/Application/330680A4-353A-4D1A-BE74-9A5289A92DC0/RayforgeApp.app/python/lib/python3.13/site-packages/rayforge/builtin_addons...
2026-07-05 17:39:10,773 - rayforge.addon_mgr.addon_manager - INFO - Loaded addon: core_materials (builtin)
2026-07-05 17:39:10,862 - rayforge.addon_mgr.addon_manager - INFO - Loaded addon: sketcher (builtin)
2026-07-05 17:39:10,870 - rayforge.addon_mgr.addon_manager - ERROR - Error importing addon laser_essentials: No module named 'raygeo.cnc'
2026-07-05 17:39:10,875 - rayforge.addon_mgr.addon_manager - ERROR - Error importing addon laser_essentials: No module named 'raygeo.cnc'
2026-07-05 17:39:10,876 - rayforge.addon_mgr.addon_manager - INFO - Loaded addon: laser_essentials (builtin)
2026-07-05 17:39:10,879 - rayforge.addon_mgr.addon_manager - INFO - Loaded addon: print_and_cut (builtin)
2026-07-05 17:39:10,907 - rayforge.addon_mgr.addon_manager - INFO - Loaded addon: post_processors (builtin)
2026-07-05 17:39:10,922 - rayforge.addon_mgr.addon_manager - INFO - Loaded addon: ai_workpiece_generator (builtin)
2026-07-05 17:39:11,113 - rayforge.context - INFO - Addons loaded (headless=False)
IOSBOOT: _ios_run: register()
IOSBOOT: _ios_run: activate()
2026-07-05 17:39:11,848 - rayforge.context - INFO - Lazy loading config manager
2026-07-05 17:39:11,854 - rayforge.context - INFO - Lazy loading machine manager
2026-07-05 17:39:11,860 - rayforge.core.config - INFO - Config file does not exist, creating default config.
2026-07-05 17:39:11,951 - rayforge.context - INFO - Lazy loading camera manager
2026-07-05 17:39:12,016 - rayforge.worker_init - ERROR - Failed to load enabled worker module 'rayforge_addons.core_materials.core_materials.worker': Plugin name already registered: rayforge_addons.core_materials.core_materials.worker=<module 'rayforge_addons.core_materials.core_materials.worker' from '/Users/runner/Library/Developer/CoreSimulator/Devices/5B49CC90-E9C4-413D-82B0-110EFFDE2FCC/data/Containers/Bundle/Application/330680A4-353A-4D1A-BE74-9A5289A92DC0/RayforgeApp.app/python/lib/python3.13/site-packages/rayforge/builtin_addons/rayforge-addon-materials/core_materials/worker.py'>
{'rayforge_addons.core_materials.core_materials.worker': <module 'rayforge_addons.core_materials.core_materials.worker' from '/Users/runner/Library/Developer/CoreSimulator/Devices/5B49CC90-E9C4-413D-82B0-110EFFDE2FCC/data/Containers/Bundle/Application/330680A4-353A-4D1A-BE74-9A5289A92DC0/RayforgeApp.app/python/lib/python3.13/site-packages/rayforge/builtin_addons/rayforge-addon-materials/core_materials/worker.py'>, 'rayforge_addons.sketcher.sketcher.worker': <module 'rayforge_addons.sketcher.sketcher.worker' from '/Users/runner/Library/Developer/CoreSimulator/Devices/5B49CC90-E9C4-413D-82B0-110EFFDE2FCC/data/Containers/Bundle/Application/330680A4-353A-4D1A-BE74-9A5289A92DC0/RayforgeApp.app/python/lib/python3.13/site-packages/rayforge/builtin_addons/rayforge-addon-sketcher/sketcher/worker.py'>, 'rayforge_addons.sketcher.sketcher.frontend': <module 'rayforge_addons.sketcher.sketcher.frontend' from '/Users/runner/Library/Developer/CoreSimulator/Devices/5B49CC90-E9C4-413D-82B0-110EFFDE2FCC/data/Containers/Bundle/Application/330680A4-353A-4D1A-BE74-9A5289A92DC0/RayforgeApp.app/python/lib/python3.13/site-packages/rayforge/builtin_addons/rayforge-addon-sketcher/sketcher/frontend.py'>, 'rayforge_addons.print_and_cut.print_and_cut.frontend': <module 'rayforge_addons.print_and_cut.print_and_cut.frontend' from '/Users/runner/Library/Developer/CoreSimulator/Devices/5B49CC90-E9C4-413D-82B0-110EFFDE2FCC/data/Containers/Bundle/Application/330680A4-353A-4D1A-BE74-9A5289A92DC0/RayforgeApp.app/python/lib/python3.13/site-packages/rayforge/builtin_addons/rayforge-addon-print-and-cut/print_and_cut/frontend.py'>, 'rayforge_addons.post_processors.post_processors.worker': <module 'rayforge_addons.post_processors.post_processors.worker' from '/Users/runner/Library/Developer/CoreSimulator/Devices/5B49CC90-E9C4-413D-82B0-110EFFDE2FCC/data/Containers/Bundle/Application/330680A4-353A-4D1A-BE74-9A5289A92DC0/RayforgeApp.app/python/lib/python3.13/site-packages/rayforge/builtin_addons/rayforge-addon-post/post_processors/worker.py'>, 'rayforge_addons.post_processors.post_processors.frontend': <module 'rayforge_addons.post_processors.post_processors.frontend' from '/Users/runner/Library/Developer/CoreSimulator/Devices/5B49CC90-E9C4-413D-82B0-110EFFDE2FCC/data/Containers/Bundle/Application/330680A4-353A-4D1A-BE74-9A5289A92DC0/RayforgeApp.app/python/lib/python3.13/site-packages/rayforge/builtin_addons/rayforge-addon-post/post_processors/frontend.py'>, 'rayforge_addons.ai_workpiece_generator.ai_workpiece_generator.frontend': <module 'rayforge_addons.ai_workpiece_generator.ai_workpiece_generator.frontend' from '/Users/runner/Library/Developer/CoreSimulator/Devices/5B49CC90-E9C4-413D-82B0-110EFFDE2FCC/data/Containers/Bundle/Application/330680A4-353A-4D1A-BE74-9A5289A92DC0/RayforgeApp.app/python/lib/python3.13/site-packages/rayforge/builtin_addons/rayforge-addon-ai-workpiece/ai_workpiece_generator/frontend.py'>}
2026-07-05 17:39:12,017 - rayforge.worker_init - ERROR - Failed to load enabled worker module 'rayforge_addons.sketcher.sketcher.worker': Plugin name already registered: rayforge_addons.sketcher.sketcher.worker=<module 'rayforge_addons.sketcher.sketcher.worker' from '/Users/runner/Library/Developer/CoreSimulator/Devices/5B49CC90-E9C4-413D-82B0-110EFFDE2FCC/data/Containers/Bundle/Application/330680A4-353A-4D1A-BE74-9A5289A92DC0/RayforgeApp.app/python/lib/python3.13/site-packages/rayforge/builtin_addons/rayforge-addon-sketcher/sketcher/worker.py'>
{'rayforge_addons.core_materials.core_materials.worker': <module 'rayforge_addons.core_materials.core_materials.worker' from '/Users/runner/Library/Developer/CoreSimulator/Devices/5B49CC90-E9C4-413D-82B0-110EFFDE2FCC/data/Containers/Bundle/Application/330680A4-353A-4D1A-BE74-9A5289A92DC0/RayforgeApp.app/python/lib/python3.13/site-packages/rayforge/builtin_addons/rayforge-addon-materials/core_materials/worker.py'>, 'rayforge_addons.sketcher.sketcher.worker': <module 'rayforge_addons.sketcher.sketcher.worker' from '/Users/runner/Library/Developer/CoreSimulator/Devices/5B49CC90-E9C4-413D-82B0-110EFFDE2FCC/data/Containers/Bundle/Application/330680A4-353A-4D1A-BE74-9A5289A92DC0/RayforgeApp.app/python/lib/python3.13/site-packages/rayforge/builtin_addons/rayforge-addon-sketcher/sketcher/worker.py'>, 'rayforge_addons.sketcher.sketcher.frontend': <module 'rayforge_addons.sketcher.sketcher.frontend' from '/Users/runner/Library/Developer/CoreSimulator/Devices/5B49CC90-E9C4-413D-82B0-110EFFDE2FCC/data/Containers/Bundle/Application/330680A4-353A-4D1A-BE74-9A5289A92DC0/RayforgeApp.app/python/lib/python3.13/site-packages/rayforge/builtin_addons/rayforge-addon-sketcher/sketcher/frontend.py'>, 'rayforge_addons.print_and_cut.print_and_cut.frontend': <module 'rayforge_addons.print_and_cut.print_and_cut.frontend' from '/Users/runner/Library/Developer/CoreSimulator/Devices/5B49CC90-E9C4-413D-82B0-110EFFDE2FCC/data/Containers/Bundle/Application/330680A4-353A-4D1A-BE74-9A5289A92DC0/RayforgeApp.app/python/lib/python3.13/site-packages/rayforge/builtin_addons/rayforge-addon-print-and-cut/print_and_cut/frontend.py'>, 'rayforge_addons.post_processors.post_processors.worker': <module 'rayforge_addons.post_processors.post_processors.worker' from '/Users/runner/Library/Developer/CoreSimulator/Devices/5B49CC90-E9C4-413D-82B0-110EFFDE2FCC/data/Containers/Bundle/Application/330680A4-353A-4D1A-BE74-9A5289A92DC0/RayforgeApp.app/python/lib/python3.13/site-packages/rayforge/builtin_addons/rayforge-addon-post/post_processors/worker.py'>, 'rayforge_addons.post_processors.post_processors.frontend': <module 'rayforge_addons.post_processors.post_processors.frontend' from '/Users/runner/Library/Developer/CoreSimulator/Devices/5B49CC90-E9C4-413D-82B0-110EFFDE2FCC/data/Containers/Bundle/Application/330680A4-353A-4D1A-BE74-9A5289A92DC0/RayforgeApp.app/python/lib/python3.13/site-packages/rayforge/builtin_addons/rayforge-addon-post/post_processors/frontend.py'>, 'rayforge_addons.ai_workpiece_generator.ai_workpiece_generator.frontend': <module 'rayforge_addons.ai_workpiece_generator.ai_workpiece_generator.frontend' from '/Users/runner/Library/Developer/CoreSimulator/Devices/5B49CC90-E9C4-413D-82B0-110EFFDE2FCC/data/Containers/Bundle/Application/330680A4-353A-4D1A-BE74-9A5289A92DC0/RayforgeApp.app/python/lib/python3.13/site-packages/rayforge/builtin_addons/rayforge-addon-ai-workpiece/ai_workpiece_generator/frontend.py'>}
2026-07-05 17:39:12,017 - rayforge.worker_init - ERROR - Failed to load enabled worker module 'rayforge_addons.post_processors.post_processors.worker': Plugin name already registered: rayforge_addons.post_processors.post_processors.worker=<module 'rayforge_addons.post_processors.post_processors.worker' from '/Users/runner/Library/Developer/CoreSimulator/Devices/5B49CC90-E9C4-413D-82B0-110EFFDE2FCC/data/Containers/Bundle/Application/330680A4-353A-4D1A-BE74-9A5289A92DC0/RayforgeApp.app/python/lib/python3.13/site-packages/rayforge/builtin_addons/rayforge-addon-post/post_processors/worker.py'>
{'rayforge_addons.core_materials.core_materials.worker': <module 'rayforge_addons.core_materials.core_materials.worker' from '/Users/runner/Library/Developer/CoreSimulator/Devices/5B49CC90-E9C4-413D-82B0-110EFFDE2FCC/data/Containers/Bundle/Application/330680A4-353A-4D1A-BE74-9A5289A92DC0/RayforgeApp.app/python/lib/python3.13/site-packages/rayforge/builtin_addons/rayforge-addon-materials/core_materials/worker.py'>, 'rayforge_addons.sketcher.sketcher.worker': <module 'rayforge_addons.sketcher.sketcher.worker' from '/Users/runner/Library/Developer/CoreSimulator/Devices/5B49CC90-E9C4-413D-82B0-110EFFDE2FCC/data/Containers/Bundle/Application/330680A4-353A-4D1A-BE74-9A5289A92DC0/RayforgeApp.app/python/lib/python3.13/site-packages/rayforge/builtin_addons/rayforge-addon-sketcher/sketcher/worker.py'>, 'rayforge_addons.sketcher.sketcher.frontend': <module 'rayforge_addons.sketcher.sketcher.frontend' from '/Users/runner/Library/Developer/CoreSimulator/Devices/5B49CC90-E9C4-413D-82B0-110EFFDE2FCC/data/Containers/Bundle/Application/330680A4-353A-4D1A-BE74-9A5289A92DC0/RayforgeApp.app/python/lib/python3.13/site-packages/rayforge/builtin_addons/rayforge-addon-sketcher/sketcher/frontend.py'>, 'rayforge_addons.print_and_cut.print_and_cut.frontend': <module 'rayforge_addons.print_and_cut.print_and_cut.frontend' from '/Users/runner/Library/Developer/CoreSimulator/Devices/5B49CC90-E9C4-413D-82B0-110EFFDE2FCC/data/Containers/Bundle/Application/330680A4-353A-4D1A-BE74-9A5289A92DC0/RayforgeApp.app/python/lib/python3.13/site-packages/rayforge/builtin_addons/rayforge-addon-print-and-cut/print_and_cut/frontend.py'>, 'rayforge_addons.post_processors.post_processors.worker': <module 'rayforge_addons.post_processors.post_processors.worker' from '/Users/runner/Library/Developer/CoreSimulator/Devices/5B49CC90-E9C4-413D-82B0-110EFFDE2FCC/data/Containers/Bundle/Application/330680A4-353A-4D1A-BE74-9A5289A92DC0/RayforgeApp.app/python/lib/python3.13/site-packages/rayforge/builtin_addons/rayforge-addon-post/post_processors/worker.py'>, 'rayforge_addons.post_processors.post_processors.frontend': <module 'rayforge_addons.post_processors.post_processors.frontend' from '/Users/runner/Library/Developer/CoreSimulator/Devices/5B49CC90-E9C4-413D-82B0-110EFFDE2FCC/data/Containers/Bundle/Application/330680A4-353A-4D1A-BE74-9A5289A92DC0/RayforgeApp.app/python/lib/python3.13/site-packages/rayforge/builtin_addons/rayforge-addon-post/post_processors/frontend.py'>, 'rayforge_addons.ai_workpiece_generator.ai_workpiece_generator.frontend': <module 'rayforge_addons.ai_workpiece_generator.ai_workpiece_generator.frontend' from '/Users/runner/Library/Developer/CoreSimulator/Devices/5B49CC90-E9C4-413D-82B0-110EFFDE2FCC/data/Containers/Bundle/Application/330680A4-353A-4D1A-BE74-9A5289A92DC0/RayforgeApp.app/python/lib/python3.13/site-packages/rayforge/builtin_addons/rayforge-addon-ai-workpiece/ai_workpiece_generator/frontend.py'>}
Gdk-Message: 17:39:12.217: gdk-ios: toplevel_present shell_bounds=1032x1376
Fontconfig warning: using without calling FcInit()
Gdk-Message: 17:39:12.362: gdk-ios: present placement transient=0 natural=1165x1150 -> frame=(0,0,1032x1376)
Gdk-Message: 17:39:12.362: gdk-ios: attach_layer surface=0x10f0efff0 layer=0x600000cb12c0 root=0x600000c11200 root.bounds=1032x1376 root.sublayers=1 scale=2.00
Gdk-Message: 17:39:12.362: gdk-ios: apply_frame surface=0x10f0efff0 req=(0,0,1032x1376) layer.frame=(0,0,1032x1376)
Gdk-Message: 17:39:12.364: gdk-ios: toplevel_present shell_bounds=1032x1376
Gdk-Message: 17:39:12.364: gdk-ios: present placement transient=0 natural=1115x1100 -> frame=(0,0,1032x1376)
Gdk-Message: 17:39:12.364: gdk-ios: apply_frame surface=0x10f0efff0 req=(0,0,1032x1376) layer.frame=(0,0,1032x1376)
Gdk-Message: 17:39:12.365: gdk-ios: toplevel_present shell_bounds=1032x1376
Gdk-Message: 17:39:12.373: gdk-ios: present placement transient=1 natural=394x318 -> frame=(319,529,394x318)
Gdk-Message: 17:39:12.373: gdk-ios: attach_layer surface=0x1118644a0 layer=0x600000cc1fb0 root=0x600000c11200 root.bounds=1032x1376 root.sublayers=2 scale=2.00
Gdk-Message: 17:39:12.374: gdk-ios: apply_frame surface=0x1118644a0 req=(319,529,394x318) layer.frame=(319,529,394x318)
Gdk-Message: 17:39:12.374: gdk-ios: toplevel_present shell_bounds=1032x1376
Gdk-Message: 17:39:12.374: gdk-ios: present placement transient=1 natural=394x318 -> frame=(319,529,394x318)
Gdk-Message: 17:39:12.374: gdk-ios: apply_frame surface=0x1118644a0 req=(319,529,394x318) layer.frame=(319,529,394x318)
2026-07-05 17:39:12,374 - rayforge.addon_mgr.update_cmd - INFO - Scheduling startup addon update check.
2026-07-05 17:39:12,375 - rayforge.updater - INFO - Scheduling app version update check.
IOSBOOT: _ios_run: activate() returned; windows=1
IOSBOOT:   window mapped=True visible=True title='Rayforge'
IOSBOOT: keep-running caught — startup unwound cleanly
RAYFORGE UI RUNNING
** Message: 17:39:12.375: rayforge boot: PyGObject self-test ran (CPython 3.13.14 (main, Jun 12 2026, 07:26:39) [Clang 17.0.0 (clang-1700.0.13.5)]) ? see console for PYGOBJECT OK/FAIL
Gdk-Message: 17:39:12.381: gdk-ios: user main returned
Gdk-Message: 17:39:13.016: gdk-ios: begin_frame surface=1032x1376 scale=2.00 pixels=2064x2752
Gdk-Message: 17:39:13.035: gdk-ios: end_frame 2064x2752 stride=8256 data=0x1141b8000 layer=0x600000cb12c0 center=0xFFF5F5F6 tl=0xFFFFFFFF tr=0xFFFFFFFF bl=0xFFFAFAFB br=0xFFF5F5F6
Gdk-Message: 17:39:13.035: gdk-ios: presented layer=0x600000cb12c0 frame=(0,0,1032x1376) contentsScale=2.00 opacity=1.00 hidden=0 super=0x600000c11200 hasContents=1
Gdk-Message: 17:39:13.036: gdk-ios: begin_frame surface=394x318 scale=2.00 pixels=788x636
Gdk-Message: 17:39:13.040: gdk-ios: end_frame 788x636 stride=3152 data=0x115764000 layer=0x600000cc1fb0 center=0xFFFAFAFB tl=0x00000000 tr=0x00000000 bl=0x00000000 br=0xFFFAFAFB
Gdk-Message: 17:39:13.040: gdk-ios: presented layer=0x600000cc1fb0 frame=(319,529,394x318) contentsScale=2.00 opacity=1.00 hidden=0 super=0x600000c11200 hasContents=1
Gdk-Message: 17:39:13.041: gdk-ios: begin_frame surface=1032x1376 scale=2.00 pixels=2064x2752
Gdk-Message: 17:39:13.056: gdk-ios: end_frame 2064x2752 stride=8256 data=0x116c88000 layer=0x600000cb12c0 center=0xFFF5F5F6 tl=0xFFFFFFFF tr=0xFFFFFFFF bl=0xFFFAFAFB br=0xFFF5F5F6
Gdk-Message: 17:39:13.057: gdk-ios: presented layer=0x600000cb12c0 frame=(0,0,1032x1376) contentsScale=2.00 opacity=1.00 hidden=0 super=0x600000c11200 hasContents=1
Gdk-Message: 17:39:13.061: gdk-ios: VC layout view=1032x1376 screen=1032x1376
Gdk-Message: 17:39:13.087: gdk-ios: begin_frame surface=1032x1376 scale=2.00 pixels=2064x2752
Gdk-Message: 17:39:13.112: gdk-ios: end_frame 2064x2752 stride=8256 data=0x1197e0000 layer=0x600000cb12c0 center=0xFFF5F5F6 tl=0xFFFFFFFF tr=0xFFFFFFFF bl=0xFFFAFAFB br=0xFFF5F5F6
Gdk-Message: 17:39:13.115: gdk-ios: presented layer=0x600000cb12c0 frame=(0,0,1032x1376) contentsScale=2.00 opacity=1.00 hidden=0 super=0x600000c11200 hasContents=1
Gdk-Message: 17:39:15.051: gdk-ios: pump alive frame=120 total_iterations=12
IOSBOOT: GEOM monitor[0] 1032x1376+0+0 scale=2
IOSBOOT: GEOM top[0] 'Rayforge' alloc=1032x1376 surface=1032x1376 surfscale=2 vis=True
IOSBOOT: GEOM top[1] 'Help Improve Rayforge' alloc=350x274 surface=394x318 surfscale=2 vis=True
Gdk-Message: 17:39:16.891: gdk-ios: begin_frame surface=1032x1376 scale=2.00 pixels=2064x2752
Gdk-Message: 17:39:16.911: gdk-ios: end_frame 2064x2752 stride=8256 data=0x116c88000 layer=0x600000cb12c0 center=0xFFF5F5F6 tl=0xFFFFFFFF tr=0xFFFFFFFF bl=0xFFFAFAFB br=0xFFF5F5F6
Gdk-Message: 17:39:16.915: gdk-ios: presented layer=0x600000cb12c0 frame=(0,0,1032x1376) contentsScale=2.00 opacity=1.00 hidden=0 super=0x600000c11200 hasContents=1
Gdk-Message: 17:39:17.087: gdk-ios: pump alive frame=240 total_iterations=15
Gdk-Message: 17:39:19.088: gdk-ios: pump alive frame=360 total_iterations=15
Gdk-Message: 17:39:21.088: gdk-ios: pump alive frame=480 total_iterations=15
Gdk-Message: 17:39:23.090: gdk-ios: pump alive frame=600 total_iterations=15
Gdk-Message: 17:39:25.091: gdk-ios: pump alive frame=720 total_iterations=15
Gdk-Message: 17:39:27.092: gdk-ios: pump alive frame=840 total_iterations=15
Gdk-Message: 17:39:29.092: gdk-ios: pump alive frame=960 total_iterations=15
Gdk-Message: 17:39:31.094: gdk-ios: pump alive frame=1080 total_iterations=15
Gdk-Message: 17:39:33.095: gdk-ios: pump alive frame=1200 total_iterations=15
Gdk-Message: 17:39:35.094: gdk-ios: pump alive frame=1320 total_iterations=15
Gdk-Message: 17:39:37.097: gdk-ios: pump alive frame=1440 total_iterations=15
Gdk-Message: 17:39:39.098: gdk-ios: pump alive frame=1560 total_iterations=15
Gdk-Message: 17:39:41.098: gdk-ios: pump alive frame=1680 total_iterations=15
Gdk-Message: 17:39:43.099: gdk-ios: pump alive frame=1800 total_iterations=15
Gdk-Message: 17:39:45.101: gdk-ios: pump alive frame=1920 total_iterations=15
Gdk-Message: 17:39:47.102: gdk-ios: pump alive frame=2040 total_iterations=15
Gdk-Message: 17:39:49.103: gdk-ios: pump alive frame=2160 total_iterations=15
Gdk-Message: 17:39:51.104: gdk-ios: pump alive frame=2280 total_iterations=15
Gdk-Message: 17:39:53.105: gdk-ios: pump alive frame=2400 total_iterations=15
Gdk-Message: 17:39:55.106: gdk-ios: pump alive frame=2520 total_iterations=15
