ninja: Entering directory `glib-build'
[0/1] Installing files
Installing subprojects/pcre2-10.42/libpcre2-8.a to /Users/runner/work/Rayforge-iOS-ipa/Rayforge-iOS-ipa/ios-out/lib
Installing subprojects/pcre2-10.42/libpcre2-posix.a to /Users/runner/work/Rayforge-iOS-ipa/Rayforge-iOS-ipa/ios-out/lib
Installing subprojects/pcre2-10.42/libpcre2-16.a to /Users/runner/work/Rayforge-iOS-ipa/Rayforge-iOS-ipa/ios-out/lib
Installing subprojects/pcre2-10.42/libpcre2-32.a to /Users/runner/work/Rayforge-iOS-ipa/Rayforge-iOS-ipa/ios-out/lib
Installing subprojects/pcre2-10.42/pcre2grep to /Users/runner/work/Rayforge-iOS-ipa/Rayforge-iOS-ipa/ios-out/bin
Installing subprojects/libffi/src/libffi.a to /Users/runner/work/Rayforge-iOS-ipa/Rayforge-iOS-ipa/ios-out/lib
Installing subprojects/proxy-libintl/libintl.a to /Users/runner/work/Rayforge-iOS-ipa/Rayforge-iOS-ipa/ios-out/lib
Installing glib/gversionmacros.h to /Users/runner/work/Rayforge-iOS-ipa/Rayforge-iOS-ipa/ios-out/include/glib-2.0/glib
Installing glib/glib-visibility.h to /Users/runner/work/Rayforge-iOS-ipa/Rayforge-iOS-ipa/ios-out/include/glib-2.0/glib
Installing glib/libglib-2.0.a to /Users/runner/work/Rayforge-iOS-ipa/Rayforge-iOS-ipa/ios-out/lib
Installing glib/gtester to /Users/runner/work/Rayforge-iOS-ipa/Rayforge-iOS-ipa/ios-out/bin
Installing gobject/gobject-visibility.h to /Users/runner/work/Rayforge-iOS-ipa/Rayforge-iOS-ipa/ios-out/include/glib-2.0/gobject
Installing gobject/glib-enumtypes.h to /Users/runner/work/Rayforge-iOS-ipa/Rayforge-iOS-ipa/ios-out/include/glib-2.0/gobject
Installing gobject/libgobject-2.0.a to /Users/runner/work/Rayforge-iOS-ipa/Rayforge-iOS-ipa/ios-out/lib
Installing gobject/gobject-query to /Users/runner/work/Rayforge-iOS-ipa/Rayforge-iOS-ipa/ios-out/bin
Installing gthread/libgthread-2.0.a to /Users/runner/work/Rayforge-iOS-ipa/Rayforge-iOS-ipa/ios-out/lib
Installing gmodule/gmodule-visibility.h to /Users/runner/work/Rayforge-iOS-ipa/Rayforge-iOS-ipa/ios-out/include/glib-2.0/gmodule
Installing gmodule/libgmodule-2.0.a to /Users/runner/work/Rayforge-iOS-ipa/Rayforge-iOS-ipa/ios-out/lib
Installing gio/gdbus-2.0/codegen/__init__.py to /Users/runner/work/Rayforge-iOS-ipa/Rayforge-iOS-ipa/ios-out/share/glib-2.0/codegen
Installing gio/gdbus-2.0/codegen/codegen.py to /Users/runner/work/Rayforge-iOS-ipa/Rayforge-iOS-ipa/ios-out/share/glib-2.0/codegen
Installing gio/gdbus-2.0/codegen/codegen_main.py to /Users/runner/work/Rayforge-iOS-ipa/Rayforge-iOS-ipa/ios-out/share/glib-2.0/codegen
Installing gio/gdbus-2.0/codegen/codegen_docbook.py to /Users/runner/work/Rayforge-iOS-ipa/Rayforge-iOS-ipa/ios-out/share/glib-2.0/codegen
Installing gio/gdbus-2.0/codegen/codegen_md.py to /Users/runner/work/Rayforge-iOS-ipa/Rayforge-iOS-ipa/ios-out/share/glib-2.0/codegen
Installing gio/gdbus-2.0/codegen/codegen_rst.py to /Users/runner/work/Rayforge-iOS-ipa/Rayforge-iOS-ipa/ios-out/share/glib-2.0/codegen
Installing gio/gdbus-2.0/codegen/dbustypes.py to /Users/runner/work/Rayforge-iOS-ipa/Rayforge-iOS-ipa/ios-out/share/glib-2.0/codegen
Installing gio/gdbus-2.0/codegen/parser.py to /Users/runner/work/Rayforge-iOS-ipa/Rayforge-iOS-ipa/ios-out/share/glib-2.0/codegen
Installing gio/gdbus-2.0/codegen/utils.py to /Users/runner/work/Rayforge-iOS-ipa/Rayforge-iOS-ipa/ios-out/share/glib-2.0/codegen
Installing gio/gio-launch-desktop to /Users/runner/work/Rayforge-iOS-ipa/Rayforge-iOS-ipa/ios-out/libexec
Installing gio/gio-visibility.h to /Users/runner/work/Rayforge-iOS-ipa/Rayforge-iOS-ipa/ios-out/include/glib-2.0/gio
Installing gio/gioenumtypes.h to /Users/runner/work/Rayforge-iOS-ipa/Rayforge-iOS-ipa/ios-out/include/glib-2.0/gio
Installing gio/libgio-2.0.a to /Users/runner/work/Rayforge-iOS-ipa/Rayforge-iOS-ipa/ios-out/lib
Installing gio/gio to /Users/runner/work/Rayforge-iOS-ipa/Rayforge-iOS-ipa/ios-out/bin
Installing gio/gresource to /Users/runner/work/Rayforge-iOS-ipa/Rayforge-iOS-ipa/ios-out/bin
Installing gio/gio-querymodules to /Users/runner/work/Rayforge-iOS-ipa/Rayforge-iOS-ipa/ios-out/bin
Installing gio/glib-compile-schemas to /Users/runner/work/Rayforge-iOS-ipa/Rayforge-iOS-ipa/ios-out/bin
Installing gio/glib-compile-resources to /Users/runner/work/Rayforge-iOS-ipa/Rayforge-iOS-ipa/ios-out/bin
Installing gio/gsettings to /Users/runner/work/Rayforge-iOS-ipa/Rayforge-iOS-ipa/ios-out/bin
Installing gio/gdbus to /Users/runner/work/Rayforge-iOS-ipa/Rayforge-iOS-ipa/ios-out/bin
Installing gio/gapplication to /Users/runner/work/Rayforge-iOS-ipa/Rayforge-iOS-ipa/ios-out/bin
Installing girepository/gi-visibility.h to /Users/runner/work/Rayforge-iOS-ipa/Rayforge-iOS-ipa/ios-out/include/glib-2.0/girepository
Installing girepository/libgirepository-2.0.a to /Users/runner/work/Rayforge-iOS-ipa/Rayforge-iOS-ipa/ios-out/lib
Installing girepository/compiler/gi-compile-repository to /Users/runner/work/Rayforge-iOS-ipa/Rayforge-iOS-ipa/ios-out/bin
Installing girepository/decompiler/gi-decompile-typelib to /Users/runner/work/Rayforge-iOS-ipa/Rayforge-iOS-ipa/ios-out/bin
Installing girepository/inspector/gi-inspect-typelib to /Users/runner/work/Rayforge-iOS-ipa/Rayforge-iOS-ipa/ios-out/bin
Installing /Users/runner/work/Rayforge-iOS-ipa/Rayforge-iOS-ipa/glib-build/subprojects/pcre2-10.42/pcre2.h to /Users/runner/work/Rayforge-iOS-ipa/Rayforge-iOS-ipa/ios-out/include
Installing /Users/runner/work/Rayforge-iOS-ipa/Rayforge-iOS-ipa/glib-src/subprojects/pcre2-10.42/src/pcre2posix.h to /Users/runner/work/Rayforge-iOS-ipa/Rayforge-iOS-ipa/ios-out/include
Installing /Users/runner/work/Rayforge-iOS-ipa/Rayforge-iOS-ipa/glib-src/subprojects/proxy-libintl/libintl.h to /Users/runner/work/Rayforge-iOS-ipa/Rayforge-iOS-ipa/ios-out/include
Installing /Users/runner/work/Rayforge-iOS-ipa/Rayforge-iOS-ipa/glib-src/glib/glib.h to /Users/runner/work/Rayforge-iOS-ipa/Rayforge-iOS-ipa/ios-out/include/glib-2.0
Installing /Users/runner/work/Rayforge-iOS-ipa/Rayforge-iOS-ipa/glib-src/glib/glib-object.h to /Users/runner/work/Rayforge-iOS-ipa/Rayforge-iOS-ipa/ios-out/include/glib-2.0
Installing /Users/runner/work/Rayforge-iOS-ipa/Rayforge-iOS-ipa/glib-src/glib/glib-unix.h to /Users/runner/work/Rayforge-iOS-ipa/Rayforge-iOS-ipa/ios-out/include/glib-2.0
Installing /Users/runner/work/Rayforge-iOS-ipa/Rayforge-iOS-ipa/glib-src/glib/deprecated/gallocator.h to /Users/runner/work/Rayforge-iOS-ipa/Rayforge-iOS-ipa/ios-out/include/glib-2.0/glib/deprecated
Installing /Users/runner/work/Rayforge-iOS-ipa/Rayforge-iOS-ipa/glib-src/glib/deprecated/gcache.h to /Users/runner/work/Rayforge-iOS-ipa/Rayforge-iOS-ipa/ios-out/include/glib-2.0/glib/deprecated
Installing /Users/runner/work/Rayforge-iOS-ipa/Rayforge-iOS-ipa/glib-src/glib/deprecated/gcompletion.h to /Users/runner/work/Rayforge-iOS-ipa/Rayforge-iOS-ipa/ios-out/include/glib-2.0/glib/deprecated
Installing /Users/runner/work/Rayforge-iOS-ipa/Rayforge-iOS-ipa/glib-src/glib/deprecated/gmain.h to /Users/runner/work/Rayforge-iOS-ipa/Rayforge-iOS-ipa/ios-out/include/glib-2.0/glib/deprecated
Installing /Users/runner/work/Rayforge-iOS-ipa/Rayforge-iOS-ipa/glib-src/glib/deprecated/grel.h to /Users/runner/work/Rayforge-iOS-ipa/Rayforge-iOS-ipa/ios-out/include/glib-2.0/glib/deprecated
Installing /Users/runner/work/Rayforge-iOS-ipa/Rayforge-iOS-ipa/glib-src/glib/deprecated/gthread.h to /Users/runner/work/Rayforge-iOS-ipa/Rayforge-iOS-ipa/ios-out/include/glib-2.0/glib/deprecated
Installing /Users/runner/work/Rayforge-iOS-ipa/Rayforge-iOS-ipa/glib-src/glib/glib-autocleanups.h to /Users/runner/work/Rayforge-iOS-ipa/Rayforge-iOS-ipa/ios-out/include/glib-2.0/glib
Installing /Users/runner/work/Rayforge-iOS-ipa/Rayforge-iOS-ipa/glib-src/glib/glib-typeof.h to /Users/runner/work/Rayforge-iOS-ipa/Rayforge-iOS-ipa/ios-out/include/glib-2.0/glib
Installing /Users/runner/work/Rayforge-iOS-ipa/Rayforge-iOS-ipa/glib-src/glib/galloca.h to /Users/runner/work/Rayforge-iOS-ipa/Rayforge-iOS-ipa/ios-out/include/glib-2.0/glib
Installing /Users/runner/work/Rayforge-iOS-ipa/Rayforge-iOS-ipa/glib-src/glib/garray.h to /Users/runner/work/Rayforge-iOS-ipa/Rayforge-iOS-ipa/ios-out/include/glib-2.0/glib
Installing /Users/runner/work/Rayforge-iOS-ipa/Rayforge-iOS-ipa/glib-src/glib/gasyncqueue.h to /Users/runner/work/Rayforge-iOS-ipa/Rayforge-iOS-ipa/ios-out/include/glib-2.0/glib
Installing /Users/runner/work/Rayforge-iOS-ipa/Rayforge-iOS-ipa/glib-src/glib/gatomic.h to /Users/runner/work/Rayforge-iOS-ipa/Rayforge-iOS-ipa/ios-out/include/glib-2.0/glib
Installing /Users/runner/work/Rayforge-iOS-ipa/Rayforge-iOS-ipa/glib-src/glib/gbacktrace.h to /Users/runner/work/Rayforge-iOS-ipa/Rayforge-iOS-ipa/ios-out/include/glib-2.0/glib
Installing /Users/runner/work/Rayforge-iOS-ipa/Rayforge-iOS-ipa/glib-src/glib/gbase64.h to /Users/runner/work/Rayforge-iOS-ipa/Rayforge-iOS-ipa/ios-out/include/glib-2.0/glib
Installing /Users/runner/work/Rayforge-iOS-ipa/Rayforge-iOS-ipa/glib-src/glib/gbitlock.h to /Users/runner/work/Rayforge-iOS-ipa/Rayforge-iOS-ipa/ios-out/include/glib-2.0/glib
Installing /Users/runner/work/Rayforge-iOS-ipa/Rayforge-iOS-ipa/glib-src/glib/gbookmarkfile.h to /Users/runner/work/Rayforge-iOS-ipa/Rayforge-iOS-ipa/ios-out/include/glib-2.0/glib
Installing /Users/runner/work/Rayforge-iOS-ipa/Rayforge-iOS-ipa/glib-src/glib/gbytes.h to /Users/runner/work/Rayforge-iOS-ipa/Rayforge-iOS-ipa/ios-out/include/glib-2.0/glib
Installing /Users/runner/work/Rayforge-iOS-ipa/Rayforge-iOS-ipa/glib-src/glib/gcharset.h to /Users/runner/work/Rayforge-iOS-ipa/Rayforge-iOS-ipa/ios-out/include/glib-2.0/glib
Installing /Users/runner/work/Rayforge-iOS-ipa/Rayforge-iOS-ipa/glib-src/glib/gchecksum.h to /Users/runner/work/Rayforge-iOS-ipa/Rayforge-iOS-ipa/ios-out/include/glib-2.0/glib
Installing /Users/runner/work/Rayforge-iOS-ipa/Rayforge-iOS-ipa/glib-src/glib/gconvert.h to /Users/runner/work/Rayforge-iOS-ipa/Rayforge-iOS-ipa/ios-out/include/glib-2.0/glib
Installing /Users/runner/work/Rayforge-iOS-ipa/Rayforge-iOS-ipa/glib-src/glib/gdataset.h to /Users/runner/work/Rayforge-iOS-ipa/Rayforge-iOS-ipa/ios-out/include/glib-2.0/glib
Installing /Users/runner/work/Rayforge-iOS-ipa/Rayforge-iOS-ipa/glib-src/glib/gdate.h to /Users/runner/work/Rayforge-iOS-ipa/Rayforge-iOS-ipa/ios-out/include/glib-2.0/glib
Installing /Users/runner/work/Rayforge-iOS-ipa/Rayforge-iOS-ipa/glib-src/glib/gdatetime.h to /Users/runner/work/Rayforge-iOS-ipa/Rayforge-iOS-ipa/ios-out/include/glib-2.0/glib
Installing /Users/runner/work/Rayforge-iOS-ipa/Rayforge-iOS-ipa/glib-src/glib/gdir.h to /Users/runner/work/Rayforge-iOS-ipa/Rayforge-iOS-ipa/ios-out/include/glib-2.0/glib
Installing /Users/runner/work/Rayforge-iOS-ipa/Rayforge-iOS-ipa/glib-src/glib/genviron.h to /Users/runner/work/Rayforge-iOS-ipa/Rayforge-iOS-ipa/ios-out/include/glib-2.0/glib
Installing /Users/runner/work/Rayforge-iOS-ipa/Rayforge-iOS-ipa/glib-src/glib/gerror.h to /Users/runner/work/Rayforge-iOS-ipa/Rayforge-iOS-ipa/ios-out/include/glib-2.0/glib
Installing /Users/runner/work/Rayforge-iOS-ipa/Rayforge-iOS-ipa/glib-src/glib/gfileutils.h to /Users/runner/work/Rayforge-iOS-ipa/Rayforge-iOS-ipa/ios-out/include/glib-2.0/glib
Installing /Users/runner/work/Rayforge-iOS-ipa/Rayforge-iOS-ipa/glib-src/glib/ggettext.h to /Users/runner/work/Rayforge-iOS-ipa/Rayforge-iOS-ipa/ios-out/include/glib-2.0/glib
Installing /Users/runner/work/Rayforge-iOS-ipa/Rayforge-iOS-ipa/glib-src/glib/ghash.h to /Users/runner/work/Rayforge-iOS-ipa/Rayforge-iOS-ipa/ios-out/include/glib-2.0/glib
Installing /Users/runner/work/Rayforge-iOS-ipa/Rayforge-iOS-ipa/glib-src/glib/ghmac.h to /Users/runner/work/Rayforge-iOS-ipa/Rayforge-iOS-ipa/ios-out/include/glib-2.0/glib
Installing /Users/runner/work/Rayforge-iOS-ipa/Rayforge-iOS-ipa/glib-src/glib/ghook.h to /Users/runner/work/Rayforge-iOS-ipa/Rayforge-iOS-ipa/ios-out/include/glib-2.0/glib
Installing /Users/runner/work/Rayforge-iOS-ipa/Rayforge-iOS-ipa/glib-src/glib/ghostutils.h to /Users/runner/work/Rayforge-iOS-ipa/Rayforge-iOS-ipa/ios-out/include/glib-2.0/glib
Installing /Users/runner/work/Rayforge-iOS-ipa/Rayforge-iOS-ipa/glib-src/glib/gi18n.h to /Users/runner/work/Rayforge-iOS-ipa/Rayforge-iOS-ipa/ios-out/include/glib-2.0/glib
Installing /Users/runner/work/Rayforge-iOS-ipa/Rayforge-iOS-ipa/glib-src/glib/gi18n-lib.h to /Users/runner/work/Rayforge-iOS-ipa/Rayforge-iOS-ipa/ios-out/include/glib-2.0/glib
Installing /Users/runner/work/Rayforge-iOS-ipa/Rayforge-iOS-ipa/glib-src/glib/giochannel.h to /Users/runner/work/Rayforge-iOS-ipa/Rayforge-iOS-ipa/ios-out/include/glib-2.0/glib
Installing /Users/runner/work/Rayforge-iOS-ipa/Rayforge-iOS-ipa/glib-src/glib/gkeyfile.h to /Users/runner/work/Rayforge-iOS-ipa/Rayforge-iOS-ipa/ios-out/include/glib-2.0/glib
Installing /Users/runner/work/Rayforge-iOS-ipa/Rayforge-iOS-ipa/glib-src/glib/glist.h to /Users/runner/work/Rayforge-iOS-ipa/Rayforge-iOS-ipa/ios-out/include/glib-2.0/glib
Installing /Users/runner/work/Rayforge-iOS-ipa/Rayforge-iOS-ipa/glib-src/glib/gmacros.h to /Users/runner/work/Rayforge-iOS-ipa/Rayforge-iOS-ipa/ios-out/include/glib-2.0/glib
Installing /Users/runner/work/Rayforge-iOS-ipa/Rayforge-iOS-ipa/glib-src/glib/gmain.h to /Users/runner/work/Rayforge-iOS-ipa/Rayforge-iOS-ipa/ios-out/include/glib-2.0/glib
Installing /Users/runner/work/Rayforge-iOS-ipa/Rayforge-iOS-ipa/glib-src/glib/gmappedfile.h to /Users/runner/work/Rayforge-iOS-ipa/Rayforge-iOS-ipa/ios-out/include/glib-2.0/glib
Installing /Users/runner/work/Rayforge-iOS-ipa/Rayforge-iOS-ipa/glib-src/glib/gmarkup.h to /Users/runner/work/Rayforge-iOS-ipa/Rayforge-iOS-ipa/ios-out/include/glib-2.0/glib
Installing /Users/runner/work/Rayforge-iOS-ipa/Rayforge-iOS-ipa/glib-src/glib/gmem.h to /Users/runner/work/Rayforge-iOS-ipa/Rayforge-iOS-ipa/ios-out/include/glib-2.0/glib
Installing /Users/runner/work/Rayforge-iOS-ipa/Rayforge-iOS-ipa/glib-src/glib/gmessages.h to /Users/runner/work/Rayforge-iOS-ipa/Rayforge-iOS-ipa/ios-out/include/glib-2.0/glib
Installing /Users/runner/work/Rayforge-iOS-ipa/Rayforge-iOS-ipa/glib-src/glib/gnode.h to /Users/runner/work/Rayforge-iOS-ipa/Rayforge-iOS-ipa/ios-out/include/glib-2.0/glib
Installing /Users/runner/work/Rayforge-iOS-ipa/Rayforge-iOS-ipa/glib-src/glib/goption.h to /Users/runner/work/Rayforge-iOS-ipa/Rayforge-iOS-ipa/ios-out/include/glib-2.0/glib
Installing /Users/runner/work/Rayforge-iOS-ipa/Rayforge-iOS-ipa/glib-src/glib/gpathbuf.h to /Users/runner/work/Rayforge-iOS-ipa/Rayforge-iOS-ipa/ios-out/include/glib-2.0/glib
Installing /Users/runner/work/Rayforge-iOS-ipa/Rayforge-iOS-ipa/glib-src/glib/gpattern.h to /Users/runner/work/Rayforge-iOS-ipa/Rayforge-iOS-ipa/ios-out/include/glib-2.0/glib
Installing /Users/runner/work/Rayforge-iOS-ipa/Rayforge-iOS-ipa/glib-src/glib/gpoll.h to /Users/runner/work/Rayforge-iOS-ipa/Rayforge-iOS-ipa/ios-out/include/glib-2.0/glib
Installing /Users/runner/work/Rayforge-iOS-ipa/Rayforge-iOS-ipa/glib-src/glib/gprimes.h to /Users/runner/work/Rayforge-iOS-ipa/Rayforge-iOS-ipa/ios-out/include/glib-2.0/glib
Installing /Users/runner/work/Rayforge-iOS-ipa/Rayforge-iOS-ipa/glib-src/glib/gqsort.h to /Users/runner/work/Rayforge-iOS-ipa/Rayforge-iOS-ipa/ios-out/include/glib-2.0/glib
Installing /Users/runner/work/Rayforge-iOS-ipa/Rayforge-iOS-ipa/glib-src/glib/gquark.h to /Users/runner/work/Rayforge-iOS-ipa/Rayforge-iOS-ipa/ios-out/include/glib-2.0/glib
Installing /Users/runner/work/Rayforge-iOS-ipa/Rayforge-iOS-ipa/glib-src/glib/gqueue.h to /Users/runner/work/Rayforge-iOS-ipa/Rayforge-iOS-ipa/ios-out/include/glib-2.0/glib
Installing /Users/runner/work/Rayforge-iOS-ipa/Rayforge-iOS-ipa/glib-src/glib/grand.h to /Users/runner/work/Rayforge-iOS-ipa/Rayforge-iOS-ipa/ios-out/include/glib-2.0/glib
Installing /Users/runner/work/Rayforge-iOS-ipa/Rayforge-iOS-ipa/glib-src/glib/grcbox.h to /Users/runner/work/Rayforge-iOS-ipa/Rayforge-iOS-ipa/ios-out/include/glib-2.0/glib
Installing /Users/runner/work/Rayforge-iOS-ipa/Rayforge-iOS-ipa/glib-src/glib/grefcount.h to /Users/runner/work/Rayforge-iOS-ipa/Rayforge-iOS-ipa/ios-out/include/glib-2.0/glib
Installing /Users/runner/work/Rayforge-iOS-ipa/Rayforge-iOS-ipa/glib-src/glib/grefstring.h to /Users/runner/work/Rayforge-iOS-ipa/Rayforge-iOS-ipa/ios-out/include/glib-2.0/glib
Installing /Users/runner/work/Rayforge-iOS-ipa/Rayforge-iOS-ipa/glib-src/glib/gregex.h to /Users/runner/work/Rayforge-iOS-ipa/Rayforge-iOS-ipa/ios-out/include/glib-2.0/glib
Installing /Users/runner/work/Rayforge-iOS-ipa/Rayforge-iOS-ipa/glib-src/glib/gscanner.h to /Users/runner/work/Rayforge-iOS-ipa/Rayforge-iOS-ipa/ios-out/include/glib-2.0/glib
Installing /Users/runner/work/Rayforge-iOS-ipa/Rayforge-iOS-ipa/glib-src/glib/gsequence.h to /Users/runner/work/Rayforge-iOS-ipa/Rayforge-iOS-ipa/ios-out/include/glib-2.0/glib
Installing /Users/runner/work/Rayforge-iOS-ipa/Rayforge-iOS-ipa/glib-src/glib/gshell.h to /Users/runner/work/Rayforge-iOS-ipa/Rayforge-iOS-ipa/ios-out/include/glib-2.0/glib
Installing /Users/runner/work/Rayforge-iOS-ipa/Rayforge-iOS-ipa/glib-src/glib/gslice.h to /Users/runner/work/Rayforge-iOS-ipa/Rayforge-iOS-ipa/ios-out/include/glib-2.0/glib
Installing /Users/runner/work/Rayforge-iOS-ipa/Rayforge-iOS-ipa/glib-src/glib/gslist.h to /Users/runner/work/Rayforge-iOS-ipa/Rayforge-iOS-ipa/ios-out/include/glib-2.0/glib
Installing /Users/runner/work/Rayforge-iOS-ipa/Rayforge-iOS-ipa/glib-src/glib/gspawn.h to /Users/runner/work/Rayforge-iOS-ipa/Rayforge-iOS-ipa/ios-out/include/glib-2.0/glib
Installing /Users/runner/work/Rayforge-iOS-ipa/Rayforge-iOS-ipa/glib-src/glib/gstdio.h to /Users/runner/work/Rayforge-iOS-ipa/Rayforge-iOS-ipa/ios-out/include/glib-2.0/glib
Installing /Users/runner/work/Rayforge-iOS-ipa/Rayforge-iOS-ipa/glib-src/glib/gstrfuncs.h to /Users/runner/work/Rayforge-iOS-ipa/Rayforge-iOS-ipa/ios-out/include/glib-2.0/glib
Installing /Users/runner/work/Rayforge-iOS-ipa/Rayforge-iOS-ipa/glib-src/glib/gstrvbuilder.h to /Users/runner/work/Rayforge-iOS-ipa/Rayforge-iOS-ipa/ios-out/include/glib-2.0/glib
Installing /Users/runner/work/Rayforge-iOS-ipa/Rayforge-iOS-ipa/glib-src/glib/gtestutils.h to /Users/runner/work/Rayforge-iOS-ipa/Rayforge-iOS-ipa/ios-out/include/glib-2.0/glib
Installing /Users/runner/work/Rayforge-iOS-ipa/Rayforge-iOS-ipa/glib-src/glib/gstring.h to /Users/runner/work/Rayforge-iOS-ipa/Rayforge-iOS-ipa/ios-out/include/glib-2.0/glib
Installing /Users/runner/work/Rayforge-iOS-ipa/Rayforge-iOS-ipa/glib-src/glib/gstringchunk.h to /Users/runner/work/Rayforge-iOS-ipa/Rayforge-iOS-ipa/ios-out/include/glib-2.0/glib
Installing /Users/runner/work/Rayforge-iOS-ipa/Rayforge-iOS-ipa/glib-src/glib/gthread.h to /Users/runner/work/Rayforge-iOS-ipa/Rayforge-iOS-ipa/ios-out/include/glib-2.0/glib
Installing /Users/runner/work/Rayforge-iOS-ipa/Rayforge-iOS-ipa/glib-src/glib/gthreadpool.h to /Users/runner/work/Rayforge-iOS-ipa/Rayforge-iOS-ipa/ios-out/include/glib-2.0/glib
Installing /Users/runner/work/Rayforge-iOS-ipa/Rayforge-iOS-ipa/glib-src/glib/gtimer.h to /Users/runner/work/Rayforge-iOS-ipa/Rayforge-iOS-ipa/ios-out/include/glib-2.0/glib
Installing /Users/runner/work/Rayforge-iOS-ipa/Rayforge-iOS-ipa/glib-src/glib/gtimezone.h to /Users/runner/work/Rayforge-iOS-ipa/Rayforge-iOS-ipa/ios-out/include/glib-2.0/glib
Installing /Users/runner/work/Rayforge-iOS-ipa/Rayforge-iOS-ipa/glib-src/glib/gtrashstack.h to /Users/runner/work/Rayforge-iOS-ipa/Rayforge-iOS-ipa/ios-out/include/glib-2.0/glib
Installing /Users/runner/work/Rayforge-iOS-ipa/Rayforge-iOS-ipa/glib-src/glib/gtree.h to /Users/runner/work/Rayforge-iOS-ipa/Rayforge-iOS-ipa/ios-out/include/glib-2.0/glib
Installing /Users/runner/work/Rayforge-iOS-ipa/Rayforge-iOS-ipa/glib-src/glib/gtypes.h to /Users/runner/work/Rayforge-iOS-ipa/Rayforge-iOS-ipa/ios-out/include/glib-2.0/glib
Installing /Users/runner/work/Rayforge-iOS-ipa/Rayforge-iOS-ipa/glib-src/glib/guuid.h to /Users/runner/work/Rayforge-iOS-ipa/Rayforge-iOS-ipa/ios-out/include/glib-2.0/glib
Installing /Users/runner/work/Rayforge-iOS-ipa/Rayforge-iOS-ipa/glib-src/glib/gunicode.h to /Users/runner/work/Rayforge-iOS-ipa/Rayforge-iOS-ipa/ios-out/include/glib-2.0/glib
Installing /Users/runner/work/Rayforge-iOS-ipa/Rayforge-iOS-ipa/glib-src/glib/guri.h to /Users/runner/work/Rayforge-iOS-ipa/Rayforge-iOS-ipa/ios-out/include/glib-2.0/glib
Installing /Users/runner/work/Rayforge-iOS-ipa/Rayforge-iOS-ipa/glib-src/glib/gutils.h to /Users/runner/work/Rayforge-iOS-ipa/Rayforge-iOS-ipa/ios-out/include/glib-2.0/glib
Installing /Users/runner/work/Rayforge-iOS-ipa/Rayforge-iOS-ipa/glib-src/glib/gvarianttype.h to /Users/runner/work/Rayforge-iOS-ipa/Rayforge-iOS-ipa/ios-out/include/glib-2.0/glib
Installing /Users/runner/work/Rayforge-iOS-ipa/Rayforge-iOS-ipa/glib-src/glib/gvariant.h to /Users/runner/work/Rayforge-iOS-ipa/Rayforge-iOS-ipa/ios-out/include/glib-2.0/glib
Installing /Users/runner/work/Rayforge-iOS-ipa/Rayforge-iOS-ipa/glib-src/glib/gversion.h to /Users/runner/work/Rayforge-iOS-ipa/Rayforge-iOS-ipa/ios-out/include/glib-2.0/glib
Installing /Users/runner/work/Rayforge-iOS-ipa/Rayforge-iOS-ipa/glib-src/glib/gprintf.h to /Users/runner/work/Rayforge-iOS-ipa/Rayforge-iOS-ipa/ios-out/include/glib-2.0/glib
Installing /Users/runner/work/Rayforge-iOS-ipa/Rayforge-iOS-ipa/glib-src/gobject/gobject-autocleanups.h to /Users/runner/work/Rayforge-iOS-ipa/Rayforge-iOS-ipa/ios-out/include/glib-2.0/gobject
Installing /Users/runner/work/Rayforge-iOS-ipa/Rayforge-iOS-ipa/glib-src/gobject/glib-types.h to /Users/runner/work/Rayforge-iOS-ipa/Rayforge-iOS-ipa/ios-out/include/glib-2.0/gobject
Installing /Users/runner/work/Rayforge-iOS-ipa/Rayforge-iOS-ipa/glib-src/gobject/gbinding.h to /Users/runner/work/Rayforge-iOS-ipa/Rayforge-iOS-ipa/ios-out/include/glib-2.0/gobject
Installing /Users/runner/work/Rayforge-iOS-ipa/Rayforge-iOS-ipa/glib-src/gobject/gbindinggroup.h to /Users/runner/work/Rayforge-iOS-ipa/Rayforge-iOS-ipa/ios-out/include/glib-2.0/gobject
Installing /Users/runner/work/Rayforge-iOS-ipa/Rayforge-iOS-ipa/glib-src/gobject/gboxed.h to /Users/runner/work/Rayforge-iOS-ipa/Rayforge-iOS-ipa/ios-out/include/glib-2.0/gobject
Installing /Users/runner/work/Rayforge-iOS-ipa/Rayforge-iOS-ipa/glib-src/gobject/gclosure.h to /Users/runner/work/Rayforge-iOS-ipa/Rayforge-iOS-ipa/ios-out/include/glib-2.0/gobject
Installing /Users/runner/work/Rayforge-iOS-ipa/Rayforge-iOS-ipa/glib-src/gobject/genums.h to /Users/runner/work/Rayforge-iOS-ipa/Rayforge-iOS-ipa/ios-out/include/glib-2.0/gobject
Installing /Users/runner/work/Rayforge-iOS-ipa/Rayforge-iOS-ipa/glib-src/gobject/gmarshal.h to /Users/runner/work/Rayforge-iOS-ipa/Rayforge-iOS-ipa/ios-out/include/glib-2.0/gobject
Installing /Users/runner/work/Rayforge-iOS-ipa/Rayforge-iOS-ipa/glib-src/gobject/gobject.h to /Users/runner/work/Rayforge-iOS-ipa/Rayforge-iOS-ipa/ios-out/include/glib-2.0/gobject
Installing /Users/runner/work/Rayforge-iOS-ipa/Rayforge-iOS-ipa/glib-src/gobject/gparam.h to /Users/runner/work/Rayforge-iOS-ipa/Rayforge-iOS-ipa/ios-out/include/glib-2.0/gobject
Installing /Users/runner/work/Rayforge-iOS-ipa/Rayforge-iOS-ipa/glib-src/gobject/gparamspecs.h to /Users/runner/work/Rayforge-iOS-ipa/Rayforge-iOS-ipa/ios-out/include/glib-2.0/gobject
Installing /Users/runner/work/Rayforge-iOS-ipa/Rayforge-iOS-ipa/glib-src/gobject/gsignal.h to /Users/runner/work/Rayforge-iOS-ipa/Rayforge-iOS-ipa/ios-out/include/glib-2.0/gobject
Installing /Users/runner/work/Rayforge-iOS-ipa/Rayforge-iOS-ipa/glib-src/gobject/gsignalgroup.h to /Users/runner/work/Rayforge-iOS-ipa/Rayforge-iOS-ipa/ios-out/include/glib-2.0/gobject
Installing /Users/runner/work/Rayforge-iOS-ipa/Rayforge-iOS-ipa/glib-src/gobject/gsourceclosure.h to /Users/runner/work/Rayforge-iOS-ipa/Rayforge-iOS-ipa/ios-out/include/glib-2.0/gobject
Installing /Users/runner/work/Rayforge-iOS-ipa/Rayforge-iOS-ipa/glib-src/gobject/gtype.h to /Users/runner/work/Rayforge-iOS-ipa/Rayforge-iOS-ipa/ios-out/include/glib-2.0/gobject
Installing /Users/runner/work/Rayforge-iOS-ipa/Rayforge-iOS-ipa/glib-src/gobject/gtypemodule.h to /Users/runner/work/Rayforge-iOS-ipa/Rayforge-iOS-ipa/ios-out/include/glib-2.0/gobject
Installing /Users/runner/work/Rayforge-iOS-ipa/Rayforge-iOS-ipa/glib-src/gobject/gtypeplugin.h to /Users/runner/work/Rayforge-iOS-ipa/Rayforge-iOS-ipa/ios-out/include/glib-2.0/gobject
Installing /Users/runner/work/Rayforge-iOS-ipa/Rayforge-iOS-ipa/glib-src/gobject/gvalue.h to /Users/runner/work/Rayforge-iOS-ipa/Rayforge-iOS-ipa/ios-out/include/glib-2.0/gobject
Installing /Users/runner/work/Rayforge-iOS-ipa/Rayforge-iOS-ipa/glib-src/gobject/gvaluearray.h to /Users/runner/work/Rayforge-iOS-ipa/Rayforge-iOS-ipa/ios-out/include/glib-2.0/gobject
Installing /Users/runner/work/Rayforge-iOS-ipa/Rayforge-iOS-ipa/glib-src/gobject/gvaluecollector.h to /Users/runner/work/Rayforge-iOS-ipa/Rayforge-iOS-ipa/ios-out/include/glib-2.0/gobject
Installing /Users/runner/work/Rayforge-iOS-ipa/Rayforge-iOS-ipa/glib-src/gobject/gvaluetypes.h to /Users/runner/work/Rayforge-iOS-ipa/Rayforge-iOS-ipa/ios-out/include/glib-2.0/gobject
Installing /Users/runner/work/Rayforge-iOS-ipa/Rayforge-iOS-ipa/glib-src/gobject/gobjectnotifyqueue.c to /Users/runner/work/Rayforge-iOS-ipa/Rayforge-iOS-ipa/ios-out/include/glib-2.0/gobject
Installing /Users/runner/work/Rayforge-iOS-ipa/Rayforge-iOS-ipa/glib-src/gmodule/gmodule.h to /Users/runner/work/Rayforge-iOS-ipa/Rayforge-iOS-ipa/ios-out/include/glib-2.0
Installing /Users/runner/work/Rayforge-iOS-ipa/Rayforge-iOS-ipa/glib-src/gio/gfiledescriptorbased.h to /Users/runner/work/Rayforge-iOS-ipa/Rayforge-iOS-ipa/ios-out/include/gio-unix-2.0/gio
Installing /Users/runner/work/Rayforge-iOS-ipa/Rayforge-iOS-ipa/glib-src/gio/gunixmounts.h to /Users/runner/work/Rayforge-iOS-ipa/Rayforge-iOS-ipa/ios-out/include/gio-unix-2.0/gio
Installing /Users/runner/work/Rayforge-iOS-ipa/Rayforge-iOS-ipa/glib-src/gio/gunixfdmessage.h to /Users/runner/work/Rayforge-iOS-ipa/Rayforge-iOS-ipa/ios-out/include/gio-unix-2.0/gio
Installing /Users/runner/work/Rayforge-iOS-ipa/Rayforge-iOS-ipa/glib-src/gio/gunixinputstream.h to /Users/runner/work/Rayforge-iOS-ipa/Rayforge-iOS-ipa/ios-out/include/gio-unix-2.0/gio
Installing /Users/runner/work/Rayforge-iOS-ipa/Rayforge-iOS-ipa/glib-src/gio/gunixoutputstream.h to /Users/runner/work/Rayforge-iOS-ipa/Rayforge-iOS-ipa/ios-out/include/gio-unix-2.0/gio
Installing /Users/runner/work/Rayforge-iOS-ipa/Rayforge-iOS-ipa/glib-src/gio/gdesktopappinfo.h to /Users/runner/work/Rayforge-iOS-ipa/Rayforge-iOS-ipa/ios-out/include/gio-unix-2.0/gio
Installing /Users/runner/work/Rayforge-iOS-ipa/Rayforge-iOS-ipa/glib-src/gio/gappinfo.h to /Users/runner/work/Rayforge-iOS-ipa/Rayforge-iOS-ipa/ios-out/include/glib-2.0/gio
Installing /Users/runner/work/Rayforge-iOS-ipa/Rayforge-iOS-ipa/glib-src/gio/gasyncinitable.h to /Users/runner/work/Rayforge-iOS-ipa/Rayforge-iOS-ipa/ios-out/include/glib-2.0/gio
Installing /Users/runner/work/Rayforge-iOS-ipa/Rayforge-iOS-ipa/glib-src/gio/gasyncresult.h to /Users/runner/work/Rayforge-iOS-ipa/Rayforge-iOS-ipa/ios-out/include/glib-2.0/gio
Installing /Users/runner/work/Rayforge-iOS-ipa/Rayforge-iOS-ipa/glib-src/gio/gbufferedinputstream.h to /Users/runner/work/Rayforge-iOS-ipa/Rayforge-iOS-ipa/ios-out/include/glib-2.0/gio
Installing /Users/runner/work/Rayforge-iOS-ipa/Rayforge-iOS-ipa/glib-src/gio/gbufferedoutputstream.h to /Users/runner/work/Rayforge-iOS-ipa/Rayforge-iOS-ipa/ios-out/include/glib-2.0/gio
Installing /Users/runner/work/Rayforge-iOS-ipa/Rayforge-iOS-ipa/glib-src/gio/gbytesicon.h to /Users/runner/work/Rayforge-iOS-ipa/Rayforge-iOS-ipa/ios-out/include/glib-2.0/gio
Installing /Users/runner/work/Rayforge-iOS-ipa/Rayforge-iOS-ipa/glib-src/gio/gcancellable.h to /Users/runner/work/Rayforge-iOS-ipa/Rayforge-iOS-ipa/ios-out/include/glib-2.0/gio
Installing /Users/runner/work/Rayforge-iOS-ipa/Rayforge-iOS-ipa/glib-src/gio/gcontenttype.h to /Users/runner/work/Rayforge-iOS-ipa/Rayforge-iOS-ipa/ios-out/include/glib-2.0/gio
Installing /Users/runner/work/Rayforge-iOS-ipa/Rayforge-iOS-ipa/glib-src/gio/gcharsetconverter.h to /Users/runner/work/Rayforge-iOS-ipa/Rayforge-iOS-ipa/ios-out/include/glib-2.0/gio
Installing /Users/runner/work/Rayforge-iOS-ipa/Rayforge-iOS-ipa/glib-src/gio/gconverter.h to /Users/runner/work/Rayforge-iOS-ipa/Rayforge-iOS-ipa/ios-out/include/glib-2.0/gio
Installing /Users/runner/work/Rayforge-iOS-ipa/Rayforge-iOS-ipa/glib-src/gio/gconverterinputstream.h to /Users/runner/work/Rayforge-iOS-ipa/Rayforge-iOS-ipa/ios-out/include/glib-2.0/gio
Installing /Users/runner/work/Rayforge-iOS-ipa/Rayforge-iOS-ipa/glib-src/gio/gconverteroutputstream.h to /Users/runner/work/Rayforge-iOS-ipa/Rayforge-iOS-ipa/ios-out/include/glib-2.0/gio
Installing /Users/runner/work/Rayforge-iOS-ipa/Rayforge-iOS-ipa/glib-src/gio/gdatagrambased.h to /Users/runner/work/Rayforge-iOS-ipa/Rayforge-iOS-ipa/ios-out/include/glib-2.0/gio
Installing /Users/runner/work/Rayforge-iOS-ipa/Rayforge-iOS-ipa/glib-src/gio/gdatainputstream.h to /Users/runner/work/Rayforge-iOS-ipa/Rayforge-iOS-ipa/ios-out/include/glib-2.0/gio
Installing /Users/runner/work/Rayforge-iOS-ipa/Rayforge-iOS-ipa/glib-src/gio/gdataoutputstream.h to /Users/runner/work/Rayforge-iOS-ipa/Rayforge-iOS-ipa/ios-out/include/glib-2.0/gio
Installing /Users/runner/work/Rayforge-iOS-ipa/Rayforge-iOS-ipa/glib-src/gio/gdebugcontroller.h to /Users/runner/work/Rayforge-iOS-ipa/Rayforge-iOS-ipa/ios-out/include/glib-2.0/gio
Installing /Users/runner/work/Rayforge-iOS-ipa/Rayforge-iOS-ipa/glib-src/gio/gdebugcontrollerdbus.h to /Users/runner/work/Rayforge-iOS-ipa/Rayforge-iOS-ipa/ios-out/include/glib-2.0/gio
Installing /Users/runner/work/Rayforge-iOS-ipa/Rayforge-iOS-ipa/glib-src/gio/gdrive.h to /Users/runner/work/Rayforge-iOS-ipa/Rayforge-iOS-ipa/ios-out/include/glib-2.0/gio
Installing /Users/runner/work/Rayforge-iOS-ipa/Rayforge-iOS-ipa/glib-src/gio/gemblem.h to /Users/runner/work/Rayforge-iOS-ipa/Rayforge-iOS-ipa/ios-out/include/glib-2.0/gio
Installing /Users/runner/work/Rayforge-iOS-ipa/Rayforge-iOS-ipa/glib-src/gio/gemblemedicon.h to /Users/runner/work/Rayforge-iOS-ipa/Rayforge-iOS-ipa/ios-out/include/glib-2.0/gio
Installing /Users/runner/work/Rayforge-iOS-ipa/Rayforge-iOS-ipa/glib-src/gio/gfile.h to /Users/runner/work/Rayforge-iOS-ipa/Rayforge-iOS-ipa/ios-out/include/glib-2.0/gio
Installing /Users/runner/work/Rayforge-iOS-ipa/Rayforge-iOS-ipa/glib-src/gio/gfileattribute.h to /Users/runner/work/Rayforge-iOS-ipa/Rayforge-iOS-ipa/ios-out/include/glib-2.0/gio
Installing /Users/runner/work/Rayforge-iOS-ipa/Rayforge-iOS-ipa/glib-src/gio/gfileenumerator.h to /Users/runner/work/Rayforge-iOS-ipa/Rayforge-iOS-ipa/ios-out/include/glib-2.0/gio
Installing /Users/runner/work/Rayforge-iOS-ipa/Rayforge-iOS-ipa/glib-src/gio/gfileicon.h to /Users/runner/work/Rayforge-iOS-ipa/Rayforge-iOS-ipa/ios-out/include/glib-2.0/gio
Installing /Users/runner/work/Rayforge-iOS-ipa/Rayforge-iOS-ipa/glib-src/gio/gfileinfo.h to /Users/runner/work/Rayforge-iOS-ipa/Rayforge-iOS-ipa/ios-out/include/glib-2.0/gio
Installing /Users/runner/work/Rayforge-iOS-ipa/Rayforge-iOS-ipa/glib-src/gio/gfileinputstream.h to /Users/runner/work/Rayforge-iOS-ipa/Rayforge-iOS-ipa/ios-out/include/glib-2.0/gio
Installing /Users/runner/work/Rayforge-iOS-ipa/Rayforge-iOS-ipa/glib-src/gio/gfilemonitor.h to /Users/runner/work/Rayforge-iOS-ipa/Rayforge-iOS-ipa/ios-out/include/glib-2.0/gio
Installing /Users/runner/work/Rayforge-iOS-ipa/Rayforge-iOS-ipa/glib-src/gio/gfilenamecompleter.h to /Users/runner/work/Rayforge-iOS-ipa/Rayforge-iOS-ipa/ios-out/include/glib-2.0/gio
Installing /Users/runner/work/Rayforge-iOS-ipa/Rayforge-iOS-ipa/glib-src/gio/gfileoutputstream.h to /Users/runner/work/Rayforge-iOS-ipa/Rayforge-iOS-ipa/ios-out/include/glib-2.0/gio
Installing /Users/runner/work/Rayforge-iOS-ipa/Rayforge-iOS-ipa/glib-src/gio/gfileiostream.h to /Users/runner/work/Rayforge-iOS-ipa/Rayforge-iOS-ipa/ios-out/include/glib-2.0/gio
Installing /Users/runner/work/Rayforge-iOS-ipa/Rayforge-iOS-ipa/glib-src/gio/gfilterinputstream.h to /Users/runner/work/Rayforge-iOS-ipa/Rayforge-iOS-ipa/ios-out/include/glib-2.0/gio
Installing /Users/runner/work/Rayforge-iOS-ipa/Rayforge-iOS-ipa/glib-src/gio/gfilteroutputstream.h to /Users/runner/work/Rayforge-iOS-ipa/Rayforge-iOS-ipa/ios-out/include/glib-2.0/gio
Installing /Users/runner/work/Rayforge-iOS-ipa/Rayforge-iOS-ipa/glib-src/gio/gicon.h to /Users/runner/work/Rayforge-iOS-ipa/Rayforge-iOS-ipa/ios-out/include/glib-2.0/gio
Installing /Users/runner/work/Rayforge-iOS-ipa/Rayforge-iOS-ipa/glib-src/gio/ginetaddress.h to /Users/runner/work/Rayforge-iOS-ipa/Rayforge-iOS-ipa/ios-out/include/glib-2.0/gio
Installing /Users/runner/work/Rayforge-iOS-ipa/Rayforge-iOS-ipa/glib-src/gio/ginetaddressmask.h to /Users/runner/work/Rayforge-iOS-ipa/Rayforge-iOS-ipa/ios-out/include/glib-2.0/gio
Installing /Users/runner/work/Rayforge-iOS-ipa/Rayforge-iOS-ipa/glib-src/gio/ginetsocketaddress.h to /Users/runner/work/Rayforge-iOS-ipa/Rayforge-iOS-ipa/ios-out/include/glib-2.0/gio
Installing /Users/runner/work/Rayforge-iOS-ipa/Rayforge-iOS-ipa/glib-src/gio/ginitable.h to /Users/runner/work/Rayforge-iOS-ipa/Rayforge-iOS-ipa/ios-out/include/glib-2.0/gio
Installing /Users/runner/work/Rayforge-iOS-ipa/Rayforge-iOS-ipa/glib-src/gio/ginputstream.h to /Users/runner/work/Rayforge-iOS-ipa/Rayforge-iOS-ipa/ios-out/include/glib-2.0/gio
Installing /Users/runner/work/Rayforge-iOS-ipa/Rayforge-iOS-ipa/glib-src/gio/gio.h to /Users/runner/work/Rayforge-iOS-ipa/Rayforge-iOS-ipa/ios-out/include/glib-2.0/gio
Installing /Users/runner/work/Rayforge-iOS-ipa/Rayforge-iOS-ipa/glib-src/gio/gio-autocleanups.h to /Users/runner/work/Rayforge-iOS-ipa/Rayforge-iOS-ipa/ios-out/include/glib-2.0/gio
Installing /Users/runner/work/Rayforge-iOS-ipa/Rayforge-iOS-ipa/glib-src/gio/gioenums.h to /Users/runner/work/Rayforge-iOS-ipa/Rayforge-iOS-ipa/ios-out/include/glib-2.0/gio
Installing /Users/runner/work/Rayforge-iOS-ipa/Rayforge-iOS-ipa/glib-src/gio/gioerror.h to /Users/runner/work/Rayforge-iOS-ipa/Rayforge-iOS-ipa/ios-out/include/glib-2.0/gio
Installing /Users/runner/work/Rayforge-iOS-ipa/Rayforge-iOS-ipa/glib-src/gio/giomodule.h to /Users/runner/work/Rayforge-iOS-ipa/Rayforge-iOS-ipa/ios-out/include/glib-2.0/gio
Installing /Users/runner/work/Rayforge-iOS-ipa/Rayforge-iOS-ipa/glib-src/gio/gioscheduler.h to /Users/runner/work/Rayforge-iOS-ipa/Rayforge-iOS-ipa/ios-out/include/glib-2.0/gio
Installing /Users/runner/work/Rayforge-iOS-ipa/Rayforge-iOS-ipa/glib-src/gio/giostream.h to /Users/runner/work/Rayforge-iOS-ipa/Rayforge-iOS-ipa/ios-out/include/glib-2.0/gio
Installing /Users/runner/work/Rayforge-iOS-ipa/Rayforge-iOS-ipa/glib-src/gio/giotypes.h to /Users/runner/work/Rayforge-iOS-ipa/Rayforge-iOS-ipa/ios-out/include/glib-2.0/gio
Installing /Users/runner/work/Rayforge-iOS-ipa/Rayforge-iOS-ipa/glib-src/gio/gloadableicon.h to /Users/runner/work/Rayforge-iOS-ipa/Rayforge-iOS-ipa/ios-out/include/glib-2.0/gio
Installing /Users/runner/work/Rayforge-iOS-ipa/Rayforge-iOS-ipa/glib-src/gio/gmount.h to /Users/runner/work/Rayforge-iOS-ipa/Rayforge-iOS-ipa/ios-out/include/glib-2.0/gio
Installing /Users/runner/work/Rayforge-iOS-ipa/Rayforge-iOS-ipa/glib-src/gio/gmemoryinputstream.h to /Users/runner/work/Rayforge-iOS-ipa/Rayforge-iOS-ipa/ios-out/include/glib-2.0/gio
Installing /Users/runner/work/Rayforge-iOS-ipa/Rayforge-iOS-ipa/glib-src/gio/gmemorymonitor.h to /Users/runner/work/Rayforge-iOS-ipa/Rayforge-iOS-ipa/ios-out/include/glib-2.0/gio
Installing /Users/runner/work/Rayforge-iOS-ipa/Rayforge-iOS-ipa/glib-src/gio/gmemoryoutputstream.h to /Users/runner/work/Rayforge-iOS-ipa/Rayforge-iOS-ipa/ios-out/include/glib-2.0/gio
Installing /Users/runner/work/Rayforge-iOS-ipa/Rayforge-iOS-ipa/glib-src/gio/gmountoperation.h to /Users/runner/work/Rayforge-iOS-ipa/Rayforge-iOS-ipa/ios-out/include/glib-2.0/gio
Installing /Users/runner/work/Rayforge-iOS-ipa/Rayforge-iOS-ipa/glib-src/gio/gnativesocketaddress.h to /Users/runner/work/Rayforge-iOS-ipa/Rayforge-iOS-ipa/ios-out/include/glib-2.0/gio
Installing /Users/runner/work/Rayforge-iOS-ipa/Rayforge-iOS-ipa/glib-src/gio/gnativevolumemonitor.h to /Users/runner/work/Rayforge-iOS-ipa/Rayforge-iOS-ipa/ios-out/include/glib-2.0/gio
Installing /Users/runner/work/Rayforge-iOS-ipa/Rayforge-iOS-ipa/glib-src/gio/gnetworkaddress.h to /Users/runner/work/Rayforge-iOS-ipa/Rayforge-iOS-ipa/ios-out/include/glib-2.0/gio
Installing /Users/runner/work/Rayforge-iOS-ipa/Rayforge-iOS-ipa/glib-src/gio/gnetworkmonitor.h to /Users/runner/work/Rayforge-iOS-ipa/Rayforge-iOS-ipa/ios-out/include/glib-2.0/gio
Installing /Users/runner/work/Rayforge-iOS-ipa/Rayforge-iOS-ipa/glib-src/gio/gnetworkservice.h to /Users/runner/work/Rayforge-iOS-ipa/Rayforge-iOS-ipa/ios-out/include/glib-2.0/gio
Installing /Users/runner/work/Rayforge-iOS-ipa/Rayforge-iOS-ipa/glib-src/gio/goutputstream.h to /Users/runner/work/Rayforge-iOS-ipa/Rayforge-iOS-ipa/ios-out/include/glib-2.0/gio
Installing /Users/runner/work/Rayforge-iOS-ipa/Rayforge-iOS-ipa/glib-src/gio/gpermission.h to /Users/runner/work/Rayforge-iOS-ipa/Rayforge-iOS-ipa/ios-out/include/glib-2.0/gio
Installing /Users/runner/work/Rayforge-iOS-ipa/Rayforge-iOS-ipa/glib-src/gio/gpollableinputstream.h to /Users/runner/work/Rayforge-iOS-ipa/Rayforge-iOS-ipa/ios-out/include/glib-2.0/gio
Installing /Users/runner/work/Rayforge-iOS-ipa/Rayforge-iOS-ipa/glib-src/gio/gpollableoutputstream.h to /Users/runner/work/Rayforge-iOS-ipa/Rayforge-iOS-ipa/ios-out/include/glib-2.0/gio
Installing /Users/runner/work/Rayforge-iOS-ipa/Rayforge-iOS-ipa/glib-src/gio/gpollableutils.h to /Users/runner/work/Rayforge-iOS-ipa/Rayforge-iOS-ipa/ios-out/include/glib-2.0/gio
Installing /Users/runner/work/Rayforge-iOS-ipa/Rayforge-iOS-ipa/glib-src/gio/gpowerprofilemonitor.h to /Users/runner/work/Rayforge-iOS-ipa/Rayforge-iOS-ipa/ios-out/include/glib-2.0/gio
Installing /Users/runner/work/Rayforge-iOS-ipa/Rayforge-iOS-ipa/glib-src/gio/gproxy.h to /Users/runner/work/Rayforge-iOS-ipa/Rayforge-iOS-ipa/ios-out/include/glib-2.0/gio
Installing /Users/runner/work/Rayforge-iOS-ipa/Rayforge-iOS-ipa/glib-src/gio/gproxyaddress.h to /Users/runner/work/Rayforge-iOS-ipa/Rayforge-iOS-ipa/ios-out/include/glib-2.0/gio
Installing /Users/runner/work/Rayforge-iOS-ipa/Rayforge-iOS-ipa/glib-src/gio/gproxyaddressenumerator.h to /Users/runner/work/Rayforge-iOS-ipa/Rayforge-iOS-ipa/ios-out/include/glib-2.0/gio
Installing /Users/runner/work/Rayforge-iOS-ipa/Rayforge-iOS-ipa/glib-src/gio/gproxyresolver.h to /Users/runner/work/Rayforge-iOS-ipa/Rayforge-iOS-ipa/ios-out/include/glib-2.0/gio
Installing /Users/runner/work/Rayforge-iOS-ipa/Rayforge-iOS-ipa/glib-src/gio/gresolver.h to /Users/runner/work/Rayforge-iOS-ipa/Rayforge-iOS-ipa/ios-out/include/glib-2.0/gio
Installing /Users/runner/work/Rayforge-iOS-ipa/Rayforge-iOS-ipa/glib-src/gio/gresource.h to /Users/runner/work/Rayforge-iOS-ipa/Rayforge-iOS-ipa/ios-out/include/glib-2.0/gio
Installing /Users/runner/work/Rayforge-iOS-ipa/Rayforge-iOS-ipa/glib-src/gio/gseekable.h to /Users/runner/work/Rayforge-iOS-ipa/Rayforge-iOS-ipa/ios-out/include/glib-2.0/gio
Installing /Users/runner/work/Rayforge-iOS-ipa/Rayforge-iOS-ipa/glib-src/gio/gsimpleasyncresult.h to /Users/runner/work/Rayforge-iOS-ipa/Rayforge-iOS-ipa/ios-out/include/glib-2.0/gio
Installing /Users/runner/work/Rayforge-iOS-ipa/Rayforge-iOS-ipa/glib-src/gio/gsimpleiostream.h to /Users/runner/work/Rayforge-iOS-ipa/Rayforge-iOS-ipa/ios-out/include/glib-2.0/gio
Installing /Users/runner/work/Rayforge-iOS-ipa/Rayforge-iOS-ipa/glib-src/gio/gsimplepermission.h to /Users/runner/work/Rayforge-iOS-ipa/Rayforge-iOS-ipa/ios-out/include/glib-2.0/gio
Installing /Users/runner/work/Rayforge-iOS-ipa/Rayforge-iOS-ipa/glib-src/gio/gsimpleproxyresolver.h to /Users/runner/work/Rayforge-iOS-ipa/Rayforge-iOS-ipa/ios-out/include/glib-2.0/gio
Installing /Users/runner/work/Rayforge-iOS-ipa/Rayforge-iOS-ipa/glib-src/gio/gsocket.h to /Users/runner/work/Rayforge-iOS-ipa/Rayforge-iOS-ipa/ios-out/include/glib-2.0/gio
Installing /Users/runner/work/Rayforge-iOS-ipa/Rayforge-iOS-ipa/glib-src/gio/gsocketaddress.h to /Users/runner/work/Rayforge-iOS-ipa/Rayforge-iOS-ipa/ios-out/include/glib-2.0/gio
Installing /Users/runner/work/Rayforge-iOS-ipa/Rayforge-iOS-ipa/glib-src/gio/gsocketaddressenumerator.h to /Users/runner/work/Rayforge-iOS-ipa/Rayforge-iOS-ipa/ios-out/include/glib-2.0/gio
Installing /Users/runner/work/Rayforge-iOS-ipa/Rayforge-iOS-ipa/glib-src/gio/gsocketclient.h to /Users/runner/work/Rayforge-iOS-ipa/Rayforge-iOS-ipa/ios-out/include/glib-2.0/gio
Installing /Users/runner/work/Rayforge-iOS-ipa/Rayforge-iOS-ipa/glib-src/gio/gsocketconnectable.h to /Users/runner/work/Rayforge-iOS-ipa/Rayforge-iOS-ipa/ios-out/include/glib-2.0/gio
Installing /Users/runner/work/Rayforge-iOS-ipa/Rayforge-iOS-ipa/glib-src/gio/gsocketconnection.h to /Users/runner/work/Rayforge-iOS-ipa/Rayforge-iOS-ipa/ios-out/include/glib-2.0/gio
Installing /Users/runner/work/Rayforge-iOS-ipa/Rayforge-iOS-ipa/glib-src/gio/gsocketcontrolmessage.h to /Users/runner/work/Rayforge-iOS-ipa/Rayforge-iOS-ipa/ios-out/include/glib-2.0/gio
Installing /Users/runner/work/Rayforge-iOS-ipa/Rayforge-iOS-ipa/glib-src/gio/gsocketlistener.h to /Users/runner/work/Rayforge-iOS-ipa/Rayforge-iOS-ipa/ios-out/include/glib-2.0/gio
Installing /Users/runner/work/Rayforge-iOS-ipa/Rayforge-iOS-ipa/glib-src/gio/gsocketservice.h to /Users/runner/work/Rayforge-iOS-ipa/Rayforge-iOS-ipa/ios-out/include/glib-2.0/gio
Installing /Users/runner/work/Rayforge-iOS-ipa/Rayforge-iOS-ipa/glib-src/gio/gsrvtarget.h to /Users/runner/work/Rayforge-iOS-ipa/Rayforge-iOS-ipa/ios-out/include/glib-2.0/gio
Installing /Users/runner/work/Rayforge-iOS-ipa/Rayforge-iOS-ipa/glib-src/gio/gsubprocess.h to /Users/runner/work/Rayforge-iOS-ipa/Rayforge-iOS-ipa/ios-out/include/glib-2.0/gio
Installing /Users/runner/work/Rayforge-iOS-ipa/Rayforge-iOS-ipa/glib-src/gio/gsubprocesslauncher.h to /Users/runner/work/Rayforge-iOS-ipa/Rayforge-iOS-ipa/ios-out/include/glib-2.0/gio
Installing /Users/runner/work/Rayforge-iOS-ipa/Rayforge-iOS-ipa/glib-src/gio/gtask.h to /Users/runner/work/Rayforge-iOS-ipa/Rayforge-iOS-ipa/ios-out/include/glib-2.0/gio
Installing /Users/runner/work/Rayforge-iOS-ipa/Rayforge-iOS-ipa/glib-src/gio/gtcpconnection.h to /Users/runner/work/Rayforge-iOS-ipa/Rayforge-iOS-ipa/ios-out/include/glib-2.0/gio
Installing /Users/runner/work/Rayforge-iOS-ipa/Rayforge-iOS-ipa/glib-src/gio/gtcpwrapperconnection.h to /Users/runner/work/Rayforge-iOS-ipa/Rayforge-iOS-ipa/ios-out/include/glib-2.0/gio
Installing /Users/runner/work/Rayforge-iOS-ipa/Rayforge-iOS-ipa/glib-src/gio/gthemedicon.h to /Users/runner/work/Rayforge-iOS-ipa/Rayforge-iOS-ipa/ios-out/include/glib-2.0/gio
Installing /Users/runner/work/Rayforge-iOS-ipa/Rayforge-iOS-ipa/glib-src/gio/gthreadedsocketservice.h to /Users/runner/work/Rayforge-iOS-ipa/Rayforge-iOS-ipa/ios-out/include/glib-2.0/gio
Installing /Users/runner/work/Rayforge-iOS-ipa/Rayforge-iOS-ipa/glib-src/gio/gtlsbackend.h to /Users/runner/work/Rayforge-iOS-ipa/Rayforge-iOS-ipa/ios-out/include/glib-2.0/gio
Installing /Users/runner/work/Rayforge-iOS-ipa/Rayforge-iOS-ipa/glib-src/gio/gtlscertificate.h to /Users/runner/work/Rayforge-iOS-ipa/Rayforge-iOS-ipa/ios-out/include/glib-2.0/gio
Installing /Users/runner/work/Rayforge-iOS-ipa/Rayforge-iOS-ipa/glib-src/gio/gtlsclientconnection.h to /Users/runner/work/Rayforge-iOS-ipa/Rayforge-iOS-ipa/ios-out/include/glib-2.0/gio
Installing /Users/runner/work/Rayforge-iOS-ipa/Rayforge-iOS-ipa/glib-src/gio/gtlsconnection.h to /Users/runner/work/Rayforge-iOS-ipa/Rayforge-iOS-ipa/ios-out/include/glib-2.0/gio
Installing /Users/runner/work/Rayforge-iOS-ipa/Rayforge-iOS-ipa/glib-src/gio/gtlsdatabase.h to /Users/runner/work/Rayforge-iOS-ipa/Rayforge-iOS-ipa/ios-out/include/glib-2.0/gio
Installing /Users/runner/work/Rayforge-iOS-ipa/Rayforge-iOS-ipa/glib-src/gio/gtlsfiledatabase.h to /Users/runner/work/Rayforge-iOS-ipa/Rayforge-iOS-ipa/ios-out/include/glib-2.0/gio
Installing /Users/runner/work/Rayforge-iOS-ipa/Rayforge-iOS-ipa/glib-src/gio/gtlsinteraction.h to /Users/runner/work/Rayforge-iOS-ipa/Rayforge-iOS-ipa/ios-out/include/glib-2.0/gio
Installing /Users/runner/work/Rayforge-iOS-ipa/Rayforge-iOS-ipa/glib-src/gio/gtlspassword.h to /Users/runner/work/Rayforge-iOS-ipa/Rayforge-iOS-ipa/ios-out/include/glib-2.0/gio
Installing /Users/runner/work/Rayforge-iOS-ipa/Rayforge-iOS-ipa/glib-src/gio/gtlsserverconnection.h to /Users/runner/work/Rayforge-iOS-ipa/Rayforge-iOS-ipa/ios-out/include/glib-2.0/gio
Installing /Users/runner/work/Rayforge-iOS-ipa/Rayforge-iOS-ipa/glib-src/gio/gdtlsconnection.h to /Users/runner/work/Rayforge-iOS-ipa/Rayforge-iOS-ipa/ios-out/include/glib-2.0/gio
Installing /Users/runner/work/Rayforge-iOS-ipa/Rayforge-iOS-ipa/glib-src/gio/gdtlsclientconnection.h to /Users/runner/work/Rayforge-iOS-ipa/Rayforge-iOS-ipa/ios-out/include/glib-2.0/gio
Installing /Users/runner/work/Rayforge-iOS-ipa/Rayforge-iOS-ipa/glib-src/gio/gdtlsserverconnection.h to /Users/runner/work/Rayforge-iOS-ipa/Rayforge-iOS-ipa/ios-out/include/glib-2.0/gio
Installing /Users/runner/work/Rayforge-iOS-ipa/Rayforge-iOS-ipa/glib-src/gio/gunixconnection.h to /Users/runner/work/Rayforge-iOS-ipa/Rayforge-iOS-ipa/ios-out/include/glib-2.0/gio
Installing /Users/runner/work/Rayforge-iOS-ipa/Rayforge-iOS-ipa/glib-src/gio/gunixcredentialsmessage.h to /Users/runner/work/Rayforge-iOS-ipa/Rayforge-iOS-ipa/ios-out/include/glib-2.0/gio
Installing /Users/runner/work/Rayforge-iOS-ipa/Rayforge-iOS-ipa/glib-src/gio/gunixfdlist.h to /Users/runner/work/Rayforge-iOS-ipa/Rayforge-iOS-ipa/ios-out/include/glib-2.0/gio
Installing /Users/runner/work/Rayforge-iOS-ipa/Rayforge-iOS-ipa/glib-src/gio/gunixsocketaddress.h to /Users/runner/work/Rayforge-iOS-ipa/Rayforge-iOS-ipa/ios-out/include/glib-2.0/gio
Installing /Users/runner/work/Rayforge-iOS-ipa/Rayforge-iOS-ipa/glib-src/gio/gvfs.h to /Users/runner/work/Rayforge-iOS-ipa/Rayforge-iOS-ipa/ios-out/include/glib-2.0/gio
Installing /Users/runner/work/Rayforge-iOS-ipa/Rayforge-iOS-ipa/glib-src/gio/gvolume.h to /Users/runner/work/Rayforge-iOS-ipa/Rayforge-iOS-ipa/ios-out/include/glib-2.0/gio
Installing /Users/runner/work/Rayforge-iOS-ipa/Rayforge-iOS-ipa/glib-src/gio/gvolumemonitor.h to /Users/runner/work/Rayforge-iOS-ipa/Rayforge-iOS-ipa/ios-out/include/glib-2.0/gio
Installing /Users/runner/work/Rayforge-iOS-ipa/Rayforge-iOS-ipa/glib-src/gio/gzlibcompressor.h to /Users/runner/work/Rayforge-iOS-ipa/Rayforge-iOS-ipa/ios-out/include/glib-2.0/gio
Installing /Users/runner/work/Rayforge-iOS-ipa/Rayforge-iOS-ipa/glib-src/gio/gzlibdecompressor.h to /Users/runner/work/Rayforge-iOS-ipa/Rayforge-iOS-ipa/ios-out/include/glib-2.0/gio
Installing /Users/runner/work/Rayforge-iOS-ipa/Rayforge-iOS-ipa/glib-src/gio/glistmodel.h to /Users/runner/work/Rayforge-iOS-ipa/Rayforge-iOS-ipa/ios-out/include/glib-2.0/gio
Installing /Users/runner/work/Rayforge-iOS-ipa/Rayforge-iOS-ipa/glib-src/gio/gliststore.h to /Users/runner/work/Rayforge-iOS-ipa/Rayforge-iOS-ipa/ios-out/include/glib-2.0/gio
Installing /Users/runner/work/Rayforge-iOS-ipa/Rayforge-iOS-ipa/glib-src/gio/gapplication.h to /Users/runner/work/Rayforge-iOS-ipa/Rayforge-iOS-ipa/ios-out/include/glib-2.0/gio
Installing /Users/runner/work/Rayforge-iOS-ipa/Rayforge-iOS-ipa/glib-src/gio/gapplicationcommandline.h to /Users/runner/work/Rayforge-iOS-ipa/Rayforge-iOS-ipa/ios-out/include/glib-2.0/gio
Installing /Users/runner/work/Rayforge-iOS-ipa/Rayforge-iOS-ipa/glib-src/gio/gactiongroup.h to /Users/runner/work/Rayforge-iOS-ipa/Rayforge-iOS-ipa/ios-out/include/glib-2.0/gio
Installing /Users/runner/work/Rayforge-iOS-ipa/Rayforge-iOS-ipa/glib-src/gio/gactionmap.h to /Users/runner/work/Rayforge-iOS-ipa/Rayforge-iOS-ipa/ios-out/include/glib-2.0/gio
Installing /Users/runner/work/Rayforge-iOS-ipa/Rayforge-iOS-ipa/glib-src/gio/gsimpleactiongroup.h to /Users/runner/work/Rayforge-iOS-ipa/Rayforge-iOS-ipa/ios-out/include/glib-2.0/gio
Installing /Users/runner/work/Rayforge-iOS-ipa/Rayforge-iOS-ipa/glib-src/gio/gremoteactiongroup.h to /Users/runner/work/Rayforge-iOS-ipa/Rayforge-iOS-ipa/ios-out/include/glib-2.0/gio
Installing /Users/runner/work/Rayforge-iOS-ipa/Rayforge-iOS-ipa/glib-src/gio/gactiongroupexporter.h to /Users/runner/work/Rayforge-iOS-ipa/Rayforge-iOS-ipa/ios-out/include/glib-2.0/gio
Installing /Users/runner/work/Rayforge-iOS-ipa/Rayforge-iOS-ipa/glib-src/gio/gdbusactiongroup.h to /Users/runner/work/Rayforge-iOS-ipa/Rayforge-iOS-ipa/ios-out/include/glib-2.0/gio
Installing /Users/runner/work/Rayforge-iOS-ipa/Rayforge-iOS-ipa/glib-src/gio/gaction.h to /Users/runner/work/Rayforge-iOS-ipa/Rayforge-iOS-ipa/ios-out/include/glib-2.0/gio
Installing /Users/runner/work/Rayforge-iOS-ipa/Rayforge-iOS-ipa/glib-src/gio/gpropertyaction.h to /Users/runner/work/Rayforge-iOS-ipa/Rayforge-iOS-ipa/ios-out/include/glib-2.0/gio
Installing /Users/runner/work/Rayforge-iOS-ipa/Rayforge-iOS-ipa/glib-src/gio/gsimpleaction.h to /Users/runner/work/Rayforge-iOS-ipa/Rayforge-iOS-ipa/ios-out/include/glib-2.0/gio
Installing /Users/runner/work/Rayforge-iOS-ipa/Rayforge-iOS-ipa/glib-src/gio/gmenumodel.h to /Users/runner/work/Rayforge-iOS-ipa/Rayforge-iOS-ipa/ios-out/include/glib-2.0/gio
Installing /Users/runner/work/Rayforge-iOS-ipa/Rayforge-iOS-ipa/glib-src/gio/gmenu.h to /Users/runner/work/Rayforge-iOS-ipa/Rayforge-iOS-ipa/ios-out/include/glib-2.0/gio
Installing /Users/runner/work/Rayforge-iOS-ipa/Rayforge-iOS-ipa/glib-src/gio/gmenuexporter.h to /Users/runner/work/Rayforge-iOS-ipa/Rayforge-iOS-ipa/ios-out/include/glib-2.0/gio
Installing /Users/runner/work/Rayforge-iOS-ipa/Rayforge-iOS-ipa/glib-src/gio/gdbusmenumodel.h to /Users/runner/work/Rayforge-iOS-ipa/Rayforge-iOS-ipa/ios-out/include/glib-2.0/gio
Installing /Users/runner/work/Rayforge-iOS-ipa/Rayforge-iOS-ipa/glib-src/gio/gnotification.h to /Users/runner/work/Rayforge-iOS-ipa/Rayforge-iOS-ipa/ios-out/include/glib-2.0/gio
Installing /Users/runner/work/Rayforge-iOS-ipa/Rayforge-iOS-ipa/glib-src/gio/gsettingsbackend.h to /Users/runner/work/Rayforge-iOS-ipa/Rayforge-iOS-ipa/ios-out/include/glib-2.0/gio
Installing /Users/runner/work/Rayforge-iOS-ipa/Rayforge-iOS-ipa/glib-src/gio/gsettingsschema.h to /Users/runner/work/Rayforge-iOS-ipa/Rayforge-iOS-ipa/ios-out/include/glib-2.0/gio
Installing /Users/runner/work/Rayforge-iOS-ipa/Rayforge-iOS-ipa/glib-src/gio/gsettings.h to /Users/runner/work/Rayforge-iOS-ipa/Rayforge-iOS-ipa/ios-out/include/glib-2.0/gio
Installing /Users/runner/work/Rayforge-iOS-ipa/Rayforge-iOS-ipa/glib-src/gio/gdbusauthobserver.h to /Users/runner/work/Rayforge-iOS-ipa/Rayforge-iOS-ipa/ios-out/include/glib-2.0/gio
Installing /Users/runner/work/Rayforge-iOS-ipa/Rayforge-iOS-ipa/glib-src/gio/gcredentials.h to /Users/runner/work/Rayforge-iOS-ipa/Rayforge-iOS-ipa/ios-out/include/glib-2.0/gio
Installing /Users/runner/work/Rayforge-iOS-ipa/Rayforge-iOS-ipa/glib-src/gio/gdbusutils.h to /Users/runner/work/Rayforge-iOS-ipa/Rayforge-iOS-ipa/ios-out/include/glib-2.0/gio
Installing /Users/runner/work/Rayforge-iOS-ipa/Rayforge-iOS-ipa/glib-src/gio/gdbuserror.h to /Users/runner/work/Rayforge-iOS-ipa/Rayforge-iOS-ipa/ios-out/include/glib-2.0/gio
Installing /Users/runner/work/Rayforge-iOS-ipa/Rayforge-iOS-ipa/glib-src/gio/gdbusaddress.h to /Users/runner/work/Rayforge-iOS-ipa/Rayforge-iOS-ipa/ios-out/include/glib-2.0/gio
Installing /Users/runner/work/Rayforge-iOS-ipa/Rayforge-iOS-ipa/glib-src/gio/gdbusconnection.h to /Users/runner/work/Rayforge-iOS-ipa/Rayforge-iOS-ipa/ios-out/include/glib-2.0/gio
Installing /Users/runner/work/Rayforge-iOS-ipa/Rayforge-iOS-ipa/glib-src/gio/gdbusmessage.h to /Users/runner/work/Rayforge-iOS-ipa/Rayforge-iOS-ipa/ios-out/include/glib-2.0/gio
Installing /Users/runner/work/Rayforge-iOS-ipa/Rayforge-iOS-ipa/glib-src/gio/gdbusnameowning.h to /Users/runner/work/Rayforge-iOS-ipa/Rayforge-iOS-ipa/ios-out/include/glib-2.0/gio
Installing /Users/runner/work/Rayforge-iOS-ipa/Rayforge-iOS-ipa/glib-src/gio/gdbusnamewatching.h to /Users/runner/work/Rayforge-iOS-ipa/Rayforge-iOS-ipa/ios-out/include/glib-2.0/gio
Installing /Users/runner/work/Rayforge-iOS-ipa/Rayforge-iOS-ipa/glib-src/gio/gdbusproxy.h to /Users/runner/work/Rayforge-iOS-ipa/Rayforge-iOS-ipa/ios-out/include/glib-2.0/gio
Installing /Users/runner/work/Rayforge-iOS-ipa/Rayforge-iOS-ipa/glib-src/gio/gdbusintrospection.h to /Users/runner/work/Rayforge-iOS-ipa/Rayforge-iOS-ipa/ios-out/include/glib-2.0/gio
Installing /Users/runner/work/Rayforge-iOS-ipa/Rayforge-iOS-ipa/glib-src/gio/gdbusmethodinvocation.h to /Users/runner/work/Rayforge-iOS-ipa/Rayforge-iOS-ipa/ios-out/include/glib-2.0/gio
Installing /Users/runner/work/Rayforge-iOS-ipa/Rayforge-iOS-ipa/glib-src/gio/gdbusserver.h to /Users/runner/work/Rayforge-iOS-ipa/Rayforge-iOS-ipa/ios-out/include/glib-2.0/gio
Installing /Users/runner/work/Rayforge-iOS-ipa/Rayforge-iOS-ipa/glib-src/gio/gdbusinterface.h to /Users/runner/work/Rayforge-iOS-ipa/Rayforge-iOS-ipa/ios-out/include/glib-2.0/gio
Installing /Users/runner/work/Rayforge-iOS-ipa/Rayforge-iOS-ipa/glib-src/gio/gdbusinterfaceskeleton.h to /Users/runner/work/Rayforge-iOS-ipa/Rayforge-iOS-ipa/ios-out/include/glib-2.0/gio
Installing /Users/runner/work/Rayforge-iOS-ipa/Rayforge-iOS-ipa/glib-src/gio/gdbusobject.h to /Users/runner/work/Rayforge-iOS-ipa/Rayforge-iOS-ipa/ios-out/include/glib-2.0/gio
Installing /Users/runner/work/Rayforge-iOS-ipa/Rayforge-iOS-ipa/glib-src/gio/gdbusobjectskeleton.h to /Users/runner/work/Rayforge-iOS-ipa/Rayforge-iOS-ipa/ios-out/include/glib-2.0/gio
Installing /Users/runner/work/Rayforge-iOS-ipa/Rayforge-iOS-ipa/glib-src/gio/gdbusobjectproxy.h to /Users/runner/work/Rayforge-iOS-ipa/Rayforge-iOS-ipa/ios-out/include/glib-2.0/gio
Installing /Users/runner/work/Rayforge-iOS-ipa/Rayforge-iOS-ipa/glib-src/gio/gdbusobjectmanager.h to /Users/runner/work/Rayforge-iOS-ipa/Rayforge-iOS-ipa/ios-out/include/glib-2.0/gio
Installing /Users/runner/work/Rayforge-iOS-ipa/Rayforge-iOS-ipa/glib-src/gio/gdbusobjectmanagerclient.h to /Users/runner/work/Rayforge-iOS-ipa/Rayforge-iOS-ipa/ios-out/include/glib-2.0/gio
Installing /Users/runner/work/Rayforge-iOS-ipa/Rayforge-iOS-ipa/glib-src/gio/gdbusobjectmanagerserver.h to /Users/runner/work/Rayforge-iOS-ipa/Rayforge-iOS-ipa/ios-out/include/glib-2.0/gio
Installing /Users/runner/work/Rayforge-iOS-ipa/Rayforge-iOS-ipa/glib-src/gio/gtestdbus.h to /Users/runner/work/Rayforge-iOS-ipa/Rayforge-iOS-ipa/ios-out/include/glib-2.0/gio
Installing /Users/runner/work/Rayforge-iOS-ipa/Rayforge-iOS-ipa/glib-src/girepository/giarginfo.h to /Users/runner/work/Rayforge-iOS-ipa/Rayforge-iOS-ipa/ios-out/include/glib-2.0/girepository
Installing /Users/runner/work/Rayforge-iOS-ipa/Rayforge-iOS-ipa/glib-src/girepository/gibaseinfo.h to /Users/runner/work/Rayforge-iOS-ipa/Rayforge-iOS-ipa/ios-out/include/glib-2.0/girepository
Installing /Users/runner/work/Rayforge-iOS-ipa/Rayforge-iOS-ipa/glib-src/girepository/gicallableinfo.h to /Users/runner/work/Rayforge-iOS-ipa/Rayforge-iOS-ipa/ios-out/include/glib-2.0/girepository
Installing /Users/runner/work/Rayforge-iOS-ipa/Rayforge-iOS-ipa/glib-src/girepository/gicallbackinfo.h to /Users/runner/work/Rayforge-iOS-ipa/Rayforge-iOS-ipa/ios-out/include/glib-2.0/girepository
Installing /Users/runner/work/Rayforge-iOS-ipa/Rayforge-iOS-ipa/glib-src/girepository/giconstantinfo.h to /Users/runner/work/Rayforge-iOS-ipa/Rayforge-iOS-ipa/ios-out/include/glib-2.0/girepository
Installing /Users/runner/work/Rayforge-iOS-ipa/Rayforge-iOS-ipa/glib-src/girepository/gienuminfo.h to /Users/runner/work/Rayforge-iOS-ipa/Rayforge-iOS-ipa/ios-out/include/glib-2.0/girepository
Installing /Users/runner/work/Rayforge-iOS-ipa/Rayforge-iOS-ipa/glib-src/girepository/gifieldinfo.h to /Users/runner/work/Rayforge-iOS-ipa/Rayforge-iOS-ipa/ios-out/include/glib-2.0/girepository
Installing /Users/runner/work/Rayforge-iOS-ipa/Rayforge-iOS-ipa/glib-src/girepository/giflagsinfo.h to /Users/runner/work/Rayforge-iOS-ipa/Rayforge-iOS-ipa/ios-out/include/glib-2.0/girepository
Installing /Users/runner/work/Rayforge-iOS-ipa/Rayforge-iOS-ipa/glib-src/girepository/gifunctioninfo.h to /Users/runner/work/Rayforge-iOS-ipa/Rayforge-iOS-ipa/ios-out/include/glib-2.0/girepository
Installing /Users/runner/work/Rayforge-iOS-ipa/Rayforge-iOS-ipa/glib-src/girepository/giinterfaceinfo.h to /Users/runner/work/Rayforge-iOS-ipa/Rayforge-iOS-ipa/ios-out/include/glib-2.0/girepository
Installing /Users/runner/work/Rayforge-iOS-ipa/Rayforge-iOS-ipa/glib-src/girepository/giobjectinfo.h to /Users/runner/work/Rayforge-iOS-ipa/Rayforge-iOS-ipa/ios-out/include/glib-2.0/girepository
Installing /Users/runner/work/Rayforge-iOS-ipa/Rayforge-iOS-ipa/glib-src/girepository/gipropertyinfo.h to /Users/runner/work/Rayforge-iOS-ipa/Rayforge-iOS-ipa/ios-out/include/glib-2.0/girepository
Installing /Users/runner/work/Rayforge-iOS-ipa/Rayforge-iOS-ipa/glib-src/girepository/giregisteredtypeinfo.h to /Users/runner/work/Rayforge-iOS-ipa/Rayforge-iOS-ipa/ios-out/include/glib-2.0/girepository
Installing /Users/runner/work/Rayforge-iOS-ipa/Rayforge-iOS-ipa/glib-src/girepository/girepository.h to /Users/runner/work/Rayforge-iOS-ipa/Rayforge-iOS-ipa/ios-out/include/glib-2.0/girepository
Installing /Users/runner/work/Rayforge-iOS-ipa/Rayforge-iOS-ipa/glib-src/girepository/girepository-autocleanups.h to /Users/runner/work/Rayforge-iOS-ipa/Rayforge-iOS-ipa/ios-out/include/glib-2.0/girepository
Installing /Users/runner/work/Rayforge-iOS-ipa/Rayforge-iOS-ipa/glib-src/girepository/gisignalinfo.h to /Users/runner/work/Rayforge-iOS-ipa/Rayforge-iOS-ipa/ios-out/include/glib-2.0/girepository
Installing /Users/runner/work/Rayforge-iOS-ipa/Rayforge-iOS-ipa/glib-src/girepository/gistructinfo.h to /Users/runner/work/Rayforge-iOS-ipa/Rayforge-iOS-ipa/ios-out/include/glib-2.0/girepository
Installing /Users/runner/work/Rayforge-iOS-ipa/Rayforge-iOS-ipa/glib-src/girepository/gitypeinfo.h to /Users/runner/work/Rayforge-iOS-ipa/Rayforge-iOS-ipa/ios-out/include/glib-2.0/girepository
Installing /Users/runner/work/Rayforge-iOS-ipa/Rayforge-iOS-ipa/glib-src/girepository/gitypelib.h to /Users/runner/work/Rayforge-iOS-ipa/Rayforge-iOS-ipa/ios-out/include/glib-2.0/girepository
Installing /Users/runner/work/Rayforge-iOS-ipa/Rayforge-iOS-ipa/glib-src/girepository/gitypes.h to /Users/runner/work/Rayforge-iOS-ipa/Rayforge-iOS-ipa/ios-out/include/glib-2.0/girepository
Installing /Users/runner/work/Rayforge-iOS-ipa/Rayforge-iOS-ipa/glib-src/girepository/giunioninfo.h to /Users/runner/work/Rayforge-iOS-ipa/Rayforge-iOS-ipa/ios-out/include/glib-2.0/girepository
Installing /Users/runner/work/Rayforge-iOS-ipa/Rayforge-iOS-ipa/glib-src/girepository/giunresolvedinfo.h to /Users/runner/work/Rayforge-iOS-ipa/Rayforge-iOS-ipa/ios-out/include/glib-2.0/girepository
Installing /Users/runner/work/Rayforge-iOS-ipa/Rayforge-iOS-ipa/glib-src/girepository/givalueinfo.h to /Users/runner/work/Rayforge-iOS-ipa/Rayforge-iOS-ipa/ios-out/include/glib-2.0/girepository
Installing /Users/runner/work/Rayforge-iOS-ipa/Rayforge-iOS-ipa/glib-src/girepository/givfuncinfo.h to /Users/runner/work/Rayforge-iOS-ipa/Rayforge-iOS-ipa/ios-out/include/glib-2.0/girepository
Installing /Users/runner/work/Rayforge-iOS-ipa/Rayforge-iOS-ipa/glib-src/girepository/girffi.h to /Users/runner/work/Rayforge-iOS-ipa/Rayforge-iOS-ipa/ios-out/include/glib-2.0/girepository
Installing /Users/runner/work/Rayforge-iOS-ipa/Rayforge-iOS-ipa/glib-src/subprojects/libffi/man/ffi.3 to /Users/runner/work/Rayforge-iOS-ipa/Rayforge-iOS-ipa/ios-out/share/man/man3
Installing /Users/runner/work/Rayforge-iOS-ipa/Rayforge-iOS-ipa/glib-src/subprojects/libffi/man/ffi_call.3 to /Users/runner/work/Rayforge-iOS-ipa/Rayforge-iOS-ipa/ios-out/share/man/man3
Installing /Users/runner/work/Rayforge-iOS-ipa/Rayforge-iOS-ipa/glib-src/subprojects/libffi/man/ffi_prep_cif.3 to /Users/runner/work/Rayforge-iOS-ipa/Rayforge-iOS-ipa/ios-out/share/man/man3
Installing /Users/runner/work/Rayforge-iOS-ipa/Rayforge-iOS-ipa/glib-src/subprojects/libffi/man/ffi_prep_cif_var.3 to /Users/runner/work/Rayforge-iOS-ipa/Rayforge-iOS-ipa/ios-out/share/man/man3
Installing new directory /Users/runner/work/Rayforge-iOS-ipa/Rayforge-iOS-ipa/ios-out/lib/gio/modules
Installing /Users/runner/work/Rayforge-iOS-ipa/Rayforge-iOS-ipa/glib-build/meson-private/libpcre2-8.pc to /Users/runner/work/Rayforge-iOS-ipa/Rayforge-iOS-ipa/ios-out/lib/pkgconfig
Installing /Users/runner/work/Rayforge-iOS-ipa/Rayforge-iOS-ipa/glib-build/meson-private/libpcre2-16.pc to /Users/runner/work/Rayforge-iOS-ipa/Rayforge-iOS-ipa/ios-out/lib/pkgconfig
Installing /Users/runner/work/Rayforge-iOS-ipa/Rayforge-iOS-ipa/glib-build/meson-private/libpcre2-32.pc to /Users/runner/work/Rayforge-iOS-ipa/Rayforge-iOS-ipa/ios-out/lib/pkgconfig
Installing /Users/runner/work/Rayforge-iOS-ipa/Rayforge-iOS-ipa/glib-build/subprojects/libffi/include/ffi-aarch64.h to /Users/runner/work/Rayforge-iOS-ipa/Rayforge-iOS-ipa/ios-out/include
Installing /Users/runner/work/Rayforge-iOS-ipa/Rayforge-iOS-ipa/glib-build/subprojects/libffi/include/ffitarget-aarch64.h to /Users/runner/work/Rayforge-iOS-ipa/Rayforge-iOS-ipa/ios-out/include
Installing /Users/runner/work/Rayforge-iOS-ipa/Rayforge-iOS-ipa/glib-build/subprojects/libffi/include/ffitarget.h to /Users/runner/work/Rayforge-iOS-ipa/Rayforge-iOS-ipa/ios-out/include
Installing /Users/runner/work/Rayforge-iOS-ipa/Rayforge-iOS-ipa/glib-build/subprojects/libffi/include/ffi.h to /Users/runner/work/Rayforge-iOS-ipa/Rayforge-iOS-ipa/ios-out/include
Installing /Users/runner/work/Rayforge-iOS-ipa/Rayforge-iOS-ipa/glib-build/meson-private/libffi.pc to /Users/runner/work/Rayforge-iOS-ipa/Rayforge-iOS-ipa/ios-out/lib/pkgconfig
Installing /Users/runner/work/Rayforge-iOS-ipa/Rayforge-iOS-ipa/glib-build/tools/glib-gettextize to /Users/runner/work/Rayforge-iOS-ipa/Rayforge-iOS-ipa/ios-out/bin
Installing /Users/runner/work/Rayforge-iOS-ipa/Rayforge-iOS-ipa/glib-src/tools/glib.supp to /Users/runner/work/Rayforge-iOS-ipa/Rayforge-iOS-ipa/ios-out/share/glib-2.0/valgrind
Installing /Users/runner/work/Rayforge-iOS-ipa/Rayforge-iOS-ipa/glib-build/glib/glibconfig.h to /Users/runner/work/Rayforge-iOS-ipa/Rayforge-iOS-ipa/ios-out/lib/glib-2.0/include
Installing /Users/runner/work/Rayforge-iOS-ipa/Rayforge-iOS-ipa/glib-build/meson-private/glib-2.0.pc to /Users/runner/work/Rayforge-iOS-ipa/Rayforge-iOS-ipa/ios-out/lib/pkgconfig
Installing /Users/runner/work/Rayforge-iOS-ipa/Rayforge-iOS-ipa/glib-build/glib/gtester-report to /Users/runner/work/Rayforge-iOS-ipa/Rayforge-iOS-ipa/ios-out/bin
Installing /Users/runner/work/Rayforge-iOS-ipa/Rayforge-iOS-ipa/glib-src/glib/glib_gdb.py to /Users/runner/work/Rayforge-iOS-ipa/Rayforge-iOS-ipa/ios-out/share/glib-2.0/gdb
Installing /Users/runner/work/Rayforge-iOS-ipa/Rayforge-iOS-ipa/glib-build/glib/libglib-2.0.so.0.8200.4-gdb.py to /Users/runner/work/Rayforge-iOS-ipa/Rayforge-iOS-ipa/ios-out/share/gdb/auto-load/.//Users/runner/work/Rayforge-iOS-ipa/Rayforge-iOS-ipa/ios-out/lib
Installing /Users/runner/work/Rayforge-iOS-ipa/Rayforge-iOS-ipa/glib-build/gobject/glib-genmarshal to /Users/runner/work/Rayforge-iOS-ipa/Rayforge-iOS-ipa/ios-out/bin
Installing /Users/runner/work/Rayforge-iOS-ipa/Rayforge-iOS-ipa/glib-build/gobject/glib-mkenums to /Users/runner/work/Rayforge-iOS-ipa/Rayforge-iOS-ipa/ios-out/bin
Installing /Users/runner/work/Rayforge-iOS-ipa/Rayforge-iOS-ipa/glib-build/meson-private/gobject-2.0.pc to /Users/runner/work/Rayforge-iOS-ipa/Rayforge-iOS-ipa/ios-out/lib/pkgconfig
Installing /Users/runner/work/Rayforge-iOS-ipa/Rayforge-iOS-ipa/glib-src/gobject/gobject_gdb.py to /Users/runner/work/Rayforge-iOS-ipa/Rayforge-iOS-ipa/ios-out/share/glib-2.0/gdb
Installing /Users/runner/work/Rayforge-iOS-ipa/Rayforge-iOS-ipa/glib-build/gobject/libgobject-2.0.so.0.8200.4-gdb.py to /Users/runner/work/Rayforge-iOS-ipa/Rayforge-iOS-ipa/ios-out/share/gdb/auto-load/.//Users/runner/work/Rayforge-iOS-ipa/Rayforge-iOS-ipa/ios-out/lib
Installing /Users/runner/work/Rayforge-iOS-ipa/Rayforge-iOS-ipa/glib-build/meson-private/gthread-2.0.pc to /Users/runner/work/Rayforge-iOS-ipa/Rayforge-iOS-ipa/ios-out/lib/pkgconfig
Installing /Users/runner/work/Rayforge-iOS-ipa/Rayforge-iOS-ipa/glib-build/meson-private/gmodule-no-export-2.0.pc to /Users/runner/work/Rayforge-iOS-ipa/Rayforge-iOS-ipa/ios-out/lib/pkgconfig
Installing /Users/runner/work/Rayforge-iOS-ipa/Rayforge-iOS-ipa/glib-build/meson-private/gmodule-export-2.0.pc to /Users/runner/work/Rayforge-iOS-ipa/Rayforge-iOS-ipa/ios-out/lib/pkgconfig
Installing /Users/runner/work/Rayforge-iOS-ipa/Rayforge-iOS-ipa/glib-build/meson-private/gmodule-2.0.pc to /Users/runner/work/Rayforge-iOS-ipa/Rayforge-iOS-ipa/ios-out/lib/pkgconfig
Installing /Users/runner/work/Rayforge-iOS-ipa/Rayforge-iOS-ipa/glib-build/gio/gnetworking.h to /Users/runner/work/Rayforge-iOS-ipa/Rayforge-iOS-ipa/ios-out/include/glib-2.0/gio
Installing /Users/runner/work/Rayforge-iOS-ipa/Rayforge-iOS-ipa/glib-build/gio/gdbus-2.0/codegen/gdbus-codegen to /Users/runner/work/Rayforge-iOS-ipa/Rayforge-iOS-ipa/ios-out/bin
Installing /Users/runner/work/Rayforge-iOS-ipa/Rayforge-iOS-ipa/glib-build/gio/gdbus-2.0/codegen/config.py to /Users/runner/work/Rayforge-iOS-ipa/Rayforge-iOS-ipa/ios-out/share/glib-2.0/codegen
Installing /Users/runner/work/Rayforge-iOS-ipa/Rayforge-iOS-ipa/glib-src/gio/completion/gapplication to /Users/runner/work/Rayforge-iOS-ipa/Rayforge-iOS-ipa/ios-out/share/bash-completion/completions
Installing /Users/runner/work/Rayforge-iOS-ipa/Rayforge-iOS-ipa/glib-src/gio/completion/gdbus to /Users/runner/work/Rayforge-iOS-ipa/Rayforge-iOS-ipa/ios-out/share/bash-completion/completions
Installing /Users/runner/work/Rayforge-iOS-ipa/Rayforge-iOS-ipa/glib-src/gio/completion/gio to /Users/runner/work/Rayforge-iOS-ipa/Rayforge-iOS-ipa/ios-out/share/bash-completion/completions
Installing /Users/runner/work/Rayforge-iOS-ipa/Rayforge-iOS-ipa/glib-src/gio/completion/gsettings to /Users/runner/work/Rayforge-iOS-ipa/Rayforge-iOS-ipa/ios-out/share/bash-completion/completions
Installing /Users/runner/work/Rayforge-iOS-ipa/Rayforge-iOS-ipa/glib-src/gio/completion/gresource to /Users/runner/work/Rayforge-iOS-ipa/Rayforge-iOS-ipa/ios-out/share/bash-completion/completions
Installing /Users/runner/work/Rayforge-iOS-ipa/Rayforge-iOS-ipa/glib-build/meson-private/gio-2.0.pc to /Users/runner/work/Rayforge-iOS-ipa/Rayforge-iOS-ipa/ios-out/lib/pkgconfig
Installing /Users/runner/work/Rayforge-iOS-ipa/Rayforge-iOS-ipa/glib-build/meson-private/gio-unix-2.0.pc to /Users/runner/work/Rayforge-iOS-ipa/Rayforge-iOS-ipa/ios-out/lib/pkgconfig
Installing /Users/runner/work/Rayforge-iOS-ipa/Rayforge-iOS-ipa/glib-src/gio/gresource.dtd to /Users/runner/work/Rayforge-iOS-ipa/Rayforge-iOS-ipa/ios-out/share/glib-2.0/dtds
Installing /Users/runner/work/Rayforge-iOS-ipa/Rayforge-iOS-ipa/glib-src/gio/gschema.dtd to /Users/runner/work/Rayforge-iOS-ipa/Rayforge-iOS-ipa/ios-out/share/glib-2.0/schemas
Installing /Users/runner/work/Rayforge-iOS-ipa/Rayforge-iOS-ipa/glib-src/gio/gschema.loc to /Users/runner/work/Rayforge-iOS-ipa/Rayforge-iOS-ipa/ios-out/share/gettext/its
Installing /Users/runner/work/Rayforge-iOS-ipa/Rayforge-iOS-ipa/glib-src/gio/gschema.its to /Users/runner/work/Rayforge-iOS-ipa/Rayforge-iOS-ipa/ios-out/share/gettext/its
Installing /Users/runner/work/Rayforge-iOS-ipa/Rayforge-iOS-ipa/glib-build/meson-private/girepository-2.0.pc to /Users/runner/work/Rayforge-iOS-ipa/Rayforge-iOS-ipa/ios-out/lib/pkgconfig
Installing /Users/runner/work/Rayforge-iOS-ipa/Rayforge-iOS-ipa/glib-src/m4macros/glib-2.0.m4 to /Users/runner/work/Rayforge-iOS-ipa/Rayforge-iOS-ipa/ios-out/share/aclocal
Installing /Users/runner/work/Rayforge-iOS-ipa/Rayforge-iOS-ipa/glib-src/m4macros/glib-gettext.m4 to /Users/runner/work/Rayforge-iOS-ipa/Rayforge-iOS-ipa/ios-out/share/aclocal
Installing /Users/runner/work/Rayforge-iOS-ipa/Rayforge-iOS-ipa/glib-src/m4macros/gsettings.m4 to /Users/runner/work/Rayforge-iOS-ipa/Rayforge-iOS-ipa/ios-out/share/aclocal
