The Meson build system
Version: 1.11.1
Source dir: /Users/runner/work/Rayforge-iOS-ipa/Rayforge-iOS-ipa/epoxy-src
Build dir: /Users/runner/work/Rayforge-iOS-ipa/Rayforge-iOS-ipa/epoxy-build
Build type: cross build
Project name: libepoxy
Project version: 1.5.10
C compiler for the host machine: /Users/runner/work/Rayforge-iOS-ipa/Rayforge-iOS-ipa/ios-cc-iphonesimulator.sh (clang 17.0.0 "Apple clang version 17.0.0 (clang-1700.0.13.5)")
C linker for the host machine: /Users/runner/work/Rayforge-iOS-ipa/Rayforge-iOS-ipa/ios-cc-iphonesimulator.sh ld64 1167.5
C compiler for the build machine: cc (clang 17.0.0 "Apple clang version 17.0.0 (clang-1700.0.13.5)")
C linker for the build machine: cc ld64 1167.5
Build machine cpu family: aarch64
Build machine cpu: aarch64
Host machine cpu family: aarch64
Host machine cpu: aarch64
Target machine cpu family: aarch64
Target machine cpu: aarch64
Has header "KHR/khrplatform.h" : NO 
Compiler for C supports arguments -Wpointer-arith: YES 
Compiler for C supports arguments -Wmissing-declarations: YES 
Compiler for C supports arguments -Wformat=2: YES 
Compiler for C supports arguments -Wstrict-prototypes: YES 
Compiler for C supports arguments -Wmissing-prototypes: YES 
Compiler for C supports arguments -Wnested-externs: YES 
Compiler for C supports arguments -Wbad-function-cast: YES 
Compiler for C supports arguments -Wold-style-definition: YES 
Compiler for C supports arguments -Wdeclaration-after-statement: YES 
Compiler for C supports arguments -Wunused: YES 
Compiler for C supports arguments -Wuninitialized: YES 
Compiler for C supports arguments -Wshadow: YES 
Compiler for C supports arguments -Wmissing-noreturn: YES 
Compiler for C supports arguments -Wmissing-format-attribute: YES 
Compiler for C supports arguments -Wredundant-decls: YES 
Compiler for C supports arguments -Wlogical-op: NO 
Compiler for C supports arguments -Werror=implicit: YES 
Compiler for C supports arguments -Werror=nonnull: YES 
Compiler for C supports arguments -Werror=init-self: YES 
Compiler for C supports arguments -Werror=main: YES 
Compiler for C supports arguments -Werror=missing-braces: YES 
Compiler for C supports arguments -Werror=sequence-point: YES 
Compiler for C supports arguments -Werror=return-type: YES 
Compiler for C supports arguments -Werror=trigraphs: YES 
Compiler for C supports arguments -Werror=array-bounds: YES 
Compiler for C supports arguments -Werror=write-strings: YES 
Compiler for C supports arguments -Werror=address: YES 
Compiler for C supports arguments -Werror=int-to-pointer-cast: YES 
Compiler for C supports arguments -Werror=pointer-to-int-cast: YES 
Compiler for C supports arguments -fno-strict-aliasing: YES 
Compiler for C supports arguments -Wno-int-conversion: YES 
Library dl found: YES
Found pkg-config: YES (/opt/homebrew/bin/pkg-config) 2.5.1
Run-time dependency gl found: YES
Found CMake: NO
Run-time dependency egl found: NO  (tried pkg-config, framework and cmake)
Run-time dependency x11 found: NO  (tried pkg-config, framework and cmake)
Run-time dependency glesv2 found: NO  (tried pkg-config, framework and cmake)
Library libGLESv2 found: NO
Run-time dependency glesv1_cm found: NO  (tried pkg-config, framework and cmake)
Library libGLESv1_CM found: NO
Program src/gen_dispatch.py found: YES (/Users/runner/work/Rayforge-iOS-ipa/Rayforge-iOS-ipa/epoxy-src/src/gen_dispatch.py)
Configuring config.h using configuration
WARNING: Required dependency was found to be an empty string. Did you mean to pass an empty array?
Found pkg-config: YES (/opt/homebrew/bin/pkg-config) 2.5.1
Build targets in project: 3

libepoxy 1.5.10

  User defined options
    Cross files    : /Users/runner/work/Rayforge-iOS-ipa/Rayforge-iOS-ipa/cross-pfx.txt
    buildtype      : release
    default_library: static
    docs           : false
    egl            : no
    glx            : no
    prefix         : /Users/runner/work/Rayforge-iOS-ipa/Rayforge-iOS-ipa/ios-out
    tests          : false
    x11            : false

Found ninja-1.13.2 at /opt/homebrew/bin/ninja
ninja: Entering directory `epoxy-build'
[1/6] Generating include/epoxy/gl_generated.h with a custom command
[2/6] Generating src/gl_generated_dispatch.c with a custom command
[3/6] Compiling C object src/libepoxy.a.p/dispatch_common.c.o
[4/6] Compiling C object src/libepoxy.a.p/meson-generated_.._gl_generated_dispatch.c.o
[5/6] Linking static target src/libepoxy.a
[5/6] Installing files
Installing include/epoxy/gl_generated.h to /Users/runner/work/Rayforge-iOS-ipa/Rayforge-iOS-ipa/ios-out/include/epoxy
Installing src/libepoxy.a to /Users/runner/work/Rayforge-iOS-ipa/Rayforge-iOS-ipa/ios-out/lib
Installing /Users/runner/work/Rayforge-iOS-ipa/Rayforge-iOS-ipa/epoxy-src/include/epoxy/common.h to /Users/runner/work/Rayforge-iOS-ipa/Rayforge-iOS-ipa/ios-out/include/epoxy
Installing /Users/runner/work/Rayforge-iOS-ipa/Rayforge-iOS-ipa/epoxy-src/include/epoxy/gl.h to /Users/runner/work/Rayforge-iOS-ipa/Rayforge-iOS-ipa/ios-out/include/epoxy
Installing /Users/runner/work/Rayforge-iOS-ipa/Rayforge-iOS-ipa/epoxy-build/meson-private/epoxy.pc to /Users/runner/work/Rayforge-iOS-ipa/Rayforge-iOS-ipa/ios-out/lib/pkgconfig
