Gdk-Message: 17:25:18.270: gdk-ios: bundle resources at /Users/runner/Library/Developer/CoreSimulator/Devices/B7B59EE5-B3BB-40C2-8C7E-47D3C8A05849/data/Containers/Bundle/Application/68CCD2BA-5E60-4E51-81C3-6836C94DF239/RayforgeApp.app
Gdk-Message: 17:25:18.569: gdk-ios: shell ready window=1032x1376 view=1032x1376 scale=2.00
Gdk-Message: 17:25:18.574: gdk-ios: VC layout view=1032x1376 screen=1032x1376
Gdk-Message: 17:25:18.608: gdk-ios: entering user main
** Message: 17:25:18.609: GI_TYPELIB_PATH: /Users/runner/Library/Developer/CoreSimulator/Devices/B7B59EE5-B3BB-40C2-8C7E-47D3C8A05849/data/Containers/Bundle/Application/68CCD2BA-5E60-4E51-81C3-6836C94DF239/RayforgeApp.app/lib/girepository-1.0
** Message: 17:25:18.609: python home: /Users/runner/Library/Developer/CoreSimulator/Devices/B7B59EE5-B3BB-40C2-8C7E-47D3C8A05849/data/Containers/Bundle/Application/68CCD2BA-5E60-4E51-81C3-6836C94DF239/RayforgeApp.app/python
** Message: 17:25:18.609: site-packages: /Users/runner/Library/Developer/CoreSimulator/Devices/B7B59EE5-B3BB-40C2-8C7E-47D3C8A05849/data/Containers/Bundle/Application/68CCD2BA-5E60-4E51-81C3-6836C94DF239/RayforgeApp.app/python/lib/python3.13/site-packages
IOSBOOT: ios_main.main() start
IOSBOOT: import rayforge.app
IOSBOOT: rayforge.app.main()
2026-07-05 17:25:19,949 - root - INFO - Logging configured. Console level: INFO
2026-07-05 17:25:19,949 - root - INFO - Session log file: /Users/runner/Library/Developer/CoreSimulator/Devices/B7B59EE5-B3BB-40C2-8C7E-47D3C8A05849/data/Containers/Data/Application/112C50E8-F93C-40A8-A623-D0FF1B684F17/.local/state/rayforge/log/session-2026-07-05_17-25-19.log
2026-07-05 17:25:19,949 - rayforge.app - INFO - Application starting with log level INFO
2026-07-05 17:25:19,950 - rayforge.app - INFO - PyCairo version: 1.29.0
2026-07-05 17:25:22,052 - rayforge.image.svg.svg_fallback - WARNING - pyvips svgload_buffer not available. Using Cairo/Rsvg fallback for SVG rendering.
2026-07-05 17:25:23,346 - rayforge.ui_gtk.sim3d - INFO - Skipping Canvas3D import due to RAYFORGE_DISABLE_3D
2026-07-05 17:25:23,346 - rayforge.ui_gtk.sim3d - INFO - 3D canvas disabled via RAYFORGE_DISABLE_3D environment variable.
2026-07-05 17:25:23,698 - rayforge.addon_mgr.addon_manager - INFO - Scanning for addons in /Users/runner/Library/Developer/CoreSimulator/Devices/B7B59EE5-B3BB-40C2-8C7E-47D3C8A05849/data/Containers/Bundle/Application/68CCD2BA-5E60-4E51-81C3-6836C94DF239/RayforgeApp.app/python/lib/python3.13/site-packages/rayforge/builtin_addons...
2026-07-05 17:25:23,704 - rayforge.addon_mgr.addon_manager - INFO - Loaded addon: core_materials (builtin)
2026-07-05 17:25:24,229 - rayforge.addon_mgr.lazy_loader - WARNING - Manifest not ready, giving up
2026-07-05 17:25:24,751 - rayforge.addon_mgr.lazy_loader - WARNING - Manifest not ready, giving up
2026-07-05 17:25:25,294 - rayforge.addon_mgr.lazy_loader - WARNING - Manifest not ready, giving up
2026-07-05 17:25:25,816 - rayforge.addon_mgr.lazy_loader - WARNING - Manifest not ready, giving up
2026-07-05 17:25:26,338 - rayforge.addon_mgr.lazy_loader - WARNING - Manifest not ready, giving up
2026-07-05 17:25:26,854 - rayforge.addon_mgr.lazy_loader - WARNING - Manifest not ready, giving up
2026-07-05 17:25:27,376 - rayforge.addon_mgr.lazy_loader - WARNING - Manifest not ready, giving up
2026-07-05 17:25:27,898 - rayforge.addon_mgr.lazy_loader - WARNING - Manifest not ready, giving up
2026-07-05 17:25:28,422 - rayforge.addon_mgr.lazy_loader - WARNING - Manifest not ready, giving up
2026-07-05 17:25:28,944 - rayforge.addon_mgr.lazy_loader - WARNING - Manifest not ready, giving up
2026-07-05 17:25:29,464 - rayforge.addon_mgr.lazy_loader - WARNING - Manifest not ready, giving up
2026-07-05 17:25:29,988 - rayforge.addon_mgr.lazy_loader - WARNING - Manifest not ready, giving up
2026-07-05 17:25:30,508 - rayforge.addon_mgr.lazy_loader - WARNING - Manifest not ready, giving up
2026-07-05 17:25:31,032 - rayforge.addon_mgr.lazy_loader - WARNING - Manifest not ready, giving up
2026-07-05 17:25:31,566 - rayforge.addon_mgr.lazy_loader - WARNING - Manifest not ready, giving up
2026-07-05 17:25:32,087 - rayforge.addon_mgr.lazy_loader - WARNING - Manifest not ready, giving up
2026-07-05 17:25:32,612 - rayforge.addon_mgr.lazy_loader - WARNING - Manifest not ready, giving up
2026-07-05 17:25:33,134 - rayforge.addon_mgr.lazy_loader - WARNING - Manifest not ready, giving up
2026-07-05 17:25:33,656 - rayforge.addon_mgr.lazy_loader - WARNING - Manifest not ready, giving up
2026-07-05 17:25:34,185 - rayforge.addon_mgr.lazy_loader - WARNING - Manifest not ready, giving up
2026-07-05 17:25:34,734 - rayforge.addon_mgr.lazy_loader - WARNING - Manifest not ready, giving up
2026-07-05 17:25:35,309 - rayforge.addon_mgr.lazy_loader - WARNING - Manifest not ready, giving up
2026-07-05 17:25:35,833 - rayforge.addon_mgr.lazy_loader - WARNING - Manifest not ready, giving up
2026-07-05 17:25:36,361 - rayforge.addon_mgr.lazy_loader - WARNING - Manifest not ready, giving up
2026-07-05 17:25:36,897 - rayforge.addon_mgr.lazy_loader - WARNING - Manifest not ready, giving up
2026-07-05 17:25:37,423 - rayforge.addon_mgr.lazy_loader - WARNING - Manifest not ready, giving up
2026-07-05 17:25:37,946 - rayforge.addon_mgr.lazy_loader - WARNING - Manifest not ready, giving up
2026-07-05 17:25:38,472 - rayforge.addon_mgr.lazy_loader - WARNING - Manifest not ready, giving up
2026-07-05 17:25:38,998 - rayforge.addon_mgr.lazy_loader - WARNING - Manifest not ready, giving up
2026-07-05 17:25:39,523 - rayforge.addon_mgr.lazy_loader - WARNING - Manifest not ready, giving up
2026-07-05 17:25:40,050 - rayforge.addon_mgr.lazy_loader - WARNING - Manifest not ready, giving up
2026-07-05 17:25:40,573 - rayforge.addon_mgr.lazy_loader - WARNING - Manifest not ready, giving up
2026-07-05 17:25:41,089 - rayforge.addon_mgr.lazy_loader - WARNING - Manifest not ready, giving up
2026-07-05 17:25:41,609 - rayforge.addon_mgr.lazy_loader - WARNING - Manifest not ready, giving up
2026-07-05 17:25:41,629 - rayforge.addon_mgr.addon_manager - INFO - Loaded addon: sketcher (builtin)
2026-07-05 17:25:42,160 - rayforge.addon_mgr.lazy_loader - WARNING - Manifest not ready, giving up
2026-07-05 17:25:42,679 - rayforge.addon_mgr.lazy_loader - WARNING - Manifest not ready, giving up
2026-07-05 17:25:43,208 - rayforge.addon_mgr.lazy_loader - WARNING - Manifest not ready, giving up
2026-07-05 17:25:43,734 - rayforge.addon_mgr.lazy_loader - WARNING - Manifest not ready, giving up
2026-07-05 17:25:44,256 - rayforge.addon_mgr.lazy_loader - WARNING - Manifest not ready, giving up
2026-07-05 17:25:44,785 - rayforge.addon_mgr.lazy_loader - WARNING - Manifest not ready, giving up
2026-07-05 17:25:45,334 - rayforge.addon_mgr.lazy_loader - WARNING - Manifest not ready, giving up
2026-07-05 17:25:45,858 - rayforge.addon_mgr.lazy_loader - WARNING - Manifest not ready, giving up
2026-07-05 17:25:46,381 - rayforge.addon_mgr.lazy_loader - WARNING - Manifest not ready, giving up
2026-07-05 17:25:46,904 - rayforge.addon_mgr.lazy_loader - WARNING - Manifest not ready, giving up
2026-07-05 17:25:47,427 - rayforge.addon_mgr.lazy_loader - WARNING - Manifest not ready, giving up
2026-07-05 17:25:47,947 - rayforge.addon_mgr.lazy_loader - WARNING - Manifest not ready, giving up
2026-07-05 17:25:48,475 - rayforge.addon_mgr.lazy_loader - WARNING - Manifest not ready, giving up
2026-07-05 17:25:48,999 - rayforge.addon_mgr.lazy_loader - WARNING - Manifest not ready, giving up
2026-07-05 17:25:49,534 - rayforge.addon_mgr.lazy_loader - WARNING - Manifest not ready, giving up
2026-07-05 17:25:50,058 - rayforge.addon_mgr.lazy_loader - WARNING - Manifest not ready, giving up
2026-07-05 17:25:50,590 - rayforge.addon_mgr.lazy_loader - WARNING - Manifest not ready, giving up
2026-07-05 17:25:51,111 - rayforge.addon_mgr.lazy_loader - WARNING - Manifest not ready, giving up
2026-07-05 17:25:51,659 - rayforge.addon_mgr.lazy_loader - WARNING - Manifest not ready, giving up
2026-07-05 17:25:52,209 - rayforge.addon_mgr.lazy_loader - WARNING - Manifest not ready, giving up
2026-07-05 17:25:52,730 - rayforge.addon_mgr.lazy_loader - WARNING - Manifest not ready, giving up
2026-07-05 17:25:53,262 - rayforge.addon_mgr.lazy_loader - WARNING - Manifest not ready, giving up
2026-07-05 17:25:53,801 - rayforge.addon_mgr.lazy_loader - WARNING - Manifest not ready, giving up
2026-07-05 17:25:53,808 - rayforge.addon_mgr.addon_manager - INFO - Loaded addon: laser_essentials (builtin)
2026-07-05 17:25:53,815 - rayforge.addon_mgr.addon_manager - INFO - Loaded addon: print_and_cut (builtin)
2026-07-05 17:25:54,341 - rayforge.addon_mgr.lazy_loader - WARNING - Manifest not ready, giving up
2026-07-05 17:25:54,868 - rayforge.addon_mgr.lazy_loader - WARNING - Manifest not ready, giving up
2026-07-05 17:25:55,390 - rayforge.addon_mgr.lazy_loader - WARNING - Manifest not ready, giving up
2026-07-05 17:25:55,911 - rayforge.addon_mgr.lazy_loader - WARNING - Manifest not ready, giving up
2026-07-05 17:25:56,434 - rayforge.addon_mgr.lazy_loader - WARNING - Manifest not ready, giving up
2026-07-05 17:25:56,959 - rayforge.addon_mgr.lazy_loader - WARNING - Manifest not ready, giving up
2026-07-05 17:25:57,481 - rayforge.addon_mgr.lazy_loader - WARNING - Manifest not ready, giving up
2026-07-05 17:25:58,002 - rayforge.addon_mgr.lazy_loader - WARNING - Manifest not ready, giving up
2026-07-05 17:25:58,522 - rayforge.addon_mgr.lazy_loader - WARNING - Manifest not ready, giving up
2026-07-05 17:25:59,046 - rayforge.addon_mgr.lazy_loader - WARNING - Manifest not ready, giving up
2026-07-05 17:25:59,569 - rayforge.addon_mgr.lazy_loader - WARNING - Manifest not ready, giving up
2026-07-05 17:26:00,088 - rayforge.addon_mgr.lazy_loader - WARNING - Manifest not ready, giving up
2026-07-05 17:26:00,615 - rayforge.addon_mgr.lazy_loader - WARNING - Manifest not ready, giving up
2026-07-05 17:26:01,136 - rayforge.addon_mgr.lazy_loader - WARNING - Manifest not ready, giving up
2026-07-05 17:26:01,662 - rayforge.addon_mgr.lazy_loader - WARNING - Manifest not ready, giving up
2026-07-05 17:26:02,190 - rayforge.addon_mgr.lazy_loader - WARNING - Manifest not ready, giving up
2026-07-05 17:26:02,710 - rayforge.addon_mgr.lazy_loader - WARNING - Manifest not ready, giving up
2026-07-05 17:26:02,713 - rayforge.addon_mgr.addon_manager - INFO - Loaded addon: post_processors (builtin)
2026-07-05 17:26:03,230 - rayforge.addon_mgr.lazy_loader - WARNING - Manifest not ready, giving up
2026-07-05 17:26:03,749 - rayforge.addon_mgr.lazy_loader - WARNING - Manifest not ready, giving up
2026-07-05 17:26:04,299 - rayforge.addon_mgr.lazy_loader - WARNING - Manifest not ready, giving up
2026-07-05 17:26:04,819 - rayforge.addon_mgr.lazy_loader - WARNING - Manifest not ready, giving up
2026-07-05 17:26:04,830 - rayforge.addon_mgr.addon_manager - INFO - Loaded addon: ai_workpiece_generator (builtin)
2026-07-05 17:26:05,409 - rayforge.addon_mgr.lazy_loader - WARNING - Manifest not ready, giving up
2026-07-05 17:26:05,929 - rayforge.addon_mgr.lazy_loader - WARNING - Manifest not ready, giving up
2026-07-05 17:26:06,451 - rayforge.addon_mgr.lazy_loader - WARNING - Manifest not ready, giving up
2026-07-05 17:26:06,980 - rayforge.addon_mgr.lazy_loader - WARNING - Manifest not ready, giving up
2026-07-05 17:26:07,504 - rayforge.addon_mgr.lazy_loader - WARNING - Manifest not ready, giving up
2026-07-05 17:26:08,024 - rayforge.addon_mgr.lazy_loader - WARNING - Manifest not ready, giving up
2026-07-05 17:26:08,627 - rayforge.addon_mgr.lazy_loader - WARNING - Manifest not ready, giving up
2026-07-05 17:26:09,142 - rayforge.addon_mgr.lazy_loader - WARNING - Manifest not ready, giving up
2026-07-05 17:26:09,666 - rayforge.addon_mgr.lazy_loader - WARNING - Manifest not ready, giving up
2026-07-05 17:26:10,189 - rayforge.addon_mgr.lazy_loader - WARNING - Manifest not ready, giving up
2026-07-05 17:26:10,713 - rayforge.addon_mgr.lazy_loader - WARNING - Manifest not ready, giving up
2026-07-05 17:26:11,238 - rayforge.addon_mgr.lazy_loader - WARNING - Manifest not ready, giving up
2026-07-05 17:26:11,760 - rayforge.addon_mgr.lazy_loader - WARNING - Manifest not ready, giving up
2026-07-05 17:26:12,284 - rayforge.addon_mgr.lazy_loader - WARNING - Manifest not ready, giving up
2026-07-05 17:26:12,821 - rayforge.addon_mgr.lazy_loader - WARNING - Manifest not ready, giving up
2026-07-05 17:26:13,346 - rayforge.addon_mgr.lazy_loader - WARNING - Manifest not ready, giving up
2026-07-05 17:26:13,864 - rayforge.addon_mgr.lazy_loader - WARNING - Manifest not ready, giving up
2026-07-05 17:26:14,386 - rayforge.addon_mgr.lazy_loader - WARNING - Manifest not ready, giving up
2026-07-05 17:26:14,911 - rayforge.addon_mgr.lazy_loader - WARNING - Manifest not ready, giving up
2026-07-05 17:26:15,436 - rayforge.addon_mgr.lazy_loader - WARNING - Manifest not ready, giving up
2026-07-05 17:26:15,953 - rayforge.addon_mgr.lazy_loader - WARNING - Manifest not ready, giving up
2026-07-05 17:26:16,475 - rayforge.addon_mgr.lazy_loader - WARNING - Manifest not ready, giving up
2026-07-05 17:26:16,994 - rayforge.addon_mgr.lazy_loader - WARNING - Manifest not ready, giving up
2026-07-05 17:26:17,523 - rayforge.addon_mgr.lazy_loader - WARNING - Manifest not ready, giving up
2026-07-05 17:26:18,044 - rayforge.addon_mgr.lazy_loader - WARNING - Manifest not ready, giving up
2026-07-05 17:26:18,566 - rayforge.addon_mgr.lazy_loader - WARNING - Manifest not ready, giving up
2026-07-05 17:26:19,092 - rayforge.addon_mgr.lazy_loader - WARNING - Manifest not ready, giving up
2026-07-05 17:26:19,613 - rayforge.addon_mgr.lazy_loader - WARNING - Manifest not ready, giving up
2026-07-05 17:26:20,126 - rayforge.addon_mgr.lazy_loader - WARNING - Manifest not ready, giving up
2026-07-05 17:26:20,646 - rayforge.addon_mgr.lazy_loader - WARNING - Manifest not ready, giving up
2026-07-05 17:26:21,164 - rayforge.addon_mgr.lazy_loader - WARNING - Manifest not ready, giving up
2026-07-05 17:26:21,683 - rayforge.addon_mgr.lazy_loader - WARNING - Manifest not ready, giving up
2026-07-05 17:26:22,206 - rayforge.addon_mgr.lazy_loader - WARNING - Manifest not ready, giving up
2026-07-05 17:26:22,722 - rayforge.addon_mgr.lazy_loader - WARNING - Manifest not ready, giving up
2026-07-05 17:26:23,243 - rayforge.addon_mgr.lazy_loader - WARNING - Manifest not ready, giving up
2026-07-05 17:26:23,761 - rayforge.addon_mgr.lazy_loader - WARNING - Manifest not ready, giving up
2026-07-05 17:26:24,278 - rayforge.addon_mgr.lazy_loader - WARNING - Manifest not ready, giving up
2026-07-05 17:26:24,795 - rayforge.addon_mgr.lazy_loader - WARNING - Manifest not ready, giving up
2026-07-05 17:26:25,316 - rayforge.addon_mgr.lazy_loader - WARNING - Manifest not ready, giving up
2026-07-05 17:26:25,838 - rayforge.addon_mgr.lazy_loader - WARNING - Manifest not ready, giving up
2026-07-05 17:26:26,365 - rayforge.addon_mgr.lazy_loader - WARNING - Manifest not ready, giving up
2026-07-05 17:26:26,887 - rayforge.addon_mgr.lazy_loader - WARNING - Manifest not ready, giving up
2026-07-05 17:26:27,409 - rayforge.addon_mgr.lazy_loader - WARNING - Manifest not ready, giving up
2026-07-05 17:26:27,931 - rayforge.addon_mgr.lazy_loader - WARNING - Manifest not ready, giving up
2026-07-05 17:26:28,458 - rayforge.addon_mgr.lazy_loader - WARNING - Manifest not ready, giving up
2026-07-05 17:26:28,984 - rayforge.addon_mgr.lazy_loader - WARNING - Manifest not ready, giving up
2026-07-05 17:26:29,508 - rayforge.addon_mgr.lazy_loader - WARNING - Manifest not ready, giving up
2026-07-05 17:26:30,030 - rayforge.addon_mgr.lazy_loader - WARNING - Manifest not ready, giving up
2026-07-05 17:26:30,556 - rayforge.addon_mgr.lazy_loader - WARNING - Manifest not ready, giving up
2026-07-05 17:26:31,078 - rayforge.addon_mgr.lazy_loader - WARNING - Manifest not ready, giving up
2026-07-05 17:26:31,600 - rayforge.addon_mgr.lazy_loader - WARNING - Manifest not ready, giving up
2026-07-05 17:26:32,125 - rayforge.addon_mgr.lazy_loader - WARNING - Manifest not ready, giving up
2026-07-05 17:26:32,649 - rayforge.addon_mgr.lazy_loader - WARNING - Manifest not ready, giving up
2026-07-05 17:26:33,171 - rayforge.addon_mgr.lazy_loader - WARNING - Manifest not ready, giving up
2026-07-05 17:26:33,695 - rayforge.addon_mgr.lazy_loader - WARNING - Manifest not ready, giving up
2026-07-05 17:26:34,215 - rayforge.addon_mgr.lazy_loader - WARNING - Manifest not ready, giving up
2026-07-05 17:26:34,742 - rayforge.addon_mgr.lazy_loader - WARNING - Manifest not ready, giving up
2026-07-05 17:26:35,264 - rayforge.addon_mgr.lazy_loader - WARNING - Manifest not ready, giving up
2026-07-05 17:26:35,788 - rayforge.addon_mgr.lazy_loader - WARNING - Manifest not ready, giving up
2026-07-05 17:26:36,308 - rayforge.addon_mgr.lazy_loader - WARNING - Manifest not ready, giving up
2026-07-05 17:26:36,826 - rayforge.addon_mgr.lazy_loader - WARNING - Manifest not ready, giving up
2026-07-05 17:26:37,343 - rayforge.addon_mgr.lazy_loader - WARNING - Manifest not ready, giving up
2026-07-05 17:26:37,867 - rayforge.addon_mgr.lazy_loader - WARNING - Manifest not ready, giving up
2026-07-05 17:26:38,388 - rayforge.addon_mgr.lazy_loader - WARNING - Manifest not ready, giving up
2026-07-05 17:26:38,912 - rayforge.addon_mgr.lazy_loader - WARNING - Manifest not ready, giving up
2026-07-05 17:26:39,433 - rayforge.addon_mgr.lazy_loader - WARNING - Manifest not ready, giving up
2026-07-05 17:26:39,954 - rayforge.addon_mgr.lazy_loader - WARNING - Manifest not ready, giving up
2026-07-05 17:26:40,471 - rayforge.addon_mgr.lazy_loader - WARNING - Manifest not ready, giving up
2026-07-05 17:26:40,999 - rayforge.addon_mgr.lazy_loader - WARNING - Manifest not ready, giving up
2026-07-05 17:26:41,523 - rayforge.addon_mgr.lazy_loader - WARNING - Manifest not ready, giving up
2026-07-05 17:26:42,044 - rayforge.addon_mgr.lazy_loader - WARNING - Manifest not ready, giving up
2026-07-05 17:26:42,562 - rayforge.addon_mgr.lazy_loader - WARNING - Manifest not ready, giving up
2026-07-05 17:26:43,095 - rayforge.addon_mgr.lazy_loader - WARNING - Manifest not ready, giving up
2026-07-05 17:26:43,617 - rayforge.addon_mgr.lazy_loader - WARNING - Manifest not ready, giving up
2026-07-05 17:26:44,137 - rayforge.addon_mgr.lazy_loader - WARNING - Manifest not ready, giving up
2026-07-05 17:26:44,658 - rayforge.addon_mgr.lazy_loader - WARNING - Manifest not ready, giving up
2026-07-05 17:26:45,184 - rayforge.addon_mgr.lazy_loader - WARNING - Manifest not ready, giving up
2026-07-05 17:26:45,717 - rayforge.addon_mgr.lazy_loader - WARNING - Manifest not ready, giving up
2026-07-05 17:26:46,249 - rayforge.addon_mgr.lazy_loader - WARNING - Manifest not ready, giving up
2026-07-05 17:26:46,769 - rayforge.addon_mgr.lazy_loader - WARNING - Manifest not ready, giving up
2026-07-05 17:26:47,292 - rayforge.addon_mgr.lazy_loader - WARNING - Manifest not ready, giving up
2026-07-05 17:26:47,810 - rayforge.addon_mgr.lazy_loader - WARNING - Manifest not ready, giving up
2026-07-05 17:26:48,329 - rayforge.addon_mgr.lazy_loader - WARNING - Manifest not ready, giving up
2026-07-05 17:26:48,848 - rayforge.addon_mgr.lazy_loader - WARNING - Manifest not ready, giving up
2026-07-05 17:26:49,366 - rayforge.addon_mgr.lazy_loader - WARNING - Manifest not ready, giving up
2026-07-05 17:26:49,375 - rayforge.context - INFO - Addons loaded (headless=False)
IOSBOOT: _ios_run: register()
IOSBOOT: _ios_run: activate()
2026-07-05 17:26:50,498 - rayforge.context - INFO - Lazy loading config manager
2026-07-05 17:26:50,506 - rayforge.context - INFO - Lazy loading machine manager
2026-07-05 17:26:50,517 - rayforge.core.config - INFO - Config file does not exist, creating default config.
2026-07-05 17:26:50,636 - rayforge.context - INFO - Lazy loading camera manager
2026-07-05 17:26:50,764 - rayforge.worker_init - ERROR - Failed to load enabled worker module 'rayforge_addons.core_materials.core_materials.worker': Plugin name already registered: rayforge_addons.core_materials.core_materials.worker=<module 'rayforge_addons.core_materials.core_materials.worker' from '/Users/runner/Library/Developer/CoreSimulator/Devices/B7B59EE5-B3BB-40C2-8C7E-47D3C8A05849/data/Containers/Bundle/Application/68CCD2BA-5E60-4E51-81C3-6836C94DF239/RayforgeApp.app/python/lib/python3.13/site-packages/rayforge/builtin_addons/rayforge-addon-materials/core_materials/worker.py'>
{'rayforge_addons.core_materials.core_materials.worker': <module 'rayforge_addons.core_materials.core_materials.worker' from '/Users/runner/Library/Developer/CoreSimulator/Devices/B7B59EE5-B3BB-40C2-8C7E-47D3C8A05849/data/Containers/Bundle/Application/68CCD2BA-5E60-4E51-81C3-6836C94DF239/RayforgeApp.app/python/lib/python3.13/site-packages/rayforge/builtin_addons/rayforge-addon-materials/core_materials/worker.py'>, 'rayforge_addons.sketcher.sketcher.worker': <module 'rayforge_addons.sketcher.sketcher.worker' from '/Users/runner/Library/Developer/CoreSimulator/Devices/B7B59EE5-B3BB-40C2-8C7E-47D3C8A05849/data/Containers/Bundle/Application/68CCD2BA-5E60-4E51-81C3-6836C94DF239/RayforgeApp.app/python/lib/python3.13/site-packages/rayforge/builtin_addons/rayforge-addon-sketcher/sketcher/worker.py'>, 'rayforge_addons.sketcher.sketcher.frontend': <module 'rayforge_addons.sketcher.sketcher.frontend' from '/Users/runner/Library/Developer/CoreSimulator/Devices/B7B59EE5-B3BB-40C2-8C7E-47D3C8A05849/data/Containers/Bundle/Application/68CCD2BA-5E60-4E51-81C3-6836C94DF239/RayforgeApp.app/python/lib/python3.13/site-packages/rayforge/builtin_addons/rayforge-addon-sketcher/sketcher/frontend.py'>, 'rayforge_addons.laser_essentials.laser_essentials.worker': <module 'rayforge_addons.laser_essentials.laser_essentials.worker' from '/Users/runner/Library/Developer/CoreSimulator/Devices/B7B59EE5-B3BB-40C2-8C7E-47D3C8A05849/data/Containers/Bundle/Application/68CCD2BA-5E60-4E51-81C3-6836C94DF239/RayforgeApp.app/python/lib/python3.13/site-packages/rayforge/builtin_addons/rayforge-addon-laser/laser_essentials/worker.py'>, 'rayforge_addons.laser_essentials.laser_essentials.frontend': <module 'rayforge_addons.laser_essentials.laser_essentials.frontend' from '/Users/runner/Library/Developer/CoreSimulator/Devices/B7B59EE5-B3BB-40C2-8C7E-47D3C8A05849/data/Containers/Bundle/Application/68CCD2BA-5E60-4E51-81C3-6836C94DF239/RayforgeApp.app/python/lib/python3.13/site-packages/rayforge/builtin_addons/rayforge-addon-laser/laser_essentials/frontend.py'>, 'rayforge_addons.print_and_cut.print_and_cut.frontend': <module 'rayforge_addons.print_and_cut.print_and_cut.frontend' from '/Users/runner/Library/Developer/CoreSimulator/Devices/B7B59EE5-B3BB-40C2-8C7E-47D3C8A05849/data/Containers/Bundle/Application/68CCD2BA-5E60-4E51-81C3-6836C94DF239/RayforgeApp.app/python/lib/python3.13/site-packages/rayforge/builtin_addons/rayforge-addon-print-and-cut/print_and_cut/frontend.py'>, 'rayforge_addons.post_processors.post_processors.worker': <module 'rayforge_addons.post_processors.post_processors.worker' from '/Users/runner/Library/Developer/CoreSimulator/Devices/B7B59EE5-B3BB-40C2-8C7E-47D3C8A05849/data/Containers/Bundle/Application/68CCD2BA-5E60-4E51-81C3-6836C94DF239/RayforgeApp.app/python/lib/python3.13/site-packages/rayforge/builtin_addons/rayforge-addon-post/post_processors/worker.py'>, 'rayforge_addons.post_processors.post_processors.frontend': <module 'rayforge_addons.post_processors.post_processors.frontend' from '/Users/runner/Library/Developer/CoreSimulator/Devices/B7B59EE5-B3BB-40C2-8C7E-47D3C8A05849/data/Containers/Bundle/Application/68CCD2BA-5E60-4E51-81C3-6836C94DF239/RayforgeApp.app/python/lib/python3.13/site-packages/rayforge/builtin_addons/rayforge-addon-post/post_processors/frontend.py'>, 'rayforge_addons.ai_workpiece_generator.ai_workpiece_generator.frontend': <module 'rayforge_addons.ai_workpiece_generator.ai_workpiece_generator.frontend' from '/Users/runner/Library/Developer/CoreSimulator/Devices/B7B59EE5-B3BB-40C2-8C7E-47D3C8A05849/data/Containers/Bundle/Application/68CCD2BA-5E60-4E51-81C3-6836C94DF239/RayforgeApp.app/python/lib/python3.13/site-packages/rayforge/builtin_addons/rayforge-addon-ai-workpiece/ai_workpiece_generator/frontend.py'>}
2026-07-05 17:26:50,765 - rayforge.worker_init - ERROR - Failed to load enabled worker module 'rayforge_addons.sketcher.sketcher.worker': Plugin name already registered: rayforge_addons.sketcher.sketcher.worker=<module 'rayforge_addons.sketcher.sketcher.worker' from '/Users/runner/Library/Developer/CoreSimulator/Devices/B7B59EE5-B3BB-40C2-8C7E-47D3C8A05849/data/Containers/Bundle/Application/68CCD2BA-5E60-4E51-81C3-6836C94DF239/RayforgeApp.app/python/lib/python3.13/site-packages/rayforge/builtin_addons/rayforge-addon-sketcher/sketcher/worker.py'>
{'rayforge_addons.core_materials.core_materials.worker': <module 'rayforge_addons.core_materials.core_materials.worker' from '/Users/runner/Library/Developer/CoreSimulator/Devices/B7B59EE5-B3BB-40C2-8C7E-47D3C8A05849/data/Containers/Bundle/Application/68CCD2BA-5E60-4E51-81C3-6836C94DF239/RayforgeApp.app/python/lib/python3.13/site-packages/rayforge/builtin_addons/rayforge-addon-materials/core_materials/worker.py'>, 'rayforge_addons.sketcher.sketcher.worker': <module 'rayforge_addons.sketcher.sketcher.worker' from '/Users/runner/Library/Developer/CoreSimulator/Devices/B7B59EE5-B3BB-40C2-8C7E-47D3C8A05849/data/Containers/Bundle/Application/68CCD2BA-5E60-4E51-81C3-6836C94DF239/RayforgeApp.app/python/lib/python3.13/site-packages/rayforge/builtin_addons/rayforge-addon-sketcher/sketcher/worker.py'>, 'rayforge_addons.sketcher.sketcher.frontend': <module 'rayforge_addons.sketcher.sketcher.frontend' from '/Users/runner/Library/Developer/CoreSimulator/Devices/B7B59EE5-B3BB-40C2-8C7E-47D3C8A05849/data/Containers/Bundle/Application/68CCD2BA-5E60-4E51-81C3-6836C94DF239/RayforgeApp.app/python/lib/python3.13/site-packages/rayforge/builtin_addons/rayforge-addon-sketcher/sketcher/frontend.py'>, 'rayforge_addons.laser_essentials.laser_essentials.worker': <module 'rayforge_addons.laser_essentials.laser_essentials.worker' from '/Users/runner/Library/Developer/CoreSimulator/Devices/B7B59EE5-B3BB-40C2-8C7E-47D3C8A05849/data/Containers/Bundle/Application/68CCD2BA-5E60-4E51-81C3-6836C94DF239/RayforgeApp.app/python/lib/python3.13/site-packages/rayforge/builtin_addons/rayforge-addon-laser/laser_essentials/worker.py'>, 'rayforge_addons.laser_essentials.laser_essentials.frontend': <module 'rayforge_addons.laser_essentials.laser_essentials.frontend' from '/Users/runner/Library/Developer/CoreSimulator/Devices/B7B59EE5-B3BB-40C2-8C7E-47D3C8A05849/data/Containers/Bundle/Application/68CCD2BA-5E60-4E51-81C3-6836C94DF239/RayforgeApp.app/python/lib/python3.13/site-packages/rayforge/builtin_addons/rayforge-addon-laser/laser_essentials/frontend.py'>, 'rayforge_addons.print_and_cut.print_and_cut.frontend': <module 'rayforge_addons.print_and_cut.print_and_cut.frontend' from '/Users/runner/Library/Developer/CoreSimulator/Devices/B7B59EE5-B3BB-40C2-8C7E-47D3C8A05849/data/Containers/Bundle/Application/68CCD2BA-5E60-4E51-81C3-6836C94DF239/RayforgeApp.app/python/lib/python3.13/site-packages/rayforge/builtin_addons/rayforge-addon-print-and-cut/print_and_cut/frontend.py'>, 'rayforge_addons.post_processors.post_processors.worker': <module 'rayforge_addons.post_processors.post_processors.worker' from '/Users/runner/Library/Developer/CoreSimulator/Devices/B7B59EE5-B3BB-40C2-8C7E-47D3C8A05849/data/Containers/Bundle/Application/68CCD2BA-5E60-4E51-81C3-6836C94DF239/RayforgeApp.app/python/lib/python3.13/site-packages/rayforge/builtin_addons/rayforge-addon-post/post_processors/worker.py'>, 'rayforge_addons.post_processors.post_processors.frontend': <module 'rayforge_addons.post_processors.post_processors.frontend' from '/Users/runner/Library/Developer/CoreSimulator/Devices/B7B59EE5-B3BB-40C2-8C7E-47D3C8A05849/data/Containers/Bundle/Application/68CCD2BA-5E60-4E51-81C3-6836C94DF239/RayforgeApp.app/python/lib/python3.13/site-packages/rayforge/builtin_addons/rayforge-addon-post/post_processors/frontend.py'>, 'rayforge_addons.ai_workpiece_generator.ai_workpiece_generator.frontend': <module 'rayforge_addons.ai_workpiece_generator.ai_workpiece_generator.frontend' from '/Users/runner/Library/Developer/CoreSimulator/Devices/B7B59EE5-B3BB-40C2-8C7E-47D3C8A05849/data/Containers/Bundle/Application/68CCD2BA-5E60-4E51-81C3-6836C94DF239/RayforgeApp.app/python/lib/python3.13/site-packages/rayforge/builtin_addons/rayforge-addon-ai-workpiece/ai_workpiece_generator/frontend.py'>}
2026-07-05 17:26:50,765 - rayforge.worker_init - ERROR - Failed to load enabled worker module 'rayforge_addons.laser_essentials.laser_essentials.worker': Plugin name already registered: rayforge_addons.laser_essentials.laser_essentials.worker=<module 'rayforge_addons.laser_essentials.laser_essentials.worker' from '/Users/runner/Library/Developer/CoreSimulator/Devices/B7B59EE5-B3BB-40C2-8C7E-47D3C8A05849/data/Containers/Bundle/Application/68CCD2BA-5E60-4E51-81C3-6836C94DF239/RayforgeApp.app/python/lib/python3.13/site-packages/rayforge/builtin_addons/rayforge-addon-laser/laser_essentials/worker.py'>
{'rayforge_addons.core_materials.core_materials.worker': <module 'rayforge_addons.core_materials.core_materials.worker' from '/Users/runner/Library/Developer/CoreSimulator/Devices/B7B59EE5-B3BB-40C2-8C7E-47D3C8A05849/data/Containers/Bundle/Application/68CCD2BA-5E60-4E51-81C3-6836C94DF239/RayforgeApp.app/python/lib/python3.13/site-packages/rayforge/builtin_addons/rayforge-addon-materials/core_materials/worker.py'>, 'rayforge_addons.sketcher.sketcher.worker': <module 'rayforge_addons.sketcher.sketcher.worker' from '/Users/runner/Library/Developer/CoreSimulator/Devices/B7B59EE5-B3BB-40C2-8C7E-47D3C8A05849/data/Containers/Bundle/Application/68CCD2BA-5E60-4E51-81C3-6836C94DF239/RayforgeApp.app/python/lib/python3.13/site-packages/rayforge/builtin_addons/rayforge-addon-sketcher/sketcher/worker.py'>, 'rayforge_addons.sketcher.sketcher.frontend': <module 'rayforge_addons.sketcher.sketcher.frontend' from '/Users/runner/Library/Developer/CoreSimulator/Devices/B7B59EE5-B3BB-40C2-8C7E-47D3C8A05849/data/Containers/Bundle/Application/68CCD2BA-5E60-4E51-81C3-6836C94DF239/RayforgeApp.app/python/lib/python3.13/site-packages/rayforge/builtin_addons/rayforge-addon-sketcher/sketcher/frontend.py'>, 'rayforge_addons.laser_essentials.laser_essentials.worker': <module 'rayforge_addons.laser_essentials.laser_essentials.worker' from '/Users/runner/Library/Developer/CoreSimulator/Devices/B7B59EE5-B3BB-40C2-8C7E-47D3C8A05849/data/Containers/Bundle/Application/68CCD2BA-5E60-4E51-81C3-6836C94DF239/RayforgeApp.app/python/lib/python3.13/site-packages/rayforge/builtin_addons/rayforge-addon-laser/laser_essentials/worker.py'>, 'rayforge_addons.laser_essentials.laser_essentials.frontend': <module 'rayforge_addons.laser_essentials.laser_essentials.frontend' from '/Users/runner/Library/Developer/CoreSimulator/Devices/B7B59EE5-B3BB-40C2-8C7E-47D3C8A05849/data/Containers/Bundle/Application/68CCD2BA-5E60-4E51-81C3-6836C94DF239/RayforgeApp.app/python/lib/python3.13/site-packages/rayforge/builtin_addons/rayforge-addon-laser/laser_essentials/frontend.py'>, 'rayforge_addons.print_and_cut.print_and_cut.frontend': <module 'rayforge_addons.print_and_cut.print_and_cut.frontend' from '/Users/runner/Library/Developer/CoreSimulator/Devices/B7B59EE5-B3BB-40C2-8C7E-47D3C8A05849/data/Containers/Bundle/Application/68CCD2BA-5E60-4E51-81C3-6836C94DF239/RayforgeApp.app/python/lib/python3.13/site-packages/rayforge/builtin_addons/rayforge-addon-print-and-cut/print_and_cut/frontend.py'>, 'rayforge_addons.post_processors.post_processors.worker': <module 'rayforge_addons.post_processors.post_processors.worker' from '/Users/runner/Library/Developer/CoreSimulator/Devices/B7B59EE5-B3BB-40C2-8C7E-47D3C8A05849/data/Containers/Bundle/Application/68CCD2BA-5E60-4E51-81C3-6836C94DF239/RayforgeApp.app/python/lib/python3.13/site-packages/rayforge/builtin_addons/rayforge-addon-post/post_processors/worker.py'>, 'rayforge_addons.post_processors.post_processors.frontend': <module 'rayforge_addons.post_processors.post_processors.frontend' from '/Users/runner/Library/Developer/CoreSimulator/Devices/B7B59EE5-B3BB-40C2-8C7E-47D3C8A05849/data/Containers/Bundle/Application/68CCD2BA-5E60-4E51-81C3-6836C94DF239/RayforgeApp.app/python/lib/python3.13/site-packages/rayforge/builtin_addons/rayforge-addon-post/post_processors/frontend.py'>, 'rayforge_addons.ai_workpiece_generator.ai_workpiece_generator.frontend': <module 'rayforge_addons.ai_workpiece_generator.ai_workpiece_generator.frontend' from '/Users/runner/Library/Developer/CoreSimulator/Devices/B7B59EE5-B3BB-40C2-8C7E-47D3C8A05849/data/Containers/Bundle/Application/68CCD2BA-5E60-4E51-81C3-6836C94DF239/RayforgeApp.app/python/lib/python3.13/site-packages/rayforge/builtin_addons/rayforge-addon-ai-workpiece/ai_workpiece_generator/frontend.py'>}
2026-07-05 17:26:50,765 - rayforge.worker_init - ERROR - Failed to load enabled worker module 'rayforge_addons.post_processors.post_processors.worker': Plugin name already registered: rayforge_addons.post_processors.post_processors.worker=<module 'rayforge_addons.post_processors.post_processors.worker' from '/Users/runner/Library/Developer/CoreSimulator/Devices/B7B59EE5-B3BB-40C2-8C7E-47D3C8A05849/data/Containers/Bundle/Application/68CCD2BA-5E60-4E51-81C3-6836C94DF239/RayforgeApp.app/python/lib/python3.13/site-packages/rayforge/builtin_addons/rayforge-addon-post/post_processors/worker.py'>
{'rayforge_addons.core_materials.core_materials.worker': <module 'rayforge_addons.core_materials.core_materials.worker' from '/Users/runner/Library/Developer/CoreSimulator/Devices/B7B59EE5-B3BB-40C2-8C7E-47D3C8A05849/data/Containers/Bundle/Application/68CCD2BA-5E60-4E51-81C3-6836C94DF239/RayforgeApp.app/python/lib/python3.13/site-packages/rayforge/builtin_addons/rayforge-addon-materials/core_materials/worker.py'>, 'rayforge_addons.sketcher.sketcher.worker': <module 'rayforge_addons.sketcher.sketcher.worker' from '/Users/runner/Library/Developer/CoreSimulator/Devices/B7B59EE5-B3BB-40C2-8C7E-47D3C8A05849/data/Containers/Bundle/Application/68CCD2BA-5E60-4E51-81C3-6836C94DF239/RayforgeApp.app/python/lib/python3.13/site-packages/rayforge/builtin_addons/rayforge-addon-sketcher/sketcher/worker.py'>, 'rayforge_addons.sketcher.sketcher.frontend': <module 'rayforge_addons.sketcher.sketcher.frontend' from '/Users/runner/Library/Developer/CoreSimulator/Devices/B7B59EE5-B3BB-40C2-8C7E-47D3C8A05849/data/Containers/Bundle/Application/68CCD2BA-5E60-4E51-81C3-6836C94DF239/RayforgeApp.app/python/lib/python3.13/site-packages/rayforge/builtin_addons/rayforge-addon-sketcher/sketcher/frontend.py'>, 'rayforge_addons.laser_essentials.laser_essentials.worker': <module 'rayforge_addons.laser_essentials.laser_essentials.worker' from '/Users/runner/Library/Developer/CoreSimulator/Devices/B7B59EE5-B3BB-40C2-8C7E-47D3C8A05849/data/Containers/Bundle/Application/68CCD2BA-5E60-4E51-81C3-6836C94DF239/RayforgeApp.app/python/lib/python3.13/site-packages/rayforge/builtin_addons/rayforge-addon-laser/laser_essentials/worker.py'>, 'rayforge_addons.laser_essentials.laser_essentials.frontend': <module 'rayforge_addons.laser_essentials.laser_essentials.frontend' from '/Users/runner/Library/Developer/CoreSimulator/Devices/B7B59EE5-B3BB-40C2-8C7E-47D3C8A05849/data/Containers/Bundle/Application/68CCD2BA-5E60-4E51-81C3-6836C94DF239/RayforgeApp.app/python/lib/python3.13/site-packages/rayforge/builtin_addons/rayforge-addon-laser/laser_essentials/frontend.py'>, 'rayforge_addons.print_and_cut.print_and_cut.frontend': <module 'rayforge_addons.print_and_cut.print_and_cut.frontend' from '/Users/runner/Library/Developer/CoreSimulator/Devices/B7B59EE5-B3BB-40C2-8C7E-47D3C8A05849/data/Containers/Bundle/Application/68CCD2BA-5E60-4E51-81C3-6836C94DF239/RayforgeApp.app/python/lib/python3.13/site-packages/rayforge/builtin_addons/rayforge-addon-print-and-cut/print_and_cut/frontend.py'>, 'rayforge_addons.post_processors.post_processors.worker': <module 'rayforge_addons.post_processors.post_processors.worker' from '/Users/runner/Library/Developer/CoreSimulator/Devices/B7B59EE5-B3BB-40C2-8C7E-47D3C8A05849/data/Containers/Bundle/Application/68CCD2BA-5E60-4E51-81C3-6836C94DF239/RayforgeApp.app/python/lib/python3.13/site-packages/rayforge/builtin_addons/rayforge-addon-post/post_processors/worker.py'>, 'rayforge_addons.post_processors.post_processors.frontend': <module 'rayforge_addons.post_processors.post_processors.frontend' from '/Users/runner/Library/Developer/CoreSimulator/Devices/B7B59EE5-B3BB-40C2-8C7E-47D3C8A05849/data/Containers/Bundle/Application/68CCD2BA-5E60-4E51-81C3-6836C94DF239/RayforgeApp.app/python/lib/python3.13/site-packages/rayforge/builtin_addons/rayforge-addon-post/post_processors/frontend.py'>, 'rayforge_addons.ai_workpiece_generator.ai_workpiece_generator.frontend': <module 'rayforge_addons.ai_workpiece_generator.ai_workpiece_generator.frontend' from '/Users/runner/Library/Developer/CoreSimulator/Devices/B7B59EE5-B3BB-40C2-8C7E-47D3C8A05849/data/Containers/Bundle/Application/68CCD2BA-5E60-4E51-81C3-6836C94DF239/RayforgeApp.app/python/lib/python3.13/site-packages/rayforge/builtin_addons/rayforge-addon-ai-workpiece/ai_workpiece_generator/frontend.py'>}
2026-07-05 17:26:50,769 - rayforge.context - INFO - Lazy loading recipe manager
2026-07-05 17:26:50,770 - rayforge.core.recipe_manager - INFO - Loaded 0 recipes.
2026-07-05 17:26:50,773 - rayforge.doceditor.step_cmd - INFO - Added default 'Contour' step to layer 'Layer 1'.
Gdk-Message: 17:26:50.927: gdk-ios: toplevel_present shell_bounds=1032x1376
Fontconfig warning: using without calling FcInit()
Gdk-Message: 17:26:51.017: gdk-ios: present placement transient=0 natural=1165x1150 -> frame=(0,0,1032x1376)
Gdk-Message: 17:26:51.018: gdk-ios: attach_layer surface=0x114454580 layer=0x600000cbd290 root=0x600000c0b600 root.bounds=1032x1376 root.sublayers=1 scale=2.00
Gdk-Message: 17:26:51.019: gdk-ios: apply_frame surface=0x114454580 req=(0,0,1032x1376) layer.frame=(0,0,1032x1376)
Gdk-Message: 17:26:51.021: gdk-ios: toplevel_present shell_bounds=1032x1376
Gdk-Message: 17:26:51.021: gdk-ios: present placement transient=0 natural=1115x1100 -> frame=(0,0,1032x1376)
Gdk-Message: 17:26:51.021: gdk-ios: apply_frame surface=0x114454580 req=(0,0,1032x1376) layer.frame=(0,0,1032x1376)
Gdk-Message: 17:26:51.023: gdk-ios: toplevel_present shell_bounds=1032x1376
Gdk-Message: 17:26:51.030: gdk-ios: present placement transient=1 natural=394x318 -> frame=(319,529,394x318)
Gdk-Message: 17:26:51.031: gdk-ios: attach_layer surface=0x11469c380 layer=0x600000cbd230 root=0x600000c0b600 root.bounds=1032x1376 root.sublayers=2 scale=2.00
Gdk-Message: 17:26:51.031: gdk-ios: apply_frame surface=0x11469c380 req=(319,529,394x318) layer.frame=(319,529,394x318)
Gdk-Message: 17:26:51.031: gdk-ios: toplevel_present shell_bounds=1032x1376
Gdk-Message: 17:26:51.031: gdk-ios: present placement transient=1 natural=394x318 -> frame=(319,529,394x318)
Gdk-Message: 17:26:51.031: gdk-ios: apply_frame surface=0x11469c380 req=(319,529,394x318) layer.frame=(319,529,394x318)
2026-07-05 17:26:51,032 - rayforge.addon_mgr.update_cmd - INFO - Scheduling startup addon update check.
2026-07-05 17:26:51,033 - rayforge.updater - INFO - Scheduling app version update check.
IOSBOOT: _ios_run: activate() returned; windows=1
IOSBOOT:   window mapped=True visible=True title='Rayforge'
IOSBOOT: keep-running caught — startup unwound cleanly
RAYFORGE UI RUNNING
** Message: 17:26:51.034: rayforge boot: PyGObject self-test ran (CPython 3.13.14 (main, Jun 12 2026, 07:26:39) [Clang 17.0.0 (clang-1700.0.13.5)]) ? see console for PYGOBJECT OK/FAIL
Gdk-Message: 17:26:51.048: gdk-ios: user main returned
Gdk-Message: 17:26:51.053: gdk-ios: VC layout view=1032x1376 screen=1032x1376
2026-07-05 17:26:51,189 - rayforge.addon_mgr.addon_manager - INFO - Checking for available addon updates...
2026-07-05 17:26:51,189 - rayforge.addon_mgr.addon_manager - INFO - Fetching registry from https://raw.githubusercontent.com/barebaric/rayforge-registry/main/registry.yaml
2026-07-05 17:26:51,210 - rayforge.machine.models.controller - INFO - Machine 'Default Machine' (id:8be2bfc1-c74d-47f5-a9be-877ec7ae8deb) rebuilding driver to 'None'
Gdk-Message: 17:26:51.320: gdk-ios: begin_frame surface=1032x1376 scale=2.00 pixels=2064x2752
Gdk-Message: 17:26:51.360: gdk-ios: end_frame 2064x2752 stride=8256 data=0x1171ac000 layer=0x600000cbd290 center=0xFFF5F5F6 tl=0xFFFFFFFF tr=0xFFFFFFFF bl=0xFFFAFAFB br=0xFFF5F5F6
Gdk-Message: 17:26:51.361: gdk-ios: presented layer=0x600000cbd290 frame=(0,0,1032x1376) contentsScale=2.00 opacity=1.00 hidden=0 super=0x600000c0b600 hasContents=1
Gdk-Message: 17:26:51.362: gdk-ios: begin_frame surface=394x318 scale=2.00 pixels=788x636
Gdk-Message: 17:26:51.368: gdk-ios: end_frame 788x636 stride=3152 data=0x118758000 layer=0x600000cbd230 center=0xFFFAFAFB tl=0x00000000 tr=0x00000000 bl=0x00000000 br=0xFFFAFAFB
Gdk-Message: 17:26:51.368: gdk-ios: presented layer=0x600000cbd230 frame=(319,529,394x318) contentsScale=2.00 opacity=1.00 hidden=0 super=0x600000c0b600 hasContents=1
Gdk-Message: 17:26:51.371: gdk-ios: begin_frame surface=1032x1376 scale=2.00 pixels=2064x2752
Gdk-Message: 17:26:51.401: gdk-ios: end_frame 2064x2752 stride=8256 data=0x118944000 layer=0x600000cbd290 center=0xFFF5F5F6 tl=0xFFFFFFFF tr=0xFFFFFFFF bl=0xFFFAFAFB br=0xFFF5F5F6
Gdk-Message: 17:26:51.402: gdk-ios: presented layer=0x600000cbd290 frame=(0,0,1032x1376) contentsScale=2.00 opacity=1.00 hidden=0 super=0x600000c0b600 hasContents=1
2026-07-05 17:26:51,419 - rayforge.machine.models.controller - INFO - Synced active WCS from device: 'G54'
2026-07-05 17:26:51,437 - rayforge.addon_mgr.addon_manager - INFO - All installed addons are up to date.
Gdk-Message: 17:26:51.448: gdk-ios: begin_frame surface=1032x1376 scale=2.00 pixels=2064x2752
Gdk-Message: 17:26:51.468: gdk-ios: end_frame 2064x2752 stride=8256 data=0x1171ac000 layer=0x600000cbd290 center=0xFFF5F5F6 tl=0xFFFFFFFF tr=0xFFFFFFFF bl=0xFFFAFAFB br=0xFFF5F5F6
Gdk-Message: 17:26:51.469: gdk-ios: presented layer=0x600000cbd290 frame=(0,0,1032x1376) contentsScale=2.00 opacity=1.00 hidden=0 super=0x600000c0b600 hasContents=1
Gdk-Message: 17:26:51.494: gdk-ios: begin_frame surface=1032x1376 scale=2.00 pixels=2064x2752
Gdk-Message: 17:26:51.543: gdk-ios: end_frame 2064x2752 stride=8256 data=0x11a0e4000 layer=0x600000cbd290 center=0xFFF5F5F6 tl=0xFFFFFFFF tr=0xFFFFFFFF bl=0xFFFAFAFB br=0xFFF5F5F6
Gdk-Message: 17:26:51.553: gdk-ios: presented layer=0x600000cbd290 frame=(0,0,1032x1376) contentsScale=2.00 opacity=1.00 hidden=0 super=0x600000c0b600 hasContents=1
Gdk-Message: 17:26:51.554: gdk-ios: begin_frame surface=1032x1376 scale=2.00 pixels=2064x2752
Gdk-Message: 17:26:51.617: gdk-ios: end_frame 2064x2752 stride=8256 data=0x1171ac000 layer=0x600000cbd290 center=0xFFF5F5F6 tl=0xFFFFFFFF tr=0xFFFFFFFF bl=0xFFFAFAFB br=0xFFF5F5F6
Gdk-Message: 17:26:51.628: gdk-ios: presented layer=0x600000cbd290 frame=(0,0,1032x1376) contentsScale=2.00 opacity=1.00 hidden=0 super=0x600000c0b600 hasContents=1
Gdk-Message: 17:26:51.629: gdk-ios: begin_frame surface=1032x1376 scale=2.00 pixels=2064x2752
Gdk-Message: 17:26:51.673: gdk-ios: end_frame 2064x2752 stride=8256 data=0x11a0e4000 layer=0x600000cbd290 center=0xFFF5F5F6 tl=0xFFFFFFFF tr=0xFFFFFFFF bl=0xFFFAFAFB br=0xFFF5F5F6
Gdk-Message: 17:26:51.684: gdk-ios: presented layer=0x600000cbd290 frame=(0,0,1032x1376) contentsScale=2.00 opacity=1.00 hidden=0 super=0x600000c0b600 hasContents=1
Gdk-Message: 17:26:51.684: gdk-ios: begin_frame surface=1032x1376 scale=2.00 pixels=2064x2752
Gdk-Message: 17:26:51.711: gdk-ios: end_frame 2064x2752 stride=8256 data=0x1171ac000 layer=0x600000cbd290 center=0xFFF5F5F6 tl=0xFFFFFFFF tr=0xFFFFFFFF bl=0xFFFAFAFB br=0xFFF5F5F6
Gdk-Message: 17:26:51.720: gdk-ios: presented layer=0x600000cbd290 frame=(0,0,1032x1376) contentsScale=2.00 opacity=1.00 hidden=0 super=0x600000c0b600 hasContents=1
Gdk-Message: 17:26:51.721: gdk-ios: begin_frame surface=1032x1376 scale=2.00 pixels=2064x2752
Gdk-Message: 17:26:51.746: gdk-ios: end_frame 2064x2752 stride=8256 data=0x11a0e4000 layer=0x600000cbd290 center=0xFFF5F5F6 tl=0xFFFFFFFF tr=0xFFFFFFFF bl=0xFFFAFAFB br=0xFFF5F5F6
Gdk-Message: 17:26:51.760: gdk-ios: presented layer=0x600000cbd290 frame=(0,0,1032x1376) contentsScale=2.00 opacity=1.00 hidden=0 super=0x600000c0b600 hasContents=1
Gdk-Message: 17:26:53.712: gdk-ios: pump alive frame=120 total_iterations=19
IOSBOOT: GEOM monitor[0] 1032x1376+0+0 scale=2
IOSBOOT: GEOM top[0] 'Rayforge' alloc=1032x1376 surface=1032x1376 surfscale=2 vis=True
IOSBOOT: GEOM top[1] 'Help Improve Rayforge' alloc=350x274 surface=394x318 surfscale=2 vis=True
Gdk-Message: 17:26:55.714: gdk-ios: pump alive frame=240 total_iterations=20
Gdk-Message: 17:26:57.715: gdk-ios: pump alive frame=360 total_iterations=20
Gdk-Message: 17:26:59.716: gdk-ios: pump alive frame=480 total_iterations=20
Gdk-Message: 17:27:01.717: gdk-ios: pump alive frame=600 total_iterations=20
Gdk-Message: 17:27:03.716: gdk-ios: pump alive frame=720 total_iterations=20
Gdk-Message: 17:27:05.722: gdk-ios: pump alive frame=840 total_iterations=20
Gdk-Message: 17:27:07.723: gdk-ios: pump alive frame=960 total_iterations=20
Gdk-Message: 17:27:09.721: gdk-ios: pump alive frame=1080 total_iterations=20
Gdk-Message: 17:27:11.722: gdk-ios: pump alive frame=1200 total_iterations=20
Gdk-Message: 17:27:13.723: gdk-ios: pump alive frame=1320 total_iterations=20
Gdk-Message: 17:27:15.724: gdk-ios: pump alive frame=1440 total_iterations=20
Gdk-Message: 17:27:17.726: gdk-ios: pump alive frame=1560 total_iterations=20
Gdk-Message: 17:27:19.726: gdk-ios: pump alive frame=1680 total_iterations=20
