++ xcrun simctl list runtimes
++ awk '/iOS/{id=$NF} END{print id}'
+ RUNTIME=com.apple.CoreSimulator.SimRuntime.iOS-26-2
++ xcrun simctl create rayforge-test com.apple.CoreSimulator.SimDeviceType.iPad-Pro-13-inch-M4-8GB com.apple.CoreSimulator.SimRuntime.iOS-26-2
+ UDID=B7B59EE5-B3BB-40C2-8C7E-47D3C8A05849
+ test -n B7B59EE5-B3BB-40C2-8C7E-47D3C8A05849
+ echo UDID=B7B59EE5-B3BB-40C2-8C7E-47D3C8A05849
UDID=B7B59EE5-B3BB-40C2-8C7E-47D3C8A05849
+ xcrun simctl boot B7B59EE5-B3BB-40C2-8C7E-47D3C8A05849
+ xcrun simctl bootstatus B7B59EE5-B3BB-40C2-8C7E-47D3C8A05849 -b
Monitoring boot status for rayforge-test (B7B59EE5-B3BB-40C2-8C7E-47D3C8A05849).
[2026-07-05 17:22:46 +0000] Status=2, isTerminal=NO, Elapsed=00:52.
	Waiting on Data Migration
		Reason:Running plugin com.apple.-0LaunchServicesMigrator (00LaunchServicesMigrator.migrator, user-agnostic)
		Migration Elapsed:00:44 seconds

[2026-07-05 17:22:47 +0000] Status=2, isTerminal=NO, Elapsed=00:53.
	Waiting on Data Migration
		Reason:Running plugin com.apple.-0LaunchServicesMigrator (00LaunchServicesMigrator.migrator, user-agnostic)
		Migration Elapsed:00:45 seconds

[2026-07-05 17:22:48 +0000] Status=2, isTerminal=NO, Elapsed=00:54.
	Waiting on Data Migration
		Reason:Running plugin com.apple.-0LaunchServicesMigrator (00LaunchServicesMigrator.migrator, user-agnostic)
		Migration Elapsed:00:46 seconds

[2026-07-05 17:22:49 +0000] Status=2, isTerminal=NO, Elapsed=00:55.
	Waiting on Data Migration
		Reason:Running plugin com.apple.-0LaunchServicesMigrator (00LaunchServicesMigrator.migrator, user-agnostic)
		Migration Elapsed:00:47 seconds

[2026-07-05 17:22:50 +0000] Status=2, isTerminal=NO, Elapsed=00:56.
	Waiting on Data Migration
		Reason:Running plugin com.apple.-0LaunchServicesMigrator (00LaunchServicesMigrator.migrator, user-agnostic)
		Migration Elapsed:00:48 seconds

[2026-07-05 17:22:51 +0000] Status=2, isTerminal=NO, Elapsed=00:57.
	Waiting on Data Migration
		Reason:Running plugin com.apple.-0LaunchServicesMigrator (00LaunchServicesMigrator.migrator, user-agnostic)
		Migration Elapsed:00:49 seconds

[2026-07-05 17:22:52 +0000] Status=2, isTerminal=NO, Elapsed=00:58.
	Waiting on Data Migration
		Reason:Running plugin com.apple.-0LaunchServicesMigrator (00LaunchServicesMigrator.migrator, user-agnostic)
		Migration Elapsed:00:50 seconds

[2026-07-05 17:22:53 +0000] Status=2, isTerminal=NO, Elapsed=00:59.
	Waiting on Data Migration
		Reason:Running plugin com.apple.-0LaunchServicesMigrator (00LaunchServicesMigrator.migrator, user-agnostic)
		Migration Elapsed:00:51 seconds

[2026-07-05 17:22:54 +0000] Status=2, isTerminal=NO, Elapsed=01:00.
	Waiting on Data Migration
		Reason:Running plugin com.apple.-0LaunchServicesMigrator (00LaunchServicesMigrator.migrator, user-agnostic)
		Migration Elapsed:00:52 seconds

[2026-07-05 17:22:55 +0000] Status=2, isTerminal=NO, Elapsed=01:01.
	Waiting on Data Migration
		Reason:Running plugin com.apple.-0LaunchServicesMigrator (00LaunchServicesMigrator.migrator, user-agnostic)
		Migration Elapsed:00:53 seconds

[2026-07-05 17:22:56 +0000] Status=2, isTerminal=NO, Elapsed=01:02.
	Waiting on Data Migration
		Reason:Running plugin com.apple.-0LaunchServicesMigrator (00LaunchServicesMigrator.migrator, user-agnostic)
		Migration Elapsed:00:54 seconds

[2026-07-05 17:22:57 +0000] Status=2, isTerminal=NO, Elapsed=01:03.
	Waiting on Data Migration
		Reason:Running plugin com.apple.-0LaunchServicesMigrator (00LaunchServicesMigrator.migrator, user-agnostic)
		Migration Elapsed:00:55 seconds

[2026-07-05 17:22:58 +0000] Status=2, isTerminal=NO, Elapsed=01:04.
	Waiting on Data Migration
		Reason:Running plugin com.apple.-0LaunchServicesMigrator (00LaunchServicesMigrator.migrator, user-agnostic)
		Migration Elapsed:00:56 seconds

[2026-07-05 17:22:59 +0000] Status=2, isTerminal=NO, Elapsed=01:05.
	Waiting on Data Migration
		Reason:Running plugin com.apple.-0LaunchServicesMigrator (00LaunchServicesMigrator.migrator, user-agnostic)
		Migration Elapsed:00:57 seconds

[2026-07-05 17:23:00 +0000] Status=2, isTerminal=NO, Elapsed=01:06.
	Waiting on Data Migration
		Reason:Running plugin com.apple.-0LaunchServicesMigrator (00LaunchServicesMigrator.migrator, user-agnostic)
		Migration Elapsed:00:58 seconds

[2026-07-05 17:23:06 +0000] Status=2, isTerminal=NO, Elapsed=01:12.
	Waiting on Data Migration
		Reason:Running plugin com.apple.securityd.KeychainMigrator (KeychainMigrator.migrator, user-agnostic)
		Migration Elapsed:01:00 seconds

[2026-07-05 17:23:10 +0000] Status=2, isTerminal=NO, Elapsed=01:17.
	Waiting on Data Migration
		Reason:Running plugin com.apple.MobileSafari.migrator (MobileSafari.migrator)
		Migration Elapsed:01:05 seconds

[2026-07-05 17:23:13 +0000] Status=4, isTerminal=NO, Elapsed=01:20.
	Waiting on System App

[2026-07-05 17:23:15 +0000] Status=4, isTerminal=NO, Elapsed=01:22.
	Waiting on System App

[2026-07-05 17:23:16 +0000] Status=4, isTerminal=NO, Elapsed=01:22.
	Waiting on System App

[2026-07-05 17:23:16 +0000] Status=4, isTerminal=NO, Elapsed=01:23.
	Waiting on System App

[2026-07-05 17:23:18 +0000] Status=4, isTerminal=NO, Elapsed=01:25.
	Waiting on System App

[2026-07-05 17:23:26 +0000] Status=4294967295, isTerminal=YES, Elapsed=01:33.
	Finished

+ xcrun simctl install B7B59EE5-B3BB-40C2-8C7E-47D3C8A05849 RayforgeApp.app
++ xcrun simctl get_app_container B7B59EE5-B3BB-40C2-8C7E-47D3C8A05849 org.rayforge.app
+ APP_CONTAINER=/Users/runner/Library/Developer/CoreSimulator/Devices/B7B59EE5-B3BB-40C2-8C7E-47D3C8A05849/data/Containers/Bundle/Application/68CCD2BA-5E60-4E51-81C3-6836C94DF239/RayforgeApp.app
+ echo 'app container: /Users/runner/Library/Developer/CoreSimulator/Devices/B7B59EE5-B3BB-40C2-8C7E-47D3C8A05849/data/Containers/Bundle/Application/68CCD2BA-5E60-4E51-81C3-6836C94DF239/RayforgeApp.app'
app container: /Users/runner/Library/Developer/CoreSimulator/Devices/B7B59EE5-B3BB-40C2-8C7E-47D3C8A05849/data/Containers/Bundle/Application/68CCD2BA-5E60-4E51-81C3-6836C94DF239/RayforgeApp.app
+ FW_DIR=/Users/runner/Library/Developer/CoreSimulator/Devices/B7B59EE5-B3BB-40C2-8C7E-47D3C8A05849/data/Containers/Bundle/Application/68CCD2BA-5E60-4E51-81C3-6836C94DF239/RayforgeApp.app/Frameworks
+ LAUNCH_OUT=/Users/runner/work/Rayforge-iOS-ipa/Rayforge-iOS-ipa/app-console.log
+ tee launch-cmd.log
+ xcrun simctl launch --stdout=/Users/runner/work/Rayforge-iOS-ipa/Rayforge-iOS-ipa/app-console.log --stderr=/Users/runner/work/Rayforge-iOS-ipa/Rayforge-iOS-ipa/app-console.log B7B59EE5-B3BB-40C2-8C7E-47D3C8A05849 org.rayforge.app SIMCTL_CHILD_DYLD_LIBRARY_PATH=/Users/runner/Library/Developer/CoreSimulator/Devices/B7B59EE5-B3BB-40C2-8C7E-47D3C8A05849/data/Containers/Bundle/Application/68CCD2BA-5E60-4E51-81C3-6836C94DF239/RayforgeApp.app/Frameworks SIMCTL_CHILD_DYLD_FALLBACK_LIBRARY_PATH=/Users/runner/Library/Developer/CoreSimulator/Devices/B7B59EE5-B3BB-40C2-8C7E-47D3C8A05849/data/Containers/Bundle/Application/68CCD2BA-5E60-4E51-81C3-6836C94DF239/RayforgeApp.app/Frameworks SIMCTL_CHILD_G_MESSAGES_DEBUG=all
org.rayforge.app: 25274
+ MARKER_SEEN=0
++ seq 1 36
+ for i in '$(seq 1 36)'
+ sleep 5
+ xcrun simctl spawn B7B59EE5-B3BB-40C2-8C7E-47D3C8A05849 log show --last 6m --predicate 'process == "rayforge-app"'
+ grep -q 'RAYFORGE UI RUNNING' app-console.log app-syslog.log
+ grep -q 'RAYFORGE BOOT FAILED' app-console.log app-syslog.log
+ for i in '$(seq 1 36)'
+ sleep 5
+ xcrun simctl spawn B7B59EE5-B3BB-40C2-8C7E-47D3C8A05849 log show --last 6m --predicate 'process == "rayforge-app"'
+ grep -q 'RAYFORGE UI RUNNING' app-console.log app-syslog.log
+ grep -q 'RAYFORGE BOOT FAILED' app-console.log app-syslog.log
+ for i in '$(seq 1 36)'
+ sleep 5
+ xcrun simctl spawn B7B59EE5-B3BB-40C2-8C7E-47D3C8A05849 log show --last 6m --predicate 'process == "rayforge-app"'
+ grep -q 'RAYFORGE UI RUNNING' app-console.log app-syslog.log
+ grep -q 'RAYFORGE BOOT FAILED' app-console.log app-syslog.log
+ for i in '$(seq 1 36)'
+ sleep 5
+ xcrun simctl spawn B7B59EE5-B3BB-40C2-8C7E-47D3C8A05849 log show --last 6m --predicate 'process == "rayforge-app"'
+ grep -q 'RAYFORGE UI RUNNING' app-console.log app-syslog.log
+ grep -q 'RAYFORGE BOOT FAILED' app-console.log app-syslog.log
+ for i in '$(seq 1 36)'
+ sleep 5
+ xcrun simctl spawn B7B59EE5-B3BB-40C2-8C7E-47D3C8A05849 log show --last 6m --predicate 'process == "rayforge-app"'
+ grep -q 'RAYFORGE UI RUNNING' app-console.log app-syslog.log
+ grep -q 'RAYFORGE BOOT FAILED' app-console.log app-syslog.log
+ for i in '$(seq 1 36)'
+ sleep 5
+ xcrun simctl spawn B7B59EE5-B3BB-40C2-8C7E-47D3C8A05849 log show --last 6m --predicate 'process == "rayforge-app"'
+ grep -q 'RAYFORGE UI RUNNING' app-console.log app-syslog.log
+ grep -q 'RAYFORGE BOOT FAILED' app-console.log app-syslog.log
+ for i in '$(seq 1 36)'
+ sleep 5
+ xcrun simctl spawn B7B59EE5-B3BB-40C2-8C7E-47D3C8A05849 log show --last 6m --predicate 'process == "rayforge-app"'
+ grep -q 'RAYFORGE UI RUNNING' app-console.log app-syslog.log
+ grep -q 'RAYFORGE BOOT FAILED' app-console.log app-syslog.log
+ for i in '$(seq 1 36)'
+ sleep 5
+ xcrun simctl spawn B7B59EE5-B3BB-40C2-8C7E-47D3C8A05849 log show --last 6m --predicate 'process == "rayforge-app"'
+ grep -q 'RAYFORGE UI RUNNING' app-console.log app-syslog.log
+ grep -q 'RAYFORGE BOOT FAILED' app-console.log app-syslog.log
+ for i in '$(seq 1 36)'
+ sleep 5
+ xcrun simctl spawn B7B59EE5-B3BB-40C2-8C7E-47D3C8A05849 log show --last 6m --predicate 'process == "rayforge-app"'
+ grep -q 'RAYFORGE UI RUNNING' app-console.log app-syslog.log
+ MARKER_SEEN=1
+ echo 'marker seen after ~45s'
marker seen after ~45s
+ break
+ APP_ALIVE=1
+ xcrun simctl spawn B7B59EE5-B3BB-40C2-8C7E-47D3C8A05849 launchctl list
+ grep -q org.rayforge.app
+ APP_ALIVE=0
+ echo 'app alive: 0  marker seen: 1'
app alive: 0  marker seen: 1
+ echo 'waiting for first rendered frames...'
waiting for first rendered frames...
+ sleep 20
+ xcrun simctl io B7B59EE5-B3BB-40C2-8C7E-47D3C8A05849 screenshot simulator-screenshot.png
Detected file type 'PNG' from extension
Wrote screenshot to: simulator-screenshot.png
+ ls -la simulator-screenshot.png
-rw-r--r--@ 1 runner  staff  241432 Jul  5 17:27 simulator-screenshot.png
+ mkdir -p crash-reports
+ find /Users/runner/Library/Logs/DiagnosticReports -name '*rayforge*' -newer RayforgeApp.app/Info.plist -exec cp '{}' crash-reports/ ';'
+ for c in 'crash-reports/*'
+ '[' -f 'crash-reports/*' ']'
+ continue
+ xcrun simctl shutdown B7B59EE5-B3BB-40C2-8C7E-47D3C8A05849
+ echo '===== app console ====='
===== app console =====
+ cat app-console.log
Gdk-Message: 17:25:18.270: gdk-ios: bundle resources at /Users/runner/Library/Developer/CoreSimulator/Devices/B7B59EE5-B3BB-40C2-8C7E-47D3C8A05849/data/Containers/Bundle/Application/68CCD2BA-5E60-4E51-81C3-6836C94DF239/RayforgeApp.app
Gdk-Message: 17:25:18.569: gdk-ios: shell ready window=1032x1376 view=1032x1376 scale=2.00
Gdk-Message: 17:25:18.574: gdk-ios: VC layout view=1032x1376 screen=1032x1376
Gdk-Message: 17:25:18.608: gdk-ios: entering user main
** Message: 17:25:18.609: GI_TYPELIB_PATH: /Users/runner/Library/Developer/CoreSimulator/Devices/B7B59EE5-B3BB-40C2-8C7E-47D3C8A05849/data/Containers/Bundle/Application/68CCD2BA-5E60-4E51-81C3-6836C94DF239/RayforgeApp.app/lib/girepository-1.0
** Message: 17:25:18.609: python home: /Users/runner/Library/Developer/CoreSimulator/Devices/B7B59EE5-B3BB-40C2-8C7E-47D3C8A05849/data/Containers/Bundle/Application/68CCD2BA-5E60-4E51-81C3-6836C94DF239/RayforgeApp.app/python
** Message: 17:25:18.609: site-packages: /Users/runner/Library/Developer/CoreSimulator/Devices/B7B59EE5-B3BB-40C2-8C7E-47D3C8A05849/data/Containers/Bundle/Application/68CCD2BA-5E60-4E51-81C3-6836C94DF239/RayforgeApp.app/python/lib/python3.13/site-packages
IOSBOOT: ios_main.main() start
IOSBOOT: import rayforge.app
IOSBOOT: rayforge.app.main()
2026-07-05 17:25:19,949 - root - INFO - Logging configured. Console level: INFO
2026-07-05 17:25:19,949 - root - INFO - Session log file: /Users/runner/Library/Developer/CoreSimulator/Devices/B7B59EE5-B3BB-40C2-8C7E-47D3C8A05849/data/Containers/Data/Application/112C50E8-F93C-40A8-A623-D0FF1B684F17/.local/state/rayforge/log/session-2026-07-05_17-25-19.log
2026-07-05 17:25:19,949 - rayforge.app - INFO - Application starting with log level INFO
2026-07-05 17:25:19,950 - rayforge.app - INFO - PyCairo version: 1.29.0
2026-07-05 17:25:22,052 - rayforge.image.svg.svg_fallback - WARNING - pyvips svgload_buffer not available. Using Cairo/Rsvg fallback for SVG rendering.
2026-07-05 17:25:23,346 - rayforge.ui_gtk.sim3d - INFO - Skipping Canvas3D import due to RAYFORGE_DISABLE_3D
2026-07-05 17:25:23,346 - rayforge.ui_gtk.sim3d - INFO - 3D canvas disabled via RAYFORGE_DISABLE_3D environment variable.
2026-07-05 17:25:23,698 - rayforge.addon_mgr.addon_manager - INFO - Scanning for addons in /Users/runner/Library/Developer/CoreSimulator/Devices/B7B59EE5-B3BB-40C2-8C7E-47D3C8A05849/data/Containers/Bundle/Application/68CCD2BA-5E60-4E51-81C3-6836C94DF239/RayforgeApp.app/python/lib/python3.13/site-packages/rayforge/builtin_addons...
2026-07-05 17:25:23,704 - rayforge.addon_mgr.addon_manager - INFO - Loaded addon: core_materials (builtin)
2026-07-05 17:25:24,229 - rayforge.addon_mgr.lazy_loader - WARNING - Manifest not ready, giving up
2026-07-05 17:25:24,751 - rayforge.addon_mgr.lazy_loader - WARNING - Manifest not ready, giving up
2026-07-05 17:25:25,294 - rayforge.addon_mgr.lazy_loader - WARNING - Manifest not ready, giving up
2026-07-05 17:25:25,816 - rayforge.addon_mgr.lazy_loader - WARNING - Manifest not ready, giving up
2026-07-05 17:25:26,338 - rayforge.addon_mgr.lazy_loader - WARNING - Manifest not ready, giving up
2026-07-05 17:25:26,854 - rayforge.addon_mgr.lazy_loader - WARNING - Manifest not ready, giving up
2026-07-05 17:25:27,376 - rayforge.addon_mgr.lazy_loader - WARNING - Manifest not ready, giving up
2026-07-05 17:25:27,898 - rayforge.addon_mgr.lazy_loader - WARNING - Manifest not ready, giving up
2026-07-05 17:25:28,422 - rayforge.addon_mgr.lazy_loader - WARNING - Manifest not ready, giving up
2026-07-05 17:25:28,944 - rayforge.addon_mgr.lazy_loader - WARNING - Manifest not ready, giving up
2026-07-05 17:25:29,464 - rayforge.addon_mgr.lazy_loader - WARNING - Manifest not ready, giving up
2026-07-05 17:25:29,988 - rayforge.addon_mgr.lazy_loader - WARNING - Manifest not ready, giving up
2026-07-05 17:25:30,508 - rayforge.addon_mgr.lazy_loader - WARNING - Manifest not ready, giving up
2026-07-05 17:25:31,032 - rayforge.addon_mgr.lazy_loader - WARNING - Manifest not ready, giving up
2026-07-05 17:25:31,566 - rayforge.addon_mgr.lazy_loader - WARNING - Manifest not ready, giving up
2026-07-05 17:25:32,087 - rayforge.addon_mgr.lazy_loader - WARNING - Manifest not ready, giving up
2026-07-05 17:25:32,612 - rayforge.addon_mgr.lazy_loader - WARNING - Manifest not ready, giving up
2026-07-05 17:25:33,134 - rayforge.addon_mgr.lazy_loader - WARNING - Manifest not ready, giving up
2026-07-05 17:25:33,656 - rayforge.addon_mgr.lazy_loader - WARNING - Manifest not ready, giving up
2026-07-05 17:25:34,185 - rayforge.addon_mgr.lazy_loader - WARNING - Manifest not ready, giving up
2026-07-05 17:25:34,734 - rayforge.addon_mgr.lazy_loader - WARNING - Manifest not ready, giving up
2026-07-05 17:25:35,309 - rayforge.addon_mgr.lazy_loader - WARNING - Manifest not ready, giving up
2026-07-05 17:25:35,833 - rayforge.addon_mgr.lazy_loader - WARNING - Manifest not ready, giving up
2026-07-05 17:25:36,361 - rayforge.addon_mgr.lazy_loader - WARNING - Manifest not ready, giving up
2026-07-05 17:25:36,897 - rayforge.addon_mgr.lazy_loader - WARNING - Manifest not ready, giving up
2026-07-05 17:25:37,423 - rayforge.addon_mgr.lazy_loader - WARNING - Manifest not ready, giving up
2026-07-05 17:25:37,946 - rayforge.addon_mgr.lazy_loader - WARNING - Manifest not ready, giving up
2026-07-05 17:25:38,472 - rayforge.addon_mgr.lazy_loader - WARNING - Manifest not ready, giving up
2026-07-05 17:25:38,998 - rayforge.addon_mgr.lazy_loader - WARNING - Manifest not ready, giving up
2026-07-05 17:25:39,523 - rayforge.addon_mgr.lazy_loader - WARNING - Manifest not ready, giving up
2026-07-05 17:25:40,050 - rayforge.addon_mgr.lazy_loader - WARNING - Manifest not ready, giving up
2026-07-05 17:25:40,573 - rayforge.addon_mgr.lazy_loader - WARNING - Manifest not ready, giving up
2026-07-05 17:25:41,089 - rayforge.addon_mgr.lazy_loader - WARNING - Manifest not ready, giving up
2026-07-05 17:25:41,609 - rayforge.addon_mgr.lazy_loader - WARNING - Manifest not ready, giving up
2026-07-05 17:25:41,629 - rayforge.addon_mgr.addon_manager - INFO - Loaded addon: sketcher (builtin)
2026-07-05 17:25:42,160 - rayforge.addon_mgr.lazy_loader - WARNING - Manifest not ready, giving up
2026-07-05 17:25:42,679 - rayforge.addon_mgr.lazy_loader - WARNING - Manifest not ready, giving up
2026-07-05 17:25:43,208 - rayforge.addon_mgr.lazy_loader - WARNING - Manifest not ready, giving up
2026-07-05 17:25:43,734 - rayforge.addon_mgr.lazy_loader - WARNING - Manifest not ready, giving up
2026-07-05 17:25:44,256 - rayforge.addon_mgr.lazy_loader - WARNING - Manifest not ready, giving up
2026-07-05 17:25:44,785 - rayforge.addon_mgr.lazy_loader - WARNING - Manifest not ready, giving up
2026-07-05 17:25:45,334 - rayforge.addon_mgr.lazy_loader - WARNING - Manifest not ready, giving up
2026-07-05 17:25:45,858 - rayforge.addon_mgr.lazy_loader - WARNING - Manifest not ready, giving up
2026-07-05 17:25:46,381 - rayforge.addon_mgr.lazy_loader - WARNING - Manifest not ready, giving up
2026-07-05 17:25:46,904 - rayforge.addon_mgr.lazy_loader - WARNING - Manifest not ready, giving up
2026-07-05 17:25:47,427 - rayforge.addon_mgr.lazy_loader - WARNING - Manifest not ready, giving up
2026-07-05 17:25:47,947 - rayforge.addon_mgr.lazy_loader - WARNING - Manifest not ready, giving up
2026-07-05 17:25:48,475 - rayforge.addon_mgr.lazy_loader - WARNING - Manifest not ready, giving up
2026-07-05 17:25:48,999 - rayforge.addon_mgr.lazy_loader - WARNING - Manifest not ready, giving up
2026-07-05 17:25:49,534 - rayforge.addon_mgr.lazy_loader - WARNING - Manifest not ready, giving up
2026-07-05 17:25:50,058 - rayforge.addon_mgr.lazy_loader - WARNING - Manifest not ready, giving up
2026-07-05 17:25:50,590 - rayforge.addon_mgr.lazy_loader - WARNING - Manifest not ready, giving up
2026-07-05 17:25:51,111 - rayforge.addon_mgr.lazy_loader - WARNING - Manifest not ready, giving up
2026-07-05 17:25:51,659 - rayforge.addon_mgr.lazy_loader - WARNING - Manifest not ready, giving up
2026-07-05 17:25:52,209 - rayforge.addon_mgr.lazy_loader - WARNING - Manifest not ready, giving up
2026-07-05 17:25:52,730 - rayforge.addon_mgr.lazy_loader - WARNING - Manifest not ready, giving up
2026-07-05 17:25:53,262 - rayforge.addon_mgr.lazy_loader - WARNING - Manifest not ready, giving up
2026-07-05 17:25:53,801 - rayforge.addon_mgr.lazy_loader - WARNING - Manifest not ready, giving up
2026-07-05 17:25:53,808 - rayforge.addon_mgr.addon_manager - INFO - Loaded addon: laser_essentials (builtin)
2026-07-05 17:25:53,815 - rayforge.addon_mgr.addon_manager - INFO - Loaded addon: print_and_cut (builtin)
2026-07-05 17:25:54,341 - rayforge.addon_mgr.lazy_loader - WARNING - Manifest not ready, giving up
2026-07-05 17:25:54,868 - rayforge.addon_mgr.lazy_loader - WARNING - Manifest not ready, giving up
2026-07-05 17:25:55,390 - rayforge.addon_mgr.lazy_loader - WARNING - Manifest not ready, giving up
2026-07-05 17:25:55,911 - rayforge.addon_mgr.lazy_loader - WARNING - Manifest not ready, giving up
2026-07-05 17:25:56,434 - rayforge.addon_mgr.lazy_loader - WARNING - Manifest not ready, giving up
2026-07-05 17:25:56,959 - rayforge.addon_mgr.lazy_loader - WARNING - Manifest not ready, giving up
2026-07-05 17:25:57,481 - rayforge.addon_mgr.lazy_loader - WARNING - Manifest not ready, giving up
2026-07-05 17:25:58,002 - rayforge.addon_mgr.lazy_loader - WARNING - Manifest not ready, giving up
2026-07-05 17:25:58,522 - rayforge.addon_mgr.lazy_loader - WARNING - Manifest not ready, giving up
2026-07-05 17:25:59,046 - rayforge.addon_mgr.lazy_loader - WARNING - Manifest not ready, giving up
2026-07-05 17:25:59,569 - rayforge.addon_mgr.lazy_loader - WARNING - Manifest not ready, giving up
2026-07-05 17:26:00,088 - rayforge.addon_mgr.lazy_loader - WARNING - Manifest not ready, giving up
2026-07-05 17:26:00,615 - rayforge.addon_mgr.lazy_loader - WARNING - Manifest not ready, giving up
2026-07-05 17:26:01,136 - rayforge.addon_mgr.lazy_loader - WARNING - Manifest not ready, giving up
2026-07-05 17:26:01,662 - rayforge.addon_mgr.lazy_loader - WARNING - Manifest not ready, giving up
2026-07-05 17:26:02,190 - rayforge.addon_mgr.lazy_loader - WARNING - Manifest not ready, giving up
2026-07-05 17:26:02,710 - rayforge.addon_mgr.lazy_loader - WARNING - Manifest not ready, giving up
2026-07-05 17:26:02,713 - rayforge.addon_mgr.addon_manager - INFO - Loaded addon: post_processors (builtin)
2026-07-05 17:26:03,230 - rayforge.addon_mgr.lazy_loader - WARNING - Manifest not ready, giving up
2026-07-05 17:26:03,749 - rayforge.addon_mgr.lazy_loader - WARNING - Manifest not ready, giving up
2026-07-05 17:26:04,299 - rayforge.addon_mgr.lazy_loader - WARNING - Manifest not ready, giving up
2026-07-05 17:26:04,819 - rayforge.addon_mgr.lazy_loader - WARNING - Manifest not ready, giving up
2026-07-05 17:26:04,830 - rayforge.addon_mgr.addon_manager - INFO - Loaded addon: ai_workpiece_generator (builtin)
2026-07-05 17:26:05,409 - rayforge.addon_mgr.lazy_loader - WARNING - Manifest not ready, giving up
2026-07-05 17:26:05,929 - rayforge.addon_mgr.lazy_loader - WARNING - Manifest not ready, giving up
2026-07-05 17:26:06,451 - rayforge.addon_mgr.lazy_loader - WARNING - Manifest not ready, giving up
2026-07-05 17:26:06,980 - rayforge.addon_mgr.lazy_loader - WARNING - Manifest not ready, giving up
2026-07-05 17:26:07,504 - rayforge.addon_mgr.lazy_loader - WARNING - Manifest not ready, giving up
2026-07-05 17:26:08,024 - rayforge.addon_mgr.lazy_loader - WARNING - Manifest not ready, giving up
2026-07-05 17:26:08,627 - rayforge.addon_mgr.lazy_loader - WARNING - Manifest not ready, giving up
2026-07-05 17:26:09,142 - rayforge.addon_mgr.lazy_loader - WARNING - Manifest not ready, giving up
2026-07-05 17:26:09,666 - rayforge.addon_mgr.lazy_loader - WARNING - Manifest not ready, giving up
2026-07-05 17:26:10,189 - rayforge.addon_mgr.lazy_loader - WARNING - Manifest not ready, giving up
2026-07-05 17:26:10,713 - rayforge.addon_mgr.lazy_loader - WARNING - Manifest not ready, giving up
2026-07-05 17:26:11,238 - rayforge.addon_mgr.lazy_loader - WARNING - Manifest not ready, giving up
2026-07-05 17:26:11,760 - rayforge.addon_mgr.lazy_loader - WARNING - Manifest not ready, giving up
2026-07-05 17:26:12,284 - rayforge.addon_mgr.lazy_loader - WARNING - Manifest not ready, giving up
2026-07-05 17:26:12,821 - rayforge.addon_mgr.lazy_loader - WARNING - Manifest not ready, giving up
2026-07-05 17:26:13,346 - rayforge.addon_mgr.lazy_loader - WARNING - Manifest not ready, giving up
2026-07-05 17:26:13,864 - rayforge.addon_mgr.lazy_loader - WARNING - Manifest not ready, giving up
2026-07-05 17:26:14,386 - rayforge.addon_mgr.lazy_loader - WARNING - Manifest not ready, giving up
2026-07-05 17:26:14,911 - rayforge.addon_mgr.lazy_loader - WARNING - Manifest not ready, giving up
2026-07-05 17:26:15,436 - rayforge.addon_mgr.lazy_loader - WARNING - Manifest not ready, giving up
2026-07-05 17:26:15,953 - rayforge.addon_mgr.lazy_loader - WARNING - Manifest not ready, giving up
2026-07-05 17:26:16,475 - rayforge.addon_mgr.lazy_loader - WARNING - Manifest not ready, giving up
2026-07-05 17:26:16,994 - rayforge.addon_mgr.lazy_loader - WARNING - Manifest not ready, giving up
2026-07-05 17:26:17,523 - rayforge.addon_mgr.lazy_loader - WARNING - Manifest not ready, giving up
2026-07-05 17:26:18,044 - rayforge.addon_mgr.lazy_loader - WARNING - Manifest not ready, giving up
2026-07-05 17:26:18,566 - rayforge.addon_mgr.lazy_loader - WARNING - Manifest not ready, giving up
2026-07-05 17:26:19,092 - rayforge.addon_mgr.lazy_loader - WARNING - Manifest not ready, giving up
2026-07-05 17:26:19,613 - rayforge.addon_mgr.lazy_loader - WARNING - Manifest not ready, giving up
2026-07-05 17:26:20,126 - rayforge.addon_mgr.lazy_loader - WARNING - Manifest not ready, giving up
2026-07-05 17:26:20,646 - rayforge.addon_mgr.lazy_loader - WARNING - Manifest not ready, giving up
2026-07-05 17:26:21,164 - rayforge.addon_mgr.lazy_loader - WARNING - Manifest not ready, giving up
2026-07-05 17:26:21,683 - rayforge.addon_mgr.lazy_loader - WARNING - Manifest not ready, giving up
2026-07-05 17:26:22,206 - rayforge.addon_mgr.lazy_loader - WARNING - Manifest not ready, giving up
2026-07-05 17:26:22,722 - rayforge.addon_mgr.lazy_loader - WARNING - Manifest not ready, giving up
2026-07-05 17:26:23,243 - rayforge.addon_mgr.lazy_loader - WARNING - Manifest not ready, giving up
2026-07-05 17:26:23,761 - rayforge.addon_mgr.lazy_loader - WARNING - Manifest not ready, giving up
2026-07-05 17:26:24,278 - rayforge.addon_mgr.lazy_loader - WARNING - Manifest not ready, giving up
2026-07-05 17:26:24,795 - rayforge.addon_mgr.lazy_loader - WARNING - Manifest not ready, giving up
2026-07-05 17:26:25,316 - rayforge.addon_mgr.lazy_loader - WARNING - Manifest not ready, giving up
2026-07-05 17:26:25,838 - rayforge.addon_mgr.lazy_loader - WARNING - Manifest not ready, giving up
2026-07-05 17:26:26,365 - rayforge.addon_mgr.lazy_loader - WARNING - Manifest not ready, giving up
2026-07-05 17:26:26,887 - rayforge.addon_mgr.lazy_loader - WARNING - Manifest not ready, giving up
2026-07-05 17:26:27,409 - rayforge.addon_mgr.lazy_loader - WARNING - Manifest not ready, giving up
2026-07-05 17:26:27,931 - rayforge.addon_mgr.lazy_loader - WARNING - Manifest not ready, giving up
2026-07-05 17:26:28,458 - rayforge.addon_mgr.lazy_loader - WARNING - Manifest not ready, giving up
2026-07-05 17:26:28,984 - rayforge.addon_mgr.lazy_loader - WARNING - Manifest not ready, giving up
2026-07-05 17:26:29,508 - rayforge.addon_mgr.lazy_loader - WARNING - Manifest not ready, giving up
2026-07-05 17:26:30,030 - rayforge.addon_mgr.lazy_loader - WARNING - Manifest not ready, giving up
2026-07-05 17:26:30,556 - rayforge.addon_mgr.lazy_loader - WARNING - Manifest not ready, giving up
2026-07-05 17:26:31,078 - rayforge.addon_mgr.lazy_loader - WARNING - Manifest not ready, giving up
2026-07-05 17:26:31,600 - rayforge.addon_mgr.lazy_loader - WARNING - Manifest not ready, giving up
2026-07-05 17:26:32,125 - rayforge.addon_mgr.lazy_loader - WARNING - Manifest not ready, giving up
2026-07-05 17:26:32,649 - rayforge.addon_mgr.lazy_loader - WARNING - Manifest not ready, giving up
2026-07-05 17:26:33,171 - rayforge.addon_mgr.lazy_loader - WARNING - Manifest not ready, giving up
2026-07-05 17:26:33,695 - rayforge.addon_mgr.lazy_loader - WARNING - Manifest not ready, giving up
2026-07-05 17:26:34,215 - rayforge.addon_mgr.lazy_loader - WARNING - Manifest not ready, giving up
2026-07-05 17:26:34,742 - rayforge.addon_mgr.lazy_loader - WARNING - Manifest not ready, giving up
2026-07-05 17:26:35,264 - rayforge.addon_mgr.lazy_loader - WARNING - Manifest not ready, giving up
2026-07-05 17:26:35,788 - rayforge.addon_mgr.lazy_loader - WARNING - Manifest not ready, giving up
2026-07-05 17:26:36,308 - rayforge.addon_mgr.lazy_loader - WARNING - Manifest not ready, giving up
2026-07-05 17:26:36,826 - rayforge.addon_mgr.lazy_loader - WARNING - Manifest not ready, giving up
2026-07-05 17:26:37,343 - rayforge.addon_mgr.lazy_loader - WARNING - Manifest not ready, giving up
2026-07-05 17:26:37,867 - rayforge.addon_mgr.lazy_loader - WARNING - Manifest not ready, giving up
2026-07-05 17:26:38,388 - rayforge.addon_mgr.lazy_loader - WARNING - Manifest not ready, giving up
2026-07-05 17:26:38,912 - rayforge.addon_mgr.lazy_loader - WARNING - Manifest not ready, giving up
2026-07-05 17:26:39,433 - rayforge.addon_mgr.lazy_loader - WARNING - Manifest not ready, giving up
2026-07-05 17:26:39,954 - rayforge.addon_mgr.lazy_loader - WARNING - Manifest not ready, giving up
2026-07-05 17:26:40,471 - rayforge.addon_mgr.lazy_loader - WARNING - Manifest not ready, giving up
2026-07-05 17:26:40,999 - rayforge.addon_mgr.lazy_loader - WARNING - Manifest not ready, giving up
2026-07-05 17:26:41,523 - rayforge.addon_mgr.lazy_loader - WARNING - Manifest not ready, giving up
2026-07-05 17:26:42,044 - rayforge.addon_mgr.lazy_loader - WARNING - Manifest not ready, giving up
2026-07-05 17:26:42,562 - rayforge.addon_mgr.lazy_loader - WARNING - Manifest not ready, giving up
2026-07-05 17:26:43,095 - rayforge.addon_mgr.lazy_loader - WARNING - Manifest not ready, giving up
2026-07-05 17:26:43,617 - rayforge.addon_mgr.lazy_loader - WARNING - Manifest not ready, giving up
2026-07-05 17:26:44,137 - rayforge.addon_mgr.lazy_loader - WARNING - Manifest not ready, giving up
2026-07-05 17:26:44,658 - rayforge.addon_mgr.lazy_loader - WARNING - Manifest not ready, giving up
2026-07-05 17:26:45,184 - rayforge.addon_mgr.lazy_loader - WARNING - Manifest not ready, giving up
2026-07-05 17:26:45,717 - rayforge.addon_mgr.lazy_loader - WARNING - Manifest not ready, giving up
2026-07-05 17:26:46,249 - rayforge.addon_mgr.lazy_loader - WARNING - Manifest not ready, giving up
2026-07-05 17:26:46,769 - rayforge.addon_mgr.lazy_loader - WARNING - Manifest not ready, giving up
2026-07-05 17:26:47,292 - rayforge.addon_mgr.lazy_loader - WARNING - Manifest not ready, giving up
2026-07-05 17:26:47,810 - rayforge.addon_mgr.lazy_loader - WARNING - Manifest not ready, giving up
2026-07-05 17:26:48,329 - rayforge.addon_mgr.lazy_loader - WARNING - Manifest not ready, giving up
2026-07-05 17:26:48,848 - rayforge.addon_mgr.lazy_loader - WARNING - Manifest not ready, giving up
2026-07-05 17:26:49,366 - rayforge.addon_mgr.lazy_loader - WARNING - Manifest not ready, giving up
2026-07-05 17:26:49,375 - rayforge.context - INFO - Addons loaded (headless=False)
IOSBOOT: _ios_run: register()
IOSBOOT: _ios_run: activate()
2026-07-05 17:26:50,498 - rayforge.context - INFO - Lazy loading config manager
2026-07-05 17:26:50,506 - rayforge.context - INFO - Lazy loading machine manager
2026-07-05 17:26:50,517 - rayforge.core.config - INFO - Config file does not exist, creating default config.
2026-07-05 17:26:50,636 - rayforge.context - INFO - Lazy loading camera manager
2026-07-05 17:26:50,764 - rayforge.worker_init - ERROR - Failed to load enabled worker module 'rayforge_addons.core_materials.core_materials.worker': Plugin name already registered: rayforge_addons.core_materials.core_materials.worker=<module 'rayforge_addons.core_materials.core_materials.worker' from '/Users/runner/Library/Developer/CoreSimulator/Devices/B7B59EE5-B3BB-40C2-8C7E-47D3C8A05849/data/Containers/Bundle/Application/68CCD2BA-5E60-4E51-81C3-6836C94DF239/RayforgeApp.app/python/lib/python3.13/site-packages/rayforge/builtin_addons/rayforge-addon-materials/core_materials/worker.py'>
{'rayforge_addons.core_materials.core_materials.worker': <module 'rayforge_addons.core_materials.core_materials.worker' from '/Users/runner/Library/Developer/CoreSimulator/Devices/B7B59EE5-B3BB-40C2-8C7E-47D3C8A05849/data/Containers/Bundle/Application/68CCD2BA-5E60-4E51-81C3-6836C94DF239/RayforgeApp.app/python/lib/python3.13/site-packages/rayforge/builtin_addons/rayforge-addon-materials/core_materials/worker.py'>, 'rayforge_addons.sketcher.sketcher.worker': <module 'rayforge_addons.sketcher.sketcher.worker' from '/Users/runner/Library/Developer/CoreSimulator/Devices/B7B59EE5-B3BB-40C2-8C7E-47D3C8A05849/data/Containers/Bundle/Application/68CCD2BA-5E60-4E51-81C3-6836C94DF239/RayforgeApp.app/python/lib/python3.13/site-packages/rayforge/builtin_addons/rayforge-addon-sketcher/sketcher/worker.py'>, 'rayforge_addons.sketcher.sketcher.frontend': <module 'rayforge_addons.sketcher.sketcher.frontend' from '/Users/runner/Library/Developer/CoreSimulator/Devices/B7B59EE5-B3BB-40C2-8C7E-47D3C8A05849/data/Containers/Bundle/Application/68CCD2BA-5E60-4E51-81C3-6836C94DF239/RayforgeApp.app/python/lib/python3.13/site-packages/rayforge/builtin_addons/rayforge-addon-sketcher/sketcher/frontend.py'>, 'rayforge_addons.laser_essentials.laser_essentials.worker': <module 'rayforge_addons.laser_essentials.laser_essentials.worker' from '/Users/runner/Library/Developer/CoreSimulator/Devices/B7B59EE5-B3BB-40C2-8C7E-47D3C8A05849/data/Containers/Bundle/Application/68CCD2BA-5E60-4E51-81C3-6836C94DF239/RayforgeApp.app/python/lib/python3.13/site-packages/rayforge/builtin_addons/rayforge-addon-laser/laser_essentials/worker.py'>, 'rayforge_addons.laser_essentials.laser_essentials.frontend': <module 'rayforge_addons.laser_essentials.laser_essentials.frontend' from '/Users/runner/Library/Developer/CoreSimulator/Devices/B7B59EE5-B3BB-40C2-8C7E-47D3C8A05849/data/Containers/Bundle/Application/68CCD2BA-5E60-4E51-81C3-6836C94DF239/RayforgeApp.app/python/lib/python3.13/site-packages/rayforge/builtin_addons/rayforge-addon-laser/laser_essentials/frontend.py'>, 'rayforge_addons.print_and_cut.print_and_cut.frontend': <module 'rayforge_addons.print_and_cut.print_and_cut.frontend' from '/Users/runner/Library/Developer/CoreSimulator/Devices/B7B59EE5-B3BB-40C2-8C7E-47D3C8A05849/data/Containers/Bundle/Application/68CCD2BA-5E60-4E51-81C3-6836C94DF239/RayforgeApp.app/python/lib/python3.13/site-packages/rayforge/builtin_addons/rayforge-addon-print-and-cut/print_and_cut/frontend.py'>, 'rayforge_addons.post_processors.post_processors.worker': <module 'rayforge_addons.post_processors.post_processors.worker' from '/Users/runner/Library/Developer/CoreSimulator/Devices/B7B59EE5-B3BB-40C2-8C7E-47D3C8A05849/data/Containers/Bundle/Application/68CCD2BA-5E60-4E51-81C3-6836C94DF239/RayforgeApp.app/python/lib/python3.13/site-packages/rayforge/builtin_addons/rayforge-addon-post/post_processors/worker.py'>, 'rayforge_addons.post_processors.post_processors.frontend': <module 'rayforge_addons.post_processors.post_processors.frontend' from '/Users/runner/Library/Developer/CoreSimulator/Devices/B7B59EE5-B3BB-40C2-8C7E-47D3C8A05849/data/Containers/Bundle/Application/68CCD2BA-5E60-4E51-81C3-6836C94DF239/RayforgeApp.app/python/lib/python3.13/site-packages/rayforge/builtin_addons/rayforge-addon-post/post_processors/frontend.py'>, 'rayforge_addons.ai_workpiece_generator.ai_workpiece_generator.frontend': <module 'rayforge_addons.ai_workpiece_generator.ai_workpiece_generator.frontend' from '/Users/runner/Library/Developer/CoreSimulator/Devices/B7B59EE5-B3BB-40C2-8C7E-47D3C8A05849/data/Containers/Bundle/Application/68CCD2BA-5E60-4E51-81C3-6836C94DF239/RayforgeApp.app/python/lib/python3.13/site-packages/rayforge/builtin_addons/rayforge-addon-ai-workpiece/ai_workpiece_generator/frontend.py'>}
2026-07-05 17:26:50,765 - rayforge.worker_init - ERROR - Failed to load enabled worker module 'rayforge_addons.sketcher.sketcher.worker': Plugin name already registered: rayforge_addons.sketcher.sketcher.worker=<module 'rayforge_addons.sketcher.sketcher.worker' from '/Users/runner/Library/Developer/CoreSimulator/Devices/B7B59EE5-B3BB-40C2-8C7E-47D3C8A05849/data/Containers/Bundle/Application/68CCD2BA-5E60-4E51-81C3-6836C94DF239/RayforgeApp.app/python/lib/python3.13/site-packages/rayforge/builtin_addons/rayforge-addon-sketcher/sketcher/worker.py'>
{'rayforge_addons.core_materials.core_materials.worker': <module 'rayforge_addons.core_materials.core_materials.worker' from '/Users/runner/Library/Developer/CoreSimulator/Devices/B7B59EE5-B3BB-40C2-8C7E-47D3C8A05849/data/Containers/Bundle/Application/68CCD2BA-5E60-4E51-81C3-6836C94DF239/RayforgeApp.app/python/lib/python3.13/site-packages/rayforge/builtin_addons/rayforge-addon-materials/core_materials/worker.py'>, 'rayforge_addons.sketcher.sketcher.worker': <module 'rayforge_addons.sketcher.sketcher.worker' from '/Users/runner/Library/Developer/CoreSimulator/Devices/B7B59EE5-B3BB-40C2-8C7E-47D3C8A05849/data/Containers/Bundle/Application/68CCD2BA-5E60-4E51-81C3-6836C94DF239/RayforgeApp.app/python/lib/python3.13/site-packages/rayforge/builtin_addons/rayforge-addon-sketcher/sketcher/worker.py'>, 'rayforge_addons.sketcher.sketcher.frontend': <module 'rayforge_addons.sketcher.sketcher.frontend' from '/Users/runner/Library/Developer/CoreSimulator/Devices/B7B59EE5-B3BB-40C2-8C7E-47D3C8A05849/data/Containers/Bundle/Application/68CCD2BA-5E60-4E51-81C3-6836C94DF239/RayforgeApp.app/python/lib/python3.13/site-packages/rayforge/builtin_addons/rayforge-addon-sketcher/sketcher/frontend.py'>, 'rayforge_addons.laser_essentials.laser_essentials.worker': <module 'rayforge_addons.laser_essentials.laser_essentials.worker' from '/Users/runner/Library/Developer/CoreSimulator/Devices/B7B59EE5-B3BB-40C2-8C7E-47D3C8A05849/data/Containers/Bundle/Application/68CCD2BA-5E60-4E51-81C3-6836C94DF239/RayforgeApp.app/python/lib/python3.13/site-packages/rayforge/builtin_addons/rayforge-addon-laser/laser_essentials/worker.py'>, 'rayforge_addons.laser_essentials.laser_essentials.frontend': <module 'rayforge_addons.laser_essentials.laser_essentials.frontend' from '/Users/runner/Library/Developer/CoreSimulator/Devices/B7B59EE5-B3BB-40C2-8C7E-47D3C8A05849/data/Containers/Bundle/Application/68CCD2BA-5E60-4E51-81C3-6836C94DF239/RayforgeApp.app/python/lib/python3.13/site-packages/rayforge/builtin_addons/rayforge-addon-laser/laser_essentials/frontend.py'>, 'rayforge_addons.print_and_cut.print_and_cut.frontend': <module 'rayforge_addons.print_and_cut.print_and_cut.frontend' from '/Users/runner/Library/Developer/CoreSimulator/Devices/B7B59EE5-B3BB-40C2-8C7E-47D3C8A05849/data/Containers/Bundle/Application/68CCD2BA-5E60-4E51-81C3-6836C94DF239/RayforgeApp.app/python/lib/python3.13/site-packages/rayforge/builtin_addons/rayforge-addon-print-and-cut/print_and_cut/frontend.py'>, 'rayforge_addons.post_processors.post_processors.worker': <module 'rayforge_addons.post_processors.post_processors.worker' from '/Users/runner/Library/Developer/CoreSimulator/Devices/B7B59EE5-B3BB-40C2-8C7E-47D3C8A05849/data/Containers/Bundle/Application/68CCD2BA-5E60-4E51-81C3-6836C94DF239/RayforgeApp.app/python/lib/python3.13/site-packages/rayforge/builtin_addons/rayforge-addon-post/post_processors/worker.py'>, 'rayforge_addons.post_processors.post_processors.frontend': <module 'rayforge_addons.post_processors.post_processors.frontend' from '/Users/runner/Library/Developer/CoreSimulator/Devices/B7B59EE5-B3BB-40C2-8C7E-47D3C8A05849/data/Containers/Bundle/Application/68CCD2BA-5E60-4E51-81C3-6836C94DF239/RayforgeApp.app/python/lib/python3.13/site-packages/rayforge/builtin_addons/rayforge-addon-post/post_processors/frontend.py'>, 'rayforge_addons.ai_workpiece_generator.ai_workpiece_generator.frontend': <module 'rayforge_addons.ai_workpiece_generator.ai_workpiece_generator.frontend' from '/Users/runner/Library/Developer/CoreSimulator/Devices/B7B59EE5-B3BB-40C2-8C7E-47D3C8A05849/data/Containers/Bundle/Application/68CCD2BA-5E60-4E51-81C3-6836C94DF239/RayforgeApp.app/python/lib/python3.13/site-packages/rayforge/builtin_addons/rayforge-addon-ai-workpiece/ai_workpiece_generator/frontend.py'>}
2026-07-05 17:26:50,765 - rayforge.worker_init - ERROR - Failed to load enabled worker module 'rayforge_addons.laser_essentials.laser_essentials.worker': Plugin name already registered: rayforge_addons.laser_essentials.laser_essentials.worker=<module 'rayforge_addons.laser_essentials.laser_essentials.worker' from '/Users/runner/Library/Developer/CoreSimulator/Devices/B7B59EE5-B3BB-40C2-8C7E-47D3C8A05849/data/Containers/Bundle/Application/68CCD2BA-5E60-4E51-81C3-6836C94DF239/RayforgeApp.app/python/lib/python3.13/site-packages/rayforge/builtin_addons/rayforge-addon-laser/laser_essentials/worker.py'>
{'rayforge_addons.core_materials.core_materials.worker': <module 'rayforge_addons.core_materials.core_materials.worker' from '/Users/runner/Library/Developer/CoreSimulator/Devices/B7B59EE5-B3BB-40C2-8C7E-47D3C8A05849/data/Containers/Bundle/Application/68CCD2BA-5E60-4E51-81C3-6836C94DF239/RayforgeApp.app/python/lib/python3.13/site-packages/rayforge/builtin_addons/rayforge-addon-materials/core_materials/worker.py'>, 'rayforge_addons.sketcher.sketcher.worker': <module 'rayforge_addons.sketcher.sketcher.worker' from '/Users/runner/Library/Developer/CoreSimulator/Devices/B7B59EE5-B3BB-40C2-8C7E-47D3C8A05849/data/Containers/Bundle/Application/68CCD2BA-5E60-4E51-81C3-6836C94DF239/RayforgeApp.app/python/lib/python3.13/site-packages/rayforge/builtin_addons/rayforge-addon-sketcher/sketcher/worker.py'>, 'rayforge_addons.sketcher.sketcher.frontend': <module 'rayforge_addons.sketcher.sketcher.frontend' from '/Users/runner/Library/Developer/CoreSimulator/Devices/B7B59EE5-B3BB-40C2-8C7E-47D3C8A05849/data/Containers/Bundle/Application/68CCD2BA-5E60-4E51-81C3-6836C94DF239/RayforgeApp.app/python/lib/python3.13/site-packages/rayforge/builtin_addons/rayforge-addon-sketcher/sketcher/frontend.py'>, 'rayforge_addons.laser_essentials.laser_essentials.worker': <module 'rayforge_addons.laser_essentials.laser_essentials.worker' from '/Users/runner/Library/Developer/CoreSimulator/Devices/B7B59EE5-B3BB-40C2-8C7E-47D3C8A05849/data/Containers/Bundle/Application/68CCD2BA-5E60-4E51-81C3-6836C94DF239/RayforgeApp.app/python/lib/python3.13/site-packages/rayforge/builtin_addons/rayforge-addon-laser/laser_essentials/worker.py'>, 'rayforge_addons.laser_essentials.laser_essentials.frontend': <module 'rayforge_addons.laser_essentials.laser_essentials.frontend' from '/Users/runner/Library/Developer/CoreSimulator/Devices/B7B59EE5-B3BB-40C2-8C7E-47D3C8A05849/data/Containers/Bundle/Application/68CCD2BA-5E60-4E51-81C3-6836C94DF239/RayforgeApp.app/python/lib/python3.13/site-packages/rayforge/builtin_addons/rayforge-addon-laser/laser_essentials/frontend.py'>, 'rayforge_addons.print_and_cut.print_and_cut.frontend': <module 'rayforge_addons.print_and_cut.print_and_cut.frontend' from '/Users/runner/Library/Developer/CoreSimulator/Devices/B7B59EE5-B3BB-40C2-8C7E-47D3C8A05849/data/Containers/Bundle/Application/68CCD2BA-5E60-4E51-81C3-6836C94DF239/RayforgeApp.app/python/lib/python3.13/site-packages/rayforge/builtin_addons/rayforge-addon-print-and-cut/print_and_cut/frontend.py'>, 'rayforge_addons.post_processors.post_processors.worker': <module 'rayforge_addons.post_processors.post_processors.worker' from '/Users/runner/Library/Developer/CoreSimulator/Devices/B7B59EE5-B3BB-40C2-8C7E-47D3C8A05849/data/Containers/Bundle/Application/68CCD2BA-5E60-4E51-81C3-6836C94DF239/RayforgeApp.app/python/lib/python3.13/site-packages/rayforge/builtin_addons/rayforge-addon-post/post_processors/worker.py'>, 'rayforge_addons.post_processors.post_processors.frontend': <module 'rayforge_addons.post_processors.post_processors.frontend' from '/Users/runner/Library/Developer/CoreSimulator/Devices/B7B59EE5-B3BB-40C2-8C7E-47D3C8A05849/data/Containers/Bundle/Application/68CCD2BA-5E60-4E51-81C3-6836C94DF239/RayforgeApp.app/python/lib/python3.13/site-packages/rayforge/builtin_addons/rayforge-addon-post/post_processors/frontend.py'>, 'rayforge_addons.ai_workpiece_generator.ai_workpiece_generator.frontend': <module 'rayforge_addons.ai_workpiece_generator.ai_workpiece_generator.frontend' from '/Users/runner/Library/Developer/CoreSimulator/Devices/B7B59EE5-B3BB-40C2-8C7E-47D3C8A05849/data/Containers/Bundle/Application/68CCD2BA-5E60-4E51-81C3-6836C94DF239/RayforgeApp.app/python/lib/python3.13/site-packages/rayforge/builtin_addons/rayforge-addon-ai-workpiece/ai_workpiece_generator/frontend.py'>}
2026-07-05 17:26:50,765 - rayforge.worker_init - ERROR - Failed to load enabled worker module 'rayforge_addons.post_processors.post_processors.worker': Plugin name already registered: rayforge_addons.post_processors.post_processors.worker=<module 'rayforge_addons.post_processors.post_processors.worker' from '/Users/runner/Library/Developer/CoreSimulator/Devices/B7B59EE5-B3BB-40C2-8C7E-47D3C8A05849/data/Containers/Bundle/Application/68CCD2BA-5E60-4E51-81C3-6836C94DF239/RayforgeApp.app/python/lib/python3.13/site-packages/rayforge/builtin_addons/rayforge-addon-post/post_processors/worker.py'>
{'rayforge_addons.core_materials.core_materials.worker': <module 'rayforge_addons.core_materials.core_materials.worker' from '/Users/runner/Library/Developer/CoreSimulator/Devices/B7B59EE5-B3BB-40C2-8C7E-47D3C8A05849/data/Containers/Bundle/Application/68CCD2BA-5E60-4E51-81C3-6836C94DF239/RayforgeApp.app/python/lib/python3.13/site-packages/rayforge/builtin_addons/rayforge-addon-materials/core_materials/worker.py'>, 'rayforge_addons.sketcher.sketcher.worker': <module 'rayforge_addons.sketcher.sketcher.worker' from '/Users/runner/Library/Developer/CoreSimulator/Devices/B7B59EE5-B3BB-40C2-8C7E-47D3C8A05849/data/Containers/Bundle/Application/68CCD2BA-5E60-4E51-81C3-6836C94DF239/RayforgeApp.app/python/lib/python3.13/site-packages/rayforge/builtin_addons/rayforge-addon-sketcher/sketcher/worker.py'>, 'rayforge_addons.sketcher.sketcher.frontend': <module 'rayforge_addons.sketcher.sketcher.frontend' from '/Users/runner/Library/Developer/CoreSimulator/Devices/B7B59EE5-B3BB-40C2-8C7E-47D3C8A05849/data/Containers/Bundle/Application/68CCD2BA-5E60-4E51-81C3-6836C94DF239/RayforgeApp.app/python/lib/python3.13/site-packages/rayforge/builtin_addons/rayforge-addon-sketcher/sketcher/frontend.py'>, 'rayforge_addons.laser_essentials.laser_essentials.worker': <module 'rayforge_addons.laser_essentials.laser_essentials.worker' from '/Users/runner/Library/Developer/CoreSimulator/Devices/B7B59EE5-B3BB-40C2-8C7E-47D3C8A05849/data/Containers/Bundle/Application/68CCD2BA-5E60-4E51-81C3-6836C94DF239/RayforgeApp.app/python/lib/python3.13/site-packages/rayforge/builtin_addons/rayforge-addon-laser/laser_essentials/worker.py'>, 'rayforge_addons.laser_essentials.laser_essentials.frontend': <module 'rayforge_addons.laser_essentials.laser_essentials.frontend' from '/Users/runner/Library/Developer/CoreSimulator/Devices/B7B59EE5-B3BB-40C2-8C7E-47D3C8A05849/data/Containers/Bundle/Application/68CCD2BA-5E60-4E51-81C3-6836C94DF239/RayforgeApp.app/python/lib/python3.13/site-packages/rayforge/builtin_addons/rayforge-addon-laser/laser_essentials/frontend.py'>, 'rayforge_addons.print_and_cut.print_and_cut.frontend': <module 'rayforge_addons.print_and_cut.print_and_cut.frontend' from '/Users/runner/Library/Developer/CoreSimulator/Devices/B7B59EE5-B3BB-40C2-8C7E-47D3C8A05849/data/Containers/Bundle/Application/68CCD2BA-5E60-4E51-81C3-6836C94DF239/RayforgeApp.app/python/lib/python3.13/site-packages/rayforge/builtin_addons/rayforge-addon-print-and-cut/print_and_cut/frontend.py'>, 'rayforge_addons.post_processors.post_processors.worker': <module 'rayforge_addons.post_processors.post_processors.worker' from '/Users/runner/Library/Developer/CoreSimulator/Devices/B7B59EE5-B3BB-40C2-8C7E-47D3C8A05849/data/Containers/Bundle/Application/68CCD2BA-5E60-4E51-81C3-6836C94DF239/RayforgeApp.app/python/lib/python3.13/site-packages/rayforge/builtin_addons/rayforge-addon-post/post_processors/worker.py'>, 'rayforge_addons.post_processors.post_processors.frontend': <module 'rayforge_addons.post_processors.post_processors.frontend' from '/Users/runner/Library/Developer/CoreSimulator/Devices/B7B59EE5-B3BB-40C2-8C7E-47D3C8A05849/data/Containers/Bundle/Application/68CCD2BA-5E60-4E51-81C3-6836C94DF239/RayforgeApp.app/python/lib/python3.13/site-packages/rayforge/builtin_addons/rayforge-addon-post/post_processors/frontend.py'>, 'rayforge_addons.ai_workpiece_generator.ai_workpiece_generator.frontend': <module 'rayforge_addons.ai_workpiece_generator.ai_workpiece_generator.frontend' from '/Users/runner/Library/Developer/CoreSimulator/Devices/B7B59EE5-B3BB-40C2-8C7E-47D3C8A05849/data/Containers/Bundle/Application/68CCD2BA-5E60-4E51-81C3-6836C94DF239/RayforgeApp.app/python/lib/python3.13/site-packages/rayforge/builtin_addons/rayforge-addon-ai-workpiece/ai_workpiece_generator/frontend.py'>}
2026-07-05 17:26:50,769 - rayforge.context - INFO - Lazy loading recipe manager
2026-07-05 17:26:50,770 - rayforge.core.recipe_manager - INFO - Loaded 0 recipes.
2026-07-05 17:26:50,773 - rayforge.doceditor.step_cmd - INFO - Added default 'Contour' step to layer 'Layer 1'.
Gdk-Message: 17:26:50.927: gdk-ios: toplevel_present shell_bounds=1032x1376
Fontconfig warning: using without calling FcInit()
Gdk-Message: 17:26:51.017: gdk-ios: present placement transient=0 natural=1165x1150 -> frame=(0,0,1032x1376)
Gdk-Message: 17:26:51.018: gdk-ios: attach_layer surface=0x114454580 layer=0x600000cbd290 root=0x600000c0b600 root.bounds=1032x1376 root.sublayers=1 scale=2.00
Gdk-Message: 17:26:51.019: gdk-ios: apply_frame surface=0x114454580 req=(0,0,1032x1376) layer.frame=(0,0,1032x1376)
Gdk-Message: 17:26:51.021: gdk-ios: toplevel_present shell_bounds=1032x1376
Gdk-Message: 17:26:51.021: gdk-ios: present placement transient=0 natural=1115x1100 -> frame=(0,0,1032x1376)
Gdk-Message: 17:26:51.021: gdk-ios: apply_frame surface=0x114454580 req=(0,0,1032x1376) layer.frame=(0,0,1032x1376)
Gdk-Message: 17:26:51.023: gdk-ios: toplevel_present shell_bounds=1032x1376
Gdk-Message: 17:26:51.030: gdk-ios: present placement transient=1 natural=394x318 -> frame=(319,529,394x318)
Gdk-Message: 17:26:51.031: gdk-ios: attach_layer surface=0x11469c380 layer=0x600000cbd230 root=0x600000c0b600 root.bounds=1032x1376 root.sublayers=2 scale=2.00
Gdk-Message: 17:26:51.031: gdk-ios: apply_frame surface=0x11469c380 req=(319,529,394x318) layer.frame=(319,529,394x318)
Gdk-Message: 17:26:51.031: gdk-ios: toplevel_present shell_bounds=1032x1376
Gdk-Message: 17:26:51.031: gdk-ios: present placement transient=1 natural=394x318 -> frame=(319,529,394x318)
Gdk-Message: 17:26:51.031: gdk-ios: apply_frame surface=0x11469c380 req=(319,529,394x318) layer.frame=(319,529,394x318)
2026-07-05 17:26:51,032 - rayforge.addon_mgr.update_cmd - INFO - Scheduling startup addon update check.
2026-07-05 17:26:51,033 - rayforge.updater - INFO - Scheduling app version update check.
IOSBOOT: _ios_run: activate() returned; windows=1
IOSBOOT:   window mapped=True visible=True title='Rayforge'
IOSBOOT: keep-running caught — startup unwound cleanly
RAYFORGE UI RUNNING
** Message: 17:26:51.034: rayforge boot: PyGObject self-test ran (CPython 3.13.14 (main, Jun 12 2026, 07:26:39) [Clang 17.0.0 (clang-1700.0.13.5)]) ? see console for PYGOBJECT OK/FAIL
Gdk-Message: 17:26:51.048: gdk-ios: user main returned
Gdk-Message: 17:26:51.053: gdk-ios: VC layout view=1032x1376 screen=1032x1376
2026-07-05 17:26:51,189 - rayforge.addon_mgr.addon_manager - INFO - Checking for available addon updates...
2026-07-05 17:26:51,189 - rayforge.addon_mgr.addon_manager - INFO - Fetching registry from https://raw.githubusercontent.com/barebaric/rayforge-registry/main/registry.yaml
2026-07-05 17:26:51,210 - rayforge.machine.models.controller - INFO - Machine 'Default Machine' (id:8be2bfc1-c74d-47f5-a9be-877ec7ae8deb) rebuilding driver to 'None'
Gdk-Message: 17:26:51.320: gdk-ios: begin_frame surface=1032x1376 scale=2.00 pixels=2064x2752
Gdk-Message: 17:26:51.360: gdk-ios: end_frame 2064x2752 stride=8256 data=0x1171ac000 layer=0x600000cbd290 center=0xFFF5F5F6 tl=0xFFFFFFFF tr=0xFFFFFFFF bl=0xFFFAFAFB br=0xFFF5F5F6
Gdk-Message: 17:26:51.361: gdk-ios: presented layer=0x600000cbd290 frame=(0,0,1032x1376) contentsScale=2.00 opacity=1.00 hidden=0 super=0x600000c0b600 hasContents=1
Gdk-Message: 17:26:51.362: gdk-ios: begin_frame surface=394x318 scale=2.00 pixels=788x636
Gdk-Message: 17:26:51.368: gdk-ios: end_frame 788x636 stride=3152 data=0x118758000 layer=0x600000cbd230 center=0xFFFAFAFB tl=0x00000000 tr=0x00000000 bl=0x00000000 br=0xFFFAFAFB
Gdk-Message: 17:26:51.368: gdk-ios: presented layer=0x600000cbd230 frame=(319,529,394x318) contentsScale=2.00 opacity=1.00 hidden=0 super=0x600000c0b600 hasContents=1
Gdk-Message: 17:26:51.371: gdk-ios: begin_frame surface=1032x1376 scale=2.00 pixels=2064x2752
Gdk-Message: 17:26:51.401: gdk-ios: end_frame 2064x2752 stride=8256 data=0x118944000 layer=0x600000cbd290 center=0xFFF5F5F6 tl=0xFFFFFFFF tr=0xFFFFFFFF bl=0xFFFAFAFB br=0xFFF5F5F6
Gdk-Message: 17:26:51.402: gdk-ios: presented layer=0x600000cbd290 frame=(0,0,1032x1376) contentsScale=2.00 opacity=1.00 hidden=0 super=0x600000c0b600 hasContents=1
2026-07-05 17:26:51,419 - rayforge.machine.models.controller - INFO - Synced active WCS from device: 'G54'
2026-07-05 17:26:51,437 - rayforge.addon_mgr.addon_manager - INFO - All installed addons are up to date.
Gdk-Message: 17:26:51.448: gdk-ios: begin_frame surface=1032x1376 scale=2.00 pixels=2064x2752
Gdk-Message: 17:26:51.468: gdk-ios: end_frame 2064x2752 stride=8256 data=0x1171ac000 layer=0x600000cbd290 center=0xFFF5F5F6 tl=0xFFFFFFFF tr=0xFFFFFFFF bl=0xFFFAFAFB br=0xFFF5F5F6
Gdk-Message: 17:26:51.469: gdk-ios: presented layer=0x600000cbd290 frame=(0,0,1032x1376) contentsScale=2.00 opacity=1.00 hidden=0 super=0x600000c0b600 hasContents=1
Gdk-Message: 17:26:51.494: gdk-ios: begin_frame surface=1032x1376 scale=2.00 pixels=2064x2752
Gdk-Message: 17:26:51.543: gdk-ios: end_frame 2064x2752 stride=8256 data=0x11a0e4000 layer=0x600000cbd290 center=0xFFF5F5F6 tl=0xFFFFFFFF tr=0xFFFFFFFF bl=0xFFFAFAFB br=0xFFF5F5F6
Gdk-Message: 17:26:51.553: gdk-ios: presented layer=0x600000cbd290 frame=(0,0,1032x1376) contentsScale=2.00 opacity=1.00 hidden=0 super=0x600000c0b600 hasContents=1
Gdk-Message: 17:26:51.554: gdk-ios: begin_frame surface=1032x1376 scale=2.00 pixels=2064x2752
Gdk-Message: 17:26:51.617: gdk-ios: end_frame 2064x2752 stride=8256 data=0x1171ac000 layer=0x600000cbd290 center=0xFFF5F5F6 tl=0xFFFFFFFF tr=0xFFFFFFFF bl=0xFFFAFAFB br=0xFFF5F5F6
Gdk-Message: 17:26:51.628: gdk-ios: presented layer=0x600000cbd290 frame=(0,0,1032x1376) contentsScale=2.00 opacity=1.00 hidden=0 super=0x600000c0b600 hasContents=1
Gdk-Message: 17:26:51.629: gdk-ios: begin_frame surface=1032x1376 scale=2.00 pixels=2064x2752
Gdk-Message: 17:26:51.673: gdk-ios: end_frame 2064x2752 stride=8256 data=0x11a0e4000 layer=0x600000cbd290 center=0xFFF5F5F6 tl=0xFFFFFFFF tr=0xFFFFFFFF bl=0xFFFAFAFB br=0xFFF5F5F6
Gdk-Message: 17:26:51.684: gdk-ios: presented layer=0x600000cbd290 frame=(0,0,1032x1376) contentsScale=2.00 opacity=1.00 hidden=0 super=0x600000c0b600 hasContents=1
Gdk-Message: 17:26:51.684: gdk-ios: begin_frame surface=1032x1376 scale=2.00 pixels=2064x2752
Gdk-Message: 17:26:51.711: gdk-ios: end_frame 2064x2752 stride=8256 data=0x1171ac000 layer=0x600000cbd290 center=0xFFF5F5F6 tl=0xFFFFFFFF tr=0xFFFFFFFF bl=0xFFFAFAFB br=0xFFF5F5F6
Gdk-Message: 17:26:51.720: gdk-ios: presented layer=0x600000cbd290 frame=(0,0,1032x1376) contentsScale=2.00 opacity=1.00 hidden=0 super=0x600000c0b600 hasContents=1
Gdk-Message: 17:26:51.721: gdk-ios: begin_frame surface=1032x1376 scale=2.00 pixels=2064x2752
Gdk-Message: 17:26:51.746: gdk-ios: end_frame 2064x2752 stride=8256 data=0x11a0e4000 layer=0x600000cbd290 center=0xFFF5F5F6 tl=0xFFFFFFFF tr=0xFFFFFFFF bl=0xFFFAFAFB br=0xFFF5F5F6
Gdk-Message: 17:26:51.760: gdk-ios: presented layer=0x600000cbd290 frame=(0,0,1032x1376) contentsScale=2.00 opacity=1.00 hidden=0 super=0x600000c0b600 hasContents=1
Gdk-Message: 17:26:53.712: gdk-ios: pump alive frame=120 total_iterations=19
IOSBOOT: GEOM monitor[0] 1032x1376+0+0 scale=2
IOSBOOT: GEOM top[0] 'Rayforge' alloc=1032x1376 surface=1032x1376 surfscale=2 vis=True
IOSBOOT: GEOM top[1] 'Help Improve Rayforge' alloc=350x274 surface=394x318 surfscale=2 vis=True
Gdk-Message: 17:26:55.714: gdk-ios: pump alive frame=240 total_iterations=20
Gdk-Message: 17:26:57.715: gdk-ios: pump alive frame=360 total_iterations=20
Gdk-Message: 17:26:59.716: gdk-ios: pump alive frame=480 total_iterations=20
Gdk-Message: 17:27:01.717: gdk-ios: pump alive frame=600 total_iterations=20
Gdk-Message: 17:27:03.716: gdk-ios: pump alive frame=720 total_iterations=20
Gdk-Message: 17:27:05.722: gdk-ios: pump alive frame=840 total_iterations=20
Gdk-Message: 17:27:07.723: gdk-ios: pump alive frame=960 total_iterations=20
Gdk-Message: 17:27:09.721: gdk-ios: pump alive frame=1080 total_iterations=20
Gdk-Message: 17:27:11.722: gdk-ios: pump alive frame=1200 total_iterations=20
Gdk-Message: 17:27:13.723: gdk-ios: pump alive frame=1320 total_iterations=20
Gdk-Message: 17:27:15.724: gdk-ios: pump alive frame=1440 total_iterations=20
Gdk-Message: 17:27:17.726: gdk-ios: pump alive frame=1560 total_iterations=20
Gdk-Message: 17:27:19.726: gdk-ios: pump alive frame=1680 total_iterations=20
+ echo '===== app syslog (first 120) ====='
===== app syslog (first 120) =====
+ head -120 app-syslog.log
getpwuid_r did not find a match for uid 501
Timestamp                       Thread     Type        Activity             PID    TTL  
2026-07-05 17:25:18.235658+0000 0x10d85    Default     0x0                  25274  0    rayforge-app: (libMobileGestalt.dylib) No persisted cache on this platform.
2026-07-05 17:25:18.236431+0000 0x10d8e    Default     0x0                  25274  0    rayforge-app: (libxpc.dylib) [com.apple.xpc:connection] [0x107504080] activating connection: mach=true listener=false peer=false name=com.apple.cfprefsd.daemon
2026-07-05 17:25:18.294121+0000 0x10d8e    Default     0x0                  25274  0    rayforge-app: (UIKitCore) [com.apple.UIKit:BackgroundTask] Creating new assertion because there is no existing background assertion.
2026-07-05 17:25:18.294229+0000 0x10d8e    Default     0x0                  25274  0    rayforge-app: (UIKitCore) [com.apple.UIKit:BackgroundTask] Creating new background assertion
2026-07-05 17:25:18.297434+0000 0x10d8e    Default     0x0                  25274  0    rayforge-app: (UIKitCore) [com.apple.UIKit:BackgroundTask] Created new background assertion <BKSProcessAssertion: 0x60000210e8f0>
2026-07-05 17:25:18.297467+0000 0x10d85    Default     0x0                  25274  0    rayforge-app: (BoardServices) [com.apple.BoardServices:XPCErrors] [C:1] Alloc com.apple.frontboard.systemappservices
2026-07-05 17:25:18.297520+0000 0x10d8e    Default     0x0                  25274  0    rayforge-app: (RunningBoardServices) [com.apple.runningboard:connection] Initializing connection
2026-07-05 17:25:18.297653+0000 0x10d8e    Default     0x0                  25274  0    rayforge-app: (RunningBoardServices) [com.apple.runningboard:process] Removing all cached process handles
2026-07-05 17:25:18.298225+0000 0x10d8e    Default     0x0                  25274  0    rayforge-app: (RunningBoardServices) [com.apple.runningboard:connection] Creating connection to com.apple.runningboard
2026-07-05 17:25:18.298703+0000 0x10d85    Default     0x0                  25274  0    rayforge-app: (libxpc.dylib) [com.apple.xpc:connection] [0x107505980] activating connection: mach=false listener=false peer=false name=(anonymous)
2026-07-05 17:25:18.298705+0000 0x10d8e    Default     0x0                  25274  0    rayforge-app: (libxpc.dylib) [com.apple.xpc:connection] [0x107408bc0] activating connection: mach=true listener=false peer=false name=com.apple.runningboard
2026-07-05 17:25:18.299243+0000 0x10d94    Default     0x0                  25274  0    rayforge-app: (RunningBoardServices) [com.apple.runningboard:connection] Sending handshake request attempt #1 to server
2026-07-05 17:25:18.306068+0000 0x10d94    Default     0x0                  25274  0    rayforge-app: (RunningBoardServices) [com.apple.runningboard:connection] Handshake succeeded
2026-07-05 17:25:18.307519+0000 0x10d94    Default     0x0                  25274  0    rayforge-app: (RunningBoardServices) [com.apple.runningboard:connection] Identity resolved as app<org.rayforge.app((null))>
2026-07-05 17:25:18.307964+0000 0x10d97    Activity    0x3b680              25274  0    rayforge-app: (RunningBoardServices) didChangeInheritances
2026-07-05 17:25:18.309956+0000 0x10d8e    Default     0x0                  25274  0    rayforge-app: (UIKitCore) [com.apple.UIKit:BackgroundTask] Incrementing reference count for background assertion <BKSProcessAssertion: 0x60000210e8f0>
2026-07-05 17:25:18.311026+0000 0x10d8e    Default     0x0                  25274  0    rayforge-app: (UIKitCore) [com.apple.UIKit:BackgroundTask] Created background task <_UIBackgroundTaskInfo: 0x600001708640>: taskID = 1, taskName = Launch Background Task for Coalescing, creationTime = 707 (elapsed = 0).
2026-07-05 17:25:18.311203+0000 0x10d85    Default     0x0                  25274  0    rayforge-app: (UIKitCore) [com.apple.UIKit:Application] Deactivation reason added: 10; deactivation reasons: 0 -> 1024; animating application lifecycle event: 0
2026-07-05 17:25:18.311651+0000 0x10d8e    Default     0x0                  25274  0    rayforge-app: (FrontBoardServices) [com.apple.FrontBoard:SceneExtension] Realizing settings extension _UIApplicationSceneKeyboardSettings on FBSSceneSettings
2026-07-05 17:25:18.311666+0000 0x10d85    Default     0x0                  25274  0    rayforge-app: (BoardServices) [com.apple.BoardServices:Injection] activating monitor for service com.apple.frontboard.open
2026-07-05 17:25:18.312147+0000 0x10d85    Default     0x0                  25274  0    rayforge-app: (BoardServices) [com.apple.BoardServices:Injection] activating monitor for service com.apple.frontboard.workspace-service
2026-07-05 17:25:18.314375+0000 0x10d8e    Default     0x0                  25274  0    rayforge-app: (FrontBoardServices) [com.apple.FrontBoard:SceneExtension] Realizing settings extension <_UISceneOcclusionSettings> on FBSSceneSettings
2026-07-05 17:25:18.315156+0000 0x10d8e    Default     0x0                  25274  0    rayforge-app: (FrontBoardServices) [com.apple.FrontBoard:SceneExtension] Realizing settings extension <_UISceneInterfaceProtectionSettings> on FBSSceneSettings
2026-07-05 17:25:18.315470+0000 0x10d85    Default     0x0                  25274  0    rayforge-app: (FrontBoardServices) [com.apple.FrontBoard:Common] FBSWorkspace registering source: com.apple.frontboard.systemappservices
2026-07-05 17:25:18.316447+0000 0x10d8e    Default     0x0                  25274  0    rayforge-app: (FrontBoardServices) [com.apple.FrontBoard:SceneExtension] Realizing settings extension _UISceneLayoutPreferencesHostSettingsExtension on FBSSceneSettings
2026-07-05 17:25:18.317696+0000 0x10d85    Default     0x0                  25274  0    rayforge-app: (FrontBoardServices) [com.apple.FrontBoard:Common] FBSWorkspace connected to endpoint : <BSServiceConnectionEndpoint: 0x6000002102c0; target: com.apple.frontboard.systemappservices; service: com.apple.frontboard.workspace-service>
2026-07-05 17:25:18.317746+0000 0x10d8e    Default     0x0                  25274  0    rayforge-app: (FrontBoardServices) [com.apple.FrontBoard:SceneExtension] Realizing settings extension _UISceneSafeAreaSettingsExtension on FBSSceneSettings
2026-07-05 17:25:18.317915+0000 0x10d85    Default     0x0                  25274  0    rayforge-app: (FrontBoardServices) [com.apple.FrontBoard:Common] <FBSWorkspaceScenesClient:0x6000030041b0 com.apple.frontboard.systemappservices> attempting immediate handshake from activate
2026-07-05 17:25:18.318756+0000 0x10d8e    Default     0x0                  25274  0    rayforge-app: (FrontBoardServices) [com.apple.FrontBoard:SceneExtension] Realizing settings extension _UISceneLayoutPreferenceClientSettingsExtension on FBSSceneClientSettings
2026-07-05 17:25:18.319975+0000 0x10d85    Default     0x0                  25274  0    rayforge-app: (FrontBoardServices) [com.apple.FrontBoard:Common] <FBSWorkspaceScenesClient:0x6000030041b0 com.apple.frontboard.systemappservices> sent handshake
2026-07-05 17:25:18.320804+0000 0x10d8e    Default     0x0                  25274  0    rayforge-app: (FrontBoardServices) [com.apple.FrontBoard:SceneExtension] Realizing settings extension <_UIHomeAffordanceHostSceneSettings> on FBSSceneSettings
2026-07-05 17:25:18.321165+0000 0x10d85    Default     0x0                  25274  0    rayforge-app: (RunningBoardServices) [com.apple.runningboard:general] Added observer for process assertions expiration warning: <_RBSExpirationWarningClient: 0x60000020b3c0>
2026-07-05 17:25:18.321677+0000 0x10d8e    Default     0x0                  25274  0    rayforge-app: (FrontBoardServices) [com.apple.FrontBoard:SceneExtension] Realizing settings extension _UISystemShellSceneHostingEnvironmentSettings on FBSSceneSettings
2026-07-05 17:25:18.322003+0000 0x10d8e    Default     0x0                  25274  0    rayforge-app: (FrontBoardServices) [com.apple.FrontBoard:SceneExtension] Realizing settings extension _UISceneRenderingEnvironmentSettings on FBSSceneSettings
2026-07-05 17:25:18.322890+0000 0x10d8e    Default     0x0                  25274  0    rayforge-app: (FrontBoardServices) [com.apple.FrontBoard:SceneExtension] Realizing settings extension <_UISceneRenderingEnvironmentClientSettings> on FBSSceneClientSettings
2026-07-05 17:25:18.325257+0000 0x10d8e    Default     0x0                  25274  0    rayforge-app: (FrontBoardServices) [com.apple.FrontBoard:SceneExtension] Realizing settings extension <_UISceneTransitioningHostSettings> on FBSSceneSettings
2026-07-05 17:25:18.326419+0000 0x10d85    Default     0x0                  25274  0    rayforge-app: (UIKitCore) [com.apple.UIKit:UIScreen] Evaluated capturing state as 0 on <UIScreen: 0x107504c60> for initial
2026-07-05 17:25:18.326994+0000 0x10d85    Default     0x0                  25274  0    rayforge-app: (UIKitCore) [com.apple.UIKit:UIScreen] Evaluated capturing state as 0 on <UIScreen: 0x107504c60> for CADisplay KVO
2026-07-05 17:25:18.327027+0000 0x10d8e    Default     0x0                  25274  0    rayforge-app: (FrontBoardServices) [com.apple.FrontBoard:SceneExtension] Realizing settings extension <_UISceneFocusSystemSettings> on FBSSceneSettings
2026-07-05 17:25:18.327288+0000 0x10d8e    Default     0x0                  25274  0    rayforge-app: (FrontBoardServices) [com.apple.FrontBoard:SceneExtension] Realizing settings extension _UISceneOrientationSettingsExtension on FBSSceneSettings
2026-07-05 17:25:18.327426+0000 0x10d8e    Default     0x0                  25274  0    rayforge-app: (FrontBoardServices) [com.apple.FrontBoard:SceneExtension] Realizing settings extension _UISceneOrientationClientSettingsExtension on FBSSceneClientSettings
2026-07-05 17:25:18.327576+0000 0x10d8e    Default     0x0                  25274  0    rayforge-app: (FrontBoardServices) [com.apple.FrontBoard:SceneExtension] Realizing settings extension _UISceneWindowingControlClientSettings on FBSSceneClientSettings
2026-07-05 17:25:18.327796+0000 0x10d8e    Default     0x0                  25274  0    rayforge-app: (FrontBoardServices) [com.apple.FrontBoard:SceneExtension] Realizing settings extension <_UISceneHostingContentSizePreferenceClientSettings> on FBSSceneClientSettings
2026-07-05 17:25:18.327987+0000 0x10d8e    Default     0x0                  25274  0    rayforge-app: (FrontBoardServices) [com.apple.FrontBoard:SceneExtension] Realizing settings extension _UISceneHostingTraitCollectionPropagationSettings on FBSSceneSettings
2026-07-05 17:25:18.328280+0000 0x10d8e    Default     0x0                  25274  0    rayforge-app: (FrontBoardServices) [com.apple.FrontBoard:SceneExtension] Realizing settings extension <_UISceneHostingSheetPresentationSettings> on FBSSceneSettings
2026-07-05 17:25:18.329101+0000 0x10d8e    Default     0x0                  25274  0    rayforge-app: (FrontBoardServices) [com.apple.FrontBoard:SceneExtension] Realizing settings extension <_UISceneHostingSheetPresentationClientSettings> on FBSSceneClientSettings
2026-07-05 17:25:18.329200+0000 0x10d85    Default     0x0                  25274  0    rayforge-app: (libAccessibility.dylib) [com.apple.Accessibility:AXSupportCommon] Read CategoryName: per-app = 1, category name = (null)
2026-07-05 17:25:18.329301+0000 0x10d8e    Default     0x0                  25274  0    rayforge-app: (FrontBoardServices) [com.apple.FrontBoard:SceneExtension] Realizing settings extension <_UISceneHostingEventDeferringSettings> on FBSSceneSettings
2026-07-05 17:25:18.329512+0000 0x10d85    Default     0x0                  25274  0    rayforge-app: (libAccessibility.dylib) [com.apple.Accessibility:AXSupportCommon] Read CategoryName: per-app = 0, category name = (null)
2026-07-05 17:25:18.329607+0000 0x10d8e    Default     0x0                  25274  0    rayforge-app: (FrontBoardServices) [com.apple.FrontBoard:SceneExtension] Realizing settings extension <UIKit__UITypedKeyValueSceneSettings> on FBSSceneSettings
2026-07-05 17:25:18.330446+0000 0x10d8e    Default     0x0                  25274  0    rayforge-app: (FrontBoardServices) [com.apple.FrontBoard:SceneExtension] Realizing settings extension <UIKit__UITypedKeyValueSceneSettings> on FBSSceneClientSettings
2026-07-05 17:25:18.331429+0000 0x10d8e    Default     0x0                  25274  0    rayforge-app: (FrontBoardServices) [com.apple.FrontBoard:SceneExtension] Realizing settings extension <_UISceneHostingViewControllerPreferencePropagationClientSettings> on FBSSceneClientSettings
2026-07-05 17:25:18.332935+0000 0x10d8e    Default     0x0                  25274  0    rayforge-app: (FrontBoardServices) [com.apple.FrontBoard:SceneExtension] Realizing settings extension <_UISceneZoomTransitionSettings> on FBSSceneSettings
2026-07-05 17:25:18.333394+0000 0x10d94    Default     0x0                  25274  0    rayforge-app: (FrontBoardServices) [com.apple.FrontBoard:SceneExtension] Realizing settings extension FBSSceneSettingsCore on FBSSceneSettings
2026-07-05 17:25:18.347493+0000 0x10d94    Default     0x0                  25274  0    rayforge-app: (FrontBoardServices) [com.apple.FrontBoard:SceneExtension] Realizing settings extension FBSSceneClientSettingsCore on FBSSceneClientSettings
2026-07-05 17:25:18.362237+0000 0x10d85    Default     0x0                  25274  0    rayforge-app: (XCTTargetBootstrap) [com.apple.dt.xctest:Default] Registering for test daemon availability notify post.
2026-07-05 17:25:18.363339+0000 0x10d85    Default     0x0                  25274  0    rayforge-app: (XCTTargetBootstrap) [com.apple.dt.xctest:Default] notify_get_state check indicated test daemon not ready.
2026-07-05 17:25:18.364555+0000 0x10d85    Default     0x0                  25274  0    rayforge-app: (XCTTargetBootstrap) [com.apple.dt.xctest:Default] notify_get_state check indicated test daemon not ready.
2026-07-05 17:25:18.365420+0000 0x10d85    Default     0x0                  25274  0    rayforge-app: (XCTTargetBootstrap) [com.apple.dt.xctest:Default] notify_get_state check indicated test daemon not ready.
2026-07-05 17:25:18.368024+0000 0x10d85    Default     0x0                  25274  0    rayforge-app: (UIKitCore) [com.apple.UIKit:UpdateScheduler] Selected display: name=LCD (PurpleMain), id=1
2026-07-05 17:25:18.372606+0000 0x10d94    Default     0x0                  25274  0    rayforge-app: (FrontBoardServices) [com.apple.FrontBoard:SceneExtension] UIMutableApplicationSceneSettings setting counterpart class: UIApplicationSceneSettings
2026-07-05 17:25:18.372962+0000 0x10d94    Default     0x0                  25274  0    rayforge-app: (FrontBoardServices) [com.apple.FrontBoard:SceneExtension] UIMutableApplicationSceneClientSettings setting counterpart class: UIApplicationSceneClientSettings
2026-07-05 17:25:18.373190+0000 0x10d94    Default     0x0                  25274  0    rayforge-app: (FrontBoardServices) [com.apple.FrontBoard:SceneExtension] Realizing settings extension FBSSceneTransitionContextCore on FBSSceneTransitionContext
2026-07-05 17:25:18.380747+0000 0x10d85    Default     0x0                  25274  0    rayforge-app: (UIKitCore) [com.apple.UIKit:BackgroundTask] Will add backgroundTask with taskName: Persistent SceneSession Map Update, expirationHandler: <__NSGlobalBlock__: 0x1e61729e0>
2026-07-05 17:25:18.381749+0000 0x10d85    Default     0x0                  25274  0    rayforge-app: (UIKitCore) [com.apple.UIKit:BackgroundTask] Reusing background assertion <BKSProcessAssertion: 0x60000210e8f0>
2026-07-05 17:25:18.382051+0000 0x10d85    Default     0x0                  25274  0    rayforge-app: (UIKitCore) [com.apple.UIKit:BackgroundTask] Incrementing reference count for background assertion <BKSProcessAssertion: 0x60000210e8f0>
2026-07-05 17:25:18.382355+0000 0x10d85    Default     0x0                  25274  0    rayforge-app: (UIKitCore) [com.apple.UIKit:BackgroundTask] Created background task <_UIBackgroundTaskInfo: 0x60000170a880>: taskID = 2, taskName = Persistent SceneSession Map Update, creationTime = 707 (elapsed = 0).
2026-07-05 17:25:18.384061+0000 0x10d85    Default     0x0                  25274  0    rayforge-app: (UIKitCore) [com.apple.UIKit:Application] Deactivation reason added: 5; deactivation reasons: 1024 -> 1056; animating application lifecycle event: 1
2026-07-05 17:25:18.387306+0000 0x10d85    Default     0x0                  25274  0    rayforge-app: (UIKitCore) [com.apple.UIKit:InterfaceStyle] Not push traits update to screen for new style 1, <UIWindowScene: 0x107505f60> (2698F8B8-F755-42EA-8E63-EEBF0702E13D)
2026-07-05 17:25:18.388637+0000 0x10d85    Default     0x0                  25274  0    rayforge-app: (UIKitCore) [com.apple.UIKit:InterfaceStyle] Should send trait collection or coordinate space update, interface style 1 -> 1, <UIWindowScene: 0x107505f60> (2698F8B8-F755-42EA-8E63-EEBF0702E13D)
2026-07-05 17:25:18.394239+0000 0x10d85    Default     0x0                  25274  0    rayforge-app: (UIKitCore) [com.apple.UIKit:InterfaceStyle] Not push traits update to screen for new style 1, <UIWindowScene: 0x107505f60> (2698F8B8-F755-42EA-8E63-EEBF0702E13D)
2026-07-05 17:25:18.394969+0000 0x10d85    Default     0x0                  25274  0    rayforge-app: (UIKitCore) [com.apple.UIKit:HomeAffordanceObservation] Initializing: <_UIHomeAffordanceSceneNotifier: 0x6000029063e0>; with scene: <UIWindowScene: 0x107505f60>
2026-07-05 17:25:18.395211+0000 0x10d85    Default     0x0                  25274  0    rayforge-app: (BacklightServices) [com.apple.BacklightServices:scenes] 0x600000c0a310 setDelegate:<0x600000c0a400 _UIBacklightEnvironment> hasDelegate:YES for environment:sceneID:org.rayforge.app-default
2026-07-05 17:25:18.395886+0000 0x10d85    Default     0x0                  25274  0    rayforge-app: (UIKitCore) [com.apple.UIKit:InterfaceStyle] Not push traits update to screen for new style 1, <UIWindowScene: 0x107505f60> (2698F8B8-F755-42EA-8E63-EEBF0702E13D)
2026-07-05 17:25:18.396060+0000 0x10d85    Default     0x0                  25274  1    rayforge-app: (UIKitCore) [com.apple.UIKit:EventDeferring] [0x6000029109a0] Initialized with scene: <UIWindowScene: 0x107505f60>; behavior: <_UIEventDeferringBehavior_iOS: 0x600000214b80>; availableForProcess: 1, systemShellManagesKeyboardFocus: 1
2026-07-05 17:25:18.396526+0000 0x10d85    Default     0x0                  25274  0    rayforge-app: (BoardServices) [com.apple.BoardServices:XPCErrors] [C:2] Alloc com.apple.backboard.hid-services.xpc
2026-07-05 17:25:18.396852+0000 0x10d85    Default     0x0                  25274  0    rayforge-app: (libxpc.dylib) [com.apple.xpc:connection] [0x10740f070] activating connection: mach=false listener=false peer=false name=(anonymous)
2026-07-05 17:25:18.401517+0000 0x10d85    Default     0x0                  25274  0    rayforge-app: (BackBoardServices) [com.apple.BackBoard:EventDelivery] policyStatus:<BKSHIDEventDeliveryPolicyObserver: 0x600002602e20; process scope; status: target> was:none
2026-07-05 17:25:18.403116+0000 0x10d85    Default     0x0                  25274  1    rayforge-app: (UIKitCore) [com.apple.UIKit:KeyWindow] Setting default evaluation strategy for UIUserInterfaceIdiomPad to LastOneWins
2026-07-05 17:25:18.403445+0000 0x10d85    Default     0x0                  25274  1    rayforge-app: (UIKitCore) [com.apple.UIKit:KeyWindow] Scene target of keyboard event deferring environment did change: 1; scene: UIWindowScene: 0x107505f60; scene identity: com.apple.frontboard.systemappservices/FBSceneManager:sceneID%3Aorg.rayforge.app-default
2026-07-05 17:25:18.403637+0000 0x10d85    Default     0x0                  25274  0    rayforge-app: (UIKitCore) [com.apple.UIKit:UIFocus] Focus system enabled
2026-07-05 17:25:18.404894+0000 0x10d85    Default     0x0                  25274  0    rayforge-app: (UIKitCore) [com.apple.UIKit:UIFocus] Failed to update focus with context <UIFocusUpdateContext: 0x600003008510; previouslyFocusedItem: (nil); nextFocusedItem: (nil); focusHeading: None>. No additional info available.
2026-07-05 17:25:18.405647+0000 0x10d85    Default     0x0                  25274  0    rayforge-app: (UIKitCore) [com.apple.UIKit:InterfaceStyle] Not push traits update to screen for new style 1, <UIWindowScene: 0x107505f60> (2698F8B8-F755-42EA-8E63-EEBF0702E13D)
2026-07-05 17:25:18.406154+0000 0x10d85    Default     0x0                  25274  1    rayforge-app: (UIKitCore) [com.apple.UIKit:EventDeferring] [0x6000029109a0] Scene target of event deferring environments did update: scene: 0x107505f60; current systemShellManagesKeyboardFocus: 1; systemShellManagesKeyboardFocusForScene: 1; eligibleForRecordRemoval: 1;
2026-07-05 17:25:18.406623+0000 0x10d85    Default     0x0                  25274  1    rayforge-app: (UIKitCore) [com.apple.UIKit:KeyWindow] Scene became target of keyboard event deferring environment: UIWindowScene: 0x107505f60; scene identity: com.apple.frontboard.systemappservices/FBSceneManager:sceneID%3Aorg.rayforge.app-default
2026-07-05 17:25:18.406775+0000 0x10d85    Default     0x0                  25274  1    rayforge-app: (UIKitCore) [com.apple.UIKit:KeyWindow] Stack[KeyWindow] 0x600000c0b3f0: Taking no further action for migration from LastOneWins -> SystemShellManaged as there are no scenes
2026-07-05 17:25:18.406906+0000 0x10d85    Default     0x0                  25274  1    rayforge-app: (UIKitCore) [com.apple.UIKit:KeyWindow] Setting default evaluation strategy for UIUserInterfaceIdiomPad to SystemShellManaged
2026-07-05 17:25:18.407079+0000 0x10d85    Default     0x0                  25274  1    rayforge-app: (UIKitCore) [com.apple.UIKit:KeyWindow] Key window needs update: 0; currentKeyWindowScene: 0x0; evaluatedKeyWindowScene: 0x107505f60; currentApplicationKeyWindow: 0x0; evaluatedApplicationKeyWindow: 0x0; reason: UIWindowScene: 0x107505f60: Window scene became target of keyboard environment
2026-07-05 17:25:18.407521+0000 0x10d85    Default     0x0                  25274  0    rayforge-app: (UIKitCore) [com.apple.UIKit:InterfaceStyle] Not push traits update to screen for new style 1, <UIWindowScene: 0x107505f60> (2698F8B8-F755-42EA-8E63-EEBF0702E13D)
2026-07-05 17:25:18.409081+0000 0x10d85    Default     0x0                  25274  0    rayforge-app: (UIKitCore) [com.apple.UIKit:InterfaceStyle] Not push traits update to screen for new style 1, <UIWindowScene: 0x107505f60> (2698F8B8-F755-42EA-8E63-EEBF0702E13D)
2026-07-05 17:25:18.418664+0000 0x10d85    Fault       0x3b681              25274  14   rayforge-app: (UIKitCore) [com.apple.runtime-issues:UIKit App Config] `UIScene` lifecycle will soon be required. Failure to adopt will result in an assert in the future.
2026-07-05 17:25:18.418673+0000 0x10d85    Activity    0x3b681              25274  0    rayforge-app: (libsystem_trace.dylib) Activity for state dumps
2026-07-05 17:25:18.419673+0000 0x10d85    Default     0x0                  25274  0    rayforge-app: (UIKitCore) [com.apple.UIKit:InterfaceStyle] Not push traits update to screen for new style 1, <UIWindowScene: 0x107505f60> (2698F8B8-F755-42EA-8E63-EEBF0702E13D)
2026-07-05 17:25:18.429270+0000 0x10d85    Default     0x0                  25274  0    rayforge-app: (UIKitCore) [com.apple.UIKit:AppLifecycle] sceneOfRecord: sceneID: sceneID:org.rayforge.app-default  persistentID: 2698F8B8-F755-42EA-8E63-EEBF0702E13D
2026-07-05 17:25:18.429822+0000 0x10d85    Default     0x0                  25274  0    rayforge-app: (UIKitCore) [com.apple.UIKit:Application] Ignoring already applied deactivation reason: 5; deactivation reasons: 1056
2026-07-05 17:25:18.430010+0000 0x10d85    Default     0x0                  25274  0    rayforge-app: (UIKitCore) [com.apple.UIKit:Application] Deactivation reason added: 11; deactivation reasons: 1056 -> 3104; animating application lifecycle event: 1
2026-07-05 17:25:18.430305+0000 0x10d85    Default     0x0                  25274  0    rayforge-app: (UIKitCore) [com.apple.KeyboardArbiter:Client] startConnection
2026-07-05 17:25:18.431971+0000 0x10d85    Default     0x0                  25274  0    rayforge-app: (libxpc.dylib) [com.apple.xpc:connection] [0x107410950] activating connection: mach=true listener=false peer=false name=com.apple.UIKit.KeyboardManagement.hosted
2026-07-05 17:25:18.443889+0000 0x10d95    Default     0x0                  25274  0    rayforge-app: (BoardServices) [com.apple.BoardServices:XPCErrors] [C:3] Alloc com.apple.PointerUI.pointeruid.service
2026-07-05 17:25:18.444605+0000 0x10d95    Default     0x0                  25274  0    rayforge-app: (libxpc.dylib) [com.apple.xpc:connection] [0x10700ca00] activating connection: mach=false listener=false peer=false name=(anonymous)
2026-07-05 17:25:18.460993+0000 0x10d85    Default     0x0                  25274  0    rayforge-app: (UIKitCore) [com.apple.UIKit:PointerLockState] preferredPointerLockStatus updated: scene: <UIWindowScene: 0x107505f60; role: UIWindowSceneSessionRoleApplication; persistentIdentifier: 2698F8B8-F755-42EA-8E63-EEBF0702E13D; activationState: UISceneActivationStateForegroundInactive>; viewController: <GdkIOSViewController: 0x10700c620>; preferredPointerLockStatus: _UIPointerLockStatusUnlocked
2026-07-05 17:25:18.462112+0000 0x10d85    Default     0x0                  25274  0    rayforge-app: (UIKitCore) [com.apple.UIKit:Orientation] <UIWindowScene: 0x107505f60> (2698F8B8-F755-42EA-8E63-EEBF0702E13D) Scene updated orientation preferences: none -> ( Pu Ll Lr Pd )
2026-07-05 17:25:18.462349+0000 0x10d85    Default     0x0                  25274  1    rayforge-app: (UIKitCore) [com.apple.UIKit:KeyWindow] Key window API is scene-level: YES
2026-07-05 17:25:18.462463+0000 0x10d85    Default     0x0                  25274  1    rayforge-app: (UIKitCore) [com.apple.UIKit:KeyWindow] UIWindowScene: 0x107505f60: Window became key in scene: UIWindow: 0x10700a6f0; contextId: 0xF6B34999: reason: UIWindowScene: 0x107505f60: Window requested to become key in scene: 0x10700a6f0
2026-07-05 17:25:18.462548+0000 0x10d85    Default     0x0                  25274  1    rayforge-app: (UIKitCore) [com.apple.UIKit:KeyWindow] Key window needs update: 1; currentKeyWindowScene: 0x0; evaluatedKeyWindowScene: 0x107505f60; currentApplicationKeyWindow: 0x0; evaluatedApplicationKeyWindow: 0x10700a6f0; reason: UIWindowScene: 0x107505f60: Window requested to become key in scene: 0x10700a6f0
2026-07-05 17:25:18.462644+0000 0x10d85    Default     0x0                  25274  1    rayforge-app: (UIKitCore) [com.apple.UIKit:KeyWindow] Window did become application key: UIWindow: 0x10700a6f0; contextId: 0xF6B34999; scene identity: com.apple.frontboard.systemappservices/FBSceneManager:sceneID%3Aorg.rayforge.app-default
2026-07-05 17:25:18.462861+0000 0x10d85    Default     0x0                  25274  1    rayforge-app: (UIKitCore) [com.apple.UIKit:EventDeferring] [0x6000029109a0] Begin local event deferring requested for token: 0x60000260ef40; environments: 1; reason: UIWindowScene: 0x107505f60: Begin event deferring in keyboardFocus for window: 0x10700a6f0
2026-07-05 17:25:18.466543+0000 0x10d85    Default     0x0                  25274  0    rayforge-app: (UIKitCore) [com.apple.UIKit:KeyboardSceneDelegate] Reloading input views for key-window scene responder: <GdkIOSView: 0x10700cdc0; frame = (0 0; 1032 1376); > force:N
2026-07-05 17:25:18.467265+0000 0x10d85    Default     0x0                  25274  0    rayforge-app: (UIKitCore) [com.apple.UIKit:KeyboardSceneDelegate] _reloadInputViewsForKeyWindowSceneResponder: 1 force: 0, fromBecomeFirstResponder: 1 (automaticKeyboard: 1, reloadIdentifier: D11E051F-5A63-421D-B201-93C3D946098E)
2026-07-05 17:25:18.467396+0000 0x10d85    Default     0x0                  25274  0    rayforge-app: (UIKitCore) [com.apple.UIKit:KeyboardSceneDelegate] _inputViewsForResponder: <GdkIOSView: 0x10700cdc0; frame = (0 0; 1032 1376); >, automaticKeyboard: 1, force: 0
2026-07-05 17:25:18.467417+0000 0x10d90    Activity    0x3b682              25274  0    rayforge-app: (CoreFoundation) Loading Preferences From User Session CFPrefsD
2026-07-05 17:25:18.467627+0000 0x10d85    Default     0x0                  25274  0    rayforge-app: (UIKitCore) [com.apple.UIKit:KeyboardSceneDelegate] _inputViewsForResponder, found custom inputView: <(null): 0x0>, customInputViewController: <(null): 0x0>
2026-07-05 17:25:18.467733+0000 0x10d85    Default     0x0                  25274  0    rayforge-app: (UIKitCore) [com.apple.UIKit:KeyboardSceneDelegate] _inputViewsForResponder, found inputAccessoryView: <(null): 0x0>
2026-07-05 17:25:18.468076+0000 0x10d85    Default     0x0                  25274  0    rayforge-app: (UIKitCore) [com.apple.UIKit:KeyboardSceneDelegate] _inputViewsForResponder, responderRequiresKeyboard 0 (automaticKeyboardEnabled: 1, activeInstance: <(null): 0x0>, self.isOnScreen: 0, requiresKBWhenFirstResponder: 0)
2026-07-05 17:25:18.468098+0000 0x10d85    Default     0x0                  25274  0    rayforge-app: (UIKitCore) [com.apple.UIKit:KeyboardSceneDelegate] _inputViewsForResponder, useKeyboard 0 (allowsSystemInputView: 1, !inputView <(null): 0x0>, responderRequiresKeyboard 0)
2026-07-05 17:25:18.468114+0000 0x10d85    Default     0x0                  25274  0    rayforge-app: (UIKitCore) [com.apple.UIKit:KeyboardSceneDelegate] _inputViewsForResponder, configuring _responderWithoutAutomaticAppearanceEnabled: <(null): 0x0> (_automaticAppearEnabled: 1)
2026-07-05 17:25:18.468140+0000 0x10d85    Default     0x0                  25274  0    rayforge-app: (UIKitCore) [com.apple.UIKit:KeyboardSceneDelegate] _inputViewsForResponder, needsIVPlaceholder: 0, needsIAVPlaceholder: 0, needsInputSetWithPlaceholder: 0
2026-07-05 17:25:18.468176+0000 0x10d85    Default     0x0                  25274  0    rayforge-app: (UIKitCore) [com.apple.UIKit:KeyboardSceneDelegate] _inputViewsForResponder returning: <<UIInputViewSet: 0x600003700cc0>; (empty)>
+ test 0 = 1
