getpwuid_r did not find a match for uid 501
Timestamp                       Thread     Type        Activity             PID    TTL  
2026-07-05 12:41:34.042133+0000 0x1b4d2    Default     0x0                  44886  0    rayforge-app: (libMobileGestalt.dylib) No persisted cache on this platform.
2026-07-05 12:41:34.042244+0000 0x1b4df    Default     0x0                  44886  0    rayforge-app: (libxpc.dylib) [com.apple.xpc:connection] [0x102d06b90] activating connection: mach=true listener=false peer=false name=com.apple.cfprefsd.daemon
2026-07-05 12:41:34.046709+0000 0x1b4df    Default     0x0                  44886  0    rayforge-app: (UIKitCore) [com.apple.UIKit:BackgroundTask] Creating new assertion because there is no existing background assertion.
2026-07-05 12:41:34.046750+0000 0x1b4df    Default     0x0                  44886  0    rayforge-app: (UIKitCore) [com.apple.UIKit:BackgroundTask] Creating new background assertion
2026-07-05 12:41:34.046863+0000 0x1b4df    Default     0x0                  44886  0    rayforge-app: (UIKitCore) [com.apple.UIKit:BackgroundTask] Created new background assertion <BKSProcessAssertion: 0x600002107660>
2026-07-05 12:41:34.046899+0000 0x1b4df    Default     0x0                  44886  0    rayforge-app: (RunningBoardServices) [com.apple.runningboard:connection] Initializing connection
2026-07-05 12:41:34.046938+0000 0x1b4df    Default     0x0                  44886  0    rayforge-app: (RunningBoardServices) [com.apple.runningboard:process] Removing all cached process handles
2026-07-05 12:41:34.048923+0000 0x1b4df    Default     0x0                  44886  0    rayforge-app: (RunningBoardServices) [com.apple.runningboard:connection] Creating connection to com.apple.runningboard
2026-07-05 12:41:34.048952+0000 0x1b4df    Default     0x0                  44886  0    rayforge-app: (libxpc.dylib) [com.apple.xpc:connection] [0x102804a80] activating connection: mach=true listener=false peer=false name=com.apple.runningboard
2026-07-05 12:41:34.049031+0000 0x1b4e0    Default     0x0                  44886  0    rayforge-app: (RunningBoardServices) [com.apple.runningboard:connection] Sending handshake request attempt #1 to server
2026-07-05 12:41:34.049363+0000 0x1b4d2    Default     0x0                  44886  0    rayforge-app: (BoardServices) [com.apple.BoardServices:XPCErrors] [C:1] Alloc com.apple.frontboard.systemappservices
2026-07-05 12:41:34.049628+0000 0x1b4d2    Default     0x0                  44886  0    rayforge-app: (libxpc.dylib) [com.apple.xpc:connection] [0x102c08960] activating connection: mach=false listener=false peer=false name=(anonymous)
2026-07-05 12:41:34.052169+0000 0x1b4e0    Default     0x0                  44886  0    rayforge-app: (RunningBoardServices) [com.apple.runningboard:connection] Handshake succeeded
2026-07-05 12:41:34.052716+0000 0x1b4e4    Activity    0x3ae00              44886  0    rayforge-app: (RunningBoardServices) didChangeInheritances
2026-07-05 12:41:34.054448+0000 0x1b4e0    Default     0x0                  44886  0    rayforge-app: (RunningBoardServices) [com.apple.runningboard:connection] Identity resolved as app<org.rayforge.app((null))>
2026-07-05 12:41:34.055368+0000 0x1b4d2    Default     0x0                  44886  0    rayforge-app: (UIKitCore) [com.apple.UIKit:Application] Deactivation reason added: 10; deactivation reasons: 0 -> 1024; animating application lifecycle event: 0
2026-07-05 12:41:34.055599+0000 0x1b4d2    Default     0x0                  44886  0    rayforge-app: (BoardServices) [com.apple.BoardServices:Injection] activating monitor for service com.apple.frontboard.open
2026-07-05 12:41:34.055723+0000 0x1b4d2    Default     0x0                  44886  0    rayforge-app: (BoardServices) [com.apple.BoardServices:Injection] activating monitor for service com.apple.frontboard.workspace-service
2026-07-05 12:41:34.056030+0000 0x1b4d2    Default     0x0                  44886  0    rayforge-app: (FrontBoardServices) [com.apple.FrontBoard:Common] FBSWorkspace registering source: com.apple.frontboard.systemappservices
2026-07-05 12:41:34.056384+0000 0x1b4df    Default     0x0                  44886  0    rayforge-app: (UIKitCore) [com.apple.UIKit:BackgroundTask] Incrementing reference count for background assertion <BKSProcessAssertion: 0x600002107660>
2026-07-05 12:41:34.056765+0000 0x1b4df    Default     0x0                  44886  0    rayforge-app: (UIKitCore) [com.apple.UIKit:BackgroundTask] Created background task <_UIBackgroundTaskInfo: 0x60000170d180>: taskID = 1, taskName = Launch Background Task for Coalescing, creationTime = 1621 (elapsed = 0).
2026-07-05 12:41:34.056865+0000 0x1b4df    Default     0x0                  44886  0    rayforge-app: (FrontBoardServices) [com.apple.FrontBoard:SceneExtension] Realizing settings extension _UIApplicationSceneKeyboardSettings on FBSSceneSettings
2026-07-05 12:41:34.057161+0000 0x1b4d2    Default     0x0                  44886  0    rayforge-app: (FrontBoardServices) [com.apple.FrontBoard:Common] FBSWorkspace connected to endpoint : <BSServiceConnectionEndpoint: 0x600000206160; target: com.apple.frontboard.systemappservices; service: com.apple.frontboard.workspace-service>
2026-07-05 12:41:34.057222+0000 0x1b4d2    Default     0x0                  44886  0    rayforge-app: (FrontBoardServices) [com.apple.FrontBoard:Common] <FBSWorkspaceScenesClient:0x6000030041b0 com.apple.frontboard.systemappservices> attempting immediate handshake from activate
2026-07-05 12:41:34.057275+0000 0x1b4d2    Default     0x0                  44886  0    rayforge-app: (FrontBoardServices) [com.apple.FrontBoard:Common] <FBSWorkspaceScenesClient:0x6000030041b0 com.apple.frontboard.systemappservices> sent handshake
2026-07-05 12:41:34.057340+0000 0x1b4df    Default     0x0                  44886  0    rayforge-app: (FrontBoardServices) [com.apple.FrontBoard:SceneExtension] Realizing settings extension <_UISceneOcclusionSettings> on FBSSceneSettings
2026-07-05 12:41:34.057396+0000 0x1b4d2    Default     0x0                  44886  0    rayforge-app: (RunningBoardServices) [com.apple.runningboard:general] Added observer for process assertions expiration warning: <_RBSExpirationWarningClient: 0x600000203f60>
2026-07-05 12:41:34.057600+0000 0x1b4df    Default     0x0                  44886  0    rayforge-app: (FrontBoardServices) [com.apple.FrontBoard:SceneExtension] Realizing settings extension <_UISceneInterfaceProtectionSettings> on FBSSceneSettings
2026-07-05 12:41:34.057697+0000 0x1b4df    Default     0x0                  44886  0    rayforge-app: (FrontBoardServices) [com.apple.FrontBoard:SceneExtension] Realizing settings extension _UISceneLayoutPreferencesHostSettingsExtension on FBSSceneSettings
2026-07-05 12:41:34.057795+0000 0x1b4df    Default     0x0                  44886  0    rayforge-app: (FrontBoardServices) [com.apple.FrontBoard:SceneExtension] Realizing settings extension _UISceneSafeAreaSettingsExtension on FBSSceneSettings
2026-07-05 12:41:34.058057+0000 0x1b4df    Default     0x0                  44886  0    rayforge-app: (FrontBoardServices) [com.apple.FrontBoard:SceneExtension] Realizing settings extension _UISceneLayoutPreferenceClientSettingsExtension on FBSSceneClientSettings
2026-07-05 12:41:34.058239+0000 0x1b4df    Default     0x0                  44886  0    rayforge-app: (FrontBoardServices) [com.apple.FrontBoard:SceneExtension] Realizing settings extension <_UIHomeAffordanceHostSceneSettings> on FBSSceneSettings
2026-07-05 12:41:34.058329+0000 0x1b4df    Default     0x0                  44886  0    rayforge-app: (FrontBoardServices) [com.apple.FrontBoard:SceneExtension] Realizing settings extension _UISystemShellSceneHostingEnvironmentSettings on FBSSceneSettings
2026-07-05 12:41:34.058406+0000 0x1b4df    Default     0x0                  44886  0    rayforge-app: (FrontBoardServices) [com.apple.FrontBoard:SceneExtension] Realizing settings extension _UISceneRenderingEnvironmentSettings on FBSSceneSettings
2026-07-05 12:41:34.058514+0000 0x1b4df    Default     0x0                  44886  0    rayforge-app: (FrontBoardServices) [com.apple.FrontBoard:SceneExtension] Realizing settings extension <_UISceneRenderingEnvironmentClientSettings> on FBSSceneClientSettings
2026-07-05 12:41:34.058566+0000 0x1b4df    Default     0x0                  44886  0    rayforge-app: (FrontBoardServices) [com.apple.FrontBoard:SceneExtension] Realizing settings extension <_UISceneTransitioningHostSettings> on FBSSceneSettings
2026-07-05 12:41:34.058901+0000 0x1b4df    Default     0x0                  44886  0    rayforge-app: (FrontBoardServices) [com.apple.FrontBoard:SceneExtension] Realizing settings extension <_UISceneFocusSystemSettings> on FBSSceneSettings
2026-07-05 12:41:34.058958+0000 0x1b4df    Default     0x0                  44886  0    rayforge-app: (FrontBoardServices) [com.apple.FrontBoard:SceneExtension] Realizing settings extension _UISceneOrientationSettingsExtension on FBSSceneSettings
2026-07-05 12:41:34.059006+0000 0x1b4df    Default     0x0                  44886  0    rayforge-app: (FrontBoardServices) [com.apple.FrontBoard:SceneExtension] Realizing settings extension _UISceneOrientationClientSettingsExtension on FBSSceneClientSettings
2026-07-05 12:41:34.059070+0000 0x1b4df    Default     0x0                  44886  0    rayforge-app: (FrontBoardServices) [com.apple.FrontBoard:SceneExtension] Realizing settings extension _UISceneWindowingControlClientSettings on FBSSceneClientSettings
2026-07-05 12:41:34.059161+0000 0x1b4df    Default     0x0                  44886  0    rayforge-app: (FrontBoardServices) [com.apple.FrontBoard:SceneExtension] Realizing settings extension <_UISceneHostingContentSizePreferenceClientSettings> on FBSSceneClientSettings
2026-07-05 12:41:34.059227+0000 0x1b4df    Default     0x0                  44886  0    rayforge-app: (FrontBoardServices) [com.apple.FrontBoard:SceneExtension] Realizing settings extension _UISceneHostingTraitCollectionPropagationSettings on FBSSceneSettings
2026-07-05 12:41:34.059654+0000 0x1b4df    Default     0x0                  44886  0    rayforge-app: (FrontBoardServices) [com.apple.FrontBoard:SceneExtension] Realizing settings extension <_UISceneHostingSheetPresentationSettings> on FBSSceneSettings
2026-07-05 12:41:34.059742+0000 0x1b4df    Default     0x0                  44886  0    rayforge-app: (FrontBoardServices) [com.apple.FrontBoard:SceneExtension] Realizing settings extension <_UISceneHostingSheetPresentationClientSettings> on FBSSceneClientSettings
2026-07-05 12:41:34.059811+0000 0x1b4df    Default     0x0                  44886  0    rayforge-app: (FrontBoardServices) [com.apple.FrontBoard:SceneExtension] Realizing settings extension <_UISceneHostingEventDeferringSettings> on FBSSceneSettings
2026-07-05 12:41:34.059950+0000 0x1b4df    Default     0x0                  44886  0    rayforge-app: (FrontBoardServices) [com.apple.FrontBoard:SceneExtension] Realizing settings extension <UIKit__UITypedKeyValueSceneSettings> on FBSSceneSettings
2026-07-05 12:41:34.060051+0000 0x1b4df    Default     0x0                  44886  0    rayforge-app: (FrontBoardServices) [com.apple.FrontBoard:SceneExtension] Realizing settings extension <UIKit__UITypedKeyValueSceneSettings> on FBSSceneClientSettings
2026-07-05 12:41:34.060120+0000 0x1b4df    Default     0x0                  44886  0    rayforge-app: (FrontBoardServices) [com.apple.FrontBoard:SceneExtension] Realizing settings extension <_UISceneHostingViewControllerPreferencePropagationClientSettings> on FBSSceneClientSettings
2026-07-05 12:41:34.060605+0000 0x1b4df    Default     0x0                  44886  0    rayforge-app: (FrontBoardServices) [com.apple.FrontBoard:SceneExtension] Realizing settings extension <_UISceneZoomTransitionSettings> on FBSSceneSettings
2026-07-05 12:41:34.062286+0000 0x1b4d2    Default     0x0                  44886  0    rayforge-app: (UIKitCore) [com.apple.UIKit:UIScreen] Evaluated capturing state as 0 on <UIScreen: 0x102c0afe0> for initial
2026-07-05 12:41:34.062474+0000 0x1b4d2    Default     0x0                  44886  0    rayforge-app: (UIKitCore) [com.apple.UIKit:UIScreen] Evaluated capturing state as 0 on <UIScreen: 0x102c0afe0> for CADisplay KVO
2026-07-05 12:41:34.063264+0000 0x1b4d2    Default     0x0                  44886  0    rayforge-app: (libAccessibility.dylib) [com.apple.Accessibility:AXSupportCommon] Read CategoryName: per-app = 1, category name = (null)
2026-07-05 12:41:34.063459+0000 0x1b4d2    Default     0x0                  44886  0    rayforge-app: (libAccessibility.dylib) [com.apple.Accessibility:AXSupportCommon] Read CategoryName: per-app = 0, category name = (null)
2026-07-05 12:41:34.069657+0000 0x1b4d2    Default     0x0                  44886  0    rayforge-app: (XCTTargetBootstrap) [com.apple.dt.xctest:Default] Registering for test daemon availability notify post.
2026-07-05 12:41:34.070483+0000 0x1b4e3    Default     0x0                  44886  0    rayforge-app: (FrontBoardServices) [com.apple.FrontBoard:SceneExtension] Realizing settings extension FBSSceneSettingsCore on FBSSceneSettings
2026-07-05 12:41:34.071505+0000 0x1b4e3    Default     0x0                  44886  0    rayforge-app: (FrontBoardServices) [com.apple.FrontBoard:SceneExtension] Realizing settings extension FBSSceneClientSettingsCore on FBSSceneClientSettings
2026-07-05 12:41:34.072820+0000 0x1b4d2    Default     0x0                  44886  0    rayforge-app: (XCTTargetBootstrap) [com.apple.dt.xctest:Default] notify_get_state check indicated test daemon not ready.
2026-07-05 12:41:34.073025+0000 0x1b4d2    Default     0x0                  44886  0    rayforge-app: (XCTTargetBootstrap) [com.apple.dt.xctest:Default] notify_get_state check indicated test daemon not ready.
2026-07-05 12:41:34.073138+0000 0x1b4d2    Default     0x0                  44886  0    rayforge-app: (XCTTargetBootstrap) [com.apple.dt.xctest:Default] notify_get_state check indicated test daemon not ready.
2026-07-05 12:41:34.073920+0000 0x1b4d2    Default     0x0                  44886  0    rayforge-app: (UIKitCore) [com.apple.UIKit:UpdateScheduler] Selected display: name=LCD (PurpleMain), id=1
2026-07-05 12:41:34.074557+0000 0x1b4e3    Default     0x0                  44886  0    rayforge-app: (FrontBoardServices) [com.apple.FrontBoard:SceneExtension] UIMutableApplicationSceneSettings setting counterpart class: UIApplicationSceneSettings
2026-07-05 12:41:34.074763+0000 0x1b4e3    Default     0x0                  44886  0    rayforge-app: (FrontBoardServices) [com.apple.FrontBoard:SceneExtension] UIMutableApplicationSceneClientSettings setting counterpart class: UIApplicationSceneClientSettings
2026-07-05 12:41:34.074866+0000 0x1b4e3    Default     0x0                  44886  0    rayforge-app: (FrontBoardServices) [com.apple.FrontBoard:SceneExtension] Realizing settings extension FBSSceneTransitionContextCore on FBSSceneTransitionContext
2026-07-05 12:41:34.076394+0000 0x1b4d2    Default     0x0                  44886  0    rayforge-app: (UIKitCore) [com.apple.UIKit:BackgroundTask] Will add backgroundTask with taskName: Persistent SceneSession Map Update, expirationHandler: <__NSGlobalBlock__: 0x1e61729e0>
2026-07-05 12:41:34.076485+0000 0x1b4d2    Default     0x0                  44886  0    rayforge-app: (UIKitCore) [com.apple.UIKit:BackgroundTask] Reusing background assertion <BKSProcessAssertion: 0x600002107660>
2026-07-05 12:41:34.076877+0000 0x1b4d2    Default     0x0                  44886  0    rayforge-app: (UIKitCore) [com.apple.UIKit:BackgroundTask] Incrementing reference count for background assertion <BKSProcessAssertion: 0x600002107660>
2026-07-05 12:41:34.076930+0000 0x1b4d2    Default     0x0                  44886  0    rayforge-app: (UIKitCore) [com.apple.UIKit:BackgroundTask] Created background task <_UIBackgroundTaskInfo: 0x60000170d940>: taskID = 2, taskName = Persistent SceneSession Map Update, creationTime = 1621 (elapsed = 0).
2026-07-05 12:41:34.077138+0000 0x1b4d2    Default     0x0                  44886  0    rayforge-app: (UIKitCore) [com.apple.UIKit:Application] Deactivation reason added: 5; deactivation reasons: 1024 -> 1056; animating application lifecycle event: 1
2026-07-05 12:41:34.077559+0000 0x1b4d2    Default     0x0                  44886  0    rayforge-app: (UIKitCore) [com.apple.UIKit:InterfaceStyle] Not push traits update to screen for new style 1, <UIWindowScene: 0x102c0c260> (E43B1B75-D1A6-4A88-BF8D-40135B3DE044)
2026-07-05 12:41:34.077634+0000 0x1b4d2    Default     0x0                  44886  0    rayforge-app: (UIKitCore) [com.apple.UIKit:InterfaceStyle] Should send trait collection or coordinate space update, interface style 1 -> 1, <UIWindowScene: 0x102c0c260> (E43B1B75-D1A6-4A88-BF8D-40135B3DE044)
2026-07-05 12:41:34.078160+0000 0x1b4d2    Default     0x0                  44886  0    rayforge-app: (UIKitCore) [com.apple.UIKit:InterfaceStyle] Not push traits update to screen for new style 1, <UIWindowScene: 0x102c0c260> (E43B1B75-D1A6-4A88-BF8D-40135B3DE044)
2026-07-05 12:41:34.078618+0000 0x1b4d2    Default     0x0                  44886  0    rayforge-app: (UIKitCore) [com.apple.UIKit:HomeAffordanceObservation] Initializing: <_UIHomeAffordanceSceneNotifier: 0x60000290c850>; with scene: <UIWindowScene: 0x102c0c260>
2026-07-05 12:41:34.078701+0000 0x1b4d2    Default     0x0                  44886  0    rayforge-app: (BacklightServices) [com.apple.BacklightServices:scenes] 0x600000c14f30 setDelegate:<0x600000c14de0 _UIBacklightEnvironment> hasDelegate:YES for environment:sceneID:org.rayforge.app-default
2026-07-05 12:41:34.079078+0000 0x1b4d2    Default     0x0                  44886  0    rayforge-app: (UIKitCore) [com.apple.UIKit:InterfaceStyle] Not push traits update to screen for new style 1, <UIWindowScene: 0x102c0c260> (E43B1B75-D1A6-4A88-BF8D-40135B3DE044)
2026-07-05 12:41:34.079132+0000 0x1b4d2    Default     0x0                  44886  1    rayforge-app: (UIKitCore) [com.apple.UIKit:EventDeferring] [0x60000290ce70] Initialized with scene: <UIWindowScene: 0x102c0c260>; behavior: <_UIEventDeferringBehavior_iOS: 0x60000021d0a0>; availableForProcess: 1, systemShellManagesKeyboardFocus: 1
2026-07-05 12:41:34.079475+0000 0x1b4d2    Default     0x0                  44886  0    rayforge-app: (BoardServices) [com.apple.BoardServices:XPCErrors] [C:2] Alloc com.apple.backboard.hid-services.xpc
2026-07-05 12:41:34.079523+0000 0x1b4d2    Default     0x0                  44886  0    rayforge-app: (libxpc.dylib) [com.apple.xpc:connection] [0x102c0d660] activating connection: mach=false listener=false peer=false name=(anonymous)
2026-07-05 12:41:34.081135+0000 0x1b4d2    Default     0x0                  44886  0    rayforge-app: (BackBoardServices) [com.apple.BackBoard:EventDelivery] policyStatus:<BKSHIDEventDeliveryPolicyObserver: 0x60000260a880; process scope; status: target> was:none
2026-07-05 12:41:34.081233+0000 0x1b4d2    Default     0x0                  44886  1    rayforge-app: (UIKitCore) [com.apple.UIKit:KeyWindow] Setting default evaluation strategy for UIUserInterfaceIdiomPad to LastOneWins
2026-07-05 12:41:34.081269+0000 0x1b4d2    Default     0x0                  44886  1    rayforge-app: (UIKitCore) [com.apple.UIKit:KeyWindow] Scene target of keyboard event deferring environment did change: 1; scene: UIWindowScene: 0x102c0c260; scene identity: com.apple.frontboard.systemappservices/FBSceneManager:sceneID%3Aorg.rayforge.app-default
2026-07-05 12:41:34.081340+0000 0x1b4d2    Default     0x0                  44886  0    rayforge-app: (UIKitCore) [com.apple.UIKit:UIFocus] Focus system enabled
2026-07-05 12:41:34.082438+0000 0x1b4d2    Default     0x0                  44886  0    rayforge-app: (UIKitCore) [com.apple.UIKit:UIFocus] Failed to update focus with context <UIFocusUpdateContext: 0x600003008510; previouslyFocusedItem: (nil); nextFocusedItem: (nil); focusHeading: None>. No additional info available.
2026-07-05 12:41:34.082580+0000 0x1b4d2    Default     0x0                  44886  0    rayforge-app: (UIKitCore) [com.apple.UIKit:InterfaceStyle] Not push traits update to screen for new style 1, <UIWindowScene: 0x102c0c260> (E43B1B75-D1A6-4A88-BF8D-40135B3DE044)
2026-07-05 12:41:34.082975+0000 0x1b4d2    Default     0x0                  44886  1    rayforge-app: (UIKitCore) [com.apple.UIKit:EventDeferring] [0x60000290ce70] Scene target of event deferring environments did update: scene: 0x102c0c260; current systemShellManagesKeyboardFocus: 1; systemShellManagesKeyboardFocusForScene: 1; eligibleForRecordRemoval: 1;
2026-07-05 12:41:34.082999+0000 0x1b4d2    Default     0x0                  44886  1    rayforge-app: (UIKitCore) [com.apple.UIKit:KeyWindow] Scene became target of keyboard event deferring environment: UIWindowScene: 0x102c0c260; scene identity: com.apple.frontboard.systemappservices/FBSceneManager:sceneID%3Aorg.rayforge.app-default
2026-07-05 12:41:34.083018+0000 0x1b4d2    Default     0x0                  44886  1    rayforge-app: (UIKitCore) [com.apple.UIKit:KeyWindow] Stack[KeyWindow] 0x600000c14450: Taking no further action for migration from LastOneWins -> SystemShellManaged as there are no scenes
2026-07-05 12:41:34.083033+0000 0x1b4d2    Default     0x0                  44886  1    rayforge-app: (UIKitCore) [com.apple.UIKit:KeyWindow] Setting default evaluation strategy for UIUserInterfaceIdiomPad to SystemShellManaged
2026-07-05 12:41:34.083679+0000 0x1b4d2    Default     0x0                  44886  1    rayforge-app: (UIKitCore) [com.apple.UIKit:KeyWindow] Key window needs update: 0; currentKeyWindowScene: 0x0; evaluatedKeyWindowScene: 0x102c0c260; currentApplicationKeyWindow: 0x0; evaluatedApplicationKeyWindow: 0x0; reason: UIWindowScene: 0x102c0c260: Window scene became target of keyboard environment
2026-07-05 12:41:34.083886+0000 0x1b4d2    Default     0x0                  44886  0    rayforge-app: (UIKitCore) [com.apple.UIKit:InterfaceStyle] Not push traits update to screen for new style 1, <UIWindowScene: 0x102c0c260> (E43B1B75-D1A6-4A88-BF8D-40135B3DE044)
2026-07-05 12:41:34.084612+0000 0x1b4d2    Default     0x0                  44886  0    rayforge-app: (UIKitCore) [com.apple.UIKit:InterfaceStyle] Not push traits update to screen for new style 1, <UIWindowScene: 0x102c0c260> (E43B1B75-D1A6-4A88-BF8D-40135B3DE044)
2026-07-05 12:41:34.085635+0000 0x1b4d2    Fault       0x3ae01              44886  14   rayforge-app: (UIKitCore) [com.apple.runtime-issues:UIKit App Config] `UIScene` lifecycle will soon be required. Failure to adopt will result in an assert in the future.
2026-07-05 12:41:34.085636+0000 0x1b4d2    Activity    0x3ae01              44886  0    rayforge-app: (libsystem_trace.dylib) Activity for state dumps
2026-07-05 12:41:34.085896+0000 0x1b4d2    Default     0x0                  44886  0    rayforge-app: (UIKitCore) [com.apple.UIKit:InterfaceStyle] Not push traits update to screen for new style 1, <UIWindowScene: 0x102c0c260> (E43B1B75-D1A6-4A88-BF8D-40135B3DE044)
2026-07-05 12:41:34.090002+0000 0x1b4d2    Default     0x0                  44886  0    rayforge-app: (UIKitCore) [com.apple.UIKit:AppLifecycle] sceneOfRecord: sceneID: sceneID:org.rayforge.app-default  persistentID: E43B1B75-D1A6-4A88-BF8D-40135B3DE044
2026-07-05 12:41:34.090330+0000 0x1b4d2    Default     0x0                  44886  0    rayforge-app: (UIKitCore) [com.apple.UIKit:Application] Ignoring already applied deactivation reason: 5; deactivation reasons: 1056
2026-07-05 12:41:34.090490+0000 0x1b4d2    Default     0x0                  44886  0    rayforge-app: (UIKitCore) [com.apple.UIKit:Application] Deactivation reason added: 11; deactivation reasons: 1056 -> 3104; animating application lifecycle event: 1
2026-07-05 12:41:34.090639+0000 0x1b4d2    Default     0x0                  44886  0    rayforge-app: (UIKitCore) [com.apple.KeyboardArbiter:Client] startConnection
2026-07-05 12:41:34.091561+0000 0x1b4e1    Activity    0x3ae02              44886  0    rayforge-app: (CoreFoundation) Loading Preferences From User Session CFPrefsD
2026-07-05 12:41:34.092873+0000 0x1b4d2    Default     0x0                  44886  0    rayforge-app: (libxpc.dylib) [com.apple.xpc:connection] [0x102d05480] activating connection: mach=true listener=false peer=false name=com.apple.UIKit.KeyboardManagement.hosted
2026-07-05 12:41:34.094119+0000 0x1b4e6    Default     0x0                  44886  0    rayforge-app: (BackBoardServices) [com.apple.BackBoard:EventDelivery] BKSHIDEventObserver - connection activation
2026-07-05 12:41:34.099045+0000 0x1b4e7    Default     0x0                  44886  0    rayforge-app: (BoardServices) [com.apple.BoardServices:XPCErrors] [C:3] Alloc com.apple.PointerUI.pointeruid.service
2026-07-05 12:41:34.099181+0000 0x1b4e7    Default     0x0                  44886  0    rayforge-app: (libxpc.dylib) [com.apple.xpc:connection] [0x102d0bca0] activating connection: mach=false listener=false peer=false name=(anonymous)
2026-07-05 12:41:34.106130+0000 0x1b4d2    Default     0x0                  44886  0    rayforge-app: (UIKitCore) [com.apple.UIKit:PointerLockState] preferredPointerLockStatus updated: scene: <UIWindowScene: 0x102c0c260; role: UIWindowSceneSessionRoleApplication; persistentIdentifier: E43B1B75-D1A6-4A88-BF8D-40135B3DE044; activationState: UISceneActivationStateForegroundInactive>; viewController: <GdkIOSViewController: 0x102d0a590>; preferredPointerLockStatus: _UIPointerLockStatusUnlocked
2026-07-05 12:41:34.106396+0000 0x1b4d2    Default     0x0                  44886  0    rayforge-app: (UIKitCore) [com.apple.UIKit:Orientation] <UIWindowScene: 0x102c0c260> (E43B1B75-D1A6-4A88-BF8D-40135B3DE044) Scene updated orientation preferences: none -> ( Pu Ll Lr Pd )
2026-07-05 12:41:34.106563+0000 0x1b4d2    Default     0x0                  44886  1    rayforge-app: (UIKitCore) [com.apple.UIKit:KeyWindow] Key window API is scene-level: YES
2026-07-05 12:41:34.106946+0000 0x1b4d2    Default     0x0                  44886  1    rayforge-app: (UIKitCore) [com.apple.UIKit:KeyWindow] UIWindowScene: 0x102c0c260: Window became key in scene: UIWindow: 0x102d07490; contextId: 0xB357C8CF: reason: UIWindowScene: 0x102c0c260: Window requested to become key in scene: 0x102d07490
2026-07-05 12:41:34.106972+0000 0x1b4d2    Default     0x0                  44886  1    rayforge-app: (UIKitCore) [com.apple.UIKit:KeyWindow] Key window needs update: 1; currentKeyWindowScene: 0x0; evaluatedKeyWindowScene: 0x102c0c260; currentApplicationKeyWindow: 0x0; evaluatedApplicationKeyWindow: 0x102d07490; reason: UIWindowScene: 0x102c0c260: Window requested to become key in scene: 0x102d07490
2026-07-05 12:41:34.107000+0000 0x1b4d2    Default     0x0                  44886  1    rayforge-app: (UIKitCore) [com.apple.UIKit:KeyWindow] Window did become application key: UIWindow: 0x102d07490; contextId: 0xB357C8CF; scene identity: com.apple.frontboard.systemappservices/FBSceneManager:sceneID%3Aorg.rayforge.app-default
2026-07-05 12:41:34.107054+0000 0x1b4d2    Default     0x0                  44886  1    rayforge-app: (UIKitCore) [com.apple.UIKit:EventDeferring] [0x60000290ce70] Begin local event deferring requested for token: 0x60000260dc80; environments: 1; reason: UIWindowScene: 0x102c0c260: Begin event deferring in keyboardFocus for window: 0x102d07490
2026-07-05 12:41:34.109280+0000 0x1b4d2    Default     0x0                  44886  0    rayforge-app: (UIKitCore) [com.apple.UIKit:KeyboardSceneDelegate] Reloading input views for key-window scene responder: <GdkIOSView: 0x102d0ad30; frame = (0 0; 1032 1376); > force:N
2026-07-05 12:41:34.110533+0000 0x1b4d2    Default     0x0                  44886  0    rayforge-app: (UIKitCore) [com.apple.UIKit:KeyboardSceneDelegate] _reloadInputViewsForKeyWindowSceneResponder: 1 force: 0, fromBecomeFirstResponder: 1 (automaticKeyboard: 1, reloadIdentifier: 5CFB3E7A-60D2-47FC-AD54-EFDE4BC5101C)
2026-07-05 12:41:34.110719+0000 0x1b4d2    Default     0x0                  44886  0    rayforge-app: (UIKitCore) [com.apple.UIKit:KeyboardSceneDelegate] _inputViewsForResponder: <GdkIOSView: 0x102d0ad30; frame = (0 0; 1032 1376); >, automaticKeyboard: 1, force: 0
2026-07-05 12:41:34.110838+0000 0x1b4d2    Default     0x0                  44886  0    rayforge-app: (UIKitCore) [com.apple.UIKit:KeyboardSceneDelegate] _inputViewsForResponder, found custom inputView: <(null): 0x0>, customInputViewController: <(null): 0x0>
2026-07-05 12:41:34.110872+0000 0x1b4d2    Default     0x0                  44886  0    rayforge-app: (UIKitCore) [com.apple.UIKit:KeyboardSceneDelegate] _inputViewsForResponder, found inputAccessoryView: <(null): 0x0>
2026-07-05 12:41:34.110981+0000 0x1b4d2    Default     0x0                  44886  0    rayforge-app: (UIKitCore) [com.apple.UIKit:KeyboardSceneDelegate] _inputViewsForResponder, responderRequiresKeyboard 0 (automaticKeyboardEnabled: 1, activeInstance: <(null): 0x0>, self.isOnScreen: 0, requiresKBWhenFirstResponder: 0)
2026-07-05 12:41:34.111067+0000 0x1b4d2    Default     0x0                  44886  0    rayforge-app: (UIKitCore) [com.apple.UIKit:KeyboardSceneDelegate] _inputViewsForResponder, useKeyboard 0 (allowsSystemInputView: 1, !inputView <(null): 0x0>, responderRequiresKeyboard 0)
2026-07-05 12:41:34.111157+0000 0x1b4d2    Default     0x0                  44886  0    rayforge-app: (UIKitCore) [com.apple.UIKit:KeyboardSceneDelegate] _inputViewsForResponder, configuring _responderWithoutAutomaticAppearanceEnabled: <(null): 0x0> (_automaticAppearEnabled: 1)
2026-07-05 12:41:34.111287+0000 0x1b4d2    Default     0x0                  44886  0    rayforge-app: (UIKitCore) [com.apple.UIKit:KeyboardSceneDelegate] _inputViewsForResponder, needsIVPlaceholder: 0, needsIAVPlaceholder: 0, needsInputSetWithPlaceholder: 0
2026-07-05 12:41:34.111440+0000 0x1b4d2    Default     0x0                  44886  0    rayforge-app: (UIKitCore) [com.apple.UIKit:KeyboardSceneDelegate] _inputViewsForResponder returning: <<UIInputViewSet: 0x600003704d80>; (empty)>
2026-07-05 12:41:34.113655+0000 0x1b4d2    Default     0x0                  44886  0    rayforge-app: (UIKitCore) [com.apple.UIKit:Application] Deactivation reason removed: 10; deactivation reasons: 3104 -> 2080; animating application lifecycle event: 1
2026-07-05 12:41:34.116763+0000 0x1b4d2    Default     0x0                  44886  0    rayforge-app: (UIKitCore) [com.apple.UIKit:Application] Deactivation reason added: 12; deactivation reasons: 2080 -> 6176; animating application lifecycle event: 1
2026-07-05 12:41:34.117251+0000 0x1b4d2    Default     0x0                  44886  0    rayforge-app: (UIKitCore) [com.apple.UIKit:Application] Deactivation reason removed: 11; deactivation reasons: 6176 -> 4128; animating application lifecycle event: 1
2026-07-05 12:41:34.119533+0000 0x1b4d2    Default     0x0                  44886  0    rayforge-app: (FrontBoardServices) [com.apple.FrontBoard:SceneExtension] Realizing settings extension <_UISceneIntelligenceSupportSettings> on FBSSceneSettings
2026-07-05 12:41:34.122861+0000 0x1b4d2    Default     0x0                  44886  0    rayforge-app: (UIKitCore) [com.apple.UIKit:InterfaceStyle] Not push traits update to screen for new style 1, <UIWindowScene: 0x102c0c260> (E43B1B75-D1A6-4A88-BF8D-40135B3DE044)
2026-07-05 12:41:34.125779+0000 0x1b4d2    Default     0x0                  44886  0    rayforge-app: (UIKitCore) [com.apple.UIKit:UIFocus] Failed to update focus with context <UIFocusUpdateContext: 0x600003008510; previouslyFocusedItem: (nil); nextFocusedItem: (nil); focusHeading: None>. No additional info available.
2026-07-05 12:41:34.128045+0000 0x1b4d2    Default     0x0                  44886  0    rayforge-app: (libxpc.dylib) [com.apple.xpc:connection] [0x102c0c910] activating connection: mach=true listener=false peer=false name=com.apple.lsd.mapdb
2026-07-05 12:41:34.135133+0000 0x1b4d2    Default     0x0                  44886  0    rayforge-app: (Network) [com.apple.network:activity] Create activity from XPC object <nw_activity 50:1 [CDAFB427-F1E7-4B1E-92D2-2D5F9454EBE3] (reporting strategy default)>
2026-07-05 12:41:34.135337+0000 0x1b4d2    Default     0x0                  44886  0    rayforge-app: (Network) [com.apple.network:activity] Create activity from XPC object <nw_activity 50:2 [ED9A5F72-6672-4FDF-8736-204EA2ECA61D] (reporting strategy default)>
2026-07-05 12:41:34.135429+0000 0x1b4d2    Default     0x0                  44886  0    rayforge-app: (Network) [com.apple.network:activity] Set activity <nw_activity 50:1 [CDAFB427-F1E7-4B1E-92D2-2D5F9454EBE3] (reporting strategy default)> as the global parent
2026-07-05 12:41:34.135546+0000 0x1b4d2    Default     0x0                  44886  0    rayforge-app: (UIKitCore) [com.apple.UIKit:BackgroundTask] Ending background task with UIBackgroundTaskIdentifier: 1
2026-07-05 12:41:34.135638+0000 0x1b4d2    Default     0x0                  44886  0    rayforge-app: (UIKitCore) [com.apple.UIKit:BackgroundTask] Ending task with identifier 1 and description: <_UIBackgroundTaskInfo: 0x60000170d180>: taskID = 1, taskName = Launch Background Task for Coalescing, creationTime = 1621 (elapsed = 0), _expireHandler: (null)
2026-07-05 12:41:34.135738+0000 0x1b4d2    Default     0x0                  44886  0    rayforge-app: (UIKitCore) [com.apple.UIKit:BackgroundTask] Decrementing reference count for assertion <BKSProcessAssertion: 0x600002107660> (used by background task with identifier 1: <_UIBackgroundTaskInfo: 0x60000170d180>: taskID = 1, taskName = Launch Background Task for Coalescing, creationTime = 1621 (elapsed = 0))
2026-07-05 12:41:34.137024+0000 0x1b4e3    Default     0x0                  44886  0    rayforge-app: (CoreAnalytics) [com.apple.CoreAnalytics:client] No XPC connection in Simulator
2026-07-05 12:41:34.140371+0000 0x1b4e1    Default     0x0                  44886  0    rayforge-app: (UIIntelligenceSupport) [com.apple.UIIntelligenceSupport:xpc] establishing connection to agent
2026-07-05 12:41:34.170439+0000 0x1b4e0    Default     0x0                  44886  0    rayforge-app: (BackBoardServices) [com.apple.BackBoard:EventDelivery] BKSHIDEventDeliveryManager - connection activation
2026-07-05 12:41:34.181128+0000 0x1b4e3    Error       0x0                  44886  0    rayforge-app: (libapp_launch_measurement.dylib) [com.apple.app_launch_measurement:General] Failed to send CA Event for app launch measurements for ca_event_type: 0 event_name: com.apple.app_launch_measurement.FirstFramePresentationMetric
2026-07-05 12:41:34.185508+0000 0x1b4e1    Default     0x0                  44886  0    rayforge-app: (libxpc.dylib) [com.apple.xpc:session] [0x6000021165d0] Session created.
2026-07-05 12:41:34.199492+0000 0x1b4e3    Default     0x0                  44886  0    rayforge-app: (BackBoardServices) [com.apple.BackBoard:EventDelivery] policyStatus:<BKSHIDEventDeliveryPolicyObserver: 0x60000260a880; token: com.apple.frontboard.systemappservices/FBSceneManager:sceneID%3Aorg.rayforge.app-default; status: ancestor> was:target
2026-07-05 12:41:34.203727+0000 0x1b4e1    Default     0x0                  44886  0    rayforge-app: (libxpc.dylib) [com.apple.xpc:session] [0x6000021165d0] Session created from connection [0x102d0b580]
2026-07-05 12:41:34.203862+0000 0x1b4e1    Default     0x0                  44886  0    rayforge-app: (libxpc.dylib) [com.apple.xpc:connection] [0x102d0b580] activating connection: mach=true listener=false peer=false name=com.apple.uiintelligencesupport.agent
2026-07-05 12:41:34.222996+0000 0x1b4e1    Default     0x0                  44886  0    rayforge-app: (libxpc.dylib) [com.apple.xpc:session] [0x6000021165d0] Session activated
2026-07-05 12:41:34.297880+0000 0x1b4e1    Activity    0x3ae03              44886  0    rayforge-app: (RunningBoardServices) didChangeInheritances
2026-07-05 12:41:34.589831+0000 0x1b4e5    Default     0x0                  44886  0    rayforge-app: (UIKitCore) [com.apple.UIKit:BackgroundTask] Ending background task with UIBackgroundTaskIdentifier: 2
2026-07-05 12:41:34.591225+0000 0x1b4e5    Default     0x0                  44886  0    rayforge-app: (UIKitCore) [com.apple.UIKit:BackgroundTask] Ending task with identifier 2 and description: <_UIBackgroundTaskInfo: 0x60000170d940>: taskID = 2, taskName = Persistent SceneSession Map Update, creationTime = 1621 (elapsed = 1), _expireHandler: <__NSGlobalBlock__: 0x1e61729e0>
2026-07-05 12:41:34.591304+0000 0x1b4e5    Default     0x0                  44886  0    rayforge-app: (UIKitCore) [com.apple.UIKit:BackgroundTask] Decrementing reference count for assertion <BKSProcessAssertion: 0x600002107660> (used by background task with identifier 2: <_UIBackgroundTaskInfo: 0x60000170d940>: taskID = 2, taskName = Persistent SceneSession Map Update, creationTime = 1621 (elapsed = 1))
2026-07-05 12:41:34.591333+0000 0x1b4e5    Default     0x0                  44886  0    rayforge-app: (UIKitCore) [com.apple.UIKit:BackgroundTask] Will invalidate assertion: <BKSProcessAssertion: 0x600002107660> for task identifier: 2
2026-07-05 12:41:34.930396+0000 0x1b4e5    Activity    0x3ae04              44886  0    rayforge-app: (RunningBoardServices) didChangeInheritances
2026-07-05 12:41:35.216070+0000 0x1b4e1    Activity    0x3ae05              44886  0    rayforge-app: (RunningBoardServices) didChangeInheritances
2026-07-05 12:41:51.018417+0000 0x1b4e1    Default     0x0                  44886  0    rayforge-app: (libxpc.dylib) [com.apple.xpc:connection] [0x102d05480] Re-initialization successful; calling out to event handler with XPC_ERROR_CONNECTION_INTERRUPTED
2026-07-05 12:41:51.018732+0000 0x1b4e1    Error       0x0                  44886  0    rayforge-app: (UIKitCore) [com.apple.KeyboardArbiter:Client] XPC connection interrupted
2026-07-05 12:43:05.160222+0000 0x1b4d2    Default     0x0                  44886  0    rayforge-app: (UIKitCore) [com.apple.UIKit:EventBus] Event Timing Profile for Touch: not found, path="/System/Library/EventTimingProfiles/Sim.Touch.plist"
2026-07-05 12:43:05.160684+0000 0x1b4d2    Default     0x0                  44886  0    rayforge-app: (UIKitCore) [com.apple.UIKit:EventBus] Event Timing Profile for Pencil: not found, path="/System/Library/EventTimingProfiles/Sim.Pencil.plist"
2026-07-05 12:43:05.161069+0000 0x1b4d2    Default     0x0                  44886  0    rayforge-app: (UIKitCore) [com.apple.UIKit:UpdateScheduler] Target list changed: <CADisplay:LCD PurpleMain>
2026-07-05 12:43:05.166948+0000 0x1b4d2    Default     0x0                  44886  0    rayforge-app: (UIKitCore) [com.apple.UIKit:AppLifecycle] sceneOfRecord: sceneID: sceneID:org.rayforge.app-default  persistentID: E43B1B75-D1A6-4A88-BF8D-40135B3DE044
2026-07-05 12:43:05.170564+0000 0x1b4d2    Default     0x0                  44886  0    rayforge-app: (UIKitCore) [com.apple.UIKit:InterfaceStyle] Not push traits update to screen for new style 1, <UIWindowScene: 0x102c0c260> (E43B1B75-D1A6-4A88-BF8D-40135B3DE044)
2026-07-05 12:43:05.172016+0000 0x1b4d2    Default     0x0                  44886  1    rayforge-app: (UIKitCore) [com.apple.UIKit:EventDeferring] [0x60000290ce70] Scene target of event deferring environments did update: scene: 0x102c0c260; current systemShellManagesKeyboardFocus: 1; systemShellManagesKeyboardFocusForScene: 1; eligibleForRecordRemoval: 1;
2026-07-05 12:43:05.172079+0000 0x1b4d2    Default     0x0                  44886  1    rayforge-app: (UIKitCore) [com.apple.UIKit:KeyWindow] Scene became target of keyboard event deferring environment: UIWindowScene: 0x102c0c260; scene identity: com.apple.frontboard.systemappservices/FBSceneManager:sceneID%3Aorg.rayforge.app-default
2026-07-05 12:43:05.174526+0000 0x1b4d2    Default     0x0                  44886  0    rayforge-app: (libAccessibility.dylib) [com.apple.Accessibility:AXCommon] Read Per-App on Init: Smart invert = (null)
2026-07-05 12:43:05.174699+0000 0x1b4d2    Error       0x0                  44886  0    rayforge-app: (libapp_launch_measurement.dylib) [com.apple.app_launch_measurement:General] CA Telemetry timedout after 20 seconds due to app launch has not reached all responsive milestones
2026-07-05 12:43:05.175367+0000 0x1b4e6    Error       0x0                  44886  0    rayforge-app: (libapp_launch_measurement.dylib) [com.apple.app_launch_measurement:General] Failed to send CA Event for app launch measurements for ca_event_type: 1 event_name: com.apple.app_launch_measurement.ExtendedLaunchMetrics
2026-07-05 12:43:05.177093+0000 0x1b4d2    Default     0x0                  44886  0    rayforge-app: (UIKitCore) [com.apple.KeyboardArbiter:Client] startConnection
2026-07-05 12:43:05.178913+0000 0x1b4d2    Default     0x0                  44886  0    rayforge-app: (UIKitCore) [com.apple.UIKit:InterfaceStyle] Not push traits update to screen for new style 1, <UIWindowScene: 0x102c0c260> (E43B1B75-D1A6-4A88-BF8D-40135B3DE044)
2026-07-05 12:43:05.183284+0000 0x1b4d2    Default     0x0                  44886  0    rayforge-app: (UIKitCore) [com.apple.UIKit:AppLifecycle] sceneOfRecord: sceneID: sceneID:org.rayforge.app-default  persistentID: E43B1B75-D1A6-4A88-BF8D-40135B3DE044
2026-07-05 12:43:05.183432+0000 0x1b4d2    Default     0x0                  44886  0    rayforge-app: (UIKitCore) [com.apple.UIKit:Application] Deactivation reason removed: 12; deactivation reasons: 4128 -> 32; animating application lifecycle event: 1
2026-07-05 12:43:05.183488+0000 0x1b4d2    Default     0x0                  44886  0    rayforge-app: (UIKitCore) [com.apple.KeyboardArbiter:Client] Send setDeactivating: N (-DeactivationReason:SuspendedEventsOnly)
2026-07-05 12:43:05.185711+0000 0x1b4d2    Default     0x0                  44886  0    rayforge-app: (UIKitCore) [com.apple.UIKit:Application] Deactivation reason removed: 5; deactivation reasons: 32 -> 0; animating application lifecycle event: 0
2026-07-05 12:43:05.274279+0000 0x1d68f    Default     0x0                  44886  0    rayforge-app: (Network) [com.apple.network:] networkd_settings_read_from_file initialized networkd settings by reading plist directly
2026-07-05 12:43:05.274721+0000 0x1d68f    Default     0x0                  44886  0    rayforge-app: (Network) [com.apple.network:] networkd_settings_read_from_file initialized networkd settings by reading plist directly
2026-07-05 12:43:05.275978+0000 0x1d68f    Default     0x0                  44886  0    rayforge-app: (Network) [com.apple.network:path] nw_path_libinfo_path_check [5C422389-0732-457C-A57A-A693F9EFBA0C Hostname#2a47a4ae:443 tcp, legacy-socket, attribution: developer]
	libinfo check path: satisfied (Path is satisfied), interface: en0
2026-07-05 12:43:05.321928+0000 0x1d67f    Default     0x0                  44886  0    rayforge-app: (Network) [com.apple.network:path] nw_path_libinfo_path_check [84A513C3-2E2F-4C4F-8DF5-A70D1B90CCB4 Hostname#592c75c2:443 tcp, legacy-socket, attribution: developer]
	libinfo check path: satisfied (Path is satisfied), interface: en0
2026-07-05 12:43:05.489077+0000 0x1b4d2    Default     0x0                  44886  0    rayforge-app: (UIKitCore) [com.apple.KeyboardArbiter:Client] handleKeyboardChange: set currentKeyboard:N (wasKeyboard:N)
2026-07-05 12:43:05.491389+0000 0x1b4d2    Default     0x0                  44886  0    rayforge-app: (UIKitCore) [com.apple.UIKit:KeyboardArbiterClientLog] isWritingToolsHandlingKeyboardTracking:Y (WT ready:Y, Arbiter ready:Y)
2026-07-05 12:43:05.492465+0000 0x1b4d2    Default     0x0                  44886  0    rayforge-app: (UIKitCore) [com.apple.UIKit:AppLifecycle] sceneOfRecord: sceneID: sceneID:org.rayforge.app-default  persistentID: E43B1B75-D1A6-4A88-BF8D-40135B3DE044
2026-07-05 12:43:05.493841+0000 0x1b4d2    Default     0x0                  44886  0    rayforge-app: (UIKitCore) [com.apple.UIKit:AppLifecycle] sceneOfRecord: sceneID: sceneID:org.rayforge.app-default  persistentID: E43B1B75-D1A6-4A88-BF8D-40135B3DE044
2026-07-05 12:43:05.495129+0000 0x1b4d2    Default     0x0                  44886  0    rayforge-app: (UIKitCore) [com.apple.KeyboardArbiter:Client] RX sceneBecameFocused:(null)
2026-07-05 12:43:05.495221+0000 0x1b4d2    Default     0x0                  44886  0    rayforge-app: (UIKitCore) [com.apple.KeyboardArbiter:Client] failedConnection
2026-07-05 12:43:05.495248+0000 0x1b4d2    Default     0x0                  44886  0    rayforge-app: (libxpc.dylib) [com.apple.xpc:connection] [0x102d05480] invalidated because the current process cancelled the connection by calling xpc_connection_cancel()
2026-07-05 12:43:05.500029+0000 0x1b4d2    Default     0x0                  44886  0    rayforge-app: (UIKitCore) [com.apple.KeyboardArbiter:Client] handleKeyboardChange: set currentKeyboard:N (wasKeyboard:N)
2026-07-05 12:43:05.766195+0000 0x1b4d2    Default     0x0                  44886  0    rayforge-app: (Network) [com.apple.network:activity] <nw_activity 50:1 [CDAFB427-F1E7-4B1E-92D2-2D5F9454EBE3] (global parent) (reporting strategy default) complete (reason success)> complete with reason 2 (success), duration 93371ms
2026-07-05 12:43:05.766238+0000 0x1b4d2    Default     0x0                  44886  0    rayforge-app: (Network) [com.apple.network:activity] <nw_activity 50:2 [ED9A5F72-6672-4FDF-8736-204EA2ECA61D] (reporting strategy default) complete (reason success)> complete with reason 2 (success), duration 93371ms
2026-07-05 12:43:05.766251+0000 0x1b4d2    Default     0x0                  44886  0    rayforge-app: (Network) [com.apple.network:activity] Unsetting the global parent activity <nw_activity 50:1 [CDAFB427-F1E7-4B1E-92D2-2D5F9454EBE3] (global parent) (reporting strategy default) complete (reason success)>
2026-07-05 12:43:05.766261+0000 0x1b4d2    Default     0x0                  44886  0    rayforge-app: (Network) [com.apple.network:activity] Unset the global parent activity
