Gdk-Message: 12:41:33.997: gdk-ios: bundle resources at /Users/runner/Library/Developer/CoreSimulator/Devices/32AF2C57-25F2-44AC-8AE8-20E38FC22F2D/data/Containers/Bundle/Application/D19642CF-9483-4460-92E7-EA1B8E797483/RayforgeApp.app
Gdk-Message: 12:41:34.112: gdk-ios: shell ready window=1032x1376 view=1032x1376 scale=2.00
Gdk-Message: 12:41:34.124: gdk-ios: VC layout view=1032x1376 screen=1032x1376
Gdk-Message: 12:41:34.136: gdk-ios: entering user main
** Message: 12:41:34.136: GI_TYPELIB_PATH: /Users/runner/Library/Developer/CoreSimulator/Devices/32AF2C57-25F2-44AC-8AE8-20E38FC22F2D/data/Containers/Bundle/Application/D19642CF-9483-4460-92E7-EA1B8E797483/RayforgeApp.app/lib/girepository-1.0
** Message: 12:41:34.136: python home: /Users/runner/Library/Developer/CoreSimulator/Devices/32AF2C57-25F2-44AC-8AE8-20E38FC22F2D/data/Containers/Bundle/Application/D19642CF-9483-4460-92E7-EA1B8E797483/RayforgeApp.app/python
** Message: 12:41:34.136: site-packages: /Users/runner/Library/Developer/CoreSimulator/Devices/32AF2C57-25F2-44AC-8AE8-20E38FC22F2D/data/Containers/Bundle/Application/D19642CF-9483-4460-92E7-EA1B8E797483/RayforgeApp.app/python/lib/python3.13/site-packages
IOSBOOT: ios_main.main() start
IOSBOOT: import rayforge.app
IOSBOOT: rayforge.app.main()
2026-07-05 12:41:35,297 - root - INFO - Logging configured. Console level: INFO
2026-07-05 12:41:35,297 - root - INFO - Session log file: /Users/runner/Library/Developer/CoreSimulator/Devices/32AF2C57-25F2-44AC-8AE8-20E38FC22F2D/data/Containers/Data/Application/0572CAF7-2EC4-4E81-B490-F45C91713292/.local/state/rayforge/log/session-2026-07-05_12-41-35.log
2026-07-05 12:41:35,297 - rayforge.app - INFO - Application starting with log level INFO
2026-07-05 12:41:35,298 - rayforge.app - INFO - PyCairo version: 1.29.0
2026-07-05 12:41:37,090 - rayforge.image.svg.svg_fallback - WARNING - pyvips svgload_buffer not available. Using Cairo/Rsvg fallback for SVG rendering.
2026-07-05 12:41:38,057 - rayforge.ui_gtk.sim3d - INFO - Skipping Canvas3D import due to RAYFORGE_DISABLE_3D
2026-07-05 12:41:38,057 - rayforge.ui_gtk.sim3d - INFO - 3D canvas disabled via RAYFORGE_DISABLE_3D environment variable.
2026-07-05 12:41:38,267 - rayforge.addon_mgr.addon_manager - INFO - Scanning for addons in /Users/runner/Library/Developer/CoreSimulator/Devices/32AF2C57-25F2-44AC-8AE8-20E38FC22F2D/data/Containers/Bundle/Application/D19642CF-9483-4460-92E7-EA1B8E797483/RayforgeApp.app/python/lib/python3.13/site-packages/rayforge/builtin_addons...
2026-07-05 12:41:38,272 - rayforge.addon_mgr.addon_manager - INFO - Loaded addon: core_materials (builtin)
2026-07-05 12:41:38,795 - rayforge.addon_mgr.lazy_loader - WARNING - Manifest not ready, giving up
2026-07-05 12:41:39,314 - rayforge.addon_mgr.lazy_loader - WARNING - Manifest not ready, giving up
2026-07-05 12:41:39,852 - rayforge.addon_mgr.lazy_loader - WARNING - Manifest not ready, giving up
2026-07-05 12:41:40,371 - rayforge.addon_mgr.lazy_loader - WARNING - Manifest not ready, giving up
2026-07-05 12:41:40,891 - rayforge.addon_mgr.lazy_loader - WARNING - Manifest not ready, giving up
2026-07-05 12:41:41,411 - rayforge.addon_mgr.lazy_loader - WARNING - Manifest not ready, giving up
2026-07-05 12:41:41,932 - rayforge.addon_mgr.lazy_loader - WARNING - Manifest not ready, giving up
2026-07-05 12:41:42,449 - rayforge.addon_mgr.lazy_loader - WARNING - Manifest not ready, giving up
2026-07-05 12:41:42,969 - rayforge.addon_mgr.lazy_loader - WARNING - Manifest not ready, giving up
2026-07-05 12:41:43,492 - rayforge.addon_mgr.lazy_loader - WARNING - Manifest not ready, giving up
2026-07-05 12:41:44,015 - rayforge.addon_mgr.lazy_loader - WARNING - Manifest not ready, giving up
2026-07-05 12:41:44,537 - rayforge.addon_mgr.lazy_loader - WARNING - Manifest not ready, giving up
2026-07-05 12:41:45,055 - rayforge.addon_mgr.lazy_loader - WARNING - Manifest not ready, giving up
2026-07-05 12:41:45,580 - rayforge.addon_mgr.lazy_loader - WARNING - Manifest not ready, giving up
2026-07-05 12:41:46,120 - rayforge.addon_mgr.lazy_loader - WARNING - Manifest not ready, giving up
2026-07-05 12:41:46,647 - rayforge.addon_mgr.lazy_loader - WARNING - Manifest not ready, giving up
2026-07-05 12:41:47,171 - rayforge.addon_mgr.lazy_loader - WARNING - Manifest not ready, giving up
2026-07-05 12:41:47,694 - rayforge.addon_mgr.lazy_loader - WARNING - Manifest not ready, giving up
2026-07-05 12:41:48,215 - rayforge.addon_mgr.lazy_loader - WARNING - Manifest not ready, giving up
2026-07-05 12:41:48,736 - rayforge.addon_mgr.lazy_loader - WARNING - Manifest not ready, giving up
2026-07-05 12:41:49,260 - rayforge.addon_mgr.lazy_loader - WARNING - Manifest not ready, giving up
2026-07-05 12:41:49,783 - rayforge.addon_mgr.lazy_loader - WARNING - Manifest not ready, giving up
2026-07-05 12:41:50,301 - rayforge.addon_mgr.lazy_loader - WARNING - Manifest not ready, giving up
2026-07-05 12:41:50,822 - rayforge.addon_mgr.lazy_loader - WARNING - Manifest not ready, giving up
2026-07-05 12:41:51,344 - rayforge.addon_mgr.lazy_loader - WARNING - Manifest not ready, giving up
2026-07-05 12:41:51,866 - rayforge.addon_mgr.lazy_loader - WARNING - Manifest not ready, giving up
2026-07-05 12:41:52,385 - rayforge.addon_mgr.lazy_loader - WARNING - Manifest not ready, giving up
2026-07-05 12:41:52,911 - rayforge.addon_mgr.lazy_loader - WARNING - Manifest not ready, giving up
2026-07-05 12:41:53,429 - rayforge.addon_mgr.lazy_loader - WARNING - Manifest not ready, giving up
2026-07-05 12:41:53,953 - rayforge.addon_mgr.lazy_loader - WARNING - Manifest not ready, giving up
2026-07-05 12:41:54,501 - rayforge.addon_mgr.lazy_loader - WARNING - Manifest not ready, giving up
2026-07-05 12:41:55,024 - rayforge.addon_mgr.lazy_loader - WARNING - Manifest not ready, giving up
2026-07-05 12:41:55,546 - rayforge.addon_mgr.lazy_loader - WARNING - Manifest not ready, giving up
2026-07-05 12:41:56,070 - rayforge.addon_mgr.lazy_loader - WARNING - Manifest not ready, giving up
2026-07-05 12:41:56,087 - rayforge.addon_mgr.addon_manager - INFO - Loaded addon: sketcher (builtin)
2026-07-05 12:41:56,615 - rayforge.addon_mgr.lazy_loader - WARNING - Manifest not ready, giving up
2026-07-05 12:41:57,143 - rayforge.addon_mgr.lazy_loader - WARNING - Manifest not ready, giving up
2026-07-05 12:41:57,682 - rayforge.addon_mgr.lazy_loader - WARNING - Manifest not ready, giving up
2026-07-05 12:41:58,207 - rayforge.addon_mgr.lazy_loader - WARNING - Manifest not ready, giving up
2026-07-05 12:41:58,727 - rayforge.addon_mgr.lazy_loader - WARNING - Manifest not ready, giving up
2026-07-05 12:41:59,255 - rayforge.addon_mgr.lazy_loader - WARNING - Manifest not ready, giving up
2026-07-05 12:41:59,793 - rayforge.addon_mgr.lazy_loader - WARNING - Manifest not ready, giving up
2026-07-05 12:42:00,315 - rayforge.addon_mgr.lazy_loader - WARNING - Manifest not ready, giving up
2026-07-05 12:42:00,837 - rayforge.addon_mgr.lazy_loader - WARNING - Manifest not ready, giving up
2026-07-05 12:42:01,367 - rayforge.addon_mgr.lazy_loader - WARNING - Manifest not ready, giving up
2026-07-05 12:42:01,892 - rayforge.addon_mgr.lazy_loader - WARNING - Manifest not ready, giving up
2026-07-05 12:42:02,411 - rayforge.addon_mgr.lazy_loader - WARNING - Manifest not ready, giving up
2026-07-05 12:42:02,934 - rayforge.addon_mgr.lazy_loader - WARNING - Manifest not ready, giving up
2026-07-05 12:42:03,456 - rayforge.addon_mgr.lazy_loader - WARNING - Manifest not ready, giving up
2026-07-05 12:42:03,998 - rayforge.addon_mgr.lazy_loader - WARNING - Manifest not ready, giving up
2026-07-05 12:42:04,518 - rayforge.addon_mgr.lazy_loader - WARNING - Manifest not ready, giving up
2026-07-05 12:42:05,059 - rayforge.addon_mgr.lazy_loader - WARNING - Manifest not ready, giving up
2026-07-05 12:42:05,583 - rayforge.addon_mgr.lazy_loader - WARNING - Manifest not ready, giving up
2026-07-05 12:42:06,159 - rayforge.addon_mgr.lazy_loader - WARNING - Manifest not ready, giving up
2026-07-05 12:42:06,691 - rayforge.addon_mgr.lazy_loader - WARNING - Manifest not ready, giving up
2026-07-05 12:42:07,213 - rayforge.addon_mgr.lazy_loader - WARNING - Manifest not ready, giving up
2026-07-05 12:42:07,743 - rayforge.addon_mgr.lazy_loader - WARNING - Manifest not ready, giving up
2026-07-05 12:42:08,343 - rayforge.addon_mgr.lazy_loader - WARNING - Manifest not ready, giving up
2026-07-05 12:42:08,355 - rayforge.addon_mgr.addon_manager - INFO - Loaded addon: laser_essentials (builtin)
2026-07-05 12:42:08,373 - rayforge.addon_mgr.addon_manager - INFO - Loaded addon: print_and_cut (builtin)
2026-07-05 12:42:08,903 - rayforge.addon_mgr.lazy_loader - WARNING - Manifest not ready, giving up
2026-07-05 12:42:09,424 - rayforge.addon_mgr.lazy_loader - WARNING - Manifest not ready, giving up
2026-07-05 12:42:09,948 - rayforge.addon_mgr.lazy_loader - WARNING - Manifest not ready, giving up
2026-07-05 12:42:10,464 - rayforge.addon_mgr.lazy_loader - WARNING - Manifest not ready, giving up
2026-07-05 12:42:10,983 - rayforge.addon_mgr.lazy_loader - WARNING - Manifest not ready, giving up
2026-07-05 12:42:11,500 - rayforge.addon_mgr.lazy_loader - WARNING - Manifest not ready, giving up
2026-07-05 12:42:12,018 - rayforge.addon_mgr.lazy_loader - WARNING - Manifest not ready, giving up
2026-07-05 12:42:12,538 - rayforge.addon_mgr.lazy_loader - WARNING - Manifest not ready, giving up
2026-07-05 12:42:13,057 - rayforge.addon_mgr.lazy_loader - WARNING - Manifest not ready, giving up
2026-07-05 12:42:13,580 - rayforge.addon_mgr.lazy_loader - WARNING - Manifest not ready, giving up
2026-07-05 12:42:14,100 - rayforge.addon_mgr.lazy_loader - WARNING - Manifest not ready, giving up
2026-07-05 12:42:14,618 - rayforge.addon_mgr.lazy_loader - WARNING - Manifest not ready, giving up
2026-07-05 12:42:15,141 - rayforge.addon_mgr.lazy_loader - WARNING - Manifest not ready, giving up
2026-07-05 12:42:15,674 - rayforge.addon_mgr.lazy_loader - WARNING - Manifest not ready, giving up
2026-07-05 12:42:16,198 - rayforge.addon_mgr.lazy_loader - WARNING - Manifest not ready, giving up
2026-07-05 12:42:16,714 - rayforge.addon_mgr.lazy_loader - WARNING - Manifest not ready, giving up
2026-07-05 12:42:17,236 - rayforge.addon_mgr.lazy_loader - WARNING - Manifest not ready, giving up
2026-07-05 12:42:17,239 - rayforge.addon_mgr.addon_manager - INFO - Loaded addon: post_processors (builtin)
2026-07-05 12:42:17,759 - rayforge.addon_mgr.lazy_loader - WARNING - Manifest not ready, giving up
2026-07-05 12:42:18,277 - rayforge.addon_mgr.lazy_loader - WARNING - Manifest not ready, giving up
2026-07-05 12:42:18,807 - rayforge.addon_mgr.lazy_loader - WARNING - Manifest not ready, giving up
2026-07-05 12:42:19,326 - rayforge.addon_mgr.lazy_loader - WARNING - Manifest not ready, giving up
2026-07-05 12:42:19,331 - rayforge.addon_mgr.addon_manager - INFO - Loaded addon: ai_workpiece_generator (builtin)
2026-07-05 12:42:19,877 - rayforge.addon_mgr.lazy_loader - WARNING - Manifest not ready, giving up
2026-07-05 12:42:20,399 - rayforge.addon_mgr.lazy_loader - WARNING - Manifest not ready, giving up
2026-07-05 12:42:20,917 - rayforge.addon_mgr.lazy_loader - WARNING - Manifest not ready, giving up
2026-07-05 12:42:21,440 - rayforge.addon_mgr.lazy_loader - WARNING - Manifest not ready, giving up
2026-07-05 12:42:21,965 - rayforge.addon_mgr.lazy_loader - WARNING - Manifest not ready, giving up
2026-07-05 12:42:22,485 - rayforge.addon_mgr.lazy_loader - WARNING - Manifest not ready, giving up
2026-07-05 12:42:23,073 - rayforge.addon_mgr.lazy_loader - WARNING - Manifest not ready, giving up
2026-07-05 12:42:23,592 - rayforge.addon_mgr.lazy_loader - WARNING - Manifest not ready, giving up
2026-07-05 12:42:24,118 - rayforge.addon_mgr.lazy_loader - WARNING - Manifest not ready, giving up
2026-07-05 12:42:24,640 - rayforge.addon_mgr.lazy_loader - WARNING - Manifest not ready, giving up
2026-07-05 12:42:25,163 - rayforge.addon_mgr.lazy_loader - WARNING - Manifest not ready, giving up
2026-07-05 12:42:25,685 - rayforge.addon_mgr.lazy_loader - WARNING - Manifest not ready, giving up
2026-07-05 12:42:26,205 - rayforge.addon_mgr.lazy_loader - WARNING - Manifest not ready, giving up
2026-07-05 12:42:26,719 - rayforge.addon_mgr.lazy_loader - WARNING - Manifest not ready, giving up
2026-07-05 12:42:27,245 - rayforge.addon_mgr.lazy_loader - WARNING - Manifest not ready, giving up
2026-07-05 12:42:27,767 - rayforge.addon_mgr.lazy_loader - WARNING - Manifest not ready, giving up
2026-07-05 12:42:28,282 - rayforge.addon_mgr.lazy_loader - WARNING - Manifest not ready, giving up
2026-07-05 12:42:28,801 - rayforge.addon_mgr.lazy_loader - WARNING - Manifest not ready, giving up
2026-07-05 12:42:29,320 - rayforge.addon_mgr.lazy_loader - WARNING - Manifest not ready, giving up
2026-07-05 12:42:29,839 - rayforge.addon_mgr.lazy_loader - WARNING - Manifest not ready, giving up
2026-07-05 12:42:30,357 - rayforge.addon_mgr.lazy_loader - WARNING - Manifest not ready, giving up
2026-07-05 12:42:30,874 - rayforge.addon_mgr.lazy_loader - WARNING - Manifest not ready, giving up
2026-07-05 12:42:31,397 - rayforge.addon_mgr.lazy_loader - WARNING - Manifest not ready, giving up
2026-07-05 12:42:31,922 - rayforge.addon_mgr.lazy_loader - WARNING - Manifest not ready, giving up
2026-07-05 12:42:32,439 - rayforge.addon_mgr.lazy_loader - WARNING - Manifest not ready, giving up
2026-07-05 12:42:32,961 - rayforge.addon_mgr.lazy_loader - WARNING - Manifest not ready, giving up
2026-07-05 12:42:33,482 - rayforge.addon_mgr.lazy_loader - WARNING - Manifest not ready, giving up
2026-07-05 12:42:34,003 - rayforge.addon_mgr.lazy_loader - WARNING - Manifest not ready, giving up
2026-07-05 12:42:34,521 - rayforge.addon_mgr.lazy_loader - WARNING - Manifest not ready, giving up
2026-07-05 12:42:35,041 - rayforge.addon_mgr.lazy_loader - WARNING - Manifest not ready, giving up
2026-07-05 12:42:35,565 - rayforge.addon_mgr.lazy_loader - WARNING - Manifest not ready, giving up
2026-07-05 12:42:36,088 - rayforge.addon_mgr.lazy_loader - WARNING - Manifest not ready, giving up
2026-07-05 12:42:36,610 - rayforge.addon_mgr.lazy_loader - WARNING - Manifest not ready, giving up
2026-07-05 12:42:37,127 - rayforge.addon_mgr.lazy_loader - WARNING - Manifest not ready, giving up
2026-07-05 12:42:37,644 - rayforge.addon_mgr.lazy_loader - WARNING - Manifest not ready, giving up
2026-07-05 12:42:38,163 - rayforge.addon_mgr.lazy_loader - WARNING - Manifest not ready, giving up
2026-07-05 12:42:38,679 - rayforge.addon_mgr.lazy_loader - WARNING - Manifest not ready, giving up
2026-07-05 12:42:39,200 - rayforge.addon_mgr.lazy_loader - WARNING - Manifest not ready, giving up
2026-07-05 12:42:39,721 - rayforge.addon_mgr.lazy_loader - WARNING - Manifest not ready, giving up
2026-07-05 12:42:40,238 - rayforge.addon_mgr.lazy_loader - WARNING - Manifest not ready, giving up
2026-07-05 12:42:40,761 - rayforge.addon_mgr.lazy_loader - WARNING - Manifest not ready, giving up
2026-07-05 12:42:41,282 - rayforge.addon_mgr.lazy_loader - WARNING - Manifest not ready, giving up
2026-07-05 12:42:41,804 - rayforge.addon_mgr.lazy_loader - WARNING - Manifest not ready, giving up
2026-07-05 12:42:42,324 - rayforge.addon_mgr.lazy_loader - WARNING - Manifest not ready, giving up
2026-07-05 12:42:42,847 - rayforge.addon_mgr.lazy_loader - WARNING - Manifest not ready, giving up
2026-07-05 12:42:43,368 - rayforge.addon_mgr.lazy_loader - WARNING - Manifest not ready, giving up
2026-07-05 12:42:43,892 - rayforge.addon_mgr.lazy_loader - WARNING - Manifest not ready, giving up
2026-07-05 12:42:44,413 - rayforge.addon_mgr.lazy_loader - WARNING - Manifest not ready, giving up
2026-07-05 12:42:44,933 - rayforge.addon_mgr.lazy_loader - WARNING - Manifest not ready, giving up
2026-07-05 12:42:45,452 - rayforge.addon_mgr.lazy_loader - WARNING - Manifest not ready, giving up
2026-07-05 12:42:45,972 - rayforge.addon_mgr.lazy_loader - WARNING - Manifest not ready, giving up
2026-07-05 12:42:46,499 - rayforge.addon_mgr.lazy_loader - WARNING - Manifest not ready, giving up
2026-07-05 12:42:47,023 - rayforge.addon_mgr.lazy_loader - WARNING - Manifest not ready, giving up
2026-07-05 12:42:47,544 - rayforge.addon_mgr.lazy_loader - WARNING - Manifest not ready, giving up
2026-07-05 12:42:48,065 - rayforge.addon_mgr.lazy_loader - WARNING - Manifest not ready, giving up
2026-07-05 12:42:48,587 - rayforge.addon_mgr.lazy_loader - WARNING - Manifest not ready, giving up
2026-07-05 12:42:49,110 - rayforge.addon_mgr.lazy_loader - WARNING - Manifest not ready, giving up
2026-07-05 12:42:49,633 - rayforge.addon_mgr.lazy_loader - WARNING - Manifest not ready, giving up
2026-07-05 12:42:50,154 - rayforge.addon_mgr.lazy_loader - WARNING - Manifest not ready, giving up
2026-07-05 12:42:50,675 - rayforge.addon_mgr.lazy_loader - WARNING - Manifest not ready, giving up
2026-07-05 12:42:51,195 - rayforge.addon_mgr.lazy_loader - WARNING - Manifest not ready, giving up
2026-07-05 12:42:51,716 - rayforge.addon_mgr.lazy_loader - WARNING - Manifest not ready, giving up
2026-07-05 12:42:52,233 - rayforge.addon_mgr.lazy_loader - WARNING - Manifest not ready, giving up
2026-07-05 12:42:52,753 - rayforge.addon_mgr.lazy_loader - WARNING - Manifest not ready, giving up
2026-07-05 12:42:53,266 - rayforge.addon_mgr.lazy_loader - WARNING - Manifest not ready, giving up
2026-07-05 12:42:53,783 - rayforge.addon_mgr.lazy_loader - WARNING - Manifest not ready, giving up
2026-07-05 12:42:54,303 - rayforge.addon_mgr.lazy_loader - WARNING - Manifest not ready, giving up
2026-07-05 12:42:54,822 - rayforge.addon_mgr.lazy_loader - WARNING - Manifest not ready, giving up
2026-07-05 12:42:55,343 - rayforge.addon_mgr.lazy_loader - WARNING - Manifest not ready, giving up
2026-07-05 12:42:55,864 - rayforge.addon_mgr.lazy_loader - WARNING - Manifest not ready, giving up
2026-07-05 12:42:56,384 - rayforge.addon_mgr.lazy_loader - WARNING - Manifest not ready, giving up
2026-07-05 12:42:56,912 - rayforge.addon_mgr.lazy_loader - WARNING - Manifest not ready, giving up
2026-07-05 12:42:57,438 - rayforge.addon_mgr.lazy_loader - WARNING - Manifest not ready, giving up
2026-07-05 12:42:57,958 - rayforge.addon_mgr.lazy_loader - WARNING - Manifest not ready, giving up
2026-07-05 12:42:58,479 - rayforge.addon_mgr.lazy_loader - WARNING - Manifest not ready, giving up
2026-07-05 12:42:59,005 - rayforge.addon_mgr.lazy_loader - WARNING - Manifest not ready, giving up
2026-07-05 12:42:59,534 - rayforge.addon_mgr.lazy_loader - WARNING - Manifest not ready, giving up
2026-07-05 12:43:00,068 - rayforge.addon_mgr.lazy_loader - WARNING - Manifest not ready, giving up
2026-07-05 12:43:00,610 - rayforge.addon_mgr.lazy_loader - WARNING - Manifest not ready, giving up
2026-07-05 12:43:01,140 - rayforge.addon_mgr.lazy_loader - WARNING - Manifest not ready, giving up
2026-07-05 12:43:01,671 - rayforge.addon_mgr.lazy_loader - WARNING - Manifest not ready, giving up
2026-07-05 12:43:02,198 - rayforge.addon_mgr.lazy_loader - WARNING - Manifest not ready, giving up
2026-07-05 12:43:02,728 - rayforge.addon_mgr.lazy_loader - WARNING - Manifest not ready, giving up
2026-07-05 12:43:03,289 - rayforge.addon_mgr.lazy_loader - WARNING - Manifest not ready, giving up
2026-07-05 12:43:03,820 - rayforge.addon_mgr.lazy_loader - WARNING - Manifest not ready, giving up
2026-07-05 12:43:03,830 - rayforge.context - INFO - Addons loaded (headless=False)
IOSBOOT: _ios_run: register()
IOSBOOT: _ios_run: activate()
2026-07-05 12:43:04,697 - rayforge.context - INFO - Lazy loading config manager
2026-07-05 12:43:04,704 - rayforge.context - INFO - Lazy loading machine manager
2026-07-05 12:43:04,715 - rayforge.core.config - INFO - Config file does not exist, creating default config.
2026-07-05 12:43:04,818 - rayforge.context - INFO - Lazy loading camera manager
2026-07-05 12:43:04,939 - rayforge.worker_init - ERROR - Failed to load enabled worker module 'rayforge_addons.core_materials.core_materials.worker': Plugin name already registered: rayforge_addons.core_materials.core_materials.worker=<module 'rayforge_addons.core_materials.core_materials.worker' from '/Users/runner/Library/Developer/CoreSimulator/Devices/32AF2C57-25F2-44AC-8AE8-20E38FC22F2D/data/Containers/Bundle/Application/D19642CF-9483-4460-92E7-EA1B8E797483/RayforgeApp.app/python/lib/python3.13/site-packages/rayforge/builtin_addons/rayforge-addon-materials/core_materials/worker.py'>
{'rayforge_addons.core_materials.core_materials.worker': <module 'rayforge_addons.core_materials.core_materials.worker' from '/Users/runner/Library/Developer/CoreSimulator/Devices/32AF2C57-25F2-44AC-8AE8-20E38FC22F2D/data/Containers/Bundle/Application/D19642CF-9483-4460-92E7-EA1B8E797483/RayforgeApp.app/python/lib/python3.13/site-packages/rayforge/builtin_addons/rayforge-addon-materials/core_materials/worker.py'>, 'rayforge_addons.sketcher.sketcher.worker': <module 'rayforge_addons.sketcher.sketcher.worker' from '/Users/runner/Library/Developer/CoreSimulator/Devices/32AF2C57-25F2-44AC-8AE8-20E38FC22F2D/data/Containers/Bundle/Application/D19642CF-9483-4460-92E7-EA1B8E797483/RayforgeApp.app/python/lib/python3.13/site-packages/rayforge/builtin_addons/rayforge-addon-sketcher/sketcher/worker.py'>, 'rayforge_addons.sketcher.sketcher.frontend': <module 'rayforge_addons.sketcher.sketcher.frontend' from '/Users/runner/Library/Developer/CoreSimulator/Devices/32AF2C57-25F2-44AC-8AE8-20E38FC22F2D/data/Containers/Bundle/Application/D19642CF-9483-4460-92E7-EA1B8E797483/RayforgeApp.app/python/lib/python3.13/site-packages/rayforge/builtin_addons/rayforge-addon-sketcher/sketcher/frontend.py'>, 'rayforge_addons.laser_essentials.laser_essentials.worker': <module 'rayforge_addons.laser_essentials.laser_essentials.worker' from '/Users/runner/Library/Developer/CoreSimulator/Devices/32AF2C57-25F2-44AC-8AE8-20E38FC22F2D/data/Containers/Bundle/Application/D19642CF-9483-4460-92E7-EA1B8E797483/RayforgeApp.app/python/lib/python3.13/site-packages/rayforge/builtin_addons/rayforge-addon-laser/laser_essentials/worker.py'>, 'rayforge_addons.laser_essentials.laser_essentials.frontend': <module 'rayforge_addons.laser_essentials.laser_essentials.frontend' from '/Users/runner/Library/Developer/CoreSimulator/Devices/32AF2C57-25F2-44AC-8AE8-20E38FC22F2D/data/Containers/Bundle/Application/D19642CF-9483-4460-92E7-EA1B8E797483/RayforgeApp.app/python/lib/python3.13/site-packages/rayforge/builtin_addons/rayforge-addon-laser/laser_essentials/frontend.py'>, 'rayforge_addons.print_and_cut.print_and_cut.frontend': <module 'rayforge_addons.print_and_cut.print_and_cut.frontend' from '/Users/runner/Library/Developer/CoreSimulator/Devices/32AF2C57-25F2-44AC-8AE8-20E38FC22F2D/data/Containers/Bundle/Application/D19642CF-9483-4460-92E7-EA1B8E797483/RayforgeApp.app/python/lib/python3.13/site-packages/rayforge/builtin_addons/rayforge-addon-print-and-cut/print_and_cut/frontend.py'>, 'rayforge_addons.post_processors.post_processors.worker': <module 'rayforge_addons.post_processors.post_processors.worker' from '/Users/runner/Library/Developer/CoreSimulator/Devices/32AF2C57-25F2-44AC-8AE8-20E38FC22F2D/data/Containers/Bundle/Application/D19642CF-9483-4460-92E7-EA1B8E797483/RayforgeApp.app/python/lib/python3.13/site-packages/rayforge/builtin_addons/rayforge-addon-post/post_processors/worker.py'>, 'rayforge_addons.post_processors.post_processors.frontend': <module 'rayforge_addons.post_processors.post_processors.frontend' from '/Users/runner/Library/Developer/CoreSimulator/Devices/32AF2C57-25F2-44AC-8AE8-20E38FC22F2D/data/Containers/Bundle/Application/D19642CF-9483-4460-92E7-EA1B8E797483/RayforgeApp.app/python/lib/python3.13/site-packages/rayforge/builtin_addons/rayforge-addon-post/post_processors/frontend.py'>, 'rayforge_addons.ai_workpiece_generator.ai_workpiece_generator.frontend': <module 'rayforge_addons.ai_workpiece_generator.ai_workpiece_generator.frontend' from '/Users/runner/Library/Developer/CoreSimulator/Devices/32AF2C57-25F2-44AC-8AE8-20E38FC22F2D/data/Containers/Bundle/Application/D19642CF-9483-4460-92E7-EA1B8E797483/RayforgeApp.app/python/lib/python3.13/site-packages/rayforge/builtin_addons/rayforge-addon-ai-workpiece/ai_workpiece_generator/frontend.py'>}
2026-07-05 12:43:04,940 - rayforge.worker_init - ERROR - Failed to load enabled worker module 'rayforge_addons.sketcher.sketcher.worker': Plugin name already registered: rayforge_addons.sketcher.sketcher.worker=<module 'rayforge_addons.sketcher.sketcher.worker' from '/Users/runner/Library/Developer/CoreSimulator/Devices/32AF2C57-25F2-44AC-8AE8-20E38FC22F2D/data/Containers/Bundle/Application/D19642CF-9483-4460-92E7-EA1B8E797483/RayforgeApp.app/python/lib/python3.13/site-packages/rayforge/builtin_addons/rayforge-addon-sketcher/sketcher/worker.py'>
{'rayforge_addons.core_materials.core_materials.worker': <module 'rayforge_addons.core_materials.core_materials.worker' from '/Users/runner/Library/Developer/CoreSimulator/Devices/32AF2C57-25F2-44AC-8AE8-20E38FC22F2D/data/Containers/Bundle/Application/D19642CF-9483-4460-92E7-EA1B8E797483/RayforgeApp.app/python/lib/python3.13/site-packages/rayforge/builtin_addons/rayforge-addon-materials/core_materials/worker.py'>, 'rayforge_addons.sketcher.sketcher.worker': <module 'rayforge_addons.sketcher.sketcher.worker' from '/Users/runner/Library/Developer/CoreSimulator/Devices/32AF2C57-25F2-44AC-8AE8-20E38FC22F2D/data/Containers/Bundle/Application/D19642CF-9483-4460-92E7-EA1B8E797483/RayforgeApp.app/python/lib/python3.13/site-packages/rayforge/builtin_addons/rayforge-addon-sketcher/sketcher/worker.py'>, 'rayforge_addons.sketcher.sketcher.frontend': <module 'rayforge_addons.sketcher.sketcher.frontend' from '/Users/runner/Library/Developer/CoreSimulator/Devices/32AF2C57-25F2-44AC-8AE8-20E38FC22F2D/data/Containers/Bundle/Application/D19642CF-9483-4460-92E7-EA1B8E797483/RayforgeApp.app/python/lib/python3.13/site-packages/rayforge/builtin_addons/rayforge-addon-sketcher/sketcher/frontend.py'>, 'rayforge_addons.laser_essentials.laser_essentials.worker': <module 'rayforge_addons.laser_essentials.laser_essentials.worker' from '/Users/runner/Library/Developer/CoreSimulator/Devices/32AF2C57-25F2-44AC-8AE8-20E38FC22F2D/data/Containers/Bundle/Application/D19642CF-9483-4460-92E7-EA1B8E797483/RayforgeApp.app/python/lib/python3.13/site-packages/rayforge/builtin_addons/rayforge-addon-laser/laser_essentials/worker.py'>, 'rayforge_addons.laser_essentials.laser_essentials.frontend': <module 'rayforge_addons.laser_essentials.laser_essentials.frontend' from '/Users/runner/Library/Developer/CoreSimulator/Devices/32AF2C57-25F2-44AC-8AE8-20E38FC22F2D/data/Containers/Bundle/Application/D19642CF-9483-4460-92E7-EA1B8E797483/RayforgeApp.app/python/lib/python3.13/site-packages/rayforge/builtin_addons/rayforge-addon-laser/laser_essentials/frontend.py'>, 'rayforge_addons.print_and_cut.print_and_cut.frontend': <module 'rayforge_addons.print_and_cut.print_and_cut.frontend' from '/Users/runner/Library/Developer/CoreSimulator/Devices/32AF2C57-25F2-44AC-8AE8-20E38FC22F2D/data/Containers/Bundle/Application/D19642CF-9483-4460-92E7-EA1B8E797483/RayforgeApp.app/python/lib/python3.13/site-packages/rayforge/builtin_addons/rayforge-addon-print-and-cut/print_and_cut/frontend.py'>, 'rayforge_addons.post_processors.post_processors.worker': <module 'rayforge_addons.post_processors.post_processors.worker' from '/Users/runner/Library/Developer/CoreSimulator/Devices/32AF2C57-25F2-44AC-8AE8-20E38FC22F2D/data/Containers/Bundle/Application/D19642CF-9483-4460-92E7-EA1B8E797483/RayforgeApp.app/python/lib/python3.13/site-packages/rayforge/builtin_addons/rayforge-addon-post/post_processors/worker.py'>, 'rayforge_addons.post_processors.post_processors.frontend': <module 'rayforge_addons.post_processors.post_processors.frontend' from '/Users/runner/Library/Developer/CoreSimulator/Devices/32AF2C57-25F2-44AC-8AE8-20E38FC22F2D/data/Containers/Bundle/Application/D19642CF-9483-4460-92E7-EA1B8E797483/RayforgeApp.app/python/lib/python3.13/site-packages/rayforge/builtin_addons/rayforge-addon-post/post_processors/frontend.py'>, 'rayforge_addons.ai_workpiece_generator.ai_workpiece_generator.frontend': <module 'rayforge_addons.ai_workpiece_generator.ai_workpiece_generator.frontend' from '/Users/runner/Library/Developer/CoreSimulator/Devices/32AF2C57-25F2-44AC-8AE8-20E38FC22F2D/data/Containers/Bundle/Application/D19642CF-9483-4460-92E7-EA1B8E797483/RayforgeApp.app/python/lib/python3.13/site-packages/rayforge/builtin_addons/rayforge-addon-ai-workpiece/ai_workpiece_generator/frontend.py'>}
2026-07-05 12:43:04,940 - rayforge.worker_init - ERROR - Failed to load enabled worker module 'rayforge_addons.laser_essentials.laser_essentials.worker': Plugin name already registered: rayforge_addons.laser_essentials.laser_essentials.worker=<module 'rayforge_addons.laser_essentials.laser_essentials.worker' from '/Users/runner/Library/Developer/CoreSimulator/Devices/32AF2C57-25F2-44AC-8AE8-20E38FC22F2D/data/Containers/Bundle/Application/D19642CF-9483-4460-92E7-EA1B8E797483/RayforgeApp.app/python/lib/python3.13/site-packages/rayforge/builtin_addons/rayforge-addon-laser/laser_essentials/worker.py'>
{'rayforge_addons.core_materials.core_materials.worker': <module 'rayforge_addons.core_materials.core_materials.worker' from '/Users/runner/Library/Developer/CoreSimulator/Devices/32AF2C57-25F2-44AC-8AE8-20E38FC22F2D/data/Containers/Bundle/Application/D19642CF-9483-4460-92E7-EA1B8E797483/RayforgeApp.app/python/lib/python3.13/site-packages/rayforge/builtin_addons/rayforge-addon-materials/core_materials/worker.py'>, 'rayforge_addons.sketcher.sketcher.worker': <module 'rayforge_addons.sketcher.sketcher.worker' from '/Users/runner/Library/Developer/CoreSimulator/Devices/32AF2C57-25F2-44AC-8AE8-20E38FC22F2D/data/Containers/Bundle/Application/D19642CF-9483-4460-92E7-EA1B8E797483/RayforgeApp.app/python/lib/python3.13/site-packages/rayforge/builtin_addons/rayforge-addon-sketcher/sketcher/worker.py'>, 'rayforge_addons.sketcher.sketcher.frontend': <module 'rayforge_addons.sketcher.sketcher.frontend' from '/Users/runner/Library/Developer/CoreSimulator/Devices/32AF2C57-25F2-44AC-8AE8-20E38FC22F2D/data/Containers/Bundle/Application/D19642CF-9483-4460-92E7-EA1B8E797483/RayforgeApp.app/python/lib/python3.13/site-packages/rayforge/builtin_addons/rayforge-addon-sketcher/sketcher/frontend.py'>, 'rayforge_addons.laser_essentials.laser_essentials.worker': <module 'rayforge_addons.laser_essentials.laser_essentials.worker' from '/Users/runner/Library/Developer/CoreSimulator/Devices/32AF2C57-25F2-44AC-8AE8-20E38FC22F2D/data/Containers/Bundle/Application/D19642CF-9483-4460-92E7-EA1B8E797483/RayforgeApp.app/python/lib/python3.13/site-packages/rayforge/builtin_addons/rayforge-addon-laser/laser_essentials/worker.py'>, 'rayforge_addons.laser_essentials.laser_essentials.frontend': <module 'rayforge_addons.laser_essentials.laser_essentials.frontend' from '/Users/runner/Library/Developer/CoreSimulator/Devices/32AF2C57-25F2-44AC-8AE8-20E38FC22F2D/data/Containers/Bundle/Application/D19642CF-9483-4460-92E7-EA1B8E797483/RayforgeApp.app/python/lib/python3.13/site-packages/rayforge/builtin_addons/rayforge-addon-laser/laser_essentials/frontend.py'>, 'rayforge_addons.print_and_cut.print_and_cut.frontend': <module 'rayforge_addons.print_and_cut.print_and_cut.frontend' from '/Users/runner/Library/Developer/CoreSimulator/Devices/32AF2C57-25F2-44AC-8AE8-20E38FC22F2D/data/Containers/Bundle/Application/D19642CF-9483-4460-92E7-EA1B8E797483/RayforgeApp.app/python/lib/python3.13/site-packages/rayforge/builtin_addons/rayforge-addon-print-and-cut/print_and_cut/frontend.py'>, 'rayforge_addons.post_processors.post_processors.worker': <module 'rayforge_addons.post_processors.post_processors.worker' from '/Users/runner/Library/Developer/CoreSimulator/Devices/32AF2C57-25F2-44AC-8AE8-20E38FC22F2D/data/Containers/Bundle/Application/D19642CF-9483-4460-92E7-EA1B8E797483/RayforgeApp.app/python/lib/python3.13/site-packages/rayforge/builtin_addons/rayforge-addon-post/post_processors/worker.py'>, 'rayforge_addons.post_processors.post_processors.frontend': <module 'rayforge_addons.post_processors.post_processors.frontend' from '/Users/runner/Library/Developer/CoreSimulator/Devices/32AF2C57-25F2-44AC-8AE8-20E38FC22F2D/data/Containers/Bundle/Application/D19642CF-9483-4460-92E7-EA1B8E797483/RayforgeApp.app/python/lib/python3.13/site-packages/rayforge/builtin_addons/rayforge-addon-post/post_processors/frontend.py'>, 'rayforge_addons.ai_workpiece_generator.ai_workpiece_generator.frontend': <module 'rayforge_addons.ai_workpiece_generator.ai_workpiece_generator.frontend' from '/Users/runner/Library/Developer/CoreSimulator/Devices/32AF2C57-25F2-44AC-8AE8-20E38FC22F2D/data/Containers/Bundle/Application/D19642CF-9483-4460-92E7-EA1B8E797483/RayforgeApp.app/python/lib/python3.13/site-packages/rayforge/builtin_addons/rayforge-addon-ai-workpiece/ai_workpiece_generator/frontend.py'>}
2026-07-05 12:43:04,940 - rayforge.worker_init - ERROR - Failed to load enabled worker module 'rayforge_addons.post_processors.post_processors.worker': Plugin name already registered: rayforge_addons.post_processors.post_processors.worker=<module 'rayforge_addons.post_processors.post_processors.worker' from '/Users/runner/Library/Developer/CoreSimulator/Devices/32AF2C57-25F2-44AC-8AE8-20E38FC22F2D/data/Containers/Bundle/Application/D19642CF-9483-4460-92E7-EA1B8E797483/RayforgeApp.app/python/lib/python3.13/site-packages/rayforge/builtin_addons/rayforge-addon-post/post_processors/worker.py'>
{'rayforge_addons.core_materials.core_materials.worker': <module 'rayforge_addons.core_materials.core_materials.worker' from '/Users/runner/Library/Developer/CoreSimulator/Devices/32AF2C57-25F2-44AC-8AE8-20E38FC22F2D/data/Containers/Bundle/Application/D19642CF-9483-4460-92E7-EA1B8E797483/RayforgeApp.app/python/lib/python3.13/site-packages/rayforge/builtin_addons/rayforge-addon-materials/core_materials/worker.py'>, 'rayforge_addons.sketcher.sketcher.worker': <module 'rayforge_addons.sketcher.sketcher.worker' from '/Users/runner/Library/Developer/CoreSimulator/Devices/32AF2C57-25F2-44AC-8AE8-20E38FC22F2D/data/Containers/Bundle/Application/D19642CF-9483-4460-92E7-EA1B8E797483/RayforgeApp.app/python/lib/python3.13/site-packages/rayforge/builtin_addons/rayforge-addon-sketcher/sketcher/worker.py'>, 'rayforge_addons.sketcher.sketcher.frontend': <module 'rayforge_addons.sketcher.sketcher.frontend' from '/Users/runner/Library/Developer/CoreSimulator/Devices/32AF2C57-25F2-44AC-8AE8-20E38FC22F2D/data/Containers/Bundle/Application/D19642CF-9483-4460-92E7-EA1B8E797483/RayforgeApp.app/python/lib/python3.13/site-packages/rayforge/builtin_addons/rayforge-addon-sketcher/sketcher/frontend.py'>, 'rayforge_addons.laser_essentials.laser_essentials.worker': <module 'rayforge_addons.laser_essentials.laser_essentials.worker' from '/Users/runner/Library/Developer/CoreSimulator/Devices/32AF2C57-25F2-44AC-8AE8-20E38FC22F2D/data/Containers/Bundle/Application/D19642CF-9483-4460-92E7-EA1B8E797483/RayforgeApp.app/python/lib/python3.13/site-packages/rayforge/builtin_addons/rayforge-addon-laser/laser_essentials/worker.py'>, 'rayforge_addons.laser_essentials.laser_essentials.frontend': <module 'rayforge_addons.laser_essentials.laser_essentials.frontend' from '/Users/runner/Library/Developer/CoreSimulator/Devices/32AF2C57-25F2-44AC-8AE8-20E38FC22F2D/data/Containers/Bundle/Application/D19642CF-9483-4460-92E7-EA1B8E797483/RayforgeApp.app/python/lib/python3.13/site-packages/rayforge/builtin_addons/rayforge-addon-laser/laser_essentials/frontend.py'>, 'rayforge_addons.print_and_cut.print_and_cut.frontend': <module 'rayforge_addons.print_and_cut.print_and_cut.frontend' from '/Users/runner/Library/Developer/CoreSimulator/Devices/32AF2C57-25F2-44AC-8AE8-20E38FC22F2D/data/Containers/Bundle/Application/D19642CF-9483-4460-92E7-EA1B8E797483/RayforgeApp.app/python/lib/python3.13/site-packages/rayforge/builtin_addons/rayforge-addon-print-and-cut/print_and_cut/frontend.py'>, 'rayforge_addons.post_processors.post_processors.worker': <module 'rayforge_addons.post_processors.post_processors.worker' from '/Users/runner/Library/Developer/CoreSimulator/Devices/32AF2C57-25F2-44AC-8AE8-20E38FC22F2D/data/Containers/Bundle/Application/D19642CF-9483-4460-92E7-EA1B8E797483/RayforgeApp.app/python/lib/python3.13/site-packages/rayforge/builtin_addons/rayforge-addon-post/post_processors/worker.py'>, 'rayforge_addons.post_processors.post_processors.frontend': <module 'rayforge_addons.post_processors.post_processors.frontend' from '/Users/runner/Library/Developer/CoreSimulator/Devices/32AF2C57-25F2-44AC-8AE8-20E38FC22F2D/data/Containers/Bundle/Application/D19642CF-9483-4460-92E7-EA1B8E797483/RayforgeApp.app/python/lib/python3.13/site-packages/rayforge/builtin_addons/rayforge-addon-post/post_processors/frontend.py'>, 'rayforge_addons.ai_workpiece_generator.ai_workpiece_generator.frontend': <module 'rayforge_addons.ai_workpiece_generator.ai_workpiece_generator.frontend' from '/Users/runner/Library/Developer/CoreSimulator/Devices/32AF2C57-25F2-44AC-8AE8-20E38FC22F2D/data/Containers/Bundle/Application/D19642CF-9483-4460-92E7-EA1B8E797483/RayforgeApp.app/python/lib/python3.13/site-packages/rayforge/builtin_addons/rayforge-addon-ai-workpiece/ai_workpiece_generator/frontend.py'>}
2026-07-05 12:43:04,944 - rayforge.context - INFO - Lazy loading recipe manager
2026-07-05 12:43:04,944 - rayforge.core.recipe_manager - INFO - Loaded 0 recipes.
2026-07-05 12:43:04,947 - rayforge.doceditor.step_cmd - INFO - Added default 'Contour' step to layer 'Layer 1'.
Gdk-Message: 12:43:05.072: gdk-ios: toplevel_present shell_bounds=1032x1376
Fontconfig warning: using without calling FcInit()
Gdk-Message: 12:43:05.133: gdk-ios: present placement transient=0 natural=1165x1150 -> frame=(0,0,1032x1376)
Gdk-Message: 12:43:05.133: gdk-ios: attach_layer surface=0x109efb560 layer=0x600000cb37b0 root=0x600000c11800 root.bounds=1032x1376 root.sublayers=1 scale=2.00
Gdk-Message: 12:43:05.133: gdk-ios: apply_frame surface=0x109efb560 req=(0,0,1032x1376) layer.frame=(0,0,1032x1376)
Gdk-Message: 12:43:05.135: gdk-ios: toplevel_present shell_bounds=1032x1376
Gdk-Message: 12:43:05.135: gdk-ios: present placement transient=0 natural=1165x1150 -> frame=(0,0,1032x1376)
Gdk-Message: 12:43:05.135: gdk-ios: apply_frame surface=0x109efb560 req=(0,0,1032x1376) layer.frame=(0,0,1032x1376)
Gdk-Message: 12:43:05.136: gdk-ios: toplevel_present shell_bounds=1032x1376
Gdk-Message: 12:43:05.144: gdk-ios: present placement transient=1 natural=394x318 -> frame=(319,529,394x318)
Gdk-Message: 12:43:05.144: gdk-ios: attach_layer surface=0x10e4845c0 layer=0x600000cc0de0 root=0x600000c11800 root.bounds=1032x1376 root.sublayers=2 scale=2.00
Gdk-Message: 12:43:05.144: gdk-ios: apply_frame surface=0x10e4845c0 req=(319,529,394x318) layer.frame=(319,529,394x318)
Gdk-Message: 12:43:05.144: gdk-ios: toplevel_present shell_bounds=1032x1376
Gdk-Message: 12:43:05.144: gdk-ios: present placement transient=1 natural=394x318 -> frame=(319,529,394x318)
Gdk-Message: 12:43:05.144: gdk-ios: apply_frame surface=0x10e4845c0 req=(319,529,394x318) layer.frame=(319,529,394x318)
2026-07-05 12:43:05,145 - rayforge.addon_mgr.update_cmd - INFO - Scheduling startup addon update check.
2026-07-05 12:43:05,146 - rayforge.updater - INFO - Scheduling app version update check.
IOSBOOT: _ios_run: activate() returned; windows=1
IOSBOOT:   window mapped=True visible=True title='Rayforge'
IOSBOOT: keep-running caught — startup unwound cleanly
RAYFORGE UI RUNNING
** Message: 12:43:05.148: rayforge boot: PyGObject self-test ran (CPython 3.13.14 (main, Jun 12 2026, 07:26:39) [Clang 17.0.0 (clang-1700.0.13.5)]) ? see console for PYGOBJECT OK/FAIL
Gdk-Message: 12:43:05.157: gdk-ios: user main returned
Gdk-Message: 12:43:05.161: gdk-ios: VC layout view=1032x1376 screen=1032x1376
2026-07-05 12:43:05,241 - rayforge.addon_mgr.addon_manager - INFO - Checking for available addon updates...
2026-07-05 12:43:05,244 - rayforge.addon_mgr.addon_manager - INFO - Fetching registry from https://raw.githubusercontent.com/barebaric/rayforge-registry/main/registry.yaml
2026-07-05 12:43:05,266 - rayforge.machine.models.controller - INFO - Machine 'Default Machine' (id:e51f6204-0733-4922-aa84-3dc40d2f038f) rebuilding driver to 'None'
Gdk-Message: 12:43:05.321: gdk-ios: begin_frame surface=1032x1376 scale=2.00 pixels=2064x2752
Gdk-Message: 12:43:05.346: gdk-ios: end_frame 2064x2752 stride=8256 data=0x1121ac000 layer=0x600000cb37b0 center=0xFFC5C5C7 tl=0x00000000 tr=0x00000000 bl=0x00000000 br=0xFFF5F5F6
Gdk-Message: 12:43:05.346: gdk-ios: presented layer=0x600000cb37b0 frame=(0,0,1032x1376) contentsScale=2.00 opacity=1.00 hidden=0 super=0x600000c11800 hasContents=1
Gdk-Message: 12:43:05.347: gdk-ios: begin_frame surface=394x318 scale=2.00 pixels=788x636
Gdk-Message: 12:43:05.351: gdk-ios: end_frame 788x636 stride=3152 data=0x113758000 layer=0x600000cc0de0 center=0xFFFAFAFB tl=0x00000000 tr=0x00000000 bl=0x00000000 br=0xFFFAFAFB
Gdk-Message: 12:43:05.351: gdk-ios: presented layer=0x600000cc0de0 frame=(319,529,394x318) contentsScale=2.00 opacity=1.00 hidden=0 super=0x600000c11800 hasContents=1
Gdk-Message: 12:43:05.353: gdk-ios: begin_frame surface=1032x1376 scale=2.00 pixels=2064x2752
Gdk-Message: 12:43:05.375: gdk-ios: end_frame 2064x2752 stride=8256 data=0x113b00000 layer=0x600000cb37b0 center=0xFFC5C5C7 tl=0x00000000 tr=0x00000000 bl=0x00000000 br=0xFFF5F5F6
Gdk-Message: 12:43:05.375: gdk-ios: presented layer=0x600000cb37b0 frame=(0,0,1032x1376) contentsScale=2.00 opacity=1.00 hidden=0 super=0x600000c11800 hasContents=1
Gdk-Message: 12:43:05.377: gdk-ios: begin_frame surface=1032x1376 scale=2.00 pixels=2064x2752
Gdk-Message: 12:43:05.398: gdk-ios: end_frame 2064x2752 stride=8256 data=0x1121ac000 layer=0x600000cb37b0 center=0xFFC5C5C7 tl=0x00000000 tr=0x00000000 bl=0x00000000 br=0xFFF5F5F6
Gdk-Message: 12:43:05.399: gdk-ios: presented layer=0x600000cb37b0 frame=(0,0,1032x1376) contentsScale=2.00 opacity=1.00 hidden=0 super=0x600000c11800 hasContents=1
Gdk-Message: 12:43:05.400: gdk-ios: begin_frame surface=1032x1376 scale=2.00 pixels=2064x2752
Gdk-Message: 12:43:05.423: gdk-ios: end_frame 2064x2752 stride=8256 data=0x113b00000 layer=0x600000cb37b0 center=0xFFC5C5C7 tl=0x00000000 tr=0x00000000 bl=0x00000000 br=0xFFF5F5F6
Gdk-Message: 12:43:05.423: gdk-ios: presented layer=0x600000cb37b0 frame=(0,0,1032x1376) contentsScale=2.00 opacity=1.00 hidden=0 super=0x600000c11800 hasContents=1
2026-07-05 12:43:05,436 - rayforge.machine.models.controller - INFO - Synced active WCS from device: 'G54'
Gdk-Message: 12:43:05.453: gdk-ios: begin_frame surface=1032x1376 scale=2.00 pixels=2064x2752
Gdk-Message: 12:43:05.476: gdk-ios: end_frame 2064x2752 stride=8256 data=0x1121ac000 layer=0x600000cb37b0 center=0xFFC5C5C7 tl=0x00000000 tr=0x00000000 bl=0x00000000 br=0xFFF5F5F6
Gdk-Message: 12:43:05.477: gdk-ios: presented layer=0x600000cb37b0 frame=(0,0,1032x1376) contentsScale=2.00 opacity=1.00 hidden=0 super=0x600000c11800 hasContents=1
Gdk-Message: 12:43:05.503: gdk-ios: begin_frame surface=1032x1376 scale=2.00 pixels=2064x2752
Gdk-Message: 12:43:05.530: gdk-ios: end_frame 2064x2752 stride=8256 data=0x1152a0000 layer=0x600000cb37b0 center=0xFFC5C5C7 tl=0x00000000 tr=0x00000000 bl=0x00000000 br=0xFFF5F5F6
Gdk-Message: 12:43:05.530: gdk-ios: presented layer=0x600000cb37b0 frame=(0,0,1032x1376) contentsScale=2.00 opacity=1.00 hidden=0 super=0x600000c11800 hasContents=1
Gdk-Message: 12:43:05.531: gdk-ios: begin_frame surface=1032x1376 scale=2.00 pixels=2064x2752
Gdk-Message: 12:43:05.558: gdk-ios: end_frame 2064x2752 stride=8256 data=0x11684c000 layer=0x600000cb37b0 center=0xFFC5C5C7 tl=0x00000000 tr=0x00000000 bl=0x00000000 br=0xFFF5F5F6
Gdk-Message: 12:43:05.559: gdk-ios: presented layer=0x600000cb37b0 frame=(0,0,1032x1376) contentsScale=2.00 opacity=1.00 hidden=0 super=0x600000c11800 hasContents=1
Gdk-Message: 12:43:05.559: gdk-ios: begin_frame surface=1032x1376 scale=2.00 pixels=2064x2752
Gdk-Message: 12:43:05.585: gdk-ios: end_frame 2064x2752 stride=8256 data=0x1152a0000 layer=0x600000cb37b0 center=0xFFC5C5C7 tl=0x00000000 tr=0x00000000 bl=0x00000000 br=0xFFF5F5F6
Gdk-Message: 12:43:05.585: gdk-ios: presented layer=0x600000cb37b0 frame=(0,0,1032x1376) contentsScale=2.00 opacity=1.00 hidden=0 super=0x600000c11800 hasContents=1
Gdk-Message: 12:43:05.585: gdk-ios: begin_frame surface=1032x1376 scale=2.00 pixels=2064x2752
Gdk-Message: 12:43:05.608: gdk-ios: end_frame 2064x2752 stride=8256 data=0x11684c000 layer=0x600000cb37b0 center=0xFFC5C5C7 tl=0x00000000 tr=0x00000000 bl=0x00000000 br=0xFFF5F5F6
Gdk-Message: 12:43:05.608: gdk-ios: presented layer=0x600000cb37b0 frame=(0,0,1032x1376) contentsScale=2.00 opacity=1.00 hidden=0 super=0x600000c11800 hasContents=1
Gdk-Message: 12:43:05.609: gdk-ios: begin_frame surface=1032x1376 scale=2.00 pixels=2064x2752
Gdk-Message: 12:43:05.629: gdk-ios: end_frame 2064x2752 stride=8256 data=0x1152a0000 layer=0x600000cb37b0 center=0xFFC5C5C7 tl=0x00000000 tr=0x00000000 bl=0x00000000 br=0xFFF5F5F6
Gdk-Message: 12:43:05.629: gdk-ios: presented layer=0x600000cb37b0 frame=(0,0,1032x1376) contentsScale=2.00 opacity=1.00 hidden=0 super=0x600000c11800 hasContents=1
Gdk-Message: 12:43:05.630: gdk-ios: begin_frame surface=1032x1376 scale=2.00 pixels=2064x2752
Gdk-Message: 12:43:05.649: gdk-ios: end_frame 2064x2752 stride=8256 data=0x11684c000 layer=0x600000cb37b0 center=0xFFC5C5C7 tl=0x00000000 tr=0x00000000 bl=0x00000000 br=0xFFF5F5F6
Gdk-Message: 12:43:05.650: gdk-ios: presented layer=0x600000cb37b0 frame=(0,0,1032x1376) contentsScale=2.00 opacity=1.00 hidden=0 super=0x600000c11800 hasContents=1
Gdk-Message: 12:43:05.650: gdk-ios: begin_frame surface=1032x1376 scale=2.00 pixels=2064x2752
Gdk-Message: 12:43:05.668: gdk-ios: end_frame 2064x2752 stride=8256 data=0x1152a0000 layer=0x600000cb37b0 center=0xFFC5C5C7 tl=0x00000000 tr=0x00000000 bl=0x00000000 br=0xFFF5F5F6
Gdk-Message: 12:43:05.668: gdk-ios: presented layer=0x600000cb37b0 frame=(0,0,1032x1376) contentsScale=2.00 opacity=1.00 hidden=0 super=0x600000c11800 hasContents=1
Gdk-Message: 12:43:05.668: gdk-ios: begin_frame surface=1032x1376 scale=2.00 pixels=2064x2752
Gdk-Message: 12:43:05.685: gdk-ios: end_frame 2064x2752 stride=8256 data=0x11684c000 layer=0x600000cb37b0 center=0xFFC5C5C7 tl=0x00000000 tr=0x00000000 bl=0x00000000 br=0xFFF5F5F6
Gdk-Message: 12:43:05.685: gdk-ios: presented layer=0x600000cb37b0 frame=(0,0,1032x1376) contentsScale=2.00 opacity=1.00 hidden=0 super=0x600000c11800 hasContents=1
Gdk-Message: 12:43:05.686: gdk-ios: begin_frame surface=1032x1376 scale=2.00 pixels=2064x2752
Gdk-Message: 12:43:05.702: gdk-ios: end_frame 2064x2752 stride=8256 data=0x1152a0000 layer=0x600000cb37b0 center=0xFFC5C5C7 tl=0x00000000 tr=0x00000000 bl=0x00000000 br=0xFFF5F5F6
Gdk-Message: 12:43:05.702: gdk-ios: presented layer=0x600000cb37b0 frame=(0,0,1032x1376) contentsScale=2.00 opacity=1.00 hidden=0 super=0x600000c11800 hasContents=1
Gdk-Message: 12:43:05.702: gdk-ios: begin_frame surface=1032x1376 scale=2.00 pixels=2064x2752
Gdk-Message: 12:43:05.718: gdk-ios: end_frame 2064x2752 stride=8256 data=0x11684c000 layer=0x600000cb37b0 center=0xFFC5C5C7 tl=0x00000000 tr=0x00000000 bl=0x00000000 br=0xFFF5F5F6
Gdk-Message: 12:43:05.718: gdk-ios: presented layer=0x600000cb37b0 frame=(0,0,1032x1376) contentsScale=2.00 opacity=1.00 hidden=0 super=0x600000c11800 hasContents=1
Gdk-Message: 12:43:07.686: gdk-ios: pump alive frame=120 total_iterations=24
IOSBOOT: GEOM monitor[0] 1032x1376+0+0 scale=2
IOSBOOT: GEOM top[0] 'Rayforge' alloc=982x1326 surface=1032x1376 surfscale=2 vis=True
IOSBOOT: GEOM top[1] 'Help Improve Rayforge' alloc=350x274 surface=394x318 surfscale=2 vis=True
Gdk-Message: 12:43:09.682: gdk-ios: pump alive frame=240 total_iterations=25
Gdk-Message: 12:43:11.685: gdk-ios: pump alive frame=360 total_iterations=25
Gdk-Message: 12:43:13.687: gdk-ios: pump alive frame=480 total_iterations=25
Gdk-Message: 12:43:15.687: gdk-ios: pump alive frame=600 total_iterations=25
Gdk-Message: 12:43:17.684: gdk-ios: pump alive frame=720 total_iterations=25
Gdk-Message: 12:43:19.687: gdk-ios: pump alive frame=840 total_iterations=25
Gdk-Message: 12:43:21.682: gdk-ios: pump alive frame=960 total_iterations=25
Gdk-Message: 12:43:23.684: gdk-ios: pump alive frame=1080 total_iterations=25
Gdk-Message: 12:43:25.684: gdk-ios: pump alive frame=1200 total_iterations=25
Gdk-Message: 12:43:27.684: gdk-ios: pump alive frame=1320 total_iterations=25
Gdk-Message: 12:43:29.684: gdk-ios: pump alive frame=1440 total_iterations=25
Gdk-Message: 12:43:31.684: gdk-ios: pump alive frame=1560 total_iterations=25
