CMake Deprecation Warning at CMakeLists.txt:18 (cmake_minimum_required):
  Compatibility with CMake < 3.10 will be removed from a future version of
  CMake.

  Update the VERSION argument <min> value.  Or, use the <min>...<max> syntax
  to tell CMake that the project requires at least <min> but has been updated
  to work with policies introduced by <max> or earlier.


-- The C compiler identification is AppleClang 17.0.0.17000013
-- The ASM compiler identification is AppleClang
-- Found assembler: /usr/bin/cc
-- Detecting C compiler ABI info
-- Detecting C compiler ABI info - done
-- Check for working C compiler: /usr/bin/cc - skipped
-- Detecting C compile features
-- Detecting C compile features - done
-- Building for target architecture: arm64
-- Found ZLIB: /Applications/Xcode_16.4.app/Contents/Developer/Platforms/iPhoneOS.platform/Developer/SDKs/iPhoneOS18.5.sdk/usr/lib/libz.tbd (found version "1.2.12")
-- Found AWK program: /usr/bin/awk
-- Configuring done (2.1s)
-- Generating done (0.0s)
-- Build files have been written to: /Users/runner/work/Rayforge-iOS-ipa/Rayforge-iOS-ipa/libpng-build
[  0%] Built target png_genfiles
[  5%] Building C object CMakeFiles/png_static.dir/png.c.o
[ 10%] Building C object CMakeFiles/png_static.dir/pngerror.c.o
[ 15%] Building C object CMakeFiles/png_static.dir/pngget.c.o
[ 21%] Building C object CMakeFiles/png_static.dir/pngmem.c.o
[ 26%] Building C object CMakeFiles/png_static.dir/pngpread.c.o
[ 31%] Building C object CMakeFiles/png_static.dir/pngread.c.o
[ 36%] Building C object CMakeFiles/png_static.dir/pngrio.c.o
[ 42%] Building C object CMakeFiles/png_static.dir/pngrtran.c.o
[ 47%] Building C object CMakeFiles/png_static.dir/pngrutil.c.o
[ 52%] Building C object CMakeFiles/png_static.dir/pngset.c.o
[ 57%] Building C object CMakeFiles/png_static.dir/pngtrans.c.o
[ 63%] Building C object CMakeFiles/png_static.dir/pngwio.c.o
[ 68%] Building C object CMakeFiles/png_static.dir/pngwrite.c.o
[ 73%] Building C object CMakeFiles/png_static.dir/pngwtran.c.o
[ 78%] Building C object CMakeFiles/png_static.dir/pngwutil.c.o
[ 84%] Building C object CMakeFiles/png_static.dir/arm/arm_init.c.o
[ 89%] Building C object CMakeFiles/png_static.dir/arm/filter_neon_intrinsics.c.o
[ 94%] Building C object CMakeFiles/png_static.dir/arm/palette_neon_intrinsics.c.o
[100%] Linking C static library libpng16.a
[100%] Built target png_static
-- Installing: /Users/runner/work/Rayforge-iOS-ipa/Rayforge-iOS-ipa/ios-out/lib/libpng16.a
-- Installing: /Users/runner/work/Rayforge-iOS-ipa/Rayforge-iOS-ipa/ios-out/lib/libpng.a
-- Installing: /Users/runner/work/Rayforge-iOS-ipa/Rayforge-iOS-ipa/ios-out/include/png.h
-- Installing: /Users/runner/work/Rayforge-iOS-ipa/Rayforge-iOS-ipa/ios-out/include/pngconf.h
-- Installing: /Users/runner/work/Rayforge-iOS-ipa/Rayforge-iOS-ipa/ios-out/include/pnglibconf.h
-- Installing: /Users/runner/work/Rayforge-iOS-ipa/Rayforge-iOS-ipa/ios-out/include/libpng16/png.h
-- Installing: /Users/runner/work/Rayforge-iOS-ipa/Rayforge-iOS-ipa/ios-out/include/libpng16/pngconf.h
-- Installing: /Users/runner/work/Rayforge-iOS-ipa/Rayforge-iOS-ipa/ios-out/include/libpng16/pnglibconf.h
-- Installing: /Users/runner/work/Rayforge-iOS-ipa/Rayforge-iOS-ipa/ios-out/bin/libpng-config
-- Installing: /Users/runner/work/Rayforge-iOS-ipa/Rayforge-iOS-ipa/ios-out/bin/libpng16-config
-- Installing: /Users/runner/work/Rayforge-iOS-ipa/Rayforge-iOS-ipa/ios-out/share/man/man3/libpng.3
-- Installing: /Users/runner/work/Rayforge-iOS-ipa/Rayforge-iOS-ipa/ios-out/share/man/man3/libpngpf.3
-- Installing: /Users/runner/work/Rayforge-iOS-ipa/Rayforge-iOS-ipa/ios-out/share/man/man5/png.5
-- Installing: /Users/runner/work/Rayforge-iOS-ipa/Rayforge-iOS-ipa/ios-out/lib/pkgconfig/libpng.pc
-- Up-to-date: /Users/runner/work/Rayforge-iOS-ipa/Rayforge-iOS-ipa/ios-out/bin/libpng-config
-- Installing: /Users/runner/work/Rayforge-iOS-ipa/Rayforge-iOS-ipa/ios-out/lib/pkgconfig/libpng16.pc
-- Up-to-date: /Users/runner/work/Rayforge-iOS-ipa/Rayforge-iOS-ipa/ios-out/bin/libpng16-config
-- Installing: /Users/runner/work/Rayforge-iOS-ipa/Rayforge-iOS-ipa/ios-out/lib/libpng/libpng16.cmake
-- Up-to-date: /Users/runner/work/Rayforge-iOS-ipa/Rayforge-iOS-ipa/ios-out/lib/libpng16.a
-- Installing: /Users/runner/work/Rayforge-iOS-ipa/Rayforge-iOS-ipa/ios-out/lib/cmake/PNG/PNGTargets.cmake
-- Installing: /Users/runner/work/Rayforge-iOS-ipa/Rayforge-iOS-ipa/ios-out/lib/cmake/PNG/PNGConfig.cmake
-- Installing: /Users/runner/work/Rayforge-iOS-ipa/Rayforge-iOS-ipa/ios-out/lib/cmake/PNG/PNGConfigVersion.cmake
