Gdk-Message: 05:53:04.513: gdk-ios: bundle resources at /Users/runner/Library/Developer/CoreSimulator/Devices/FC6586F7-4E54-4009-828B-D750EDBD70F4/data/Containers/Bundle/Application/9F569260-365C-4DDC-8529-58FCEE8C8548/RayforgeApp.app
Gdk-Message: 05:53:04.729: gdk-ios: shell ready window=1032x1376 view=1032x1376 scale=2.00
Gdk-Message: 05:53:04.735: gdk-ios: VC layout view=1032x1376 screen=1032x1376
Gdk-Message: 05:53:04.750: gdk-ios: entering user main
** Message: 05:53:04.750: GI_TYPELIB_PATH: /Users/runner/Library/Developer/CoreSimulator/Devices/FC6586F7-4E54-4009-828B-D750EDBD70F4/data/Containers/Bundle/Application/9F569260-365C-4DDC-8529-58FCEE8C8548/RayforgeApp.app/lib/girepository-1.0
** Message: 05:53:04.750: python home: /Users/runner/Library/Developer/CoreSimulator/Devices/FC6586F7-4E54-4009-828B-D750EDBD70F4/data/Containers/Bundle/Application/9F569260-365C-4DDC-8529-58FCEE8C8548/RayforgeApp.app/python
** Message: 05:53:04.751: site-packages: /Users/runner/Library/Developer/CoreSimulator/Devices/FC6586F7-4E54-4009-828B-D750EDBD70F4/data/Containers/Bundle/Application/9F569260-365C-4DDC-8529-58FCEE8C8548/RayforgeApp.app/python/lib/python3.13/site-packages
IOSBOOT: ios_main.main() start
IOSBOOT: import rayforge.app
IOSBOOT: addon finder fast-fail installed
IOSBOOT: rayforge.app.main()
2026-07-06 05:53:06,363 - root - INFO - Logging configured. Console level: INFO
2026-07-06 05:53:06,364 - root - INFO - Session log file: /Users/runner/Library/Developer/CoreSimulator/Devices/FC6586F7-4E54-4009-828B-D750EDBD70F4/data/Containers/Data/Application/3058AE20-C690-40CF-8205-B9F386B50F99/.local/state/rayforge/log/session-2026-07-06_05-53-06.log
2026-07-06 05:53:06,364 - rayforge.app - INFO - Application starting with log level INFO
2026-07-06 05:53:06,364 - rayforge.app - INFO - PyCairo version: 1.29.0
2026-07-06 05:53:08,083 - rayforge.image.svg.svg_fallback - WARNING - pyvips svgload_buffer not available. Using Cairo/Rsvg fallback for SVG rendering.
2026-07-06 05:53:09,029 - rayforge.ui_gtk.sim3d - INFO - Skipping Canvas3D import due to RAYFORGE_DISABLE_3D
2026-07-06 05:53:09,030 - rayforge.ui_gtk.sim3d - INFO - 3D canvas disabled via RAYFORGE_DISABLE_3D environment variable.
2026-07-06 05:53:09,117 - rayforge.addon_mgr.addon_manager - INFO - Scanning for addons in /Users/runner/Library/Developer/CoreSimulator/Devices/FC6586F7-4E54-4009-828B-D750EDBD70F4/data/Containers/Bundle/Application/9F569260-365C-4DDC-8529-58FCEE8C8548/RayforgeApp.app/python/lib/python3.13/site-packages/rayforge/builtin_addons...
2026-07-06 05:53:09,121 - rayforge.addon_mgr.addon_manager - INFO - Loaded addon: core_materials (builtin)
2026-07-06 05:53:09,224 - rayforge.addon_mgr.addon_manager - INFO - Loaded addon: sketcher (builtin)
2026-07-06 05:53:09,233 - rayforge.addon_mgr.addon_manager - ERROR - Error importing addon laser_essentials: No module named 'raygeo.cnc'
2026-07-06 05:53:09,237 - rayforge.addon_mgr.addon_manager - ERROR - Error importing addon laser_essentials: No module named 'raygeo.cnc'
2026-07-06 05:53:09,237 - rayforge.addon_mgr.addon_manager - INFO - Loaded addon: laser_essentials (builtin)
2026-07-06 05:53:09,242 - rayforge.addon_mgr.addon_manager - INFO - Loaded addon: print_and_cut (builtin)
2026-07-06 05:53:09,283 - rayforge.addon_mgr.addon_manager - INFO - Loaded addon: post_processors (builtin)
2026-07-06 05:53:09,303 - rayforge.addon_mgr.addon_manager - INFO - Loaded addon: ai_workpiece_generator (builtin)
2026-07-06 05:53:09,536 - rayforge.context - INFO - Addons loaded (headless=False)
IOSBOOT: _ios_run: register()
IOSBOOT: _ios_run: activate()
2026-07-06 05:53:10,434 - rayforge.context - INFO - Lazy loading config manager
2026-07-06 05:53:10,441 - rayforge.context - INFO - Lazy loading machine manager
2026-07-06 05:53:10,448 - rayforge.core.config - INFO - Config file does not exist, creating default config.
2026-07-06 05:53:10,545 - rayforge.context - INFO - Lazy loading camera manager
2026-07-06 05:53:10,621 - rayforge.worker_init - ERROR - Failed to load enabled worker module 'rayforge_addons.core_materials.core_materials.worker': Plugin name already registered: rayforge_addons.core_materials.core_materials.worker=<module 'rayforge_addons.core_materials.core_materials.worker' from '/Users/runner/Library/Developer/CoreSimulator/Devices/FC6586F7-4E54-4009-828B-D750EDBD70F4/data/Containers/Bundle/Application/9F569260-365C-4DDC-8529-58FCEE8C8548/RayforgeApp.app/python/lib/python3.13/site-packages/rayforge/builtin_addons/rayforge-addon-materials/core_materials/worker.py'>
{'rayforge_addons.core_materials.core_materials.worker': <module 'rayforge_addons.core_materials.core_materials.worker' from '/Users/runner/Library/Developer/CoreSimulator/Devices/FC6586F7-4E54-4009-828B-D750EDBD70F4/data/Containers/Bundle/Application/9F569260-365C-4DDC-8529-58FCEE8C8548/RayforgeApp.app/python/lib/python3.13/site-packages/rayforge/builtin_addons/rayforge-addon-materials/core_materials/worker.py'>, 'rayforge_addons.sketcher.sketcher.worker': <module 'rayforge_addons.sketcher.sketcher.worker' from '/Users/runner/Library/Developer/CoreSimulator/Devices/FC6586F7-4E54-4009-828B-D750EDBD70F4/data/Containers/Bundle/Application/9F569260-365C-4DDC-8529-58FCEE8C8548/RayforgeApp.app/python/lib/python3.13/site-packages/rayforge/builtin_addons/rayforge-addon-sketcher/sketcher/worker.py'>, 'rayforge_addons.sketcher.sketcher.frontend': <module 'rayforge_addons.sketcher.sketcher.frontend' from '/Users/runner/Library/Developer/CoreSimulator/Devices/FC6586F7-4E54-4009-828B-D750EDBD70F4/data/Containers/Bundle/Application/9F569260-365C-4DDC-8529-58FCEE8C8548/RayforgeApp.app/python/lib/python3.13/site-packages/rayforge/builtin_addons/rayforge-addon-sketcher/sketcher/frontend.py'>, 'rayforge_addons.print_and_cut.print_and_cut.frontend': <module 'rayforge_addons.print_and_cut.print_and_cut.frontend' from '/Users/runner/Library/Developer/CoreSimulator/Devices/FC6586F7-4E54-4009-828B-D750EDBD70F4/data/Containers/Bundle/Application/9F569260-365C-4DDC-8529-58FCEE8C8548/RayforgeApp.app/python/lib/python3.13/site-packages/rayforge/builtin_addons/rayforge-addon-print-and-cut/print_and_cut/frontend.py'>, 'rayforge_addons.post_processors.post_processors.worker': <module 'rayforge_addons.post_processors.post_processors.worker' from '/Users/runner/Library/Developer/CoreSimulator/Devices/FC6586F7-4E54-4009-828B-D750EDBD70F4/data/Containers/Bundle/Application/9F569260-365C-4DDC-8529-58FCEE8C8548/RayforgeApp.app/python/lib/python3.13/site-packages/rayforge/builtin_addons/rayforge-addon-post/post_processors/worker.py'>, 'rayforge_addons.post_processors.post_processors.frontend': <module 'rayforge_addons.post_processors.post_processors.frontend' from '/Users/runner/Library/Developer/CoreSimulator/Devices/FC6586F7-4E54-4009-828B-D750EDBD70F4/data/Containers/Bundle/Application/9F569260-365C-4DDC-8529-58FCEE8C8548/RayforgeApp.app/python/lib/python3.13/site-packages/rayforge/builtin_addons/rayforge-addon-post/post_processors/frontend.py'>, 'rayforge_addons.ai_workpiece_generator.ai_workpiece_generator.frontend': <module 'rayforge_addons.ai_workpiece_generator.ai_workpiece_generator.frontend' from '/Users/runner/Library/Developer/CoreSimulator/Devices/FC6586F7-4E54-4009-828B-D750EDBD70F4/data/Containers/Bundle/Application/9F569260-365C-4DDC-8529-58FCEE8C8548/RayforgeApp.app/python/lib/python3.13/site-packages/rayforge/builtin_addons/rayforge-addon-ai-workpiece/ai_workpiece_generator/frontend.py'>}
2026-07-06 05:53:10,622 - rayforge.worker_init - ERROR - Failed to load enabled worker module 'rayforge_addons.sketcher.sketcher.worker': Plugin name already registered: rayforge_addons.sketcher.sketcher.worker=<module 'rayforge_addons.sketcher.sketcher.worker' from '/Users/runner/Library/Developer/CoreSimulator/Devices/FC6586F7-4E54-4009-828B-D750EDBD70F4/data/Containers/Bundle/Application/9F569260-365C-4DDC-8529-58FCEE8C8548/RayforgeApp.app/python/lib/python3.13/site-packages/rayforge/builtin_addons/rayforge-addon-sketcher/sketcher/worker.py'>
{'rayforge_addons.core_materials.core_materials.worker': <module 'rayforge_addons.core_materials.core_materials.worker' from '/Users/runner/Library/Developer/CoreSimulator/Devices/FC6586F7-4E54-4009-828B-D750EDBD70F4/data/Containers/Bundle/Application/9F569260-365C-4DDC-8529-58FCEE8C8548/RayforgeApp.app/python/lib/python3.13/site-packages/rayforge/builtin_addons/rayforge-addon-materials/core_materials/worker.py'>, 'rayforge_addons.sketcher.sketcher.worker': <module 'rayforge_addons.sketcher.sketcher.worker' from '/Users/runner/Library/Developer/CoreSimulator/Devices/FC6586F7-4E54-4009-828B-D750EDBD70F4/data/Containers/Bundle/Application/9F569260-365C-4DDC-8529-58FCEE8C8548/RayforgeApp.app/python/lib/python3.13/site-packages/rayforge/builtin_addons/rayforge-addon-sketcher/sketcher/worker.py'>, 'rayforge_addons.sketcher.sketcher.frontend': <module 'rayforge_addons.sketcher.sketcher.frontend' from '/Users/runner/Library/Developer/CoreSimulator/Devices/FC6586F7-4E54-4009-828B-D750EDBD70F4/data/Containers/Bundle/Application/9F569260-365C-4DDC-8529-58FCEE8C8548/RayforgeApp.app/python/lib/python3.13/site-packages/rayforge/builtin_addons/rayforge-addon-sketcher/sketcher/frontend.py'>, 'rayforge_addons.print_and_cut.print_and_cut.frontend': <module 'rayforge_addons.print_and_cut.print_and_cut.frontend' from '/Users/runner/Library/Developer/CoreSimulator/Devices/FC6586F7-4E54-4009-828B-D750EDBD70F4/data/Containers/Bundle/Application/9F569260-365C-4DDC-8529-58FCEE8C8548/RayforgeApp.app/python/lib/python3.13/site-packages/rayforge/builtin_addons/rayforge-addon-print-and-cut/print_and_cut/frontend.py'>, 'rayforge_addons.post_processors.post_processors.worker': <module 'rayforge_addons.post_processors.post_processors.worker' from '/Users/runner/Library/Developer/CoreSimulator/Devices/FC6586F7-4E54-4009-828B-D750EDBD70F4/data/Containers/Bundle/Application/9F569260-365C-4DDC-8529-58FCEE8C8548/RayforgeApp.app/python/lib/python3.13/site-packages/rayforge/builtin_addons/rayforge-addon-post/post_processors/worker.py'>, 'rayforge_addons.post_processors.post_processors.frontend': <module 'rayforge_addons.post_processors.post_processors.frontend' from '/Users/runner/Library/Developer/CoreSimulator/Devices/FC6586F7-4E54-4009-828B-D750EDBD70F4/data/Containers/Bundle/Application/9F569260-365C-4DDC-8529-58FCEE8C8548/RayforgeApp.app/python/lib/python3.13/site-packages/rayforge/builtin_addons/rayforge-addon-post/post_processors/frontend.py'>, 'rayforge_addons.ai_workpiece_generator.ai_workpiece_generator.frontend': <module 'rayforge_addons.ai_workpiece_generator.ai_workpiece_generator.frontend' from '/Users/runner/Library/Developer/CoreSimulator/Devices/FC6586F7-4E54-4009-828B-D750EDBD70F4/data/Containers/Bundle/Application/9F569260-365C-4DDC-8529-58FCEE8C8548/RayforgeApp.app/python/lib/python3.13/site-packages/rayforge/builtin_addons/rayforge-addon-ai-workpiece/ai_workpiece_generator/frontend.py'>}
2026-07-06 05:53:10,622 - rayforge.worker_init - ERROR - Failed to load enabled worker module 'rayforge_addons.post_processors.post_processors.worker': Plugin name already registered: rayforge_addons.post_processors.post_processors.worker=<module 'rayforge_addons.post_processors.post_processors.worker' from '/Users/runner/Library/Developer/CoreSimulator/Devices/FC6586F7-4E54-4009-828B-D750EDBD70F4/data/Containers/Bundle/Application/9F569260-365C-4DDC-8529-58FCEE8C8548/RayforgeApp.app/python/lib/python3.13/site-packages/rayforge/builtin_addons/rayforge-addon-post/post_processors/worker.py'>
{'rayforge_addons.core_materials.core_materials.worker': <module 'rayforge_addons.core_materials.core_materials.worker' from '/Users/runner/Library/Developer/CoreSimulator/Devices/FC6586F7-4E54-4009-828B-D750EDBD70F4/data/Containers/Bundle/Application/9F569260-365C-4DDC-8529-58FCEE8C8548/RayforgeApp.app/python/lib/python3.13/site-packages/rayforge/builtin_addons/rayforge-addon-materials/core_materials/worker.py'>, 'rayforge_addons.sketcher.sketcher.worker': <module 'rayforge_addons.sketcher.sketcher.worker' from '/Users/runner/Library/Developer/CoreSimulator/Devices/FC6586F7-4E54-4009-828B-D750EDBD70F4/data/Containers/Bundle/Application/9F569260-365C-4DDC-8529-58FCEE8C8548/RayforgeApp.app/python/lib/python3.13/site-packages/rayforge/builtin_addons/rayforge-addon-sketcher/sketcher/worker.py'>, 'rayforge_addons.sketcher.sketcher.frontend': <module 'rayforge_addons.sketcher.sketcher.frontend' from '/Users/runner/Library/Developer/CoreSimulator/Devices/FC6586F7-4E54-4009-828B-D750EDBD70F4/data/Containers/Bundle/Application/9F569260-365C-4DDC-8529-58FCEE8C8548/RayforgeApp.app/python/lib/python3.13/site-packages/rayforge/builtin_addons/rayforge-addon-sketcher/sketcher/frontend.py'>, 'rayforge_addons.print_and_cut.print_and_cut.frontend': <module 'rayforge_addons.print_and_cut.print_and_cut.frontend' from '/Users/runner/Library/Developer/CoreSimulator/Devices/FC6586F7-4E54-4009-828B-D750EDBD70F4/data/Containers/Bundle/Application/9F569260-365C-4DDC-8529-58FCEE8C8548/RayforgeApp.app/python/lib/python3.13/site-packages/rayforge/builtin_addons/rayforge-addon-print-and-cut/print_and_cut/frontend.py'>, 'rayforge_addons.post_processors.post_processors.worker': <module 'rayforge_addons.post_processors.post_processors.worker' from '/Users/runner/Library/Developer/CoreSimulator/Devices/FC6586F7-4E54-4009-828B-D750EDBD70F4/data/Containers/Bundle/Application/9F569260-365C-4DDC-8529-58FCEE8C8548/RayforgeApp.app/python/lib/python3.13/site-packages/rayforge/builtin_addons/rayforge-addon-post/post_processors/worker.py'>, 'rayforge_addons.post_processors.post_processors.frontend': <module 'rayforge_addons.post_processors.post_processors.frontend' from '/Users/runner/Library/Developer/CoreSimulator/Devices/FC6586F7-4E54-4009-828B-D750EDBD70F4/data/Containers/Bundle/Application/9F569260-365C-4DDC-8529-58FCEE8C8548/RayforgeApp.app/python/lib/python3.13/site-packages/rayforge/builtin_addons/rayforge-addon-post/post_processors/frontend.py'>, 'rayforge_addons.ai_workpiece_generator.ai_workpiece_generator.frontend': <module 'rayforge_addons.ai_workpiece_generator.ai_workpiece_generator.frontend' from '/Users/runner/Library/Developer/CoreSimulator/Devices/FC6586F7-4E54-4009-828B-D750EDBD70F4/data/Containers/Bundle/Application/9F569260-365C-4DDC-8529-58FCEE8C8548/RayforgeApp.app/python/lib/python3.13/site-packages/rayforge/builtin_addons/rayforge-addon-ai-workpiece/ai_workpiece_generator/frontend.py'>}
Gdk-Message: 05:53:10.769: gdk-ios: attach_layer surface=0x10f2b3250 type=toplevel layer=0x600000c96040 root=0x600000c02d60 root.bounds=1032x1376 root.sublayers=1 scale=2.00
Fontconfig warning: using without calling FcInit()
Gdk-Message: 05:53:10.844: gdk-ios: fit scale -> 0.9256 (min width 1115, raw 1032x1376)
Gdk-Message: 05:53:10.844: gdk-ios: configure transient=0 granted=1115x1486 at (0,0) (gtk asked 1115x1100, bounds 1115x1486)
Gdk-Message: 05:53:10.845: gdk-ios: apply_frame surface=0x10f2b3250 req=(0,0,1115x1486) layer.frame=(0,0,1115x1486)
Gdk-Message: 05:53:10.847: gdk-ios: attach_layer surface=0x110887c60 type=toplevel layer=0x600000cc2790 root=0x600000c02d60 root.bounds=1032x1376 root.sublayers=2 scale=2.00
Gdk-Message: 05:53:10.854: gdk-ios: configure transient=1 granted=394x318 at (360,584) (gtk asked 394x318, bounds 1115x1486)
Gdk-Message: 05:53:10.854: gdk-ios: apply_frame surface=0x110887c60 req=(360,584,394x318) layer.frame=(360,584,394x318)
2026-07-06 05:53:10,855 - rayforge.addon_mgr.update_cmd - INFO - Scheduling startup addon update check.
2026-07-06 05:53:10,856 - rayforge.updater - INFO - Scheduling app version update check.
IOSBOOT: _ios_run: activate() returned; windows=1
IOSBOOT:   window mapped=True visible=True title='Rayforge'
IOSBOOT: keep-running caught — startup unwound cleanly
RAYFORGE UI RUNNING
** Message: 05:53:10.857: rayforge boot: PyGObject self-test ran (CPython 3.13.14 (main, Jun 12 2026, 07:26:39) [Clang 17.0.0 (clang-1700.0.13.5)]) ? see console for PYGOBJECT OK/FAIL
Gdk-Message: 05:53:10.867: gdk-ios: user main returned
Gdk-Message: 05:53:10.870: gdk-ios: VC layout view=1032x1376 screen=1032x1376
2026-07-06 05:53:10,942 - rayforge.addon_mgr.addon_manager - INFO - Checking for available addon updates...
2026-07-06 05:53:10,966 - rayforge.addon_mgr.addon_manager - INFO - Fetching registry from https://raw.githubusercontent.com/barebaric/rayforge-registry/main/registry.yaml
Gdk-Message: 05:53:11.062: gdk-ios: begin_frame surface=1115x1486 scale=2.00 pixels=2230x2972
Gdk-Message: 05:53:11.172: gdk-ios: end_frame 2230x2972 stride=8920 data=0x117118000 layer=0x600000c96040 center=0xFFF5F5F6 tl=0xFFFFFFFF tr=0xFFFFFFFF bl=0xFFFAFAFB br=0xFFFAFAFB
Gdk-Message: 05:53:11.178: gdk-ios: presented layer=0x600000c96040 frame=(0,0,1115x1486) contentsScale=2.00 opacity=1.00 hidden=0 super=0x600000c02d60 hasContents=1
Gdk-Message: 05:53:11.179: gdk-ios: begin_frame surface=394x318 scale=2.00 pixels=788x636
Gdk-Message: 05:53:11.183: gdk-ios: end_frame 788x636 stride=3152 data=0x11a54c000 layer=0x600000cc2790 center=0xFFFAFAFB tl=0x00000000 tr=0x00000000 bl=0x00000000 br=0x00000000
Gdk-Message: 05:53:11.184: gdk-ios: presented layer=0x600000cc2790 frame=(360,584,394x318) contentsScale=2.00 opacity=1.00 hidden=0 super=0x600000c02d60 hasContents=1
Gdk-Message: 05:53:11.194: gdk-ios: begin_frame surface=1115x1486 scale=2.00 pixels=2230x2972
Gdk-Message: 05:53:11.195: gdk-ios: end_frame 2230x2972 stride=8920 data=0x117118000 layer=0x600000c96040 center=0xFFF5F5F6 tl=0xFFFFFFFF tr=0xFFFFFFFF bl=0xFFFAFAFB br=0xFFFAFAFB
Gdk-Message: 05:53:11.199: gdk-ios: presented layer=0x600000c96040 frame=(0,0,1115x1486) contentsScale=2.00 opacity=1.00 hidden=0 super=0x600000c02d60 hasContents=1
Gdk-Message: 05:53:11.216: gdk-ios: configure transient=1 granted=344x447 at (385,519) (gtk asked 344x447, bounds 1115x1486)
Gdk-Message: 05:53:11.216: gdk-ios: apply_frame surface=0x110887c60 req=(385,519,344x447) layer.frame=(385,519,344x447)
Gdk-Message: 05:53:11.217: gdk-ios: begin_frame surface=344x447 scale=2.00 pixels=688x894
Gdk-Message: 05:53:11.220: gdk-ios: end_frame 688x894 stride=2752 data=0x118c00000 layer=0x600000cc2790 center=0xFFFAFAFB tl=0x00000000 tr=0x00000000 bl=0x00000000 br=0x00000000
Gdk-Message: 05:53:11.221: gdk-ios: presented layer=0x600000cc2790 frame=(385,519,344x447) contentsScale=2.00 opacity=1.00 hidden=0 super=0x600000c02d60 hasContents=1
Gdk-Message: 05:53:11.226: gdk-ios: VC layout view=1032x1376 screen=1032x1376
Gdk-Message: 05:53:11.252: gdk-ios: begin_frame surface=1115x1486 scale=2.00 pixels=2230x2972
Gdk-Message: 05:53:11.297: gdk-ios: end_frame 2230x2972 stride=8920 data=0x117118000 layer=0x600000c96040 center=0xFFF5F5F6 tl=0xFFFFFFFF tr=0xFFFFFFFF bl=0xFFFAFAFB br=0xFFFAFAFB
Gdk-Message: 05:53:11.318: gdk-ios: presented layer=0x600000c96040 frame=(0,0,1115x1486) contentsScale=2.00 opacity=1.00 hidden=0 super=0x600000c02d60 hasContents=1
Gdk-Message: 05:53:13.277: gdk-ios: pump alive frame=120 total_iterations=15
Gdk-Message: 05:53:15.279: gdk-ios: pump alive frame=240 total_iterations=15
IOSBOOT: GEOM monitor[0] 1032x1376+0+0 scale=2
IOSBOOT: GEOM top[0] 'Rayforge' alloc=1115x1486 surface=1115x1486 surfscale=2 vis=True
IOSBOOT: GEOM top[1] 'Help Improve Rayforge' alloc=300x403 surface=344x447 surfscale=2 vis=True
Gdk-Message: 05:53:15.542: gdk-ios: begin_frame surface=1115x1486 scale=2.00 pixels=2230x2972
Gdk-Message: 05:53:15.595: gdk-ios: end_frame 2230x2972 stride=8920 data=0x117118000 layer=0x600000c96040 center=0xFFF5F5F6 tl=0xFFFFFFFF tr=0xFFFFFFFF bl=0xFFFAFAFB br=0xFFFAFAFB
Gdk-Message: 05:53:15.623: gdk-ios: presented layer=0x600000c96040 frame=(0,0,1115x1486) contentsScale=2.00 opacity=1.00 hidden=0 super=0x600000c02d60 hasContents=1
Gdk-Message: 05:53:17.377: gdk-ios: pump alive frame=360 total_iterations=18
Gdk-Message: 05:53:19.377: gdk-ios: pump alive frame=480 total_iterations=18
Gdk-Message: 05:53:21.377: gdk-ios: pump alive frame=600 total_iterations=18
Gdk-Message: 05:53:23.377: gdk-ios: pump alive frame=720 total_iterations=18
Gdk-Message: 05:53:25.377: gdk-ios: pump alive frame=840 total_iterations=18
Gdk-Message: 05:53:27.377: gdk-ios: pump alive frame=960 total_iterations=18
Gdk-Message: 05:53:29.377: gdk-ios: pump alive frame=1080 total_iterations=18
Gdk-Message: 05:53:31.377: gdk-ios: pump alive frame=1200 total_iterations=18
Gdk-Message: 05:53:33.377: gdk-ios: pump alive frame=1320 total_iterations=18
Gdk-Message: 05:53:35.377: gdk-ios: pump alive frame=1440 total_iterations=18
Gdk-Message: 05:53:37.377: gdk-ios: pump alive frame=1560 total_iterations=18
Gdk-Message: 05:53:39.377: gdk-ios: pump alive frame=1680 total_iterations=18
Gdk-Message: 05:53:41.377: gdk-ios: pump alive frame=1800 total_iterations=18
Gdk-Message: 05:53:43.377: gdk-ios: pump alive frame=1920 total_iterations=18
Gdk-Message: 05:53:45.377: gdk-ios: pump alive frame=2040 total_iterations=18
Gdk-Message: 05:53:47.377: gdk-ios: pump alive frame=2160 total_iterations=18
Gdk-Message: 05:53:49.377: gdk-ios: pump alive frame=2280 total_iterations=18
Gdk-Message: 05:53:51.377: gdk-ios: pump alive frame=2400 total_iterations=18
Gdk-Message: 05:53:53.377: gdk-ios: pump alive frame=2520 total_iterations=18
Gdk-Message: 05:53:55.377: gdk-ios: pump alive frame=2640 total_iterations=18
Gdk-Message: 05:53:57.377: gdk-ios: pump alive frame=2760 total_iterations=18
