++ xcrun simctl list runtimes
++ awk '/iOS/{id=$NF} END{print id}'
+ RUNTIME=com.apple.CoreSimulator.SimRuntime.iOS-26-2
++ xcrun simctl create rayforge-test com.apple.CoreSimulator.SimDeviceType.iPad-Pro-13-inch-M4-8GB com.apple.CoreSimulator.SimRuntime.iOS-26-2
+ UDID=FC6586F7-4E54-4009-828B-D750EDBD70F4
+ test -n FC6586F7-4E54-4009-828B-D750EDBD70F4
+ echo UDID=FC6586F7-4E54-4009-828B-D750EDBD70F4
UDID=FC6586F7-4E54-4009-828B-D750EDBD70F4
+ xcrun simctl boot FC6586F7-4E54-4009-828B-D750EDBD70F4
+ xcrun simctl bootstatus FC6586F7-4E54-4009-828B-D750EDBD70F4 -b
Monitoring boot status for rayforge-test (FC6586F7-4E54-4009-828B-D750EDBD70F4).
[2026-07-06 05:51:06 +0000] Status=2, isTerminal=NO, Elapsed=00:29.
	Waiting on Data Migration
		Reason:Running plugin com.apple.-0LaunchServicesMigrator (00LaunchServicesMigrator.migrator, user-agnostic)
		Migration Elapsed:00:24 seconds

[2026-07-06 05:51:07 +0000] Status=2, isTerminal=NO, Elapsed=00:30.
	Waiting on Data Migration
		Reason:Running plugin com.apple.-0LaunchServicesMigrator (00LaunchServicesMigrator.migrator, user-agnostic)
		Migration Elapsed:00:25 seconds

[2026-07-06 05:51:08 +0000] Status=2, isTerminal=NO, Elapsed=00:31.
	Waiting on Data Migration
		Reason:Running plugin com.apple.-0LaunchServicesMigrator (00LaunchServicesMigrator.migrator, user-agnostic)
		Migration Elapsed:00:26 seconds

[2026-07-06 05:51:09 +0000] Status=2, isTerminal=NO, Elapsed=00:32.
	Waiting on Data Migration
		Reason:Running plugin com.apple.-0LaunchServicesMigrator (00LaunchServicesMigrator.migrator, user-agnostic)
		Migration Elapsed:00:27 seconds

[2026-07-06 05:51:10 +0000] Status=2, isTerminal=NO, Elapsed=00:33.
	Waiting on Data Migration
		Reason:Running plugin com.apple.-0LaunchServicesMigrator (00LaunchServicesMigrator.migrator, user-agnostic)
		Migration Elapsed:00:28 seconds

[2026-07-06 05:51:11 +0000] Status=2, isTerminal=NO, Elapsed=00:34.
	Waiting on Data Migration
		Reason:Running plugin com.apple.-0LaunchServicesMigrator (00LaunchServicesMigrator.migrator, user-agnostic)
		Migration Elapsed:00:29 seconds

[2026-07-06 05:51:12 +0000] Status=2, isTerminal=NO, Elapsed=00:35.
	Waiting on Data Migration
		Reason:Running plugin com.apple.-0LaunchServicesMigrator (00LaunchServicesMigrator.migrator, user-agnostic)
		Migration Elapsed:00:30 seconds

[2026-07-06 05:51:13 +0000] Status=2, isTerminal=NO, Elapsed=00:36.
	Waiting on Data Migration
		Reason:Running plugin com.apple.-0LaunchServicesMigrator (00LaunchServicesMigrator.migrator, user-agnostic)
		Migration Elapsed:00:31 seconds

[2026-07-06 05:51:14 +0000] Status=2, isTerminal=NO, Elapsed=00:37.
	Waiting on Data Migration
		Reason:Running plugin com.apple.-0LaunchServicesMigrator (00LaunchServicesMigrator.migrator, user-agnostic)
		Migration Elapsed:00:32 seconds

[2026-07-06 05:51:15 +0000] Status=2, isTerminal=NO, Elapsed=00:38.
	Waiting on Data Migration
		Reason:Running plugin com.apple.-0LaunchServicesMigrator (00LaunchServicesMigrator.migrator, user-agnostic)
		Migration Elapsed:00:33 seconds

[2026-07-06 05:51:16 +0000] Status=2, isTerminal=NO, Elapsed=00:39.
	Waiting on Data Migration
		Reason:Running plugin com.apple.-0LaunchServicesMigrator (00LaunchServicesMigrator.migrator, user-agnostic)
		Migration Elapsed:00:34 seconds

[2026-07-06 05:51:17 +0000] Status=2, isTerminal=NO, Elapsed=00:40.
	Waiting on Data Migration
		Reason:Running plugin com.apple.-0LaunchServicesMigrator (00LaunchServicesMigrator.migrator, user-agnostic)
		Migration Elapsed:00:35 seconds

[2026-07-06 05:51:21 +0000] Status=2, isTerminal=NO, Elapsed=00:44.
	Waiting on Data Migration
		Reason:Running plugin com.apple.managedconfiguration.migrator (MCProfile.migrator, user-agnostic)
		Migration Elapsed:00:36 seconds

[2026-07-06 05:51:23 +0000] Status=2, isTerminal=NO, Elapsed=00:46.
	Waiting on Data Migration
		Reason:Running plugin com.apple.MobileSafari.migrator (MobileSafari.migrator)
		Migration Elapsed:00:39 seconds

[2026-07-06 05:51:23 +0000] Status=4, isTerminal=NO, Elapsed=00:47.
	Waiting on System App

[2026-07-06 05:51:24 +0000] Status=4, isTerminal=NO, Elapsed=00:47.
	Waiting on System App

[2026-07-06 05:51:25 +0000] Status=4, isTerminal=NO, Elapsed=00:48.
	Waiting on System App

[2026-07-06 05:51:26 +0000] Status=4, isTerminal=NO, Elapsed=00:49.
	Waiting on System App

[2026-07-06 05:51:27 +0000] Status=4, isTerminal=NO, Elapsed=00:50.
	Waiting on System App

[2026-07-06 05:51:27 +0000] Status=4, isTerminal=NO, Elapsed=00:51.
	Waiting on System App

[2026-07-06 05:51:29 +0000] Status=4, isTerminal=NO, Elapsed=00:52.
	Waiting on System App

[2026-07-06 05:51:29 +0000] Status=4, isTerminal=NO, Elapsed=00:53.
	Waiting on System App

[2026-07-06 05:51:30 +0000] Status=4, isTerminal=NO, Elapsed=00:54.
	Waiting on System App

[2026-07-06 05:51:31 +0000] Status=4, isTerminal=NO, Elapsed=00:55.
	Waiting on System App

[2026-07-06 05:51:38 +0000] Status=4294967295, isTerminal=YES, Elapsed=01:01.
	Finished

+ xcrun simctl install FC6586F7-4E54-4009-828B-D750EDBD70F4 RayforgeApp.app
++ xcrun simctl get_app_container FC6586F7-4E54-4009-828B-D750EDBD70F4 org.rayforge.app
+ APP_CONTAINER=/Users/runner/Library/Developer/CoreSimulator/Devices/FC6586F7-4E54-4009-828B-D750EDBD70F4/data/Containers/Bundle/Application/9F569260-365C-4DDC-8529-58FCEE8C8548/RayforgeApp.app
+ echo 'app container: /Users/runner/Library/Developer/CoreSimulator/Devices/FC6586F7-4E54-4009-828B-D750EDBD70F4/data/Containers/Bundle/Application/9F569260-365C-4DDC-8529-58FCEE8C8548/RayforgeApp.app'
app container: /Users/runner/Library/Developer/CoreSimulator/Devices/FC6586F7-4E54-4009-828B-D750EDBD70F4/data/Containers/Bundle/Application/9F569260-365C-4DDC-8529-58FCEE8C8548/RayforgeApp.app
+ FW_DIR=/Users/runner/Library/Developer/CoreSimulator/Devices/FC6586F7-4E54-4009-828B-D750EDBD70F4/data/Containers/Bundle/Application/9F569260-365C-4DDC-8529-58FCEE8C8548/RayforgeApp.app/Frameworks
+ LAUNCH_OUT=/Users/runner/work/Rayforge-iOS-ipa/Rayforge-iOS-ipa/app-console.log
+ xcrun simctl launch --stdout=/Users/runner/work/Rayforge-iOS-ipa/Rayforge-iOS-ipa/app-console.log --stderr=/Users/runner/work/Rayforge-iOS-ipa/Rayforge-iOS-ipa/app-console.log FC6586F7-4E54-4009-828B-D750EDBD70F4 org.rayforge.app SIMCTL_CHILD_DYLD_LIBRARY_PATH=/Users/runner/Library/Developer/CoreSimulator/Devices/FC6586F7-4E54-4009-828B-D750EDBD70F4/data/Containers/Bundle/Application/9F569260-365C-4DDC-8529-58FCEE8C8548/RayforgeApp.app/Frameworks SIMCTL_CHILD_DYLD_FALLBACK_LIBRARY_PATH=/Users/runner/Library/Developer/CoreSimulator/Devices/FC6586F7-4E54-4009-828B-D750EDBD70F4/data/Containers/Bundle/Application/9F569260-365C-4DDC-8529-58FCEE8C8548/RayforgeApp.app/Frameworks SIMCTL_CHILD_G_MESSAGES_DEBUG=all
+ tee launch-cmd.log
org.rayforge.app: 24848
+ MARKER_SEEN=0
++ seq 1 36
+ for i in '$(seq 1 36)'
+ sleep 5
+ xcrun simctl spawn FC6586F7-4E54-4009-828B-D750EDBD70F4 log show --last 6m --predicate 'process == "rayforge-app"'
+ grep -q 'RAYFORGE UI RUNNING' app-console.log app-syslog.log
+ MARKER_SEEN=1
+ echo 'marker seen after ~5s'
marker seen after ~5s
+ break
+ APP_ALIVE=1
+ xcrun simctl spawn FC6586F7-4E54-4009-828B-D750EDBD70F4 launchctl list
+ grep -q org.rayforge.app
+ echo 'app alive: 1  marker seen: 1'
app alive: 1  marker seen: 1
+ echo 'waiting for first rendered frames...'
waiting for first rendered frames...
+ sleep 20
+ xcrun simctl io FC6586F7-4E54-4009-828B-D750EDBD70F4 screenshot simulator-screenshot.png
Detected file type 'PNG' from extension
Wrote screenshot to: simulator-screenshot.png
+ ls -la simulator-screenshot.png
-rw-r--r--@ 1 runner  staff  511466 Jul  6 05:53 simulator-screenshot.png
+ mkdir -p crash-reports
+ find /Users/runner/Library/Logs/DiagnosticReports -name '*rayforge*' -newer RayforgeApp.app/Info.plist -exec cp '{}' crash-reports/ ';'
+ for c in 'crash-reports/*'
+ '[' -f 'crash-reports/*' ']'
+ continue
+ xcrun simctl shutdown FC6586F7-4E54-4009-828B-D750EDBD70F4
+ echo '===== app console ====='
===== app console =====
+ cat app-console.log
Gdk-Message: 05:53:04.513: gdk-ios: bundle resources at /Users/runner/Library/Developer/CoreSimulator/Devices/FC6586F7-4E54-4009-828B-D750EDBD70F4/data/Containers/Bundle/Application/9F569260-365C-4DDC-8529-58FCEE8C8548/RayforgeApp.app
Gdk-Message: 05:53:04.729: gdk-ios: shell ready window=1032x1376 view=1032x1376 scale=2.00
Gdk-Message: 05:53:04.735: gdk-ios: VC layout view=1032x1376 screen=1032x1376
Gdk-Message: 05:53:04.750: gdk-ios: entering user main
** Message: 05:53:04.750: GI_TYPELIB_PATH: /Users/runner/Library/Developer/CoreSimulator/Devices/FC6586F7-4E54-4009-828B-D750EDBD70F4/data/Containers/Bundle/Application/9F569260-365C-4DDC-8529-58FCEE8C8548/RayforgeApp.app/lib/girepository-1.0
** Message: 05:53:04.750: python home: /Users/runner/Library/Developer/CoreSimulator/Devices/FC6586F7-4E54-4009-828B-D750EDBD70F4/data/Containers/Bundle/Application/9F569260-365C-4DDC-8529-58FCEE8C8548/RayforgeApp.app/python
** Message: 05:53:04.751: site-packages: /Users/runner/Library/Developer/CoreSimulator/Devices/FC6586F7-4E54-4009-828B-D750EDBD70F4/data/Containers/Bundle/Application/9F569260-365C-4DDC-8529-58FCEE8C8548/RayforgeApp.app/python/lib/python3.13/site-packages
IOSBOOT: ios_main.main() start
IOSBOOT: import rayforge.app
IOSBOOT: addon finder fast-fail installed
IOSBOOT: rayforge.app.main()
2026-07-06 05:53:06,363 - root - INFO - Logging configured. Console level: INFO
2026-07-06 05:53:06,364 - root - INFO - Session log file: /Users/runner/Library/Developer/CoreSimulator/Devices/FC6586F7-4E54-4009-828B-D750EDBD70F4/data/Containers/Data/Application/3058AE20-C690-40CF-8205-B9F386B50F99/.local/state/rayforge/log/session-2026-07-06_05-53-06.log
2026-07-06 05:53:06,364 - rayforge.app - INFO - Application starting with log level INFO
2026-07-06 05:53:06,364 - rayforge.app - INFO - PyCairo version: 1.29.0
2026-07-06 05:53:08,083 - rayforge.image.svg.svg_fallback - WARNING - pyvips svgload_buffer not available. Using Cairo/Rsvg fallback for SVG rendering.
2026-07-06 05:53:09,029 - rayforge.ui_gtk.sim3d - INFO - Skipping Canvas3D import due to RAYFORGE_DISABLE_3D
2026-07-06 05:53:09,030 - rayforge.ui_gtk.sim3d - INFO - 3D canvas disabled via RAYFORGE_DISABLE_3D environment variable.
2026-07-06 05:53:09,117 - rayforge.addon_mgr.addon_manager - INFO - Scanning for addons in /Users/runner/Library/Developer/CoreSimulator/Devices/FC6586F7-4E54-4009-828B-D750EDBD70F4/data/Containers/Bundle/Application/9F569260-365C-4DDC-8529-58FCEE8C8548/RayforgeApp.app/python/lib/python3.13/site-packages/rayforge/builtin_addons...
2026-07-06 05:53:09,121 - rayforge.addon_mgr.addon_manager - INFO - Loaded addon: core_materials (builtin)
2026-07-06 05:53:09,224 - rayforge.addon_mgr.addon_manager - INFO - Loaded addon: sketcher (builtin)
2026-07-06 05:53:09,233 - rayforge.addon_mgr.addon_manager - ERROR - Error importing addon laser_essentials: No module named 'raygeo.cnc'
2026-07-06 05:53:09,237 - rayforge.addon_mgr.addon_manager - ERROR - Error importing addon laser_essentials: No module named 'raygeo.cnc'
2026-07-06 05:53:09,237 - rayforge.addon_mgr.addon_manager - INFO - Loaded addon: laser_essentials (builtin)
2026-07-06 05:53:09,242 - rayforge.addon_mgr.addon_manager - INFO - Loaded addon: print_and_cut (builtin)
2026-07-06 05:53:09,283 - rayforge.addon_mgr.addon_manager - INFO - Loaded addon: post_processors (builtin)
2026-07-06 05:53:09,303 - rayforge.addon_mgr.addon_manager - INFO - Loaded addon: ai_workpiece_generator (builtin)
2026-07-06 05:53:09,536 - rayforge.context - INFO - Addons loaded (headless=False)
IOSBOOT: _ios_run: register()
IOSBOOT: _ios_run: activate()
2026-07-06 05:53:10,434 - rayforge.context - INFO - Lazy loading config manager
2026-07-06 05:53:10,441 - rayforge.context - INFO - Lazy loading machine manager
2026-07-06 05:53:10,448 - rayforge.core.config - INFO - Config file does not exist, creating default config.
2026-07-06 05:53:10,545 - rayforge.context - INFO - Lazy loading camera manager
2026-07-06 05:53:10,621 - rayforge.worker_init - ERROR - Failed to load enabled worker module 'rayforge_addons.core_materials.core_materials.worker': Plugin name already registered: rayforge_addons.core_materials.core_materials.worker=<module 'rayforge_addons.core_materials.core_materials.worker' from '/Users/runner/Library/Developer/CoreSimulator/Devices/FC6586F7-4E54-4009-828B-D750EDBD70F4/data/Containers/Bundle/Application/9F569260-365C-4DDC-8529-58FCEE8C8548/RayforgeApp.app/python/lib/python3.13/site-packages/rayforge/builtin_addons/rayforge-addon-materials/core_materials/worker.py'>
{'rayforge_addons.core_materials.core_materials.worker': <module 'rayforge_addons.core_materials.core_materials.worker' from '/Users/runner/Library/Developer/CoreSimulator/Devices/FC6586F7-4E54-4009-828B-D750EDBD70F4/data/Containers/Bundle/Application/9F569260-365C-4DDC-8529-58FCEE8C8548/RayforgeApp.app/python/lib/python3.13/site-packages/rayforge/builtin_addons/rayforge-addon-materials/core_materials/worker.py'>, 'rayforge_addons.sketcher.sketcher.worker': <module 'rayforge_addons.sketcher.sketcher.worker' from '/Users/runner/Library/Developer/CoreSimulator/Devices/FC6586F7-4E54-4009-828B-D750EDBD70F4/data/Containers/Bundle/Application/9F569260-365C-4DDC-8529-58FCEE8C8548/RayforgeApp.app/python/lib/python3.13/site-packages/rayforge/builtin_addons/rayforge-addon-sketcher/sketcher/worker.py'>, 'rayforge_addons.sketcher.sketcher.frontend': <module 'rayforge_addons.sketcher.sketcher.frontend' from '/Users/runner/Library/Developer/CoreSimulator/Devices/FC6586F7-4E54-4009-828B-D750EDBD70F4/data/Containers/Bundle/Application/9F569260-365C-4DDC-8529-58FCEE8C8548/RayforgeApp.app/python/lib/python3.13/site-packages/rayforge/builtin_addons/rayforge-addon-sketcher/sketcher/frontend.py'>, 'rayforge_addons.print_and_cut.print_and_cut.frontend': <module 'rayforge_addons.print_and_cut.print_and_cut.frontend' from '/Users/runner/Library/Developer/CoreSimulator/Devices/FC6586F7-4E54-4009-828B-D750EDBD70F4/data/Containers/Bundle/Application/9F569260-365C-4DDC-8529-58FCEE8C8548/RayforgeApp.app/python/lib/python3.13/site-packages/rayforge/builtin_addons/rayforge-addon-print-and-cut/print_and_cut/frontend.py'>, 'rayforge_addons.post_processors.post_processors.worker': <module 'rayforge_addons.post_processors.post_processors.worker' from '/Users/runner/Library/Developer/CoreSimulator/Devices/FC6586F7-4E54-4009-828B-D750EDBD70F4/data/Containers/Bundle/Application/9F569260-365C-4DDC-8529-58FCEE8C8548/RayforgeApp.app/python/lib/python3.13/site-packages/rayforge/builtin_addons/rayforge-addon-post/post_processors/worker.py'>, 'rayforge_addons.post_processors.post_processors.frontend': <module 'rayforge_addons.post_processors.post_processors.frontend' from '/Users/runner/Library/Developer/CoreSimulator/Devices/FC6586F7-4E54-4009-828B-D750EDBD70F4/data/Containers/Bundle/Application/9F569260-365C-4DDC-8529-58FCEE8C8548/RayforgeApp.app/python/lib/python3.13/site-packages/rayforge/builtin_addons/rayforge-addon-post/post_processors/frontend.py'>, 'rayforge_addons.ai_workpiece_generator.ai_workpiece_generator.frontend': <module 'rayforge_addons.ai_workpiece_generator.ai_workpiece_generator.frontend' from '/Users/runner/Library/Developer/CoreSimulator/Devices/FC6586F7-4E54-4009-828B-D750EDBD70F4/data/Containers/Bundle/Application/9F569260-365C-4DDC-8529-58FCEE8C8548/RayforgeApp.app/python/lib/python3.13/site-packages/rayforge/builtin_addons/rayforge-addon-ai-workpiece/ai_workpiece_generator/frontend.py'>}
2026-07-06 05:53:10,622 - rayforge.worker_init - ERROR - Failed to load enabled worker module 'rayforge_addons.sketcher.sketcher.worker': Plugin name already registered: rayforge_addons.sketcher.sketcher.worker=<module 'rayforge_addons.sketcher.sketcher.worker' from '/Users/runner/Library/Developer/CoreSimulator/Devices/FC6586F7-4E54-4009-828B-D750EDBD70F4/data/Containers/Bundle/Application/9F569260-365C-4DDC-8529-58FCEE8C8548/RayforgeApp.app/python/lib/python3.13/site-packages/rayforge/builtin_addons/rayforge-addon-sketcher/sketcher/worker.py'>
{'rayforge_addons.core_materials.core_materials.worker': <module 'rayforge_addons.core_materials.core_materials.worker' from '/Users/runner/Library/Developer/CoreSimulator/Devices/FC6586F7-4E54-4009-828B-D750EDBD70F4/data/Containers/Bundle/Application/9F569260-365C-4DDC-8529-58FCEE8C8548/RayforgeApp.app/python/lib/python3.13/site-packages/rayforge/builtin_addons/rayforge-addon-materials/core_materials/worker.py'>, 'rayforge_addons.sketcher.sketcher.worker': <module 'rayforge_addons.sketcher.sketcher.worker' from '/Users/runner/Library/Developer/CoreSimulator/Devices/FC6586F7-4E54-4009-828B-D750EDBD70F4/data/Containers/Bundle/Application/9F569260-365C-4DDC-8529-58FCEE8C8548/RayforgeApp.app/python/lib/python3.13/site-packages/rayforge/builtin_addons/rayforge-addon-sketcher/sketcher/worker.py'>, 'rayforge_addons.sketcher.sketcher.frontend': <module 'rayforge_addons.sketcher.sketcher.frontend' from '/Users/runner/Library/Developer/CoreSimulator/Devices/FC6586F7-4E54-4009-828B-D750EDBD70F4/data/Containers/Bundle/Application/9F569260-365C-4DDC-8529-58FCEE8C8548/RayforgeApp.app/python/lib/python3.13/site-packages/rayforge/builtin_addons/rayforge-addon-sketcher/sketcher/frontend.py'>, 'rayforge_addons.print_and_cut.print_and_cut.frontend': <module 'rayforge_addons.print_and_cut.print_and_cut.frontend' from '/Users/runner/Library/Developer/CoreSimulator/Devices/FC6586F7-4E54-4009-828B-D750EDBD70F4/data/Containers/Bundle/Application/9F569260-365C-4DDC-8529-58FCEE8C8548/RayforgeApp.app/python/lib/python3.13/site-packages/rayforge/builtin_addons/rayforge-addon-print-and-cut/print_and_cut/frontend.py'>, 'rayforge_addons.post_processors.post_processors.worker': <module 'rayforge_addons.post_processors.post_processors.worker' from '/Users/runner/Library/Developer/CoreSimulator/Devices/FC6586F7-4E54-4009-828B-D750EDBD70F4/data/Containers/Bundle/Application/9F569260-365C-4DDC-8529-58FCEE8C8548/RayforgeApp.app/python/lib/python3.13/site-packages/rayforge/builtin_addons/rayforge-addon-post/post_processors/worker.py'>, 'rayforge_addons.post_processors.post_processors.frontend': <module 'rayforge_addons.post_processors.post_processors.frontend' from '/Users/runner/Library/Developer/CoreSimulator/Devices/FC6586F7-4E54-4009-828B-D750EDBD70F4/data/Containers/Bundle/Application/9F569260-365C-4DDC-8529-58FCEE8C8548/RayforgeApp.app/python/lib/python3.13/site-packages/rayforge/builtin_addons/rayforge-addon-post/post_processors/frontend.py'>, 'rayforge_addons.ai_workpiece_generator.ai_workpiece_generator.frontend': <module 'rayforge_addons.ai_workpiece_generator.ai_workpiece_generator.frontend' from '/Users/runner/Library/Developer/CoreSimulator/Devices/FC6586F7-4E54-4009-828B-D750EDBD70F4/data/Containers/Bundle/Application/9F569260-365C-4DDC-8529-58FCEE8C8548/RayforgeApp.app/python/lib/python3.13/site-packages/rayforge/builtin_addons/rayforge-addon-ai-workpiece/ai_workpiece_generator/frontend.py'>}
2026-07-06 05:53:10,622 - rayforge.worker_init - ERROR - Failed to load enabled worker module 'rayforge_addons.post_processors.post_processors.worker': Plugin name already registered: rayforge_addons.post_processors.post_processors.worker=<module 'rayforge_addons.post_processors.post_processors.worker' from '/Users/runner/Library/Developer/CoreSimulator/Devices/FC6586F7-4E54-4009-828B-D750EDBD70F4/data/Containers/Bundle/Application/9F569260-365C-4DDC-8529-58FCEE8C8548/RayforgeApp.app/python/lib/python3.13/site-packages/rayforge/builtin_addons/rayforge-addon-post/post_processors/worker.py'>
{'rayforge_addons.core_materials.core_materials.worker': <module 'rayforge_addons.core_materials.core_materials.worker' from '/Users/runner/Library/Developer/CoreSimulator/Devices/FC6586F7-4E54-4009-828B-D750EDBD70F4/data/Containers/Bundle/Application/9F569260-365C-4DDC-8529-58FCEE8C8548/RayforgeApp.app/python/lib/python3.13/site-packages/rayforge/builtin_addons/rayforge-addon-materials/core_materials/worker.py'>, 'rayforge_addons.sketcher.sketcher.worker': <module 'rayforge_addons.sketcher.sketcher.worker' from '/Users/runner/Library/Developer/CoreSimulator/Devices/FC6586F7-4E54-4009-828B-D750EDBD70F4/data/Containers/Bundle/Application/9F569260-365C-4DDC-8529-58FCEE8C8548/RayforgeApp.app/python/lib/python3.13/site-packages/rayforge/builtin_addons/rayforge-addon-sketcher/sketcher/worker.py'>, 'rayforge_addons.sketcher.sketcher.frontend': <module 'rayforge_addons.sketcher.sketcher.frontend' from '/Users/runner/Library/Developer/CoreSimulator/Devices/FC6586F7-4E54-4009-828B-D750EDBD70F4/data/Containers/Bundle/Application/9F569260-365C-4DDC-8529-58FCEE8C8548/RayforgeApp.app/python/lib/python3.13/site-packages/rayforge/builtin_addons/rayforge-addon-sketcher/sketcher/frontend.py'>, 'rayforge_addons.print_and_cut.print_and_cut.frontend': <module 'rayforge_addons.print_and_cut.print_and_cut.frontend' from '/Users/runner/Library/Developer/CoreSimulator/Devices/FC6586F7-4E54-4009-828B-D750EDBD70F4/data/Containers/Bundle/Application/9F569260-365C-4DDC-8529-58FCEE8C8548/RayforgeApp.app/python/lib/python3.13/site-packages/rayforge/builtin_addons/rayforge-addon-print-and-cut/print_and_cut/frontend.py'>, 'rayforge_addons.post_processors.post_processors.worker': <module 'rayforge_addons.post_processors.post_processors.worker' from '/Users/runner/Library/Developer/CoreSimulator/Devices/FC6586F7-4E54-4009-828B-D750EDBD70F4/data/Containers/Bundle/Application/9F569260-365C-4DDC-8529-58FCEE8C8548/RayforgeApp.app/python/lib/python3.13/site-packages/rayforge/builtin_addons/rayforge-addon-post/post_processors/worker.py'>, 'rayforge_addons.post_processors.post_processors.frontend': <module 'rayforge_addons.post_processors.post_processors.frontend' from '/Users/runner/Library/Developer/CoreSimulator/Devices/FC6586F7-4E54-4009-828B-D750EDBD70F4/data/Containers/Bundle/Application/9F569260-365C-4DDC-8529-58FCEE8C8548/RayforgeApp.app/python/lib/python3.13/site-packages/rayforge/builtin_addons/rayforge-addon-post/post_processors/frontend.py'>, 'rayforge_addons.ai_workpiece_generator.ai_workpiece_generator.frontend': <module 'rayforge_addons.ai_workpiece_generator.ai_workpiece_generator.frontend' from '/Users/runner/Library/Developer/CoreSimulator/Devices/FC6586F7-4E54-4009-828B-D750EDBD70F4/data/Containers/Bundle/Application/9F569260-365C-4DDC-8529-58FCEE8C8548/RayforgeApp.app/python/lib/python3.13/site-packages/rayforge/builtin_addons/rayforge-addon-ai-workpiece/ai_workpiece_generator/frontend.py'>}
Gdk-Message: 05:53:10.769: gdk-ios: attach_layer surface=0x10f2b3250 type=toplevel layer=0x600000c96040 root=0x600000c02d60 root.bounds=1032x1376 root.sublayers=1 scale=2.00
Fontconfig warning: using without calling FcInit()
Gdk-Message: 05:53:10.844: gdk-ios: fit scale -> 0.9256 (min width 1115, raw 1032x1376)
Gdk-Message: 05:53:10.844: gdk-ios: configure transient=0 granted=1115x1486 at (0,0) (gtk asked 1115x1100, bounds 1115x1486)
Gdk-Message: 05:53:10.845: gdk-ios: apply_frame surface=0x10f2b3250 req=(0,0,1115x1486) layer.frame=(0,0,1115x1486)
Gdk-Message: 05:53:10.847: gdk-ios: attach_layer surface=0x110887c60 type=toplevel layer=0x600000cc2790 root=0x600000c02d60 root.bounds=1032x1376 root.sublayers=2 scale=2.00
Gdk-Message: 05:53:10.854: gdk-ios: configure transient=1 granted=394x318 at (360,584) (gtk asked 394x318, bounds 1115x1486)
Gdk-Message: 05:53:10.854: gdk-ios: apply_frame surface=0x110887c60 req=(360,584,394x318) layer.frame=(360,584,394x318)
2026-07-06 05:53:10,855 - rayforge.addon_mgr.update_cmd - INFO - Scheduling startup addon update check.
2026-07-06 05:53:10,856 - rayforge.updater - INFO - Scheduling app version update check.
IOSBOOT: _ios_run: activate() returned; windows=1
IOSBOOT:   window mapped=True visible=True title='Rayforge'
IOSBOOT: keep-running caught — startup unwound cleanly
RAYFORGE UI RUNNING
** Message: 05:53:10.857: rayforge boot: PyGObject self-test ran (CPython 3.13.14 (main, Jun 12 2026, 07:26:39) [Clang 17.0.0 (clang-1700.0.13.5)]) ? see console for PYGOBJECT OK/FAIL
Gdk-Message: 05:53:10.867: gdk-ios: user main returned
Gdk-Message: 05:53:10.870: gdk-ios: VC layout view=1032x1376 screen=1032x1376
2026-07-06 05:53:10,942 - rayforge.addon_mgr.addon_manager - INFO - Checking for available addon updates...
2026-07-06 05:53:10,966 - rayforge.addon_mgr.addon_manager - INFO - Fetching registry from https://raw.githubusercontent.com/barebaric/rayforge-registry/main/registry.yaml
Gdk-Message: 05:53:11.062: gdk-ios: begin_frame surface=1115x1486 scale=2.00 pixels=2230x2972
Gdk-Message: 05:53:11.172: gdk-ios: end_frame 2230x2972 stride=8920 data=0x117118000 layer=0x600000c96040 center=0xFFF5F5F6 tl=0xFFFFFFFF tr=0xFFFFFFFF bl=0xFFFAFAFB br=0xFFFAFAFB
Gdk-Message: 05:53:11.178: gdk-ios: presented layer=0x600000c96040 frame=(0,0,1115x1486) contentsScale=2.00 opacity=1.00 hidden=0 super=0x600000c02d60 hasContents=1
Gdk-Message: 05:53:11.179: gdk-ios: begin_frame surface=394x318 scale=2.00 pixels=788x636
Gdk-Message: 05:53:11.183: gdk-ios: end_frame 788x636 stride=3152 data=0x11a54c000 layer=0x600000cc2790 center=0xFFFAFAFB tl=0x00000000 tr=0x00000000 bl=0x00000000 br=0x00000000
Gdk-Message: 05:53:11.184: gdk-ios: presented layer=0x600000cc2790 frame=(360,584,394x318) contentsScale=2.00 opacity=1.00 hidden=0 super=0x600000c02d60 hasContents=1
Gdk-Message: 05:53:11.194: gdk-ios: begin_frame surface=1115x1486 scale=2.00 pixels=2230x2972
Gdk-Message: 05:53:11.195: gdk-ios: end_frame 2230x2972 stride=8920 data=0x117118000 layer=0x600000c96040 center=0xFFF5F5F6 tl=0xFFFFFFFF tr=0xFFFFFFFF bl=0xFFFAFAFB br=0xFFFAFAFB
Gdk-Message: 05:53:11.199: gdk-ios: presented layer=0x600000c96040 frame=(0,0,1115x1486) contentsScale=2.00 opacity=1.00 hidden=0 super=0x600000c02d60 hasContents=1
Gdk-Message: 05:53:11.216: gdk-ios: configure transient=1 granted=344x447 at (385,519) (gtk asked 344x447, bounds 1115x1486)
Gdk-Message: 05:53:11.216: gdk-ios: apply_frame surface=0x110887c60 req=(385,519,344x447) layer.frame=(385,519,344x447)
Gdk-Message: 05:53:11.217: gdk-ios: begin_frame surface=344x447 scale=2.00 pixels=688x894
Gdk-Message: 05:53:11.220: gdk-ios: end_frame 688x894 stride=2752 data=0x118c00000 layer=0x600000cc2790 center=0xFFFAFAFB tl=0x00000000 tr=0x00000000 bl=0x00000000 br=0x00000000
Gdk-Message: 05:53:11.221: gdk-ios: presented layer=0x600000cc2790 frame=(385,519,344x447) contentsScale=2.00 opacity=1.00 hidden=0 super=0x600000c02d60 hasContents=1
Gdk-Message: 05:53:11.226: gdk-ios: VC layout view=1032x1376 screen=1032x1376
Gdk-Message: 05:53:11.252: gdk-ios: begin_frame surface=1115x1486 scale=2.00 pixels=2230x2972
Gdk-Message: 05:53:11.297: gdk-ios: end_frame 2230x2972 stride=8920 data=0x117118000 layer=0x600000c96040 center=0xFFF5F5F6 tl=0xFFFFFFFF tr=0xFFFFFFFF bl=0xFFFAFAFB br=0xFFFAFAFB
Gdk-Message: 05:53:11.318: gdk-ios: presented layer=0x600000c96040 frame=(0,0,1115x1486) contentsScale=2.00 opacity=1.00 hidden=0 super=0x600000c02d60 hasContents=1
Gdk-Message: 05:53:13.277: gdk-ios: pump alive frame=120 total_iterations=15
Gdk-Message: 05:53:15.279: gdk-ios: pump alive frame=240 total_iterations=15
IOSBOOT: GEOM monitor[0] 1032x1376+0+0 scale=2
IOSBOOT: GEOM top[0] 'Rayforge' alloc=1115x1486 surface=1115x1486 surfscale=2 vis=True
IOSBOOT: GEOM top[1] 'Help Improve Rayforge' alloc=300x403 surface=344x447 surfscale=2 vis=True
Gdk-Message: 05:53:15.542: gdk-ios: begin_frame surface=1115x1486 scale=2.00 pixels=2230x2972
Gdk-Message: 05:53:15.595: gdk-ios: end_frame 2230x2972 stride=8920 data=0x117118000 layer=0x600000c96040 center=0xFFF5F5F6 tl=0xFFFFFFFF tr=0xFFFFFFFF bl=0xFFFAFAFB br=0xFFFAFAFB
Gdk-Message: 05:53:15.623: gdk-ios: presented layer=0x600000c96040 frame=(0,0,1115x1486) contentsScale=2.00 opacity=1.00 hidden=0 super=0x600000c02d60 hasContents=1
Gdk-Message: 05:53:17.377: gdk-ios: pump alive frame=360 total_iterations=18
Gdk-Message: 05:53:19.377: gdk-ios: pump alive frame=480 total_iterations=18
Gdk-Message: 05:53:21.377: gdk-ios: pump alive frame=600 total_iterations=18
Gdk-Message: 05:53:23.377: gdk-ios: pump alive frame=720 total_iterations=18
Gdk-Message: 05:53:25.377: gdk-ios: pump alive frame=840 total_iterations=18
Gdk-Message: 05:53:27.377: gdk-ios: pump alive frame=960 total_iterations=18
Gdk-Message: 05:53:29.377: gdk-ios: pump alive frame=1080 total_iterations=18
Gdk-Message: 05:53:31.377: gdk-ios: pump alive frame=1200 total_iterations=18
Gdk-Message: 05:53:33.377: gdk-ios: pump alive frame=1320 total_iterations=18
Gdk-Message: 05:53:35.377: gdk-ios: pump alive frame=1440 total_iterations=18
Gdk-Message: 05:53:37.377: gdk-ios: pump alive frame=1560 total_iterations=18
Gdk-Message: 05:53:39.377: gdk-ios: pump alive frame=1680 total_iterations=18
Gdk-Message: 05:53:41.377: gdk-ios: pump alive frame=1800 total_iterations=18
Gdk-Message: 05:53:43.377: gdk-ios: pump alive frame=1920 total_iterations=18
Gdk-Message: 05:53:45.377: gdk-ios: pump alive frame=2040 total_iterations=18
Gdk-Message: 05:53:47.377: gdk-ios: pump alive frame=2160 total_iterations=18
Gdk-Message: 05:53:49.377: gdk-ios: pump alive frame=2280 total_iterations=18
Gdk-Message: 05:53:51.377: gdk-ios: pump alive frame=2400 total_iterations=18
Gdk-Message: 05:53:53.377: gdk-ios: pump alive frame=2520 total_iterations=18
Gdk-Message: 05:53:55.377: gdk-ios: pump alive frame=2640 total_iterations=18
Gdk-Message: 05:53:57.377: gdk-ios: pump alive frame=2760 total_iterations=18
+ echo '===== app syslog (first 120) ====='
===== app syslog (first 120) =====
+ head -120 app-syslog.log
getpwuid_r did not find a match for uid 501
Timestamp                       Thread     Type        Activity             PID    TTL  
2026-07-06 05:53:04.642725+0000 0x104ea    Default     0x0                  24848  0    rayforge-app: (libMobileGestalt.dylib) No persisted cache on this platform.
2026-07-06 05:53:04.643318+0000 0x104f7    Default     0x0                  24848  0    rayforge-app: (libxpc.dylib) [com.apple.xpc:connection] [0x107006550] activating connection: mach=true listener=false peer=false name=com.apple.cfprefsd.daemon
2026-07-06 05:53:04.646295+0000 0x104f7    Default     0x0                  24848  0    rayforge-app: (UIKitCore) [com.apple.UIKit:BackgroundTask] Creating new assertion because there is no existing background assertion.
2026-07-06 05:53:04.646315+0000 0x104ea    Default     0x0                  24848  0    rayforge-app: (BoardServices) [com.apple.BoardServices:XPCErrors] [C:1] Alloc com.apple.frontboard.systemappservices
2026-07-06 05:53:04.646321+0000 0x104f7    Default     0x0                  24848  0    rayforge-app: (UIKitCore) [com.apple.UIKit:BackgroundTask] Creating new background assertion
2026-07-06 05:53:04.646410+0000 0x104f7    Default     0x0                  24848  0    rayforge-app: (UIKitCore) [com.apple.UIKit:BackgroundTask] Created new background assertion <BKSProcessAssertion: 0x600002107cf0>
2026-07-06 05:53:04.646436+0000 0x104f7    Default     0x0                  24848  0    rayforge-app: (RunningBoardServices) [com.apple.runningboard:connection] Initializing connection
2026-07-06 05:53:04.646537+0000 0x104f7    Default     0x0                  24848  0    rayforge-app: (RunningBoardServices) [com.apple.runningboard:process] Removing all cached process handles
2026-07-06 05:53:04.646597+0000 0x104ea    Default     0x0                  24848  0    rayforge-app: (libxpc.dylib) [com.apple.xpc:connection] [0x107006d80] activating connection: mach=false listener=false peer=false name=(anonymous)
2026-07-06 05:53:04.646872+0000 0x104f7    Default     0x0                  24848  0    rayforge-app: (RunningBoardServices) [com.apple.runningboard:connection] Creating connection to com.apple.runningboard
2026-07-06 05:53:04.651046+0000 0x104f7    Default     0x0                  24848  0    rayforge-app: (libxpc.dylib) [com.apple.xpc:connection] [0x107404d40] activating connection: mach=true listener=false peer=false name=com.apple.runningboard
2026-07-06 05:53:04.651407+0000 0x104fd    Default     0x0                  24848  0    rayforge-app: (RunningBoardServices) [com.apple.runningboard:connection] Sending handshake request attempt #1 to server
2026-07-06 05:53:04.652154+0000 0x104ea    Default     0x0                  24848  0    rayforge-app: (UIKitCore) [com.apple.UIKit:Application] Deactivation reason added: 10; deactivation reasons: 0 -> 1024; animating application lifecycle event: 0
2026-07-06 05:53:04.652379+0000 0x104ea    Default     0x0                  24848  0    rayforge-app: (BoardServices) [com.apple.BoardServices:Injection] activating monitor for service com.apple.frontboard.open
2026-07-06 05:53:04.652654+0000 0x104ea    Default     0x0                  24848  0    rayforge-app: (BoardServices) [com.apple.BoardServices:Injection] activating monitor for service com.apple.frontboard.workspace-service
2026-07-06 05:53:04.653148+0000 0x104ea    Default     0x0                  24848  0    rayforge-app: (FrontBoardServices) [com.apple.FrontBoard:Common] FBSWorkspace registering source: com.apple.frontboard.systemappservices
2026-07-06 05:53:04.654341+0000 0x104fd    Default     0x0                  24848  0    rayforge-app: (RunningBoardServices) [com.apple.runningboard:connection] Handshake succeeded
2026-07-06 05:53:04.654570+0000 0x104ea    Default     0x0                  24848  0    rayforge-app: (FrontBoardServices) [com.apple.FrontBoard:Common] FBSWorkspace connected to endpoint : <BSServiceConnectionEndpoint: 0x6000002070a0; target: com.apple.frontboard.systemappservices; service: com.apple.frontboard.workspace-service>
2026-07-06 05:53:04.654635+0000 0x104ea    Default     0x0                  24848  0    rayforge-app: (FrontBoardServices) [com.apple.FrontBoard:Common] <FBSWorkspaceScenesClient:0x600003008090 com.apple.frontboard.systemappservices> attempting immediate handshake from activate
2026-07-06 05:53:04.654791+0000 0x104fd    Default     0x0                  24848  0    rayforge-app: (RunningBoardServices) [com.apple.runningboard:connection] Identity resolved as app<org.rayforge.app((null))>
2026-07-06 05:53:04.655229+0000 0x104ea    Default     0x0                  24848  0    rayforge-app: (FrontBoardServices) [com.apple.FrontBoard:Common] <FBSWorkspaceScenesClient:0x600003008090 com.apple.frontboard.systemappservices> sent handshake
2026-07-06 05:53:04.655372+0000 0x104ea    Default     0x0                  24848  0    rayforge-app: (RunningBoardServices) [com.apple.runningboard:general] Added observer for process assertions expiration warning: <_RBSExpirationWarningClient: 0x600000207b40>
2026-07-06 05:53:04.656892+0000 0x104f7    Default     0x0                  24848  0    rayforge-app: (UIKitCore) [com.apple.UIKit:BackgroundTask] Incrementing reference count for background assertion <BKSProcessAssertion: 0x600002107cf0>
2026-07-06 05:53:04.656989+0000 0x104f7    Default     0x0                  24848  0    rayforge-app: (UIKitCore) [com.apple.UIKit:BackgroundTask] Created background task <_UIBackgroundTaskInfo: 0x600001702bc0>: taskID = 1, taskName = Launch Background Task for Coalescing, creationTime = 505 (elapsed = 0).
2026-07-06 05:53:04.657105+0000 0x104f7    Default     0x0                  24848  0    rayforge-app: (FrontBoardServices) [com.apple.FrontBoard:SceneExtension] Realizing settings extension _UIApplicationSceneKeyboardSettings on FBSSceneSettings
2026-07-06 05:53:04.658096+0000 0x104f7    Default     0x0                  24848  0    rayforge-app: (FrontBoardServices) [com.apple.FrontBoard:SceneExtension] Realizing settings extension <_UISceneOcclusionSettings> on FBSSceneSettings
2026-07-06 05:53:04.658260+0000 0x104f7    Default     0x0                  24848  0    rayforge-app: (FrontBoardServices) [com.apple.FrontBoard:SceneExtension] Realizing settings extension <_UISceneInterfaceProtectionSettings> on FBSSceneSettings
2026-07-06 05:53:04.658837+0000 0x104f7    Default     0x0                  24848  0    rayforge-app: (FrontBoardServices) [com.apple.FrontBoard:SceneExtension] Realizing settings extension _UISceneLayoutPreferencesHostSettingsExtension on FBSSceneSettings
2026-07-06 05:53:04.658965+0000 0x104f7    Default     0x0                  24848  0    rayforge-app: (FrontBoardServices) [com.apple.FrontBoard:SceneExtension] Realizing settings extension _UISceneSafeAreaSettingsExtension on FBSSceneSettings
2026-07-06 05:53:04.659307+0000 0x104f7    Default     0x0                  24848  0    rayforge-app: (FrontBoardServices) [com.apple.FrontBoard:SceneExtension] Realizing settings extension _UISceneLayoutPreferenceClientSettingsExtension on FBSSceneClientSettings
2026-07-06 05:53:04.659487+0000 0x104ea    Default     0x0                  24848  0    rayforge-app: (UIKitCore) [com.apple.UIKit:UIScreen] Evaluated capturing state as 0 on <UIScreen: 0x1075079a0> for initial
2026-07-06 05:53:04.659492+0000 0x104f7    Default     0x0                  24848  0    rayforge-app: (FrontBoardServices) [com.apple.FrontBoard:SceneExtension] Realizing settings extension <_UIHomeAffordanceHostSceneSettings> on FBSSceneSettings
2026-07-06 05:53:04.659683+0000 0x104ea    Default     0x0                  24848  0    rayforge-app: (UIKitCore) [com.apple.UIKit:UIScreen] Evaluated capturing state as 0 on <UIScreen: 0x1075079a0> for CADisplay KVO
2026-07-06 05:53:04.661038+0000 0x104f7    Default     0x0                  24848  0    rayforge-app: (FrontBoardServices) [com.apple.FrontBoard:SceneExtension] Realizing settings extension _UISystemShellSceneHostingEnvironmentSettings on FBSSceneSettings
2026-07-06 05:53:04.661131+0000 0x104f7    Default     0x0                  24848  0    rayforge-app: (FrontBoardServices) [com.apple.FrontBoard:SceneExtension] Realizing settings extension _UISceneRenderingEnvironmentSettings on FBSSceneSettings
2026-07-06 05:53:04.661303+0000 0x104f7    Default     0x0                  24848  0    rayforge-app: (FrontBoardServices) [com.apple.FrontBoard:SceneExtension] Realizing settings extension <_UISceneRenderingEnvironmentClientSettings> on FBSSceneClientSettings
2026-07-06 05:53:04.661391+0000 0x104f7    Default     0x0                  24848  0    rayforge-app: (FrontBoardServices) [com.apple.FrontBoard:SceneExtension] Realizing settings extension <_UISceneTransitioningHostSettings> on FBSSceneSettings
2026-07-06 05:53:04.661548+0000 0x104f7    Default     0x0                  24848  0    rayforge-app: (FrontBoardServices) [com.apple.FrontBoard:SceneExtension] Realizing settings extension <_UISceneFocusSystemSettings> on FBSSceneSettings
2026-07-06 05:53:04.661846+0000 0x104ea    Default     0x0                  24848  0    rayforge-app: (libAccessibility.dylib) [com.apple.Accessibility:AXSupportCommon] Read CategoryName: per-app = 1, category name = (null)
2026-07-06 05:53:04.662079+0000 0x104ea    Default     0x0                  24848  0    rayforge-app: (libAccessibility.dylib) [com.apple.Accessibility:AXSupportCommon] Read CategoryName: per-app = 0, category name = (null)
2026-07-06 05:53:04.662121+0000 0x104f7    Default     0x0                  24848  0    rayforge-app: (FrontBoardServices) [com.apple.FrontBoard:SceneExtension] Realizing settings extension _UISceneOrientationSettingsExtension on FBSSceneSettings
2026-07-06 05:53:04.662198+0000 0x104f7    Default     0x0                  24848  0    rayforge-app: (FrontBoardServices) [com.apple.FrontBoard:SceneExtension] Realizing settings extension _UISceneOrientationClientSettingsExtension on FBSSceneClientSettings
2026-07-06 05:53:04.662269+0000 0x104f7    Default     0x0                  24848  0    rayforge-app: (FrontBoardServices) [com.apple.FrontBoard:SceneExtension] Realizing settings extension _UISceneWindowingControlClientSettings on FBSSceneClientSettings
2026-07-06 05:53:04.662375+0000 0x104f7    Default     0x0                  24848  0    rayforge-app: (FrontBoardServices) [com.apple.FrontBoard:SceneExtension] Realizing settings extension <_UISceneHostingContentSizePreferenceClientSettings> on FBSSceneClientSettings
2026-07-06 05:53:04.662479+0000 0x104f7    Default     0x0                  24848  0    rayforge-app: (FrontBoardServices) [com.apple.FrontBoard:SceneExtension] Realizing settings extension _UISceneHostingTraitCollectionPropagationSettings on FBSSceneSettings
2026-07-06 05:53:04.664115+0000 0x104f7    Default     0x0                  24848  0    rayforge-app: (FrontBoardServices) [com.apple.FrontBoard:SceneExtension] Realizing settings extension <_UISceneHostingSheetPresentationSettings> on FBSSceneSettings
2026-07-06 05:53:04.667059+0000 0x104ea    Default     0x0                  24848  0    rayforge-app: (XCTTargetBootstrap) [com.apple.dt.xctest:Default] Registering for test daemon availability notify post.
2026-07-06 05:53:04.667331+0000 0x104f7    Default     0x0                  24848  0    rayforge-app: (FrontBoardServices) [com.apple.FrontBoard:SceneExtension] Realizing settings extension <_UISceneHostingSheetPresentationClientSettings> on FBSSceneClientSettings
2026-07-06 05:53:04.667463+0000 0x104ea    Default     0x0                  24848  0    rayforge-app: (XCTTargetBootstrap) [com.apple.dt.xctest:Default] notify_get_state check indicated test daemon not ready.
2026-07-06 05:53:04.667673+0000 0x104f7    Default     0x0                  24848  0    rayforge-app: (FrontBoardServices) [com.apple.FrontBoard:SceneExtension] Realizing settings extension <_UISceneHostingEventDeferringSettings> on FBSSceneSettings
2026-07-06 05:53:04.667699+0000 0x104ea    Default     0x0                  24848  0    rayforge-app: (XCTTargetBootstrap) [com.apple.dt.xctest:Default] notify_get_state check indicated test daemon not ready.
2026-07-06 05:53:04.667918+0000 0x104ea    Default     0x0                  24848  0    rayforge-app: (XCTTargetBootstrap) [com.apple.dt.xctest:Default] notify_get_state check indicated test daemon not ready.
2026-07-06 05:53:04.667959+0000 0x104f7    Default     0x0                  24848  0    rayforge-app: (FrontBoardServices) [com.apple.FrontBoard:SceneExtension] Realizing settings extension <UIKit__UITypedKeyValueSceneSettings> on FBSSceneSettings
2026-07-06 05:53:04.668178+0000 0x104f7    Default     0x0                  24848  0    rayforge-app: (FrontBoardServices) [com.apple.FrontBoard:SceneExtension] Realizing settings extension <UIKit__UITypedKeyValueSceneSettings> on FBSSceneClientSettings
2026-07-06 05:53:04.668706+0000 0x104ea    Default     0x0                  24848  0    rayforge-app: (UIKitCore) [com.apple.UIKit:UpdateScheduler] Selected display: name=LCD (PurpleMain), id=1
2026-07-06 05:53:04.669131+0000 0x104f7    Default     0x0                  24848  0    rayforge-app: (FrontBoardServices) [com.apple.FrontBoard:SceneExtension] Realizing settings extension <_UISceneHostingViewControllerPreferencePropagationClientSettings> on FBSSceneClientSettings
2026-07-06 05:53:04.669283+0000 0x104f7    Default     0x0                  24848  0    rayforge-app: (FrontBoardServices) [com.apple.FrontBoard:SceneExtension] Realizing settings extension <_UISceneZoomTransitionSettings> on FBSSceneSettings
2026-07-06 05:53:04.669493+0000 0x104fb    Default     0x0                  24848  0    rayforge-app: (FrontBoardServices) [com.apple.FrontBoard:SceneExtension] Realizing settings extension FBSSceneSettingsCore on FBSSceneSettings
2026-07-06 05:53:04.670048+0000 0x104fb    Default     0x0                  24848  0    rayforge-app: (FrontBoardServices) [com.apple.FrontBoard:SceneExtension] Realizing settings extension FBSSceneClientSettingsCore on FBSSceneClientSettings
2026-07-06 05:53:04.676141+0000 0x104fb    Default     0x0                  24848  0    rayforge-app: (FrontBoardServices) [com.apple.FrontBoard:SceneExtension] UIMutableApplicationSceneSettings setting counterpart class: UIApplicationSceneSettings
2026-07-06 05:53:04.677344+0000 0x104fb    Default     0x0                  24848  0    rayforge-app: (FrontBoardServices) [com.apple.FrontBoard:SceneExtension] UIMutableApplicationSceneClientSettings setting counterpart class: UIApplicationSceneClientSettings
2026-07-06 05:53:04.677818+0000 0x104fb    Default     0x0                  24848  0    rayforge-app: (FrontBoardServices) [com.apple.FrontBoard:SceneExtension] Realizing settings extension FBSSceneTransitionContextCore on FBSSceneTransitionContext
2026-07-06 05:53:04.679742+0000 0x104ea    Default     0x0                  24848  0    rayforge-app: (UIKitCore) [com.apple.UIKit:BackgroundTask] Will add backgroundTask with taskName: Persistent SceneSession Map Update, expirationHandler: <__NSGlobalBlock__: 0x1e61729e0>
2026-07-06 05:53:04.679871+0000 0x104ea    Default     0x0                  24848  0    rayforge-app: (UIKitCore) [com.apple.UIKit:BackgroundTask] Reusing background assertion <BKSProcessAssertion: 0x600002107cf0>
2026-07-06 05:53:04.679941+0000 0x104ea    Default     0x0                  24848  0    rayforge-app: (UIKitCore) [com.apple.UIKit:BackgroundTask] Incrementing reference count for background assertion <BKSProcessAssertion: 0x600002107cf0>
2026-07-06 05:53:04.680015+0000 0x104ea    Default     0x0                  24848  0    rayforge-app: (UIKitCore) [com.apple.UIKit:BackgroundTask] Created background task <_UIBackgroundTaskInfo: 0x600001710ac0>: taskID = 2, taskName = Persistent SceneSession Map Update, creationTime = 505 (elapsed = 0).
2026-07-06 05:53:04.680239+0000 0x104ea    Default     0x0                  24848  0    rayforge-app: (UIKitCore) [com.apple.UIKit:Application] Deactivation reason added: 5; deactivation reasons: 1024 -> 1056; animating application lifecycle event: 1
2026-07-06 05:53:04.680624+0000 0x104ea    Default     0x0                  24848  0    rayforge-app: (UIKitCore) [com.apple.UIKit:InterfaceStyle] Not push traits update to screen for new style 1, <UIWindowScene: 0x10700b580> (CEEF5B7B-BC9C-4FBE-B30E-5BC115CA6661)
2026-07-06 05:53:04.680745+0000 0x104ea    Default     0x0                  24848  0    rayforge-app: (UIKitCore) [com.apple.UIKit:InterfaceStyle] Should send trait collection or coordinate space update, interface style 1 -> 1, <UIWindowScene: 0x10700b580> (CEEF5B7B-BC9C-4FBE-B30E-5BC115CA6661)
2026-07-06 05:53:04.681203+0000 0x104ea    Default     0x0                  24848  0    rayforge-app: (UIKitCore) [com.apple.UIKit:InterfaceStyle] Not push traits update to screen for new style 1, <UIWindowScene: 0x10700b580> (CEEF5B7B-BC9C-4FBE-B30E-5BC115CA6661)
2026-07-06 05:53:04.681363+0000 0x104ea    Default     0x0                  24848  0    rayforge-app: (UIKitCore) [com.apple.UIKit:HomeAffordanceObservation] Initializing: <_UIHomeAffordanceSceneNotifier: 0x600002910e00>; with scene: <UIWindowScene: 0x10700b580>
2026-07-06 05:53:04.681489+0000 0x104ea    Default     0x0                  24848  0    rayforge-app: (BacklightServices) [com.apple.BacklightServices:scenes] 0x600000c16940 setDelegate:<0x600000c16a90 _UIBacklightEnvironment> hasDelegate:YES for environment:sceneID:org.rayforge.app-default
2026-07-06 05:53:04.681725+0000 0x104ea    Default     0x0                  24848  0    rayforge-app: (UIKitCore) [com.apple.UIKit:InterfaceStyle] Not push traits update to screen for new style 1, <UIWindowScene: 0x10700b580> (CEEF5B7B-BC9C-4FBE-B30E-5BC115CA6661)
2026-07-06 05:53:04.681879+0000 0x104ea    Default     0x0                  24848  1    rayforge-app: (UIKitCore) [com.apple.UIKit:EventDeferring] [0x60000290db20] Initialized with scene: <UIWindowScene: 0x10700b580>; behavior: <_UIEventDeferringBehavior_iOS: 0x60000021af80>; availableForProcess: 1, systemShellManagesKeyboardFocus: 1
2026-07-06 05:53:04.682157+0000 0x104ea    Default     0x0                  24848  0    rayforge-app: (BoardServices) [com.apple.BoardServices:XPCErrors] [C:2] Alloc com.apple.backboard.hid-services.xpc
2026-07-06 05:53:04.682280+0000 0x104ea    Default     0x0                  24848  0    rayforge-app: (libxpc.dylib) [com.apple.xpc:connection] [0x107405400] activating connection: mach=false listener=false peer=false name=(anonymous)
2026-07-06 05:53:04.683440+0000 0x104ea    Default     0x0                  24848  0    rayforge-app: (BackBoardServices) [com.apple.BackBoard:EventDelivery] policyStatus:<BKSHIDEventDeliveryPolicyObserver: 0x60000260c6c0; process scope; status: target> was:none
2026-07-06 05:53:04.683616+0000 0x104ea    Default     0x0                  24848  1    rayforge-app: (UIKitCore) [com.apple.UIKit:KeyWindow] Setting default evaluation strategy for UIUserInterfaceIdiomPad to LastOneWins
2026-07-06 05:53:04.683698+0000 0x104ea    Default     0x0                  24848  1    rayforge-app: (UIKitCore) [com.apple.UIKit:KeyWindow] Scene target of keyboard event deferring environment did change: 1; scene: UIWindowScene: 0x10700b580; scene identity: com.apple.frontboard.systemappservices/FBSceneManager:sceneID%3Aorg.rayforge.app-default
2026-07-06 05:53:04.683794+0000 0x104ea    Default     0x0                  24848  0    rayforge-app: (UIKitCore) [com.apple.UIKit:UIFocus] Focus system enabled
2026-07-06 05:53:04.684295+0000 0x104ea    Default     0x0                  24848  0    rayforge-app: (UIKitCore) [com.apple.UIKit:UIFocus] Failed to update focus with context <UIFocusUpdateContext: 0x6000030082d0; previouslyFocusedItem: (nil); nextFocusedItem: (nil); focusHeading: None>. No additional info available.
2026-07-06 05:53:04.684467+0000 0x104ea    Default     0x0                  24848  0    rayforge-app: (UIKitCore) [com.apple.UIKit:InterfaceStyle] Not push traits update to screen for new style 1, <UIWindowScene: 0x10700b580> (CEEF5B7B-BC9C-4FBE-B30E-5BC115CA6661)
2026-07-06 05:53:04.684972+0000 0x104ea    Default     0x0                  24848  1    rayforge-app: (UIKitCore) [com.apple.UIKit:EventDeferring] [0x60000290db20] Scene target of event deferring environments did update: scene: 0x10700b580; current systemShellManagesKeyboardFocus: 1; systemShellManagesKeyboardFocusForScene: 1; eligibleForRecordRemoval: 1;
2026-07-06 05:53:04.685046+0000 0x104ea    Default     0x0                  24848  1    rayforge-app: (UIKitCore) [com.apple.UIKit:KeyWindow] Scene became target of keyboard event deferring environment: UIWindowScene: 0x10700b580; scene identity: com.apple.frontboard.systemappservices/FBSceneManager:sceneID%3Aorg.rayforge.app-default
2026-07-06 05:53:04.685115+0000 0x104ea    Default     0x0                  24848  1    rayforge-app: (UIKitCore) [com.apple.UIKit:KeyWindow] Stack[KeyWindow] 0x600000c10330: Taking no further action for migration from LastOneWins -> SystemShellManaged as there are no scenes
2026-07-06 05:53:04.685174+0000 0x104ea    Default     0x0                  24848  1    rayforge-app: (UIKitCore) [com.apple.UIKit:KeyWindow] Setting default evaluation strategy for UIUserInterfaceIdiomPad to SystemShellManaged
2026-07-06 05:53:04.685623+0000 0x104ea    Default     0x0                  24848  1    rayforge-app: (UIKitCore) [com.apple.UIKit:KeyWindow] Key window needs update: 0; currentKeyWindowScene: 0x0; evaluatedKeyWindowScene: 0x10700b580; currentApplicationKeyWindow: 0x0; evaluatedApplicationKeyWindow: 0x0; reason: UIWindowScene: 0x10700b580: Window scene became target of keyboard environment
2026-07-06 05:53:04.685851+0000 0x104ea    Default     0x0                  24848  0    rayforge-app: (UIKitCore) [com.apple.UIKit:InterfaceStyle] Not push traits update to screen for new style 1, <UIWindowScene: 0x10700b580> (CEEF5B7B-BC9C-4FBE-B30E-5BC115CA6661)
2026-07-06 05:53:04.686294+0000 0x104ea    Default     0x0                  24848  0    rayforge-app: (UIKitCore) [com.apple.UIKit:InterfaceStyle] Not push traits update to screen for new style 1, <UIWindowScene: 0x10700b580> (CEEF5B7B-BC9C-4FBE-B30E-5BC115CA6661)
2026-07-06 05:53:04.687045+0000 0x104ea    Fault       0x415c0              24848  14   rayforge-app: (UIKitCore) [com.apple.runtime-issues:UIKit App Config] `UIScene` lifecycle will soon be required. Failure to adopt will result in an assert in the future.
2026-07-06 05:53:04.687047+0000 0x104ea    Activity    0x415c0              24848  0    rayforge-app: (libsystem_trace.dylib) Activity for state dumps
2026-07-06 05:53:04.687328+0000 0x104ea    Default     0x0                  24848  0    rayforge-app: (UIKitCore) [com.apple.UIKit:InterfaceStyle] Not push traits update to screen for new style 1, <UIWindowScene: 0x10700b580> (CEEF5B7B-BC9C-4FBE-B30E-5BC115CA6661)
2026-07-06 05:53:04.691283+0000 0x104ea    Default     0x0                  24848  0    rayforge-app: (UIKitCore) [com.apple.UIKit:AppLifecycle] sceneOfRecord: sceneID: sceneID:org.rayforge.app-default  persistentID: CEEF5B7B-BC9C-4FBE-B30E-5BC115CA6661
2026-07-06 05:53:04.691644+0000 0x104ea    Default     0x0                  24848  0    rayforge-app: (UIKitCore) [com.apple.UIKit:Application] Ignoring already applied deactivation reason: 5; deactivation reasons: 1056
2026-07-06 05:53:04.691760+0000 0x104ea    Default     0x0                  24848  0    rayforge-app: (UIKitCore) [com.apple.UIKit:Application] Deactivation reason added: 11; deactivation reasons: 1056 -> 3104; animating application lifecycle event: 1
2026-07-06 05:53:04.691892+0000 0x104ea    Default     0x0                  24848  0    rayforge-app: (UIKitCore) [com.apple.KeyboardArbiter:Client] startConnection
2026-07-06 05:53:04.693004+0000 0x104ea    Default     0x0                  24848  0    rayforge-app: (libxpc.dylib) [com.apple.xpc:connection] [0x10750ebc0] activating connection: mach=true listener=false peer=false name=com.apple.UIKit.KeyboardManagement.hosted
2026-07-06 05:53:04.704484+0000 0x104fe    Default     0x0                  24848  0    rayforge-app: (BoardServices) [com.apple.BoardServices:XPCErrors] [C:3] Alloc com.apple.PointerUI.pointeruid.service
2026-07-06 05:53:04.712867+0000 0x104fe    Default     0x0                  24848  0    rayforge-app: (libxpc.dylib) [com.apple.xpc:connection] [0x107508120] activating connection: mach=false listener=false peer=false name=(anonymous)
2026-07-06 05:53:04.724061+0000 0x104ea    Default     0x0                  24848  0    rayforge-app: (UIKitCore) [com.apple.UIKit:PointerLockState] preferredPointerLockStatus updated: scene: <UIWindowScene: 0x10700b580; role: UIWindowSceneSessionRoleApplication; persistentIdentifier: CEEF5B7B-BC9C-4FBE-B30E-5BC115CA6661; activationState: UISceneActivationStateForegroundInactive>; viewController: <GdkIOSViewController: 0x10750f820>; preferredPointerLockStatus: _UIPointerLockStatusUnlocked
2026-07-06 05:53:04.724551+0000 0x104ea    Default     0x0                  24848  0    rayforge-app: (UIKitCore) [com.apple.UIKit:Orientation] <UIWindowScene: 0x10700b580> (CEEF5B7B-BC9C-4FBE-B30E-5BC115CA6661) Scene updated orientation preferences: none -> ( Pu Ll Lr Pd )
2026-07-06 05:53:04.724783+0000 0x104ea    Default     0x0                  24848  1    rayforge-app: (UIKitCore) [com.apple.UIKit:KeyWindow] Key window API is scene-level: YES
2026-07-06 05:53:04.724883+0000 0x104ea    Default     0x0                  24848  1    rayforge-app: (UIKitCore) [com.apple.UIKit:KeyWindow] UIWindowScene: 0x10700b580: Window became key in scene: UIWindow: 0x10700bec0; contextId: 0x1AE55269: reason: UIWindowScene: 0x10700b580: Window requested to become key in scene: 0x10700bec0
2026-07-06 05:53:04.724956+0000 0x104ea    Default     0x0                  24848  1    rayforge-app: (UIKitCore) [com.apple.UIKit:KeyWindow] Key window needs update: 1; currentKeyWindowScene: 0x0; evaluatedKeyWindowScene: 0x10700b580; currentApplicationKeyWindow: 0x0; evaluatedApplicationKeyWindow: 0x10700bec0; reason: UIWindowScene: 0x10700b580: Window requested to become key in scene: 0x10700bec0
2026-07-06 05:53:04.725049+0000 0x104ea    Default     0x0                  24848  1    rayforge-app: (UIKitCore) [com.apple.UIKit:KeyWindow] Window did become application key: UIWindow: 0x10700bec0; contextId: 0x1AE55269; scene identity: com.apple.frontboard.systemappservices/FBSceneManager:sceneID%3Aorg.rayforge.app-default
2026-07-06 05:53:04.725144+0000 0x104ea    Default     0x0                  24848  1    rayforge-app: (UIKitCore) [com.apple.UIKit:EventDeferring] [0x60000290db20] Begin local event deferring requested for token: 0x60000260d140; environments: 1; reason: UIWindowScene: 0x10700b580: Begin event deferring in keyboardFocus for window: 0x10700bec0
2026-07-06 05:53:04.727223+0000 0x104ea    Default     0x0                  24848  0    rayforge-app: (UIKitCore) [com.apple.UIKit:KeyboardSceneDelegate] Reloading input views for key-window scene responder: <GdkIOSView: 0x10750ffc0; frame = (0 0; 1032 1376); > force:N
2026-07-06 05:53:04.728554+0000 0x104ea    Default     0x0                  24848  0    rayforge-app: (UIKitCore) [com.apple.UIKit:KeyboardSceneDelegate] _reloadInputViewsForKeyWindowSceneResponder: 1 force: 0, fromBecomeFirstResponder: 1 (automaticKeyboard: 1, reloadIdentifier: B73B7113-AD6B-47E0-9391-F263B91095FF)
2026-07-06 05:53:04.728719+0000 0x104ea    Default     0x0                  24848  0    rayforge-app: (UIKitCore) [com.apple.UIKit:KeyboardSceneDelegate] _inputViewsForResponder: <GdkIOSView: 0x10750ffc0; frame = (0 0; 1032 1376); >, automaticKeyboard: 1, force: 0
2026-07-06 05:53:04.728890+0000 0x104ea    Default     0x0                  24848  0    rayforge-app: (UIKitCore) [com.apple.UIKit:KeyboardSceneDelegate] _inputViewsForResponder, found custom inputView: <(null): 0x0>, customInputViewController: <(null): 0x0>
2026-07-06 05:53:04.728989+0000 0x104ea    Default     0x0                  24848  0    rayforge-app: (UIKitCore) [com.apple.UIKit:KeyboardSceneDelegate] _inputViewsForResponder, found inputAccessoryView: <(null): 0x0>
2026-07-06 05:53:04.729091+0000 0x104ea    Default     0x0                  24848  0    rayforge-app: (UIKitCore) [com.apple.UIKit:KeyboardSceneDelegate] _inputViewsForResponder, responderRequiresKeyboard 0 (automaticKeyboardEnabled: 1, activeInstance: <(null): 0x0>, self.isOnScreen: 0, requiresKBWhenFirstResponder: 0)
2026-07-06 05:53:04.729162+0000 0x104ea    Default     0x0                  24848  0    rayforge-app: (UIKitCore) [com.apple.UIKit:KeyboardSceneDelegate] _inputViewsForResponder, useKeyboard 0 (allowsSystemInputView: 1, !inputView <(null): 0x0>, responderRequiresKeyboard 0)
2026-07-06 05:53:04.729226+0000 0x104ea    Default     0x0                  24848  0    rayforge-app: (UIKitCore) [com.apple.UIKit:KeyboardSceneDelegate] _inputViewsForResponder, configuring _responderWithoutAutomaticAppearanceEnabled: <(null): 0x0> (_automaticAppearEnabled: 1)
2026-07-06 05:53:04.729313+0000 0x104ea    Default     0x0                  24848  0    rayforge-app: (UIKitCore) [com.apple.UIKit:KeyboardSceneDelegate] _inputViewsForResponder, needsIVPlaceholder: 0, needsIAVPlaceholder: 0, needsInputSetWithPlaceholder: 0
2026-07-06 05:53:04.729412+0000 0x104ea    Default     0x0                  24848  0    rayforge-app: (UIKitCore) [com.apple.UIKit:KeyboardSceneDelegate] _inputViewsForResponder returning: <<UIInputViewSet: 0x600003708fc0>; (empty)>
2026-07-06 05:53:04.730369+0000 0x104ea    Default     0x0                  24848  0    rayforge-app: (UIKitCore) [com.apple.UIKit:Application] Deactivation reason removed: 10; deactivation reasons: 3104 -> 2080; animating application lifecycle event: 1
2026-07-06 05:53:04.730828+0000 0x104ea    Default     0x0                  24848  0    rayforge-app: (UIKitCore) [com.apple.UIKit:Application] Deactivation reason added: 12; deactivation reasons: 2080 -> 6176; animating application lifecycle event: 1
+ test 1 = 1
+ grep -q 'RAYFORGE BOOT FAILED' app-console.log app-syslog.log
+ grep -q 'RAYFORGE UI RUNNING' app-console.log app-syslog.log
