++ xcrun simctl list runtimes
++ awk '/iOS/{id=$NF} END{print id}'
+ RUNTIME=com.apple.CoreSimulator.SimRuntime.iOS-26-2
++ xcrun simctl create rayforge-test com.apple.CoreSimulator.SimDeviceType.iPad-Pro-13-inch-M4-8GB com.apple.CoreSimulator.SimRuntime.iOS-26-2
+ UDID=EE2B1C87-76F8-46A3-B7E4-F1A6246F3C37
+ test -n EE2B1C87-76F8-46A3-B7E4-F1A6246F3C37
+ echo UDID=EE2B1C87-76F8-46A3-B7E4-F1A6246F3C37
UDID=EE2B1C87-76F8-46A3-B7E4-F1A6246F3C37
+ xcrun simctl boot EE2B1C87-76F8-46A3-B7E4-F1A6246F3C37
+ xcrun simctl bootstatus EE2B1C87-76F8-46A3-B7E4-F1A6246F3C37 -b
Monitoring boot status for rayforge-test (EE2B1C87-76F8-46A3-B7E4-F1A6246F3C37).
[2026-07-04 12:32:42 +0000] Status=2, isTerminal=NO, Elapsed=00:32.
	Waiting on Data Migration
		Reason:Running plugin com.apple.-0LaunchServicesMigrator (00LaunchServicesMigrator.migrator, user-agnostic)
		Migration Elapsed:00:28 seconds

[2026-07-04 12:32:43 +0000] Status=2, isTerminal=NO, Elapsed=00:33.
	Waiting on Data Migration
		Reason:Running plugin com.apple.-0LaunchServicesMigrator (00LaunchServicesMigrator.migrator, user-agnostic)
		Migration Elapsed:00:29 seconds

[2026-07-04 12:32:44 +0000] Status=2, isTerminal=NO, Elapsed=00:34.
	Waiting on Data Migration
		Reason:Running plugin com.apple.-0LaunchServicesMigrator (00LaunchServicesMigrator.migrator, user-agnostic)
		Migration Elapsed:00:30 seconds

[2026-07-04 12:32:45 +0000] Status=2, isTerminal=NO, Elapsed=00:35.
	Waiting on Data Migration
		Reason:Running plugin com.apple.-0LaunchServicesMigrator (00LaunchServicesMigrator.migrator, user-agnostic)
		Migration Elapsed:00:31 seconds

[2026-07-04 12:32:46 +0000] Status=2, isTerminal=NO, Elapsed=00:36.
	Waiting on Data Migration
		Reason:Running plugin com.apple.-0LaunchServicesMigrator (00LaunchServicesMigrator.migrator, user-agnostic)
		Migration Elapsed:00:32 seconds

[2026-07-04 12:32:47 +0000] Status=2, isTerminal=NO, Elapsed=00:37.
	Waiting on Data Migration
		Reason:Running plugin com.apple.-0LaunchServicesMigrator (00LaunchServicesMigrator.migrator, user-agnostic)
		Migration Elapsed:00:33 seconds

[2026-07-04 12:32:48 +0000] Status=2, isTerminal=NO, Elapsed=00:38.
	Waiting on Data Migration
		Reason:Running plugin com.apple.-0LaunchServicesMigrator (00LaunchServicesMigrator.migrator, user-agnostic)
		Migration Elapsed:00:34 seconds

[2026-07-04 12:32:52 +0000] Status=2, isTerminal=NO, Elapsed=00:42.
	Waiting on Data Migration
		Reason:Running plugin com.apple.securityd.KeychainMigrator (KeychainMigrator.migrator, user-agnostic)
		Migration Elapsed:00:35 seconds

[2026-07-04 12:32:53 +0000] Status=2, isTerminal=NO, Elapsed=00:44.
	Waiting on Data Migration
		Reason:Running plugin com.apple.MobileSafari.migrator (MobileSafari.migrator)
		Migration Elapsed:00:38 seconds

[2026-07-04 12:32:55 +0000] Status=4, isTerminal=NO, Elapsed=00:45.
	Waiting on System App

[2026-07-04 12:32:56 +0000] Status=4, isTerminal=NO, Elapsed=00:47.
	Waiting on System App

[2026-07-04 12:32:56 +0000] Status=4, isTerminal=NO, Elapsed=00:47.
	Waiting on System App

[2026-07-04 12:32:57 +0000] Status=4, isTerminal=NO, Elapsed=00:48.
	Waiting on System App

[2026-07-04 12:32:59 +0000] Status=4, isTerminal=NO, Elapsed=00:49.
	Waiting on System App

[2026-07-04 12:33:04 +0000] Status=4294967295, isTerminal=YES, Elapsed=00:54.
	Finished

+ xcrun simctl install EE2B1C87-76F8-46A3-B7E4-F1A6246F3C37 RayforgeApp.app
++ xcrun simctl get_app_container EE2B1C87-76F8-46A3-B7E4-F1A6246F3C37 org.rayforge.app
+ APP_CONTAINER=/Users/runner/Library/Developer/CoreSimulator/Devices/EE2B1C87-76F8-46A3-B7E4-F1A6246F3C37/data/Containers/Bundle/Application/7BA7F425-7F10-401E-BD8A-DC7C5B6DC334/RayforgeApp.app
+ echo 'app container: /Users/runner/Library/Developer/CoreSimulator/Devices/EE2B1C87-76F8-46A3-B7E4-F1A6246F3C37/data/Containers/Bundle/Application/7BA7F425-7F10-401E-BD8A-DC7C5B6DC334/RayforgeApp.app'
app container: /Users/runner/Library/Developer/CoreSimulator/Devices/EE2B1C87-76F8-46A3-B7E4-F1A6246F3C37/data/Containers/Bundle/Application/7BA7F425-7F10-401E-BD8A-DC7C5B6DC334/RayforgeApp.app
+ FW_DIR=/Users/runner/Library/Developer/CoreSimulator/Devices/EE2B1C87-76F8-46A3-B7E4-F1A6246F3C37/data/Containers/Bundle/Application/7BA7F425-7F10-401E-BD8A-DC7C5B6DC334/RayforgeApp.app/Frameworks
+ LAUNCH_OUT=/Users/runner/work/Rayforge-iOS-ipa/Rayforge-iOS-ipa/app-console.log
+ xcrun simctl launch --stdout=/Users/runner/work/Rayforge-iOS-ipa/Rayforge-iOS-ipa/app-console.log --stderr=/Users/runner/work/Rayforge-iOS-ipa/Rayforge-iOS-ipa/app-console.log EE2B1C87-76F8-46A3-B7E4-F1A6246F3C37 org.rayforge.app SIMCTL_CHILD_DYLD_LIBRARY_PATH=/Users/runner/Library/Developer/CoreSimulator/Devices/EE2B1C87-76F8-46A3-B7E4-F1A6246F3C37/data/Containers/Bundle/Application/7BA7F425-7F10-401E-BD8A-DC7C5B6DC334/RayforgeApp.app/Frameworks SIMCTL_CHILD_DYLD_FALLBACK_LIBRARY_PATH=/Users/runner/Library/Developer/CoreSimulator/Devices/EE2B1C87-76F8-46A3-B7E4-F1A6246F3C37/data/Containers/Bundle/Application/7BA7F425-7F10-401E-BD8A-DC7C5B6DC334/RayforgeApp.app/Frameworks SIMCTL_CHILD_G_MESSAGES_DEBUG=all
+ tee launch-cmd.log
org.rayforge.app: 17308
+ sleep 45
+ APP_ALIVE=1
+ xcrun simctl spawn EE2B1C87-76F8-46A3-B7E4-F1A6246F3C37 launchctl list
+ grep -q org.rayforge.app
+ echo 'app alive: 1'
app alive: 1
+ xcrun simctl io EE2B1C87-76F8-46A3-B7E4-F1A6246F3C37 screenshot simulator-screenshot.png
Detected file type 'PNG' from extension
Wrote screenshot to: simulator-screenshot.png
+ ls -la simulator-screenshot.png
-rw-r--r--@ 1 runner  staff  145639 Jul  4 12:35 simulator-screenshot.png
+ xcrun simctl spawn EE2B1C87-76F8-46A3-B7E4-F1A6246F3C37 log show --last 5m --predicate 'process == "rayforge-app"'
+ mkdir -p crash-reports
+ find /Users/runner/Library/Logs/DiagnosticReports -name '*rayforge*' -newer RayforgeApp.app/Info.plist -exec cp '{}' crash-reports/ ';'
+ for c in 'crash-reports/*'
+ '[' -f 'crash-reports/*' ']'
+ continue
+ xcrun simctl shutdown EE2B1C87-76F8-46A3-B7E4-F1A6246F3C37
+ echo '===== app console ====='
===== app console =====
+ cat app-console.log
Gdk-Message: 12:34:28.163: gdk-ios: bundle resources at /Users/runner/Library/Developer/CoreSimulator/Devices/EE2B1C87-76F8-46A3-B7E4-F1A6246F3C37/data/Containers/Bundle/Application/7BA7F425-7F10-401E-BD8A-DC7C5B6DC334/RayforgeApp.app
** Message: 12:34:28.667: GI_TYPELIB_PATH: /Users/runner/Library/Developer/CoreSimulator/Devices/EE2B1C87-76F8-46A3-B7E4-F1A6246F3C37/data/Containers/Bundle/Application/7BA7F425-7F10-401E-BD8A-DC7C5B6DC334/RayforgeApp.app/lib/girepository-1.0
** Message: 12:34:28.667: python home: /Users/runner/Library/Developer/CoreSimulator/Devices/EE2B1C87-76F8-46A3-B7E4-F1A6246F3C37/data/Containers/Bundle/Application/7BA7F425-7F10-401E-BD8A-DC7C5B6DC334/RayforgeApp.app/python
** Message: 12:34:28.667: site-packages: /Users/runner/Library/Developer/CoreSimulator/Devices/EE2B1C87-76F8-46A3-B7E4-F1A6246F3C37/data/Containers/Bundle/Application/7BA7F425-7F10-401E-BD8A-DC7C5B6DC334/RayforgeApp.app/python/lib/python3.13/site-packages
Fontconfig warning: using without calling FcInit()
** Message: 12:34:31.951: pygobject self-test UI presented
+ echo '===== app syslog (first 120) ====='
===== app syslog (first 120) =====
+ head -120 app-syslog.log
getpwuid_r did not find a match for uid 501
Timestamp                       Thread     Type        Activity             PID    TTL  
2026-07-04 12:34:28.134138+0000 0xd64c     Default     0x0                  17308  0    rayforge-app: (libxpc.dylib) [com.apple.xpc:connection] [0x105404b40] activating connection: mach=true listener=false peer=false name=com.apple.cfprefsd.daemon
2026-07-04 12:34:28.136783+0000 0xd64c     Default     0x0                  17308  0    rayforge-app: (UIKitCore) [com.apple.UIKit:BackgroundTask] Creating new assertion because there is no existing background assertion.
2026-07-04 12:34:28.136821+0000 0xd64c     Default     0x0                  17308  0    rayforge-app: (UIKitCore) [com.apple.UIKit:BackgroundTask] Creating new background assertion
2026-07-04 12:34:28.136932+0000 0xd64c     Default     0x0                  17308  0    rayforge-app: (UIKitCore) [com.apple.UIKit:BackgroundTask] Created new background assertion <BKSProcessAssertion: 0x60000210ae90>
2026-07-04 12:34:28.136969+0000 0xd64c     Default     0x0                  17308  0    rayforge-app: (RunningBoardServices) [com.apple.runningboard:connection] Initializing connection
2026-07-04 12:34:28.137016+0000 0xd64c     Default     0x0                  17308  0    rayforge-app: (RunningBoardServices) [com.apple.runningboard:process] Removing all cached process handles
2026-07-04 12:34:28.137566+0000 0xd64c     Default     0x0                  17308  0    rayforge-app: (RunningBoardServices) [com.apple.runningboard:connection] Creating connection to com.apple.runningboard
2026-07-04 12:34:28.137581+0000 0xd64c     Default     0x0                  17308  0    rayforge-app: (libxpc.dylib) [com.apple.xpc:connection] [0x1054062d0] activating connection: mach=true listener=false peer=false name=com.apple.runningboard
2026-07-04 12:34:28.137659+0000 0xd64e     Default     0x0                  17308  0    rayforge-app: (RunningBoardServices) [com.apple.runningboard:connection] Sending handshake request attempt #1 to server
2026-07-04 12:34:28.139016+0000 0xd64e     Default     0x0                  17308  0    rayforge-app: (RunningBoardServices) [com.apple.runningboard:connection] Handshake succeeded
2026-07-04 12:34:28.139039+0000 0xd64e     Default     0x0                  17308  0    rayforge-app: (RunningBoardServices) [com.apple.runningboard:connection] Identity resolved as app<org.rayforge.app((null))>
2026-07-04 12:34:28.139458+0000 0xd64c     Default     0x0                  17308  0    rayforge-app: (UIKitCore) [com.apple.UIKit:BackgroundTask] Incrementing reference count for background assertion <BKSProcessAssertion: 0x60000210ae90>
2026-07-04 12:34:28.139624+0000 0xd64c     Default     0x0                  17308  0    rayforge-app: (UIKitCore) [com.apple.UIKit:BackgroundTask] Created background task <_UIBackgroundTaskInfo: 0x600001708bc0>: taskID = 1, taskName = Launch Background Task for Coalescing, creationTime = 496 (elapsed = 0).
2026-07-04 12:34:28.140012+0000 0xd64c     Default     0x0                  17308  0    rayforge-app: (FrontBoardServices) [com.apple.FrontBoard:SceneExtension] Realizing settings extension _UIApplicationSceneKeyboardSettings on FBSSceneSettings
2026-07-04 12:34:28.143294+0000 0xd645     Default     0x0                  17308  0    rayforge-app: (libMobileGestalt.dylib) No persisted cache on this platform.
2026-07-04 12:34:28.146980+0000 0xd64c     Default     0x0                  17308  0    rayforge-app: (FrontBoardServices) [com.apple.FrontBoard:SceneExtension] Realizing settings extension <_UISceneOcclusionSettings> on FBSSceneSettings
2026-07-04 12:34:28.147401+0000 0xd64c     Default     0x0                  17308  0    rayforge-app: (FrontBoardServices) [com.apple.FrontBoard:SceneExtension] Realizing settings extension <_UISceneInterfaceProtectionSettings> on FBSSceneSettings
2026-07-04 12:34:28.147716+0000 0xd64c     Default     0x0                  17308  0    rayforge-app: (FrontBoardServices) [com.apple.FrontBoard:SceneExtension] Realizing settings extension _UISceneLayoutPreferencesHostSettingsExtension on FBSSceneSettings
2026-07-04 12:34:28.147899+0000 0xd64c     Default     0x0                  17308  0    rayforge-app: (FrontBoardServices) [com.apple.FrontBoard:SceneExtension] Realizing settings extension _UISceneSafeAreaSettingsExtension on FBSSceneSettings
2026-07-04 12:34:28.148886+0000 0xd64c     Default     0x0                  17308  0    rayforge-app: (FrontBoardServices) [com.apple.FrontBoard:SceneExtension] Realizing settings extension _UISceneLayoutPreferenceClientSettingsExtension on FBSSceneClientSettings
2026-07-04 12:34:28.149929+0000 0xd64c     Default     0x0                  17308  0    rayforge-app: (FrontBoardServices) [com.apple.FrontBoard:SceneExtension] Realizing settings extension <_UIHomeAffordanceHostSceneSettings> on FBSSceneSettings
2026-07-04 12:34:28.150227+0000 0xd64c     Default     0x0                  17308  0    rayforge-app: (FrontBoardServices) [com.apple.FrontBoard:SceneExtension] Realizing settings extension _UISystemShellSceneHostingEnvironmentSettings on FBSSceneSettings
2026-07-04 12:34:28.150397+0000 0xd64c     Default     0x0                  17308  0    rayforge-app: (FrontBoardServices) [com.apple.FrontBoard:SceneExtension] Realizing settings extension _UISceneRenderingEnvironmentSettings on FBSSceneSettings
2026-07-04 12:34:28.150561+0000 0xd64c     Default     0x0                  17308  0    rayforge-app: (FrontBoardServices) [com.apple.FrontBoard:SceneExtension] Realizing settings extension <_UISceneRenderingEnvironmentClientSettings> on FBSSceneClientSettings
2026-07-04 12:34:28.150634+0000 0xd64c     Default     0x0                  17308  0    rayforge-app: (FrontBoardServices) [com.apple.FrontBoard:SceneExtension] Realizing settings extension <_UISceneTransitioningHostSettings> on FBSSceneSettings
2026-07-04 12:34:28.150788+0000 0xd64c     Default     0x0                  17308  0    rayforge-app: (FrontBoardServices) [com.apple.FrontBoard:SceneExtension] Realizing settings extension <_UISceneFocusSystemSettings> on FBSSceneSettings
2026-07-04 12:34:28.151163+0000 0xd64c     Default     0x0                  17308  0    rayforge-app: (FrontBoardServices) [com.apple.FrontBoard:SceneExtension] Realizing settings extension _UISceneOrientationSettingsExtension on FBSSceneSettings
2026-07-04 12:34:28.151316+0000 0xd64c     Default     0x0                  17308  0    rayforge-app: (FrontBoardServices) [com.apple.FrontBoard:SceneExtension] Realizing settings extension _UISceneOrientationClientSettingsExtension on FBSSceneClientSettings
2026-07-04 12:34:28.151444+0000 0xd64c     Default     0x0                  17308  0    rayforge-app: (FrontBoardServices) [com.apple.FrontBoard:SceneExtension] Realizing settings extension _UISceneWindowingControlClientSettings on FBSSceneClientSettings
2026-07-04 12:34:28.151650+0000 0xd64c     Default     0x0                  17308  0    rayforge-app: (FrontBoardServices) [com.apple.FrontBoard:SceneExtension] Realizing settings extension <_UISceneHostingContentSizePreferenceClientSettings> on FBSSceneClientSettings
2026-07-04 12:34:28.151824+0000 0xd64c     Default     0x0                  17308  0    rayforge-app: (FrontBoardServices) [com.apple.FrontBoard:SceneExtension] Realizing settings extension _UISceneHostingTraitCollectionPropagationSettings on FBSSceneSettings
2026-07-04 12:34:28.152395+0000 0xd64c     Default     0x0                  17308  0    rayforge-app: (FrontBoardServices) [com.apple.FrontBoard:SceneExtension] Realizing settings extension <_UISceneHostingSheetPresentationSettings> on FBSSceneSettings
2026-07-04 12:34:28.152888+0000 0xd64c     Default     0x0                  17308  0    rayforge-app: (FrontBoardServices) [com.apple.FrontBoard:SceneExtension] Realizing settings extension <_UISceneHostingSheetPresentationClientSettings> on FBSSceneClientSettings
2026-07-04 12:34:28.152967+0000 0xd64c     Default     0x0                  17308  0    rayforge-app: (FrontBoardServices) [com.apple.FrontBoard:SceneExtension] Realizing settings extension <_UISceneHostingEventDeferringSettings> on FBSSceneSettings
2026-07-04 12:34:28.153228+0000 0xd64c     Default     0x0                  17308  0    rayforge-app: (FrontBoardServices) [com.apple.FrontBoard:SceneExtension] Realizing settings extension <UIKit__UITypedKeyValueSceneSettings> on FBSSceneSettings
2026-07-04 12:34:28.153356+0000 0xd64c     Default     0x0                  17308  0    rayforge-app: (FrontBoardServices) [com.apple.FrontBoard:SceneExtension] Realizing settings extension <UIKit__UITypedKeyValueSceneSettings> on FBSSceneClientSettings
2026-07-04 12:34:28.153437+0000 0xd64c     Default     0x0                  17308  0    rayforge-app: (FrontBoardServices) [com.apple.FrontBoard:SceneExtension] Realizing settings extension <_UISceneHostingViewControllerPreferencePropagationClientSettings> on FBSSceneClientSettings
2026-07-04 12:34:28.153521+0000 0xd64c     Default     0x0                  17308  0    rayforge-app: (FrontBoardServices) [com.apple.FrontBoard:SceneExtension] Realizing settings extension <_UISceneZoomTransitionSettings> on FBSSceneSettings
2026-07-04 12:34:28.165097+0000 0xd645     Default     0x0                  17308  0    rayforge-app: (BoardServices) [com.apple.BoardServices:XPCErrors] [C:1] Alloc com.apple.frontboard.systemappservices
2026-07-04 12:34:28.165456+0000 0xd645     Default     0x0                  17308  0    rayforge-app: (libxpc.dylib) [com.apple.xpc:connection] [0x104009510] activating connection: mach=false listener=false peer=false name=(anonymous)
2026-07-04 12:34:28.167797+0000 0xd645     Default     0x0                  17308  0    rayforge-app: (UIKitCore) [com.apple.UIKit:Application] Deactivation reason added: 10; deactivation reasons: 0 -> 1024; animating application lifecycle event: 0
2026-07-04 12:34:28.168356+0000 0xd645     Default     0x0                  17308  0    rayforge-app: (BoardServices) [com.apple.BoardServices:Injection] activating monitor for service com.apple.frontboard.open
2026-07-04 12:34:28.168692+0000 0xd645     Default     0x0                  17308  0    rayforge-app: (BoardServices) [com.apple.BoardServices:Injection] activating monitor for service com.apple.frontboard.workspace-service
2026-07-04 12:34:28.174209+0000 0xd645     Default     0x0                  17308  0    rayforge-app: (FrontBoardServices) [com.apple.FrontBoard:Common] FBSWorkspace registering source: com.apple.frontboard.systemappservices
2026-07-04 12:34:28.175827+0000 0xd645     Default     0x0                  17308  0    rayforge-app: (FrontBoardServices) [com.apple.FrontBoard:Common] FBSWorkspace connected to endpoint : <BSServiceConnectionEndpoint: 0x60000020ffc0; target: com.apple.frontboard.systemappservices; service: com.apple.frontboard.workspace-service>
2026-07-04 12:34:28.176537+0000 0xd645     Default     0x0                  17308  0    rayforge-app: (FrontBoardServices) [com.apple.FrontBoard:Common] <FBSWorkspaceScenesClient:0x600003004ab0 com.apple.frontboard.systemappservices> attempting immediate handshake from activate
2026-07-04 12:34:28.177436+0000 0xd645     Default     0x0                  17308  0    rayforge-app: (FrontBoardServices) [com.apple.FrontBoard:Common] <FBSWorkspaceScenesClient:0x600003004ab0 com.apple.frontboard.systemappservices> sent handshake
2026-07-04 12:34:28.177779+0000 0xd645     Default     0x0                  17308  0    rayforge-app: (RunningBoardServices) [com.apple.runningboard:general] Added observer for process assertions expiration warning: <_RBSExpirationWarningClient: 0x600000212ba0>
2026-07-04 12:34:28.180718+0000 0xd645     Default     0x0                  17308  0    rayforge-app: (UIKitCore) [com.apple.UIKit:UIScreen] Evaluated capturing state as 0 on <UIScreen: 0x105409f80> for initial
2026-07-04 12:34:28.180916+0000 0xd645     Default     0x0                  17308  0    rayforge-app: (UIKitCore) [com.apple.UIKit:UIScreen] Evaluated capturing state as 0 on <UIScreen: 0x105409f80> for CADisplay KVO
2026-07-04 12:34:28.182901+0000 0xd64d     Default     0x0                  17308  0    rayforge-app: (FrontBoardServices) [com.apple.FrontBoard:SceneExtension] Realizing settings extension FBSSceneSettingsCore on FBSSceneSettings
2026-07-04 12:34:28.183488+0000 0xd64d     Default     0x0                  17308  0    rayforge-app: (FrontBoardServices) [com.apple.FrontBoard:SceneExtension] Realizing settings extension FBSSceneClientSettingsCore on FBSSceneClientSettings
2026-07-04 12:34:28.188093+0000 0xd645     Default     0x0                  17308  0    rayforge-app: (libAccessibility.dylib) [com.apple.Accessibility:AXSupportCommon] Read CategoryName: per-app = 1, category name = (null)
2026-07-04 12:34:28.188818+0000 0xd645     Default     0x0                  17308  0    rayforge-app: (libAccessibility.dylib) [com.apple.Accessibility:AXSupportCommon] Read CategoryName: per-app = 0, category name = (null)
2026-07-04 12:34:28.200611+0000 0xd64d     Default     0x0                  17308  0    rayforge-app: (FrontBoardServices) [com.apple.FrontBoard:SceneExtension] UIMutableApplicationSceneSettings setting counterpart class: UIApplicationSceneSettings
2026-07-04 12:34:28.201121+0000 0xd64d     Default     0x0                  17308  0    rayforge-app: (FrontBoardServices) [com.apple.FrontBoard:SceneExtension] UIMutableApplicationSceneClientSettings setting counterpart class: UIApplicationSceneClientSettings
2026-07-04 12:34:28.201313+0000 0xd64d     Default     0x0                  17308  0    rayforge-app: (FrontBoardServices) [com.apple.FrontBoard:SceneExtension] Realizing settings extension FBSSceneTransitionContextCore on FBSSceneTransitionContext
2026-07-04 12:34:28.203428+0000 0xd645     Default     0x0                  17308  0    rayforge-app: (XCTTargetBootstrap) [com.apple.dt.xctest:Default] Registering for test daemon availability notify post.
2026-07-04 12:34:28.203812+0000 0xd64d     Activity    0x414c0              17308  0    rayforge-app: (RunningBoardServices) didChangeInheritances
2026-07-04 12:34:28.203905+0000 0xd645     Default     0x0                  17308  0    rayforge-app: (XCTTargetBootstrap) [com.apple.dt.xctest:Default] notify_get_state check indicated test daemon not ready.
2026-07-04 12:34:28.204173+0000 0xd645     Default     0x0                  17308  0    rayforge-app: (XCTTargetBootstrap) [com.apple.dt.xctest:Default] notify_get_state check indicated test daemon not ready.
2026-07-04 12:34:28.204854+0000 0xd645     Default     0x0                  17308  0    rayforge-app: (XCTTargetBootstrap) [com.apple.dt.xctest:Default] notify_get_state check indicated test daemon not ready.
2026-07-04 12:34:28.206500+0000 0xd645     Default     0x0                  17308  0    rayforge-app: (UIKitCore) [com.apple.UIKit:UpdateScheduler] Selected display: name=LCD (PurpleMain), id=1
2026-07-04 12:34:28.210003+0000 0xd64e     Activity    0x414c1              17308  0    rayforge-app: (CoreFoundation) Loading Preferences From User Session CFPrefsD
2026-07-04 12:34:28.210407+0000 0xd645     Default     0x0                  17308  0    rayforge-app: (UIKitCore) [com.apple.UIKit:BackgroundTask] Will add backgroundTask with taskName: Persistent SceneSession Map Update, expirationHandler: <__NSGlobalBlock__: 0x1e61729e0>
2026-07-04 12:34:28.211240+0000 0xd645     Default     0x0                  17308  0    rayforge-app: (UIKitCore) [com.apple.UIKit:BackgroundTask] Reusing background assertion <BKSProcessAssertion: 0x60000210ae90>
2026-07-04 12:34:28.211278+0000 0xd645     Default     0x0                  17308  0    rayforge-app: (UIKitCore) [com.apple.UIKit:BackgroundTask] Incrementing reference count for background assertion <BKSProcessAssertion: 0x60000210ae90>
2026-07-04 12:34:28.211319+0000 0xd645     Default     0x0                  17308  0    rayforge-app: (UIKitCore) [com.apple.UIKit:BackgroundTask] Created background task <_UIBackgroundTaskInfo: 0x60000171adc0>: taskID = 2, taskName = Persistent SceneSession Map Update, creationTime = 496 (elapsed = 0).
2026-07-04 12:34:28.211819+0000 0xd645     Default     0x0                  17308  0    rayforge-app: (UIKitCore) [com.apple.UIKit:Application] Deactivation reason added: 5; deactivation reasons: 1024 -> 1056; animating application lifecycle event: 1
2026-07-04 12:34:28.213218+0000 0xd645     Default     0x0                  17308  0    rayforge-app: (UIKitCore) [com.apple.UIKit:InterfaceStyle] Not push traits update to screen for new style 1, <UIWindowScene: 0x10400be60> (114AFDF3-65EB-41FF-AA4F-F74ABC004C4D)
2026-07-04 12:34:28.214113+0000 0xd645     Default     0x0                  17308  0    rayforge-app: (UIKitCore) [com.apple.UIKit:InterfaceStyle] Should send trait collection or coordinate space update, interface style 1 -> 1, <UIWindowScene: 0x10400be60> (114AFDF3-65EB-41FF-AA4F-F74ABC004C4D)
2026-07-04 12:34:28.216456+0000 0xd645     Default     0x0                  17308  0    rayforge-app: (UIKitCore) [com.apple.UIKit:InterfaceStyle] Not push traits update to screen for new style 1, <UIWindowScene: 0x10400be60> (114AFDF3-65EB-41FF-AA4F-F74ABC004C4D)
2026-07-04 12:34:28.216830+0000 0xd645     Default     0x0                  17308  0    rayforge-app: (UIKitCore) [com.apple.UIKit:HomeAffordanceObservation] Initializing: <_UIHomeAffordanceSceneNotifier: 0x60000290abc0>; with scene: <UIWindowScene: 0x10400be60>
2026-07-04 12:34:28.216942+0000 0xd645     Default     0x0                  17308  0    rayforge-app: (BacklightServices) [com.apple.BacklightServices:scenes] 0x600000c13e10 setDelegate:<0x600000c11920 _UIBacklightEnvironment> hasDelegate:YES for environment:sceneID:org.rayforge.app-default
2026-07-04 12:34:28.218419+0000 0xd645     Default     0x0                  17308  0    rayforge-app: (UIKitCore) [com.apple.UIKit:InterfaceStyle] Not push traits update to screen for new style 1, <UIWindowScene: 0x10400be60> (114AFDF3-65EB-41FF-AA4F-F74ABC004C4D)
2026-07-04 12:34:28.218917+0000 0xd645     Default     0x0                  17308  1    rayforge-app: (UIKitCore) [com.apple.UIKit:EventDeferring] [0x60000290ac30] Initialized with scene: <UIWindowScene: 0x10400be60>; behavior: <_UIEventDeferringBehavior_iOS: 0x6000002126a0>; availableForProcess: 1, systemShellManagesKeyboardFocus: 1
2026-07-04 12:34:28.220146+0000 0xd645     Default     0x0                  17308  0    rayforge-app: (BoardServices) [com.apple.BoardServices:XPCErrors] [C:2] Alloc com.apple.backboard.hid-services.xpc
2026-07-04 12:34:28.220286+0000 0xd645     Default     0x0                  17308  0    rayforge-app: (libxpc.dylib) [com.apple.xpc:connection] [0x1054072f0] activating connection: mach=false listener=false peer=false name=(anonymous)
2026-07-04 12:34:28.225626+0000 0xd645     Default     0x0                  17308  0    rayforge-app: (BackBoardServices) [com.apple.BackBoard:EventDelivery] policyStatus:<BKSHIDEventDeliveryPolicyObserver: 0x60000260c9c0; process scope; status: target> was:none
2026-07-04 12:34:28.226052+0000 0xd645     Default     0x0                  17308  1    rayforge-app: (UIKitCore) [com.apple.UIKit:KeyWindow] Setting default evaluation strategy for UIUserInterfaceIdiomPad to LastOneWins
2026-07-04 12:34:28.226490+0000 0xd645     Default     0x0                  17308  1    rayforge-app: (UIKitCore) [com.apple.UIKit:KeyWindow] Scene target of keyboard event deferring environment did change: 1; scene: UIWindowScene: 0x10400be60; scene identity: com.apple.frontboard.systemappservices/FBSceneManager:sceneID%3Aorg.rayforge.app-default
2026-07-04 12:34:28.226564+0000 0xd645     Default     0x0                  17308  0    rayforge-app: (UIKitCore) [com.apple.UIKit:UIFocus] Focus system enabled
2026-07-04 12:34:28.227961+0000 0xd645     Default     0x0                  17308  0    rayforge-app: (UIKitCore) [com.apple.UIKit:UIFocus] Failed to update focus with context <UIFocusUpdateContext: 0x600003004990; previouslyFocusedItem: (nil); nextFocusedItem: (nil); focusHeading: None>. No additional info available.
2026-07-04 12:34:28.228111+0000 0xd645     Default     0x0                  17308  0    rayforge-app: (UIKitCore) [com.apple.UIKit:InterfaceStyle] Not push traits update to screen for new style 1, <UIWindowScene: 0x10400be60> (114AFDF3-65EB-41FF-AA4F-F74ABC004C4D)
2026-07-04 12:34:28.228183+0000 0xd645     Default     0x0                  17308  1    rayforge-app: (UIKitCore) [com.apple.UIKit:EventDeferring] [0x60000290ac30] Scene target of event deferring environments did update: scene: 0x10400be60; current systemShellManagesKeyboardFocus: 1; systemShellManagesKeyboardFocusForScene: 1; eligibleForRecordRemoval: 1;
2026-07-04 12:34:28.228209+0000 0xd645     Default     0x0                  17308  1    rayforge-app: (UIKitCore) [com.apple.UIKit:KeyWindow] Scene became target of keyboard event deferring environment: UIWindowScene: 0x10400be60; scene identity: com.apple.frontboard.systemappservices/FBSceneManager:sceneID%3Aorg.rayforge.app-default
2026-07-04 12:34:28.228604+0000 0xd645     Default     0x0                  17308  1    rayforge-app: (UIKitCore) [com.apple.UIKit:KeyWindow] Stack[KeyWindow] 0x600000c13540: Taking no further action for migration from LastOneWins -> SystemShellManaged as there are no scenes
2026-07-04 12:34:28.228626+0000 0xd645     Default     0x0                  17308  1    rayforge-app: (UIKitCore) [com.apple.UIKit:KeyWindow] Setting default evaluation strategy for UIUserInterfaceIdiomPad to SystemShellManaged
2026-07-04 12:34:28.229528+0000 0xd645     Default     0x0                  17308  1    rayforge-app: (UIKitCore) [com.apple.UIKit:KeyWindow] Key window needs update: 0; currentKeyWindowScene: 0x0; evaluatedKeyWindowScene: 0x10400be60; currentApplicationKeyWindow: 0x0; evaluatedApplicationKeyWindow: 0x0; reason: UIWindowScene: 0x10400be60: Window scene became target of keyboard environment
2026-07-04 12:34:28.229763+0000 0xd645     Default     0x0                  17308  0    rayforge-app: (UIKitCore) [com.apple.UIKit:InterfaceStyle] Not push traits update to screen for new style 1, <UIWindowScene: 0x10400be60> (114AFDF3-65EB-41FF-AA4F-F74ABC004C4D)
2026-07-04 12:34:28.230054+0000 0xd645     Default     0x0                  17308  0    rayforge-app: (UIKitCore) [com.apple.UIKit:InterfaceStyle] Not push traits update to screen for new style 1, <UIWindowScene: 0x10400be60> (114AFDF3-65EB-41FF-AA4F-F74ABC004C4D)
2026-07-04 12:34:28.231391+0000 0xd645     Fault       0x414c2              17308  14   rayforge-app: (UIKitCore) [com.apple.runtime-issues:UIKit App Config] `UIScene` lifecycle will soon be required. Failure to adopt will result in an assert in the future.
2026-07-04 12:34:28.231392+0000 0xd645     Activity    0x414c2              17308  0    rayforge-app: (libsystem_trace.dylib) Activity for state dumps
2026-07-04 12:34:28.232193+0000 0xd645     Default     0x0                  17308  0    rayforge-app: (UIKitCore) [com.apple.UIKit:InterfaceStyle] Not push traits update to screen for new style 1, <UIWindowScene: 0x10400be60> (114AFDF3-65EB-41FF-AA4F-F74ABC004C4D)
2026-07-04 12:34:28.243968+0000 0xd64c     Default     0x0                  17308  0    rayforge-app: (BackBoardServices) [com.apple.BackBoard:EventDelivery] BKSHIDEventObserver - connection activation
2026-07-04 12:34:28.263234+0000 0xd645     Default     0x0                  17308  0    rayforge-app: (UIKitCore) [com.apple.UIKit:AppLifecycle] sceneOfRecord: sceneID: sceneID:org.rayforge.app-default  persistentID: 114AFDF3-65EB-41FF-AA4F-F74ABC004C4D
2026-07-04 12:34:28.263771+0000 0xd645     Default     0x0                  17308  0    rayforge-app: (UIKitCore) [com.apple.UIKit:Application] Ignoring already applied deactivation reason: 5; deactivation reasons: 1056
2026-07-04 12:34:28.263834+0000 0xd645     Default     0x0                  17308  0    rayforge-app: (UIKitCore) [com.apple.UIKit:Application] Deactivation reason added: 11; deactivation reasons: 1056 -> 3104; animating application lifecycle event: 1
2026-07-04 12:34:28.263943+0000 0xd645     Default     0x0                  17308  0    rayforge-app: (UIKitCore) [com.apple.KeyboardArbiter:Client] startConnection
2026-07-04 12:34:28.265385+0000 0xd645     Default     0x0                  17308  0    rayforge-app: (libxpc.dylib) [com.apple.xpc:connection] [0x10540f660] activating connection: mach=true listener=false peer=false name=com.apple.UIKit.KeyboardManagement.hosted
2026-07-04 12:34:28.282256+0000 0xd64d     Default     0x0                  17308  0    rayforge-app: (BoardServices) [com.apple.BoardServices:XPCErrors] [C:3] Alloc com.apple.PointerUI.pointeruid.service
2026-07-04 12:34:28.282338+0000 0xd64d     Default     0x0                  17308  0    rayforge-app: (libxpc.dylib) [com.apple.xpc:connection] [0x104004360] activating connection: mach=false listener=false peer=false name=(anonymous)
2026-07-04 12:34:28.306117+0000 0xd645     Default     0x0                  17308  0    rayforge-app: (UIKitCore) [com.apple.UIKit:PointerLockState] preferredPointerLockStatus updated: scene: <UIWindowScene: 0x10400be60; role: UIWindowSceneSessionRoleApplication; persistentIdentifier: 114AFDF3-65EB-41FF-AA4F-F74ABC004C4D; activationState: UISceneActivationStateForegroundInactive>; viewController: <UIViewController: 0x10400ecc0>; preferredPointerLockStatus: _UIPointerLockStatusUnlocked
2026-07-04 12:34:28.306622+0000 0xd645     Default     0x0                  17308  0    rayforge-app: (UIKitCore) [com.apple.UIKit:Orientation] <UIWindowScene: 0x10400be60> (114AFDF3-65EB-41FF-AA4F-F74ABC004C4D) Scene updated orientation preferences: none -> ( Ll Lr )
2026-07-04 12:34:28.306877+0000 0xd645     Default     0x0                  17308  1    rayforge-app: (UIKitCore) [com.apple.UIKit:KeyWindow] Key window API is scene-level: YES
2026-07-04 12:34:28.306918+0000 0xd645     Default     0x0                  17308  1    rayforge-app: (UIKitCore) [com.apple.UIKit:KeyWindow] UIWindowScene: 0x10400be60: Window became key in scene: UIWindow: 0x10400db50; contextId: 0xB6BA5CFF: reason: UIWindowScene: 0x10400be60: Window requested to become key in scene: 0x10400db50
2026-07-04 12:34:28.306948+0000 0xd645     Default     0x0                  17308  1    rayforge-app: (UIKitCore) [com.apple.UIKit:KeyWindow] Key window needs update: 1; currentKeyWindowScene: 0x0; evaluatedKeyWindowScene: 0x10400be60; currentApplicationKeyWindow: 0x0; evaluatedApplicationKeyWindow: 0x10400db50; reason: UIWindowScene: 0x10400be60: Window requested to become key in scene: 0x10400db50
2026-07-04 12:34:28.307504+0000 0xd645     Default     0x0                  17308  1    rayforge-app: (UIKitCore) [com.apple.UIKit:KeyWindow] Window did become application key: UIWindow: 0x10400db50; contextId: 0xB6BA5CFF; scene identity: com.apple.frontboard.systemappservices/FBSceneManager:sceneID%3Aorg.rayforge.app-default
2026-07-04 12:34:28.307629+0000 0xd645     Default     0x0                  17308  1    rayforge-app: (UIKitCore) [com.apple.UIKit:EventDeferring] [0x60000290ac30] Begin local event deferring requested for token: 0x60000260c780; environments: 1; reason: UIWindowScene: 0x10400be60: Begin event deferring in keyboardFocus for window: 0x10400db50
2026-07-04 12:34:28.316413+0000 0xd645     Default     0x0                  17308  0    rayforge-app: (UIKitCore) [com.apple.UIKit:KeyboardSceneDelegate] Reloading input views for key-window scene responder: <GdkIOSView: 0x10400f460; frame = (0 0; 1376 1032); > force:N
2026-07-04 12:34:28.331218+0000 0xd645     Default     0x0                  17308  0    rayforge-app: (UIKitCore) [com.apple.UIKit:KeyboardSceneDelegate] _reloadInputViewsForKeyWindowSceneResponder: 1 force: 0, fromBecomeFirstResponder: 1 (automaticKeyboard: 1, reloadIdentifier: B5AA52C0-41C4-4679-B3B5-F16BE9A1CEC2)
2026-07-04 12:34:28.331334+0000 0xd645     Default     0x0                  17308  0    rayforge-app: (UIKitCore) [com.apple.UIKit:KeyboardSceneDelegate] _inputViewsForResponder: <GdkIOSView: 0x10400f460; frame = (0 0; 1376 1032); >, automaticKeyboard: 1, force: 0
2026-07-04 12:34:28.331460+0000 0xd645     Default     0x0                  17308  0    rayforge-app: (UIKitCore) [com.apple.UIKit:KeyboardSceneDelegate] _inputViewsForResponder, found custom inputView: <(null): 0x0>, customInputViewController: <(null): 0x0>
2026-07-04 12:34:28.331527+0000 0xd645     Default     0x0                  17308  0    rayforge-app: (UIKitCore) [com.apple.UIKit:KeyboardSceneDelegate] _inputViewsForResponder, found inputAccessoryView: <(null): 0x0>
2026-07-04 12:34:28.333798+0000 0xd645     Default     0x0                  17308  0    rayforge-app: (UIKitCore) [com.apple.UIKit:KeyboardSceneDelegate] _inputViewsForResponder, responderRequiresKeyboard 0 (automaticKeyboardEnabled: 1, activeInstance: <(null): 0x0>, self.isOnScreen: 0, requiresKBWhenFirstResponder: 0)
2026-07-04 12:34:28.333885+0000 0xd645     Default     0x0                  17308  0    rayforge-app: (UIKitCore) [com.apple.UIKit:KeyboardSceneDelegate] _inputViewsForResponder, useKeyboard 0 (allowsSystemInputView: 1, !inputView <(null): 0x0>, responderRequiresKeyboard 0)
2026-07-04 12:34:28.333939+0000 0xd645     Default     0x0                  17308  0    rayforge-app: (UIKitCore) [com.apple.UIKit:KeyboardSceneDelegate] _inputViewsForResponder, configuring _responderWithoutAutomaticAppearanceEnabled: <(null): 0x0> (_automaticAppearEnabled: 1)
2026-07-04 12:34:28.333980+0000 0xd645     Default     0x0                  17308  0    rayforge-app: (UIKitCore) [com.apple.UIKit:KeyboardSceneDelegate] _inputViewsForResponder, needsIVPlaceholder: 0, needsIAVPlaceholder: 0, needsInputSetWithPlaceholder: 0
+ test 1 = 1
+ grep -q 'RAYFORGE BOOT FAILED' app-console.log app-syslog.log
+ echo '== boot failure context:'
== boot failure context:
+ grep -B2 -A40 Traceback app-syslog.log
+ head -80
2026-07-04 12:34:31.821372+0000 0xd645     Error       0x0                  17308  0    rayforge-app: (Python) this module running...
2026-07-04 12:34:31.821541+0000 0xd645     Default     0x0                  17308  0    rayforge-app: (Python) RAYFORGE BOOT FAILED
2026-07-04 12:34:31.823336+0000 0xd645     Error       0x0                  17308  0    rayforge-app: (Python) Traceback (most recent call last):
2026-07-04 12:34:31.824185+0000 0xd645     Error       0x0                  17308  0    rayforge-app: (Python)   File "/Users/runner/Library/Developer/CoreSimulator/Devices/EE2B1C87-76F8-46A3-B7E4-F1A6246F3C37/data/Containers/Bundle/Application/7BA7F425-7F10-401E-BD8A-DC7C5B6DC334/RayforgeApp.app/python/lib/python3.13/site-packages/ios_main.py", line 64, in main
2026-07-04 12:34:31.824208+0000 0xd645     Error       0x0                  17308  0    rayforge-app: (Python)     rayforge.app.main()
2026-07-04 12:34:31.824216+0000 0xd645     Error       0x0                  17308  0    rayforge-app: (Python)     ~~~~~~~~~~~~~~~~~^^
2026-07-04 12:34:31.824227+0000 0xd645     Error       0x0                  17308  0    rayforge-app: (Python)   File "/Users/runner/Library/Developer/CoreSimulator/Devices/EE2B1C87-76F8-46A3-B7E4-F1A6246F3C37/data/Containers/Bundle/Application/7BA7F425-7F10-401E-BD8A-DC7C5B6DC334/RayforgeApp.app/python/lib/python3.13/site-packages/rayforge/app.py", line 495, in main
2026-07-04 12:34:31.824234+0000 0xd645     Error       0x0                  17308  0    rayforge-app: (Python)     from rayforge.ui_gtk.sim3d import initialize
2026-07-04 12:34:31.824244+0000 0xd645     Error       0x0                  17308  0    rayforge-app: (Python)   File "/Users/runner/Library/Developer/CoreSimulator/Devices/EE2B1C87-76F8-46A3-B7E4-F1A6246F3C37/data/Containers/Bundle/Application/7BA7F425-7F10-401E-BD8A-DC7C5B6DC334/RayforgeApp.app/python/lib/python3.13/site-packages/rayforge/ui_gtk/__init__.py", line 1, in <module>
2026-07-04 12:34:31.824253+0000 0xd645     Error       0x0                  17308  0    rayforge-app: (Python)     from .canvas2d.elements.dot import DotElement
2026-07-04 12:34:31.824261+0000 0xd645     Error       0x0                  17308  0    rayforge-app: (Python)   File "/Users/runner/Library/Developer/CoreSimulator/Devices/EE2B1C87-76F8-46A3-B7E4-F1A6246F3C37/data/Containers/Bundle/Application/7BA7F425-7F10-401E-BD8A-DC7C5B6DC334/RayforgeApp.app/python/lib/python3.13/site-packages/rayforge/ui_gtk/canvas2d/__init__.py", line 2, in <module>
2026-07-04 12:34:31.824267+0000 0xd645     Error       0x0                  17308  0    rayforge-app: (Python)     from .surface import WorkSurface
2026-07-04 12:34:31.824326+0000 0xd645     Error       0x0                  17308  0    rayforge-app: (Python)   File "/Users/runner/Library/Developer/CoreSimulator/Devices/EE2B1C87-76F8-46A3-B7E4-F1A6246F3C37/data/Containers/Bundle/Application/7BA7F425-7F10-401E-BD8A-DC7C5B6DC334/RayforgeApp.app/python/lib/python3.13/site-packages/rayforge/ui_gtk/canvas2d/surface.py", line 17, in <module>
2026-07-04 12:34:31.824404+0000 0xd645     Error       0x0                  17308  0    rayforge-app: (Python)     from ...camera.controller import CameraController
2026-07-04 12:34:31.824466+0000 0xd645     Error       0x0                  17308  0    rayforge-app: (Python)   File "/Users/runner/Library/Developer/CoreSimulator/Devices/EE2B1C87-76F8-46A3-B7E4-F1A6246F3C37/data/Containers/Bundle/Application/7BA7F425-7F10-401E-BD8A-DC7C5B6DC334/RayforgeApp.app/python/lib/python3.13/site-packages/rayforge/camera/controller.py", line 12, in <module>
2026-07-04 12:34:31.824511+0000 0xd645     Error       0x0                  17308  0    rayforge-app: (Python)     from ..image.util.srgb import resize_linear_nd
2026-07-04 12:34:31.824564+0000 0xd645     Error       0x0                  17308  0    rayforge-app: (Python)   File "/Users/runner/Library/Developer/CoreSimulator/Devices/EE2B1C87-76F8-46A3-B7E4-F1A6246F3C37/data/Containers/Bundle/Application/7BA7F425-7F10-401E-BD8A-DC7C5B6DC334/RayforgeApp.app/python/lib/python3.13/site-packages/rayforge/image/__init__.py", line 38, in <module>
2026-07-04 12:34:31.824609+0000 0xd645     Error       0x0                  17308  0    rayforge-app: (Python)     from .ruida.importer import RuidaImporter
2026-07-04 12:34:31.824663+0000 0xd645     Error       0x0                  17308  0    rayforge-app: (Python)   File "/Users/runner/Library/Developer/CoreSimulator/Devices/EE2B1C87-76F8-46A3-B7E4-F1A6246F3C37/data/Containers/Bundle/Application/7BA7F425-7F10-401E-BD8A-DC7C5B6DC334/RayforgeApp.app/python/lib/python3.13/site-packages/rayforge/image/ruida/__init__.py", line 1, in <module>
2026-07-04 12:34:31.824706+0000 0xd645     Error       0x0                  17308  0    rayforge-app: (Python)     from .importer import RuidaImporter
2026-07-04 12:34:31.824758+0000 0xd645     Error       0x0                  17308  0    rayforge-app: (Python)   File "/Users/runner/Library/Developer/CoreSimulator/Devices/EE2B1C87-76F8-46A3-B7E4-F1A6246F3C37/data/Containers/Bundle/Application/7BA7F425-7F10-401E-BD8A-DC7C5B6DC334/RayforgeApp.app/python/lib/python3.13/site-packages/rayforge/image/ruida/importer.py", line 23, in <module>
2026-07-04 12:34:31.824806+0000 0xd645     Error       0x0                  17308  0    rayforge-app: (Python)     from .parser import RuidaParseError, RuidaParser
2026-07-04 12:34:31.824862+0000 0xd645     Error       0x0                  17308  0    rayforge-app: (Python)   File "/Users/runner/Library/Developer/CoreSimulator/Devices/EE2B1C87-76F8-46A3-B7E4-F1A6246F3C37/data/Containers/Bundle/Application/7BA7F425-7F10-401E-BD8A-DC7C5B6DC334/RayforgeApp.app/python/lib/python3.13/site-packages/rayforge/image/ruida/parser.py", line 4, in <module>
2026-07-04 12:34:31.824900+0000 0xd645     Error       0x0                  17308  0    rayforge-app: (Python)     from ...machine.driver.ruida.ruida_util import (
2026-07-04 12:34:31.824949+0000 0xd645     Error       0x0                  17308  0    rayforge-app: (Python)     ...<6 lines>...
2026-07-04 12:34:31.824992+0000 0xd645     Error       0x0                  17308  0    rayforge-app: (Python)     )
2026-07-04 12:34:31.825042+0000 0xd645     Error       0x0                  17308  0    rayforge-app: (Python)   File "/Users/runner/Library/Developer/CoreSimulator/Devices/EE2B1C87-76F8-46A3-B7E4-F1A6246F3C37/data/Containers/Bundle/Application/7BA7F425-7F10-401E-BD8A-DC7C5B6DC334/RayforgeApp.app/python/lib/python3.13/site-packages/rayforge/machine/driver/__init__.py", line 5, in <module>
2026-07-04 12:34:31.825084+0000 0xd645     Error       0x0                  17308  0    rayforge-app: (Python)     from .dummy import NoDeviceDriver
2026-07-04 12:34:31.825148+0000 0xd645     Error       0x0                  17308  0    rayforge-app: (Python)   File "/Users/runner/Library/Developer/CoreSimulator/Devices/EE2B1C87-76F8-46A3-B7E4-F1A6246F3C37/data/Containers/Bundle/Application/7BA7F425-7F10-401E-BD8A-DC7C5B6DC334/RayforgeApp.app/python/lib/python3.13/site-packages/rayforge/machine/driver/dummy.py", line 23, in <module>
2026-07-04 12:34:31.825196+0000 0xd645     Error       0x0                  17308  0    rayforge-app: (Python)     from ..transport import TransportStatus
2026-07-04 12:34:31.825246+0000 0xd645     Error       0x0                  17308  0    rayforge-app: (Python)   File "/Users/runner/Library/Developer/CoreSimulator/Devices/EE2B1C87-76F8-46A3-B7E4-F1A6246F3C37/data/Containers/Bundle/Application/7BA7F425-7F10-401E-BD8A-DC7C5B6DC334/RayforgeApp.app/python/lib/python3.13/site-packages/rayforge/machine/transport/__init__.py", line 3, in <module>
2026-07-04 12:34:31.825289+0000 0xd645     Error       0x0                  17308  0    rayforge-app: (Python)     from .grbl import GrblSerialTransport
2026-07-04 12:34:31.825336+0000 0xd645     Error       0x0                  17308  0    rayforge-app: (Python)   File "/Users/runner/Library/Developer/CoreSimulator/Devices/EE2B1C87-76F8-46A3-B7E4-F1A6246F3C37/data/Containers/Bundle/Application/7BA7F425-7F10-401E-BD8A-DC7C5B6DC334/RayforgeApp.app/python/lib/python3.13/site-packages/rayforge/machine/transport/grbl.py", line 8, in <module>
2026-07-04 12:34:31.825379+0000 0xd645     Error       0x0                  17308  0    rayforge-app: (Python)     from .serial import SerialTransport
2026-07-04 12:34:31.825431+0000 0xd645     Error       0x0                  17308  0    rayforge-app: (Python)   File "/Users/runner/Library/Developer/CoreSimulator/Devices/EE2B1C87-76F8-46A3-B7E4-F1A6246F3C37/data/Containers/Bundle/Application/7BA7F425-7F10-401E-BD8A-DC7C5B6DC334/RayforgeApp.app/python/lib/python3.13/site-packages/rayforge/machine/transport/serial.py", line 11, in <module>
2026-07-04 12:34:31.825489+0000 0xd645     Error       0x0                  17308  0    rayforge-app: (Python)     from serial.tools import list_ports
2026-07-04 12:34:31.825553+0000 0xd645     Error       0x0                  17308  0    rayforge-app: (Python)   File "/Users/runner/Library/Developer/CoreSimulator/Devices/EE2B1C87-76F8-46A3-B7E4-F1A6246F3C37/data/Containers/Bundle/Application/7BA7F425-7F10-401E-BD8A-DC7C5B6DC334/RayforgeApp.app/python/lib/python3.13/site-packages/serial/tools/list_ports.py", line 31, in <module>
2026-07-04 12:34:31.825613+0000 0xd645     Error       0x0                  17308  0    rayforge-app: (Python)     from serial.tools.list_ports_posix import comports
2026-07-04 12:34:31.825663+0000 0xd645     Error       0x0                  17308  0    rayforge-app: (Python)   File "/Users/runner/Library/Developer/CoreSimulator/Devices/EE2B1C87-76F8-46A3-B7E4-F1A6246F3C37/data/Containers/Bundle/Application/7BA7F425-7F10-401E-BD8A-DC7C5B6DC334/RayforgeApp.app/python/lib/python3.13/site-packages/serial/tools/list_ports_posix.py", line 114, in <module>
2026-07-04 12:34:31.825706+0000 0xd645     Error       0x0                  17308  0    rayforge-app: (Python)     raise ImportError("Sorry: no implementation for your platform ('{}') available".format(os.name))
2026-07-04 12:34:31.825763+0000 0xd645     Error       0x0                  17308  0    rayforge-app: (Python) ImportError: Sorry: no implementation for your platform ('posix') available
2026-07-04 12:34:31.883090+0000 0xd645     Default     0x0                  17308  0    rayforge-app: (UIKitCore) [com.apple.UIKit:InterfaceStyle] Not push traits update to screen for new style 1, <UIWindowScene: 0x10400be60> (114AFDF3-65EB-41FF-AA4F-F74ABC004C4D)
2026-07-04 12:34:31.883354+0000 0xd645     Default     0x0                  17308  0    rayforge-app: (UIKitCore) [com.apple.UIKit:AppLifecycle] sceneOfRecord: sceneID: sceneID:org.rayforge.app-default  persistentID: 114AFDF3-65EB-41FF-AA4F-F74ABC004C4D
+ grep -q 'RAYFORGE UI RUNNING' app-console.log app-syslog.log
