getpwuid_r did not find a match for uid 501
Timestamp                       Thread     Type        Activity             PID    TTL  
2026-07-06 05:13:04.061666+0000 0x242a5    Default     0x0                  61815  0    rayforge-app: (libMobileGestalt.dylib) No persisted cache on this platform.
2026-07-06 05:13:04.063161+0000 0x242b3    Default     0x0                  61815  0    rayforge-app: (libxpc.dylib) [com.apple.xpc:connection] [0x105b07e10] activating connection: mach=true listener=false peer=false name=com.apple.cfprefsd.daemon
2026-07-06 05:13:04.069956+0000 0x242a5    Default     0x0                  61815  0    rayforge-app: (BoardServices) [com.apple.BoardServices:XPCErrors] [C:1] Alloc com.apple.frontboard.systemappservices
2026-07-06 05:13:04.070351+0000 0x242a5    Default     0x0                  61815  0    rayforge-app: (libxpc.dylib) [com.apple.xpc:connection] [0x105605e00] activating connection: mach=false listener=false peer=false name=(anonymous)
2026-07-06 05:13:04.077161+0000 0x242a5    Default     0x0                  61815  0    rayforge-app: (UIKitCore) [com.apple.UIKit:Application] Deactivation reason added: 10; deactivation reasons: 0 -> 1024; animating application lifecycle event: 0
2026-07-06 05:13:04.077393+0000 0x242a5    Default     0x0                  61815  0    rayforge-app: (RunningBoardServices) [com.apple.runningboard:connection] Initializing connection
2026-07-06 05:13:04.077445+0000 0x242a5    Default     0x0                  61815  0    rayforge-app: (RunningBoardServices) [com.apple.runningboard:process] Removing all cached process handles
2026-07-06 05:13:04.077964+0000 0x242a5    Default     0x0                  61815  0    rayforge-app: (BoardServices) [com.apple.BoardServices:Injection] activating monitor for service com.apple.frontboard.open
2026-07-06 05:13:04.078130+0000 0x242a5    Default     0x0                  61815  0    rayforge-app: (BoardServices) [com.apple.BoardServices:Injection] activating monitor for service com.apple.frontboard.workspace-service
2026-07-06 05:13:04.079016+0000 0x242a5    Default     0x0                  61815  0    rayforge-app: (FrontBoardServices) [com.apple.FrontBoard:Common] FBSWorkspace registering source: com.apple.frontboard.systemappservices
2026-07-06 05:13:04.080101+0000 0x242a5    Default     0x0                  61815  0    rayforge-app: (FrontBoardServices) [com.apple.FrontBoard:Common] FBSWorkspace connected to endpoint : <BSServiceConnectionEndpoint: 0x6000002127a0; target: com.apple.frontboard.systemappservices; service: com.apple.frontboard.workspace-service>
2026-07-06 05:13:04.080177+0000 0x242a5    Default     0x0                  61815  0    rayforge-app: (FrontBoardServices) [com.apple.FrontBoard:Common] <FBSWorkspaceScenesClient:0x6000030042d0 com.apple.frontboard.systemappservices> attempting immediate handshake from activate
2026-07-06 05:13:04.080669+0000 0x242a5    Default     0x0                  61815  0    rayforge-app: (FrontBoardServices) [com.apple.FrontBoard:Common] <FBSWorkspaceScenesClient:0x6000030042d0 com.apple.frontboard.systemappservices> sent handshake
2026-07-06 05:13:04.081007+0000 0x242a5    Default     0x0                  61815  0    rayforge-app: (RunningBoardServices) [com.apple.runningboard:general] Added observer for process assertions expiration warning: <_RBSExpirationWarningClient: 0x600000213cc0>
2026-07-06 05:13:04.084561+0000 0x242b4    Default     0x0                  61815  0    rayforge-app: (FrontBoardServices) [com.apple.FrontBoard:SceneExtension] Realizing settings extension _UIApplicationSceneKeyboardSettings on FBSSceneSettings
2026-07-06 05:13:04.085769+0000 0x242b4    Default     0x0                  61815  0    rayforge-app: (FrontBoardServices) [com.apple.FrontBoard:SceneExtension] Realizing settings extension <_UISceneOcclusionSettings> on FBSSceneSettings
2026-07-06 05:13:04.092723+0000 0x242b4    Default     0x0                  61815  0    rayforge-app: (FrontBoardServices) [com.apple.FrontBoard:SceneExtension] Realizing settings extension <_UISceneInterfaceProtectionSettings> on FBSSceneSettings
2026-07-06 05:13:04.093680+0000 0x242b4    Default     0x0                  61815  0    rayforge-app: (FrontBoardServices) [com.apple.FrontBoard:SceneExtension] Realizing settings extension _UISceneLayoutPreferencesHostSettingsExtension on FBSSceneSettings
2026-07-06 05:13:04.097433+0000 0x242b4    Default     0x0                  61815  0    rayforge-app: (FrontBoardServices) [com.apple.FrontBoard:SceneExtension] Realizing settings extension _UISceneSafeAreaSettingsExtension on FBSSceneSettings
2026-07-06 05:13:04.114411+0000 0x242b4    Default     0x0                  61815  0    rayforge-app: (FrontBoardServices) [com.apple.FrontBoard:SceneExtension] Realizing settings extension _UISceneLayoutPreferenceClientSettingsExtension on FBSSceneClientSettings
2026-07-06 05:13:04.114818+0000 0x242b4    Default     0x0                  61815  0    rayforge-app: (FrontBoardServices) [com.apple.FrontBoard:SceneExtension] Realizing settings extension <_UIHomeAffordanceHostSceneSettings> on FBSSceneSettings
2026-07-06 05:13:04.114983+0000 0x242b4    Default     0x0                  61815  0    rayforge-app: (FrontBoardServices) [com.apple.FrontBoard:SceneExtension] Realizing settings extension _UISystemShellSceneHostingEnvironmentSettings on FBSSceneSettings
2026-07-06 05:13:04.126950+0000 0x242b4    Default     0x0                  61815  0    rayforge-app: (FrontBoardServices) [com.apple.FrontBoard:SceneExtension] Realizing settings extension _UISceneRenderingEnvironmentSettings on FBSSceneSettings
2026-07-06 05:13:04.133635+0000 0x242b4    Default     0x0                  61815  0    rayforge-app: (FrontBoardServices) [com.apple.FrontBoard:SceneExtension] Realizing settings extension <_UISceneRenderingEnvironmentClientSettings> on FBSSceneClientSettings
2026-07-06 05:13:04.133802+0000 0x242b4    Default     0x0                  61815  0    rayforge-app: (FrontBoardServices) [com.apple.FrontBoard:SceneExtension] Realizing settings extension <_UISceneTransitioningHostSettings> on FBSSceneSettings
2026-07-06 05:13:04.133909+0000 0x242b4    Default     0x0                  61815  0    rayforge-app: (FrontBoardServices) [com.apple.FrontBoard:SceneExtension] Realizing settings extension <_UISceneFocusSystemSettings> on FBSSceneSettings
2026-07-06 05:13:04.134010+0000 0x242b4    Default     0x0                  61815  0    rayforge-app: (FrontBoardServices) [com.apple.FrontBoard:SceneExtension] Realizing settings extension _UISceneOrientationSettingsExtension on FBSSceneSettings
2026-07-06 05:13:04.134120+0000 0x242b4    Default     0x0                  61815  0    rayforge-app: (FrontBoardServices) [com.apple.FrontBoard:SceneExtension] Realizing settings extension _UISceneOrientationClientSettingsExtension on FBSSceneClientSettings
2026-07-06 05:13:04.134475+0000 0x242b4    Default     0x0                  61815  0    rayforge-app: (FrontBoardServices) [com.apple.FrontBoard:SceneExtension] Realizing settings extension _UISceneWindowingControlClientSettings on FBSSceneClientSettings
2026-07-06 05:13:04.134761+0000 0x242b4    Default     0x0                  61815  0    rayforge-app: (FrontBoardServices) [com.apple.FrontBoard:SceneExtension] Realizing settings extension FBSSceneSettingsCore on FBSSceneSettings
2026-07-06 05:13:04.136084+0000 0x242b4    Default     0x0                  61815  0    rayforge-app: (FrontBoardServices) [com.apple.FrontBoard:SceneExtension] Realizing settings extension FBSSceneClientSettingsCore on FBSSceneClientSettings
2026-07-06 05:13:04.139105+0000 0x242b3    Default     0x0                  61815  0    rayforge-app: (UIKitCore) [com.apple.UIKit:BackgroundTask] Creating new assertion because there is no existing background assertion.
2026-07-06 05:13:04.139557+0000 0x242b3    Default     0x0                  61815  0    rayforge-app: (UIKitCore) [com.apple.UIKit:BackgroundTask] Creating new background assertion
2026-07-06 05:13:04.139640+0000 0x242b3    Default     0x0                  61815  0    rayforge-app: (UIKitCore) [com.apple.UIKit:BackgroundTask] Created new background assertion <BKSProcessAssertion: 0x60000210dcc0>
2026-07-06 05:13:04.139786+0000 0x242b3    Default     0x0                  61815  0    rayforge-app: (RunningBoardServices) [com.apple.runningboard:connection] Creating connection to com.apple.runningboard
2026-07-06 05:13:04.139802+0000 0x242b3    Default     0x0                  61815  0    rayforge-app: (libxpc.dylib) [com.apple.xpc:connection] [0x105b09370] activating connection: mach=true listener=false peer=false name=com.apple.runningboard
2026-07-06 05:13:04.139967+0000 0x242b5    Default     0x0                  61815  0    rayforge-app: (RunningBoardServices) [com.apple.runningboard:connection] Sending handshake request attempt #1 to server
2026-07-06 05:13:04.141350+0000 0x242b4    Default     0x0                  61815  0    rayforge-app: (FrontBoardServices) [com.apple.FrontBoard:SceneExtension] UIMutableApplicationSceneSettings setting counterpart class: UIApplicationSceneSettings
2026-07-06 05:13:04.141545+0000 0x242b4    Default     0x0                  61815  0    rayforge-app: (FrontBoardServices) [com.apple.FrontBoard:SceneExtension] UIMutableApplicationSceneClientSettings setting counterpart class: UIApplicationSceneClientSettings
2026-07-06 05:13:04.141684+0000 0x242b4    Default     0x0                  61815  0    rayforge-app: (FrontBoardServices) [com.apple.FrontBoard:SceneExtension] Realizing settings extension FBSSceneTransitionContextCore on FBSSceneTransitionContext
2026-07-06 05:13:04.142134+0000 0x242b5    Default     0x0                  61815  0    rayforge-app: (RunningBoardServices) [com.apple.runningboard:connection] Handshake succeeded
2026-07-06 05:13:04.142153+0000 0x242b5    Default     0x0                  61815  0    rayforge-app: (RunningBoardServices) [com.apple.runningboard:connection] Identity resolved as app<org.rayforge.app((null))>
2026-07-06 05:13:04.142486+0000 0x242b3    Default     0x0                  61815  0    rayforge-app: (UIKitCore) [com.apple.UIKit:BackgroundTask] Incrementing reference count for background assertion <BKSProcessAssertion: 0x60000210dcc0>
2026-07-06 05:13:04.142594+0000 0x242b3    Default     0x0                  61815  0    rayforge-app: (UIKitCore) [com.apple.UIKit:BackgroundTask] Created background task <_UIBackgroundTaskInfo: 0x600001714540>: taskID = 1, taskName = Launch Background Task for Coalescing, creationTime = 2206 (elapsed = 0).
2026-07-06 05:13:04.142962+0000 0x242b3    Default     0x0                  61815  0    rayforge-app: (FrontBoardServices) [com.apple.FrontBoard:SceneExtension] Realizing settings extension <_UISceneHostingContentSizePreferenceClientSettings> on FBSSceneClientSettings
2026-07-06 05:13:04.143077+0000 0x242b3    Default     0x0                  61815  0    rayforge-app: (FrontBoardServices) [com.apple.FrontBoard:SceneExtension] Realizing settings extension _UISceneHostingTraitCollectionPropagationSettings on FBSSceneSettings
2026-07-06 05:13:04.143319+0000 0x242b3    Default     0x0                  61815  0    rayforge-app: (FrontBoardServices) [com.apple.FrontBoard:SceneExtension] Realizing settings extension <_UISceneHostingSheetPresentationSettings> on FBSSceneSettings
2026-07-06 05:13:04.143466+0000 0x242b3    Default     0x0                  61815  0    rayforge-app: (FrontBoardServices) [com.apple.FrontBoard:SceneExtension] Realizing settings extension <_UISceneHostingSheetPresentationClientSettings> on FBSSceneClientSettings
2026-07-06 05:13:04.143616+0000 0x242b3    Default     0x0                  61815  0    rayforge-app: (FrontBoardServices) [com.apple.FrontBoard:SceneExtension] Realizing settings extension <_UISceneHostingEventDeferringSettings> on FBSSceneSettings
2026-07-06 05:13:04.144354+0000 0x242b3    Default     0x0                  61815  0    rayforge-app: (FrontBoardServices) [com.apple.FrontBoard:SceneExtension] Realizing settings extension <UIKit__UITypedKeyValueSceneSettings> on FBSSceneSettings
2026-07-06 05:13:04.144567+0000 0x242b3    Default     0x0                  61815  0    rayforge-app: (FrontBoardServices) [com.apple.FrontBoard:SceneExtension] Realizing settings extension <UIKit__UITypedKeyValueSceneSettings> on FBSSceneClientSettings
2026-07-06 05:13:04.144735+0000 0x242b3    Default     0x0                  61815  0    rayforge-app: (FrontBoardServices) [com.apple.FrontBoard:SceneExtension] Realizing settings extension <_UISceneHostingViewControllerPreferencePropagationClientSettings> on FBSSceneClientSettings
2026-07-06 05:13:04.145130+0000 0x242b3    Default     0x0                  61815  0    rayforge-app: (FrontBoardServices) [com.apple.FrontBoard:SceneExtension] Realizing settings extension <_UISceneZoomTransitionSettings> on FBSSceneSettings
2026-07-06 05:13:04.146285+0000 0x242a5    Default     0x0                  61815  0    rayforge-app: (UIKitCore) [com.apple.UIKit:UIScreen] Evaluated capturing state as 0 on <UIScreen: 0x1056066c0> for initial
2026-07-06 05:13:04.146548+0000 0x242a5    Default     0x0                  61815  0    rayforge-app: (UIKitCore) [com.apple.UIKit:UIScreen] Evaluated capturing state as 0 on <UIScreen: 0x1056066c0> for CADisplay KVO
2026-07-06 05:13:04.147633+0000 0x242a5    Default     0x0                  61815  0    rayforge-app: (libAccessibility.dylib) [com.apple.Accessibility:AXSupportCommon] Read CategoryName: per-app = 1, category name = (null)
2026-07-06 05:13:04.147815+0000 0x242a5    Default     0x0                  61815  0    rayforge-app: (libAccessibility.dylib) [com.apple.Accessibility:AXSupportCommon] Read CategoryName: per-app = 0, category name = (null)
2026-07-06 05:13:04.151403+0000 0x242a5    Default     0x0                  61815  0    rayforge-app: (XCTTargetBootstrap) [com.apple.dt.xctest:Default] Registering for test daemon availability notify post.
2026-07-06 05:13:04.151756+0000 0x242a5    Default     0x0                  61815  0    rayforge-app: (XCTTargetBootstrap) [com.apple.dt.xctest:Default] notify_get_state check indicated test daemon not ready.
2026-07-06 05:13:04.152009+0000 0x242a5    Default     0x0                  61815  0    rayforge-app: (XCTTargetBootstrap) [com.apple.dt.xctest:Default] notify_get_state check indicated test daemon not ready.
2026-07-06 05:13:04.152228+0000 0x242a5    Default     0x0                  61815  0    rayforge-app: (XCTTargetBootstrap) [com.apple.dt.xctest:Default] notify_get_state check indicated test daemon not ready.
2026-07-06 05:13:04.152907+0000 0x242a5    Default     0x0                  61815  0    rayforge-app: (UIKitCore) [com.apple.UIKit:UpdateScheduler] Selected display: name=LCD (PurpleMain), id=1
2026-07-06 05:13:04.153950+0000 0x242a5    Default     0x0                  61815  0    rayforge-app: (UIKitCore) [com.apple.UIKit:BackgroundTask] Will add backgroundTask with taskName: Persistent SceneSession Map Update, expirationHandler: <__NSGlobalBlock__: 0x1e61729e0>
2026-07-06 05:13:04.154005+0000 0x242a5    Default     0x0                  61815  0    rayforge-app: (UIKitCore) [com.apple.UIKit:BackgroundTask] Reusing background assertion <BKSProcessAssertion: 0x60000210dcc0>
2026-07-06 05:13:04.154021+0000 0x242a5    Default     0x0                  61815  0    rayforge-app: (UIKitCore) [com.apple.UIKit:BackgroundTask] Incrementing reference count for background assertion <BKSProcessAssertion: 0x60000210dcc0>
2026-07-06 05:13:04.154118+0000 0x242a5    Default     0x0                  61815  0    rayforge-app: (UIKitCore) [com.apple.UIKit:BackgroundTask] Created background task <_UIBackgroundTaskInfo: 0x600001711440>: taskID = 2, taskName = Persistent SceneSession Map Update, creationTime = 2206 (elapsed = 0).
2026-07-06 05:13:04.154340+0000 0x242a5    Default     0x0                  61815  0    rayforge-app: (UIKitCore) [com.apple.UIKit:Application] Deactivation reason added: 5; deactivation reasons: 1024 -> 1056; animating application lifecycle event: 1
2026-07-06 05:13:04.154741+0000 0x242a5    Default     0x0                  61815  0    rayforge-app: (UIKitCore) [com.apple.UIKit:InterfaceStyle] Not push traits update to screen for new style 1, <UIWindowScene: 0x105b0e350> (16C01924-999C-40BD-9C74-AC0603A61873)
2026-07-06 05:13:04.154838+0000 0x242a5    Default     0x0                  61815  0    rayforge-app: (UIKitCore) [com.apple.UIKit:InterfaceStyle] Should send trait collection or coordinate space update, interface style 1 -> 1, <UIWindowScene: 0x105b0e350> (16C01924-999C-40BD-9C74-AC0603A61873)
2026-07-06 05:13:04.155403+0000 0x242a5    Default     0x0                  61815  0    rayforge-app: (UIKitCore) [com.apple.UIKit:InterfaceStyle] Not push traits update to screen for new style 1, <UIWindowScene: 0x105b0e350> (16C01924-999C-40BD-9C74-AC0603A61873)
2026-07-06 05:13:04.155559+0000 0x242a5    Default     0x0                  61815  0    rayforge-app: (UIKitCore) [com.apple.UIKit:HomeAffordanceObservation] Initializing: <_UIHomeAffordanceSceneNotifier: 0x600002908af0>; with scene: <UIWindowScene: 0x105b0e350>
2026-07-06 05:13:04.155649+0000 0x242a5    Default     0x0                  61815  0    rayforge-app: (BacklightServices) [com.apple.BacklightServices:scenes] 0x600000c087e0 setDelegate:<0x600000c081b0 _UIBacklightEnvironment> hasDelegate:YES for environment:sceneID:org.rayforge.app-default
2026-07-06 05:13:04.155980+0000 0x242a5    Default     0x0                  61815  0    rayforge-app: (UIKitCore) [com.apple.UIKit:InterfaceStyle] Not push traits update to screen for new style 1, <UIWindowScene: 0x105b0e350> (16C01924-999C-40BD-9C74-AC0603A61873)
2026-07-06 05:13:04.156038+0000 0x242a5    Default     0x0                  61815  1    rayforge-app: (UIKitCore) [com.apple.UIKit:EventDeferring] [0x600002908b60] Initialized with scene: <UIWindowScene: 0x105b0e350>; behavior: <_UIEventDeferringBehavior_iOS: 0x60000020a660>; availableForProcess: 1, systemShellManagesKeyboardFocus: 1
2026-07-06 05:13:04.156296+0000 0x242a5    Default     0x0                  61815  0    rayforge-app: (BoardServices) [com.apple.BoardServices:XPCErrors] [C:2] Alloc com.apple.backboard.hid-services.xpc
2026-07-06 05:13:04.156343+0000 0x242a5    Default     0x0                  61815  0    rayforge-app: (libxpc.dylib) [com.apple.xpc:connection] [0x105607890] activating connection: mach=false listener=false peer=false name=(anonymous)
2026-07-06 05:13:04.157653+0000 0x242a5    Default     0x0                  61815  0    rayforge-app: (BackBoardServices) [com.apple.BackBoard:EventDelivery] policyStatus:<BKSHIDEventDeliveryPolicyObserver: 0x600002608900; process scope; status: target> was:none
2026-07-06 05:13:04.157726+0000 0x242a5    Default     0x0                  61815  1    rayforge-app: (UIKitCore) [com.apple.UIKit:KeyWindow] Setting default evaluation strategy for UIUserInterfaceIdiomPad to LastOneWins
2026-07-06 05:13:04.157758+0000 0x242a5    Default     0x0                  61815  1    rayforge-app: (UIKitCore) [com.apple.UIKit:KeyWindow] Scene target of keyboard event deferring environment did change: 1; scene: UIWindowScene: 0x105b0e350; scene identity: com.apple.frontboard.systemappservices/FBSceneManager:sceneID%3Aorg.rayforge.app-default
2026-07-06 05:13:04.158019+0000 0x242a5    Default     0x0                  61815  0    rayforge-app: (UIKitCore) [com.apple.UIKit:UIFocus] Focus system enabled
2026-07-06 05:13:04.158723+0000 0x242a5    Default     0x0                  61815  0    rayforge-app: (UIKitCore) [com.apple.UIKit:UIFocus] Failed to update focus with context <UIFocusUpdateContext: 0x600003008240; previouslyFocusedItem: (nil); nextFocusedItem: (nil); focusHeading: None>. No additional info available.
2026-07-06 05:13:04.158816+0000 0x242a5    Default     0x0                  61815  0    rayforge-app: (UIKitCore) [com.apple.UIKit:InterfaceStyle] Not push traits update to screen for new style 1, <UIWindowScene: 0x105b0e350> (16C01924-999C-40BD-9C74-AC0603A61873)
2026-07-06 05:13:04.158855+0000 0x242a5    Default     0x0                  61815  1    rayforge-app: (UIKitCore) [com.apple.UIKit:EventDeferring] [0x600002908b60] Scene target of event deferring environments did update: scene: 0x105b0e350; current systemShellManagesKeyboardFocus: 1; systemShellManagesKeyboardFocusForScene: 1; eligibleForRecordRemoval: 1;
2026-07-06 05:13:04.158872+0000 0x242a5    Default     0x0                  61815  1    rayforge-app: (UIKitCore) [com.apple.UIKit:KeyWindow] Scene became target of keyboard event deferring environment: UIWindowScene: 0x105b0e350; scene identity: com.apple.frontboard.systemappservices/FBSceneManager:sceneID%3Aorg.rayforge.app-default
2026-07-06 05:13:04.158888+0000 0x242a5    Default     0x0                  61815  1    rayforge-app: (UIKitCore) [com.apple.UIKit:KeyWindow] Stack[KeyWindow] 0x600000c0f540: Taking no further action for migration from LastOneWins -> SystemShellManaged as there are no scenes
2026-07-06 05:13:04.158902+0000 0x242a5    Default     0x0                  61815  1    rayforge-app: (UIKitCore) [com.apple.UIKit:KeyWindow] Setting default evaluation strategy for UIUserInterfaceIdiomPad to SystemShellManaged
2026-07-06 05:13:04.158939+0000 0x242a5    Default     0x0                  61815  1    rayforge-app: (UIKitCore) [com.apple.UIKit:KeyWindow] Key window needs update: 0; currentKeyWindowScene: 0x0; evaluatedKeyWindowScene: 0x105b0e350; currentApplicationKeyWindow: 0x0; evaluatedApplicationKeyWindow: 0x0; reason: UIWindowScene: 0x105b0e350: Window scene became target of keyboard environment
2026-07-06 05:13:04.159059+0000 0x242a5    Default     0x0                  61815  0    rayforge-app: (UIKitCore) [com.apple.UIKit:InterfaceStyle] Not push traits update to screen for new style 1, <UIWindowScene: 0x105b0e350> (16C01924-999C-40BD-9C74-AC0603A61873)
2026-07-06 05:13:04.159429+0000 0x242a5    Default     0x0                  61815  0    rayforge-app: (UIKitCore) [com.apple.UIKit:InterfaceStyle] Not push traits update to screen for new style 1, <UIWindowScene: 0x105b0e350> (16C01924-999C-40BD-9C74-AC0603A61873)
2026-07-06 05:13:04.160154+0000 0x242a5    Fault       0x3c6f0              61815  14   rayforge-app: (UIKitCore) [com.apple.runtime-issues:UIKit App Config] `UIScene` lifecycle will soon be required. Failure to adopt will result in an assert in the future.
2026-07-06 05:13:04.160156+0000 0x242a5    Activity    0x3c6f0              61815  0    rayforge-app: (libsystem_trace.dylib) Activity for state dumps
2026-07-06 05:13:04.160350+0000 0x242a5    Default     0x0                  61815  0    rayforge-app: (UIKitCore) [com.apple.UIKit:InterfaceStyle] Not push traits update to screen for new style 1, <UIWindowScene: 0x105b0e350> (16C01924-999C-40BD-9C74-AC0603A61873)
2026-07-06 05:13:04.180439+0000 0x242a5    Default     0x0                  61815  0    rayforge-app: (UIKitCore) [com.apple.UIKit:AppLifecycle] sceneOfRecord: sceneID: sceneID:org.rayforge.app-default  persistentID: 16C01924-999C-40BD-9C74-AC0603A61873
2026-07-06 05:13:04.181777+0000 0x242a5    Default     0x0                  61815  0    rayforge-app: (UIKitCore) [com.apple.UIKit:Application] Ignoring already applied deactivation reason: 5; deactivation reasons: 1056
2026-07-06 05:13:04.181883+0000 0x242a5    Default     0x0                  61815  0    rayforge-app: (UIKitCore) [com.apple.UIKit:Application] Deactivation reason added: 11; deactivation reasons: 1056 -> 3104; animating application lifecycle event: 1
2026-07-06 05:13:04.182508+0000 0x242a5    Default     0x0                  61815  0    rayforge-app: (UIKitCore) [com.apple.KeyboardArbiter:Client] startConnection
2026-07-06 05:13:04.183886+0000 0x242a5    Default     0x0                  61815  0    rayforge-app: (libxpc.dylib) [com.apple.xpc:connection] [0x105b0eed0] activating connection: mach=true listener=false peer=false name=com.apple.UIKit.KeyboardManagement.hosted
2026-07-06 05:13:04.199492+0000 0x242b8    Default     0x0                  61815  0    rayforge-app: (BoardServices) [com.apple.BoardServices:XPCErrors] [C:3] Alloc com.apple.PointerUI.pointeruid.service
2026-07-06 05:13:04.200506+0000 0x242b8    Default     0x0                  61815  0    rayforge-app: (libxpc.dylib) [com.apple.xpc:connection] [0x105b0cbc0] activating connection: mach=false listener=false peer=false name=(anonymous)
2026-07-06 05:13:04.220400+0000 0x242b5    Activity    0x3c6f1              61815  0    rayforge-app: (RunningBoardServices) didChangeInheritances
2026-07-06 05:13:04.239482+0000 0x242b3    Default     0x0                  61815  0    rayforge-app: (BackBoardServices) [com.apple.BackBoard:EventDelivery] BKSHIDEventObserver - connection activation
2026-07-06 05:13:04.245941+0000 0x242a5    Default     0x0                  61815  0    rayforge-app: (UIKitCore) [com.apple.UIKit:PointerLockState] preferredPointerLockStatus updated: scene: <UIWindowScene: 0x105b0e350; role: UIWindowSceneSessionRoleApplication; persistentIdentifier: 16C01924-999C-40BD-9C74-AC0603A61873; activationState: UISceneActivationStateForegroundInactive>; viewController: <GdkIOSViewController: 0x105612990>; preferredPointerLockStatus: _UIPointerLockStatusUnlocked
2026-07-06 05:13:04.246206+0000 0x242a5    Default     0x0                  61815  0    rayforge-app: (UIKitCore) [com.apple.UIKit:Orientation] <UIWindowScene: 0x105b0e350> (16C01924-999C-40BD-9C74-AC0603A61873) Scene updated orientation preferences: none -> ( Pu Ll Lr Pd )
2026-07-06 05:13:04.246337+0000 0x242a5    Default     0x0                  61815  1    rayforge-app: (UIKitCore) [com.apple.UIKit:KeyWindow] Key window API is scene-level: YES
2026-07-06 05:13:04.246376+0000 0x242a5    Default     0x0                  61815  1    rayforge-app: (UIKitCore) [com.apple.UIKit:KeyWindow] UIWindowScene: 0x105b0e350: Window became key in scene: UIWindow: 0x105610910; contextId: 0x3884698: reason: UIWindowScene: 0x105b0e350: Window requested to become key in scene: 0x105610910
2026-07-06 05:13:04.246485+0000 0x242a5    Default     0x0                  61815  1    rayforge-app: (UIKitCore) [com.apple.UIKit:KeyWindow] Key window needs update: 1; currentKeyWindowScene: 0x0; evaluatedKeyWindowScene: 0x105b0e350; currentApplicationKeyWindow: 0x0; evaluatedApplicationKeyWindow: 0x105610910; reason: UIWindowScene: 0x105b0e350: Window requested to become key in scene: 0x105610910
2026-07-06 05:13:04.246558+0000 0x242a5    Default     0x0                  61815  1    rayforge-app: (UIKitCore) [com.apple.UIKit:KeyWindow] Window did become application key: UIWindow: 0x105610910; contextId: 0x3884698; scene identity: com.apple.frontboard.systemappservices/FBSceneManager:sceneID%3Aorg.rayforge.app-default
2026-07-06 05:13:04.247270+0000 0x242a5    Default     0x0                  61815  1    rayforge-app: (UIKitCore) [com.apple.UIKit:EventDeferring] [0x600002908b60] Begin local event deferring requested for token: 0x600002603180; environments: 1; reason: UIWindowScene: 0x105b0e350: Begin event deferring in keyboardFocus for window: 0x105610910
2026-07-06 05:13:04.250810+0000 0x242a5    Default     0x0                  61815  0    rayforge-app: (UIKitCore) [com.apple.UIKit:KeyboardSceneDelegate] Reloading input views for key-window scene responder: <GdkIOSView: 0x105613600; frame = (0 0; 1032 1376); > force:N
2026-07-06 05:13:04.253765+0000 0x242b3    Default     0x0                  61815  0    rayforge-app: (BackBoardServices) [com.apple.BackBoard:EventDelivery] BKSHIDEventDeliveryManager - connection activation
2026-07-06 05:13:04.257118+0000 0x242a5    Default     0x0                  61815  0    rayforge-app: (UIKitCore) [com.apple.UIKit:KeyboardSceneDelegate] _reloadInputViewsForKeyWindowSceneResponder: 1 force: 0, fromBecomeFirstResponder: 1 (automaticKeyboard: 1, reloadIdentifier: 5AECCF6D-3F66-4244-8DD5-442ABA45BFA3)
2026-07-06 05:13:04.257806+0000 0x242a5    Default     0x0                  61815  0    rayforge-app: (UIKitCore) [com.apple.UIKit:KeyboardSceneDelegate] _inputViewsForResponder: <GdkIOSView: 0x105613600; frame = (0 0; 1032 1376); >, automaticKeyboard: 1, force: 0
2026-07-06 05:13:04.257931+0000 0x242a5    Default     0x0                  61815  0    rayforge-app: (UIKitCore) [com.apple.UIKit:KeyboardSceneDelegate] _inputViewsForResponder, found custom inputView: <(null): 0x0>, customInputViewController: <(null): 0x0>
2026-07-06 05:13:04.257958+0000 0x242a5    Default     0x0                  61815  0    rayforge-app: (UIKitCore) [com.apple.UIKit:KeyboardSceneDelegate] _inputViewsForResponder, found inputAccessoryView: <(null): 0x0>
2026-07-06 05:13:04.258010+0000 0x242a5    Default     0x0                  61815  0    rayforge-app: (UIKitCore) [com.apple.UIKit:KeyboardSceneDelegate] _inputViewsForResponder, responderRequiresKeyboard 0 (automaticKeyboardEnabled: 1, activeInstance: <(null): 0x0>, self.isOnScreen: 0, requiresKBWhenFirstResponder: 0)
2026-07-06 05:13:04.258035+0000 0x242a5    Default     0x0                  61815  0    rayforge-app: (UIKitCore) [com.apple.UIKit:KeyboardSceneDelegate] _inputViewsForResponder, useKeyboard 0 (allowsSystemInputView: 1, !inputView <(null): 0x0>, responderRequiresKeyboard 0)
2026-07-06 05:13:04.258057+0000 0x242a5    Default     0x0                  61815  0    rayforge-app: (UIKitCore) [com.apple.UIKit:KeyboardSceneDelegate] _inputViewsForResponder, configuring _responderWithoutAutomaticAppearanceEnabled: <(null): 0x0> (_automaticAppearEnabled: 1)
2026-07-06 05:13:04.258455+0000 0x242a5    Default     0x0                  61815  0    rayforge-app: (UIKitCore) [com.apple.UIKit:KeyboardSceneDelegate] _inputViewsForResponder, needsIVPlaceholder: 0, needsIAVPlaceholder: 0, needsInputSetWithPlaceholder: 0
2026-07-06 05:13:04.258488+0000 0x242a5    Default     0x0                  61815  0    rayforge-app: (UIKitCore) [com.apple.UIKit:KeyboardSceneDelegate] _inputViewsForResponder returning: <<UIInputViewSet: 0x600003700840>; (empty)>
2026-07-06 05:13:04.259674+0000 0x242a5    Default     0x0                  61815  0    rayforge-app: (UIKitCore) [com.apple.UIKit:Application] Deactivation reason removed: 10; deactivation reasons: 3104 -> 2080; animating application lifecycle event: 1
2026-07-06 05:13:04.260164+0000 0x242a5    Default     0x0                  61815  0    rayforge-app: (UIKitCore) [com.apple.UIKit:Application] Deactivation reason added: 12; deactivation reasons: 2080 -> 6176; animating application lifecycle event: 1
2026-07-06 05:13:04.260202+0000 0x242a5    Default     0x0                  61815  0    rayforge-app: (UIKitCore) [com.apple.UIKit:Application] Deactivation reason removed: 11; deactivation reasons: 6176 -> 4128; animating application lifecycle event: 1
2026-07-06 05:13:04.260975+0000 0x242bd    Activity    0x3c6f2              61815  0    rayforge-app: (CoreFoundation) Loading Preferences From User Session CFPrefsD
2026-07-06 05:13:04.261289+0000 0x242a5    Default     0x0                  61815  0    rayforge-app: (FrontBoardServices) [com.apple.FrontBoard:SceneExtension] Realizing settings extension <_UISceneIntelligenceSupportSettings> on FBSSceneSettings
2026-07-06 05:13:04.266277+0000 0x242a5    Default     0x0                  61815  0    rayforge-app: (UIKitCore) [com.apple.UIKit:InterfaceStyle] Not push traits update to screen for new style 1, <UIWindowScene: 0x105b0e350> (16C01924-999C-40BD-9C74-AC0603A61873)
2026-07-06 05:13:04.283381+0000 0x242a5    Default     0x0                  61815  0    rayforge-app: (UIKitCore) [com.apple.UIKit:UIFocus] Failed to update focus with context <UIFocusUpdateContext: 0x600003004120; previouslyFocusedItem: (nil); nextFocusedItem: (nil); focusHeading: None>. No additional info available.
2026-07-06 05:13:04.286294+0000 0x242a5    Default     0x0                  61815  0    rayforge-app: (libxpc.dylib) [com.apple.xpc:connection] [0x10560ac70] activating connection: mach=true listener=false peer=false name=com.apple.lsd.mapdb
2026-07-06 05:13:04.291693+0000 0x242c0    Default     0x0                  61815  0    rayforge-app: (BackBoardServices) [com.apple.BackBoard:EventDelivery] policyStatus:<BKSHIDEventDeliveryPolicyObserver: 0x600002608900; token: com.apple.frontboard.systemappservices/FBSceneManager:sceneID%3Aorg.rayforge.app-default; status: ancestor> was:target
2026-07-06 05:13:04.301819+0000 0x242a5    Default     0x0                  61815  0    rayforge-app: (Network) [com.apple.network:activity] Create activity from XPC object <nw_activity 50:1 [C2A2E298-D741-414C-A6D6-57940B6027E5] (reporting strategy default)>
2026-07-06 05:13:04.301870+0000 0x242a5    Default     0x0                  61815  0    rayforge-app: (Network) [com.apple.network:activity] Create activity from XPC object <nw_activity 50:2 [DCCFAE26-E7A9-4B9E-8E82-48AA51E109E6] (reporting strategy default)>
2026-07-06 05:13:04.302223+0000 0x242a5    Default     0x0                  61815  0    rayforge-app: (Network) [com.apple.network:activity] Set activity <nw_activity 50:1 [C2A2E298-D741-414C-A6D6-57940B6027E5] (reporting strategy default)> as the global parent
2026-07-06 05:13:04.302278+0000 0x242a5    Default     0x0                  61815  0    rayforge-app: (UIKitCore) [com.apple.UIKit:BackgroundTask] Ending background task with UIBackgroundTaskIdentifier: 1
2026-07-06 05:13:04.302322+0000 0x242a5    Default     0x0                  61815  0    rayforge-app: (UIKitCore) [com.apple.UIKit:BackgroundTask] Ending task with identifier 1 and description: <_UIBackgroundTaskInfo: 0x600001714540>: taskID = 1, taskName = Launch Background Task for Coalescing, creationTime = 2206 (elapsed = 1), _expireHandler: (null)
2026-07-06 05:13:04.302350+0000 0x242a5    Default     0x0                  61815  0    rayforge-app: (UIKitCore) [com.apple.UIKit:BackgroundTask] Decrementing reference count for assertion <BKSProcessAssertion: 0x60000210dcc0> (used by background task with identifier 1: <_UIBackgroundTaskInfo: 0x600001714540>: taskID = 1, taskName = Launch Background Task for Coalescing, creationTime = 2206 (elapsed = 1))
2026-07-06 05:13:04.302540+0000 0x242a5    Default     0x0                  61815  0    rayforge-app: (UIKitCore) [com.apple.UIKit:EventBus] Event Timing Profile for Touch: not found, path="/System/Library/EventTimingProfiles/Sim.Touch.plist"
2026-07-06 05:13:04.302585+0000 0x242a5    Default     0x0                  61815  0    rayforge-app: (UIKitCore) [com.apple.UIKit:EventBus] Event Timing Profile for Pencil: not found, path="/System/Library/EventTimingProfiles/Sim.Pencil.plist"
2026-07-06 05:13:04.302863+0000 0x242a5    Default     0x0                  61815  0    rayforge-app: (UIKitCore) [com.apple.UIKit:UpdateScheduler] Target list changed: <CADisplay:LCD PurpleMain>
2026-07-06 05:13:04.303359+0000 0x242a5    Default     0x0                  61815  0    rayforge-app: (UIKitCore) [com.apple.UIKit:AppLifecycle] sceneOfRecord: sceneID: sceneID:org.rayforge.app-default  persistentID: 16C01924-999C-40BD-9C74-AC0603A61873
2026-07-06 05:13:04.303602+0000 0x242a5    Default     0x0                  61815  0    rayforge-app: (UIKitCore) [com.apple.UIKit:InterfaceStyle] Not push traits update to screen for new style 1, <UIWindowScene: 0x105b0e350> (16C01924-999C-40BD-9C74-AC0603A61873)
2026-07-06 05:13:04.336461+0000 0x242bd    Default     0x0                  61815  0    rayforge-app: (UIIntelligenceSupport) [com.apple.UIIntelligenceSupport:xpc] establishing connection to agent
2026-07-06 05:13:04.342459+0000 0x242bd    Default     0x0                  61815  0    rayforge-app: (libxpc.dylib) [com.apple.xpc:session] [0x600002103570] Session created.
2026-07-06 05:13:04.342477+0000 0x242bd    Default     0x0                  61815  0    rayforge-app: (libxpc.dylib) [com.apple.xpc:session] [0x600002103570] Session created from connection [0x1056130a0]
2026-07-06 05:13:04.342520+0000 0x242bd    Default     0x0                  61815  0    rayforge-app: (libxpc.dylib) [com.apple.xpc:connection] [0x1056130a0] activating connection: mach=true listener=false peer=false name=com.apple.uiintelligencesupport.agent
2026-07-06 05:13:04.385398+0000 0x242bd    Default     0x0                  61815  0    rayforge-app: (libxpc.dylib) [com.apple.xpc:session] [0x600002103570] Session activated
2026-07-06 05:13:04.405515+0000 0x242c0    Activity    0x3c6f3              61815  0    rayforge-app: (RunningBoardServices) didChangeInheritances
2026-07-06 05:13:04.674526+0000 0x242b4    Default     0x0                  61815  0    rayforge-app: (UIKitCore) [com.apple.UIKit:BackgroundTask] Ending background task with UIBackgroundTaskIdentifier: 2
2026-07-06 05:13:04.674632+0000 0x242b4    Default     0x0                  61815  0    rayforge-app: (UIKitCore) [com.apple.UIKit:BackgroundTask] Ending task with identifier 2 and description: <_UIBackgroundTaskInfo: 0x600001711440>: taskID = 2, taskName = Persistent SceneSession Map Update, creationTime = 2206 (elapsed = 1), _expireHandler: <__NSGlobalBlock__: 0x1e61729e0>
2026-07-06 05:13:04.674687+0000 0x242b4    Default     0x0                  61815  0    rayforge-app: (UIKitCore) [com.apple.UIKit:BackgroundTask] Decrementing reference count for assertion <BKSProcessAssertion: 0x60000210dcc0> (used by background task with identifier 2: <_UIBackgroundTaskInfo: 0x600001711440>: taskID = 2, taskName = Persistent SceneSession Map Update, creationTime = 2206 (elapsed = 1))
2026-07-06 05:13:04.674736+0000 0x242b4    Default     0x0                  61815  0    rayforge-app: (UIKitCore) [com.apple.UIKit:BackgroundTask] Will invalidate assertion: <BKSProcessAssertion: 0x60000210dcc0> for task identifier: 2
2026-07-06 05:13:04.927506+0000 0x242c0    Activity    0x3c6f4              61815  0    rayforge-app: (RunningBoardServices) didChangeInheritances
2026-07-06 05:13:10.252274+0000 0x242a5    Default     0x0                  61815  0    rayforge-app: (UIKitCore) [com.apple.UIKit:InterfaceStyle] Not push traits update to screen for new style 1, <UIWindowScene: 0x105b0e350> (16C01924-999C-40BD-9C74-AC0603A61873)
2026-07-06 05:13:10.252594+0000 0x242a5    Default     0x0                  61815  0    rayforge-app: (UIKitCore) [com.apple.UIKit:AppLifecycle] sceneOfRecord: sceneID: sceneID:org.rayforge.app-default  persistentID: 16C01924-999C-40BD-9C74-AC0603A61873
2026-07-06 05:13:10.252710+0000 0x242a5    Default     0x0                  61815  0    rayforge-app: (UIKitCore) [com.apple.UIKit:Application] Deactivation reason removed: 12; deactivation reasons: 4128 -> 32; animating application lifecycle event: 1
2026-07-06 05:13:10.252759+0000 0x242a5    Default     0x0                  61815  0    rayforge-app: (UIKitCore) [com.apple.KeyboardArbiter:Client] Send setDeactivating: N (-DeactivationReason:SuspendedEventsOnly)
2026-07-06 05:13:10.253025+0000 0x242a5    Default     0x0                  61815  0    rayforge-app: (UIKitCore) [com.apple.UIKit:Application] Deactivation reason removed: 5; deactivation reasons: 32 -> 0; animating application lifecycle event: 0
2026-07-06 05:13:10.253614+0000 0x242a5    Default     0x0                  61815  1    rayforge-app: (UIKitCore) [com.apple.UIKit:EventDeferring] [0x600002908b60] Scene target of event deferring environments did update: scene: 0x105b0e350; current systemShellManagesKeyboardFocus: 1; systemShellManagesKeyboardFocusForScene: 1; eligibleForRecordRemoval: 1;
2026-07-06 05:13:10.253649+0000 0x242a5    Default     0x0                  61815  1    rayforge-app: (UIKitCore) [com.apple.UIKit:KeyWindow] Scene became target of keyboard event deferring environment: UIWindowScene: 0x105b0e350; scene identity: com.apple.frontboard.systemappservices/FBSceneManager:sceneID%3Aorg.rayforge.app-default
2026-07-06 05:13:10.253989+0000 0x242a5    Default     0x0                  61815  0    rayforge-app: (libAccessibility.dylib) [com.apple.Accessibility:AXCommon] Read Per-App on Init: Smart invert = (null)
2026-07-06 05:13:10.254481+0000 0x242a5    Default     0x0                  61815  0    rayforge-app: (UIKitCore) [com.apple.KeyboardArbiter:Client] startConnection
2026-07-06 05:13:10.255073+0000 0x242a5    Default     0x0                  61815  0    rayforge-app: (UIKitCore) [com.apple.UIKit:AppLifecycle] sceneOfRecord: sceneID: sceneID:org.rayforge.app-default  persistentID: 16C01924-999C-40BD-9C74-AC0603A61873
2026-07-06 05:13:10.260163+0000 0x242a5    Default     0x0                  61815  0    rayforge-app: (UIKitCore) [com.apple.KeyboardArbiter:Client] handleKeyboardChange: set currentKeyboard:N (wasKeyboard:N)
2026-07-06 05:13:10.261159+0000 0x242a5    Default     0x0                  61815  0    rayforge-app: (UIKitCore) [com.apple.UIKit:KeyboardArbiterClientLog] isWritingToolsHandlingKeyboardTracking:Y (WT ready:Y, Arbiter ready:Y)
2026-07-06 05:13:10.262062+0000 0x242a5    Default     0x0                  61815  0    rayforge-app: (UIKitCore) [com.apple.UIKit:AppLifecycle] sceneOfRecord: sceneID: sceneID:org.rayforge.app-default  persistentID: 16C01924-999C-40BD-9C74-AC0603A61873
2026-07-06 05:13:11.144149+0000 0x242a5    Default     0x0                  61815  0    rayforge-app: (Network) [com.apple.network:activity] <nw_activity 50:1 [C2A2E298-D741-414C-A6D6-57940B6027E5] (global parent) (reporting strategy default) complete (reason success)> complete with reason 2 (success), duration 8075ms
2026-07-06 05:13:11.144260+0000 0x242a5    Default     0x0                  61815  0    rayforge-app: (Network) [com.apple.network:activity] <nw_activity 50:2 [DCCFAE26-E7A9-4B9E-8E82-48AA51E109E6] (reporting strategy default) complete (reason success)> complete with reason 2 (success), duration 8076ms
2026-07-06 05:13:11.144313+0000 0x242a5    Default     0x0                  61815  0    rayforge-app: (Network) [com.apple.network:activity] Unsetting the global parent activity <nw_activity 50:1 [C2A2E298-D741-414C-A6D6-57940B6027E5] (global parent) (reporting strategy default) complete (reason success)>
2026-07-06 05:13:11.144332+0000 0x242a5    Default     0x0                  61815  0    rayforge-app: (Network) [com.apple.network:activity] Unset the global parent activity
