++ xcrun simctl list runtimes
++ awk '/iOS/{id=$NF} END{print id}'
+ RUNTIME=com.apple.CoreSimulator.SimRuntime.iOS-26-2
++ xcrun simctl create rayforge-test com.apple.CoreSimulator.SimDeviceType.iPad-Pro-13-inch-M4-8GB com.apple.CoreSimulator.SimRuntime.iOS-26-2
+ UDID=1401495A-47BD-42B5-8887-423D8F5423A5
+ test -n 1401495A-47BD-42B5-8887-423D8F5423A5
+ echo UDID=1401495A-47BD-42B5-8887-423D8F5423A5
UDID=1401495A-47BD-42B5-8887-423D8F5423A5
+ xcrun simctl boot 1401495A-47BD-42B5-8887-423D8F5423A5
+ xcrun simctl bootstatus 1401495A-47BD-42B5-8887-423D8F5423A5 -b
Monitoring boot status for rayforge-test (1401495A-47BD-42B5-8887-423D8F5423A5).
[2026-07-04 21:35:31 +0000] Status=2, isTerminal=NO, Elapsed=00:45.
	Waiting on Data Migration
		Reason:Running plugin com.apple.-0LaunchServicesMigrator (00LaunchServicesMigrator.migrator, user-agnostic)
		Migration Elapsed:00:40 seconds

[2026-07-04 21:35:32 +0000] Status=2, isTerminal=NO, Elapsed=00:46.
	Waiting on Data Migration
		Reason:Running plugin com.apple.-0LaunchServicesMigrator (00LaunchServicesMigrator.migrator, user-agnostic)
		Migration Elapsed:00:41 seconds

[2026-07-04 21:35:35 +0000] Status=2, isTerminal=NO, Elapsed=00:50.
	Waiting on Data Migration
		Reason:Running plugin com.apple.securityd.KeychainMigrator (KeychainMigrator.migrator, user-agnostic)
		Migration Elapsed:00:42 seconds

[2026-07-04 21:35:38 +0000] Status=2, isTerminal=NO, Elapsed=00:52.
	Waiting on Data Migration
		Reason:Running plugin com.apple.WebBookmarks.migrator (WebBookmarks.migrator)
		Migration Elapsed:00:45 seconds

[2026-07-04 21:35:40 +0000] Status=2, isTerminal=NO, Elapsed=00:54.
	Waiting on Data Migration
		Reason:Running plugin com.apple.VideosMigrator (TVMigrator.migrator)
		Migration Elapsed:00:47 seconds

[2026-07-04 21:35:41 +0000] Status=4, isTerminal=NO, Elapsed=00:56.
	Waiting on System App

[2026-07-04 21:35:42 +0000] Status=4, isTerminal=NO, Elapsed=00:57.
	Waiting on System App

[2026-07-04 21:35:43 +0000] Status=4, isTerminal=NO, Elapsed=00:57.
	Waiting on System App

[2026-07-04 21:35:43 +0000] Status=4, isTerminal=NO, Elapsed=00:58.
	Waiting on System App

[2026-07-04 21:35:44 +0000] Status=4, isTerminal=NO, Elapsed=00:59.
	Waiting on System App

[2026-07-04 21:35:45 +0000] Status=4, isTerminal=NO, Elapsed=01:00.
	Waiting on System App

[2026-07-04 21:35:46 +0000] Status=4, isTerminal=NO, Elapsed=01:00.
	Waiting on System App

[2026-07-04 21:35:47 +0000] Status=4, isTerminal=NO, Elapsed=01:01.
	Waiting on System App

[2026-07-04 21:35:48 +0000] Status=4, isTerminal=NO, Elapsed=01:02.
	Waiting on System App

[2026-07-04 21:35:49 +0000] Status=4, isTerminal=NO, Elapsed=01:03.
	Waiting on System App

[2026-07-04 21:35:54 +0000] Status=4294967295, isTerminal=YES, Elapsed=01:09.
	Finished

+ xcrun simctl install 1401495A-47BD-42B5-8887-423D8F5423A5 RayforgeApp.app
++ xcrun simctl get_app_container 1401495A-47BD-42B5-8887-423D8F5423A5 org.rayforge.app
+ APP_CONTAINER=/Users/runner/Library/Developer/CoreSimulator/Devices/1401495A-47BD-42B5-8887-423D8F5423A5/data/Containers/Bundle/Application/05AEB77C-BC22-43B9-938B-FC4B1F8A5636/RayforgeApp.app
+ echo 'app container: /Users/runner/Library/Developer/CoreSimulator/Devices/1401495A-47BD-42B5-8887-423D8F5423A5/data/Containers/Bundle/Application/05AEB77C-BC22-43B9-938B-FC4B1F8A5636/RayforgeApp.app'
app container: /Users/runner/Library/Developer/CoreSimulator/Devices/1401495A-47BD-42B5-8887-423D8F5423A5/data/Containers/Bundle/Application/05AEB77C-BC22-43B9-938B-FC4B1F8A5636/RayforgeApp.app
+ FW_DIR=/Users/runner/Library/Developer/CoreSimulator/Devices/1401495A-47BD-42B5-8887-423D8F5423A5/data/Containers/Bundle/Application/05AEB77C-BC22-43B9-938B-FC4B1F8A5636/RayforgeApp.app/Frameworks
+ LAUNCH_OUT=/Users/runner/work/Rayforge-iOS-ipa/Rayforge-iOS-ipa/app-console.log
+ xcrun simctl launch --stdout=/Users/runner/work/Rayforge-iOS-ipa/Rayforge-iOS-ipa/app-console.log --stderr=/Users/runner/work/Rayforge-iOS-ipa/Rayforge-iOS-ipa/app-console.log 1401495A-47BD-42B5-8887-423D8F5423A5 org.rayforge.app SIMCTL_CHILD_DYLD_LIBRARY_PATH=/Users/runner/Library/Developer/CoreSimulator/Devices/1401495A-47BD-42B5-8887-423D8F5423A5/data/Containers/Bundle/Application/05AEB77C-BC22-43B9-938B-FC4B1F8A5636/RayforgeApp.app/Frameworks SIMCTL_CHILD_DYLD_FALLBACK_LIBRARY_PATH=/Users/runner/Library/Developer/CoreSimulator/Devices/1401495A-47BD-42B5-8887-423D8F5423A5/data/Containers/Bundle/Application/05AEB77C-BC22-43B9-938B-FC4B1F8A5636/RayforgeApp.app/Frameworks SIMCTL_CHILD_G_MESSAGES_DEBUG=all
+ tee launch-cmd.log
org.rayforge.app: 36478
+ MARKER_SEEN=0
++ seq 1 36
+ for i in '$(seq 1 36)'
+ sleep 5
+ xcrun simctl spawn 1401495A-47BD-42B5-8887-423D8F5423A5 log show --last 6m --predicate 'process == "rayforge-app"'
+ grep -q 'RAYFORGE UI RUNNING' app-console.log app-syslog.log
+ grep -q 'RAYFORGE BOOT FAILED' app-console.log app-syslog.log
+ for i in '$(seq 1 36)'
+ sleep 5
+ xcrun simctl spawn 1401495A-47BD-42B5-8887-423D8F5423A5 log show --last 6m --predicate 'process == "rayforge-app"'
+ grep -q 'RAYFORGE UI RUNNING' app-console.log app-syslog.log
+ grep -q 'RAYFORGE BOOT FAILED' app-console.log app-syslog.log
+ for i in '$(seq 1 36)'
+ sleep 5
+ xcrun simctl spawn 1401495A-47BD-42B5-8887-423D8F5423A5 log show --last 6m --predicate 'process == "rayforge-app"'
+ grep -q 'RAYFORGE UI RUNNING' app-console.log app-syslog.log
+ grep -q 'RAYFORGE BOOT FAILED' app-console.log app-syslog.log
+ for i in '$(seq 1 36)'
+ sleep 5
+ xcrun simctl spawn 1401495A-47BD-42B5-8887-423D8F5423A5 log show --last 6m --predicate 'process == "rayforge-app"'
+ grep -q 'RAYFORGE UI RUNNING' app-console.log app-syslog.log
+ grep -q 'RAYFORGE BOOT FAILED' app-console.log app-syslog.log
+ for i in '$(seq 1 36)'
+ sleep 5
+ xcrun simctl spawn 1401495A-47BD-42B5-8887-423D8F5423A5 log show --last 6m --predicate 'process == "rayforge-app"'
+ grep -q 'RAYFORGE UI RUNNING' app-console.log app-syslog.log
+ grep -q 'RAYFORGE BOOT FAILED' app-console.log app-syslog.log
+ for i in '$(seq 1 36)'
+ sleep 5
+ xcrun simctl spawn 1401495A-47BD-42B5-8887-423D8F5423A5 log show --last 6m --predicate 'process == "rayforge-app"'
+ grep -q 'RAYFORGE UI RUNNING' app-console.log app-syslog.log
+ grep -q 'RAYFORGE BOOT FAILED' app-console.log app-syslog.log
+ for i in '$(seq 1 36)'
+ sleep 5
+ xcrun simctl spawn 1401495A-47BD-42B5-8887-423D8F5423A5 log show --last 6m --predicate 'process == "rayforge-app"'
+ grep -q 'RAYFORGE UI RUNNING' app-console.log app-syslog.log
+ grep -q 'RAYFORGE BOOT FAILED' app-console.log app-syslog.log
+ for i in '$(seq 1 36)'
+ sleep 5
+ xcrun simctl spawn 1401495A-47BD-42B5-8887-423D8F5423A5 log show --last 6m --predicate 'process == "rayforge-app"'
+ grep -q 'RAYFORGE UI RUNNING' app-console.log app-syslog.log
+ grep -q 'RAYFORGE BOOT FAILED' app-console.log app-syslog.log
+ for i in '$(seq 1 36)'
+ sleep 5
+ xcrun simctl spawn 1401495A-47BD-42B5-8887-423D8F5423A5 log show --last 6m --predicate 'process == "rayforge-app"'
+ grep -q 'RAYFORGE UI RUNNING' app-console.log app-syslog.log
+ grep -q 'RAYFORGE BOOT FAILED' app-console.log app-syslog.log
+ for i in '$(seq 1 36)'
+ sleep 5
+ xcrun simctl spawn 1401495A-47BD-42B5-8887-423D8F5423A5 log show --last 6m --predicate 'process == "rayforge-app"'
+ grep -q 'RAYFORGE UI RUNNING' app-console.log app-syslog.log
+ grep -q 'RAYFORGE BOOT FAILED' app-console.log app-syslog.log
+ for i in '$(seq 1 36)'
+ sleep 5
+ xcrun simctl spawn 1401495A-47BD-42B5-8887-423D8F5423A5 log show --last 6m --predicate 'process == "rayforge-app"'
+ grep -q 'RAYFORGE UI RUNNING' app-console.log app-syslog.log
+ MARKER_SEEN=1
+ echo 'marker seen after ~55s'
marker seen after ~55s
+ break
+ APP_ALIVE=1
+ xcrun simctl spawn 1401495A-47BD-42B5-8887-423D8F5423A5 launchctl list
+ grep -q org.rayforge.app
+ echo 'app alive: 1  marker seen: 1'
app alive: 1  marker seen: 1
+ echo 'waiting for first rendered frames...'
waiting for first rendered frames...
+ sleep 20
+ xcrun simctl io 1401495A-47BD-42B5-8887-423D8F5423A5 screenshot simulator-screenshot.png
Detected file type 'PNG' from extension
Wrote screenshot to: simulator-screenshot.png
+ ls -la simulator-screenshot.png
-rw-r--r--@ 1 runner  staff  118986 Jul  4 21:38 simulator-screenshot.png
+ mkdir -p crash-reports
+ find /Users/runner/Library/Logs/DiagnosticReports -name '*rayforge*' -newer RayforgeApp.app/Info.plist -exec cp '{}' crash-reports/ ';'
+ for c in 'crash-reports/*'
+ '[' -f 'crash-reports/*' ']'
+ continue
+ xcrun simctl shutdown 1401495A-47BD-42B5-8887-423D8F5423A5
+ echo '===== app console ====='
===== app console =====
+ cat app-console.log
Gdk-Message: 21:37:00.313: gdk-ios: bundle resources at /Users/runner/Library/Developer/CoreSimulator/Devices/1401495A-47BD-42B5-8887-423D8F5423A5/data/Containers/Bundle/Application/05AEB77C-BC22-43B9-938B-FC4B1F8A5636/RayforgeApp.app
Gdk-Message: 21:37:00.498: gdk-ios: shell ready window=1376x1032 view=1376x1032 scale=2.00
Gdk-Message: 21:37:00.531: gdk-ios: entering user main
** Message: 21:37:00.531: GI_TYPELIB_PATH: /Users/runner/Library/Developer/CoreSimulator/Devices/1401495A-47BD-42B5-8887-423D8F5423A5/data/Containers/Bundle/Application/05AEB77C-BC22-43B9-938B-FC4B1F8A5636/RayforgeApp.app/lib/girepository-1.0
** Message: 21:37:00.531: python home: /Users/runner/Library/Developer/CoreSimulator/Devices/1401495A-47BD-42B5-8887-423D8F5423A5/data/Containers/Bundle/Application/05AEB77C-BC22-43B9-938B-FC4B1F8A5636/RayforgeApp.app/python
** Message: 21:37:00.531: site-packages: /Users/runner/Library/Developer/CoreSimulator/Devices/1401495A-47BD-42B5-8887-423D8F5423A5/data/Containers/Bundle/Application/05AEB77C-BC22-43B9-938B-FC4B1F8A5636/RayforgeApp.app/python/lib/python3.13/site-packages
** Message: 21:38:31.613: rayforge boot: PyGObject self-test ran (CPython 3.13.14 (main, Jun 12 2026, 07:26:39) [Clang 17.0.0 (clang-1700.0.13.5)]) ? see console for PYGOBJECT OK/FAIL
Gdk-Message: 21:38:31.630: gdk-ios: user main returned
Gdk-Message: 21:38:33.696: gdk-ios: pump alive frame=120 total_iterations=2
Gdk-Message: 21:38:35.696: gdk-ios: pump alive frame=240 total_iterations=2
Gdk-Message: 21:38:37.696: gdk-ios: pump alive frame=360 total_iterations=2
Gdk-Message: 21:38:39.696: gdk-ios: pump alive frame=480 total_iterations=2
Gdk-Message: 21:38:41.696: gdk-ios: pump alive frame=600 total_iterations=2
Gdk-Message: 21:38:43.696: gdk-ios: pump alive frame=720 total_iterations=2
Gdk-Message: 21:38:45.696: gdk-ios: pump alive frame=840 total_iterations=2
Gdk-Message: 21:38:47.696: gdk-ios: pump alive frame=960 total_iterations=2
Gdk-Message: 21:38:49.696: gdk-ios: pump alive frame=1080 total_iterations=2
Gdk-Message: 21:38:51.696: gdk-ios: pump alive frame=1200 total_iterations=2
Gdk-Message: 21:38:53.696: gdk-ios: pump alive frame=1320 total_iterations=2
Gdk-Message: 21:38:55.696: gdk-ios: pump alive frame=1440 total_iterations=2
Gdk-Message: 21:38:57.696: gdk-ios: pump alive frame=1560 total_iterations=2
+ echo '===== app syslog (first 120) ====='
===== app syslog (first 120) =====
+ head -120 app-syslog.log
getpwuid_r did not find a match for uid 501
Timestamp                       Thread     Type        Activity             PID    TTL  
2026-07-04 21:37:00.367410+0000 0x16e40    Default     0x0                  36478  0    rayforge-app: (libMobileGestalt.dylib) No persisted cache on this platform.
2026-07-04 21:37:00.367904+0000 0x16e4d    Default     0x0                  36478  0    rayforge-app: (libxpc.dylib) [com.apple.xpc:connection] [0x106605480] activating connection: mach=true listener=false peer=false name=com.apple.cfprefsd.daemon
2026-07-04 21:37:00.372832+0000 0x16e4f    Default     0x0                  36478  0    rayforge-app: (BoardServices) [com.apple.BoardServices:XPCErrors] [C:1] Alloc com.apple.frontboard.systemappservices
2026-07-04 21:37:00.373160+0000 0x16e4f    Default     0x0                  36478  0    rayforge-app: (libxpc.dylib) [com.apple.xpc:connection] [0x106705090] activating connection: mach=false listener=false peer=false name=(anonymous)
2026-07-04 21:37:00.382345+0000 0x16e40    Default     0x0                  36478  0    rayforge-app: (UIKitCore) [com.apple.UIKit:Application] Deactivation reason added: 10; deactivation reasons: 0 -> 1024; animating application lifecycle event: 0
2026-07-04 21:37:00.382709+0000 0x16e40    Default     0x0                  36478  0    rayforge-app: (RunningBoardServices) [com.apple.runningboard:connection] Initializing connection
2026-07-04 21:37:00.382796+0000 0x16e40    Default     0x0                  36478  0    rayforge-app: (RunningBoardServices) [com.apple.runningboard:process] Removing all cached process handles
2026-07-04 21:37:00.383173+0000 0x16e40    Default     0x0                  36478  0    rayforge-app: (BoardServices) [com.apple.BoardServices:Injection] activating monitor for service com.apple.frontboard.open
2026-07-04 21:37:00.384348+0000 0x16e40    Default     0x0                  36478  0    rayforge-app: (BoardServices) [com.apple.BoardServices:Injection] activating monitor for service com.apple.frontboard.workspace-service
2026-07-04 21:37:00.385151+0000 0x16e40    Default     0x0                  36478  0    rayforge-app: (FrontBoardServices) [com.apple.FrontBoard:Common] FBSWorkspace registering source: com.apple.frontboard.systemappservices
2026-07-04 21:37:00.385471+0000 0x16e4d    Default     0x0                  36478  0    rayforge-app: (UIKitCore) [com.apple.UIKit:BackgroundTask] Creating new assertion because there is no existing background assertion.
2026-07-04 21:37:00.385505+0000 0x16e4d    Default     0x0                  36478  0    rayforge-app: (UIKitCore) [com.apple.UIKit:BackgroundTask] Creating new background assertion
2026-07-04 21:37:00.385615+0000 0x16e4d    Default     0x0                  36478  0    rayforge-app: (UIKitCore) [com.apple.UIKit:BackgroundTask] Created new background assertion <BKSProcessAssertion: 0x600002109810>
2026-07-04 21:37:00.385920+0000 0x16e4d    Default     0x0                  36478  0    rayforge-app: (RunningBoardServices) [com.apple.runningboard:connection] Creating connection to com.apple.runningboard
2026-07-04 21:37:00.386065+0000 0x16e4d    Default     0x0                  36478  0    rayforge-app: (libxpc.dylib) [com.apple.xpc:connection] [0x106807d20] activating connection: mach=true listener=false peer=false name=com.apple.runningboard
2026-07-04 21:37:00.386333+0000 0x16e54    Default     0x0                  36478  0    rayforge-app: (RunningBoardServices) [com.apple.runningboard:connection] Sending handshake request attempt #1 to server
2026-07-04 21:37:00.388249+0000 0x16e54    Default     0x0                  36478  0    rayforge-app: (RunningBoardServices) [com.apple.runningboard:connection] Handshake succeeded
2026-07-04 21:37:00.388426+0000 0x16e54    Default     0x0                  36478  0    rayforge-app: (RunningBoardServices) [com.apple.runningboard:connection] Identity resolved as app<org.rayforge.app((null))>
2026-07-04 21:37:00.388795+0000 0x16e40    Default     0x0                  36478  0    rayforge-app: (FrontBoardServices) [com.apple.FrontBoard:Common] FBSWorkspace connected to endpoint : <BSServiceConnectionEndpoint: 0x600000202720; target: com.apple.frontboard.systemappservices; service: com.apple.frontboard.workspace-service>
2026-07-04 21:37:00.388897+0000 0x16e4d    Default     0x0                  36478  0    rayforge-app: (UIKitCore) [com.apple.UIKit:BackgroundTask] Incrementing reference count for background assertion <BKSProcessAssertion: 0x600002109810>
2026-07-04 21:37:00.389011+0000 0x16e40    Default     0x0                  36478  0    rayforge-app: (FrontBoardServices) [com.apple.FrontBoard:Common] <FBSWorkspaceScenesClient:0x600003000360 com.apple.frontboard.systemappservices> attempting immediate handshake from activate
2026-07-04 21:37:00.389100+0000 0x16e4d    Default     0x0                  36478  0    rayforge-app: (UIKitCore) [com.apple.UIKit:BackgroundTask] Created background task <_UIBackgroundTaskInfo: 0x600001701c80>: taskID = 1, taskName = Launch Background Task for Coalescing, creationTime = 1336 (elapsed = 0).
2026-07-04 21:37:00.389497+0000 0x16e4d    Default     0x0                  36478  0    rayforge-app: (FrontBoardServices) [com.apple.FrontBoard:SceneExtension] Realizing settings extension _UIApplicationSceneKeyboardSettings on FBSSceneSettings
2026-07-04 21:37:00.389505+0000 0x16e50    Activity    0x43ff0              36478  0    rayforge-app: (RunningBoardServices) didChangeInheritances
2026-07-04 21:37:00.389683+0000 0x16e4e    Activity    0x43ff1              36478  0    rayforge-app: (CoreFoundation) Loading Preferences From User Session CFPrefsD
2026-07-04 21:37:00.389701+0000 0x16e40    Default     0x0                  36478  0    rayforge-app: (FrontBoardServices) [com.apple.FrontBoard:Common] <FBSWorkspaceScenesClient:0x600003000360 com.apple.frontboard.systemappservices> sent handshake
2026-07-04 21:37:00.391134+0000 0x16e40    Default     0x0                  36478  0    rayforge-app: (RunningBoardServices) [com.apple.runningboard:general] Added observer for process assertions expiration warning: <_RBSExpirationWarningClient: 0x600000211060>
2026-07-04 21:37:00.394218+0000 0x16e4d    Default     0x0                  36478  0    rayforge-app: (FrontBoardServices) [com.apple.FrontBoard:SceneExtension] Realizing settings extension <_UISceneOcclusionSettings> on FBSSceneSettings
2026-07-04 21:37:00.395196+0000 0x16e4d    Default     0x0                  36478  0    rayforge-app: (FrontBoardServices) [com.apple.FrontBoard:SceneExtension] Realizing settings extension <_UISceneInterfaceProtectionSettings> on FBSSceneSettings
2026-07-04 21:37:00.396217+0000 0x16e4d    Default     0x0                  36478  0    rayforge-app: (FrontBoardServices) [com.apple.FrontBoard:SceneExtension] Realizing settings extension _UISceneLayoutPreferencesHostSettingsExtension on FBSSceneSettings
2026-07-04 21:37:00.396322+0000 0x16e40    Default     0x0                  36478  0    rayforge-app: (UIKitCore) [com.apple.UIKit:UIScreen] Evaluated capturing state as 0 on <UIScreen: 0x1066068c0> for initial
2026-07-04 21:37:00.396557+0000 0x16e40    Default     0x0                  36478  0    rayforge-app: (UIKitCore) [com.apple.UIKit:UIScreen] Evaluated capturing state as 0 on <UIScreen: 0x1066068c0> for CADisplay KVO
2026-07-04 21:37:00.396885+0000 0x16e4d    Default     0x0                  36478  0    rayforge-app: (FrontBoardServices) [com.apple.FrontBoard:SceneExtension] Realizing settings extension _UISceneSafeAreaSettingsExtension on FBSSceneSettings
2026-07-04 21:37:00.397689+0000 0x16e40    Default     0x0                  36478  0    rayforge-app: (libAccessibility.dylib) [com.apple.Accessibility:AXSupportCommon] Read CategoryName: per-app = 1, category name = (null)
2026-07-04 21:37:00.397922+0000 0x16e4d    Default     0x0                  36478  0    rayforge-app: (FrontBoardServices) [com.apple.FrontBoard:SceneExtension] Realizing settings extension _UISceneLayoutPreferenceClientSettingsExtension on FBSSceneClientSettings
2026-07-04 21:37:00.397990+0000 0x16e40    Default     0x0                  36478  0    rayforge-app: (libAccessibility.dylib) [com.apple.Accessibility:AXSupportCommon] Read CategoryName: per-app = 0, category name = (null)
2026-07-04 21:37:00.399614+0000 0x16e4d    Default     0x0                  36478  0    rayforge-app: (FrontBoardServices) [com.apple.FrontBoard:SceneExtension] Realizing settings extension <_UIHomeAffordanceHostSceneSettings> on FBSSceneSettings
2026-07-04 21:37:00.400428+0000 0x16e4d    Default     0x0                  36478  0    rayforge-app: (FrontBoardServices) [com.apple.FrontBoard:SceneExtension] Realizing settings extension _UISystemShellSceneHostingEnvironmentSettings on FBSSceneSettings
2026-07-04 21:37:00.400646+0000 0x16e4d    Default     0x0                  36478  0    rayforge-app: (FrontBoardServices) [com.apple.FrontBoard:SceneExtension] Realizing settings extension _UISceneRenderingEnvironmentSettings on FBSSceneSettings
2026-07-04 21:37:00.402932+0000 0x16e4d    Default     0x0                  36478  0    rayforge-app: (FrontBoardServices) [com.apple.FrontBoard:SceneExtension] Realizing settings extension <_UISceneRenderingEnvironmentClientSettings> on FBSSceneClientSettings
2026-07-04 21:37:00.403688+0000 0x16e4d    Default     0x0                  36478  0    rayforge-app: (FrontBoardServices) [com.apple.FrontBoard:SceneExtension] Realizing settings extension <_UISceneTransitioningHostSettings> on FBSSceneSettings
2026-07-04 21:37:00.403783+0000 0x16e4d    Default     0x0                  36478  0    rayforge-app: (FrontBoardServices) [com.apple.FrontBoard:SceneExtension] Realizing settings extension <_UISceneFocusSystemSettings> on FBSSceneSettings
2026-07-04 21:37:00.403996+0000 0x16e4d    Default     0x0                  36478  0    rayforge-app: (FrontBoardServices) [com.apple.FrontBoard:SceneExtension] Realizing settings extension _UISceneOrientationSettingsExtension on FBSSceneSettings
2026-07-04 21:37:00.404280+0000 0x16e4d    Default     0x0                  36478  0    rayforge-app: (FrontBoardServices) [com.apple.FrontBoard:SceneExtension] Realizing settings extension _UISceneOrientationClientSettingsExtension on FBSSceneClientSettings
2026-07-04 21:37:00.404566+0000 0x16e4d    Default     0x0                  36478  0    rayforge-app: (FrontBoardServices) [com.apple.FrontBoard:SceneExtension] Realizing settings extension _UISceneWindowingControlClientSettings on FBSSceneClientSettings
2026-07-04 21:37:00.404812+0000 0x16e4d    Default     0x0                  36478  0    rayforge-app: (FrontBoardServices) [com.apple.FrontBoard:SceneExtension] Realizing settings extension <_UISceneHostingContentSizePreferenceClientSettings> on FBSSceneClientSettings
2026-07-04 21:37:00.405233+0000 0x16e4d    Default     0x0                  36478  0    rayforge-app: (FrontBoardServices) [com.apple.FrontBoard:SceneExtension] Realizing settings extension _UISceneHostingTraitCollectionPropagationSettings on FBSSceneSettings
2026-07-04 21:37:00.405281+0000 0x16e40    Default     0x0                  36478  0    rayforge-app: (XCTTargetBootstrap) [com.apple.dt.xctest:Default] Registering for test daemon availability notify post.
2026-07-04 21:37:00.405562+0000 0x16e40    Default     0x0                  36478  0    rayforge-app: (XCTTargetBootstrap) [com.apple.dt.xctest:Default] notify_get_state check indicated test daemon not ready.
2026-07-04 21:37:00.405765+0000 0x16e40    Default     0x0                  36478  0    rayforge-app: (XCTTargetBootstrap) [com.apple.dt.xctest:Default] notify_get_state check indicated test daemon not ready.
2026-07-04 21:37:00.405920+0000 0x16e40    Default     0x0                  36478  0    rayforge-app: (XCTTargetBootstrap) [com.apple.dt.xctest:Default] notify_get_state check indicated test daemon not ready.
2026-07-04 21:37:00.406591+0000 0x16e4d    Default     0x0                  36478  0    rayforge-app: (FrontBoardServices) [com.apple.FrontBoard:SceneExtension] Realizing settings extension <_UISceneHostingSheetPresentationSettings> on FBSSceneSettings
2026-07-04 21:37:00.407143+0000 0x16e40    Default     0x0                  36478  0    rayforge-app: (UIKitCore) [com.apple.UIKit:UpdateScheduler] Selected display: name=LCD (PurpleMain), id=1
2026-07-04 21:37:00.407321+0000 0x16e4d    Default     0x0                  36478  0    rayforge-app: (FrontBoardServices) [com.apple.FrontBoard:SceneExtension] Realizing settings extension <_UISceneHostingSheetPresentationClientSettings> on FBSSceneClientSettings
2026-07-04 21:37:00.407583+0000 0x16e4d    Default     0x0                  36478  0    rayforge-app: (FrontBoardServices) [com.apple.FrontBoard:SceneExtension] Realizing settings extension <_UISceneHostingEventDeferringSettings> on FBSSceneSettings
2026-07-04 21:37:00.408100+0000 0x16e4d    Default     0x0                  36478  0    rayforge-app: (FrontBoardServices) [com.apple.FrontBoard:SceneExtension] Realizing settings extension <UIKit__UITypedKeyValueSceneSettings> on FBSSceneSettings
2026-07-04 21:37:00.408418+0000 0x16e4d    Default     0x0                  36478  0    rayforge-app: (FrontBoardServices) [com.apple.FrontBoard:SceneExtension] Realizing settings extension <UIKit__UITypedKeyValueSceneSettings> on FBSSceneClientSettings
2026-07-04 21:37:00.408890+0000 0x16e4d    Default     0x0                  36478  0    rayforge-app: (FrontBoardServices) [com.apple.FrontBoard:SceneExtension] Realizing settings extension <_UISceneHostingViewControllerPreferencePropagationClientSettings> on FBSSceneClientSettings
2026-07-04 21:37:00.409131+0000 0x16e4d    Default     0x0                  36478  0    rayforge-app: (FrontBoardServices) [com.apple.FrontBoard:SceneExtension] Realizing settings extension <_UISceneZoomTransitionSettings> on FBSSceneSettings
2026-07-04 21:37:00.409778+0000 0x16e53    Default     0x0                  36478  0    rayforge-app: (FrontBoardServices) [com.apple.FrontBoard:SceneExtension] Realizing settings extension FBSSceneSettingsCore on FBSSceneSettings
2026-07-04 21:37:00.410695+0000 0x16e53    Default     0x0                  36478  0    rayforge-app: (FrontBoardServices) [com.apple.FrontBoard:SceneExtension] Realizing settings extension FBSSceneClientSettingsCore on FBSSceneClientSettings
2026-07-04 21:37:00.422074+0000 0x16e53    Default     0x0                  36478  0    rayforge-app: (FrontBoardServices) [com.apple.FrontBoard:SceneExtension] UIMutableApplicationSceneSettings setting counterpart class: UIApplicationSceneSettings
2026-07-04 21:37:00.422920+0000 0x16e53    Default     0x0                  36478  0    rayforge-app: (FrontBoardServices) [com.apple.FrontBoard:SceneExtension] UIMutableApplicationSceneClientSettings setting counterpart class: UIApplicationSceneClientSettings
2026-07-04 21:37:00.423215+0000 0x16e53    Default     0x0                  36478  0    rayforge-app: (FrontBoardServices) [com.apple.FrontBoard:SceneExtension] Realizing settings extension FBSSceneTransitionContextCore on FBSSceneTransitionContext
2026-07-04 21:37:00.430631+0000 0x16e40    Default     0x0                  36478  0    rayforge-app: (UIKitCore) [com.apple.UIKit:BackgroundTask] Will add backgroundTask with taskName: Persistent SceneSession Map Update, expirationHandler: <__NSGlobalBlock__: 0x1e61729e0>
2026-07-04 21:37:00.430864+0000 0x16e40    Default     0x0                  36478  0    rayforge-app: (UIKitCore) [com.apple.UIKit:BackgroundTask] Reusing background assertion <BKSProcessAssertion: 0x600002109810>
2026-07-04 21:37:00.431030+0000 0x16e40    Default     0x0                  36478  0    rayforge-app: (UIKitCore) [com.apple.UIKit:BackgroundTask] Incrementing reference count for background assertion <BKSProcessAssertion: 0x600002109810>
2026-07-04 21:37:00.431125+0000 0x16e40    Default     0x0                  36478  0    rayforge-app: (UIKitCore) [com.apple.UIKit:BackgroundTask] Created background task <_UIBackgroundTaskInfo: 0x60000170e840>: taskID = 2, taskName = Persistent SceneSession Map Update, creationTime = 1336 (elapsed = 0).
2026-07-04 21:37:00.432009+0000 0x16e40    Default     0x0                  36478  0    rayforge-app: (UIKitCore) [com.apple.UIKit:Application] Deactivation reason added: 5; deactivation reasons: 1024 -> 1056; animating application lifecycle event: 1
2026-07-04 21:37:00.432474+0000 0x16e40    Default     0x0                  36478  0    rayforge-app: (UIKitCore) [com.apple.UIKit:InterfaceStyle] Not push traits update to screen for new style 1, <UIWindowScene: 0x106706a20> (F4733DC5-5283-42C9-91F2-2AF9BBD661E8)
2026-07-04 21:37:00.432736+0000 0x16e40    Default     0x0                  36478  0    rayforge-app: (UIKitCore) [com.apple.UIKit:InterfaceStyle] Should send trait collection or coordinate space update, interface style 1 -> 1, <UIWindowScene: 0x106706a20> (F4733DC5-5283-42C9-91F2-2AF9BBD661E8)
2026-07-04 21:37:00.435782+0000 0x16e40    Default     0x0                  36478  0    rayforge-app: (UIKitCore) [com.apple.UIKit:InterfaceStyle] Not push traits update to screen for new style 1, <UIWindowScene: 0x106706a20> (F4733DC5-5283-42C9-91F2-2AF9BBD661E8)
2026-07-04 21:37:00.436637+0000 0x16e40    Default     0x0                  36478  0    rayforge-app: (UIKitCore) [com.apple.UIKit:HomeAffordanceObservation] Initializing: <_UIHomeAffordanceSceneNotifier: 0x6000029141c0>; with scene: <UIWindowScene: 0x106706a20>
2026-07-04 21:37:00.437090+0000 0x16e40    Default     0x0                  36478  0    rayforge-app: (BacklightServices) [com.apple.BacklightServices:scenes] 0x600000c03390 setDelegate:<0x600000c033f0 _UIBacklightEnvironment> hasDelegate:YES for environment:sceneID:org.rayforge.app-default
2026-07-04 21:37:00.437938+0000 0x16e40    Default     0x0                  36478  0    rayforge-app: (UIKitCore) [com.apple.UIKit:InterfaceStyle] Not push traits update to screen for new style 1, <UIWindowScene: 0x106706a20> (F4733DC5-5283-42C9-91F2-2AF9BBD661E8)
2026-07-04 21:37:00.438021+0000 0x16e40    Default     0x0                  36478  1    rayforge-app: (UIKitCore) [com.apple.UIKit:EventDeferring] [0x600002914230] Initialized with scene: <UIWindowScene: 0x106706a20>; behavior: <_UIEventDeferringBehavior_iOS: 0x60000021a600>; availableForProcess: 1, systemShellManagesKeyboardFocus: 1
2026-07-04 21:37:00.438694+0000 0x16e40    Default     0x0                  36478  0    rayforge-app: (BoardServices) [com.apple.BoardServices:XPCErrors] [C:2] Alloc com.apple.backboard.hid-services.xpc
2026-07-04 21:37:00.438762+0000 0x16e40    Default     0x0                  36478  0    rayforge-app: (libxpc.dylib) [com.apple.xpc:connection] [0x10670e6d0] activating connection: mach=false listener=false peer=false name=(anonymous)
2026-07-04 21:37:00.440440+0000 0x16e40    Default     0x0                  36478  0    rayforge-app: (BackBoardServices) [com.apple.BackBoard:EventDelivery] policyStatus:<BKSHIDEventDeliveryPolicyObserver: 0x600002601680; process scope; status: target> was:none
2026-07-04 21:37:00.440551+0000 0x16e40    Default     0x0                  36478  1    rayforge-app: (UIKitCore) [com.apple.UIKit:KeyWindow] Setting default evaluation strategy for UIUserInterfaceIdiomPad to LastOneWins
2026-07-04 21:37:00.440585+0000 0x16e40    Default     0x0                  36478  1    rayforge-app: (UIKitCore) [com.apple.UIKit:KeyWindow] Scene target of keyboard event deferring environment did change: 1; scene: UIWindowScene: 0x106706a20; scene identity: com.apple.frontboard.systemappservices/FBSceneManager:sceneID%3Aorg.rayforge.app-default
2026-07-04 21:37:00.440758+0000 0x16e40    Default     0x0                  36478  0    rayforge-app: (UIKitCore) [com.apple.UIKit:UIFocus] Focus system enabled
2026-07-04 21:37:00.441608+0000 0x16e4f    Default     0x0                  36478  0    rayforge-app: (BackBoardServices) [com.apple.BackBoard:EventDelivery] BKSHIDEventObserver - connection activation
2026-07-04 21:37:00.445226+0000 0x16e40    Default     0x0                  36478  0    rayforge-app: (UIKitCore) [com.apple.UIKit:UIFocus] Failed to update focus with context <UIFocusUpdateContext: 0x600003008120; previouslyFocusedItem: (nil); nextFocusedItem: (nil); focusHeading: None>. No additional info available.
2026-07-04 21:37:00.445451+0000 0x16e40    Default     0x0                  36478  0    rayforge-app: (UIKitCore) [com.apple.UIKit:InterfaceStyle] Not push traits update to screen for new style 1, <UIWindowScene: 0x106706a20> (F4733DC5-5283-42C9-91F2-2AF9BBD661E8)
2026-07-04 21:37:00.445543+0000 0x16e40    Default     0x0                  36478  1    rayforge-app: (UIKitCore) [com.apple.UIKit:EventDeferring] [0x600002914230] Scene target of event deferring environments did update: scene: 0x106706a20; current systemShellManagesKeyboardFocus: 1; systemShellManagesKeyboardFocusForScene: 1; eligibleForRecordRemoval: 1;
2026-07-04 21:37:00.445570+0000 0x16e40    Default     0x0                  36478  1    rayforge-app: (UIKitCore) [com.apple.UIKit:KeyWindow] Scene became target of keyboard event deferring environment: UIWindowScene: 0x106706a20; scene identity: com.apple.frontboard.systemappservices/FBSceneManager:sceneID%3Aorg.rayforge.app-default
2026-07-04 21:37:00.445589+0000 0x16e40    Default     0x0                  36478  1    rayforge-app: (UIKitCore) [com.apple.UIKit:KeyWindow] Stack[KeyWindow] 0x600000c0b1b0: Taking no further action for migration from LastOneWins -> SystemShellManaged as there are no scenes
2026-07-04 21:37:00.445604+0000 0x16e40    Default     0x0                  36478  1    rayforge-app: (UIKitCore) [com.apple.UIKit:KeyWindow] Setting default evaluation strategy for UIUserInterfaceIdiomPad to SystemShellManaged
2026-07-04 21:37:00.445651+0000 0x16e40    Default     0x0                  36478  1    rayforge-app: (UIKitCore) [com.apple.UIKit:KeyWindow] Key window needs update: 0; currentKeyWindowScene: 0x0; evaluatedKeyWindowScene: 0x106706a20; currentApplicationKeyWindow: 0x0; evaluatedApplicationKeyWindow: 0x0; reason: UIWindowScene: 0x106706a20: Window scene became target of keyboard environment
2026-07-04 21:37:00.446231+0000 0x16e40    Default     0x0                  36478  0    rayforge-app: (UIKitCore) [com.apple.UIKit:InterfaceStyle] Not push traits update to screen for new style 1, <UIWindowScene: 0x106706a20> (F4733DC5-5283-42C9-91F2-2AF9BBD661E8)
2026-07-04 21:37:00.446544+0000 0x16e40    Default     0x0                  36478  0    rayforge-app: (UIKitCore) [com.apple.UIKit:InterfaceStyle] Not push traits update to screen for new style 1, <UIWindowScene: 0x106706a20> (F4733DC5-5283-42C9-91F2-2AF9BBD661E8)
2026-07-04 21:37:00.448427+0000 0x16e40    Fault       0x43ff2              36478  14   rayforge-app: (UIKitCore) [com.apple.runtime-issues:UIKit App Config] `UIScene` lifecycle will soon be required. Failure to adopt will result in an assert in the future.
2026-07-04 21:37:00.448428+0000 0x16e40    Activity    0x43ff2              36478  0    rayforge-app: (libsystem_trace.dylib) Activity for state dumps
2026-07-04 21:37:00.449128+0000 0x16e40    Default     0x0                  36478  0    rayforge-app: (UIKitCore) [com.apple.UIKit:InterfaceStyle] Not push traits update to screen for new style 1, <UIWindowScene: 0x106706a20> (F4733DC5-5283-42C9-91F2-2AF9BBD661E8)
2026-07-04 21:37:00.458369+0000 0x16e40    Default     0x0                  36478  0    rayforge-app: (UIKitCore) [com.apple.UIKit:AppLifecycle] sceneOfRecord: sceneID: sceneID:org.rayforge.app-default  persistentID: F4733DC5-5283-42C9-91F2-2AF9BBD661E8
2026-07-04 21:37:00.458725+0000 0x16e40    Default     0x0                  36478  0    rayforge-app: (UIKitCore) [com.apple.UIKit:Application] Ignoring already applied deactivation reason: 5; deactivation reasons: 1056
2026-07-04 21:37:00.458986+0000 0x16e40    Default     0x0                  36478  0    rayforge-app: (UIKitCore) [com.apple.UIKit:Application] Deactivation reason added: 11; deactivation reasons: 1056 -> 3104; animating application lifecycle event: 1
2026-07-04 21:37:00.459383+0000 0x16e40    Default     0x0                  36478  0    rayforge-app: (UIKitCore) [com.apple.KeyboardArbiter:Client] startConnection
2026-07-04 21:37:00.460774+0000 0x16e40    Default     0x0                  36478  0    rayforge-app: (libxpc.dylib) [com.apple.xpc:connection] [0x10680e3d0] activating connection: mach=true listener=false peer=false name=com.apple.UIKit.KeyboardManagement.hosted
2026-07-04 21:37:00.470763+0000 0x16e4d    Default     0x0                  36478  0    rayforge-app: (BoardServices) [com.apple.BoardServices:XPCErrors] [C:3] Alloc com.apple.PointerUI.pointeruid.service
2026-07-04 21:37:00.470897+0000 0x16e4d    Default     0x0                  36478  0    rayforge-app: (libxpc.dylib) [com.apple.xpc:connection] [0x10670a6b0] activating connection: mach=false listener=false peer=false name=(anonymous)
2026-07-04 21:37:00.492109+0000 0x16e40    Default     0x0                  36478  0    rayforge-app: (UIKitCore) [com.apple.UIKit:PointerLockState] preferredPointerLockStatus updated: scene: <UIWindowScene: 0x106706a20; role: UIWindowSceneSessionRoleApplication; persistentIdentifier: F4733DC5-5283-42C9-91F2-2AF9BBD661E8; activationState: UISceneActivationStateForegroundInactive>; viewController: <UIViewController: 0x10670a2d0>; preferredPointerLockStatus: _UIPointerLockStatusUnlocked
2026-07-04 21:37:00.492384+0000 0x16e40    Default     0x0                  36478  0    rayforge-app: (UIKitCore) [com.apple.UIKit:Orientation] <UIWindowScene: 0x106706a20> (F4733DC5-5283-42C9-91F2-2AF9BBD661E8) Scene updated orientation preferences: none -> ( Ll Lr )
2026-07-04 21:37:00.492581+0000 0x16e40    Default     0x0                  36478  1    rayforge-app: (UIKitCore) [com.apple.UIKit:KeyWindow] Key window API is scene-level: YES
2026-07-04 21:37:00.492616+0000 0x16e40    Default     0x0                  36478  1    rayforge-app: (UIKitCore) [com.apple.UIKit:KeyWindow] UIWindowScene: 0x106706a20: Window became key in scene: UIWindow: 0x10660c080; contextId: 0x3963E2F7: reason: UIWindowScene: 0x106706a20: Window requested to become key in scene: 0x10660c080
2026-07-04 21:37:00.492636+0000 0x16e40    Default     0x0                  36478  1    rayforge-app: (UIKitCore) [com.apple.UIKit:KeyWindow] Key window needs update: 1; currentKeyWindowScene: 0x0; evaluatedKeyWindowScene: 0x106706a20; currentApplicationKeyWindow: 0x0; evaluatedApplicationKeyWindow: 0x10660c080; reason: UIWindowScene: 0x106706a20: Window requested to become key in scene: 0x10660c080
2026-07-04 21:37:00.492663+0000 0x16e40    Default     0x0                  36478  1    rayforge-app: (UIKitCore) [com.apple.UIKit:KeyWindow] Window did become application key: UIWindow: 0x10660c080; contextId: 0x3963E2F7; scene identity: com.apple.frontboard.systemappservices/FBSceneManager:sceneID%3Aorg.rayforge.app-default
2026-07-04 21:37:00.492732+0000 0x16e40    Default     0x0                  36478  1    rayforge-app: (UIKitCore) [com.apple.UIKit:EventDeferring] [0x600002914230] Begin local event deferring requested for token: 0x60000260df20; environments: 1; reason: UIWindowScene: 0x106706a20: Begin event deferring in keyboardFocus for window: 0x10660c080
2026-07-04 21:37:00.494249+0000 0x16e53    Default     0x0                  36478  0    rayforge-app: (BackBoardServices) [com.apple.BackBoard:EventDelivery] BKSHIDEventDeliveryManager - connection activation
2026-07-04 21:37:00.495963+0000 0x16e40    Default     0x0                  36478  0    rayforge-app: (UIKitCore) [com.apple.UIKit:KeyboardSceneDelegate] Reloading input views for key-window scene responder: <GdkIOSView: 0x10670aa70; frame = (0 0; 1376 1032); > force:N
2026-07-04 21:37:00.496989+0000 0x16e40    Default     0x0                  36478  0    rayforge-app: (UIKitCore) [com.apple.UIKit:KeyboardSceneDelegate] _reloadInputViewsForKeyWindowSceneResponder: 1 force: 0, fromBecomeFirstResponder: 1 (automaticKeyboard: 1, reloadIdentifier: B84C0481-006D-4644-8066-73B5F8B1F751)
2026-07-04 21:37:00.497046+0000 0x16e40    Default     0x0                  36478  0    rayforge-app: (UIKitCore) [com.apple.UIKit:KeyboardSceneDelegate] _inputViewsForResponder: <GdkIOSView: 0x10670aa70; frame = (0 0; 1376 1032); >, automaticKeyboard: 1, force: 0
2026-07-04 21:37:00.497284+0000 0x16e40    Default     0x0                  36478  0    rayforge-app: (UIKitCore) [com.apple.UIKit:KeyboardSceneDelegate] _inputViewsForResponder, found custom inputView: <(null): 0x0>, customInputViewController: <(null): 0x0>
2026-07-04 21:37:00.497328+0000 0x16e40    Default     0x0                  36478  0    rayforge-app: (UIKitCore) [com.apple.UIKit:KeyboardSceneDelegate] _inputViewsForResponder, found inputAccessoryView: <(null): 0x0>
2026-07-04 21:37:00.497370+0000 0x16e40    Default     0x0                  36478  0    rayforge-app: (UIKitCore) [com.apple.UIKit:KeyboardSceneDelegate] _inputViewsForResponder, responderRequiresKeyboard 0 (automaticKeyboardEnabled: 1, activeInstance: <(null): 0x0>, self.isOnScreen: 0, requiresKBWhenFirstResponder: 0)
2026-07-04 21:37:00.497426+0000 0x16e40    Default     0x0                  36478  0    rayforge-app: (UIKitCore) [com.apple.UIKit:KeyboardSceneDelegate] _inputViewsForResponder, useKeyboard 0 (allowsSystemInputView: 1, !inputView <(null): 0x0>, responderRequiresKeyboard 0)
2026-07-04 21:37:00.497627+0000 0x16e40    Default     0x0                  36478  0    rayforge-app: (UIKitCore) [com.apple.UIKit:KeyboardSceneDelegate] _inputViewsForResponder, configuring _responderWithoutAutomaticAppearanceEnabled: <(null): 0x0> (_automaticAppearEnabled: 1)
+ test 1 = 1
+ grep -q 'RAYFORGE BOOT FAILED' app-console.log app-syslog.log
+ grep -q 'RAYFORGE UI RUNNING' app-console.log app-syslog.log
