getpwuid_r did not find a match for uid 501
Timestamp                       Thread     Type        Activity             PID    TTL  
2026-07-03 11:41:01.401702+0000 0x105af    Default     0x0                  23313  0    rayforge-pytest: (libxpc.dylib) [com.apple.xpc:connection] [0x102e049c0] activating connection: mach=true listener=false peer=false name=com.apple.cfprefsd.daemon
2026-07-03 11:41:01.407417+0000 0x105b0    Activity    0x502f0              23313  0    rayforge-pytest: (CoreFoundation) Loading Preferences From User Session CFPrefsD
2026-07-03 11:41:01.407621+0000 0x105af    Default     0x0                  23313  0    rayforge-pytest: (UIKitCore) [com.apple.UIKit:BackgroundTask] Creating new assertion because there is no existing background assertion.
2026-07-03 11:41:01.407786+0000 0x105af    Default     0x0                  23313  0    rayforge-pytest: (UIKitCore) [com.apple.UIKit:BackgroundTask] Creating new background assertion
2026-07-03 11:41:01.407906+0000 0x105af    Default     0x0                  23313  0    rayforge-pytest: (UIKitCore) [com.apple.UIKit:BackgroundTask] Created new background assertion <BKSProcessAssertion: 0x600002104140>
2026-07-03 11:41:01.407996+0000 0x105af    Default     0x0                  23313  0    rayforge-pytest: (RunningBoardServices) [com.apple.runningboard:connection] Initializing connection
2026-07-03 11:41:01.408056+0000 0x105af    Default     0x0                  23313  0    rayforge-pytest: (RunningBoardServices) [com.apple.runningboard:process] Removing all cached process handles
2026-07-03 11:41:01.408127+0000 0x105b1    Default     0x0                  23313  0    rayforge-pytest: (RunningBoardServices) [com.apple.runningboard:connection] Sending handshake request attempt #1 to server
2026-07-03 11:41:01.408572+0000 0x105af    Default     0x0                  23313  0    rayforge-pytest: (RunningBoardServices) [com.apple.runningboard:connection] Creating connection to com.apple.runningboard
2026-07-03 11:41:01.408772+0000 0x105a2    Default     0x0                  23313  0    rayforge-pytest: (libMobileGestalt.dylib) No persisted cache on this platform.
2026-07-03 11:41:01.408880+0000 0x105af    Default     0x0                  23313  0    rayforge-pytest: (libxpc.dylib) [com.apple.xpc:connection] [0x102f068c0] activating connection: mach=true listener=false peer=false name=com.apple.runningboard
2026-07-03 11:41:01.409789+0000 0x105b2    Default     0x0                  23313  0    rayforge-pytest: (BoardServices) [com.apple.BoardServices:XPCErrors] [C:1] Alloc com.apple.frontboard.systemappservices
2026-07-03 11:41:01.410760+0000 0x105b2    Default     0x0                  23313  0    rayforge-pytest: (libxpc.dylib) [com.apple.xpc:connection] [0x102e04ea0] activating connection: mach=false listener=false peer=false name=(anonymous)
2026-07-03 11:41:01.410813+0000 0x105b3    Activity    0x502f1              23313  0    rayforge-pytest: (RunningBoardServices) didChangeInheritances
2026-07-03 11:41:01.410992+0000 0x105b1    Default     0x0                  23313  0    rayforge-pytest: (RunningBoardServices) [com.apple.runningboard:connection] Handshake succeeded
2026-07-03 11:41:01.411122+0000 0x105b1    Default     0x0                  23313  0    rayforge-pytest: (RunningBoardServices) [com.apple.runningboard:connection] Identity resolved as app<org.rayforge.pytest((null))>
2026-07-03 11:41:01.412214+0000 0x105af    Default     0x0                  23313  0    rayforge-pytest: (UIKitCore) [com.apple.UIKit:BackgroundTask] Incrementing reference count for background assertion <BKSProcessAssertion: 0x600002104140>
2026-07-03 11:41:01.421339+0000 0x105af    Default     0x0                  23313  0    rayforge-pytest: (UIKitCore) [com.apple.UIKit:BackgroundTask] Created background task <_UIBackgroundTaskInfo: 0x600001704a40>: taskID = 1, taskName = Launch Background Task for Coalescing, creationTime = 806 (elapsed = 0).
2026-07-03 11:41:01.421474+0000 0x105af    Default     0x0                  23313  0    rayforge-pytest: (FrontBoardServices) [com.apple.FrontBoard:SceneExtension] Realizing settings extension _UIApplicationSceneKeyboardSettings on FBSSceneSettings
2026-07-03 11:41:01.422536+0000 0x105af    Default     0x0                  23313  0    rayforge-pytest: (FrontBoardServices) [com.apple.FrontBoard:SceneExtension] Realizing settings extension <_UISceneOcclusionSettings> on FBSSceneSettings
2026-07-03 11:41:01.422744+0000 0x105af    Default     0x0                  23313  0    rayforge-pytest: (FrontBoardServices) [com.apple.FrontBoard:SceneExtension] Realizing settings extension <_UISceneInterfaceProtectionSettings> on FBSSceneSettings
2026-07-03 11:41:01.434336+0000 0x105a2    Default     0x0                  23313  0    rayforge-pytest: (UIKitCore) [com.apple.UIKit:Application] Deactivation reason added: 10; deactivation reasons: 0 -> 1024; animating application lifecycle event: 0
2026-07-03 11:41:01.434563+0000 0x105af    Default     0x0                  23313  0    rayforge-pytest: (FrontBoardServices) [com.apple.FrontBoard:SceneExtension] Realizing settings extension _UISceneLayoutPreferencesHostSettingsExtension on FBSSceneSettings
2026-07-03 11:41:01.434676+0000 0x105a2    Default     0x0                  23313  0    rayforge-pytest: (BoardServices) [com.apple.BoardServices:Injection] activating monitor for service com.apple.frontboard.open
2026-07-03 11:41:01.435153+0000 0x105a2    Default     0x0                  23313  0    rayforge-pytest: (BoardServices) [com.apple.BoardServices:Injection] activating monitor for service com.apple.frontboard.workspace-service
2026-07-03 11:41:01.435473+0000 0x105a2    Default     0x0                  23313  0    rayforge-pytest: (FrontBoardServices) [com.apple.FrontBoard:Common] FBSWorkspace registering source: com.apple.frontboard.systemappservices
2026-07-03 11:41:01.437565+0000 0x105af    Default     0x0                  23313  0    rayforge-pytest: (FrontBoardServices) [com.apple.FrontBoard:SceneExtension] Realizing settings extension _UISceneSafeAreaSettingsExtension on FBSSceneSettings
2026-07-03 11:41:01.441351+0000 0x105a2    Default     0x0                  23313  0    rayforge-pytest: (FrontBoardServices) [com.apple.FrontBoard:Common] FBSWorkspace connected to endpoint : <BSServiceConnectionEndpoint: 0x600000211640; target: com.apple.frontboard.systemappservices; service: com.apple.frontboard.workspace-service>
2026-07-03 11:41:01.441508+0000 0x105a2    Default     0x0                  23313  0    rayforge-pytest: (FrontBoardServices) [com.apple.FrontBoard:Common] <FBSWorkspaceScenesClient:0x600003000480 com.apple.frontboard.systemappservices> attempting immediate handshake from activate
2026-07-03 11:41:01.446473+0000 0x105a2    Default     0x0                  23313  0    rayforge-pytest: (FrontBoardServices) [com.apple.FrontBoard:Common] <FBSWorkspaceScenesClient:0x600003000480 com.apple.frontboard.systemappservices> sent handshake
2026-07-03 11:41:01.446749+0000 0x105a2    Default     0x0                  23313  0    rayforge-pytest: (RunningBoardServices) [com.apple.runningboard:general] Added observer for process assertions expiration warning: <_RBSExpirationWarningClient: 0x600000212020>
2026-07-03 11:41:01.454953+0000 0x105a2    Default     0x0                  23313  0    rayforge-pytest: (UIKitCore) [com.apple.UIKit:UIScreen] Evaluated capturing state as 0 on <UIScreen: 0x102e06450> for initial
2026-07-03 11:41:01.455171+0000 0x105a2    Default     0x0                  23313  0    rayforge-pytest: (UIKitCore) [com.apple.UIKit:UIScreen] Evaluated capturing state as 0 on <UIScreen: 0x102e06450> for CADisplay KVO
2026-07-03 11:41:01.456102+0000 0x105a2    Default     0x0                  23313  0    rayforge-pytest: (libAccessibility.dylib) [com.apple.Accessibility:AXSupportCommon] Read CategoryName: per-app = 1, category name = (null)
2026-07-03 11:41:01.456316+0000 0x105a2    Default     0x0                  23313  0    rayforge-pytest: (libAccessibility.dylib) [com.apple.Accessibility:AXSupportCommon] Read CategoryName: per-app = 0, category name = (null)
2026-07-03 11:41:01.464069+0000 0x105af    Default     0x0                  23313  0    rayforge-pytest: (FrontBoardServices) [com.apple.FrontBoard:SceneExtension] Realizing settings extension _UISceneLayoutPreferenceClientSettingsExtension on FBSSceneClientSettings
2026-07-03 11:41:01.465488+0000 0x105af    Default     0x0                  23313  0    rayforge-pytest: (FrontBoardServices) [com.apple.FrontBoard:SceneExtension] Realizing settings extension <_UIHomeAffordanceHostSceneSettings> on FBSSceneSettings
2026-07-03 11:41:01.465836+0000 0x105a2    Default     0x0                  23313  0    rayforge-pytest: (XCTTargetBootstrap) [com.apple.dt.xctest:Default] Registering for test daemon availability notify post.
2026-07-03 11:41:01.465997+0000 0x105a2    Default     0x0                  23313  0    rayforge-pytest: (XCTTargetBootstrap) [com.apple.dt.xctest:Default] notify_get_state check indicated test daemon not ready.
2026-07-03 11:41:01.466204+0000 0x105a2    Default     0x0                  23313  0    rayforge-pytest: (XCTTargetBootstrap) [com.apple.dt.xctest:Default] notify_get_state check indicated test daemon not ready.
2026-07-03 11:41:01.466318+0000 0x105a2    Default     0x0                  23313  0    rayforge-pytest: (XCTTargetBootstrap) [com.apple.dt.xctest:Default] notify_get_state check indicated test daemon not ready.
2026-07-03 11:41:01.466851+0000 0x105af    Default     0x0                  23313  0    rayforge-pytest: (FrontBoardServices) [com.apple.FrontBoard:SceneExtension] Realizing settings extension _UISystemShellSceneHostingEnvironmentSettings on FBSSceneSettings
2026-07-03 11:41:01.467488+0000 0x105af    Default     0x0                  23313  0    rayforge-pytest: (FrontBoardServices) [com.apple.FrontBoard:SceneExtension] Realizing settings extension _UISceneRenderingEnvironmentSettings on FBSSceneSettings
2026-07-03 11:41:01.467500+0000 0x105a2    Default     0x0                  23313  0    rayforge-pytest: (UIKitCore) [com.apple.UIKit:UpdateScheduler] Selected display: name=LCD (PurpleMain), id=1
2026-07-03 11:41:01.468459+0000 0x105af    Default     0x0                  23313  0    rayforge-pytest: (FrontBoardServices) [com.apple.FrontBoard:SceneExtension] Realizing settings extension <_UISceneRenderingEnvironmentClientSettings> on FBSSceneClientSettings
2026-07-03 11:41:01.469321+0000 0x105af    Default     0x0                  23313  0    rayforge-pytest: (FrontBoardServices) [com.apple.FrontBoard:SceneExtension] Realizing settings extension <_UISceneTransitioningHostSettings> on FBSSceneSettings
2026-07-03 11:41:01.469963+0000 0x105af    Default     0x0                  23313  0    rayforge-pytest: (FrontBoardServices) [com.apple.FrontBoard:SceneExtension] Realizing settings extension <_UISceneFocusSystemSettings> on FBSSceneSettings
2026-07-03 11:41:01.470296+0000 0x105af    Default     0x0                  23313  0    rayforge-pytest: (FrontBoardServices) [com.apple.FrontBoard:SceneExtension] Realizing settings extension _UISceneOrientationSettingsExtension on FBSSceneSettings
2026-07-03 11:41:01.470594+0000 0x105af    Default     0x0                  23313  0    rayforge-pytest: (FrontBoardServices) [com.apple.FrontBoard:SceneExtension] Realizing settings extension _UISceneOrientationClientSettingsExtension on FBSSceneClientSettings
2026-07-03 11:41:01.470700+0000 0x105af    Default     0x0                  23313  0    rayforge-pytest: (FrontBoardServices) [com.apple.FrontBoard:SceneExtension] Realizing settings extension _UISceneWindowingControlClientSettings on FBSSceneClientSettings
2026-07-03 11:41:01.471300+0000 0x105af    Default     0x0                  23313  0    rayforge-pytest: (FrontBoardServices) [com.apple.FrontBoard:SceneExtension] Realizing settings extension <_UISceneHostingContentSizePreferenceClientSettings> on FBSSceneClientSettings
2026-07-03 11:41:01.471449+0000 0x105af    Default     0x0                  23313  0    rayforge-pytest: (FrontBoardServices) [com.apple.FrontBoard:SceneExtension] Realizing settings extension _UISceneHostingTraitCollectionPropagationSettings on FBSSceneSettings
2026-07-03 11:41:01.473086+0000 0x105af    Default     0x0                  23313  0    rayforge-pytest: (FrontBoardServices) [com.apple.FrontBoard:SceneExtension] Realizing settings extension <_UISceneHostingSheetPresentationSettings> on FBSSceneSettings
2026-07-03 11:41:01.473594+0000 0x105af    Default     0x0                  23313  0    rayforge-pytest: (FrontBoardServices) [com.apple.FrontBoard:SceneExtension] Realizing settings extension <_UISceneHostingSheetPresentationClientSettings> on FBSSceneClientSettings
2026-07-03 11:41:01.474024+0000 0x105af    Default     0x0                  23313  0    rayforge-pytest: (FrontBoardServices) [com.apple.FrontBoard:SceneExtension] Realizing settings extension <_UISceneHostingEventDeferringSettings> on FBSSceneSettings
2026-07-03 11:41:01.474837+0000 0x105af    Default     0x0                  23313  0    rayforge-pytest: (FrontBoardServices) [com.apple.FrontBoard:SceneExtension] Realizing settings extension <UIKit__UITypedKeyValueSceneSettings> on FBSSceneSettings
2026-07-03 11:41:01.475023+0000 0x105af    Default     0x0                  23313  0    rayforge-pytest: (FrontBoardServices) [com.apple.FrontBoard:SceneExtension] Realizing settings extension <UIKit__UITypedKeyValueSceneSettings> on FBSSceneClientSettings
2026-07-03 11:41:01.475113+0000 0x105af    Default     0x0                  23313  0    rayforge-pytest: (FrontBoardServices) [com.apple.FrontBoard:SceneExtension] Realizing settings extension <_UISceneHostingViewControllerPreferencePropagationClientSettings> on FBSSceneClientSettings
2026-07-03 11:41:01.475563+0000 0x105af    Default     0x0                  23313  0    rayforge-pytest: (FrontBoardServices) [com.apple.FrontBoard:SceneExtension] Realizing settings extension <_UISceneZoomTransitionSettings> on FBSSceneSettings
2026-07-03 11:41:01.888372+0000 0x105af    Activity    0x502f2              23313  0    rayforge-pytest: (RunningBoardServices) didChangeInheritances
2026-07-03 11:41:01.893171+0000 0x105b0    Default     0x0                  23313  0    rayforge-pytest: (FrontBoardServices) [com.apple.FrontBoard:SceneExtension] Realizing settings extension FBSSceneSettingsCore on FBSSceneSettings
2026-07-03 11:41:01.893807+0000 0x105b0    Default     0x0                  23313  0    rayforge-pytest: (FrontBoardServices) [com.apple.FrontBoard:SceneExtension] Realizing settings extension FBSSceneClientSettingsCore on FBSSceneClientSettings
2026-07-03 11:41:01.900046+0000 0x105b0    Default     0x0                  23313  0    rayforge-pytest: (FrontBoardServices) [com.apple.FrontBoard:SceneExtension] UIMutableApplicationSceneSettings setting counterpart class: UIApplicationSceneSettings
2026-07-03 11:41:01.900505+0000 0x105b0    Default     0x0                  23313  0    rayforge-pytest: (FrontBoardServices) [com.apple.FrontBoard:SceneExtension] UIMutableApplicationSceneClientSettings setting counterpart class: UIApplicationSceneClientSettings
2026-07-03 11:41:01.900783+0000 0x105b0    Default     0x0                  23313  0    rayforge-pytest: (FrontBoardServices) [com.apple.FrontBoard:SceneExtension] Realizing settings extension FBSSceneTransitionContextCore on FBSSceneTransitionContext
2026-07-03 11:41:01.909984+0000 0x105a2    Default     0x0                  23313  0    rayforge-pytest: (UIKitCore) [com.apple.UIKit:BackgroundTask] Will add backgroundTask with taskName: Persistent SceneSession Map Update, expirationHandler: <__NSGlobalBlock__: 0x1e61729e0>
2026-07-03 11:41:01.910191+0000 0x105a2    Default     0x0                  23313  0    rayforge-pytest: (UIKitCore) [com.apple.UIKit:BackgroundTask] Reusing background assertion <BKSProcessAssertion: 0x600002104140>
2026-07-03 11:41:01.910237+0000 0x105a2    Default     0x0                  23313  0    rayforge-pytest: (UIKitCore) [com.apple.UIKit:BackgroundTask] Incrementing reference count for background assertion <BKSProcessAssertion: 0x600002104140>
2026-07-03 11:41:01.910295+0000 0x105a2    Default     0x0                  23313  0    rayforge-pytest: (UIKitCore) [com.apple.UIKit:BackgroundTask] Created background task <_UIBackgroundTaskInfo: 0x600001714240>: taskID = 2, taskName = Persistent SceneSession Map Update, creationTime = 807 (elapsed = 0).
2026-07-03 11:41:01.910697+0000 0x105a2    Default     0x0                  23313  0    rayforge-pytest: (UIKitCore) [com.apple.UIKit:Application] Deactivation reason added: 5; deactivation reasons: 1024 -> 1056; animating application lifecycle event: 1
2026-07-03 11:41:01.912837+0000 0x105a2    Default     0x0                  23313  0    rayforge-pytest: (UIKitCore) [com.apple.UIKit:InterfaceStyle] Not push traits update to screen for new style 1, <UIWindowScene: 0x102f09d50> (F497E026-7885-4961-BEF8-B79A45E78FB7)
2026-07-03 11:41:01.913128+0000 0x105a2    Default     0x0                  23313  0    rayforge-pytest: (UIKitCore) [com.apple.UIKit:InterfaceStyle] Should send trait collection or coordinate space update, interface style 1 -> 1, <UIWindowScene: 0x102f09d50> (F497E026-7885-4961-BEF8-B79A45E78FB7)
2026-07-03 11:41:01.914448+0000 0x105a2    Default     0x0                  23313  0    rayforge-pytest: (UIKitCore) [com.apple.UIKit:InterfaceStyle] Not push traits update to screen for new style 1, <UIWindowScene: 0x102f09d50> (F497E026-7885-4961-BEF8-B79A45E78FB7)
2026-07-03 11:41:01.915172+0000 0x105a2    Default     0x0                  23313  0    rayforge-pytest: (UIKitCore) [com.apple.UIKit:HomeAffordanceObservation] Initializing: <_UIHomeAffordanceSceneNotifier: 0x600002902c30>; with scene: <UIWindowScene: 0x102f09d50>
2026-07-03 11:41:01.915399+0000 0x105a2    Default     0x0                  23313  0    rayforge-pytest: (BacklightServices) [com.apple.BacklightServices:scenes] 0x600000c07c90 setDelegate:<0x600000c03570 _UIBacklightEnvironment> hasDelegate:YES for environment:sceneID:org.rayforge.pytest-default
2026-07-03 11:41:01.918249+0000 0x105a2    Default     0x0                  23313  0    rayforge-pytest: (UIKitCore) [com.apple.UIKit:InterfaceStyle] Not push traits update to screen for new style 1, <UIWindowScene: 0x102f09d50> (F497E026-7885-4961-BEF8-B79A45E78FB7)
2026-07-03 11:41:01.918335+0000 0x105a2    Default     0x0                  23313  1    rayforge-pytest: (UIKitCore) [com.apple.UIKit:EventDeferring] [0x60000290c310] Initialized with scene: <UIWindowScene: 0x102f09d50>; behavior: <_UIEventDeferringBehavior_iOS: 0x600000216420>; availableForProcess: 1, systemShellManagesKeyboardFocus: 1
2026-07-03 11:41:01.918734+0000 0x105a2    Default     0x0                  23313  0    rayforge-pytest: (BoardServices) [com.apple.BoardServices:XPCErrors] [C:2] Alloc com.apple.backboard.hid-services.xpc
2026-07-03 11:41:01.918918+0000 0x105a2    Default     0x0                  23313  0    rayforge-pytest: (libxpc.dylib) [com.apple.xpc:connection] [0x102f07d00] activating connection: mach=false listener=false peer=false name=(anonymous)
2026-07-03 11:41:01.919891+0000 0x105a2    Default     0x0                  23313  0    rayforge-pytest: (BackBoardServices) [com.apple.BackBoard:EventDelivery] policyStatus:<BKSHIDEventDeliveryPolicyObserver: 0x600002608420; process scope; status: none> was:none
2026-07-03 11:41:01.919968+0000 0x105a2    Default     0x0                  23313  1    rayforge-pytest: (UIKitCore) [com.apple.UIKit:KeyWindow] Setting default evaluation strategy for UIUserInterfaceIdiomPad to LastOneWins
2026-07-03 11:41:01.920141+0000 0x105a2    Default     0x0                  23313  0    rayforge-pytest: (UIKitCore) [com.apple.UIKit:InterfaceStyle] Not push traits update to screen for new style 1, <UIWindowScene: 0x102f09d50> (F497E026-7885-4961-BEF8-B79A45E78FB7)
2026-07-03 11:41:01.920400+0000 0x105a2    Default     0x0                  23313  0    rayforge-pytest: (UIKitCore) [com.apple.UIKit:InterfaceStyle] Not push traits update to screen for new style 1, <UIWindowScene: 0x102f09d50> (F497E026-7885-4961-BEF8-B79A45E78FB7)
2026-07-03 11:41:01.921622+0000 0x105af    Default     0x0                  23313  0    rayforge-pytest: (BackBoardServices) [com.apple.BackBoard:EventDelivery] BKSHIDEventObserver - connection activation
2026-07-03 11:41:01.923155+0000 0x105a2    Fault       0x502f3              23313  14   rayforge-pytest: (UIKitCore) [com.apple.runtime-issues:UIKit App Config] `UIScene` lifecycle will soon be required. Failure to adopt will result in an assert in the future.
2026-07-03 11:41:01.923156+0000 0x105a2    Activity    0x502f3              23313  0    rayforge-pytest: (libsystem_trace.dylib) Activity for state dumps
2026-07-03 11:41:01.924380+0000 0x105a2    Default     0x0                  23313  0    rayforge-pytest: (UIKitCore) [com.apple.UIKit:InterfaceStyle] Not push traits update to screen for new style 1, <UIWindowScene: 0x102f09d50> (F497E026-7885-4961-BEF8-B79A45E78FB7)
2026-07-03 11:41:01.934962+0000 0x105a2    Default     0x0                  23313  0    rayforge-pytest: (UIKitCore) [com.apple.UIKit:AppLifecycle] sceneOfRecord: sceneID: sceneID:org.rayforge.pytest-default  persistentID: F497E026-7885-4961-BEF8-B79A45E78FB7
2026-07-03 11:41:01.935368+0000 0x105a2    Default     0x0                  23313  0    rayforge-pytest: (UIKitCore) [com.apple.UIKit:Application] Ignoring already applied deactivation reason: 5; deactivation reasons: 1056
2026-07-03 11:41:01.935423+0000 0x105a2    Default     0x0                  23313  0    rayforge-pytest: (UIKitCore) [com.apple.UIKit:Application] Deactivation reason added: 11; deactivation reasons: 1056 -> 3104; animating application lifecycle event: 1
2026-07-03 11:41:01.935534+0000 0x105a2    Default     0x0                  23313  0    rayforge-pytest: (UIKitCore) [com.apple.KeyboardArbiter:Client] startConnection
2026-07-03 11:41:01.938414+0000 0x105a2    Default     0x0                  23313  0    rayforge-pytest: (libxpc.dylib) [com.apple.xpc:connection] [0x102e08e40] activating connection: mach=true listener=false peer=false name=com.apple.UIKit.KeyboardManagement.hosted
2026-07-03 11:41:01.946587+0000 0x105b2    Default     0x0                  23313  0    rayforge-pytest: (BoardServices) [com.apple.BoardServices:XPCErrors] [C:3] Alloc com.apple.PointerUI.pointeruid.service
2026-07-03 11:41:01.946674+0000 0x105b2    Default     0x0                  23313  0    rayforge-pytest: (libxpc.dylib) [com.apple.xpc:connection] [0x10300c730] activating connection: mach=false listener=false peer=false name=(anonymous)
2026-07-03 11:41:01.961069+0000 0x105a2    Default     0x0                  23313  0    rayforge-pytest: (UIKitCore) [com.apple.UIKit:PointerLockState] preferredPointerLockStatus updated: scene: <UIWindowScene: 0x102f09d50; role: UIWindowSceneSessionRoleApplication; persistentIdentifier: F497E026-7885-4961-BEF8-B79A45E78FB7; activationState: UISceneActivationStateForegroundInactive>; viewController: <UIViewController: 0x10300c350>; preferredPointerLockStatus: _UIPointerLockStatusUnlocked
2026-07-03 11:41:01.962198+0000 0x105a2    Default     0x0                  23313  0    rayforge-pytest: (UIKitCore) [com.apple.UIKit:Orientation] <UIWindowScene: 0x102f09d50> (F497E026-7885-4961-BEF8-B79A45E78FB7) Scene updated orientation preferences: none -> ( Pu Ll Lr Pd )
2026-07-03 11:41:01.962600+0000 0x105a2    Default     0x0                  23313  1    rayforge-pytest: (UIKitCore) [com.apple.UIKit:KeyWindow] Key window API is scene-level: YES
2026-07-03 11:41:01.962731+0000 0x105a2    Default     0x0                  23313  1    rayforge-pytest: (UIKitCore) [com.apple.UIKit:KeyWindow] UIWindowScene: 0x102f09d50: Window became key in scene: UIWindow: 0x102f0b370; contextId: 0xFC1CBE8D: reason: UIWindowScene: 0x102f09d50: Window requested to become key in scene: 0x102f0b370
2026-07-03 11:41:01.964279+0000 0x105a2    Default     0x0                  23313  1    rayforge-pytest: (UIKitCore) [com.apple.UIKit:KeyWindow] Key window needs update: 1; currentKeyWindowScene: 0x0; evaluatedKeyWindowScene: 0x102f09d50; currentApplicationKeyWindow: 0x0; evaluatedApplicationKeyWindow: 0x102f0b370; reason: UIWindowScene: 0x102f09d50: Window requested to become key in scene: 0x102f0b370
2026-07-03 11:41:01.964558+0000 0x105a2    Default     0x0                  23313  1    rayforge-pytest: (UIKitCore) [com.apple.UIKit:KeyWindow] Window did become application key: UIWindow: 0x102f0b370; contextId: 0xFC1CBE8D; scene identity: com.apple.frontboard.systemappservices/FBSceneManager:sceneID%3Aorg.rayforge.pytest-default
2026-07-03 11:41:01.964881+0000 0x105a2    Default     0x0                  23313  1    rayforge-pytest: (UIKitCore) [com.apple.UIKit:EventDeferring] [0x60000290c310] Begin local event deferring requested for token: 0x600002604c60; environments: 1; reason: UIWindowScene: 0x102f09d50: Begin event deferring in keyboardFocus for window: 0x102f0b370
2026-07-03 11:41:01.965941+0000 0x105b3    Default     0x0                  23313  0    rayforge-pytest: (BackBoardServices) [com.apple.BackBoard:EventDelivery] BKSHIDEventDeliveryManager - connection activation
2026-07-03 11:41:01.971267+0000 0x105a2    Default     0x0                  23313  0    rayforge-pytest: (UIKitCore) [com.apple.UIKit:KeyboardSceneDelegate] Reloading input views for key-window scene responder: <GdkIOSView: 0x10300caf0; frame = (0 0; 834 1210); > force:N
2026-07-03 11:41:01.972364+0000 0x105a2    Default     0x0                  23313  0    rayforge-pytest: (UIKitCore) [com.apple.UIKit:KeyboardSceneDelegate] _reloadInputViewsForKeyWindowSceneResponder: 1 force: 0, fromBecomeFirstResponder: 1 (automaticKeyboard: 1, reloadIdentifier: DA4347EE-4045-4885-AED2-A042DFF55482)
2026-07-03 11:41:01.972465+0000 0x105a2    Default     0x0                  23313  0    rayforge-pytest: (UIKitCore) [com.apple.UIKit:KeyboardSceneDelegate] _inputViewsForResponder: <GdkIOSView: 0x10300caf0; frame = (0 0; 834 1210); >, automaticKeyboard: 1, force: 0
2026-07-03 11:41:01.973042+0000 0x105a2    Default     0x0                  23313  0    rayforge-pytest: (UIKitCore) [com.apple.UIKit:KeyboardSceneDelegate] _inputViewsForResponder, found custom inputView: <(null): 0x0>, customInputViewController: <(null): 0x0>
2026-07-03 11:41:01.973179+0000 0x105a2    Default     0x0                  23313  0    rayforge-pytest: (UIKitCore) [com.apple.UIKit:KeyboardSceneDelegate] _inputViewsForResponder, found inputAccessoryView: <(null): 0x0>
2026-07-03 11:41:01.973948+0000 0x105a2    Default     0x0                  23313  0    rayforge-pytest: (UIKitCore) [com.apple.UIKit:KeyboardSceneDelegate] _inputViewsForResponder, responderRequiresKeyboard 0 (automaticKeyboardEnabled: 1, activeInstance: <(null): 0x0>, self.isOnScreen: 0, requiresKBWhenFirstResponder: 0)
2026-07-03 11:41:01.974048+0000 0x105a2    Default     0x0                  23313  0    rayforge-pytest: (UIKitCore) [com.apple.UIKit:KeyboardSceneDelegate] _inputViewsForResponder, useKeyboard 0 (allowsSystemInputView: 1, !inputView <(null): 0x0>, responderRequiresKeyboard 0)
2026-07-03 11:41:01.974179+0000 0x105a2    Default     0x0                  23313  0    rayforge-pytest: (UIKitCore) [com.apple.UIKit:KeyboardSceneDelegate] _inputViewsForResponder, configuring _responderWithoutAutomaticAppearanceEnabled: <(null): 0x0> (_automaticAppearEnabled: 1)
2026-07-03 11:41:01.974443+0000 0x105a2    Default     0x0                  23313  0    rayforge-pytest: (UIKitCore) [com.apple.UIKit:KeyboardSceneDelegate] _inputViewsForResponder, needsIVPlaceholder: 0, needsIAVPlaceholder: 0, needsInputSetWithPlaceholder: 0
2026-07-03 11:41:01.974700+0000 0x105a2    Default     0x0                  23313  0    rayforge-pytest: (UIKitCore) [com.apple.UIKit:KeyboardSceneDelegate] _inputViewsForResponder returning: <<UIInputViewSet: 0x600003700d80>; (empty)>
2026-07-03 11:41:01.977134+0000 0x105a2    Default     0x0                  23313  0    rayforge-pytest: (UIKitCore) [com.apple.UIKit:Application] Deactivation reason removed: 10; deactivation reasons: 3104 -> 2080; animating application lifecycle event: 1
2026-07-03 11:41:01.977702+0000 0x105a2    Default     0x0                  23313  0    rayforge-pytest: (UIKitCore) [com.apple.UIKit:Application] Deactivation reason added: 12; deactivation reasons: 2080 -> 6176; animating application lifecycle event: 1
2026-07-03 11:41:01.978104+0000 0x105a2    Default     0x0                  23313  0    rayforge-pytest: (UIKitCore) [com.apple.UIKit:Application] Deactivation reason removed: 11; deactivation reasons: 6176 -> 4128; animating application lifecycle event: 1
2026-07-03 11:41:01.979283+0000 0x105a2    Default     0x0                  23313  0    rayforge-pytest: (FrontBoardServices) [com.apple.FrontBoard:SceneExtension] Realizing settings extension <_UISceneIntelligenceSupportSettings> on FBSSceneSettings
2026-07-03 11:41:01.985647+0000 0x105a2    Default     0x0                  23313  0    rayforge-pytest: (UIKitCore) [com.apple.UIKit:InterfaceStyle] Not push traits update to screen for new style 1, <UIWindowScene: 0x102f09d50> (F497E026-7885-4961-BEF8-B79A45E78FB7)
2026-07-03 11:41:01.996803+0000 0x105a2    Default     0x0                  23313  0    rayforge-pytest: (libxpc.dylib) [com.apple.xpc:connection] [0x102f04580] activating connection: mach=true listener=false peer=false name=com.apple.lsd.mapdb
2026-07-03 11:41:01.997230+0000 0x105b3    Default     0x0                  23313  0    rayforge-pytest: (UIIntelligenceSupport) [com.apple.UIIntelligenceSupport:xpc] establishing connection to agent
2026-07-03 11:41:01.999962+0000 0x105b3    Default     0x0                  23313  0    rayforge-pytest: (libxpc.dylib) [com.apple.xpc:session] [0x600002105400] Session created.
2026-07-03 11:41:01.999987+0000 0x105b3    Default     0x0                  23313  0    rayforge-pytest: (libxpc.dylib) [com.apple.xpc:session] [0x600002105400] Session created from connection [0x103008890]
2026-07-03 11:41:02.000369+0000 0x105b3    Default     0x0                  23313  0    rayforge-pytest: (libxpc.dylib) [com.apple.xpc:connection] [0x103008890] activating connection: mach=true listener=false peer=false name=com.apple.uiintelligencesupport.agent
2026-07-03 11:41:02.000469+0000 0x105b3    Default     0x0                  23313  0    rayforge-pytest: (libxpc.dylib) [com.apple.xpc:session] [0x600002105400] Session activated
2026-07-03 11:41:02.021887+0000 0x105a2    Default     0x0                  23313  0    rayforge-pytest: (Network) [com.apple.network:activity] Create activity from XPC object <nw_activity 50:1 [B37CB00C-7932-477E-89B4-8E63A1CD5902] (reporting strategy default)>
2026-07-03 11:41:02.021937+0000 0x105a2    Default     0x0                  23313  0    rayforge-pytest: (Network) [com.apple.network:activity] Create activity from XPC object <nw_activity 50:2 [AD59FD50-58CB-461E-B378-6DA9967151EB] (reporting strategy default)>
2026-07-03 11:41:02.021951+0000 0x105a2    Default     0x0                  23313  0    rayforge-pytest: (Network) [com.apple.network:activity] Set activity <nw_activity 50:1 [B37CB00C-7932-477E-89B4-8E63A1CD5902] (reporting strategy default)> as the global parent
2026-07-03 11:41:02.021987+0000 0x105a2    Default     0x0                  23313  0    rayforge-pytest: (UIKitCore) [com.apple.UIKit:BackgroundTask] Ending background task with UIBackgroundTaskIdentifier: 1
2026-07-03 11:41:02.022034+0000 0x105a2    Default     0x0                  23313  0    rayforge-pytest: (UIKitCore) [com.apple.UIKit:BackgroundTask] Ending task with identifier 1 and description: <_UIBackgroundTaskInfo: 0x600001704a40>: taskID = 1, taskName = Launch Background Task for Coalescing, creationTime = 806 (elapsed = 1), _expireHandler: (null)
2026-07-03 11:41:02.022072+0000 0x105a2    Default     0x0                  23313  0    rayforge-pytest: (UIKitCore) [com.apple.UIKit:BackgroundTask] Decrementing reference count for assertion <BKSProcessAssertion: 0x600002104140> (used by background task with identifier 1: <_UIBackgroundTaskInfo: 0x600001704a40>: taskID = 1, taskName = Launch Background Task for Coalescing, creationTime = 806 (elapsed = 1))
2026-07-03 11:41:02.426437+0000 0x105b0    Default     0x0                  23313  0    rayforge-pytest: (UIKitCore) [com.apple.UIKit:BackgroundTask] Ending background task with UIBackgroundTaskIdentifier: 2
2026-07-03 11:41:02.426884+0000 0x105b0    Default     0x0                  23313  0    rayforge-pytest: (UIKitCore) [com.apple.UIKit:BackgroundTask] Ending task with identifier 2 and description: <_UIBackgroundTaskInfo: 0x600001714240>: taskID = 2, taskName = Persistent SceneSession Map Update, creationTime = 807 (elapsed = 0), _expireHandler: <__NSGlobalBlock__: 0x1e61729e0>
2026-07-03 11:41:02.426934+0000 0x105b0    Default     0x0                  23313  0    rayforge-pytest: (UIKitCore) [com.apple.UIKit:BackgroundTask] Decrementing reference count for assertion <BKSProcessAssertion: 0x600002104140> (used by background task with identifier 2: <_UIBackgroundTaskInfo: 0x600001714240>: taskID = 2, taskName = Persistent SceneSession Map Update, creationTime = 807 (elapsed = 0))
2026-07-03 11:41:02.426964+0000 0x105b0    Default     0x0                  23313  0    rayforge-pytest: (UIKitCore) [com.apple.UIKit:BackgroundTask] Will invalidate assertion: <BKSProcessAssertion: 0x600002104140> for task identifier: 2
2026-07-03 11:41:02.439540+0000 0x105a2    Default     0x0                  23313  0    rayforge-pytest: (Python) PYTHON OK 3.13.14 (main, Jun 12 2026, 07:26:39) [Clang 17.0.0 (clang-1700.0.13.5)]
2026-07-03 11:41:02.440952+0000 0x105a2    Default     0x0                  23313  0    rayforge-pytest: (Python) sys.platform = ios
2026-07-03 11:41:02.440976+0000 0x105a2    Default     0x0                  23313  0    rayforge-pytest: (Python) sys.path = ['/Users/runner/Library/Developer/CoreSimulator/Devices/9FBCD544-302A-429F-B09D-BCEF862188F4/data/Containers/Bundle/Application/06E55160-61A1-49DC-B912-89350252F794/RayforgePy.app/python/lib/python3.13', '/Users/runner/Library/Developer/CoreSimulator/Devices/9FBCD544-302A-429F-B09D-BCEF862188F4/data/Containers/Bundle/Application/06E55160-61A1-49DC-B912-89350252F794/RayforgePy.app/python/lib/python3.13/lib-dynload', '/Users/runner/Library/Developer/CoreSimulator/Devices/9FBCD544-302A-429F-B09D-BCEF862188F4/data/Containers/Bundle/Application/06E55160-61A1-49DC-B912-89350252F794/RayforgePy.app/python/lib/python3.13/site-packages']
2026-07-03 11:41:02.481425+0000 0x105b0    Activity    0x502f4              23313  0    rayforge-pytest: (RunningBoardServices) didChangeInheritances
2026-07-03 11:41:02.893809+0000 0x105b0    Default     0x0                  23313  0    rayforge-pytest: (BackBoardServices) [com.apple.BackBoard:EventDelivery] policyStatus:<BKSHIDEventDeliveryPolicyObserver: 0x600002608420; token: com.apple.frontboard.systemappservices/FBSceneManager:sceneID%3Aorg.rayforge.pytest-default; status: ancestor> was:none
2026-07-03 11:41:02.956291+0000 0x105b2    Activity    0x502f5              23313  0    rayforge-pytest: (RunningBoardServices) didChangeInheritances
2026-07-03 11:41:03.213467+0000 0x105b2    Activity    0x502f6              23313  0    rayforge-pytest: (RunningBoardServices) didChangeInheritances
2026-07-03 11:41:03.458444+0000 0x105b0    Activity    0x502f7              23313  0    rayforge-pytest: (RunningBoardServices) didChangeInheritances
2026-07-03 11:41:04.971367+0000 0x105a2    Default     0x0                  23313  0    rayforge-pytest: (libAccessibility.dylib) [com.apple.Accessibility:AXCommon] Read Per-App on Init: Smart invert = (null)
2026-07-03 11:41:04.971745+0000 0x105a2    Default     0x0                  23313  0    rayforge-pytest: (UIKitCore) [com.apple.UIKit:EventBus] Event Timing Profile for Touch: not found, path="/System/Library/EventTimingProfiles/Sim.Touch.plist"
2026-07-03 11:41:04.971863+0000 0x105a2    Default     0x0                  23313  0    rayforge-pytest: (UIKitCore) [com.apple.UIKit:EventBus] Event Timing Profile for Pencil: not found, path="/System/Library/EventTimingProfiles/Sim.Pencil.plist"
2026-07-03 11:41:04.972083+0000 0x105a2    Default     0x0                  23313  0    rayforge-pytest: (UIKitCore) [com.apple.UIKit:UpdateScheduler] Target list changed: <CADisplay:LCD PurpleMain>
2026-07-03 11:41:04.972790+0000 0x105a2    Default     0x0                  23313  0    rayforge-pytest: (UIKitCore) [com.apple.KeyboardArbiter:Client] startConnection
2026-07-03 11:41:04.972955+0000 0x105a2    Default     0x0                  23313  1    rayforge-pytest: (UIKitCore) [com.apple.UIKit:KeyWindow] Scene target of keyboard event deferring environment did change: 1; scene: UIWindowScene: 0x102f09d50; scene identity: com.apple.frontboard.systemappservices/FBSceneManager:sceneID%3Aorg.rayforge.pytest-default
2026-07-03 11:41:04.973084+0000 0x105a2    Default     0x0                  23313  0    rayforge-pytest: (UIKitCore) [com.apple.UIKit:UIFocus] Focus system enabled
2026-07-03 11:41:04.975146+0000 0x105a2    Default     0x0                  23313  0    rayforge-pytest: (UIKitCore) [com.apple.UIKit:UIFocus] Failed to update focus with context <UIFocusUpdateContext: 0x60000300ef40; previouslyFocusedItem: (nil); nextFocusedItem: (nil); focusHeading: None>. No additional info available.
2026-07-03 11:41:04.975841+0000 0x105a2    Default     0x0                  23313  0    rayforge-pytest: (UIKitCore) [com.apple.UIKit:InterfaceStyle] Not push traits update to screen for new style 1, <UIWindowScene: 0x102f09d50> (F497E026-7885-4961-BEF8-B79A45E78FB7)
2026-07-03 11:41:04.976373+0000 0x105a2    Default     0x0                  23313  1    rayforge-pytest: (UIKitCore) [com.apple.UIKit:EventDeferring] [0x60000290c310] Scene target of event deferring environments did update: scene: 0x102f09d50; current systemShellManagesKeyboardFocus: 1; systemShellManagesKeyboardFocusForScene: 1; eligibleForRecordRemoval: 1;
2026-07-03 11:41:04.976497+0000 0x105a2    Default     0x0                  23313  1    rayforge-pytest: (UIKitCore) [com.apple.UIKit:KeyWindow] Scene became target of keyboard event deferring environment: UIWindowScene: 0x102f09d50; scene identity: com.apple.frontboard.systemappservices/FBSceneManager:sceneID%3Aorg.rayforge.pytest-default
2026-07-03 11:41:04.976560+0000 0x105a2    Default     0x0                  23313  1    rayforge-pytest: (UIKitCore) [com.apple.UIKit:KeyWindow] Stack[KeyWindow] 0x600000c0e5b0: Migrate scenes from LastOneWins -> SystemShellManaged
2026-07-03 11:41:04.976616+0000 0x105a2    Default     0x0                  23313  1    rayforge-pytest: (UIKitCore) [com.apple.UIKit:KeyWindow] Setting default evaluation strategy for UIUserInterfaceIdiomPad to SystemShellManaged
2026-07-03 11:41:04.977771+0000 0x105a2    Default     0x0                  23313  0    rayforge-pytest: (UIKitCore) [com.apple.KeyboardArbiter:Client] handleKeyboardChange: set currentKeyboard:N (wasKeyboard:N)
2026-07-03 11:41:04.981508+0000 0x105a2    Default     0x0                  23313  0    rayforge-pytest: (UIKitCore) [com.apple.UIKit:KeyboardArbiterClientLog] isWritingToolsHandlingKeyboardTracking:Y (WT ready:Y, Arbiter ready:Y)
2026-07-03 11:41:04.983786+0000 0x105a2    Default     0x0                  23313  0    rayforge-pytest: (UIKitCore) [com.apple.UIKit:AppLifecycle] sceneOfRecord: sceneID: sceneID:org.rayforge.pytest-default  persistentID: F497E026-7885-4961-BEF8-B79A45E78FB7
2026-07-03 11:41:04.984889+0000 0x105a2    Default     0x0                  23313  0    rayforge-pytest: (UIKitCore) [com.apple.UIKit:InterfaceStyle] Not push traits update to screen for new style 1, <UIWindowScene: 0x102f09d50> (F497E026-7885-4961-BEF8-B79A45E78FB7)
2026-07-03 11:41:04.985721+0000 0x105a2    Default     0x0                  23313  0    rayforge-pytest: (UIKitCore) [com.apple.UIKit:InterfaceStyle] Not push traits update to screen for new style 1, <UIWindowScene: 0x102f09d50> (F497E026-7885-4961-BEF8-B79A45E78FB7)
2026-07-03 11:41:04.986001+0000 0x105a2    Default     0x0                  23313  0    rayforge-pytest: (UIKitCore) [com.apple.UIKit:AppLifecycle] sceneOfRecord: sceneID: sceneID:org.rayforge.pytest-default  persistentID: F497E026-7885-4961-BEF8-B79A45E78FB7
2026-07-03 11:41:04.986101+0000 0x105a2    Default     0x0                  23313  0    rayforge-pytest: (UIKitCore) [com.apple.UIKit:Application] Deactivation reason removed: 12; deactivation reasons: 4128 -> 32; animating application lifecycle event: 1
2026-07-03 11:41:04.986152+0000 0x105a2    Default     0x0                  23313  0    rayforge-pytest: (UIKitCore) [com.apple.KeyboardArbiter:Client] Send setDeactivating: N (-DeactivationReason:SuspendedEventsOnly)
2026-07-03 11:41:04.986642+0000 0x105a2    Default     0x0                  23313  0    rayforge-pytest: (UIKitCore) [com.apple.UIKit:Application] Deactivation reason removed: 5; deactivation reasons: 32 -> 0; animating application lifecycle event: 0
2026-07-03 11:41:05.262624+0000 0x105a2    Default     0x0                  23313  0    rayforge-pytest: (Network) [com.apple.network:activity] <nw_activity 50:1 [B37CB00C-7932-477E-89B4-8E63A1CD5902] (global parent) (reporting strategy default) complete (reason success)> complete with reason 2 (success), duration 4396ms
2026-07-03 11:41:05.262671+0000 0x105a2    Default     0x0                  23313  0    rayforge-pytest: (Network) [com.apple.network:activity] <nw_activity 50:2 [AD59FD50-58CB-461E-B378-6DA9967151EB] (reporting strategy default) complete (reason success)> complete with reason 2 (success), duration 4396ms
2026-07-03 11:41:05.262684+0000 0x105a2    Default     0x0                  23313  0    rayforge-pytest: (Network) [com.apple.network:activity] Unsetting the global parent activity <nw_activity 50:1 [B37CB00C-7932-477E-89B4-8E63A1CD5902] (global parent) (reporting strategy default) complete (reason success)>
2026-07-03 11:41:05.262694+0000 0x105a2    Default     0x0                  23313  0    rayforge-pytest: (Network) [com.apple.network:activity] Unset the global parent activity
