getpwuid_r did not find a match for uid 501
Timestamp                       Thread     Type        Activity             PID    TTL  
2026-07-05 07:37:20.458093+0000 0x201e3    Default     0x0                  53604  0    rayforge-app: (libMobileGestalt.dylib) No persisted cache on this platform.
2026-07-05 07:37:20.466021+0000 0x201ea    Default     0x0                  53604  0    rayforge-app: (libxpc.dylib) [com.apple.xpc:connection] [0x102b05f70] activating connection: mach=true listener=false peer=false name=com.apple.cfprefsd.daemon
2026-07-05 07:37:20.480037+0000 0x201ec    Activity    0x45fb0              53604  0    rayforge-app: (CoreFoundation) Loading Preferences From User Session CFPrefsD
2026-07-05 07:37:20.492673+0000 0x201ea    Default     0x0                  53604  0    rayforge-app: (UIKitCore) [com.apple.UIKit:BackgroundTask] Creating new assertion because there is no existing background assertion.
2026-07-05 07:37:20.492873+0000 0x201ea    Default     0x0                  53604  0    rayforge-app: (UIKitCore) [com.apple.UIKit:BackgroundTask] Creating new background assertion
2026-07-05 07:37:20.493256+0000 0x201ea    Default     0x0                  53604  0    rayforge-app: (UIKitCore) [com.apple.UIKit:BackgroundTask] Created new background assertion <BKSProcessAssertion: 0x60000210a940>
2026-07-05 07:37:20.493325+0000 0x201ea    Default     0x0                  53604  0    rayforge-app: (RunningBoardServices) [com.apple.runningboard:connection] Initializing connection
2026-07-05 07:37:20.493386+0000 0x201ea    Default     0x0                  53604  0    rayforge-app: (RunningBoardServices) [com.apple.runningboard:process] Removing all cached process handles
2026-07-05 07:37:20.493677+0000 0x201eb    Default     0x0                  53604  0    rayforge-app: (BoardServices) [com.apple.BoardServices:XPCErrors] [C:1] Alloc com.apple.frontboard.systemappservices
2026-07-05 07:37:20.493971+0000 0x201eb    Default     0x0                  53604  0    rayforge-app: (libxpc.dylib) [com.apple.xpc:connection] [0x102905800] activating connection: mach=false listener=false peer=false name=(anonymous)
2026-07-05 07:37:20.494062+0000 0x201ed    Default     0x0                  53604  0    rayforge-app: (RunningBoardServices) [com.apple.runningboard:connection] Sending handshake request attempt #1 to server
2026-07-05 07:37:20.494490+0000 0x201ea    Default     0x0                  53604  0    rayforge-app: (RunningBoardServices) [com.apple.runningboard:connection] Creating connection to com.apple.runningboard
2026-07-05 07:37:20.504879+0000 0x201ea    Default     0x0                  53604  0    rayforge-app: (libxpc.dylib) [com.apple.xpc:connection] [0x102b076d0] activating connection: mach=true listener=false peer=false name=com.apple.runningboard
2026-07-05 07:37:20.508407+0000 0x201ec    Activity    0x45fb1              53604  0    rayforge-app: (RunningBoardServices) didChangeInheritances
2026-07-05 07:37:20.508797+0000 0x201e3    Default     0x0                  53604  0    rayforge-app: (UIKitCore) [com.apple.UIKit:Application] Deactivation reason added: 10; deactivation reasons: 0 -> 1024; animating application lifecycle event: 0
2026-07-05 07:37:20.508920+0000 0x201ed    Default     0x0                  53604  0    rayforge-app: (RunningBoardServices) [com.apple.runningboard:connection] Handshake succeeded
2026-07-05 07:37:20.509072+0000 0x201ed    Default     0x0                  53604  0    rayforge-app: (RunningBoardServices) [com.apple.runningboard:connection] Identity resolved as app<org.rayforge.app((null))>
2026-07-05 07:37:20.509108+0000 0x201e3    Default     0x0                  53604  0    rayforge-app: (BoardServices) [com.apple.BoardServices:Injection] activating monitor for service com.apple.frontboard.open
2026-07-05 07:37:20.509949+0000 0x201e3    Default     0x0                  53604  0    rayforge-app: (BoardServices) [com.apple.BoardServices:Injection] activating monitor for service com.apple.frontboard.workspace-service
2026-07-05 07:37:20.511064+0000 0x201ea    Default     0x0                  53604  0    rayforge-app: (UIKitCore) [com.apple.UIKit:BackgroundTask] Incrementing reference count for background assertion <BKSProcessAssertion: 0x60000210a940>
2026-07-05 07:37:20.511130+0000 0x201e3    Default     0x0                  53604  0    rayforge-app: (FrontBoardServices) [com.apple.FrontBoard:Common] FBSWorkspace registering source: com.apple.frontboard.systemappservices
2026-07-05 07:37:20.511174+0000 0x201ea    Default     0x0                  53604  0    rayforge-app: (UIKitCore) [com.apple.UIKit:BackgroundTask] Created background task <_UIBackgroundTaskInfo: 0x600001701b80>: taskID = 1, taskName = Launch Background Task for Coalescing, creationTime = 1993 (elapsed = 0).
2026-07-05 07:37:20.511501+0000 0x201ea    Default     0x0                  53604  0    rayforge-app: (FrontBoardServices) [com.apple.FrontBoard:SceneExtension] Realizing settings extension _UIApplicationSceneKeyboardSettings on FBSSceneSettings
2026-07-05 07:37:20.512763+0000 0x201ea    Default     0x0                  53604  0    rayforge-app: (FrontBoardServices) [com.apple.FrontBoard:SceneExtension] Realizing settings extension <_UISceneOcclusionSettings> on FBSSceneSettings
2026-07-05 07:37:20.513054+0000 0x201ea    Default     0x0                  53604  0    rayforge-app: (FrontBoardServices) [com.apple.FrontBoard:SceneExtension] Realizing settings extension <_UISceneInterfaceProtectionSettings> on FBSSceneSettings
2026-07-05 07:37:20.513218+0000 0x201ea    Default     0x0                  53604  0    rayforge-app: (FrontBoardServices) [com.apple.FrontBoard:SceneExtension] Realizing settings extension _UISceneLayoutPreferencesHostSettingsExtension on FBSSceneSettings
2026-07-05 07:37:20.513336+0000 0x201ea    Default     0x0                  53604  0    rayforge-app: (FrontBoardServices) [com.apple.FrontBoard:SceneExtension] Realizing settings extension _UISceneSafeAreaSettingsExtension on FBSSceneSettings
2026-07-05 07:37:20.513681+0000 0x201ea    Default     0x0                  53604  0    rayforge-app: (FrontBoardServices) [com.apple.FrontBoard:SceneExtension] Realizing settings extension _UISceneLayoutPreferenceClientSettingsExtension on FBSSceneClientSettings
2026-07-05 07:37:20.513752+0000 0x201e3    Default     0x0                  53604  0    rayforge-app: (FrontBoardServices) [com.apple.FrontBoard:Common] FBSWorkspace connected to endpoint : <BSServiceConnectionEndpoint: 0x60000020d020; target: com.apple.frontboard.systemappservices; service: com.apple.frontboard.workspace-service>
2026-07-05 07:37:20.513886+0000 0x201e3    Default     0x0                  53604  0    rayforge-app: (FrontBoardServices) [com.apple.FrontBoard:Common] <FBSWorkspaceScenesClient:0x6000030042d0 com.apple.frontboard.systemappservices> attempting immediate handshake from activate
2026-07-05 07:37:20.513942+0000 0x201ea    Default     0x0                  53604  0    rayforge-app: (FrontBoardServices) [com.apple.FrontBoard:SceneExtension] Realizing settings extension <_UIHomeAffordanceHostSceneSettings> on FBSSceneSettings
2026-07-05 07:37:20.514073+0000 0x201e3    Default     0x0                  53604  0    rayforge-app: (FrontBoardServices) [com.apple.FrontBoard:Common] <FBSWorkspaceScenesClient:0x6000030042d0 com.apple.frontboard.systemappservices> sent handshake
2026-07-05 07:37:20.514237+0000 0x201ea    Default     0x0                  53604  0    rayforge-app: (FrontBoardServices) [com.apple.FrontBoard:SceneExtension] Realizing settings extension _UISystemShellSceneHostingEnvironmentSettings on FBSSceneSettings
2026-07-05 07:37:20.514496+0000 0x201e3    Default     0x0                  53604  0    rayforge-app: (RunningBoardServices) [com.apple.runningboard:general] Added observer for process assertions expiration warning: <_RBSExpirationWarningClient: 0x600000211a60>
2026-07-05 07:37:20.514635+0000 0x201ea    Default     0x0                  53604  0    rayforge-app: (FrontBoardServices) [com.apple.FrontBoard:SceneExtension] Realizing settings extension _UISceneRenderingEnvironmentSettings on FBSSceneSettings
2026-07-05 07:37:20.514902+0000 0x201ea    Default     0x0                  53604  0    rayforge-app: (FrontBoardServices) [com.apple.FrontBoard:SceneExtension] Realizing settings extension <_UISceneRenderingEnvironmentClientSettings> on FBSSceneClientSettings
2026-07-05 07:37:20.515050+0000 0x201ea    Default     0x0                  53604  0    rayforge-app: (FrontBoardServices) [com.apple.FrontBoard:SceneExtension] Realizing settings extension <_UISceneTransitioningHostSettings> on FBSSceneSettings
2026-07-05 07:37:20.515454+0000 0x201ea    Default     0x0                  53604  0    rayforge-app: (FrontBoardServices) [com.apple.FrontBoard:SceneExtension] Realizing settings extension <_UISceneFocusSystemSettings> on FBSSceneSettings
2026-07-05 07:37:20.515554+0000 0x201ea    Default     0x0                  53604  0    rayforge-app: (FrontBoardServices) [com.apple.FrontBoard:SceneExtension] Realizing settings extension _UISceneOrientationSettingsExtension on FBSSceneSettings
2026-07-05 07:37:20.515789+0000 0x201ea    Default     0x0                  53604  0    rayforge-app: (FrontBoardServices) [com.apple.FrontBoard:SceneExtension] Realizing settings extension _UISceneOrientationClientSettingsExtension on FBSSceneClientSettings
2026-07-05 07:37:20.515878+0000 0x201ea    Default     0x0                  53604  0    rayforge-app: (FrontBoardServices) [com.apple.FrontBoard:SceneExtension] Realizing settings extension _UISceneWindowingControlClientSettings on FBSSceneClientSettings
2026-07-05 07:37:20.516442+0000 0x201ea    Default     0x0                  53604  0    rayforge-app: (FrontBoardServices) [com.apple.FrontBoard:SceneExtension] Realizing settings extension <_UISceneHostingContentSizePreferenceClientSettings> on FBSSceneClientSettings
2026-07-05 07:37:20.516965+0000 0x201ea    Default     0x0                  53604  0    rayforge-app: (FrontBoardServices) [com.apple.FrontBoard:SceneExtension] Realizing settings extension _UISceneHostingTraitCollectionPropagationSettings on FBSSceneSettings
2026-07-05 07:37:20.519356+0000 0x201ea    Default     0x0                  53604  0    rayforge-app: (FrontBoardServices) [com.apple.FrontBoard:SceneExtension] Realizing settings extension <_UISceneHostingSheetPresentationSettings> on FBSSceneSettings
2026-07-05 07:37:20.519584+0000 0x201e3    Default     0x0                  53604  0    rayforge-app: (UIKitCore) [com.apple.UIKit:UIScreen] Evaluated capturing state as 0 on <UIScreen: 0x102905940> for initial
2026-07-05 07:37:20.520104+0000 0x201e3    Default     0x0                  53604  0    rayforge-app: (UIKitCore) [com.apple.UIKit:UIScreen] Evaluated capturing state as 0 on <UIScreen: 0x102905940> for CADisplay KVO
2026-07-05 07:37:20.521500+0000 0x201e3    Default     0x0                  53604  0    rayforge-app: (libAccessibility.dylib) [com.apple.Accessibility:AXSupportCommon] Read CategoryName: per-app = 1, category name = (null)
2026-07-05 07:37:20.521833+0000 0x201ea    Default     0x0                  53604  0    rayforge-app: (FrontBoardServices) [com.apple.FrontBoard:SceneExtension] Realizing settings extension <_UISceneHostingSheetPresentationClientSettings> on FBSSceneClientSettings
2026-07-05 07:37:20.521899+0000 0x201e3    Default     0x0                  53604  0    rayforge-app: (libAccessibility.dylib) [com.apple.Accessibility:AXSupportCommon] Read CategoryName: per-app = 0, category name = (null)
2026-07-05 07:37:20.522745+0000 0x201ea    Default     0x0                  53604  0    rayforge-app: (FrontBoardServices) [com.apple.FrontBoard:SceneExtension] Realizing settings extension <_UISceneHostingEventDeferringSettings> on FBSSceneSettings
2026-07-05 07:37:20.548076+0000 0x201ea    Default     0x0                  53604  0    rayforge-app: (FrontBoardServices) [com.apple.FrontBoard:SceneExtension] Realizing settings extension <UIKit__UITypedKeyValueSceneSettings> on FBSSceneSettings
2026-07-05 07:37:20.548358+0000 0x201ea    Default     0x0                  53604  0    rayforge-app: (FrontBoardServices) [com.apple.FrontBoard:SceneExtension] Realizing settings extension <UIKit__UITypedKeyValueSceneSettings> on FBSSceneClientSettings
2026-07-05 07:37:20.548479+0000 0x201ea    Default     0x0                  53604  0    rayforge-app: (FrontBoardServices) [com.apple.FrontBoard:SceneExtension] Realizing settings extension <_UISceneHostingViewControllerPreferencePropagationClientSettings> on FBSSceneClientSettings
2026-07-05 07:37:20.549080+0000 0x201ea    Default     0x0                  53604  0    rayforge-app: (FrontBoardServices) [com.apple.FrontBoard:SceneExtension] Realizing settings extension <_UISceneZoomTransitionSettings> on FBSSceneSettings
2026-07-05 07:37:20.550675+0000 0x201f4    Default     0x0                  53604  0    rayforge-app: (FrontBoardServices) [com.apple.FrontBoard:SceneExtension] Realizing settings extension FBSSceneSettingsCore on FBSSceneSettings
2026-07-05 07:37:20.552907+0000 0x201e3    Default     0x0                  53604  0    rayforge-app: (XCTTargetBootstrap) [com.apple.dt.xctest:Default] Registering for test daemon availability notify post.
2026-07-05 07:37:20.552961+0000 0x201f4    Default     0x0                  53604  0    rayforge-app: (FrontBoardServices) [com.apple.FrontBoard:SceneExtension] Realizing settings extension FBSSceneClientSettingsCore on FBSSceneClientSettings
2026-07-05 07:37:20.553339+0000 0x201e3    Default     0x0                  53604  0    rayforge-app: (XCTTargetBootstrap) [com.apple.dt.xctest:Default] notify_get_state check indicated test daemon not ready.
2026-07-05 07:37:20.553545+0000 0x201e3    Default     0x0                  53604  0    rayforge-app: (XCTTargetBootstrap) [com.apple.dt.xctest:Default] notify_get_state check indicated test daemon not ready.
2026-07-05 07:37:20.553683+0000 0x201e3    Default     0x0                  53604  0    rayforge-app: (XCTTargetBootstrap) [com.apple.dt.xctest:Default] notify_get_state check indicated test daemon not ready.
2026-07-05 07:37:20.554364+0000 0x201e3    Default     0x0                  53604  0    rayforge-app: (UIKitCore) [com.apple.UIKit:UpdateScheduler] Selected display: name=LCD (PurpleMain), id=1
2026-07-05 07:37:20.557602+0000 0x201f4    Default     0x0                  53604  0    rayforge-app: (FrontBoardServices) [com.apple.FrontBoard:SceneExtension] UIMutableApplicationSceneSettings setting counterpart class: UIApplicationSceneSettings
2026-07-05 07:37:20.557807+0000 0x201f4    Default     0x0                  53604  0    rayforge-app: (FrontBoardServices) [com.apple.FrontBoard:SceneExtension] UIMutableApplicationSceneClientSettings setting counterpart class: UIApplicationSceneClientSettings
2026-07-05 07:37:20.558009+0000 0x201f4    Default     0x0                  53604  0    rayforge-app: (FrontBoardServices) [com.apple.FrontBoard:SceneExtension] Realizing settings extension FBSSceneTransitionContextCore on FBSSceneTransitionContext
2026-07-05 07:37:20.568641+0000 0x201e3    Default     0x0                  53604  0    rayforge-app: (UIKitCore) [com.apple.UIKit:BackgroundTask] Will add backgroundTask with taskName: Persistent SceneSession Map Update, expirationHandler: <__NSGlobalBlock__: 0x1e61729e0>
2026-07-05 07:37:20.577655+0000 0x201e3    Default     0x0                  53604  0    rayforge-app: (UIKitCore) [com.apple.UIKit:BackgroundTask] Reusing background assertion <BKSProcessAssertion: 0x60000210a940>
2026-07-05 07:37:20.577917+0000 0x201e3    Default     0x0                  53604  0    rayforge-app: (UIKitCore) [com.apple.UIKit:BackgroundTask] Incrementing reference count for background assertion <BKSProcessAssertion: 0x60000210a940>
2026-07-05 07:37:20.578069+0000 0x201e3    Default     0x0                  53604  0    rayforge-app: (UIKitCore) [com.apple.UIKit:BackgroundTask] Created background task <_UIBackgroundTaskInfo: 0x600001712a40>: taskID = 2, taskName = Persistent SceneSession Map Update, creationTime = 1994 (elapsed = 0).
2026-07-05 07:37:20.579198+0000 0x201e3    Default     0x0                  53604  0    rayforge-app: (UIKitCore) [com.apple.UIKit:Application] Deactivation reason added: 5; deactivation reasons: 1024 -> 1056; animating application lifecycle event: 1
2026-07-05 07:37:20.580425+0000 0x201e3    Default     0x0                  53604  0    rayforge-app: (UIKitCore) [com.apple.UIKit:InterfaceStyle] Not push traits update to screen for new style 1, <UIWindowScene: 0x102b06880> (DA10E383-6417-4BE5-A188-D50D6D9DEA54)
2026-07-05 07:37:20.580784+0000 0x201e3    Default     0x0                  53604  0    rayforge-app: (UIKitCore) [com.apple.UIKit:InterfaceStyle] Should send trait collection or coordinate space update, interface style 1 -> 1, <UIWindowScene: 0x102b06880> (DA10E383-6417-4BE5-A188-D50D6D9DEA54)
2026-07-05 07:37:20.582562+0000 0x201e3    Default     0x0                  53604  0    rayforge-app: (UIKitCore) [com.apple.UIKit:InterfaceStyle] Not push traits update to screen for new style 1, <UIWindowScene: 0x102b06880> (DA10E383-6417-4BE5-A188-D50D6D9DEA54)
2026-07-05 07:37:20.583040+0000 0x201e3    Default     0x0                  53604  0    rayforge-app: (UIKitCore) [com.apple.UIKit:HomeAffordanceObservation] Initializing: <_UIHomeAffordanceSceneNotifier: 0x6000029145b0>; with scene: <UIWindowScene: 0x102b06880>
2026-07-05 07:37:20.583270+0000 0x201e3    Default     0x0                  53604  0    rayforge-app: (BacklightServices) [com.apple.BacklightServices:scenes] 0x600000c11bc0 setDelegate:<0x600000c12a00 _UIBacklightEnvironment> hasDelegate:YES for environment:sceneID:org.rayforge.app-default
2026-07-05 07:37:20.584571+0000 0x201e3    Default     0x0                  53604  0    rayforge-app: (UIKitCore) [com.apple.UIKit:InterfaceStyle] Not push traits update to screen for new style 1, <UIWindowScene: 0x102b06880> (DA10E383-6417-4BE5-A188-D50D6D9DEA54)
2026-07-05 07:37:20.584922+0000 0x201e3    Default     0x0                  53604  1    rayforge-app: (UIKitCore) [com.apple.UIKit:EventDeferring] [0x600002914b60] Initialized with scene: <UIWindowScene: 0x102b06880>; behavior: <_UIEventDeferringBehavior_iOS: 0x600000205720>; availableForProcess: 1, systemShellManagesKeyboardFocus: 1
2026-07-05 07:37:20.585456+0000 0x201e3    Default     0x0                  53604  0    rayforge-app: (BoardServices) [com.apple.BoardServices:XPCErrors] [C:2] Alloc com.apple.backboard.hid-services.xpc
2026-07-05 07:37:20.585628+0000 0x201e3    Default     0x0                  53604  0    rayforge-app: (libxpc.dylib) [com.apple.xpc:connection] [0x102b0a420] activating connection: mach=false listener=false peer=false name=(anonymous)
2026-07-05 07:37:20.588119+0000 0x201ec    Default     0x0                  53604  0    rayforge-app: (BackBoardServices) [com.apple.BackBoard:EventDelivery] BKSHIDEventObserver - connection activation
2026-07-05 07:37:20.588141+0000 0x201e3    Default     0x0                  53604  0    rayforge-app: (BackBoardServices) [com.apple.BackBoard:EventDelivery] policyStatus:<BKSHIDEventDeliveryPolicyObserver: 0x6000026102a0; process scope; status: target> was:none
2026-07-05 07:37:20.588258+0000 0x201e3    Default     0x0                  53604  1    rayforge-app: (UIKitCore) [com.apple.UIKit:KeyWindow] Setting default evaluation strategy for UIUserInterfaceIdiomPad to LastOneWins
2026-07-05 07:37:20.588288+0000 0x201e3    Default     0x0                  53604  1    rayforge-app: (UIKitCore) [com.apple.UIKit:KeyWindow] Scene target of keyboard event deferring environment did change: 1; scene: UIWindowScene: 0x102b06880; scene identity: com.apple.frontboard.systemappservices/FBSceneManager:sceneID%3Aorg.rayforge.app-default
2026-07-05 07:37:20.588344+0000 0x201e3    Default     0x0                  53604  0    rayforge-app: (UIKitCore) [com.apple.UIKit:UIFocus] Focus system enabled
2026-07-05 07:37:20.589434+0000 0x201e3    Default     0x0                  53604  0    rayforge-app: (UIKitCore) [com.apple.UIKit:UIFocus] Failed to update focus with context <UIFocusUpdateContext: 0x600003004480; previouslyFocusedItem: (nil); nextFocusedItem: (nil); focusHeading: None>. No additional info available.
2026-07-05 07:37:20.589569+0000 0x201e3    Default     0x0                  53604  0    rayforge-app: (UIKitCore) [com.apple.UIKit:InterfaceStyle] Not push traits update to screen for new style 1, <UIWindowScene: 0x102b06880> (DA10E383-6417-4BE5-A188-D50D6D9DEA54)
2026-07-05 07:37:20.589613+0000 0x201e3    Default     0x0                  53604  1    rayforge-app: (UIKitCore) [com.apple.UIKit:EventDeferring] [0x600002914b60] Scene target of event deferring environments did update: scene: 0x102b06880; current systemShellManagesKeyboardFocus: 1; systemShellManagesKeyboardFocusForScene: 1; eligibleForRecordRemoval: 1;
2026-07-05 07:37:20.589631+0000 0x201e3    Default     0x0                  53604  1    rayforge-app: (UIKitCore) [com.apple.UIKit:KeyWindow] Scene became target of keyboard event deferring environment: UIWindowScene: 0x102b06880; scene identity: com.apple.frontboard.systemappservices/FBSceneManager:sceneID%3Aorg.rayforge.app-default
2026-07-05 07:37:20.589648+0000 0x201e3    Default     0x0                  53604  1    rayforge-app: (UIKitCore) [com.apple.UIKit:KeyWindow] Stack[KeyWindow] 0x600000c07870: Taking no further action for migration from LastOneWins -> SystemShellManaged as there are no scenes
2026-07-05 07:37:20.589663+0000 0x201e3    Default     0x0                  53604  1    rayforge-app: (UIKitCore) [com.apple.UIKit:KeyWindow] Setting default evaluation strategy for UIUserInterfaceIdiomPad to SystemShellManaged
2026-07-05 07:37:20.590131+0000 0x201e3    Default     0x0                  53604  1    rayforge-app: (UIKitCore) [com.apple.UIKit:KeyWindow] Key window needs update: 0; currentKeyWindowScene: 0x0; evaluatedKeyWindowScene: 0x102b06880; currentApplicationKeyWindow: 0x0; evaluatedApplicationKeyWindow: 0x0; reason: UIWindowScene: 0x102b06880: Window scene became target of keyboard environment
2026-07-05 07:37:20.590298+0000 0x201e3    Default     0x0                  53604  0    rayforge-app: (UIKitCore) [com.apple.UIKit:InterfaceStyle] Not push traits update to screen for new style 1, <UIWindowScene: 0x102b06880> (DA10E383-6417-4BE5-A188-D50D6D9DEA54)
2026-07-05 07:37:20.590711+0000 0x201e3    Default     0x0                  53604  0    rayforge-app: (UIKitCore) [com.apple.UIKit:InterfaceStyle] Not push traits update to screen for new style 1, <UIWindowScene: 0x102b06880> (DA10E383-6417-4BE5-A188-D50D6D9DEA54)
2026-07-05 07:37:20.601390+0000 0x201e3    Fault       0x45fb2              53604  14   rayforge-app: (UIKitCore) [com.apple.runtime-issues:UIKit App Config] `UIScene` lifecycle will soon be required. Failure to adopt will result in an assert in the future.
2026-07-05 07:37:20.601392+0000 0x201e3    Activity    0x45fb2              53604  0    rayforge-app: (libsystem_trace.dylib) Activity for state dumps
2026-07-05 07:37:20.602229+0000 0x201e3    Default     0x0                  53604  0    rayforge-app: (UIKitCore) [com.apple.UIKit:InterfaceStyle] Not push traits update to screen for new style 1, <UIWindowScene: 0x102b06880> (DA10E383-6417-4BE5-A188-D50D6D9DEA54)
2026-07-05 07:37:20.621294+0000 0x201e3    Default     0x0                  53604  0    rayforge-app: (UIKitCore) [com.apple.UIKit:AppLifecycle] sceneOfRecord: sceneID: sceneID:org.rayforge.app-default  persistentID: DA10E383-6417-4BE5-A188-D50D6D9DEA54
2026-07-05 07:37:20.622635+0000 0x201e3    Default     0x0                  53604  0    rayforge-app: (UIKitCore) [com.apple.UIKit:Application] Ignoring already applied deactivation reason: 5; deactivation reasons: 1056
2026-07-05 07:37:20.622762+0000 0x201e3    Default     0x0                  53604  0    rayforge-app: (UIKitCore) [com.apple.UIKit:Application] Deactivation reason added: 11; deactivation reasons: 1056 -> 3104; animating application lifecycle event: 1
2026-07-05 07:37:20.623440+0000 0x201e3    Default     0x0                  53604  0    rayforge-app: (UIKitCore) [com.apple.KeyboardArbiter:Client] startConnection
2026-07-05 07:37:20.625578+0000 0x201e3    Default     0x0                  53604  0    rayforge-app: (libxpc.dylib) [com.apple.xpc:connection] [0x102a0a8f0] activating connection: mach=true listener=false peer=false name=com.apple.UIKit.KeyboardManagement.hosted
2026-07-05 07:37:20.644785+0000 0x201f4    Default     0x0                  53604  0    rayforge-app: (BoardServices) [com.apple.BoardServices:XPCErrors] [C:3] Alloc com.apple.PointerUI.pointeruid.service
2026-07-05 07:37:20.644852+0000 0x201f4    Default     0x0                  53604  0    rayforge-app: (libxpc.dylib) [com.apple.xpc:connection] [0x102a0bd90] activating connection: mach=false listener=false peer=false name=(anonymous)
2026-07-05 07:37:20.670996+0000 0x201e3    Default     0x0                  53604  0    rayforge-app: (UIKitCore) [com.apple.UIKit:PointerLockState] preferredPointerLockStatus updated: scene: <UIWindowScene: 0x102b06880; role: UIWindowSceneSessionRoleApplication; persistentIdentifier: DA10E383-6417-4BE5-A188-D50D6D9DEA54; activationState: UISceneActivationStateForegroundInactive>; viewController: <UIViewController: 0x102a0cba0>; preferredPointerLockStatus: _UIPointerLockStatusUnlocked
2026-07-05 07:37:20.671180+0000 0x201e3    Default     0x0                  53604  0    rayforge-app: (UIKitCore) [com.apple.UIKit:Orientation] <UIWindowScene: 0x102b06880> (DA10E383-6417-4BE5-A188-D50D6D9DEA54) Scene updated orientation preferences: none -> ( Ll Lr )
2026-07-05 07:37:20.671309+0000 0x201e3    Default     0x0                  53604  1    rayforge-app: (UIKitCore) [com.apple.UIKit:KeyWindow] Key window API is scene-level: YES
2026-07-05 07:37:20.671340+0000 0x201e3    Default     0x0                  53604  1    rayforge-app: (UIKitCore) [com.apple.UIKit:KeyWindow] UIWindowScene: 0x102b06880: Window became key in scene: UIWindow: 0x102a0aa30; contextId: 0x274220C1: reason: UIWindowScene: 0x102b06880: Window requested to become key in scene: 0x102a0aa30
2026-07-05 07:37:20.671365+0000 0x201e3    Default     0x0                  53604  1    rayforge-app: (UIKitCore) [com.apple.UIKit:KeyWindow] Key window needs update: 1; currentKeyWindowScene: 0x0; evaluatedKeyWindowScene: 0x102b06880; currentApplicationKeyWindow: 0x0; evaluatedApplicationKeyWindow: 0x102a0aa30; reason: UIWindowScene: 0x102b06880: Window requested to become key in scene: 0x102a0aa30
2026-07-05 07:37:20.671395+0000 0x201e3    Default     0x0                  53604  1    rayforge-app: (UIKitCore) [com.apple.UIKit:KeyWindow] Window did become application key: UIWindow: 0x102a0aa30; contextId: 0x274220C1; scene identity: com.apple.frontboard.systemappservices/FBSceneManager:sceneID%3Aorg.rayforge.app-default
2026-07-05 07:37:20.671458+0000 0x201e3    Default     0x0                  53604  1    rayforge-app: (UIKitCore) [com.apple.UIKit:EventDeferring] [0x600002914b60] Begin local event deferring requested for token: 0x60000260ed00; environments: 1; reason: UIWindowScene: 0x102b06880: Begin event deferring in keyboardFocus for window: 0x102a0aa30
2026-07-05 07:37:20.672022+0000 0x201f4    Default     0x0                  53604  0    rayforge-app: (BackBoardServices) [com.apple.BackBoard:EventDelivery] BKSHIDEventDeliveryManager - connection activation
2026-07-05 07:37:20.675627+0000 0x201e3    Default     0x0                  53604  0    rayforge-app: (UIKitCore) [com.apple.UIKit:KeyboardSceneDelegate] Reloading input views for key-window scene responder: <GdkIOSView: 0x102a0d180; frame = (0 0; 1376 1032); > force:N
2026-07-05 07:37:20.676170+0000 0x201f4    Default     0x0                  53604  0    rayforge-app: (BackBoardServices) [com.apple.BackBoard:EventDelivery] policyStatus:<BKSHIDEventDeliveryPolicyObserver: 0x6000026102a0; token: com.apple.frontboard.systemappservices/FBSceneManager:sceneID%3Aorg.rayforge.app-default; status: ancestor> was:target
2026-07-05 07:37:20.678528+0000 0x201e3    Default     0x0                  53604  0    rayforge-app: (UIKitCore) [com.apple.UIKit:KeyboardSceneDelegate] _reloadInputViewsForKeyWindowSceneResponder: 1 force: 0, fromBecomeFirstResponder: 1 (automaticKeyboard: 1, reloadIdentifier: 26BD2263-0EC1-43E1-94D5-85E30BC037DE)
2026-07-05 07:37:20.678610+0000 0x201e3    Default     0x0                  53604  0    rayforge-app: (UIKitCore) [com.apple.UIKit:KeyboardSceneDelegate] _inputViewsForResponder: <GdkIOSView: 0x102a0d180; frame = (0 0; 1376 1032); >, automaticKeyboard: 1, force: 0
2026-07-05 07:37:20.678707+0000 0x201e3    Default     0x0                  53604  0    rayforge-app: (UIKitCore) [com.apple.UIKit:KeyboardSceneDelegate] _inputViewsForResponder, found custom inputView: <(null): 0x0>, customInputViewController: <(null): 0x0>
2026-07-05 07:37:20.678731+0000 0x201e3    Default     0x0                  53604  0    rayforge-app: (UIKitCore) [com.apple.UIKit:KeyboardSceneDelegate] _inputViewsForResponder, found inputAccessoryView: <(null): 0x0>
2026-07-05 07:37:20.678769+0000 0x201e3    Default     0x0                  53604  0    rayforge-app: (UIKitCore) [com.apple.UIKit:KeyboardSceneDelegate] _inputViewsForResponder, responderRequiresKeyboard 0 (automaticKeyboardEnabled: 1, activeInstance: <(null): 0x0>, self.isOnScreen: 0, requiresKBWhenFirstResponder: 0)
2026-07-05 07:37:20.678784+0000 0x201e3    Default     0x0                  53604  0    rayforge-app: (UIKitCore) [com.apple.UIKit:KeyboardSceneDelegate] _inputViewsForResponder, useKeyboard 0 (allowsSystemInputView: 1, !inputView <(null): 0x0>, responderRequiresKeyboard 0)
2026-07-05 07:37:20.678799+0000 0x201e3    Default     0x0                  53604  0    rayforge-app: (UIKitCore) [com.apple.UIKit:KeyboardSceneDelegate] _inputViewsForResponder, configuring _responderWithoutAutomaticAppearanceEnabled: <(null): 0x0> (_automaticAppearEnabled: 1)
2026-07-05 07:37:20.678820+0000 0x201e3    Default     0x0                  53604  0    rayforge-app: (UIKitCore) [com.apple.UIKit:KeyboardSceneDelegate] _inputViewsForResponder, needsIVPlaceholder: 0, needsIAVPlaceholder: 0, needsInputSetWithPlaceholder: 0
2026-07-05 07:37:20.678850+0000 0x201e3    Default     0x0                  53604  0    rayforge-app: (UIKitCore) [com.apple.UIKit:KeyboardSceneDelegate] _inputViewsForResponder returning: <<UIInputViewSet: 0x600003700540>; (empty)>
2026-07-05 07:37:20.681960+0000 0x201e3    Default     0x0                  53604  0    rayforge-app: (UIKitCore) [com.apple.UIKit:Application] Deactivation reason removed: 10; deactivation reasons: 3104 -> 2080; animating application lifecycle event: 1
2026-07-05 07:37:20.682418+0000 0x201e3    Default     0x0                  53604  0    rayforge-app: (UIKitCore) [com.apple.UIKit:Application] Deactivation reason added: 12; deactivation reasons: 2080 -> 6176; animating application lifecycle event: 1
2026-07-05 07:37:20.682451+0000 0x201e3    Default     0x0                  53604  0    rayforge-app: (UIKitCore) [com.apple.UIKit:Application] Deactivation reason removed: 11; deactivation reasons: 6176 -> 4128; animating application lifecycle event: 1
2026-07-05 07:37:20.684848+0000 0x201e3    Default     0x0                  53604  0    rayforge-app: (FrontBoardServices) [com.apple.FrontBoard:SceneExtension] Realizing settings extension <_UISceneIntelligenceSupportSettings> on FBSSceneSettings
2026-07-05 07:37:20.715003+0000 0x201e3    Default     0x0                  53604  0    rayforge-app: (UIKitCore) [com.apple.UIKit:InterfaceStyle] Not push traits update to screen for new style 1, <UIWindowScene: 0x102b06880> (DA10E383-6417-4BE5-A188-D50D6D9DEA54)
2026-07-05 07:37:20.717086+0000 0x201e3    Default     0x0                  53604  0    rayforge-app: (UIKitCore) [com.apple.UIKit:UIFocus] Failed to update focus with context <UIFocusUpdateContext: 0x6000030047e0; previouslyFocusedItem: (nil); nextFocusedItem: (nil); focusHeading: None>. No additional info available.
2026-07-05 07:37:20.728009+0000 0x201f4    Default     0x0                  53604  0    rayforge-app: (UIIntelligenceSupport) [com.apple.UIIntelligenceSupport:xpc] establishing connection to agent
2026-07-05 07:37:20.731171+0000 0x201f4    Default     0x0                  53604  0    rayforge-app: (libxpc.dylib) [com.apple.xpc:session] [0x600002105900] Session created.
2026-07-05 07:37:20.731202+0000 0x201f4    Default     0x0                  53604  0    rayforge-app: (libxpc.dylib) [com.apple.xpc:session] [0x600002105900] Session created from connection [0x102b0c3e0]
2026-07-05 07:37:20.732206+0000 0x201f4    Default     0x0                  53604  0    rayforge-app: (libxpc.dylib) [com.apple.xpc:connection] [0x102b0c3e0] activating connection: mach=true listener=false peer=false name=com.apple.uiintelligencesupport.agent
2026-07-05 07:37:20.732336+0000 0x201f4    Default     0x0                  53604  0    rayforge-app: (libxpc.dylib) [com.apple.xpc:session] [0x600002105900] Session activated
2026-07-05 07:37:20.734282+0000 0x201e3    Default     0x0                  53604  0    rayforge-app: (libxpc.dylib) [com.apple.xpc:connection] [0x102a045c0] activating connection: mach=true listener=false peer=false name=com.apple.lsd.mapdb
2026-07-05 07:37:20.776466+0000 0x201e3    Default     0x0                  53604  0    rayforge-app: (Network) [com.apple.network:activity] Create activity from XPC object <nw_activity 50:1 [B7D8F4FA-A945-46CA-AFF2-76A07396E4B7] (reporting strategy default)>
2026-07-05 07:37:20.776541+0000 0x201e3    Default     0x0                  53604  0    rayforge-app: (Network) [com.apple.network:activity] Create activity from XPC object <nw_activity 50:2 [292D7C3A-53D8-4A79-A27E-58C63E2B3F49] (reporting strategy default)>
2026-07-05 07:37:20.776562+0000 0x201e3    Default     0x0                  53604  0    rayforge-app: (Network) [com.apple.network:activity] Set activity <nw_activity 50:1 [B7D8F4FA-A945-46CA-AFF2-76A07396E4B7] (reporting strategy default)> as the global parent
2026-07-05 07:37:20.776624+0000 0x201e3    Default     0x0                  53604  0    rayforge-app: (UIKitCore) [com.apple.UIKit:BackgroundTask] Ending background task with UIBackgroundTaskIdentifier: 1
2026-07-05 07:37:20.776683+0000 0x201e3    Default     0x0                  53604  0    rayforge-app: (UIKitCore) [com.apple.UIKit:BackgroundTask] Ending task with identifier 1 and description: <_UIBackgroundTaskInfo: 0x600001701b80>: taskID = 1, taskName = Launch Background Task for Coalescing, creationTime = 1993 (elapsed = 1), _expireHandler: (null)
2026-07-05 07:37:20.776727+0000 0x201e3    Default     0x0                  53604  0    rayforge-app: (UIKitCore) [com.apple.UIKit:BackgroundTask] Decrementing reference count for assertion <BKSProcessAssertion: 0x60000210a940> (used by background task with identifier 1: <_UIBackgroundTaskInfo: 0x600001701b80>: taskID = 1, taskName = Launch Background Task for Coalescing, creationTime = 1993 (elapsed = 1))
2026-07-05 07:37:20.777400+0000 0x201e3    Default     0x0                  53604  1    rayforge-app: (UIKitCore) [com.apple.UIKit:EventDeferring] [0x600002914b60] Scene target of event deferring environments did update: scene: 0x102b06880; current systemShellManagesKeyboardFocus: 1; systemShellManagesKeyboardFocusForScene: 1; eligibleForRecordRemoval: 1;
2026-07-05 07:37:20.777764+0000 0x201e3    Default     0x0                  53604  1    rayforge-app: (UIKitCore) [com.apple.UIKit:KeyWindow] Scene became target of keyboard event deferring environment: UIWindowScene: 0x102b06880; scene identity: com.apple.frontboard.systemappservices/FBSceneManager:sceneID%3Aorg.rayforge.app-default
2026-07-05 07:37:21.157899+0000 0x201eb    Default     0x0                  53604  0    rayforge-app: (UIKitCore) [com.apple.UIKit:BackgroundTask] Ending background task with UIBackgroundTaskIdentifier: 2
2026-07-05 07:37:21.158209+0000 0x201eb    Default     0x0                  53604  0    rayforge-app: (UIKitCore) [com.apple.UIKit:BackgroundTask] Ending task with identifier 2 and description: <_UIBackgroundTaskInfo: 0x600001712a40>: taskID = 2, taskName = Persistent SceneSession Map Update, creationTime = 1994 (elapsed = 0), _expireHandler: <__NSGlobalBlock__: 0x1e61729e0>
2026-07-05 07:37:21.158272+0000 0x201eb    Default     0x0                  53604  0    rayforge-app: (UIKitCore) [com.apple.UIKit:BackgroundTask] Decrementing reference count for assertion <BKSProcessAssertion: 0x60000210a940> (used by background task with identifier 2: <_UIBackgroundTaskInfo: 0x600001712a40>: taskID = 2, taskName = Persistent SceneSession Map Update, creationTime = 1994 (elapsed = 0))
2026-07-05 07:37:21.158315+0000 0x201eb    Default     0x0                  53604  0    rayforge-app: (UIKitCore) [com.apple.UIKit:BackgroundTask] Will invalidate assertion: <BKSProcessAssertion: 0x60000210a940> for task identifier: 2
2026-07-05 07:37:21.699554+0000 0x201eb    Activity    0x45fb3              53604  0    rayforge-app: (RunningBoardServices) didChangeInheritances
2026-07-05 07:37:21.885007+0000 0x201eb    Activity    0x45fb4              53604  0    rayforge-app: (RunningBoardServices) didChangeInheritances
2026-07-05 07:37:22.001769+0000 0x201ec    Activity    0x45fb5              53604  0    rayforge-app: (RunningBoardServices) didChangeInheritances
2026-07-05 07:37:38.765786+0000 0x201f6    Activity    0x45fb6              53604  0    rayforge-app: (RunningBoardServices) didChangeInheritances
2026-07-05 07:38:58.262063+0000 0x201e3    Default     0x0                  53604  0    rayforge-app: (UIKitCore) [com.apple.UIKit:EventBus] Event Timing Profile for Touch: not found, path="/System/Library/EventTimingProfiles/Sim.Touch.plist"
2026-07-05 07:38:58.262220+0000 0x201e3    Default     0x0                  53604  0    rayforge-app: (UIKitCore) [com.apple.UIKit:EventBus] Event Timing Profile for Pencil: not found, path="/System/Library/EventTimingProfiles/Sim.Pencil.plist"
2026-07-05 07:38:58.280397+0000 0x201e3    Default     0x0                  53604  0    rayforge-app: (UIKitCore) [com.apple.UIKit:UpdateScheduler] Target list changed: <CADisplay:LCD PurpleMain>
2026-07-05 07:38:58.283481+0000 0x201e3    Default     0x0                  53604  0    rayforge-app: (UIKitCore) [com.apple.KeyboardArbiter:Client] startConnection
2026-07-05 07:38:58.285682+0000 0x201e3    Default     0x0                  53604  0    rayforge-app: (libAccessibility.dylib) [com.apple.Accessibility:AXCommon] Read Per-App on Init: Smart invert = (null)
2026-07-05 07:38:58.310457+0000 0x201e3    Default     0x0                  53604  0    rayforge-app: (UIKitCore) [com.apple.UIKit:AppLifecycle] sceneOfRecord: sceneID: sceneID:org.rayforge.app-default  persistentID: DA10E383-6417-4BE5-A188-D50D6D9DEA54
2026-07-05 07:38:58.312103+0000 0x201e3    Default     0x0                  53604  0    rayforge-app: (UIKitCore) [com.apple.UIKit:InterfaceStyle] Not push traits update to screen for new style 1, <UIWindowScene: 0x102b06880> (DA10E383-6417-4BE5-A188-D50D6D9DEA54)
2026-07-05 07:38:58.317130+0000 0x201e3    Default     0x0                  53604  0    rayforge-app: (UIKitCore) [com.apple.UIKit:InterfaceStyle] Not push traits update to screen for new style 1, <UIWindowScene: 0x102b06880> (DA10E383-6417-4BE5-A188-D50D6D9DEA54)
2026-07-05 07:38:58.318644+0000 0x201e3    Default     0x0                  53604  0    rayforge-app: (UIKitCore) [com.apple.UIKit:AppLifecycle] sceneOfRecord: sceneID: sceneID:org.rayforge.app-default  persistentID: DA10E383-6417-4BE5-A188-D50D6D9DEA54
2026-07-05 07:38:58.319402+0000 0x201e3    Default     0x0                  53604  0    rayforge-app: (UIKitCore) [com.apple.UIKit:Application] Deactivation reason removed: 12; deactivation reasons: 4128 -> 32; animating application lifecycle event: 1
2026-07-05 07:38:58.319525+0000 0x201e3    Default     0x0                  53604  0    rayforge-app: (UIKitCore) [com.apple.KeyboardArbiter:Client] Send setDeactivating: N (-DeactivationReason:SuspendedEventsOnly)
2026-07-05 07:38:58.320278+0000 0x201e3    Default     0x0                  53604  0    rayforge-app: (UIKitCore) [com.apple.UIKit:Application] Deactivation reason removed: 5; deactivation reasons: 32 -> 0; animating application lifecycle event: 0
2026-07-05 07:38:58.778558+0000 0x22637    Default     0x0                  53604  0    rayforge-app: (Network) [com.apple.network:] networkd_settings_read_from_file initialized networkd settings by reading plist directly
2026-07-05 07:38:58.779560+0000 0x22637    Default     0x0                  53604  0    rayforge-app: (Network) [com.apple.network:] networkd_settings_read_from_file initialized networkd settings by reading plist directly
2026-07-05 07:38:58.782330+0000 0x2263b    Default     0x0                  53604  0    rayforge-app: (Network) [com.apple.network:path] nw_path_libinfo_path_check [77607459-556D-469D-85EA-E8735BD03F8E Hostname#e764a464:443 tcp, legacy-socket, attribution: developer]
	libinfo check path: satisfied (Path is satisfied), interface: en0
2026-07-05 07:38:58.782330+0000 0x22637    Default     0x0                  53604  0    rayforge-app: (Network) [com.apple.network:path] nw_path_libinfo_path_check [763A1C01-3EB9-469B-A44B-536B4A47725E Hostname#6e0fb8d6:443 tcp, legacy-socket, attribution: developer]
	libinfo check path: satisfied (Path is satisfied), interface: en0
2026-07-05 07:38:58.884154+0000 0x201e3    Default     0x0                  53604  0    rayforge-app: (UIKitCore) [com.apple.KeyboardArbiter:Client] handleKeyboardChange: set currentKeyboard:N (wasKeyboard:N)
2026-07-05 07:38:58.911810+0000 0x201e3    Default     0x0                  53604  0    rayforge-app: (UIKitCore) [com.apple.UIKit:KeyboardArbiterClientLog] isWritingToolsHandlingKeyboardTracking:Y (WT ready:Y, Arbiter ready:Y)
2026-07-05 07:38:59.472202+0000 0x201e3    Default     0x0                  53604  0    rayforge-app: (Network) [com.apple.network:activity] <nw_activity 50:1 [B7D8F4FA-A945-46CA-AFF2-76A07396E4B7] (global parent) (reporting strategy default) complete (reason success)> complete with reason 2 (success), duration 99868ms
2026-07-05 07:38:59.472480+0000 0x201e3    Default     0x0                  53604  0    rayforge-app: (Network) [com.apple.network:activity] <nw_activity 50:2 [292D7C3A-53D8-4A79-A27E-58C63E2B3F49] (reporting strategy default) complete (reason success)> complete with reason 2 (success), duration 99868ms
2026-07-05 07:38:59.472522+0000 0x201e3    Default     0x0                  53604  0    rayforge-app: (Network) [com.apple.network:activity] Unsetting the global parent activity <nw_activity 50:1 [B7D8F4FA-A945-46CA-AFF2-76A07396E4B7] (global parent) (reporting strategy default) complete (reason success)>
2026-07-05 07:38:59.472536+0000 0x201e3    Default     0x0                  53604  0    rayforge-app: (Network) [com.apple.network:activity] Unset the global parent activity
