Gdk-Message: 18:56:19.988: gdk-ios: bundle resources at /Users/runner/Library/Developer/CoreSimulator/Devices/CBD15854-C3FB-4E04-B488-ECA703C19589/data/Containers/Bundle/Application/982A2B87-C674-48A0-B523-7D2C044D5777/RayforgeApp.app
Gdk-Message: 18:56:20.168: gdk-ios: shell ready window=1032x1376 view=1032x1376 scale=2.00
Gdk-Message: 18:56:20.174: gdk-ios: VC layout view=1032x1376 screen=1032x1376
Gdk-Message: 18:56:20.236: gdk-ios: entering user main
** Message: 18:56:20.237: GI_TYPELIB_PATH: /Users/runner/Library/Developer/CoreSimulator/Devices/CBD15854-C3FB-4E04-B488-ECA703C19589/data/Containers/Bundle/Application/982A2B87-C674-48A0-B523-7D2C044D5777/RayforgeApp.app/lib/girepository-1.0
** Message: 18:56:20.238: python home: /Users/runner/Library/Developer/CoreSimulator/Devices/CBD15854-C3FB-4E04-B488-ECA703C19589/data/Containers/Bundle/Application/982A2B87-C674-48A0-B523-7D2C044D5777/RayforgeApp.app/python
** Message: 18:56:20.238: site-packages: /Users/runner/Library/Developer/CoreSimulator/Devices/CBD15854-C3FB-4E04-B488-ECA703C19589/data/Containers/Bundle/Application/982A2B87-C674-48A0-B523-7D2C044D5777/RayforgeApp.app/python/lib/python3.13/site-packages
IOSBOOT: ios_main.main() start
IOSBOOT: import rayforge.app
IOSBOOT: addon finder fast-fail installed
IOSBOOT: rayforge.app.main()
2026-07-05 18:56:21,827 - root - INFO - Logging configured. Console level: INFO
2026-07-05 18:56:21,828 - root - INFO - Session log file: /Users/runner/Library/Developer/CoreSimulator/Devices/CBD15854-C3FB-4E04-B488-ECA703C19589/data/Containers/Data/Application/5342B393-685A-4B0C-B809-15F07CF95953/.local/state/rayforge/log/session-2026-07-05_18-56-21.log
2026-07-05 18:56:21,828 - rayforge.app - INFO - Application starting with log level INFO
2026-07-05 18:56:21,828 - rayforge.app - INFO - PyCairo version: 1.29.0
2026-07-05 18:56:23,473 - rayforge.image.svg.svg_fallback - WARNING - pyvips svgload_buffer not available. Using Cairo/Rsvg fallback for SVG rendering.
2026-07-05 18:56:24,330 - rayforge.ui_gtk.sim3d - INFO - Skipping Canvas3D import due to RAYFORGE_DISABLE_3D
2026-07-05 18:56:24,330 - rayforge.ui_gtk.sim3d - INFO - 3D canvas disabled via RAYFORGE_DISABLE_3D environment variable.
2026-07-05 18:56:24,409 - rayforge.addon_mgr.addon_manager - INFO - Scanning for addons in /Users/runner/Library/Developer/CoreSimulator/Devices/CBD15854-C3FB-4E04-B488-ECA703C19589/data/Containers/Bundle/Application/982A2B87-C674-48A0-B523-7D2C044D5777/RayforgeApp.app/python/lib/python3.13/site-packages/rayforge/builtin_addons...
2026-07-05 18:56:24,413 - rayforge.addon_mgr.addon_manager - INFO - Loaded addon: core_materials (builtin)
2026-07-05 18:56:24,503 - rayforge.addon_mgr.addon_manager - INFO - Loaded addon: sketcher (builtin)
2026-07-05 18:56:24,510 - rayforge.addon_mgr.addon_manager - ERROR - Error importing addon laser_essentials: No module named 'raygeo.cnc'
2026-07-05 18:56:24,514 - rayforge.addon_mgr.addon_manager - ERROR - Error importing addon laser_essentials: No module named 'raygeo.cnc'
2026-07-05 18:56:24,514 - rayforge.addon_mgr.addon_manager - INFO - Loaded addon: laser_essentials (builtin)
2026-07-05 18:56:24,518 - rayforge.addon_mgr.addon_manager - INFO - Loaded addon: print_and_cut (builtin)
2026-07-05 18:56:24,548 - rayforge.addon_mgr.addon_manager - INFO - Loaded addon: post_processors (builtin)
2026-07-05 18:56:24,566 - rayforge.addon_mgr.addon_manager - INFO - Loaded addon: ai_workpiece_generator (builtin)
2026-07-05 18:56:24,760 - rayforge.context - INFO - Addons loaded (headless=False)
IOSBOOT: _ios_run: register()
IOSBOOT: _ios_run: activate()
2026-07-05 18:56:25,556 - rayforge.context - INFO - Lazy loading config manager
2026-07-05 18:56:25,562 - rayforge.context - INFO - Lazy loading machine manager
2026-07-05 18:56:25,569 - rayforge.core.config - INFO - Config file does not exist, creating default config.
2026-07-05 18:56:25,666 - rayforge.context - INFO - Lazy loading camera manager
2026-07-05 18:56:25,738 - rayforge.worker_init - ERROR - Failed to load enabled worker module 'rayforge_addons.core_materials.core_materials.worker': Plugin name already registered: rayforge_addons.core_materials.core_materials.worker=<module 'rayforge_addons.core_materials.core_materials.worker' from '/Users/runner/Library/Developer/CoreSimulator/Devices/CBD15854-C3FB-4E04-B488-ECA703C19589/data/Containers/Bundle/Application/982A2B87-C674-48A0-B523-7D2C044D5777/RayforgeApp.app/python/lib/python3.13/site-packages/rayforge/builtin_addons/rayforge-addon-materials/core_materials/worker.py'>
{'rayforge_addons.core_materials.core_materials.worker': <module 'rayforge_addons.core_materials.core_materials.worker' from '/Users/runner/Library/Developer/CoreSimulator/Devices/CBD15854-C3FB-4E04-B488-ECA703C19589/data/Containers/Bundle/Application/982A2B87-C674-48A0-B523-7D2C044D5777/RayforgeApp.app/python/lib/python3.13/site-packages/rayforge/builtin_addons/rayforge-addon-materials/core_materials/worker.py'>, 'rayforge_addons.sketcher.sketcher.worker': <module 'rayforge_addons.sketcher.sketcher.worker' from '/Users/runner/Library/Developer/CoreSimulator/Devices/CBD15854-C3FB-4E04-B488-ECA703C19589/data/Containers/Bundle/Application/982A2B87-C674-48A0-B523-7D2C044D5777/RayforgeApp.app/python/lib/python3.13/site-packages/rayforge/builtin_addons/rayforge-addon-sketcher/sketcher/worker.py'>, 'rayforge_addons.sketcher.sketcher.frontend': <module 'rayforge_addons.sketcher.sketcher.frontend' from '/Users/runner/Library/Developer/CoreSimulator/Devices/CBD15854-C3FB-4E04-B488-ECA703C19589/data/Containers/Bundle/Application/982A2B87-C674-48A0-B523-7D2C044D5777/RayforgeApp.app/python/lib/python3.13/site-packages/rayforge/builtin_addons/rayforge-addon-sketcher/sketcher/frontend.py'>, 'rayforge_addons.print_and_cut.print_and_cut.frontend': <module 'rayforge_addons.print_and_cut.print_and_cut.frontend' from '/Users/runner/Library/Developer/CoreSimulator/Devices/CBD15854-C3FB-4E04-B488-ECA703C19589/data/Containers/Bundle/Application/982A2B87-C674-48A0-B523-7D2C044D5777/RayforgeApp.app/python/lib/python3.13/site-packages/rayforge/builtin_addons/rayforge-addon-print-and-cut/print_and_cut/frontend.py'>, 'rayforge_addons.post_processors.post_processors.worker': <module 'rayforge_addons.post_processors.post_processors.worker' from '/Users/runner/Library/Developer/CoreSimulator/Devices/CBD15854-C3FB-4E04-B488-ECA703C19589/data/Containers/Bundle/Application/982A2B87-C674-48A0-B523-7D2C044D5777/RayforgeApp.app/python/lib/python3.13/site-packages/rayforge/builtin_addons/rayforge-addon-post/post_processors/worker.py'>, 'rayforge_addons.post_processors.post_processors.frontend': <module 'rayforge_addons.post_processors.post_processors.frontend' from '/Users/runner/Library/Developer/CoreSimulator/Devices/CBD15854-C3FB-4E04-B488-ECA703C19589/data/Containers/Bundle/Application/982A2B87-C674-48A0-B523-7D2C044D5777/RayforgeApp.app/python/lib/python3.13/site-packages/rayforge/builtin_addons/rayforge-addon-post/post_processors/frontend.py'>, 'rayforge_addons.ai_workpiece_generator.ai_workpiece_generator.frontend': <module 'rayforge_addons.ai_workpiece_generator.ai_workpiece_generator.frontend' from '/Users/runner/Library/Developer/CoreSimulator/Devices/CBD15854-C3FB-4E04-B488-ECA703C19589/data/Containers/Bundle/Application/982A2B87-C674-48A0-B523-7D2C044D5777/RayforgeApp.app/python/lib/python3.13/site-packages/rayforge/builtin_addons/rayforge-addon-ai-workpiece/ai_workpiece_generator/frontend.py'>}
2026-07-05 18:56:25,738 - rayforge.worker_init - ERROR - Failed to load enabled worker module 'rayforge_addons.sketcher.sketcher.worker': Plugin name already registered: rayforge_addons.sketcher.sketcher.worker=<module 'rayforge_addons.sketcher.sketcher.worker' from '/Users/runner/Library/Developer/CoreSimulator/Devices/CBD15854-C3FB-4E04-B488-ECA703C19589/data/Containers/Bundle/Application/982A2B87-C674-48A0-B523-7D2C044D5777/RayforgeApp.app/python/lib/python3.13/site-packages/rayforge/builtin_addons/rayforge-addon-sketcher/sketcher/worker.py'>
{'rayforge_addons.core_materials.core_materials.worker': <module 'rayforge_addons.core_materials.core_materials.worker' from '/Users/runner/Library/Developer/CoreSimulator/Devices/CBD15854-C3FB-4E04-B488-ECA703C19589/data/Containers/Bundle/Application/982A2B87-C674-48A0-B523-7D2C044D5777/RayforgeApp.app/python/lib/python3.13/site-packages/rayforge/builtin_addons/rayforge-addon-materials/core_materials/worker.py'>, 'rayforge_addons.sketcher.sketcher.worker': <module 'rayforge_addons.sketcher.sketcher.worker' from '/Users/runner/Library/Developer/CoreSimulator/Devices/CBD15854-C3FB-4E04-B488-ECA703C19589/data/Containers/Bundle/Application/982A2B87-C674-48A0-B523-7D2C044D5777/RayforgeApp.app/python/lib/python3.13/site-packages/rayforge/builtin_addons/rayforge-addon-sketcher/sketcher/worker.py'>, 'rayforge_addons.sketcher.sketcher.frontend': <module 'rayforge_addons.sketcher.sketcher.frontend' from '/Users/runner/Library/Developer/CoreSimulator/Devices/CBD15854-C3FB-4E04-B488-ECA703C19589/data/Containers/Bundle/Application/982A2B87-C674-48A0-B523-7D2C044D5777/RayforgeApp.app/python/lib/python3.13/site-packages/rayforge/builtin_addons/rayforge-addon-sketcher/sketcher/frontend.py'>, 'rayforge_addons.print_and_cut.print_and_cut.frontend': <module 'rayforge_addons.print_and_cut.print_and_cut.frontend' from '/Users/runner/Library/Developer/CoreSimulator/Devices/CBD15854-C3FB-4E04-B488-ECA703C19589/data/Containers/Bundle/Application/982A2B87-C674-48A0-B523-7D2C044D5777/RayforgeApp.app/python/lib/python3.13/site-packages/rayforge/builtin_addons/rayforge-addon-print-and-cut/print_and_cut/frontend.py'>, 'rayforge_addons.post_processors.post_processors.worker': <module 'rayforge_addons.post_processors.post_processors.worker' from '/Users/runner/Library/Developer/CoreSimulator/Devices/CBD15854-C3FB-4E04-B488-ECA703C19589/data/Containers/Bundle/Application/982A2B87-C674-48A0-B523-7D2C044D5777/RayforgeApp.app/python/lib/python3.13/site-packages/rayforge/builtin_addons/rayforge-addon-post/post_processors/worker.py'>, 'rayforge_addons.post_processors.post_processors.frontend': <module 'rayforge_addons.post_processors.post_processors.frontend' from '/Users/runner/Library/Developer/CoreSimulator/Devices/CBD15854-C3FB-4E04-B488-ECA703C19589/data/Containers/Bundle/Application/982A2B87-C674-48A0-B523-7D2C044D5777/RayforgeApp.app/python/lib/python3.13/site-packages/rayforge/builtin_addons/rayforge-addon-post/post_processors/frontend.py'>, 'rayforge_addons.ai_workpiece_generator.ai_workpiece_generator.frontend': <module 'rayforge_addons.ai_workpiece_generator.ai_workpiece_generator.frontend' from '/Users/runner/Library/Developer/CoreSimulator/Devices/CBD15854-C3FB-4E04-B488-ECA703C19589/data/Containers/Bundle/Application/982A2B87-C674-48A0-B523-7D2C044D5777/RayforgeApp.app/python/lib/python3.13/site-packages/rayforge/builtin_addons/rayforge-addon-ai-workpiece/ai_workpiece_generator/frontend.py'>}
2026-07-05 18:56:25,738 - rayforge.worker_init - ERROR - Failed to load enabled worker module 'rayforge_addons.post_processors.post_processors.worker': Plugin name already registered: rayforge_addons.post_processors.post_processors.worker=<module 'rayforge_addons.post_processors.post_processors.worker' from '/Users/runner/Library/Developer/CoreSimulator/Devices/CBD15854-C3FB-4E04-B488-ECA703C19589/data/Containers/Bundle/Application/982A2B87-C674-48A0-B523-7D2C044D5777/RayforgeApp.app/python/lib/python3.13/site-packages/rayforge/builtin_addons/rayforge-addon-post/post_processors/worker.py'>
{'rayforge_addons.core_materials.core_materials.worker': <module 'rayforge_addons.core_materials.core_materials.worker' from '/Users/runner/Library/Developer/CoreSimulator/Devices/CBD15854-C3FB-4E04-B488-ECA703C19589/data/Containers/Bundle/Application/982A2B87-C674-48A0-B523-7D2C044D5777/RayforgeApp.app/python/lib/python3.13/site-packages/rayforge/builtin_addons/rayforge-addon-materials/core_materials/worker.py'>, 'rayforge_addons.sketcher.sketcher.worker': <module 'rayforge_addons.sketcher.sketcher.worker' from '/Users/runner/Library/Developer/CoreSimulator/Devices/CBD15854-C3FB-4E04-B488-ECA703C19589/data/Containers/Bundle/Application/982A2B87-C674-48A0-B523-7D2C044D5777/RayforgeApp.app/python/lib/python3.13/site-packages/rayforge/builtin_addons/rayforge-addon-sketcher/sketcher/worker.py'>, 'rayforge_addons.sketcher.sketcher.frontend': <module 'rayforge_addons.sketcher.sketcher.frontend' from '/Users/runner/Library/Developer/CoreSimulator/Devices/CBD15854-C3FB-4E04-B488-ECA703C19589/data/Containers/Bundle/Application/982A2B87-C674-48A0-B523-7D2C044D5777/RayforgeApp.app/python/lib/python3.13/site-packages/rayforge/builtin_addons/rayforge-addon-sketcher/sketcher/frontend.py'>, 'rayforge_addons.print_and_cut.print_and_cut.frontend': <module 'rayforge_addons.print_and_cut.print_and_cut.frontend' from '/Users/runner/Library/Developer/CoreSimulator/Devices/CBD15854-C3FB-4E04-B488-ECA703C19589/data/Containers/Bundle/Application/982A2B87-C674-48A0-B523-7D2C044D5777/RayforgeApp.app/python/lib/python3.13/site-packages/rayforge/builtin_addons/rayforge-addon-print-and-cut/print_and_cut/frontend.py'>, 'rayforge_addons.post_processors.post_processors.worker': <module 'rayforge_addons.post_processors.post_processors.worker' from '/Users/runner/Library/Developer/CoreSimulator/Devices/CBD15854-C3FB-4E04-B488-ECA703C19589/data/Containers/Bundle/Application/982A2B87-C674-48A0-B523-7D2C044D5777/RayforgeApp.app/python/lib/python3.13/site-packages/rayforge/builtin_addons/rayforge-addon-post/post_processors/worker.py'>, 'rayforge_addons.post_processors.post_processors.frontend': <module 'rayforge_addons.post_processors.post_processors.frontend' from '/Users/runner/Library/Developer/CoreSimulator/Devices/CBD15854-C3FB-4E04-B488-ECA703C19589/data/Containers/Bundle/Application/982A2B87-C674-48A0-B523-7D2C044D5777/RayforgeApp.app/python/lib/python3.13/site-packages/rayforge/builtin_addons/rayforge-addon-post/post_processors/frontend.py'>, 'rayforge_addons.ai_workpiece_generator.ai_workpiece_generator.frontend': <module 'rayforge_addons.ai_workpiece_generator.ai_workpiece_generator.frontend' from '/Users/runner/Library/Developer/CoreSimulator/Devices/CBD15854-C3FB-4E04-B488-ECA703C19589/data/Containers/Bundle/Application/982A2B87-C674-48A0-B523-7D2C044D5777/RayforgeApp.app/python/lib/python3.13/site-packages/rayforge/builtin_addons/rayforge-addon-ai-workpiece/ai_workpiece_generator/frontend.py'>}
Gdk-Message: 18:56:25.865: gdk-ios: toplevel_present shell_bounds=1032x1376
Fontconfig warning: using without calling FcInit()
Gdk-Message: 18:56:25.920: gdk-ios: present placement transient=0 natural=1165x1150 -> frame=(0,0,1032x1376)
Gdk-Message: 18:56:25.920: gdk-ios: attach_layer surface=0x114561be0 layer=0x600000cbd2c0 root=0x600000c03840 root.bounds=1032x1376 root.sublayers=1 scale=2.00
Gdk-Message: 18:56:25.920: gdk-ios: apply_frame surface=0x114561be0 req=(0,0,1032x1376) layer.frame=(0,0,1032x1376)
Gdk-Message: 18:56:25.922: gdk-ios: toplevel_present shell_bounds=1032x1376
Gdk-Message: 18:56:25.923: gdk-ios: present placement transient=0 natural=1115x1100 -> frame=(0,0,1032x1376)
Gdk-Message: 18:56:25.923: gdk-ios: apply_frame surface=0x114561be0 req=(0,0,1032x1376) layer.frame=(0,0,1032x1376)
Gdk-Message: 18:56:25.924: gdk-ios: toplevel_present shell_bounds=1032x1376
Gdk-Message: 18:56:25.931: gdk-ios: present placement transient=1 natural=394x318 -> frame=(319,529,394x318)
Gdk-Message: 18:56:25.931: gdk-ios: attach_layer surface=0x11457c390 layer=0x600000cb3150 root=0x600000c03840 root.bounds=1032x1376 root.sublayers=2 scale=2.00
Gdk-Message: 18:56:25.931: gdk-ios: apply_frame surface=0x11457c390 req=(319,529,394x318) layer.frame=(319,529,394x318)
Gdk-Message: 18:56:25.931: gdk-ios: toplevel_present shell_bounds=1032x1376
Gdk-Message: 18:56:25.931: gdk-ios: present placement transient=1 natural=394x318 -> frame=(319,529,394x318)
Gdk-Message: 18:56:25.931: gdk-ios: apply_frame surface=0x11457c390 req=(319,529,394x318) layer.frame=(319,529,394x318)
2026-07-05 18:56:25,932 - rayforge.addon_mgr.update_cmd - INFO - Scheduling startup addon update check.
2026-07-05 18:56:25,932 - rayforge.updater - INFO - Scheduling app version update check.
IOSBOOT: _ios_run: activate() returned; windows=1
IOSBOOT:   window mapped=True visible=True title='Rayforge'
2026-07-05 18:56:25,934 - rayforge.addon_mgr.addon_manager - INFO - Checking for available addon updates...
IOSBOOT: keep-running caught — startup unwound cleanly
RAYFORGE UI RUNNING
** Message: 18:56:25.934: rayforge boot: PyGObject self-test ran (CPython 3.13.14 (main, Jun 12 2026, 07:26:39) [Clang 17.0.0 (clang-1700.0.13.5)]) ? see console for PYGOBJECT OK/FAIL
Gdk-Message: 18:56:25.942: gdk-ios: user main returned
Gdk-Message: 18:56:25.943: gdk-ios: VC layout view=1032x1376 screen=1032x1376
2026-07-05 18:56:25,999 - rayforge.addon_mgr.addon_manager - INFO - Fetching registry from https://raw.githubusercontent.com/barebaric/rayforge-registry/main/registry.yaml
Gdk-Message: 18:56:26.475: gdk-ios: begin_frame surface=1032x1376 scale=2.00 pixels=2064x2752
Gdk-Message: 18:56:26.567: gdk-ios: end_frame 2064x2752 stride=8256 data=0x116fac000 layer=0x600000cbd2c0 center=0xFFF5F5F6 tl=0xFFFFFFFF tr=0xFFFFFFFF bl=0xFFFAFAFB br=0xFFFAFAFB
Gdk-Message: 18:56:26.567: gdk-ios: presented layer=0x600000cbd2c0 frame=(0,0,1032x1376) contentsScale=2.00 opacity=1.00 hidden=0 super=0x600000c03840 hasContents=1
Gdk-Message: 18:56:26.568: gdk-ios: begin_frame surface=394x318 scale=2.00 pixels=788x636
Gdk-Message: 18:56:26.572: gdk-ios: end_frame 788x636 stride=3152 data=0x118558000 layer=0x600000cb3150 center=0xFFFAFAFB tl=0x00000000 tr=0x00000000 bl=0x00000000 br=0x00000000
Gdk-Message: 18:56:26.573: gdk-ios: presented layer=0x600000cb3150 frame=(319,529,394x318) contentsScale=2.00 opacity=1.00 hidden=0 super=0x600000c03840 hasContents=1
Gdk-Message: 18:56:26.575: gdk-ios: begin_frame surface=1032x1376 scale=2.00 pixels=2064x2752
Gdk-Message: 18:56:26.581: gdk-ios: end_frame 2064x2752 stride=8256 data=0x118744000 layer=0x600000cbd2c0 center=0x00000000 tl=0xFFFFFFFF tr=0x00000000 bl=0x00000000 br=0x00000000
Gdk-Message: 18:56:26.582: gdk-ios: presented layer=0x600000cbd2c0 frame=(0,0,1032x1376) contentsScale=2.00 opacity=1.00 hidden=0 super=0x600000c03840 hasContents=1
Gdk-Message: 18:56:26.591: gdk-ios: begin_frame surface=394x318 scale=2.00 pixels=788x636
Gdk-Message: 18:56:26.594: gdk-ios: end_frame 788x636 stride=3152 data=0x116fac000 layer=0x600000cb3150 center=0xFFFAFAFB tl=0x00000000 tr=0x00000000 bl=0x00000000 br=0x00000000
Gdk-Message: 18:56:26.594: gdk-ios: presented layer=0x600000cb3150 frame=(319,529,394x318) contentsScale=2.00 opacity=1.00 hidden=0 super=0x600000c03840 hasContents=1
Gdk-Message: 18:56:26.595: gdk-ios: begin_frame surface=1032x1376 scale=2.00 pixels=2064x2752
Gdk-Message: 18:56:26.606: gdk-ios: end_frame 2064x2752 stride=8256 data=0x117198000 layer=0x600000cbd2c0 center=0x00000000 tl=0xFFFFFFFF tr=0x00000000 bl=0x00000000 br=0x00000000
Gdk-Message: 18:56:26.606: gdk-ios: presented layer=0x600000cbd2c0 frame=(0,0,1032x1376) contentsScale=2.00 opacity=1.00 hidden=0 super=0x600000c03840 hasContents=1
2026-07-05 18:56:26,607 - rayforge.machine.models.controller - INFO - Machine 'Default Machine' (id:a6e099be-afcc-4286-8043-de3da5fd6694) rebuilding driver to 'None'
Gdk-Message: 18:56:26.613: gdk-ios: begin_frame surface=1032x1376 scale=2.00 pixels=2064x2752
Gdk-Message: 18:56:26.634: gdk-ios: end_frame 2064x2752 stride=8256 data=0x118744000 layer=0x600000cbd2c0 center=0xFFF5F5F6 tl=0xFFFFFFFF tr=0x00000000 bl=0xFFDDDDDD br=0xFFDDDDDD
Gdk-Message: 18:56:26.635: gdk-ios: presented layer=0x600000cbd2c0 frame=(0,0,1032x1376) contentsScale=2.00 opacity=1.00 hidden=0 super=0x600000c03840 hasContents=1
Gdk-Message: 18:56:26.674: gdk-ios: begin_frame surface=1032x1376 scale=2.00 pixels=2064x2752
Gdk-Message: 18:56:26.709: gdk-ios: end_frame 2064x2752 stride=8256 data=0x11b29c000 layer=0x600000cbd2c0 center=0xFFF5F5F6 tl=0xFFFFFFFF tr=0x00000000 bl=0x00000000 br=0x00000000
Gdk-Message: 18:56:26.719: gdk-ios: presented layer=0x600000cbd2c0 frame=(0,0,1032x1376) contentsScale=2.00 opacity=1.00 hidden=0 super=0x600000c03840 hasContents=1
Gdk-Message: 18:56:28.673: gdk-ios: pump alive frame=120 total_iterations=17
IOSBOOT: GEOM monitor[0] 1032x1376+0+0 scale=2
IOSBOOT: GEOM top[0] 'Rayforge' alloc=1032x1376 surface=1032x1376 surfscale=2 vis=True
IOSBOOT: GEOM top[1] 'Help Improve Rayforge' alloc=350x274 surface=394x318 surfscale=2 vis=True
Gdk-Message: 18:56:30.675: gdk-ios: pump alive frame=240 total_iterations=18
Gdk-Message: 18:56:32.675: gdk-ios: pump alive frame=360 total_iterations=18
Gdk-Message: 18:56:34.677: gdk-ios: pump alive frame=480 total_iterations=18
Gdk-Message: 18:56:36.678: gdk-ios: pump alive frame=600 total_iterations=18
Gdk-Message: 18:56:38.678: gdk-ios: pump alive frame=720 total_iterations=18
Gdk-Message: 18:56:40.679: gdk-ios: pump alive frame=840 total_iterations=18
Gdk-Message: 18:56:42.681: gdk-ios: pump alive frame=960 total_iterations=18
Gdk-Message: 18:56:44.681: gdk-ios: pump alive frame=1080 total_iterations=18
Gdk-Message: 18:56:46.683: gdk-ios: pump alive frame=1200 total_iterations=18
Gdk-Message: 18:56:48.682: gdk-ios: pump alive frame=1320 total_iterations=18
Gdk-Message: 18:56:50.685: gdk-ios: pump alive frame=1440 total_iterations=18
Gdk-Message: 18:56:52.686: gdk-ios: pump alive frame=1560 total_iterations=18
Gdk-Message: 18:56:54.686: gdk-ios: pump alive frame=1680 total_iterations=18
Gdk-Message: 18:56:56.688: gdk-ios: pump alive frame=1800 total_iterations=18
