++ xcrun simctl list runtimes
++ awk '/iOS/{id=$NF} END{print id}'
+ RUNTIME=com.apple.CoreSimulator.SimRuntime.iOS-26-2
++ xcrun simctl create rayforge-test com.apple.CoreSimulator.SimDeviceType.iPad-Pro-13-inch-M4-8GB com.apple.CoreSimulator.SimRuntime.iOS-26-2
+ UDID=CBD15854-C3FB-4E04-B488-ECA703C19589
+ test -n CBD15854-C3FB-4E04-B488-ECA703C19589
+ echo UDID=CBD15854-C3FB-4E04-B488-ECA703C19589
UDID=CBD15854-C3FB-4E04-B488-ECA703C19589
+ xcrun simctl boot CBD15854-C3FB-4E04-B488-ECA703C19589
+ xcrun simctl bootstatus CBD15854-C3FB-4E04-B488-ECA703C19589 -b
Monitoring boot status for rayforge-test (CBD15854-C3FB-4E04-B488-ECA703C19589).
[2026-07-05 18:54:40 +0000] Status=2, isTerminal=NO, Elapsed=00:29.
	Waiting on Data Migration
		Reason:Running plugin com.apple.-0LaunchServicesMigrator (00LaunchServicesMigrator.migrator, user-agnostic)
		Migration Elapsed:00:25 seconds

[2026-07-05 18:54:41 +0000] Status=2, isTerminal=NO, Elapsed=00:30.
	Waiting on Data Migration
		Reason:Running plugin com.apple.-0LaunchServicesMigrator (00LaunchServicesMigrator.migrator, user-agnostic)
		Migration Elapsed:00:26 seconds

[2026-07-05 18:54:42 +0000] Status=2, isTerminal=NO, Elapsed=00:31.
	Waiting on Data Migration
		Reason:Running plugin com.apple.-0LaunchServicesMigrator (00LaunchServicesMigrator.migrator, user-agnostic)
		Migration Elapsed:00:26 seconds

[2026-07-05 18:54:43 +0000] Status=2, isTerminal=NO, Elapsed=00:32.
	Waiting on Data Migration
		Reason:Running plugin com.apple.-0LaunchServicesMigrator (00LaunchServicesMigrator.migrator, user-agnostic)
		Migration Elapsed:00:28 seconds

[2026-07-05 18:54:44 +0000] Status=2, isTerminal=NO, Elapsed=00:33.
	Waiting on Data Migration
		Reason:Running plugin com.apple.-0LaunchServicesMigrator (00LaunchServicesMigrator.migrator, user-agnostic)
		Migration Elapsed:00:28 seconds

[2026-07-05 18:54:45 +0000] Status=2, isTerminal=NO, Elapsed=00:34.
	Waiting on Data Migration
		Reason:Running plugin com.apple.-0LaunchServicesMigrator (00LaunchServicesMigrator.migrator, user-agnostic)
		Migration Elapsed:00:30 seconds

[2026-07-05 18:54:46 +0000] Status=2, isTerminal=NO, Elapsed=00:35.
	Waiting on Data Migration
		Reason:Running plugin com.apple.-0LaunchServicesMigrator (00LaunchServicesMigrator.migrator, user-agnostic)
		Migration Elapsed:00:31 seconds

[2026-07-05 18:54:47 +0000] Status=2, isTerminal=NO, Elapsed=00:36.
	Waiting on Data Migration
		Reason:Running plugin com.apple.-0LaunchServicesMigrator (00LaunchServicesMigrator.migrator, user-agnostic)
		Migration Elapsed:00:32 seconds

[2026-07-05 18:54:48 +0000] Status=2, isTerminal=NO, Elapsed=00:37.
	Waiting on Data Migration
		Reason:Running plugin com.apple.-0LaunchServicesMigrator (00LaunchServicesMigrator.migrator, user-agnostic)
		Migration Elapsed:00:33 seconds

[2026-07-05 18:54:49 +0000] Status=2, isTerminal=NO, Elapsed=00:38.
	Waiting on Data Migration
		Reason:Running plugin com.apple.-0LaunchServicesMigrator (00LaunchServicesMigrator.migrator, user-agnostic)
		Migration Elapsed:00:34 seconds

[2026-07-05 18:54:50 +0000] Status=2, isTerminal=NO, Elapsed=00:39.
	Waiting on Data Migration
		Reason:Running plugin com.apple.-0LaunchServicesMigrator (00LaunchServicesMigrator.migrator, user-agnostic)
		Migration Elapsed:00:35 seconds

[2026-07-05 18:54:51 +0000] Status=2, isTerminal=NO, Elapsed=00:40.
	Waiting on Data Migration
		Reason:Running plugin com.apple.-0LaunchServicesMigrator (00LaunchServicesMigrator.migrator, user-agnostic)
		Migration Elapsed:00:36 seconds

[2026-07-05 18:54:52 +0000] Status=2, isTerminal=NO, Elapsed=00:41.
	Waiting on Data Migration
		Reason:Running plugin com.apple.-0LaunchServicesMigrator (00LaunchServicesMigrator.migrator, user-agnostic)
		Migration Elapsed:00:37 seconds

[2026-07-05 18:54:55 +0000] Status=2, isTerminal=NO, Elapsed=00:44.
	Waiting on Data Migration
		Reason:Running plugin com.apple.securityd.KeychainMigrator (KeychainMigrator.migrator, user-agnostic)
		Migration Elapsed:00:38 seconds

[2026-07-05 18:54:56 +0000] Status=2, isTerminal=NO, Elapsed=00:45.
	Waiting on Data Migration
		Reason:Running plugin com.apple.managedconfiguration.migrator (MCProfile.migrator, user-agnostic)
		Migration Elapsed:00:39 seconds

[2026-07-05 18:54:56 +0000] Status=2, isTerminal=NO, Elapsed=00:45.
	Waiting on Data Migration
		Reason:Running plugin com.apple.managedconfiguration.migrator (MCProfile.migrator, user-agnostic)
		Migration Elapsed:00:40 seconds

[2026-07-05 18:54:56 +0000] Status=2, isTerminal=NO, Elapsed=00:46.
	Waiting on Data Migration
		Reason:Running plugin com.apple.managedconfiguration.migrator (MCProfile.migrator, user-agnostic)
		Migration Elapsed:00:41 seconds

[2026-07-05 18:54:57 +0000] Status=2, isTerminal=NO, Elapsed=00:46.
	Waiting on Data Migration
		Reason:Running plugin com.apple.managedconfiguration.migrator (MCProfile.migrator, user-agnostic)
		Migration Elapsed:00:42 seconds

[2026-07-05 18:54:58 +0000] Status=2, isTerminal=NO, Elapsed=00:48.
	Waiting on Data Migration
		Reason:Running plugin com.apple.managedconfiguration.migrator (MCProfile.migrator, user-agnostic)
		Migration Elapsed:00:43 seconds

[2026-07-05 18:54:59 +0000] Status=2, isTerminal=NO, Elapsed=00:48.
	Waiting on Data Migration
		Reason:Running plugin com.apple.managedconfiguration.migrator (MCProfile.migrator, user-agnostic)
		Migration Elapsed:00:44 seconds

[2026-07-05 18:55:00 +0000] Status=2, isTerminal=NO, Elapsed=00:50.
	Waiting on Data Migration
		Reason:Running plugin com.apple.managedconfiguration.migrator (MCProfile.migrator, user-agnostic)
		Migration Elapsed:00:45 seconds

[2026-07-05 18:55:01 +0000] Status=2, isTerminal=NO, Elapsed=00:50.
	Waiting on Data Migration
		Reason:Running plugin com.apple.managedconfiguration.migrator (MCProfile.migrator, user-agnostic)
		Migration Elapsed:00:46 seconds

[2026-07-05 18:55:02 +0000] Status=2, isTerminal=NO, Elapsed=00:51.
	Waiting on Data Migration
		Reason:Running plugin com.apple.managedconfiguration.migrator (MCProfile.migrator, user-agnostic)
		Migration Elapsed:00:47 seconds

[2026-07-05 18:55:04 +0000] Status=2, isTerminal=NO, Elapsed=00:53.
	Waiting on Data Migration
		Reason:Running plugin com.apple.MobileSafari.migrator (MobileSafari.migrator)
		Migration Elapsed:00:48 seconds

[2026-07-05 18:55:06 +0000] Status=4, isTerminal=NO, Elapsed=00:55.
	Waiting on System App

[2026-07-05 18:55:07 +0000] Status=4, isTerminal=NO, Elapsed=00:56.
	Waiting on System App

[2026-07-05 18:55:07 +0000] Status=4, isTerminal=NO, Elapsed=00:56.
	Waiting on System App

[2026-07-05 18:55:07 +0000] Status=4, isTerminal=NO, Elapsed=00:57.
	Waiting on System App

[2026-07-05 18:55:08 +0000] Status=4, isTerminal=NO, Elapsed=00:58.
	Waiting on System App

[2026-07-05 18:55:14 +0000] Status=4294967295, isTerminal=YES, Elapsed=01:03.
	Finished

+ xcrun simctl install CBD15854-C3FB-4E04-B488-ECA703C19589 RayforgeApp.app
++ xcrun simctl get_app_container CBD15854-C3FB-4E04-B488-ECA703C19589 org.rayforge.app
+ APP_CONTAINER=/Users/runner/Library/Developer/CoreSimulator/Devices/CBD15854-C3FB-4E04-B488-ECA703C19589/data/Containers/Bundle/Application/982A2B87-C674-48A0-B523-7D2C044D5777/RayforgeApp.app
+ echo 'app container: /Users/runner/Library/Developer/CoreSimulator/Devices/CBD15854-C3FB-4E04-B488-ECA703C19589/data/Containers/Bundle/Application/982A2B87-C674-48A0-B523-7D2C044D5777/RayforgeApp.app'
app container: /Users/runner/Library/Developer/CoreSimulator/Devices/CBD15854-C3FB-4E04-B488-ECA703C19589/data/Containers/Bundle/Application/982A2B87-C674-48A0-B523-7D2C044D5777/RayforgeApp.app
+ FW_DIR=/Users/runner/Library/Developer/CoreSimulator/Devices/CBD15854-C3FB-4E04-B488-ECA703C19589/data/Containers/Bundle/Application/982A2B87-C674-48A0-B523-7D2C044D5777/RayforgeApp.app/Frameworks
+ LAUNCH_OUT=/Users/runner/work/Rayforge-iOS-ipa/Rayforge-iOS-ipa/app-console.log
+ xcrun simctl launch --stdout=/Users/runner/work/Rayforge-iOS-ipa/Rayforge-iOS-ipa/app-console.log --stderr=/Users/runner/work/Rayforge-iOS-ipa/Rayforge-iOS-ipa/app-console.log CBD15854-C3FB-4E04-B488-ECA703C19589 org.rayforge.app SIMCTL_CHILD_DYLD_LIBRARY_PATH=/Users/runner/Library/Developer/CoreSimulator/Devices/CBD15854-C3FB-4E04-B488-ECA703C19589/data/Containers/Bundle/Application/982A2B87-C674-48A0-B523-7D2C044D5777/RayforgeApp.app/Frameworks SIMCTL_CHILD_DYLD_FALLBACK_LIBRARY_PATH=/Users/runner/Library/Developer/CoreSimulator/Devices/CBD15854-C3FB-4E04-B488-ECA703C19589/data/Containers/Bundle/Application/982A2B87-C674-48A0-B523-7D2C044D5777/RayforgeApp.app/Frameworks SIMCTL_CHILD_G_MESSAGES_DEBUG=all
+ tee launch-cmd.log
org.rayforge.app: 20250
+ MARKER_SEEN=0
++ seq 1 36
+ for i in '$(seq 1 36)'
+ sleep 5
+ xcrun simctl spawn CBD15854-C3FB-4E04-B488-ECA703C19589 log show --last 6m --predicate 'process == "rayforge-app"'
+ grep -q 'RAYFORGE UI RUNNING' app-console.log app-syslog.log
+ MARKER_SEEN=1
+ echo 'marker seen after ~5s'
marker seen after ~5s
+ break
+ APP_ALIVE=1
+ xcrun simctl spawn CBD15854-C3FB-4E04-B488-ECA703C19589 launchctl list
+ grep -q org.rayforge.app
+ echo 'app alive: 1  marker seen: 1'
app alive: 1  marker seen: 1
+ echo 'waiting for first rendered frames...'
waiting for first rendered frames...
+ sleep 20
+ xcrun simctl io CBD15854-C3FB-4E04-B488-ECA703C19589 screenshot simulator-screenshot.png
Detected file type 'PNG' from extension
Wrote screenshot to: simulator-screenshot.png
+ ls -la simulator-screenshot.png
-rw-r--r--@ 1 runner  staff  259915 Jul  5 18:56 simulator-screenshot.png
+ mkdir -p crash-reports
+ find /Users/runner/Library/Logs/DiagnosticReports -name '*rayforge*' -newer RayforgeApp.app/Info.plist -exec cp '{}' crash-reports/ ';'
+ for c in 'crash-reports/*'
+ '[' -f 'crash-reports/*' ']'
+ continue
+ xcrun simctl shutdown CBD15854-C3FB-4E04-B488-ECA703C19589
+ echo '===== app console ====='
===== app console =====
+ cat app-console.log
Gdk-Message: 18:56:19.988: gdk-ios: bundle resources at /Users/runner/Library/Developer/CoreSimulator/Devices/CBD15854-C3FB-4E04-B488-ECA703C19589/data/Containers/Bundle/Application/982A2B87-C674-48A0-B523-7D2C044D5777/RayforgeApp.app
Gdk-Message: 18:56:20.168: gdk-ios: shell ready window=1032x1376 view=1032x1376 scale=2.00
Gdk-Message: 18:56:20.174: gdk-ios: VC layout view=1032x1376 screen=1032x1376
Gdk-Message: 18:56:20.236: gdk-ios: entering user main
** Message: 18:56:20.237: GI_TYPELIB_PATH: /Users/runner/Library/Developer/CoreSimulator/Devices/CBD15854-C3FB-4E04-B488-ECA703C19589/data/Containers/Bundle/Application/982A2B87-C674-48A0-B523-7D2C044D5777/RayforgeApp.app/lib/girepository-1.0
** Message: 18:56:20.238: python home: /Users/runner/Library/Developer/CoreSimulator/Devices/CBD15854-C3FB-4E04-B488-ECA703C19589/data/Containers/Bundle/Application/982A2B87-C674-48A0-B523-7D2C044D5777/RayforgeApp.app/python
** Message: 18:56:20.238: site-packages: /Users/runner/Library/Developer/CoreSimulator/Devices/CBD15854-C3FB-4E04-B488-ECA703C19589/data/Containers/Bundle/Application/982A2B87-C674-48A0-B523-7D2C044D5777/RayforgeApp.app/python/lib/python3.13/site-packages
IOSBOOT: ios_main.main() start
IOSBOOT: import rayforge.app
IOSBOOT: addon finder fast-fail installed
IOSBOOT: rayforge.app.main()
2026-07-05 18:56:21,827 - root - INFO - Logging configured. Console level: INFO
2026-07-05 18:56:21,828 - root - INFO - Session log file: /Users/runner/Library/Developer/CoreSimulator/Devices/CBD15854-C3FB-4E04-B488-ECA703C19589/data/Containers/Data/Application/5342B393-685A-4B0C-B809-15F07CF95953/.local/state/rayforge/log/session-2026-07-05_18-56-21.log
2026-07-05 18:56:21,828 - rayforge.app - INFO - Application starting with log level INFO
2026-07-05 18:56:21,828 - rayforge.app - INFO - PyCairo version: 1.29.0
2026-07-05 18:56:23,473 - rayforge.image.svg.svg_fallback - WARNING - pyvips svgload_buffer not available. Using Cairo/Rsvg fallback for SVG rendering.
2026-07-05 18:56:24,330 - rayforge.ui_gtk.sim3d - INFO - Skipping Canvas3D import due to RAYFORGE_DISABLE_3D
2026-07-05 18:56:24,330 - rayforge.ui_gtk.sim3d - INFO - 3D canvas disabled via RAYFORGE_DISABLE_3D environment variable.
2026-07-05 18:56:24,409 - rayforge.addon_mgr.addon_manager - INFO - Scanning for addons in /Users/runner/Library/Developer/CoreSimulator/Devices/CBD15854-C3FB-4E04-B488-ECA703C19589/data/Containers/Bundle/Application/982A2B87-C674-48A0-B523-7D2C044D5777/RayforgeApp.app/python/lib/python3.13/site-packages/rayforge/builtin_addons...
2026-07-05 18:56:24,413 - rayforge.addon_mgr.addon_manager - INFO - Loaded addon: core_materials (builtin)
2026-07-05 18:56:24,503 - rayforge.addon_mgr.addon_manager - INFO - Loaded addon: sketcher (builtin)
2026-07-05 18:56:24,510 - rayforge.addon_mgr.addon_manager - ERROR - Error importing addon laser_essentials: No module named 'raygeo.cnc'
2026-07-05 18:56:24,514 - rayforge.addon_mgr.addon_manager - ERROR - Error importing addon laser_essentials: No module named 'raygeo.cnc'
2026-07-05 18:56:24,514 - rayforge.addon_mgr.addon_manager - INFO - Loaded addon: laser_essentials (builtin)
2026-07-05 18:56:24,518 - rayforge.addon_mgr.addon_manager - INFO - Loaded addon: print_and_cut (builtin)
2026-07-05 18:56:24,548 - rayforge.addon_mgr.addon_manager - INFO - Loaded addon: post_processors (builtin)
2026-07-05 18:56:24,566 - rayforge.addon_mgr.addon_manager - INFO - Loaded addon: ai_workpiece_generator (builtin)
2026-07-05 18:56:24,760 - rayforge.context - INFO - Addons loaded (headless=False)
IOSBOOT: _ios_run: register()
IOSBOOT: _ios_run: activate()
2026-07-05 18:56:25,556 - rayforge.context - INFO - Lazy loading config manager
2026-07-05 18:56:25,562 - rayforge.context - INFO - Lazy loading machine manager
2026-07-05 18:56:25,569 - rayforge.core.config - INFO - Config file does not exist, creating default config.
2026-07-05 18:56:25,666 - rayforge.context - INFO - Lazy loading camera manager
2026-07-05 18:56:25,738 - rayforge.worker_init - ERROR - Failed to load enabled worker module 'rayforge_addons.core_materials.core_materials.worker': Plugin name already registered: rayforge_addons.core_materials.core_materials.worker=<module 'rayforge_addons.core_materials.core_materials.worker' from '/Users/runner/Library/Developer/CoreSimulator/Devices/CBD15854-C3FB-4E04-B488-ECA703C19589/data/Containers/Bundle/Application/982A2B87-C674-48A0-B523-7D2C044D5777/RayforgeApp.app/python/lib/python3.13/site-packages/rayforge/builtin_addons/rayforge-addon-materials/core_materials/worker.py'>
{'rayforge_addons.core_materials.core_materials.worker': <module 'rayforge_addons.core_materials.core_materials.worker' from '/Users/runner/Library/Developer/CoreSimulator/Devices/CBD15854-C3FB-4E04-B488-ECA703C19589/data/Containers/Bundle/Application/982A2B87-C674-48A0-B523-7D2C044D5777/RayforgeApp.app/python/lib/python3.13/site-packages/rayforge/builtin_addons/rayforge-addon-materials/core_materials/worker.py'>, 'rayforge_addons.sketcher.sketcher.worker': <module 'rayforge_addons.sketcher.sketcher.worker' from '/Users/runner/Library/Developer/CoreSimulator/Devices/CBD15854-C3FB-4E04-B488-ECA703C19589/data/Containers/Bundle/Application/982A2B87-C674-48A0-B523-7D2C044D5777/RayforgeApp.app/python/lib/python3.13/site-packages/rayforge/builtin_addons/rayforge-addon-sketcher/sketcher/worker.py'>, 'rayforge_addons.sketcher.sketcher.frontend': <module 'rayforge_addons.sketcher.sketcher.frontend' from '/Users/runner/Library/Developer/CoreSimulator/Devices/CBD15854-C3FB-4E04-B488-ECA703C19589/data/Containers/Bundle/Application/982A2B87-C674-48A0-B523-7D2C044D5777/RayforgeApp.app/python/lib/python3.13/site-packages/rayforge/builtin_addons/rayforge-addon-sketcher/sketcher/frontend.py'>, 'rayforge_addons.print_and_cut.print_and_cut.frontend': <module 'rayforge_addons.print_and_cut.print_and_cut.frontend' from '/Users/runner/Library/Developer/CoreSimulator/Devices/CBD15854-C3FB-4E04-B488-ECA703C19589/data/Containers/Bundle/Application/982A2B87-C674-48A0-B523-7D2C044D5777/RayforgeApp.app/python/lib/python3.13/site-packages/rayforge/builtin_addons/rayforge-addon-print-and-cut/print_and_cut/frontend.py'>, 'rayforge_addons.post_processors.post_processors.worker': <module 'rayforge_addons.post_processors.post_processors.worker' from '/Users/runner/Library/Developer/CoreSimulator/Devices/CBD15854-C3FB-4E04-B488-ECA703C19589/data/Containers/Bundle/Application/982A2B87-C674-48A0-B523-7D2C044D5777/RayforgeApp.app/python/lib/python3.13/site-packages/rayforge/builtin_addons/rayforge-addon-post/post_processors/worker.py'>, 'rayforge_addons.post_processors.post_processors.frontend': <module 'rayforge_addons.post_processors.post_processors.frontend' from '/Users/runner/Library/Developer/CoreSimulator/Devices/CBD15854-C3FB-4E04-B488-ECA703C19589/data/Containers/Bundle/Application/982A2B87-C674-48A0-B523-7D2C044D5777/RayforgeApp.app/python/lib/python3.13/site-packages/rayforge/builtin_addons/rayforge-addon-post/post_processors/frontend.py'>, 'rayforge_addons.ai_workpiece_generator.ai_workpiece_generator.frontend': <module 'rayforge_addons.ai_workpiece_generator.ai_workpiece_generator.frontend' from '/Users/runner/Library/Developer/CoreSimulator/Devices/CBD15854-C3FB-4E04-B488-ECA703C19589/data/Containers/Bundle/Application/982A2B87-C674-48A0-B523-7D2C044D5777/RayforgeApp.app/python/lib/python3.13/site-packages/rayforge/builtin_addons/rayforge-addon-ai-workpiece/ai_workpiece_generator/frontend.py'>}
2026-07-05 18:56:25,738 - rayforge.worker_init - ERROR - Failed to load enabled worker module 'rayforge_addons.sketcher.sketcher.worker': Plugin name already registered: rayforge_addons.sketcher.sketcher.worker=<module 'rayforge_addons.sketcher.sketcher.worker' from '/Users/runner/Library/Developer/CoreSimulator/Devices/CBD15854-C3FB-4E04-B488-ECA703C19589/data/Containers/Bundle/Application/982A2B87-C674-48A0-B523-7D2C044D5777/RayforgeApp.app/python/lib/python3.13/site-packages/rayforge/builtin_addons/rayforge-addon-sketcher/sketcher/worker.py'>
{'rayforge_addons.core_materials.core_materials.worker': <module 'rayforge_addons.core_materials.core_materials.worker' from '/Users/runner/Library/Developer/CoreSimulator/Devices/CBD15854-C3FB-4E04-B488-ECA703C19589/data/Containers/Bundle/Application/982A2B87-C674-48A0-B523-7D2C044D5777/RayforgeApp.app/python/lib/python3.13/site-packages/rayforge/builtin_addons/rayforge-addon-materials/core_materials/worker.py'>, 'rayforge_addons.sketcher.sketcher.worker': <module 'rayforge_addons.sketcher.sketcher.worker' from '/Users/runner/Library/Developer/CoreSimulator/Devices/CBD15854-C3FB-4E04-B488-ECA703C19589/data/Containers/Bundle/Application/982A2B87-C674-48A0-B523-7D2C044D5777/RayforgeApp.app/python/lib/python3.13/site-packages/rayforge/builtin_addons/rayforge-addon-sketcher/sketcher/worker.py'>, 'rayforge_addons.sketcher.sketcher.frontend': <module 'rayforge_addons.sketcher.sketcher.frontend' from '/Users/runner/Library/Developer/CoreSimulator/Devices/CBD15854-C3FB-4E04-B488-ECA703C19589/data/Containers/Bundle/Application/982A2B87-C674-48A0-B523-7D2C044D5777/RayforgeApp.app/python/lib/python3.13/site-packages/rayforge/builtin_addons/rayforge-addon-sketcher/sketcher/frontend.py'>, 'rayforge_addons.print_and_cut.print_and_cut.frontend': <module 'rayforge_addons.print_and_cut.print_and_cut.frontend' from '/Users/runner/Library/Developer/CoreSimulator/Devices/CBD15854-C3FB-4E04-B488-ECA703C19589/data/Containers/Bundle/Application/982A2B87-C674-48A0-B523-7D2C044D5777/RayforgeApp.app/python/lib/python3.13/site-packages/rayforge/builtin_addons/rayforge-addon-print-and-cut/print_and_cut/frontend.py'>, 'rayforge_addons.post_processors.post_processors.worker': <module 'rayforge_addons.post_processors.post_processors.worker' from '/Users/runner/Library/Developer/CoreSimulator/Devices/CBD15854-C3FB-4E04-B488-ECA703C19589/data/Containers/Bundle/Application/982A2B87-C674-48A0-B523-7D2C044D5777/RayforgeApp.app/python/lib/python3.13/site-packages/rayforge/builtin_addons/rayforge-addon-post/post_processors/worker.py'>, 'rayforge_addons.post_processors.post_processors.frontend': <module 'rayforge_addons.post_processors.post_processors.frontend' from '/Users/runner/Library/Developer/CoreSimulator/Devices/CBD15854-C3FB-4E04-B488-ECA703C19589/data/Containers/Bundle/Application/982A2B87-C674-48A0-B523-7D2C044D5777/RayforgeApp.app/python/lib/python3.13/site-packages/rayforge/builtin_addons/rayforge-addon-post/post_processors/frontend.py'>, 'rayforge_addons.ai_workpiece_generator.ai_workpiece_generator.frontend': <module 'rayforge_addons.ai_workpiece_generator.ai_workpiece_generator.frontend' from '/Users/runner/Library/Developer/CoreSimulator/Devices/CBD15854-C3FB-4E04-B488-ECA703C19589/data/Containers/Bundle/Application/982A2B87-C674-48A0-B523-7D2C044D5777/RayforgeApp.app/python/lib/python3.13/site-packages/rayforge/builtin_addons/rayforge-addon-ai-workpiece/ai_workpiece_generator/frontend.py'>}
2026-07-05 18:56:25,738 - rayforge.worker_init - ERROR - Failed to load enabled worker module 'rayforge_addons.post_processors.post_processors.worker': Plugin name already registered: rayforge_addons.post_processors.post_processors.worker=<module 'rayforge_addons.post_processors.post_processors.worker' from '/Users/runner/Library/Developer/CoreSimulator/Devices/CBD15854-C3FB-4E04-B488-ECA703C19589/data/Containers/Bundle/Application/982A2B87-C674-48A0-B523-7D2C044D5777/RayforgeApp.app/python/lib/python3.13/site-packages/rayforge/builtin_addons/rayforge-addon-post/post_processors/worker.py'>
{'rayforge_addons.core_materials.core_materials.worker': <module 'rayforge_addons.core_materials.core_materials.worker' from '/Users/runner/Library/Developer/CoreSimulator/Devices/CBD15854-C3FB-4E04-B488-ECA703C19589/data/Containers/Bundle/Application/982A2B87-C674-48A0-B523-7D2C044D5777/RayforgeApp.app/python/lib/python3.13/site-packages/rayforge/builtin_addons/rayforge-addon-materials/core_materials/worker.py'>, 'rayforge_addons.sketcher.sketcher.worker': <module 'rayforge_addons.sketcher.sketcher.worker' from '/Users/runner/Library/Developer/CoreSimulator/Devices/CBD15854-C3FB-4E04-B488-ECA703C19589/data/Containers/Bundle/Application/982A2B87-C674-48A0-B523-7D2C044D5777/RayforgeApp.app/python/lib/python3.13/site-packages/rayforge/builtin_addons/rayforge-addon-sketcher/sketcher/worker.py'>, 'rayforge_addons.sketcher.sketcher.frontend': <module 'rayforge_addons.sketcher.sketcher.frontend' from '/Users/runner/Library/Developer/CoreSimulator/Devices/CBD15854-C3FB-4E04-B488-ECA703C19589/data/Containers/Bundle/Application/982A2B87-C674-48A0-B523-7D2C044D5777/RayforgeApp.app/python/lib/python3.13/site-packages/rayforge/builtin_addons/rayforge-addon-sketcher/sketcher/frontend.py'>, 'rayforge_addons.print_and_cut.print_and_cut.frontend': <module 'rayforge_addons.print_and_cut.print_and_cut.frontend' from '/Users/runner/Library/Developer/CoreSimulator/Devices/CBD15854-C3FB-4E04-B488-ECA703C19589/data/Containers/Bundle/Application/982A2B87-C674-48A0-B523-7D2C044D5777/RayforgeApp.app/python/lib/python3.13/site-packages/rayforge/builtin_addons/rayforge-addon-print-and-cut/print_and_cut/frontend.py'>, 'rayforge_addons.post_processors.post_processors.worker': <module 'rayforge_addons.post_processors.post_processors.worker' from '/Users/runner/Library/Developer/CoreSimulator/Devices/CBD15854-C3FB-4E04-B488-ECA703C19589/data/Containers/Bundle/Application/982A2B87-C674-48A0-B523-7D2C044D5777/RayforgeApp.app/python/lib/python3.13/site-packages/rayforge/builtin_addons/rayforge-addon-post/post_processors/worker.py'>, 'rayforge_addons.post_processors.post_processors.frontend': <module 'rayforge_addons.post_processors.post_processors.frontend' from '/Users/runner/Library/Developer/CoreSimulator/Devices/CBD15854-C3FB-4E04-B488-ECA703C19589/data/Containers/Bundle/Application/982A2B87-C674-48A0-B523-7D2C044D5777/RayforgeApp.app/python/lib/python3.13/site-packages/rayforge/builtin_addons/rayforge-addon-post/post_processors/frontend.py'>, 'rayforge_addons.ai_workpiece_generator.ai_workpiece_generator.frontend': <module 'rayforge_addons.ai_workpiece_generator.ai_workpiece_generator.frontend' from '/Users/runner/Library/Developer/CoreSimulator/Devices/CBD15854-C3FB-4E04-B488-ECA703C19589/data/Containers/Bundle/Application/982A2B87-C674-48A0-B523-7D2C044D5777/RayforgeApp.app/python/lib/python3.13/site-packages/rayforge/builtin_addons/rayforge-addon-ai-workpiece/ai_workpiece_generator/frontend.py'>}
Gdk-Message: 18:56:25.865: gdk-ios: toplevel_present shell_bounds=1032x1376
Fontconfig warning: using without calling FcInit()
Gdk-Message: 18:56:25.920: gdk-ios: present placement transient=0 natural=1165x1150 -> frame=(0,0,1032x1376)
Gdk-Message: 18:56:25.920: gdk-ios: attach_layer surface=0x114561be0 layer=0x600000cbd2c0 root=0x600000c03840 root.bounds=1032x1376 root.sublayers=1 scale=2.00
Gdk-Message: 18:56:25.920: gdk-ios: apply_frame surface=0x114561be0 req=(0,0,1032x1376) layer.frame=(0,0,1032x1376)
Gdk-Message: 18:56:25.922: gdk-ios: toplevel_present shell_bounds=1032x1376
Gdk-Message: 18:56:25.923: gdk-ios: present placement transient=0 natural=1115x1100 -> frame=(0,0,1032x1376)
Gdk-Message: 18:56:25.923: gdk-ios: apply_frame surface=0x114561be0 req=(0,0,1032x1376) layer.frame=(0,0,1032x1376)
Gdk-Message: 18:56:25.924: gdk-ios: toplevel_present shell_bounds=1032x1376
Gdk-Message: 18:56:25.931: gdk-ios: present placement transient=1 natural=394x318 -> frame=(319,529,394x318)
Gdk-Message: 18:56:25.931: gdk-ios: attach_layer surface=0x11457c390 layer=0x600000cb3150 root=0x600000c03840 root.bounds=1032x1376 root.sublayers=2 scale=2.00
Gdk-Message: 18:56:25.931: gdk-ios: apply_frame surface=0x11457c390 req=(319,529,394x318) layer.frame=(319,529,394x318)
Gdk-Message: 18:56:25.931: gdk-ios: toplevel_present shell_bounds=1032x1376
Gdk-Message: 18:56:25.931: gdk-ios: present placement transient=1 natural=394x318 -> frame=(319,529,394x318)
Gdk-Message: 18:56:25.931: gdk-ios: apply_frame surface=0x11457c390 req=(319,529,394x318) layer.frame=(319,529,394x318)
2026-07-05 18:56:25,932 - rayforge.addon_mgr.update_cmd - INFO - Scheduling startup addon update check.
2026-07-05 18:56:25,932 - rayforge.updater - INFO - Scheduling app version update check.
IOSBOOT: _ios_run: activate() returned; windows=1
IOSBOOT:   window mapped=True visible=True title='Rayforge'
2026-07-05 18:56:25,934 - rayforge.addon_mgr.addon_manager - INFO - Checking for available addon updates...
IOSBOOT: keep-running caught — startup unwound cleanly
RAYFORGE UI RUNNING
** Message: 18:56:25.934: rayforge boot: PyGObject self-test ran (CPython 3.13.14 (main, Jun 12 2026, 07:26:39) [Clang 17.0.0 (clang-1700.0.13.5)]) ? see console for PYGOBJECT OK/FAIL
Gdk-Message: 18:56:25.942: gdk-ios: user main returned
Gdk-Message: 18:56:25.943: gdk-ios: VC layout view=1032x1376 screen=1032x1376
2026-07-05 18:56:25,999 - rayforge.addon_mgr.addon_manager - INFO - Fetching registry from https://raw.githubusercontent.com/barebaric/rayforge-registry/main/registry.yaml
Gdk-Message: 18:56:26.475: gdk-ios: begin_frame surface=1032x1376 scale=2.00 pixels=2064x2752
Gdk-Message: 18:56:26.567: gdk-ios: end_frame 2064x2752 stride=8256 data=0x116fac000 layer=0x600000cbd2c0 center=0xFFF5F5F6 tl=0xFFFFFFFF tr=0xFFFFFFFF bl=0xFFFAFAFB br=0xFFFAFAFB
Gdk-Message: 18:56:26.567: gdk-ios: presented layer=0x600000cbd2c0 frame=(0,0,1032x1376) contentsScale=2.00 opacity=1.00 hidden=0 super=0x600000c03840 hasContents=1
Gdk-Message: 18:56:26.568: gdk-ios: begin_frame surface=394x318 scale=2.00 pixels=788x636
Gdk-Message: 18:56:26.572: gdk-ios: end_frame 788x636 stride=3152 data=0x118558000 layer=0x600000cb3150 center=0xFFFAFAFB tl=0x00000000 tr=0x00000000 bl=0x00000000 br=0x00000000
Gdk-Message: 18:56:26.573: gdk-ios: presented layer=0x600000cb3150 frame=(319,529,394x318) contentsScale=2.00 opacity=1.00 hidden=0 super=0x600000c03840 hasContents=1
Gdk-Message: 18:56:26.575: gdk-ios: begin_frame surface=1032x1376 scale=2.00 pixels=2064x2752
Gdk-Message: 18:56:26.581: gdk-ios: end_frame 2064x2752 stride=8256 data=0x118744000 layer=0x600000cbd2c0 center=0x00000000 tl=0xFFFFFFFF tr=0x00000000 bl=0x00000000 br=0x00000000
Gdk-Message: 18:56:26.582: gdk-ios: presented layer=0x600000cbd2c0 frame=(0,0,1032x1376) contentsScale=2.00 opacity=1.00 hidden=0 super=0x600000c03840 hasContents=1
Gdk-Message: 18:56:26.591: gdk-ios: begin_frame surface=394x318 scale=2.00 pixels=788x636
Gdk-Message: 18:56:26.594: gdk-ios: end_frame 788x636 stride=3152 data=0x116fac000 layer=0x600000cb3150 center=0xFFFAFAFB tl=0x00000000 tr=0x00000000 bl=0x00000000 br=0x00000000
Gdk-Message: 18:56:26.594: gdk-ios: presented layer=0x600000cb3150 frame=(319,529,394x318) contentsScale=2.00 opacity=1.00 hidden=0 super=0x600000c03840 hasContents=1
Gdk-Message: 18:56:26.595: gdk-ios: begin_frame surface=1032x1376 scale=2.00 pixels=2064x2752
Gdk-Message: 18:56:26.606: gdk-ios: end_frame 2064x2752 stride=8256 data=0x117198000 layer=0x600000cbd2c0 center=0x00000000 tl=0xFFFFFFFF tr=0x00000000 bl=0x00000000 br=0x00000000
Gdk-Message: 18:56:26.606: gdk-ios: presented layer=0x600000cbd2c0 frame=(0,0,1032x1376) contentsScale=2.00 opacity=1.00 hidden=0 super=0x600000c03840 hasContents=1
2026-07-05 18:56:26,607 - rayforge.machine.models.controller - INFO - Machine 'Default Machine' (id:a6e099be-afcc-4286-8043-de3da5fd6694) rebuilding driver to 'None'
Gdk-Message: 18:56:26.613: gdk-ios: begin_frame surface=1032x1376 scale=2.00 pixels=2064x2752
Gdk-Message: 18:56:26.634: gdk-ios: end_frame 2064x2752 stride=8256 data=0x118744000 layer=0x600000cbd2c0 center=0xFFF5F5F6 tl=0xFFFFFFFF tr=0x00000000 bl=0xFFDDDDDD br=0xFFDDDDDD
Gdk-Message: 18:56:26.635: gdk-ios: presented layer=0x600000cbd2c0 frame=(0,0,1032x1376) contentsScale=2.00 opacity=1.00 hidden=0 super=0x600000c03840 hasContents=1
Gdk-Message: 18:56:26.674: gdk-ios: begin_frame surface=1032x1376 scale=2.00 pixels=2064x2752
Gdk-Message: 18:56:26.709: gdk-ios: end_frame 2064x2752 stride=8256 data=0x11b29c000 layer=0x600000cbd2c0 center=0xFFF5F5F6 tl=0xFFFFFFFF tr=0x00000000 bl=0x00000000 br=0x00000000
Gdk-Message: 18:56:26.719: gdk-ios: presented layer=0x600000cbd2c0 frame=(0,0,1032x1376) contentsScale=2.00 opacity=1.00 hidden=0 super=0x600000c03840 hasContents=1
Gdk-Message: 18:56:28.673: gdk-ios: pump alive frame=120 total_iterations=17
IOSBOOT: GEOM monitor[0] 1032x1376+0+0 scale=2
IOSBOOT: GEOM top[0] 'Rayforge' alloc=1032x1376 surface=1032x1376 surfscale=2 vis=True
IOSBOOT: GEOM top[1] 'Help Improve Rayforge' alloc=350x274 surface=394x318 surfscale=2 vis=True
Gdk-Message: 18:56:30.675: gdk-ios: pump alive frame=240 total_iterations=18
Gdk-Message: 18:56:32.675: gdk-ios: pump alive frame=360 total_iterations=18
Gdk-Message: 18:56:34.677: gdk-ios: pump alive frame=480 total_iterations=18
Gdk-Message: 18:56:36.678: gdk-ios: pump alive frame=600 total_iterations=18
Gdk-Message: 18:56:38.678: gdk-ios: pump alive frame=720 total_iterations=18
Gdk-Message: 18:56:40.679: gdk-ios: pump alive frame=840 total_iterations=18
Gdk-Message: 18:56:42.681: gdk-ios: pump alive frame=960 total_iterations=18
Gdk-Message: 18:56:44.681: gdk-ios: pump alive frame=1080 total_iterations=18
Gdk-Message: 18:56:46.683: gdk-ios: pump alive frame=1200 total_iterations=18
Gdk-Message: 18:56:48.682: gdk-ios: pump alive frame=1320 total_iterations=18
Gdk-Message: 18:56:50.685: gdk-ios: pump alive frame=1440 total_iterations=18
Gdk-Message: 18:56:52.686: gdk-ios: pump alive frame=1560 total_iterations=18
Gdk-Message: 18:56:54.686: gdk-ios: pump alive frame=1680 total_iterations=18
Gdk-Message: 18:56:56.688: gdk-ios: pump alive frame=1800 total_iterations=18
+ echo '===== app syslog (first 120) ====='
===== app syslog (first 120) =====
+ head -120 app-syslog.log
getpwuid_r did not find a match for uid 501
Timestamp                       Thread     Type        Activity             PID    TTL  
2026-07-05 18:56:19.962050+0000 0xe0ed     Default     0x0                  20250  0    rayforge-app: (libxpc.dylib) [com.apple.xpc:connection] [0x107205e60] activating connection: mach=true listener=false peer=false name=com.apple.cfprefsd.daemon
2026-07-05 18:56:19.962463+0000 0xe0e5     Default     0x0                  20250  0    rayforge-app: (libMobileGestalt.dylib) No persisted cache on this platform.
2026-07-05 18:56:19.965916+0000 0xe0ee     Activity    0x3fed0              20250  0    rayforge-app: (CoreFoundation) Loading Preferences From User Session CFPrefsD
2026-07-05 18:56:19.966011+0000 0xe0f0     Default     0x0                  20250  0    rayforge-app: (BoardServices) [com.apple.BoardServices:XPCErrors] [C:1] Alloc com.apple.frontboard.systemappservices
2026-07-05 18:56:19.966739+0000 0xe0f0     Default     0x0                  20250  0    rayforge-app: (libxpc.dylib) [com.apple.xpc:connection] [0x107106c60] activating connection: mach=false listener=false peer=false name=(anonymous)
2026-07-05 18:56:19.972259+0000 0xe0e5     Default     0x0                  20250  0    rayforge-app: (UIKitCore) [com.apple.UIKit:Application] Deactivation reason added: 10; deactivation reasons: 0 -> 1024; animating application lifecycle event: 0
2026-07-05 18:56:19.972436+0000 0xe0e5     Default     0x0                  20250  0    rayforge-app: (RunningBoardServices) [com.apple.runningboard:connection] Initializing connection
2026-07-05 18:56:19.972477+0000 0xe0e5     Default     0x0                  20250  0    rayforge-app: (RunningBoardServices) [com.apple.runningboard:process] Removing all cached process handles
2026-07-05 18:56:19.972515+0000 0xe0e5     Default     0x0                  20250  0    rayforge-app: (BoardServices) [com.apple.BoardServices:Injection] activating monitor for service com.apple.frontboard.open
2026-07-05 18:56:19.972997+0000 0xe0e5     Default     0x0                  20250  0    rayforge-app: (BoardServices) [com.apple.BoardServices:Injection] activating monitor for service com.apple.frontboard.workspace-service
2026-07-05 18:56:19.973415+0000 0xe0e5     Default     0x0                  20250  0    rayforge-app: (FrontBoardServices) [com.apple.FrontBoard:Common] FBSWorkspace registering source: com.apple.frontboard.systemappservices
2026-07-05 18:56:19.973820+0000 0xe0ed     Default     0x0                  20250  0    rayforge-app: (UIKitCore) [com.apple.UIKit:BackgroundTask] Creating new assertion because there is no existing background assertion.
2026-07-05 18:56:19.973932+0000 0xe0ed     Default     0x0                  20250  0    rayforge-app: (UIKitCore) [com.apple.UIKit:BackgroundTask] Creating new background assertion
2026-07-05 18:56:19.974063+0000 0xe0ed     Default     0x0                  20250  0    rayforge-app: (UIKitCore) [com.apple.UIKit:BackgroundTask] Created new background assertion <BKSProcessAssertion: 0x600002109590>
2026-07-05 18:56:19.974294+0000 0xe0ed     Default     0x0                  20250  0    rayforge-app: (RunningBoardServices) [com.apple.runningboard:connection] Creating connection to com.apple.runningboard
2026-07-05 18:56:19.974352+0000 0xe0ed     Default     0x0                  20250  0    rayforge-app: (libxpc.dylib) [com.apple.xpc:connection] [0x107108570] activating connection: mach=true listener=false peer=false name=com.apple.runningboard
2026-07-05 18:56:19.974472+0000 0xe0ef     Default     0x0                  20250  0    rayforge-app: (RunningBoardServices) [com.apple.runningboard:connection] Sending handshake request attempt #1 to server
2026-07-05 18:56:19.974490+0000 0xe0e5     Default     0x0                  20250  0    rayforge-app: (FrontBoardServices) [com.apple.FrontBoard:Common] FBSWorkspace connected to endpoint : <BSServiceConnectionEndpoint: 0x60000020f240; target: com.apple.frontboard.systemappservices; service: com.apple.frontboard.workspace-service>
2026-07-05 18:56:19.974632+0000 0xe0e5     Default     0x0                  20250  0    rayforge-app: (FrontBoardServices) [com.apple.FrontBoard:Common] <FBSWorkspaceScenesClient:0x600003004480 com.apple.frontboard.systemappservices> attempting immediate handshake from activate
2026-07-05 18:56:19.974946+0000 0xe0e5     Default     0x0                  20250  0    rayforge-app: (FrontBoardServices) [com.apple.FrontBoard:Common] <FBSWorkspaceScenesClient:0x600003004480 com.apple.frontboard.systemappservices> sent handshake
2026-07-05 18:56:19.975262+0000 0xe0e5     Default     0x0                  20250  0    rayforge-app: (RunningBoardServices) [com.apple.runningboard:general] Added observer for process assertions expiration warning: <_RBSExpirationWarningClient: 0x60000020fea0>
2026-07-05 18:56:19.975551+0000 0xe0ef     Default     0x0                  20250  0    rayforge-app: (RunningBoardServices) [com.apple.runningboard:connection] Handshake succeeded
2026-07-05 18:56:19.975592+0000 0xe0ef     Default     0x0                  20250  0    rayforge-app: (RunningBoardServices) [com.apple.runningboard:connection] Identity resolved as app<org.rayforge.app((null))>
2026-07-05 18:56:19.976324+0000 0xe0ed     Default     0x0                  20250  0    rayforge-app: (UIKitCore) [com.apple.UIKit:BackgroundTask] Incrementing reference count for background assertion <BKSProcessAssertion: 0x600002109590>
2026-07-05 18:56:19.976430+0000 0xe0ed     Default     0x0                  20250  0    rayforge-app: (UIKitCore) [com.apple.UIKit:BackgroundTask] Created background task <_UIBackgroundTaskInfo: 0x60000170a940>: taskID = 1, taskName = Launch Background Task for Coalescing, creationTime = 491 (elapsed = 0).
2026-07-05 18:56:19.976577+0000 0xe0ed     Default     0x0                  20250  0    rayforge-app: (FrontBoardServices) [com.apple.FrontBoard:SceneExtension] Realizing settings extension _UIApplicationSceneKeyboardSettings on FBSSceneSettings
2026-07-05 18:56:19.978030+0000 0xe0f0     Activity    0x3fed1              20250  0    rayforge-app: (RunningBoardServices) didChangeInheritances
2026-07-05 18:56:19.980652+0000 0xe0ed     Default     0x0                  20250  0    rayforge-app: (FrontBoardServices) [com.apple.FrontBoard:SceneExtension] Realizing settings extension <_UISceneOcclusionSettings> on FBSSceneSettings
2026-07-05 18:56:19.981494+0000 0xe0e5     Default     0x0                  20250  0    rayforge-app: (UIKitCore) [com.apple.UIKit:UIScreen] Evaluated capturing state as 0 on <UIScreen: 0x107304cd0> for initial
2026-07-05 18:56:19.981506+0000 0xe0ed     Default     0x0                  20250  0    rayforge-app: (FrontBoardServices) [com.apple.FrontBoard:SceneExtension] Realizing settings extension <_UISceneInterfaceProtectionSettings> on FBSSceneSettings
2026-07-05 18:56:19.981699+0000 0xe0e5     Default     0x0                  20250  0    rayforge-app: (UIKitCore) [com.apple.UIKit:UIScreen] Evaluated capturing state as 0 on <UIScreen: 0x107304cd0> for CADisplay KVO
2026-07-05 18:56:19.982612+0000 0xe0ed     Default     0x0                  20250  0    rayforge-app: (FrontBoardServices) [com.apple.FrontBoard:SceneExtension] Realizing settings extension _UISceneLayoutPreferencesHostSettingsExtension on FBSSceneSettings
2026-07-05 18:56:19.982796+0000 0xe0e5     Default     0x0                  20250  0    rayforge-app: (libAccessibility.dylib) [com.apple.Accessibility:AXSupportCommon] Read CategoryName: per-app = 1, category name = (null)
2026-07-05 18:56:19.982997+0000 0xe0e5     Default     0x0                  20250  0    rayforge-app: (libAccessibility.dylib) [com.apple.Accessibility:AXSupportCommon] Read CategoryName: per-app = 0, category name = (null)
2026-07-05 18:56:19.983659+0000 0xe0ed     Default     0x0                  20250  0    rayforge-app: (FrontBoardServices) [com.apple.FrontBoard:SceneExtension] Realizing settings extension _UISceneSafeAreaSettingsExtension on FBSSceneSettings
2026-07-05 18:56:19.986938+0000 0xe0ed     Default     0x0                  20250  0    rayforge-app: (FrontBoardServices) [com.apple.FrontBoard:SceneExtension] Realizing settings extension _UISceneLayoutPreferenceClientSettingsExtension on FBSSceneClientSettings
2026-07-05 18:56:19.988189+0000 0xe0ed     Default     0x0                  20250  0    rayforge-app: (FrontBoardServices) [com.apple.FrontBoard:SceneExtension] Realizing settings extension <_UIHomeAffordanceHostSceneSettings> on FBSSceneSettings
2026-07-05 18:56:19.988545+0000 0xe0e5     Default     0x0                  20250  0    rayforge-app: (XCTTargetBootstrap) [com.apple.dt.xctest:Default] Registering for test daemon availability notify post.
2026-07-05 18:56:19.988689+0000 0xe0e5     Default     0x0                  20250  0    rayforge-app: (XCTTargetBootstrap) [com.apple.dt.xctest:Default] notify_get_state check indicated test daemon not ready.
2026-07-05 18:56:19.988803+0000 0xe0e5     Default     0x0                  20250  0    rayforge-app: (XCTTargetBootstrap) [com.apple.dt.xctest:Default] notify_get_state check indicated test daemon not ready.
2026-07-05 18:56:19.988890+0000 0xe0e5     Default     0x0                  20250  0    rayforge-app: (XCTTargetBootstrap) [com.apple.dt.xctest:Default] notify_get_state check indicated test daemon not ready.
2026-07-05 18:56:19.988909+0000 0xe0ed     Default     0x0                  20250  0    rayforge-app: (FrontBoardServices) [com.apple.FrontBoard:SceneExtension] Realizing settings extension _UISystemShellSceneHostingEnvironmentSettings on FBSSceneSettings
2026-07-05 18:56:19.989455+0000 0xe0ed     Default     0x0                  20250  0    rayforge-app: (FrontBoardServices) [com.apple.FrontBoard:SceneExtension] Realizing settings extension _UISceneRenderingEnvironmentSettings on FBSSceneSettings
2026-07-05 18:56:19.989756+0000 0xe0e5     Default     0x0                  20250  0    rayforge-app: (UIKitCore) [com.apple.UIKit:UpdateScheduler] Selected display: name=LCD (PurpleMain), id=1
2026-07-05 18:56:19.990761+0000 0xe0ed     Default     0x0                  20250  0    rayforge-app: (FrontBoardServices) [com.apple.FrontBoard:SceneExtension] Realizing settings extension <_UISceneRenderingEnvironmentClientSettings> on FBSSceneClientSettings
2026-07-05 18:56:19.990960+0000 0xe0ed     Default     0x0                  20250  0    rayforge-app: (FrontBoardServices) [com.apple.FrontBoard:SceneExtension] Realizing settings extension <_UISceneTransitioningHostSettings> on FBSSceneSettings
2026-07-05 18:56:19.991552+0000 0xe0ed     Default     0x0                  20250  0    rayforge-app: (FrontBoardServices) [com.apple.FrontBoard:SceneExtension] Realizing settings extension <_UISceneFocusSystemSettings> on FBSSceneSettings
2026-07-05 18:56:19.992155+0000 0xe0ed     Default     0x0                  20250  0    rayforge-app: (FrontBoardServices) [com.apple.FrontBoard:SceneExtension] Realizing settings extension _UISceneOrientationSettingsExtension on FBSSceneSettings
2026-07-05 18:56:19.992326+0000 0xe0ed     Default     0x0                  20250  0    rayforge-app: (FrontBoardServices) [com.apple.FrontBoard:SceneExtension] Realizing settings extension _UISceneOrientationClientSettingsExtension on FBSSceneClientSettings
2026-07-05 18:56:19.992490+0000 0xe0ed     Default     0x0                  20250  0    rayforge-app: (FrontBoardServices) [com.apple.FrontBoard:SceneExtension] Realizing settings extension _UISceneWindowingControlClientSettings on FBSSceneClientSettings
2026-07-05 18:56:19.997394+0000 0xe0ed     Default     0x0                  20250  0    rayforge-app: (FrontBoardServices) [com.apple.FrontBoard:SceneExtension] Realizing settings extension <_UISceneHostingContentSizePreferenceClientSettings> on FBSSceneClientSettings
2026-07-05 18:56:19.997926+0000 0xe0ed     Default     0x0                  20250  0    rayforge-app: (FrontBoardServices) [com.apple.FrontBoard:SceneExtension] Realizing settings extension _UISceneHostingTraitCollectionPropagationSettings on FBSSceneSettings
2026-07-05 18:56:19.999674+0000 0xe0ed     Default     0x0                  20250  0    rayforge-app: (FrontBoardServices) [com.apple.FrontBoard:SceneExtension] Realizing settings extension <_UISceneHostingSheetPresentationSettings> on FBSSceneSettings
2026-07-05 18:56:20.000900+0000 0xe0ed     Default     0x0                  20250  0    rayforge-app: (FrontBoardServices) [com.apple.FrontBoard:SceneExtension] Realizing settings extension <_UISceneHostingSheetPresentationClientSettings> on FBSSceneClientSettings
2026-07-05 18:56:20.001316+0000 0xe0ed     Default     0x0                  20250  0    rayforge-app: (FrontBoardServices) [com.apple.FrontBoard:SceneExtension] Realizing settings extension <_UISceneHostingEventDeferringSettings> on FBSSceneSettings
2026-07-05 18:56:20.002509+0000 0xe0ed     Default     0x0                  20250  0    rayforge-app: (FrontBoardServices) [com.apple.FrontBoard:SceneExtension] Realizing settings extension <UIKit__UITypedKeyValueSceneSettings> on FBSSceneSettings
2026-07-05 18:56:20.002653+0000 0xe0ed     Default     0x0                  20250  0    rayforge-app: (FrontBoardServices) [com.apple.FrontBoard:SceneExtension] Realizing settings extension <UIKit__UITypedKeyValueSceneSettings> on FBSSceneClientSettings
2026-07-05 18:56:20.003111+0000 0xe0ed     Default     0x0                  20250  0    rayforge-app: (FrontBoardServices) [com.apple.FrontBoard:SceneExtension] Realizing settings extension <_UISceneHostingViewControllerPreferencePropagationClientSettings> on FBSSceneClientSettings
2026-07-05 18:56:20.003471+0000 0xe0ed     Default     0x0                  20250  0    rayforge-app: (FrontBoardServices) [com.apple.FrontBoard:SceneExtension] Realizing settings extension <_UISceneZoomTransitionSettings> on FBSSceneSettings
2026-07-05 18:56:20.004197+0000 0xe0f5     Default     0x0                  20250  0    rayforge-app: (FrontBoardServices) [com.apple.FrontBoard:SceneExtension] Realizing settings extension FBSSceneSettingsCore on FBSSceneSettings
2026-07-05 18:56:20.006428+0000 0xe0f5     Default     0x0                  20250  0    rayforge-app: (FrontBoardServices) [com.apple.FrontBoard:SceneExtension] Realizing settings extension FBSSceneClientSettingsCore on FBSSceneClientSettings
2026-07-05 18:56:20.015493+0000 0xe0f5     Default     0x0                  20250  0    rayforge-app: (FrontBoardServices) [com.apple.FrontBoard:SceneExtension] UIMutableApplicationSceneSettings setting counterpart class: UIApplicationSceneSettings
2026-07-05 18:56:20.015706+0000 0xe0f5     Default     0x0                  20250  0    rayforge-app: (FrontBoardServices) [com.apple.FrontBoard:SceneExtension] UIMutableApplicationSceneClientSettings setting counterpart class: UIApplicationSceneClientSettings
2026-07-05 18:56:20.015816+0000 0xe0f5     Default     0x0                  20250  0    rayforge-app: (FrontBoardServices) [com.apple.FrontBoard:SceneExtension] Realizing settings extension FBSSceneTransitionContextCore on FBSSceneTransitionContext
2026-07-05 18:56:20.038721+0000 0xe0e5     Default     0x0                  20250  0    rayforge-app: (UIKitCore) [com.apple.UIKit:BackgroundTask] Will add backgroundTask with taskName: Persistent SceneSession Map Update, expirationHandler: <__NSGlobalBlock__: 0x1e61729e0>
2026-07-05 18:56:20.038813+0000 0xe0e5     Default     0x0                  20250  0    rayforge-app: (UIKitCore) [com.apple.UIKit:BackgroundTask] Reusing background assertion <BKSProcessAssertion: 0x600002109590>
2026-07-05 18:56:20.038838+0000 0xe0e5     Default     0x0                  20250  0    rayforge-app: (UIKitCore) [com.apple.UIKit:BackgroundTask] Incrementing reference count for background assertion <BKSProcessAssertion: 0x600002109590>
2026-07-05 18:56:20.038874+0000 0xe0e5     Default     0x0                  20250  0    rayforge-app: (UIKitCore) [com.apple.UIKit:BackgroundTask] Created background task <_UIBackgroundTaskInfo: 0x600001700140>: taskID = 2, taskName = Persistent SceneSession Map Update, creationTime = 491 (elapsed = 0).
2026-07-05 18:56:20.039520+0000 0xe0e5     Default     0x0                  20250  0    rayforge-app: (UIKitCore) [com.apple.UIKit:Application] Deactivation reason added: 5; deactivation reasons: 1024 -> 1056; animating application lifecycle event: 1
2026-07-05 18:56:20.039986+0000 0xe0e5     Default     0x0                  20250  0    rayforge-app: (UIKitCore) [com.apple.UIKit:InterfaceStyle] Not push traits update to screen for new style 1, <UIWindowScene: 0x107306850> (606331F5-0D8C-483D-89E3-D02B196828AF)
2026-07-05 18:56:20.040119+0000 0xe0e5     Default     0x0                  20250  0    rayforge-app: (UIKitCore) [com.apple.UIKit:InterfaceStyle] Should send trait collection or coordinate space update, interface style 1 -> 1, <UIWindowScene: 0x107306850> (606331F5-0D8C-483D-89E3-D02B196828AF)
2026-07-05 18:56:20.044726+0000 0xe0e5     Default     0x0                  20250  0    rayforge-app: (UIKitCore) [com.apple.UIKit:InterfaceStyle] Not push traits update to screen for new style 1, <UIWindowScene: 0x107306850> (606331F5-0D8C-483D-89E3-D02B196828AF)
2026-07-05 18:56:20.044956+0000 0xe0e5     Default     0x0                  20250  0    rayforge-app: (UIKitCore) [com.apple.UIKit:HomeAffordanceObservation] Initializing: <_UIHomeAffordanceSceneNotifier: 0x60000290c1c0>; with scene: <UIWindowScene: 0x107306850>
2026-07-05 18:56:20.045513+0000 0xe0e5     Default     0x0                  20250  0    rayforge-app: (BacklightServices) [com.apple.BacklightServices:scenes] 0x600000c0b7b0 setDelegate:<0x600000c12c70 _UIBacklightEnvironment> hasDelegate:YES for environment:sceneID:org.rayforge.app-default
2026-07-05 18:56:20.046214+0000 0xe0e5     Default     0x0                  20250  0    rayforge-app: (UIKitCore) [com.apple.UIKit:InterfaceStyle] Not push traits update to screen for new style 1, <UIWindowScene: 0x107306850> (606331F5-0D8C-483D-89E3-D02B196828AF)
2026-07-05 18:56:20.046301+0000 0xe0e5     Default     0x0                  20250  1    rayforge-app: (UIKitCore) [com.apple.UIKit:EventDeferring] [0x600002914380] Initialized with scene: <UIWindowScene: 0x107306850>; behavior: <_UIEventDeferringBehavior_iOS: 0x60000020c9c0>; availableForProcess: 1, systemShellManagesKeyboardFocus: 1
2026-07-05 18:56:20.046872+0000 0xe0e5     Default     0x0                  20250  0    rayforge-app: (BoardServices) [com.apple.BoardServices:XPCErrors] [C:2] Alloc com.apple.backboard.hid-services.xpc
2026-07-05 18:56:20.046930+0000 0xe0e5     Default     0x0                  20250  0    rayforge-app: (libxpc.dylib) [com.apple.xpc:connection] [0x107209350] activating connection: mach=false listener=false peer=false name=(anonymous)
2026-07-05 18:56:20.049717+0000 0xe0ed     Default     0x0                  20250  0    rayforge-app: (BackBoardServices) [com.apple.BackBoard:EventDelivery] BKSHIDEventObserver - connection activation
2026-07-05 18:56:20.049734+0000 0xe0e5     Default     0x0                  20250  0    rayforge-app: (BackBoardServices) [com.apple.BackBoard:EventDelivery] policyStatus:<BKSHIDEventDeliveryPolicyObserver: 0x600002603060; process scope; status: target> was:none
2026-07-05 18:56:20.049840+0000 0xe0e5     Default     0x0                  20250  1    rayforge-app: (UIKitCore) [com.apple.UIKit:KeyWindow] Setting default evaluation strategy for UIUserInterfaceIdiomPad to LastOneWins
2026-07-05 18:56:20.049870+0000 0xe0e5     Default     0x0                  20250  1    rayforge-app: (UIKitCore) [com.apple.UIKit:KeyWindow] Scene target of keyboard event deferring environment did change: 1; scene: UIWindowScene: 0x107306850; scene identity: com.apple.frontboard.systemappservices/FBSceneManager:sceneID%3Aorg.rayforge.app-default
2026-07-05 18:56:20.049924+0000 0xe0e5     Default     0x0                  20250  0    rayforge-app: (UIKitCore) [com.apple.UIKit:UIFocus] Focus system enabled
2026-07-05 18:56:20.051986+0000 0xe0e5     Default     0x0                  20250  0    rayforge-app: (UIKitCore) [com.apple.UIKit:UIFocus] Failed to update focus with context <UIFocusUpdateContext: 0x600003008090; previouslyFocusedItem: (nil); nextFocusedItem: (nil); focusHeading: None>. No additional info available.
2026-07-05 18:56:20.052146+0000 0xe0e5     Default     0x0                  20250  0    rayforge-app: (UIKitCore) [com.apple.UIKit:InterfaceStyle] Not push traits update to screen for new style 1, <UIWindowScene: 0x107306850> (606331F5-0D8C-483D-89E3-D02B196828AF)
2026-07-05 18:56:20.052208+0000 0xe0e5     Default     0x0                  20250  1    rayforge-app: (UIKitCore) [com.apple.UIKit:EventDeferring] [0x600002914380] Scene target of event deferring environments did update: scene: 0x107306850; current systemShellManagesKeyboardFocus: 1; systemShellManagesKeyboardFocusForScene: 1; eligibleForRecordRemoval: 1;
2026-07-05 18:56:20.052230+0000 0xe0e5     Default     0x0                  20250  1    rayforge-app: (UIKitCore) [com.apple.UIKit:KeyWindow] Scene became target of keyboard event deferring environment: UIWindowScene: 0x107306850; scene identity: com.apple.frontboard.systemappservices/FBSceneManager:sceneID%3Aorg.rayforge.app-default
2026-07-05 18:56:20.052253+0000 0xe0e5     Default     0x0                  20250  1    rayforge-app: (UIKitCore) [com.apple.UIKit:KeyWindow] Stack[KeyWindow] 0x600000c0b960: Taking no further action for migration from LastOneWins -> SystemShellManaged as there are no scenes
2026-07-05 18:56:20.052269+0000 0xe0e5     Default     0x0                  20250  1    rayforge-app: (UIKitCore) [com.apple.UIKit:KeyWindow] Setting default evaluation strategy for UIUserInterfaceIdiomPad to SystemShellManaged
2026-07-05 18:56:20.052322+0000 0xe0e5     Default     0x0                  20250  1    rayforge-app: (UIKitCore) [com.apple.UIKit:KeyWindow] Key window needs update: 0; currentKeyWindowScene: 0x0; evaluatedKeyWindowScene: 0x107306850; currentApplicationKeyWindow: 0x0; evaluatedApplicationKeyWindow: 0x0; reason: UIWindowScene: 0x107306850: Window scene became target of keyboard environment
2026-07-05 18:56:20.052752+0000 0xe0e5     Default     0x0                  20250  0    rayforge-app: (UIKitCore) [com.apple.UIKit:InterfaceStyle] Not push traits update to screen for new style 1, <UIWindowScene: 0x107306850> (606331F5-0D8C-483D-89E3-D02B196828AF)
2026-07-05 18:56:20.052960+0000 0xe0e5     Default     0x0                  20250  0    rayforge-app: (UIKitCore) [com.apple.UIKit:InterfaceStyle] Not push traits update to screen for new style 1, <UIWindowScene: 0x107306850> (606331F5-0D8C-483D-89E3-D02B196828AF)
2026-07-05 18:56:20.053727+0000 0xe0e5     Fault       0x3fed2              20250  14   rayforge-app: (UIKitCore) [com.apple.runtime-issues:UIKit App Config] `UIScene` lifecycle will soon be required. Failure to adopt will result in an assert in the future.
2026-07-05 18:56:20.053727+0000 0xe0e5     Activity    0x3fed2              20250  0    rayforge-app: (libsystem_trace.dylib) Activity for state dumps
2026-07-05 18:56:20.053955+0000 0xe0e5     Default     0x0                  20250  0    rayforge-app: (UIKitCore) [com.apple.UIKit:InterfaceStyle] Not push traits update to screen for new style 1, <UIWindowScene: 0x107306850> (606331F5-0D8C-483D-89E3-D02B196828AF)
2026-07-05 18:56:20.064783+0000 0xe0e5     Default     0x0                  20250  0    rayforge-app: (UIKitCore) [com.apple.UIKit:AppLifecycle] sceneOfRecord: sceneID: sceneID:org.rayforge.app-default  persistentID: 606331F5-0D8C-483D-89E3-D02B196828AF
2026-07-05 18:56:20.065602+0000 0xe0e5     Default     0x0                  20250  0    rayforge-app: (UIKitCore) [com.apple.UIKit:Application] Ignoring already applied deactivation reason: 5; deactivation reasons: 1056
2026-07-05 18:56:20.066263+0000 0xe0e5     Default     0x0                  20250  0    rayforge-app: (UIKitCore) [com.apple.UIKit:Application] Deactivation reason added: 11; deactivation reasons: 1056 -> 3104; animating application lifecycle event: 1
2026-07-05 18:56:20.067836+0000 0xe0e5     Default     0x0                  20250  0    rayforge-app: (UIKitCore) [com.apple.KeyboardArbiter:Client] startConnection
2026-07-05 18:56:20.068832+0000 0xe0e5     Default     0x0                  20250  0    rayforge-app: (libxpc.dylib) [com.apple.xpc:connection] [0x10720cba0] activating connection: mach=true listener=false peer=false name=com.apple.UIKit.KeyboardManagement.hosted
2026-07-05 18:56:20.083774+0000 0xe0f0     Default     0x0                  20250  0    rayforge-app: (BoardServices) [com.apple.BoardServices:XPCErrors] [C:3] Alloc com.apple.PointerUI.pointeruid.service
2026-07-05 18:56:20.083819+0000 0xe0f0     Default     0x0                  20250  0    rayforge-app: (libxpc.dylib) [com.apple.xpc:connection] [0x10730e890] activating connection: mach=false listener=false peer=false name=(anonymous)
2026-07-05 18:56:20.099505+0000 0xe0e5     Default     0x0                  20250  0    rayforge-app: (UIKitCore) [com.apple.UIKit:PointerLockState] preferredPointerLockStatus updated: scene: <UIWindowScene: 0x107306850; role: UIWindowSceneSessionRoleApplication; persistentIdentifier: 606331F5-0D8C-483D-89E3-D02B196828AF; activationState: UISceneActivationStateForegroundInactive>; viewController: <GdkIOSViewController: 0x10730cee0>; preferredPointerLockStatus: _UIPointerLockStatusUnlocked
2026-07-05 18:56:20.099717+0000 0xe0e5     Default     0x0                  20250  0    rayforge-app: (UIKitCore) [com.apple.UIKit:Orientation] <UIWindowScene: 0x107306850> (606331F5-0D8C-483D-89E3-D02B196828AF) Scene updated orientation preferences: none -> ( Pu Ll Lr Pd )
2026-07-05 18:56:20.099852+0000 0xe0e5     Default     0x0                  20250  1    rayforge-app: (UIKitCore) [com.apple.UIKit:KeyWindow] Key window API is scene-level: YES
2026-07-05 18:56:20.100311+0000 0xe0e5     Default     0x0                  20250  1    rayforge-app: (UIKitCore) [com.apple.UIKit:KeyWindow] UIWindowScene: 0x107306850: Window became key in scene: UIWindow: 0x10730a790; contextId: 0x59F7EC9B: reason: UIWindowScene: 0x107306850: Window requested to become key in scene: 0x10730a790
2026-07-05 18:56:20.100340+0000 0xe0e5     Default     0x0                  20250  1    rayforge-app: (UIKitCore) [com.apple.UIKit:KeyWindow] Key window needs update: 1; currentKeyWindowScene: 0x0; evaluatedKeyWindowScene: 0x107306850; currentApplicationKeyWindow: 0x0; evaluatedApplicationKeyWindow: 0x10730a790; reason: UIWindowScene: 0x107306850: Window requested to become key in scene: 0x10730a790
2026-07-05 18:56:20.100374+0000 0xe0e5     Default     0x0                  20250  1    rayforge-app: (UIKitCore) [com.apple.UIKit:KeyWindow] Window did become application key: UIWindow: 0x10730a790; contextId: 0x59F7EC9B; scene identity: com.apple.frontboard.systemappservices/FBSceneManager:sceneID%3Aorg.rayforge.app-default
2026-07-05 18:56:20.100448+0000 0xe0e5     Default     0x0                  20250  1    rayforge-app: (UIKitCore) [com.apple.UIKit:EventDeferring] [0x600002914380] Begin local event deferring requested for token: 0x600002605980; environments: 1; reason: UIWindowScene: 0x107306850: Begin event deferring in keyboardFocus for window: 0x10730a790
2026-07-05 18:56:20.102639+0000 0xe0e5     Default     0x0                  20250  0    rayforge-app: (UIKitCore) [com.apple.UIKit:KeyboardSceneDelegate] Reloading input views for key-window scene responder: <GdkIOSView: 0x10730d680; frame = (0 0; 1032 1376); > force:N
2026-07-05 18:56:20.103822+0000 0xe0e5     Default     0x0                  20250  0    rayforge-app: (UIKitCore) [com.apple.UIKit:KeyboardSceneDelegate] _reloadInputViewsForKeyWindowSceneResponder: 1 force: 0, fromBecomeFirstResponder: 1 (automaticKeyboard: 1, reloadIdentifier: FF18B773-9035-4DDC-99EC-9C084360E474)
2026-07-05 18:56:20.104338+0000 0xe0e5     Default     0x0                  20250  0    rayforge-app: (UIKitCore) [com.apple.UIKit:KeyboardSceneDelegate] _inputViewsForResponder: <GdkIOSView: 0x10730d680; frame = (0 0; 1032 1376); >, automaticKeyboard: 1, force: 0
2026-07-05 18:56:20.104457+0000 0xe0e5     Default     0x0                  20250  0    rayforge-app: (UIKitCore) [com.apple.UIKit:KeyboardSceneDelegate] _inputViewsForResponder, found custom inputView: <(null): 0x0>, customInputViewController: <(null): 0x0>
2026-07-05 18:56:20.104491+0000 0xe0e5     Default     0x0                  20250  0    rayforge-app: (UIKitCore) [com.apple.UIKit:KeyboardSceneDelegate] _inputViewsForResponder, found inputAccessoryView: <(null): 0x0>
2026-07-05 18:56:20.104546+0000 0xe0e5     Default     0x0                  20250  0    rayforge-app: (UIKitCore) [com.apple.UIKit:KeyboardSceneDelegate] _inputViewsForResponder, responderRequiresKeyboard 0 (automaticKeyboardEnabled: 1, activeInstance: <(null): 0x0>, self.isOnScreen: 0, requiresKBWhenFirstResponder: 0)
2026-07-05 18:56:20.104565+0000 0xe0e5     Default     0x0                  20250  0    rayforge-app: (UIKitCore) [com.apple.UIKit:KeyboardSceneDelegate] _inputViewsForResponder, useKeyboard 0 (allowsSystemInputView: 1, !inputView <(null): 0x0>, responderRequiresKeyboard 0)
2026-07-05 18:56:20.104586+0000 0xe0e5     Default     0x0                  20250  0    rayforge-app: (UIKitCore) [com.apple.UIKit:KeyboardSceneDelegate] _inputViewsForResponder, configuring _responderWithoutAutomaticAppearanceEnabled: <(null): 0x0> (_automaticAppearEnabled: 1)
2026-07-05 18:56:20.105003+0000 0xe0e5     Default     0x0                  20250  0    rayforge-app: (UIKitCore) [com.apple.UIKit:KeyboardSceneDelegate] _inputViewsForResponder, needsIVPlaceholder: 0, needsIAVPlaceholder: 0, needsInputSetWithPlaceholder: 0
+ test 1 = 1
+ grep -q 'RAYFORGE BOOT FAILED' app-console.log app-syslog.log
+ grep -q 'RAYFORGE UI RUNNING' app-console.log app-syslog.log
