Gdk-Message: 18:17:12.144: gdk-ios: bundle resources at /Users/runner/Library/Developer/CoreSimulator/Devices/2FC31A74-417F-476D-A003-0A7A6F3F8080/data/Containers/Bundle/Application/2C900E71-371D-4D32-ABDE-62E07F8BEC95/RayforgeApp.app
Gdk-Message: 18:17:12.393: gdk-ios: shell ready window=1032x1376 view=1032x1376 scale=2.00
Gdk-Message: 18:17:12.401: gdk-ios: VC layout view=1032x1376 screen=1032x1376
Gdk-Message: 18:17:12.463: gdk-ios: entering user main
** Message: 18:17:12.465: GI_TYPELIB_PATH: /Users/runner/Library/Developer/CoreSimulator/Devices/2FC31A74-417F-476D-A003-0A7A6F3F8080/data/Containers/Bundle/Application/2C900E71-371D-4D32-ABDE-62E07F8BEC95/RayforgeApp.app/lib/girepository-1.0
** Message: 18:17:12.465: python home: /Users/runner/Library/Developer/CoreSimulator/Devices/2FC31A74-417F-476D-A003-0A7A6F3F8080/data/Containers/Bundle/Application/2C900E71-371D-4D32-ABDE-62E07F8BEC95/RayforgeApp.app/python
** Message: 18:17:12.465: site-packages: /Users/runner/Library/Developer/CoreSimulator/Devices/2FC31A74-417F-476D-A003-0A7A6F3F8080/data/Containers/Bundle/Application/2C900E71-371D-4D32-ABDE-62E07F8BEC95/RayforgeApp.app/python/lib/python3.13/site-packages
IOSBOOT: ios_main.main() start
IOSBOOT: import rayforge.app
IOSBOOT: addon finder fast-fail installed
IOSBOOT: rayforge.app.main()
2026-07-05 18:17:13,882 - root - INFO - Logging configured. Console level: INFO
2026-07-05 18:17:13,882 - root - INFO - Session log file: /Users/runner/Library/Developer/CoreSimulator/Devices/2FC31A74-417F-476D-A003-0A7A6F3F8080/data/Containers/Data/Application/057B5FB3-426F-4636-A2D3-60DA67FA6417/.local/state/rayforge/log/session-2026-07-05_18-17-13.log
2026-07-05 18:17:13,882 - rayforge.app - INFO - Application starting with log level INFO
2026-07-05 18:17:13,883 - rayforge.app - INFO - PyCairo version: 1.29.0
2026-07-05 18:17:15,443 - rayforge.image.svg.svg_fallback - WARNING - pyvips svgload_buffer not available. Using Cairo/Rsvg fallback for SVG rendering.
2026-07-05 18:17:16,361 - rayforge.ui_gtk.sim3d - INFO - Skipping Canvas3D import due to RAYFORGE_DISABLE_3D
2026-07-05 18:17:16,361 - rayforge.ui_gtk.sim3d - INFO - 3D canvas disabled via RAYFORGE_DISABLE_3D environment variable.
2026-07-05 18:17:16,499 - rayforge.addon_mgr.addon_manager - INFO - Scanning for addons in /Users/runner/Library/Developer/CoreSimulator/Devices/2FC31A74-417F-476D-A003-0A7A6F3F8080/data/Containers/Bundle/Application/2C900E71-371D-4D32-ABDE-62E07F8BEC95/RayforgeApp.app/python/lib/python3.13/site-packages/rayforge/builtin_addons...
2026-07-05 18:17:16,503 - rayforge.addon_mgr.addon_manager - INFO - Loaded addon: core_materials (builtin)
2026-07-05 18:17:16,606 - rayforge.addon_mgr.addon_manager - INFO - Loaded addon: sketcher (builtin)
2026-07-05 18:17:16,613 - rayforge.addon_mgr.addon_manager - ERROR - Error importing addon laser_essentials: No module named 'raygeo.cnc'
2026-07-05 18:17:16,617 - rayforge.addon_mgr.addon_manager - ERROR - Error importing addon laser_essentials: No module named 'raygeo.cnc'
2026-07-05 18:17:16,617 - rayforge.addon_mgr.addon_manager - INFO - Loaded addon: laser_essentials (builtin)
2026-07-05 18:17:16,621 - rayforge.addon_mgr.addon_manager - INFO - Loaded addon: print_and_cut (builtin)
2026-07-05 18:17:16,648 - rayforge.addon_mgr.addon_manager - INFO - Loaded addon: post_processors (builtin)
2026-07-05 18:17:16,662 - rayforge.addon_mgr.addon_manager - INFO - Loaded addon: ai_workpiece_generator (builtin)
2026-07-05 18:17:16,859 - rayforge.context - INFO - Addons loaded (headless=False)
IOSBOOT: _ios_run: register()
IOSBOOT: _ios_run: activate()
2026-07-05 18:17:17,642 - rayforge.context - INFO - Lazy loading config manager
2026-07-05 18:17:17,649 - rayforge.context - INFO - Lazy loading machine manager
2026-07-05 18:17:17,656 - rayforge.core.config - INFO - Config file does not exist, creating default config.
2026-07-05 18:17:17,757 - rayforge.context - INFO - Lazy loading camera manager
2026-07-05 18:17:17,828 - rayforge.worker_init - ERROR - Failed to load enabled worker module 'rayforge_addons.core_materials.core_materials.worker': Plugin name already registered: rayforge_addons.core_materials.core_materials.worker=<module 'rayforge_addons.core_materials.core_materials.worker' from '/Users/runner/Library/Developer/CoreSimulator/Devices/2FC31A74-417F-476D-A003-0A7A6F3F8080/data/Containers/Bundle/Application/2C900E71-371D-4D32-ABDE-62E07F8BEC95/RayforgeApp.app/python/lib/python3.13/site-packages/rayforge/builtin_addons/rayforge-addon-materials/core_materials/worker.py'>
{'rayforge_addons.core_materials.core_materials.worker': <module 'rayforge_addons.core_materials.core_materials.worker' from '/Users/runner/Library/Developer/CoreSimulator/Devices/2FC31A74-417F-476D-A003-0A7A6F3F8080/data/Containers/Bundle/Application/2C900E71-371D-4D32-ABDE-62E07F8BEC95/RayforgeApp.app/python/lib/python3.13/site-packages/rayforge/builtin_addons/rayforge-addon-materials/core_materials/worker.py'>, 'rayforge_addons.sketcher.sketcher.worker': <module 'rayforge_addons.sketcher.sketcher.worker' from '/Users/runner/Library/Developer/CoreSimulator/Devices/2FC31A74-417F-476D-A003-0A7A6F3F8080/data/Containers/Bundle/Application/2C900E71-371D-4D32-ABDE-62E07F8BEC95/RayforgeApp.app/python/lib/python3.13/site-packages/rayforge/builtin_addons/rayforge-addon-sketcher/sketcher/worker.py'>, 'rayforge_addons.sketcher.sketcher.frontend': <module 'rayforge_addons.sketcher.sketcher.frontend' from '/Users/runner/Library/Developer/CoreSimulator/Devices/2FC31A74-417F-476D-A003-0A7A6F3F8080/data/Containers/Bundle/Application/2C900E71-371D-4D32-ABDE-62E07F8BEC95/RayforgeApp.app/python/lib/python3.13/site-packages/rayforge/builtin_addons/rayforge-addon-sketcher/sketcher/frontend.py'>, 'rayforge_addons.print_and_cut.print_and_cut.frontend': <module 'rayforge_addons.print_and_cut.print_and_cut.frontend' from '/Users/runner/Library/Developer/CoreSimulator/Devices/2FC31A74-417F-476D-A003-0A7A6F3F8080/data/Containers/Bundle/Application/2C900E71-371D-4D32-ABDE-62E07F8BEC95/RayforgeApp.app/python/lib/python3.13/site-packages/rayforge/builtin_addons/rayforge-addon-print-and-cut/print_and_cut/frontend.py'>, 'rayforge_addons.post_processors.post_processors.worker': <module 'rayforge_addons.post_processors.post_processors.worker' from '/Users/runner/Library/Developer/CoreSimulator/Devices/2FC31A74-417F-476D-A003-0A7A6F3F8080/data/Containers/Bundle/Application/2C900E71-371D-4D32-ABDE-62E07F8BEC95/RayforgeApp.app/python/lib/python3.13/site-packages/rayforge/builtin_addons/rayforge-addon-post/post_processors/worker.py'>, 'rayforge_addons.post_processors.post_processors.frontend': <module 'rayforge_addons.post_processors.post_processors.frontend' from '/Users/runner/Library/Developer/CoreSimulator/Devices/2FC31A74-417F-476D-A003-0A7A6F3F8080/data/Containers/Bundle/Application/2C900E71-371D-4D32-ABDE-62E07F8BEC95/RayforgeApp.app/python/lib/python3.13/site-packages/rayforge/builtin_addons/rayforge-addon-post/post_processors/frontend.py'>, 'rayforge_addons.ai_workpiece_generator.ai_workpiece_generator.frontend': <module 'rayforge_addons.ai_workpiece_generator.ai_workpiece_generator.frontend' from '/Users/runner/Library/Developer/CoreSimulator/Devices/2FC31A74-417F-476D-A003-0A7A6F3F8080/data/Containers/Bundle/Application/2C900E71-371D-4D32-ABDE-62E07F8BEC95/RayforgeApp.app/python/lib/python3.13/site-packages/rayforge/builtin_addons/rayforge-addon-ai-workpiece/ai_workpiece_generator/frontend.py'>}
2026-07-05 18:17:17,828 - rayforge.worker_init - ERROR - Failed to load enabled worker module 'rayforge_addons.sketcher.sketcher.worker': Plugin name already registered: rayforge_addons.sketcher.sketcher.worker=<module 'rayforge_addons.sketcher.sketcher.worker' from '/Users/runner/Library/Developer/CoreSimulator/Devices/2FC31A74-417F-476D-A003-0A7A6F3F8080/data/Containers/Bundle/Application/2C900E71-371D-4D32-ABDE-62E07F8BEC95/RayforgeApp.app/python/lib/python3.13/site-packages/rayforge/builtin_addons/rayforge-addon-sketcher/sketcher/worker.py'>
{'rayforge_addons.core_materials.core_materials.worker': <module 'rayforge_addons.core_materials.core_materials.worker' from '/Users/runner/Library/Developer/CoreSimulator/Devices/2FC31A74-417F-476D-A003-0A7A6F3F8080/data/Containers/Bundle/Application/2C900E71-371D-4D32-ABDE-62E07F8BEC95/RayforgeApp.app/python/lib/python3.13/site-packages/rayforge/builtin_addons/rayforge-addon-materials/core_materials/worker.py'>, 'rayforge_addons.sketcher.sketcher.worker': <module 'rayforge_addons.sketcher.sketcher.worker' from '/Users/runner/Library/Developer/CoreSimulator/Devices/2FC31A74-417F-476D-A003-0A7A6F3F8080/data/Containers/Bundle/Application/2C900E71-371D-4D32-ABDE-62E07F8BEC95/RayforgeApp.app/python/lib/python3.13/site-packages/rayforge/builtin_addons/rayforge-addon-sketcher/sketcher/worker.py'>, 'rayforge_addons.sketcher.sketcher.frontend': <module 'rayforge_addons.sketcher.sketcher.frontend' from '/Users/runner/Library/Developer/CoreSimulator/Devices/2FC31A74-417F-476D-A003-0A7A6F3F8080/data/Containers/Bundle/Application/2C900E71-371D-4D32-ABDE-62E07F8BEC95/RayforgeApp.app/python/lib/python3.13/site-packages/rayforge/builtin_addons/rayforge-addon-sketcher/sketcher/frontend.py'>, 'rayforge_addons.print_and_cut.print_and_cut.frontend': <module 'rayforge_addons.print_and_cut.print_and_cut.frontend' from '/Users/runner/Library/Developer/CoreSimulator/Devices/2FC31A74-417F-476D-A003-0A7A6F3F8080/data/Containers/Bundle/Application/2C900E71-371D-4D32-ABDE-62E07F8BEC95/RayforgeApp.app/python/lib/python3.13/site-packages/rayforge/builtin_addons/rayforge-addon-print-and-cut/print_and_cut/frontend.py'>, 'rayforge_addons.post_processors.post_processors.worker': <module 'rayforge_addons.post_processors.post_processors.worker' from '/Users/runner/Library/Developer/CoreSimulator/Devices/2FC31A74-417F-476D-A003-0A7A6F3F8080/data/Containers/Bundle/Application/2C900E71-371D-4D32-ABDE-62E07F8BEC95/RayforgeApp.app/python/lib/python3.13/site-packages/rayforge/builtin_addons/rayforge-addon-post/post_processors/worker.py'>, 'rayforge_addons.post_processors.post_processors.frontend': <module 'rayforge_addons.post_processors.post_processors.frontend' from '/Users/runner/Library/Developer/CoreSimulator/Devices/2FC31A74-417F-476D-A003-0A7A6F3F8080/data/Containers/Bundle/Application/2C900E71-371D-4D32-ABDE-62E07F8BEC95/RayforgeApp.app/python/lib/python3.13/site-packages/rayforge/builtin_addons/rayforge-addon-post/post_processors/frontend.py'>, 'rayforge_addons.ai_workpiece_generator.ai_workpiece_generator.frontend': <module 'rayforge_addons.ai_workpiece_generator.ai_workpiece_generator.frontend' from '/Users/runner/Library/Developer/CoreSimulator/Devices/2FC31A74-417F-476D-A003-0A7A6F3F8080/data/Containers/Bundle/Application/2C900E71-371D-4D32-ABDE-62E07F8BEC95/RayforgeApp.app/python/lib/python3.13/site-packages/rayforge/builtin_addons/rayforge-addon-ai-workpiece/ai_workpiece_generator/frontend.py'>}
2026-07-05 18:17:17,828 - rayforge.worker_init - ERROR - Failed to load enabled worker module 'rayforge_addons.post_processors.post_processors.worker': Plugin name already registered: rayforge_addons.post_processors.post_processors.worker=<module 'rayforge_addons.post_processors.post_processors.worker' from '/Users/runner/Library/Developer/CoreSimulator/Devices/2FC31A74-417F-476D-A003-0A7A6F3F8080/data/Containers/Bundle/Application/2C900E71-371D-4D32-ABDE-62E07F8BEC95/RayforgeApp.app/python/lib/python3.13/site-packages/rayforge/builtin_addons/rayforge-addon-post/post_processors/worker.py'>
{'rayforge_addons.core_materials.core_materials.worker': <module 'rayforge_addons.core_materials.core_materials.worker' from '/Users/runner/Library/Developer/CoreSimulator/Devices/2FC31A74-417F-476D-A003-0A7A6F3F8080/data/Containers/Bundle/Application/2C900E71-371D-4D32-ABDE-62E07F8BEC95/RayforgeApp.app/python/lib/python3.13/site-packages/rayforge/builtin_addons/rayforge-addon-materials/core_materials/worker.py'>, 'rayforge_addons.sketcher.sketcher.worker': <module 'rayforge_addons.sketcher.sketcher.worker' from '/Users/runner/Library/Developer/CoreSimulator/Devices/2FC31A74-417F-476D-A003-0A7A6F3F8080/data/Containers/Bundle/Application/2C900E71-371D-4D32-ABDE-62E07F8BEC95/RayforgeApp.app/python/lib/python3.13/site-packages/rayforge/builtin_addons/rayforge-addon-sketcher/sketcher/worker.py'>, 'rayforge_addons.sketcher.sketcher.frontend': <module 'rayforge_addons.sketcher.sketcher.frontend' from '/Users/runner/Library/Developer/CoreSimulator/Devices/2FC31A74-417F-476D-A003-0A7A6F3F8080/data/Containers/Bundle/Application/2C900E71-371D-4D32-ABDE-62E07F8BEC95/RayforgeApp.app/python/lib/python3.13/site-packages/rayforge/builtin_addons/rayforge-addon-sketcher/sketcher/frontend.py'>, 'rayforge_addons.print_and_cut.print_and_cut.frontend': <module 'rayforge_addons.print_and_cut.print_and_cut.frontend' from '/Users/runner/Library/Developer/CoreSimulator/Devices/2FC31A74-417F-476D-A003-0A7A6F3F8080/data/Containers/Bundle/Application/2C900E71-371D-4D32-ABDE-62E07F8BEC95/RayforgeApp.app/python/lib/python3.13/site-packages/rayforge/builtin_addons/rayforge-addon-print-and-cut/print_and_cut/frontend.py'>, 'rayforge_addons.post_processors.post_processors.worker': <module 'rayforge_addons.post_processors.post_processors.worker' from '/Users/runner/Library/Developer/CoreSimulator/Devices/2FC31A74-417F-476D-A003-0A7A6F3F8080/data/Containers/Bundle/Application/2C900E71-371D-4D32-ABDE-62E07F8BEC95/RayforgeApp.app/python/lib/python3.13/site-packages/rayforge/builtin_addons/rayforge-addon-post/post_processors/worker.py'>, 'rayforge_addons.post_processors.post_processors.frontend': <module 'rayforge_addons.post_processors.post_processors.frontend' from '/Users/runner/Library/Developer/CoreSimulator/Devices/2FC31A74-417F-476D-A003-0A7A6F3F8080/data/Containers/Bundle/Application/2C900E71-371D-4D32-ABDE-62E07F8BEC95/RayforgeApp.app/python/lib/python3.13/site-packages/rayforge/builtin_addons/rayforge-addon-post/post_processors/frontend.py'>, 'rayforge_addons.ai_workpiece_generator.ai_workpiece_generator.frontend': <module 'rayforge_addons.ai_workpiece_generator.ai_workpiece_generator.frontend' from '/Users/runner/Library/Developer/CoreSimulator/Devices/2FC31A74-417F-476D-A003-0A7A6F3F8080/data/Containers/Bundle/Application/2C900E71-371D-4D32-ABDE-62E07F8BEC95/RayforgeApp.app/python/lib/python3.13/site-packages/rayforge/builtin_addons/rayforge-addon-ai-workpiece/ai_workpiece_generator/frontend.py'>}
Gdk-Message: 18:17:17.956: gdk-ios: toplevel_present shell_bounds=1032x1376
Fontconfig warning: using without calling FcInit()
Gdk-Message: 18:17:18.016: gdk-ios: present placement transient=0 natural=1165x1150 -> frame=(0,0,1032x1376)
Gdk-Message: 18:17:18.016: gdk-ios: attach_layer surface=0x10ea30fa0 layer=0x600000ca4330 root=0x600000c0b840 root.bounds=1032x1376 root.sublayers=1 scale=2.00
Gdk-Message: 18:17:18.016: gdk-ios: apply_frame surface=0x10ea30fa0 req=(0,0,1032x1376) layer.frame=(0,0,1032x1376)
Gdk-Message: 18:17:18.018: gdk-ios: toplevel_present shell_bounds=1032x1376
Gdk-Message: 18:17:18.018: gdk-ios: present placement transient=0 natural=1115x1100 -> frame=(0,0,1032x1376)
Gdk-Message: 18:17:18.018: gdk-ios: apply_frame surface=0x10ea30fa0 req=(0,0,1032x1376) layer.frame=(0,0,1032x1376)
Gdk-Message: 18:17:18.020: gdk-ios: toplevel_present shell_bounds=1032x1376
Gdk-Message: 18:17:18.026: gdk-ios: present placement transient=1 natural=394x318 -> frame=(319,529,394x318)
Gdk-Message: 18:17:18.026: gdk-ios: attach_layer surface=0x1110dbd60 layer=0x600000cbe3d0 root=0x600000c0b840 root.bounds=1032x1376 root.sublayers=2 scale=2.00
Gdk-Message: 18:17:18.026: gdk-ios: apply_frame surface=0x1110dbd60 req=(319,529,394x318) layer.frame=(319,529,394x318)
Gdk-Message: 18:17:18.026: gdk-ios: toplevel_present shell_bounds=1032x1376
Gdk-Message: 18:17:18.026: gdk-ios: present placement transient=1 natural=394x318 -> frame=(319,529,394x318)
Gdk-Message: 18:17:18.026: gdk-ios: apply_frame surface=0x1110dbd60 req=(319,529,394x318) layer.frame=(319,529,394x318)
2026-07-05 18:17:18,027 - rayforge.addon_mgr.update_cmd - INFO - Scheduling startup addon update check.
2026-07-05 18:17:18,027 - rayforge.updater - INFO - Scheduling app version update check.
IOSBOOT: _ios_run: activate() returned; windows=1
IOSBOOT:   window mapped=True visible=True title='Rayforge'
IOSBOOT: keep-running caught — startup unwound cleanly
RAYFORGE UI RUNNING
** Message: 18:17:18.028: rayforge boot: PyGObject self-test ran (CPython 3.13.14 (main, Jun 12 2026, 07:26:39) [Clang 17.0.0 (clang-1700.0.13.5)]) ? see console for PYGOBJECT OK/FAIL
Gdk-Message: 18:17:18.036: gdk-ios: user main returned
Gdk-Message: 18:17:18.036: gdk-ios: VC layout view=1032x1376 screen=1032x1376
Gdk-Message: 18:17:18.224: gdk-ios: begin_frame surface=1032x1376 scale=2.00 pixels=2064x2752
Gdk-Message: 18:17:18.325: gdk-ios: end_frame 2064x2752 stride=8256 data=0x114be4000 layer=0x600000ca4330 center=0xFFF5F5F6 tl=0xFFFFFFFF tr=0xFFFFFFFF bl=0xFFFAFAFB br=0xFFFAFAFB
Gdk-Message: 18:17:18.325: gdk-ios: presented layer=0x600000ca4330 frame=(0,0,1032x1376) contentsScale=2.00 opacity=1.00 hidden=0 super=0x600000c0b840 hasContents=1
Gdk-Message: 18:17:18.326: gdk-ios: begin_frame surface=394x318 scale=2.00 pixels=788x636
Gdk-Message: 18:17:18.330: gdk-ios: end_frame 788x636 stride=3152 data=0x116190000 layer=0x600000cbe3d0 center=0xFFFAFAFB tl=0x00000000 tr=0x00000000 bl=0x00000000 br=0x00000000
Gdk-Message: 18:17:18.330: gdk-ios: presented layer=0x600000cbe3d0 frame=(319,529,394x318) contentsScale=2.00 opacity=1.00 hidden=0 super=0x600000c0b840 hasContents=1
Gdk-Message: 18:17:18.331: gdk-ios: begin_frame surface=1032x1376 scale=2.00 pixels=2064x2752
Gdk-Message: 18:17:18.338: gdk-ios: end_frame 2064x2752 stride=8256 data=0x11637c000 layer=0x600000ca4330 center=0x00000000 tl=0xFFFFFFFF tr=0x00000000 bl=0x00000000 br=0x00000000
Gdk-Message: 18:17:18.342: gdk-ios: presented layer=0x600000ca4330 frame=(0,0,1032x1376) contentsScale=2.00 opacity=1.00 hidden=0 super=0x600000c0b840 hasContents=1
Gdk-Message: 18:17:18.349: gdk-ios: begin_frame surface=1032x1376 scale=2.00 pixels=2064x2752
Gdk-Message: 18:17:18.371: gdk-ios: end_frame 2064x2752 stride=8256 data=0x114be4000 layer=0x600000ca4330 center=0xFFF5F5F6 tl=0xFFFFFFFF tr=0x00000000 bl=0xFFDDDDDD br=0xFFDDDDDD
Gdk-Message: 18:17:18.371: gdk-ios: presented layer=0x600000ca4330 frame=(0,0,1032x1376) contentsScale=2.00 opacity=1.00 hidden=0 super=0x600000c0b840 hasContents=1
Gdk-Message: 18:17:18.396: gdk-ios: begin_frame surface=1032x1376 scale=2.00 pixels=2064x2752
Gdk-Message: 18:17:18.437: gdk-ios: end_frame 2064x2752 stride=8256 data=0x117b1c000 layer=0x600000ca4330 center=0xFFF5F5F6 tl=0xFFFFFFFF tr=0x00000000 bl=0x00000000 br=0x00000000
Gdk-Message: 18:17:18.452: gdk-ios: presented layer=0x600000ca4330 frame=(0,0,1032x1376) contentsScale=2.00 opacity=1.00 hidden=0 super=0x600000c0b840 hasContents=1
Gdk-Message: 18:17:20.395: gdk-ios: pump alive frame=120 total_iterations=13
Gdk-Message: 18:17:22.395: gdk-ios: pump alive frame=240 total_iterations=13
2026-07-05 18:17:22,585 - rayforge.addon_mgr.addon_manager - INFO - Checking for available addon updates...
IOSBOOT: GEOM monitor[0] 1032x1376+0+0 scale=2
IOSBOOT: GEOM top[0] 'Rayforge' alloc=1032x1376 surface=1032x1376 surfscale=2 vis=True
IOSBOOT: GEOM top[1] 'Help Improve Rayforge' alloc=350x274 surface=394x318 surfscale=2 vis=True
2026-07-05 18:17:22,587 - rayforge.addon_mgr.addon_manager - INFO - Fetching registry from https://raw.githubusercontent.com/barebaric/rayforge-registry/main/registry.yaml
Gdk-Message: 18:17:24.395: gdk-ios: pump alive frame=360 total_iterations=14
Gdk-Message: 18:17:26.394: gdk-ios: pump alive frame=480 total_iterations=14
Gdk-Message: 18:17:28.395: gdk-ios: pump alive frame=600 total_iterations=14
Gdk-Message: 18:17:30.395: gdk-ios: pump alive frame=720 total_iterations=14
Gdk-Message: 18:17:32.394: gdk-ios: pump alive frame=840 total_iterations=14
Gdk-Message: 18:17:34.395: gdk-ios: pump alive frame=960 total_iterations=14
Gdk-Message: 18:17:36.395: gdk-ios: pump alive frame=1080 total_iterations=14
Gdk-Message: 18:17:38.394: gdk-ios: pump alive frame=1200 total_iterations=14
Gdk-Message: 18:17:40.395: gdk-ios: pump alive frame=1320 total_iterations=14
Gdk-Message: 18:17:42.395: gdk-ios: pump alive frame=1440 total_iterations=14
Gdk-Message: 18:17:44.396: gdk-ios: pump alive frame=1560 total_iterations=14
Gdk-Message: 18:17:46.395: gdk-ios: pump alive frame=1680 total_iterations=14
Gdk-Message: 18:17:48.396: gdk-ios: pump alive frame=1800 total_iterations=14
Gdk-Message: 18:17:50.394: gdk-ios: pump alive frame=1920 total_iterations=14
Gdk-Message: 18:17:52.395: gdk-ios: pump alive frame=2040 total_iterations=14
Gdk-Message: 18:17:54.395: gdk-ios: pump alive frame=2160 total_iterations=14
Gdk-Message: 18:17:56.395: gdk-ios: pump alive frame=2280 total_iterations=14
Gdk-Message: 18:17:58.396: gdk-ios: pump alive frame=2400 total_iterations=14
