++ xcrun simctl list runtimes
++ awk '/iOS/{id=$NF} END{print id}'
+ RUNTIME=com.apple.CoreSimulator.SimRuntime.iOS-26-2
++ xcrun simctl create rayforge-test com.apple.CoreSimulator.SimDeviceType.iPad-Pro-13-inch-M4-8GB com.apple.CoreSimulator.SimRuntime.iOS-26-2
+ UDID=2FC31A74-417F-476D-A003-0A7A6F3F8080
+ test -n 2FC31A74-417F-476D-A003-0A7A6F3F8080
+ echo UDID=2FC31A74-417F-476D-A003-0A7A6F3F8080
UDID=2FC31A74-417F-476D-A003-0A7A6F3F8080
+ xcrun simctl boot 2FC31A74-417F-476D-A003-0A7A6F3F8080
+ xcrun simctl bootstatus 2FC31A74-417F-476D-A003-0A7A6F3F8080 -b
Monitoring boot status for rayforge-test (2FC31A74-417F-476D-A003-0A7A6F3F8080).
[2026-07-05 18:15:59 +0000] Status=2, isTerminal=NO, Elapsed=00:31.
	Waiting on Data Migration
		Reason:Running plugin com.apple.-0LaunchServicesMigrator (00LaunchServicesMigrator.migrator, user-agnostic)
		Migration Elapsed:00:27 seconds

[2026-07-05 18:16:00 +0000] Status=2, isTerminal=NO, Elapsed=00:32.
	Waiting on Data Migration
		Reason:Running plugin com.apple.-0LaunchServicesMigrator (00LaunchServicesMigrator.migrator, user-agnostic)
		Migration Elapsed:00:28 seconds

[2026-07-05 18:16:01 +0000] Status=2, isTerminal=NO, Elapsed=00:33.
	Waiting on Data Migration
		Reason:Running plugin com.apple.-0LaunchServicesMigrator (00LaunchServicesMigrator.migrator, user-agnostic)
		Migration Elapsed:00:29 seconds

[2026-07-05 18:16:02 +0000] Status=2, isTerminal=NO, Elapsed=00:34.
	Waiting on Data Migration
		Reason:Running plugin com.apple.-0LaunchServicesMigrator (00LaunchServicesMigrator.migrator, user-agnostic)
		Migration Elapsed:00:30 seconds

[2026-07-05 18:16:03 +0000] Status=2, isTerminal=NO, Elapsed=00:35.
	Waiting on Data Migration
		Reason:Running plugin com.apple.-0LaunchServicesMigrator (00LaunchServicesMigrator.migrator, user-agnostic)
		Migration Elapsed:00:31 seconds

[2026-07-05 18:16:04 +0000] Status=2, isTerminal=NO, Elapsed=00:36.
	Waiting on Data Migration
		Reason:Running plugin com.apple.-0LaunchServicesMigrator (00LaunchServicesMigrator.migrator, user-agnostic)
		Migration Elapsed:00:32 seconds

[2026-07-05 18:16:05 +0000] Status=2, isTerminal=NO, Elapsed=00:37.
	Waiting on Data Migration
		Reason:Running plugin com.apple.-0LaunchServicesMigrator (00LaunchServicesMigrator.migrator, user-agnostic)
		Migration Elapsed:00:33 seconds

[2026-07-05 18:16:06 +0000] Status=2, isTerminal=NO, Elapsed=00:38.
	Waiting on Data Migration
		Reason:Running plugin com.apple.-0LaunchServicesMigrator (00LaunchServicesMigrator.migrator, user-agnostic)
		Migration Elapsed:00:34 seconds

[2026-07-05 18:16:09 +0000] Status=2, isTerminal=NO, Elapsed=00:41.
	Waiting on Data Migration
		Reason:Running plugin com.apple.securityd.KeychainMigrator (KeychainMigrator.migrator, user-agnostic)
		Migration Elapsed:00:35 seconds

[2026-07-05 18:16:09 +0000] Status=2, isTerminal=NO, Elapsed=00:42.
	Waiting on Data Migration
		Reason:Running plugin com.apple.managedconfiguration.migrator (MCProfile.migrator, user-agnostic)
		Migration Elapsed:00:37 seconds

[2026-07-05 18:16:10 +0000] Status=2, isTerminal=NO, Elapsed=00:42.
	Waiting on Data Migration
		Reason:Running plugin com.apple.managedconfiguration.migrator (MCProfile.migrator, user-agnostic)
		Migration Elapsed:00:38 seconds

[2026-07-05 18:16:10 +0000] Status=2, isTerminal=NO, Elapsed=00:43.
	Waiting on Data Migration
		Reason:Running plugin com.apple.managedconfiguration.migrator (MCProfile.migrator, user-agnostic)
		Migration Elapsed:00:38 seconds

[2026-07-05 18:16:11 +0000] Status=2, isTerminal=NO, Elapsed=00:44.
	Waiting on Data Migration
		Reason:Running plugin com.apple.managedconfiguration.migrator (MCProfile.migrator, user-agnostic)
		Migration Elapsed:00:39 seconds

[2026-07-05 18:16:12 +0000] Status=2, isTerminal=NO, Elapsed=00:45.
	Waiting on Data Migration
		Reason:Running plugin com.apple.managedconfiguration.migrator (MCProfile.migrator, user-agnostic)
		Migration Elapsed:00:40 seconds

[2026-07-05 18:16:15 +0000] Status=2, isTerminal=NO, Elapsed=00:48.
	Waiting on Data Migration
		Reason:Running plugin com.apple.MobileSafari.migrator (MobileSafari.migrator)
		Migration Elapsed:00:41 seconds

[2026-07-05 18:16:16 +0000] Status=4, isTerminal=NO, Elapsed=00:49.
	Waiting on System App

[2026-07-05 18:16:17 +0000] Status=4, isTerminal=NO, Elapsed=00:49.
	Waiting on System App

[2026-07-05 18:16:17 +0000] Status=4, isTerminal=NO, Elapsed=00:50.
	Waiting on System App

[2026-07-05 18:16:18 +0000] Status=4, isTerminal=NO, Elapsed=00:51.
	Waiting on System App

[2026-07-05 18:16:19 +0000] Status=4, isTerminal=NO, Elapsed=00:51.
	Waiting on System App

[2026-07-05 18:16:28 +0000] Status=4294967295, isTerminal=YES, Elapsed=01:00.
	Finished

+ xcrun simctl install 2FC31A74-417F-476D-A003-0A7A6F3F8080 RayforgeApp.app
++ xcrun simctl get_app_container 2FC31A74-417F-476D-A003-0A7A6F3F8080 org.rayforge.app
+ APP_CONTAINER=/Users/runner/Library/Developer/CoreSimulator/Devices/2FC31A74-417F-476D-A003-0A7A6F3F8080/data/Containers/Bundle/Application/2C900E71-371D-4D32-ABDE-62E07F8BEC95/RayforgeApp.app
+ echo 'app container: /Users/runner/Library/Developer/CoreSimulator/Devices/2FC31A74-417F-476D-A003-0A7A6F3F8080/data/Containers/Bundle/Application/2C900E71-371D-4D32-ABDE-62E07F8BEC95/RayforgeApp.app'
app container: /Users/runner/Library/Developer/CoreSimulator/Devices/2FC31A74-417F-476D-A003-0A7A6F3F8080/data/Containers/Bundle/Application/2C900E71-371D-4D32-ABDE-62E07F8BEC95/RayforgeApp.app
+ FW_DIR=/Users/runner/Library/Developer/CoreSimulator/Devices/2FC31A74-417F-476D-A003-0A7A6F3F8080/data/Containers/Bundle/Application/2C900E71-371D-4D32-ABDE-62E07F8BEC95/RayforgeApp.app/Frameworks
+ LAUNCH_OUT=/Users/runner/work/Rayforge-iOS-ipa/Rayforge-iOS-ipa/app-console.log
+ xcrun simctl launch --stdout=/Users/runner/work/Rayforge-iOS-ipa/Rayforge-iOS-ipa/app-console.log --stderr=/Users/runner/work/Rayforge-iOS-ipa/Rayforge-iOS-ipa/app-console.log 2FC31A74-417F-476D-A003-0A7A6F3F8080 org.rayforge.app SIMCTL_CHILD_DYLD_LIBRARY_PATH=/Users/runner/Library/Developer/CoreSimulator/Devices/2FC31A74-417F-476D-A003-0A7A6F3F8080/data/Containers/Bundle/Application/2C900E71-371D-4D32-ABDE-62E07F8BEC95/RayforgeApp.app/Frameworks SIMCTL_CHILD_DYLD_FALLBACK_LIBRARY_PATH=/Users/runner/Library/Developer/CoreSimulator/Devices/2FC31A74-417F-476D-A003-0A7A6F3F8080/data/Containers/Bundle/Application/2C900E71-371D-4D32-ABDE-62E07F8BEC95/RayforgeApp.app/Frameworks SIMCTL_CHILD_G_MESSAGES_DEBUG=all
+ tee launch-cmd.log
org.rayforge.app: 51941
+ MARKER_SEEN=0
++ seq 1 36
+ for i in '$(seq 1 36)'
+ sleep 5
+ xcrun simctl spawn 2FC31A74-417F-476D-A003-0A7A6F3F8080 log show --last 6m --predicate 'process == "rayforge-app"'
+ grep -q 'RAYFORGE UI RUNNING' app-console.log app-syslog.log
+ MARKER_SEEN=1
+ echo 'marker seen after ~5s'
marker seen after ~5s
+ break
+ APP_ALIVE=1
+ xcrun simctl spawn 2FC31A74-417F-476D-A003-0A7A6F3F8080 launchctl list
+ grep -q org.rayforge.app
+ echo 'app alive: 1  marker seen: 1'
app alive: 1  marker seen: 1
+ echo 'waiting for first rendered frames...'
waiting for first rendered frames...
+ sleep 20
+ xcrun simctl io 2FC31A74-417F-476D-A003-0A7A6F3F8080 screenshot simulator-screenshot.png
Detected file type 'PNG' from extension
Wrote screenshot to: simulator-screenshot.png
+ ls -la simulator-screenshot.png
-rw-r--r--@ 1 runner  staff  273934 Jul  5 18:17 simulator-screenshot.png
+ mkdir -p crash-reports
+ find /Users/runner/Library/Logs/DiagnosticReports -name '*rayforge*' -newer RayforgeApp.app/Info.plist -exec cp '{}' crash-reports/ ';'
+ for c in 'crash-reports/*'
+ '[' -f 'crash-reports/*' ']'
+ continue
+ xcrun simctl shutdown 2FC31A74-417F-476D-A003-0A7A6F3F8080
+ echo '===== app console ====='
===== app console =====
+ cat app-console.log
Gdk-Message: 18:17:12.144: gdk-ios: bundle resources at /Users/runner/Library/Developer/CoreSimulator/Devices/2FC31A74-417F-476D-A003-0A7A6F3F8080/data/Containers/Bundle/Application/2C900E71-371D-4D32-ABDE-62E07F8BEC95/RayforgeApp.app
Gdk-Message: 18:17:12.393: gdk-ios: shell ready window=1032x1376 view=1032x1376 scale=2.00
Gdk-Message: 18:17:12.401: gdk-ios: VC layout view=1032x1376 screen=1032x1376
Gdk-Message: 18:17:12.463: gdk-ios: entering user main
** Message: 18:17:12.465: GI_TYPELIB_PATH: /Users/runner/Library/Developer/CoreSimulator/Devices/2FC31A74-417F-476D-A003-0A7A6F3F8080/data/Containers/Bundle/Application/2C900E71-371D-4D32-ABDE-62E07F8BEC95/RayforgeApp.app/lib/girepository-1.0
** Message: 18:17:12.465: python home: /Users/runner/Library/Developer/CoreSimulator/Devices/2FC31A74-417F-476D-A003-0A7A6F3F8080/data/Containers/Bundle/Application/2C900E71-371D-4D32-ABDE-62E07F8BEC95/RayforgeApp.app/python
** Message: 18:17:12.465: site-packages: /Users/runner/Library/Developer/CoreSimulator/Devices/2FC31A74-417F-476D-A003-0A7A6F3F8080/data/Containers/Bundle/Application/2C900E71-371D-4D32-ABDE-62E07F8BEC95/RayforgeApp.app/python/lib/python3.13/site-packages
IOSBOOT: ios_main.main() start
IOSBOOT: import rayforge.app
IOSBOOT: addon finder fast-fail installed
IOSBOOT: rayforge.app.main()
2026-07-05 18:17:13,882 - root - INFO - Logging configured. Console level: INFO
2026-07-05 18:17:13,882 - root - INFO - Session log file: /Users/runner/Library/Developer/CoreSimulator/Devices/2FC31A74-417F-476D-A003-0A7A6F3F8080/data/Containers/Data/Application/057B5FB3-426F-4636-A2D3-60DA67FA6417/.local/state/rayforge/log/session-2026-07-05_18-17-13.log
2026-07-05 18:17:13,882 - rayforge.app - INFO - Application starting with log level INFO
2026-07-05 18:17:13,883 - rayforge.app - INFO - PyCairo version: 1.29.0
2026-07-05 18:17:15,443 - rayforge.image.svg.svg_fallback - WARNING - pyvips svgload_buffer not available. Using Cairo/Rsvg fallback for SVG rendering.
2026-07-05 18:17:16,361 - rayforge.ui_gtk.sim3d - INFO - Skipping Canvas3D import due to RAYFORGE_DISABLE_3D
2026-07-05 18:17:16,361 - rayforge.ui_gtk.sim3d - INFO - 3D canvas disabled via RAYFORGE_DISABLE_3D environment variable.
2026-07-05 18:17:16,499 - rayforge.addon_mgr.addon_manager - INFO - Scanning for addons in /Users/runner/Library/Developer/CoreSimulator/Devices/2FC31A74-417F-476D-A003-0A7A6F3F8080/data/Containers/Bundle/Application/2C900E71-371D-4D32-ABDE-62E07F8BEC95/RayforgeApp.app/python/lib/python3.13/site-packages/rayforge/builtin_addons...
2026-07-05 18:17:16,503 - rayforge.addon_mgr.addon_manager - INFO - Loaded addon: core_materials (builtin)
2026-07-05 18:17:16,606 - rayforge.addon_mgr.addon_manager - INFO - Loaded addon: sketcher (builtin)
2026-07-05 18:17:16,613 - rayforge.addon_mgr.addon_manager - ERROR - Error importing addon laser_essentials: No module named 'raygeo.cnc'
2026-07-05 18:17:16,617 - rayforge.addon_mgr.addon_manager - ERROR - Error importing addon laser_essentials: No module named 'raygeo.cnc'
2026-07-05 18:17:16,617 - rayforge.addon_mgr.addon_manager - INFO - Loaded addon: laser_essentials (builtin)
2026-07-05 18:17:16,621 - rayforge.addon_mgr.addon_manager - INFO - Loaded addon: print_and_cut (builtin)
2026-07-05 18:17:16,648 - rayforge.addon_mgr.addon_manager - INFO - Loaded addon: post_processors (builtin)
2026-07-05 18:17:16,662 - rayforge.addon_mgr.addon_manager - INFO - Loaded addon: ai_workpiece_generator (builtin)
2026-07-05 18:17:16,859 - rayforge.context - INFO - Addons loaded (headless=False)
IOSBOOT: _ios_run: register()
IOSBOOT: _ios_run: activate()
2026-07-05 18:17:17,642 - rayforge.context - INFO - Lazy loading config manager
2026-07-05 18:17:17,649 - rayforge.context - INFO - Lazy loading machine manager
2026-07-05 18:17:17,656 - rayforge.core.config - INFO - Config file does not exist, creating default config.
2026-07-05 18:17:17,757 - rayforge.context - INFO - Lazy loading camera manager
2026-07-05 18:17:17,828 - rayforge.worker_init - ERROR - Failed to load enabled worker module 'rayforge_addons.core_materials.core_materials.worker': Plugin name already registered: rayforge_addons.core_materials.core_materials.worker=<module 'rayforge_addons.core_materials.core_materials.worker' from '/Users/runner/Library/Developer/CoreSimulator/Devices/2FC31A74-417F-476D-A003-0A7A6F3F8080/data/Containers/Bundle/Application/2C900E71-371D-4D32-ABDE-62E07F8BEC95/RayforgeApp.app/python/lib/python3.13/site-packages/rayforge/builtin_addons/rayforge-addon-materials/core_materials/worker.py'>
{'rayforge_addons.core_materials.core_materials.worker': <module 'rayforge_addons.core_materials.core_materials.worker' from '/Users/runner/Library/Developer/CoreSimulator/Devices/2FC31A74-417F-476D-A003-0A7A6F3F8080/data/Containers/Bundle/Application/2C900E71-371D-4D32-ABDE-62E07F8BEC95/RayforgeApp.app/python/lib/python3.13/site-packages/rayforge/builtin_addons/rayforge-addon-materials/core_materials/worker.py'>, 'rayforge_addons.sketcher.sketcher.worker': <module 'rayforge_addons.sketcher.sketcher.worker' from '/Users/runner/Library/Developer/CoreSimulator/Devices/2FC31A74-417F-476D-A003-0A7A6F3F8080/data/Containers/Bundle/Application/2C900E71-371D-4D32-ABDE-62E07F8BEC95/RayforgeApp.app/python/lib/python3.13/site-packages/rayforge/builtin_addons/rayforge-addon-sketcher/sketcher/worker.py'>, 'rayforge_addons.sketcher.sketcher.frontend': <module 'rayforge_addons.sketcher.sketcher.frontend' from '/Users/runner/Library/Developer/CoreSimulator/Devices/2FC31A74-417F-476D-A003-0A7A6F3F8080/data/Containers/Bundle/Application/2C900E71-371D-4D32-ABDE-62E07F8BEC95/RayforgeApp.app/python/lib/python3.13/site-packages/rayforge/builtin_addons/rayforge-addon-sketcher/sketcher/frontend.py'>, 'rayforge_addons.print_and_cut.print_and_cut.frontend': <module 'rayforge_addons.print_and_cut.print_and_cut.frontend' from '/Users/runner/Library/Developer/CoreSimulator/Devices/2FC31A74-417F-476D-A003-0A7A6F3F8080/data/Containers/Bundle/Application/2C900E71-371D-4D32-ABDE-62E07F8BEC95/RayforgeApp.app/python/lib/python3.13/site-packages/rayforge/builtin_addons/rayforge-addon-print-and-cut/print_and_cut/frontend.py'>, 'rayforge_addons.post_processors.post_processors.worker': <module 'rayforge_addons.post_processors.post_processors.worker' from '/Users/runner/Library/Developer/CoreSimulator/Devices/2FC31A74-417F-476D-A003-0A7A6F3F8080/data/Containers/Bundle/Application/2C900E71-371D-4D32-ABDE-62E07F8BEC95/RayforgeApp.app/python/lib/python3.13/site-packages/rayforge/builtin_addons/rayforge-addon-post/post_processors/worker.py'>, 'rayforge_addons.post_processors.post_processors.frontend': <module 'rayforge_addons.post_processors.post_processors.frontend' from '/Users/runner/Library/Developer/CoreSimulator/Devices/2FC31A74-417F-476D-A003-0A7A6F3F8080/data/Containers/Bundle/Application/2C900E71-371D-4D32-ABDE-62E07F8BEC95/RayforgeApp.app/python/lib/python3.13/site-packages/rayforge/builtin_addons/rayforge-addon-post/post_processors/frontend.py'>, 'rayforge_addons.ai_workpiece_generator.ai_workpiece_generator.frontend': <module 'rayforge_addons.ai_workpiece_generator.ai_workpiece_generator.frontend' from '/Users/runner/Library/Developer/CoreSimulator/Devices/2FC31A74-417F-476D-A003-0A7A6F3F8080/data/Containers/Bundle/Application/2C900E71-371D-4D32-ABDE-62E07F8BEC95/RayforgeApp.app/python/lib/python3.13/site-packages/rayforge/builtin_addons/rayforge-addon-ai-workpiece/ai_workpiece_generator/frontend.py'>}
2026-07-05 18:17:17,828 - rayforge.worker_init - ERROR - Failed to load enabled worker module 'rayforge_addons.sketcher.sketcher.worker': Plugin name already registered: rayforge_addons.sketcher.sketcher.worker=<module 'rayforge_addons.sketcher.sketcher.worker' from '/Users/runner/Library/Developer/CoreSimulator/Devices/2FC31A74-417F-476D-A003-0A7A6F3F8080/data/Containers/Bundle/Application/2C900E71-371D-4D32-ABDE-62E07F8BEC95/RayforgeApp.app/python/lib/python3.13/site-packages/rayforge/builtin_addons/rayforge-addon-sketcher/sketcher/worker.py'>
{'rayforge_addons.core_materials.core_materials.worker': <module 'rayforge_addons.core_materials.core_materials.worker' from '/Users/runner/Library/Developer/CoreSimulator/Devices/2FC31A74-417F-476D-A003-0A7A6F3F8080/data/Containers/Bundle/Application/2C900E71-371D-4D32-ABDE-62E07F8BEC95/RayforgeApp.app/python/lib/python3.13/site-packages/rayforge/builtin_addons/rayforge-addon-materials/core_materials/worker.py'>, 'rayforge_addons.sketcher.sketcher.worker': <module 'rayforge_addons.sketcher.sketcher.worker' from '/Users/runner/Library/Developer/CoreSimulator/Devices/2FC31A74-417F-476D-A003-0A7A6F3F8080/data/Containers/Bundle/Application/2C900E71-371D-4D32-ABDE-62E07F8BEC95/RayforgeApp.app/python/lib/python3.13/site-packages/rayforge/builtin_addons/rayforge-addon-sketcher/sketcher/worker.py'>, 'rayforge_addons.sketcher.sketcher.frontend': <module 'rayforge_addons.sketcher.sketcher.frontend' from '/Users/runner/Library/Developer/CoreSimulator/Devices/2FC31A74-417F-476D-A003-0A7A6F3F8080/data/Containers/Bundle/Application/2C900E71-371D-4D32-ABDE-62E07F8BEC95/RayforgeApp.app/python/lib/python3.13/site-packages/rayforge/builtin_addons/rayforge-addon-sketcher/sketcher/frontend.py'>, 'rayforge_addons.print_and_cut.print_and_cut.frontend': <module 'rayforge_addons.print_and_cut.print_and_cut.frontend' from '/Users/runner/Library/Developer/CoreSimulator/Devices/2FC31A74-417F-476D-A003-0A7A6F3F8080/data/Containers/Bundle/Application/2C900E71-371D-4D32-ABDE-62E07F8BEC95/RayforgeApp.app/python/lib/python3.13/site-packages/rayforge/builtin_addons/rayforge-addon-print-and-cut/print_and_cut/frontend.py'>, 'rayforge_addons.post_processors.post_processors.worker': <module 'rayforge_addons.post_processors.post_processors.worker' from '/Users/runner/Library/Developer/CoreSimulator/Devices/2FC31A74-417F-476D-A003-0A7A6F3F8080/data/Containers/Bundle/Application/2C900E71-371D-4D32-ABDE-62E07F8BEC95/RayforgeApp.app/python/lib/python3.13/site-packages/rayforge/builtin_addons/rayforge-addon-post/post_processors/worker.py'>, 'rayforge_addons.post_processors.post_processors.frontend': <module 'rayforge_addons.post_processors.post_processors.frontend' from '/Users/runner/Library/Developer/CoreSimulator/Devices/2FC31A74-417F-476D-A003-0A7A6F3F8080/data/Containers/Bundle/Application/2C900E71-371D-4D32-ABDE-62E07F8BEC95/RayforgeApp.app/python/lib/python3.13/site-packages/rayforge/builtin_addons/rayforge-addon-post/post_processors/frontend.py'>, 'rayforge_addons.ai_workpiece_generator.ai_workpiece_generator.frontend': <module 'rayforge_addons.ai_workpiece_generator.ai_workpiece_generator.frontend' from '/Users/runner/Library/Developer/CoreSimulator/Devices/2FC31A74-417F-476D-A003-0A7A6F3F8080/data/Containers/Bundle/Application/2C900E71-371D-4D32-ABDE-62E07F8BEC95/RayforgeApp.app/python/lib/python3.13/site-packages/rayforge/builtin_addons/rayforge-addon-ai-workpiece/ai_workpiece_generator/frontend.py'>}
2026-07-05 18:17:17,828 - rayforge.worker_init - ERROR - Failed to load enabled worker module 'rayforge_addons.post_processors.post_processors.worker': Plugin name already registered: rayforge_addons.post_processors.post_processors.worker=<module 'rayforge_addons.post_processors.post_processors.worker' from '/Users/runner/Library/Developer/CoreSimulator/Devices/2FC31A74-417F-476D-A003-0A7A6F3F8080/data/Containers/Bundle/Application/2C900E71-371D-4D32-ABDE-62E07F8BEC95/RayforgeApp.app/python/lib/python3.13/site-packages/rayforge/builtin_addons/rayforge-addon-post/post_processors/worker.py'>
{'rayforge_addons.core_materials.core_materials.worker': <module 'rayforge_addons.core_materials.core_materials.worker' from '/Users/runner/Library/Developer/CoreSimulator/Devices/2FC31A74-417F-476D-A003-0A7A6F3F8080/data/Containers/Bundle/Application/2C900E71-371D-4D32-ABDE-62E07F8BEC95/RayforgeApp.app/python/lib/python3.13/site-packages/rayforge/builtin_addons/rayforge-addon-materials/core_materials/worker.py'>, 'rayforge_addons.sketcher.sketcher.worker': <module 'rayforge_addons.sketcher.sketcher.worker' from '/Users/runner/Library/Developer/CoreSimulator/Devices/2FC31A74-417F-476D-A003-0A7A6F3F8080/data/Containers/Bundle/Application/2C900E71-371D-4D32-ABDE-62E07F8BEC95/RayforgeApp.app/python/lib/python3.13/site-packages/rayforge/builtin_addons/rayforge-addon-sketcher/sketcher/worker.py'>, 'rayforge_addons.sketcher.sketcher.frontend': <module 'rayforge_addons.sketcher.sketcher.frontend' from '/Users/runner/Library/Developer/CoreSimulator/Devices/2FC31A74-417F-476D-A003-0A7A6F3F8080/data/Containers/Bundle/Application/2C900E71-371D-4D32-ABDE-62E07F8BEC95/RayforgeApp.app/python/lib/python3.13/site-packages/rayforge/builtin_addons/rayforge-addon-sketcher/sketcher/frontend.py'>, 'rayforge_addons.print_and_cut.print_and_cut.frontend': <module 'rayforge_addons.print_and_cut.print_and_cut.frontend' from '/Users/runner/Library/Developer/CoreSimulator/Devices/2FC31A74-417F-476D-A003-0A7A6F3F8080/data/Containers/Bundle/Application/2C900E71-371D-4D32-ABDE-62E07F8BEC95/RayforgeApp.app/python/lib/python3.13/site-packages/rayforge/builtin_addons/rayforge-addon-print-and-cut/print_and_cut/frontend.py'>, 'rayforge_addons.post_processors.post_processors.worker': <module 'rayforge_addons.post_processors.post_processors.worker' from '/Users/runner/Library/Developer/CoreSimulator/Devices/2FC31A74-417F-476D-A003-0A7A6F3F8080/data/Containers/Bundle/Application/2C900E71-371D-4D32-ABDE-62E07F8BEC95/RayforgeApp.app/python/lib/python3.13/site-packages/rayforge/builtin_addons/rayforge-addon-post/post_processors/worker.py'>, 'rayforge_addons.post_processors.post_processors.frontend': <module 'rayforge_addons.post_processors.post_processors.frontend' from '/Users/runner/Library/Developer/CoreSimulator/Devices/2FC31A74-417F-476D-A003-0A7A6F3F8080/data/Containers/Bundle/Application/2C900E71-371D-4D32-ABDE-62E07F8BEC95/RayforgeApp.app/python/lib/python3.13/site-packages/rayforge/builtin_addons/rayforge-addon-post/post_processors/frontend.py'>, 'rayforge_addons.ai_workpiece_generator.ai_workpiece_generator.frontend': <module 'rayforge_addons.ai_workpiece_generator.ai_workpiece_generator.frontend' from '/Users/runner/Library/Developer/CoreSimulator/Devices/2FC31A74-417F-476D-A003-0A7A6F3F8080/data/Containers/Bundle/Application/2C900E71-371D-4D32-ABDE-62E07F8BEC95/RayforgeApp.app/python/lib/python3.13/site-packages/rayforge/builtin_addons/rayforge-addon-ai-workpiece/ai_workpiece_generator/frontend.py'>}
Gdk-Message: 18:17:17.956: gdk-ios: toplevel_present shell_bounds=1032x1376
Fontconfig warning: using without calling FcInit()
Gdk-Message: 18:17:18.016: gdk-ios: present placement transient=0 natural=1165x1150 -> frame=(0,0,1032x1376)
Gdk-Message: 18:17:18.016: gdk-ios: attach_layer surface=0x10ea30fa0 layer=0x600000ca4330 root=0x600000c0b840 root.bounds=1032x1376 root.sublayers=1 scale=2.00
Gdk-Message: 18:17:18.016: gdk-ios: apply_frame surface=0x10ea30fa0 req=(0,0,1032x1376) layer.frame=(0,0,1032x1376)
Gdk-Message: 18:17:18.018: gdk-ios: toplevel_present shell_bounds=1032x1376
Gdk-Message: 18:17:18.018: gdk-ios: present placement transient=0 natural=1115x1100 -> frame=(0,0,1032x1376)
Gdk-Message: 18:17:18.018: gdk-ios: apply_frame surface=0x10ea30fa0 req=(0,0,1032x1376) layer.frame=(0,0,1032x1376)
Gdk-Message: 18:17:18.020: gdk-ios: toplevel_present shell_bounds=1032x1376
Gdk-Message: 18:17:18.026: gdk-ios: present placement transient=1 natural=394x318 -> frame=(319,529,394x318)
Gdk-Message: 18:17:18.026: gdk-ios: attach_layer surface=0x1110dbd60 layer=0x600000cbe3d0 root=0x600000c0b840 root.bounds=1032x1376 root.sublayers=2 scale=2.00
Gdk-Message: 18:17:18.026: gdk-ios: apply_frame surface=0x1110dbd60 req=(319,529,394x318) layer.frame=(319,529,394x318)
Gdk-Message: 18:17:18.026: gdk-ios: toplevel_present shell_bounds=1032x1376
Gdk-Message: 18:17:18.026: gdk-ios: present placement transient=1 natural=394x318 -> frame=(319,529,394x318)
Gdk-Message: 18:17:18.026: gdk-ios: apply_frame surface=0x1110dbd60 req=(319,529,394x318) layer.frame=(319,529,394x318)
2026-07-05 18:17:18,027 - rayforge.addon_mgr.update_cmd - INFO - Scheduling startup addon update check.
2026-07-05 18:17:18,027 - rayforge.updater - INFO - Scheduling app version update check.
IOSBOOT: _ios_run: activate() returned; windows=1
IOSBOOT:   window mapped=True visible=True title='Rayforge'
IOSBOOT: keep-running caught — startup unwound cleanly
RAYFORGE UI RUNNING
** Message: 18:17:18.028: rayforge boot: PyGObject self-test ran (CPython 3.13.14 (main, Jun 12 2026, 07:26:39) [Clang 17.0.0 (clang-1700.0.13.5)]) ? see console for PYGOBJECT OK/FAIL
Gdk-Message: 18:17:18.036: gdk-ios: user main returned
Gdk-Message: 18:17:18.036: gdk-ios: VC layout view=1032x1376 screen=1032x1376
Gdk-Message: 18:17:18.224: gdk-ios: begin_frame surface=1032x1376 scale=2.00 pixels=2064x2752
Gdk-Message: 18:17:18.325: gdk-ios: end_frame 2064x2752 stride=8256 data=0x114be4000 layer=0x600000ca4330 center=0xFFF5F5F6 tl=0xFFFFFFFF tr=0xFFFFFFFF bl=0xFFFAFAFB br=0xFFFAFAFB
Gdk-Message: 18:17:18.325: gdk-ios: presented layer=0x600000ca4330 frame=(0,0,1032x1376) contentsScale=2.00 opacity=1.00 hidden=0 super=0x600000c0b840 hasContents=1
Gdk-Message: 18:17:18.326: gdk-ios: begin_frame surface=394x318 scale=2.00 pixels=788x636
Gdk-Message: 18:17:18.330: gdk-ios: end_frame 788x636 stride=3152 data=0x116190000 layer=0x600000cbe3d0 center=0xFFFAFAFB tl=0x00000000 tr=0x00000000 bl=0x00000000 br=0x00000000
Gdk-Message: 18:17:18.330: gdk-ios: presented layer=0x600000cbe3d0 frame=(319,529,394x318) contentsScale=2.00 opacity=1.00 hidden=0 super=0x600000c0b840 hasContents=1
Gdk-Message: 18:17:18.331: gdk-ios: begin_frame surface=1032x1376 scale=2.00 pixels=2064x2752
Gdk-Message: 18:17:18.338: gdk-ios: end_frame 2064x2752 stride=8256 data=0x11637c000 layer=0x600000ca4330 center=0x00000000 tl=0xFFFFFFFF tr=0x00000000 bl=0x00000000 br=0x00000000
Gdk-Message: 18:17:18.342: gdk-ios: presented layer=0x600000ca4330 frame=(0,0,1032x1376) contentsScale=2.00 opacity=1.00 hidden=0 super=0x600000c0b840 hasContents=1
Gdk-Message: 18:17:18.349: gdk-ios: begin_frame surface=1032x1376 scale=2.00 pixels=2064x2752
Gdk-Message: 18:17:18.371: gdk-ios: end_frame 2064x2752 stride=8256 data=0x114be4000 layer=0x600000ca4330 center=0xFFF5F5F6 tl=0xFFFFFFFF tr=0x00000000 bl=0xFFDDDDDD br=0xFFDDDDDD
Gdk-Message: 18:17:18.371: gdk-ios: presented layer=0x600000ca4330 frame=(0,0,1032x1376) contentsScale=2.00 opacity=1.00 hidden=0 super=0x600000c0b840 hasContents=1
Gdk-Message: 18:17:18.396: gdk-ios: begin_frame surface=1032x1376 scale=2.00 pixels=2064x2752
Gdk-Message: 18:17:18.437: gdk-ios: end_frame 2064x2752 stride=8256 data=0x117b1c000 layer=0x600000ca4330 center=0xFFF5F5F6 tl=0xFFFFFFFF tr=0x00000000 bl=0x00000000 br=0x00000000
Gdk-Message: 18:17:18.452: gdk-ios: presented layer=0x600000ca4330 frame=(0,0,1032x1376) contentsScale=2.00 opacity=1.00 hidden=0 super=0x600000c0b840 hasContents=1
Gdk-Message: 18:17:20.395: gdk-ios: pump alive frame=120 total_iterations=13
Gdk-Message: 18:17:22.395: gdk-ios: pump alive frame=240 total_iterations=13
2026-07-05 18:17:22,585 - rayforge.addon_mgr.addon_manager - INFO - Checking for available addon updates...
IOSBOOT: GEOM monitor[0] 1032x1376+0+0 scale=2
IOSBOOT: GEOM top[0] 'Rayforge' alloc=1032x1376 surface=1032x1376 surfscale=2 vis=True
IOSBOOT: GEOM top[1] 'Help Improve Rayforge' alloc=350x274 surface=394x318 surfscale=2 vis=True
2026-07-05 18:17:22,587 - rayforge.addon_mgr.addon_manager - INFO - Fetching registry from https://raw.githubusercontent.com/barebaric/rayforge-registry/main/registry.yaml
Gdk-Message: 18:17:24.395: gdk-ios: pump alive frame=360 total_iterations=14
Gdk-Message: 18:17:26.394: gdk-ios: pump alive frame=480 total_iterations=14
Gdk-Message: 18:17:28.395: gdk-ios: pump alive frame=600 total_iterations=14
Gdk-Message: 18:17:30.395: gdk-ios: pump alive frame=720 total_iterations=14
Gdk-Message: 18:17:32.394: gdk-ios: pump alive frame=840 total_iterations=14
Gdk-Message: 18:17:34.395: gdk-ios: pump alive frame=960 total_iterations=14
Gdk-Message: 18:17:36.395: gdk-ios: pump alive frame=1080 total_iterations=14
Gdk-Message: 18:17:38.394: gdk-ios: pump alive frame=1200 total_iterations=14
Gdk-Message: 18:17:40.395: gdk-ios: pump alive frame=1320 total_iterations=14
Gdk-Message: 18:17:42.395: gdk-ios: pump alive frame=1440 total_iterations=14
Gdk-Message: 18:17:44.396: gdk-ios: pump alive frame=1560 total_iterations=14
Gdk-Message: 18:17:46.395: gdk-ios: pump alive frame=1680 total_iterations=14
Gdk-Message: 18:17:48.396: gdk-ios: pump alive frame=1800 total_iterations=14
Gdk-Message: 18:17:50.394: gdk-ios: pump alive frame=1920 total_iterations=14
Gdk-Message: 18:17:52.395: gdk-ios: pump alive frame=2040 total_iterations=14
Gdk-Message: 18:17:54.395: gdk-ios: pump alive frame=2160 total_iterations=14
Gdk-Message: 18:17:56.395: gdk-ios: pump alive frame=2280 total_iterations=14
Gdk-Message: 18:17:58.396: gdk-ios: pump alive frame=2400 total_iterations=14
+ echo '===== app syslog (first 120) ====='
===== app syslog (first 120) =====
+ head -120 app-syslog.log
getpwuid_r did not find a match for uid 501
Timestamp                       Thread     Type        Activity             PID    TTL  
2026-07-05 18:17:12.194293+0000 0x1f2ff    Default     0x0                  51941  0    rayforge-app: (libMobileGestalt.dylib) No persisted cache on this platform.
2026-07-05 18:17:12.195117+0000 0x1f307    Default     0x0                  51941  0    rayforge-app: (libxpc.dylib) [com.apple.xpc:connection] [0x105505e50] activating connection: mach=true listener=false peer=false name=com.apple.cfprefsd.daemon
2026-07-05 18:17:12.198759+0000 0x1f307    Default     0x0                  51941  0    rayforge-app: (UIKitCore) [com.apple.UIKit:BackgroundTask] Creating new assertion because there is no existing background assertion.
2026-07-05 18:17:12.198816+0000 0x1f307    Default     0x0                  51941  0    rayforge-app: (UIKitCore) [com.apple.UIKit:BackgroundTask] Creating new background assertion
2026-07-05 18:17:12.198920+0000 0x1f307    Default     0x0                  51941  0    rayforge-app: (UIKitCore) [com.apple.UIKit:BackgroundTask] Created new background assertion <BKSProcessAssertion: 0x600002101360>
2026-07-05 18:17:12.198987+0000 0x1f307    Default     0x0                  51941  0    rayforge-app: (RunningBoardServices) [com.apple.runningboard:connection] Initializing connection
2026-07-05 18:17:12.199073+0000 0x1f2ff    Default     0x0                  51941  0    rayforge-app: (BoardServices) [com.apple.BoardServices:XPCErrors] [C:1] Alloc com.apple.frontboard.systemappservices
2026-07-05 18:17:12.199097+0000 0x1f307    Default     0x0                  51941  0    rayforge-app: (RunningBoardServices) [com.apple.runningboard:process] Removing all cached process handles
2026-07-05 18:17:12.199529+0000 0x1f2ff    Default     0x0                  51941  0    rayforge-app: (libxpc.dylib) [com.apple.xpc:connection] [0x105705d60] activating connection: mach=false listener=false peer=false name=(anonymous)
2026-07-05 18:17:12.199746+0000 0x1f307    Default     0x0                  51941  0    rayforge-app: (RunningBoardServices) [com.apple.runningboard:connection] Creating connection to com.apple.runningboard
2026-07-05 18:17:12.204656+0000 0x1f307    Default     0x0                  51941  0    rayforge-app: (libxpc.dylib) [com.apple.xpc:connection] [0x105706020] activating connection: mach=true listener=false peer=false name=com.apple.runningboard
2026-07-05 18:17:12.205934+0000 0x1f2ff    Default     0x0                  51941  0    rayforge-app: (UIKitCore) [com.apple.UIKit:Application] Deactivation reason added: 10; deactivation reasons: 0 -> 1024; animating application lifecycle event: 0
2026-07-05 18:17:12.206190+0000 0x1f2ff    Default     0x0                  51941  0    rayforge-app: (BoardServices) [com.apple.BoardServices:Injection] activating monitor for service com.apple.frontboard.open
2026-07-05 18:17:12.206354+0000 0x1f2ff    Default     0x0                  51941  0    rayforge-app: (BoardServices) [com.apple.BoardServices:Injection] activating monitor for service com.apple.frontboard.workspace-service
2026-07-05 18:17:12.206385+0000 0x1f308    Default     0x0                  51941  0    rayforge-app: (RunningBoardServices) [com.apple.runningboard:connection] Sending handshake request attempt #1 to server
2026-07-05 18:17:12.207319+0000 0x1f2ff    Default     0x0                  51941  0    rayforge-app: (FrontBoardServices) [com.apple.FrontBoard:Common] FBSWorkspace registering source: com.apple.frontboard.systemappservices
2026-07-05 18:17:12.208251+0000 0x1f308    Default     0x0                  51941  0    rayforge-app: (RunningBoardServices) [com.apple.runningboard:connection] Handshake succeeded
2026-07-05 18:17:12.208275+0000 0x1f308    Default     0x0                  51941  0    rayforge-app: (RunningBoardServices) [com.apple.runningboard:connection] Identity resolved as app<org.rayforge.app((null))>
2026-07-05 18:17:12.208399+0000 0x1f2ff    Default     0x0                  51941  0    rayforge-app: (FrontBoardServices) [com.apple.FrontBoard:Common] FBSWorkspace connected to endpoint : <BSServiceConnectionEndpoint: 0x600000202be0; target: com.apple.frontboard.systemappservices; service: com.apple.frontboard.workspace-service>
2026-07-05 18:17:12.208473+0000 0x1f2ff    Default     0x0                  51941  0    rayforge-app: (FrontBoardServices) [com.apple.FrontBoard:Common] <FBSWorkspaceScenesClient:0x600003000360 com.apple.frontboard.systemappservices> attempting immediate handshake from activate
2026-07-05 18:17:12.208713+0000 0x1f2ff    Default     0x0                  51941  0    rayforge-app: (FrontBoardServices) [com.apple.FrontBoard:Common] <FBSWorkspaceScenesClient:0x600003000360 com.apple.frontboard.systemappservices> sent handshake
2026-07-05 18:17:12.208878+0000 0x1f2ff    Default     0x0                  51941  0    rayforge-app: (RunningBoardServices) [com.apple.runningboard:general] Added observer for process assertions expiration warning: <_RBSExpirationWarningClient: 0x60000020bc20>
2026-07-05 18:17:12.209228+0000 0x1f307    Default     0x0                  51941  0    rayforge-app: (UIKitCore) [com.apple.UIKit:BackgroundTask] Incrementing reference count for background assertion <BKSProcessAssertion: 0x600002101360>
2026-07-05 18:17:12.210073+0000 0x1f307    Default     0x0                  51941  0    rayforge-app: (UIKitCore) [com.apple.UIKit:BackgroundTask] Created background task <_UIBackgroundTaskInfo: 0x60000170c280>: taskID = 1, taskName = Launch Background Task for Coalescing, creationTime = 2204 (elapsed = 0).
2026-07-05 18:17:12.210154+0000 0x1f307    Default     0x0                  51941  0    rayforge-app: (FrontBoardServices) [com.apple.FrontBoard:SceneExtension] Realizing settings extension _UIApplicationSceneKeyboardSettings on FBSSceneSettings
2026-07-05 18:17:12.210680+0000 0x1f307    Default     0x0                  51941  0    rayforge-app: (FrontBoardServices) [com.apple.FrontBoard:SceneExtension] Realizing settings extension <_UISceneOcclusionSettings> on FBSSceneSettings
2026-07-05 18:17:12.210819+0000 0x1f307    Default     0x0                  51941  0    rayforge-app: (FrontBoardServices) [com.apple.FrontBoard:SceneExtension] Realizing settings extension <_UISceneInterfaceProtectionSettings> on FBSSceneSettings
2026-07-05 18:17:12.210937+0000 0x1f307    Default     0x0                  51941  0    rayforge-app: (FrontBoardServices) [com.apple.FrontBoard:SceneExtension] Realizing settings extension _UISceneLayoutPreferencesHostSettingsExtension on FBSSceneSettings
2026-07-05 18:17:12.211048+0000 0x1f307    Default     0x0                  51941  0    rayforge-app: (FrontBoardServices) [com.apple.FrontBoard:SceneExtension] Realizing settings extension _UISceneSafeAreaSettingsExtension on FBSSceneSettings
2026-07-05 18:17:12.211556+0000 0x1f307    Default     0x0                  51941  0    rayforge-app: (FrontBoardServices) [com.apple.FrontBoard:SceneExtension] Realizing settings extension _UISceneLayoutPreferenceClientSettingsExtension on FBSSceneClientSettings
2026-07-05 18:17:12.211894+0000 0x1f307    Default     0x0                  51941  0    rayforge-app: (FrontBoardServices) [com.apple.FrontBoard:SceneExtension] Realizing settings extension <_UIHomeAffordanceHostSceneSettings> on FBSSceneSettings
2026-07-05 18:17:12.212210+0000 0x1f307    Default     0x0                  51941  0    rayforge-app: (FrontBoardServices) [com.apple.FrontBoard:SceneExtension] Realizing settings extension _UISystemShellSceneHostingEnvironmentSettings on FBSSceneSettings
2026-07-05 18:17:12.212303+0000 0x1f307    Default     0x0                  51941  0    rayforge-app: (FrontBoardServices) [com.apple.FrontBoard:SceneExtension] Realizing settings extension _UISceneRenderingEnvironmentSettings on FBSSceneSettings
2026-07-05 18:17:12.212568+0000 0x1f307    Default     0x0                  51941  0    rayforge-app: (FrontBoardServices) [com.apple.FrontBoard:SceneExtension] Realizing settings extension <_UISceneRenderingEnvironmentClientSettings> on FBSSceneClientSettings
2026-07-05 18:17:12.212783+0000 0x1f307    Default     0x0                  51941  0    rayforge-app: (FrontBoardServices) [com.apple.FrontBoard:SceneExtension] Realizing settings extension <_UISceneTransitioningHostSettings> on FBSSceneSettings
2026-07-05 18:17:12.212863+0000 0x1f307    Default     0x0                  51941  0    rayforge-app: (FrontBoardServices) [com.apple.FrontBoard:SceneExtension] Realizing settings extension <_UISceneFocusSystemSettings> on FBSSceneSettings
2026-07-05 18:17:12.213329+0000 0x1f307    Default     0x0                  51941  0    rayforge-app: (FrontBoardServices) [com.apple.FrontBoard:SceneExtension] Realizing settings extension _UISceneOrientationSettingsExtension on FBSSceneSettings
2026-07-05 18:17:12.214508+0000 0x1f307    Default     0x0                  51941  0    rayforge-app: (FrontBoardServices) [com.apple.FrontBoard:SceneExtension] Realizing settings extension _UISceneOrientationClientSettingsExtension on FBSSceneClientSettings
2026-07-05 18:17:12.214850+0000 0x1f307    Default     0x0                  51941  0    rayforge-app: (FrontBoardServices) [com.apple.FrontBoard:SceneExtension] Realizing settings extension _UISceneWindowingControlClientSettings on FBSSceneClientSettings
2026-07-05 18:17:12.215191+0000 0x1f307    Default     0x0                  51941  0    rayforge-app: (FrontBoardServices) [com.apple.FrontBoard:SceneExtension] Realizing settings extension <_UISceneHostingContentSizePreferenceClientSettings> on FBSSceneClientSettings
2026-07-05 18:17:12.215543+0000 0x1f307    Default     0x0                  51941  0    rayforge-app: (FrontBoardServices) [com.apple.FrontBoard:SceneExtension] Realizing settings extension _UISceneHostingTraitCollectionPropagationSettings on FBSSceneSettings
2026-07-05 18:17:12.216832+0000 0x1f307    Default     0x0                  51941  0    rayforge-app: (FrontBoardServices) [com.apple.FrontBoard:SceneExtension] Realizing settings extension <_UISceneHostingSheetPresentationSettings> on FBSSceneSettings
2026-07-05 18:17:12.216969+0000 0x1f307    Default     0x0                  51941  0    rayforge-app: (FrontBoardServices) [com.apple.FrontBoard:SceneExtension] Realizing settings extension <_UISceneHostingSheetPresentationClientSettings> on FBSSceneClientSettings
2026-07-05 18:17:12.217057+0000 0x1f307    Default     0x0                  51941  0    rayforge-app: (FrontBoardServices) [com.apple.FrontBoard:SceneExtension] Realizing settings extension <_UISceneHostingEventDeferringSettings> on FBSSceneSettings
2026-07-05 18:17:12.217257+0000 0x1f307    Default     0x0                  51941  0    rayforge-app: (FrontBoardServices) [com.apple.FrontBoard:SceneExtension] Realizing settings extension <UIKit__UITypedKeyValueSceneSettings> on FBSSceneSettings
2026-07-05 18:17:12.217370+0000 0x1f307    Default     0x0                  51941  0    rayforge-app: (FrontBoardServices) [com.apple.FrontBoard:SceneExtension] Realizing settings extension <UIKit__UITypedKeyValueSceneSettings> on FBSSceneClientSettings
2026-07-05 18:17:12.217446+0000 0x1f307    Default     0x0                  51941  0    rayforge-app: (FrontBoardServices) [com.apple.FrontBoard:SceneExtension] Realizing settings extension <_UISceneHostingViewControllerPreferencePropagationClientSettings> on FBSSceneClientSettings
2026-07-05 18:17:12.218180+0000 0x1f307    Default     0x0                  51941  0    rayforge-app: (FrontBoardServices) [com.apple.FrontBoard:SceneExtension] Realizing settings extension <_UISceneZoomTransitionSettings> on FBSSceneSettings
2026-07-05 18:17:12.219306+0000 0x1f2ff    Default     0x0                  51941  0    rayforge-app: (UIKitCore) [com.apple.UIKit:UIScreen] Evaluated capturing state as 0 on <UIScreen: 0x105706ea0> for initial
2026-07-05 18:17:12.219540+0000 0x1f2ff    Default     0x0                  51941  0    rayforge-app: (UIKitCore) [com.apple.UIKit:UIScreen] Evaluated capturing state as 0 on <UIScreen: 0x105706ea0> for CADisplay KVO
2026-07-05 18:17:12.220679+0000 0x1f30c    Default     0x0                  51941  0    rayforge-app: (FrontBoardServices) [com.apple.FrontBoard:SceneExtension] Realizing settings extension FBSSceneSettingsCore on FBSSceneSettings
2026-07-05 18:17:12.221313+0000 0x1f30c    Default     0x0                  51941  0    rayforge-app: (FrontBoardServices) [com.apple.FrontBoard:SceneExtension] Realizing settings extension FBSSceneClientSettingsCore on FBSSceneClientSettings
2026-07-05 18:17:12.227451+0000 0x1f30c    Default     0x0                  51941  0    rayforge-app: (FrontBoardServices) [com.apple.FrontBoard:SceneExtension] UIMutableApplicationSceneSettings setting counterpart class: UIApplicationSceneSettings
2026-07-05 18:17:12.228420+0000 0x1f30c    Default     0x0                  51941  0    rayforge-app: (FrontBoardServices) [com.apple.FrontBoard:SceneExtension] UIMutableApplicationSceneClientSettings setting counterpart class: UIApplicationSceneClientSettings
2026-07-05 18:17:12.229103+0000 0x1f2ff    Default     0x0                  51941  0    rayforge-app: (libAccessibility.dylib) [com.apple.Accessibility:AXSupportCommon] Read CategoryName: per-app = 1, category name = (null)
2026-07-05 18:17:12.229116+0000 0x1f30c    Default     0x0                  51941  0    rayforge-app: (FrontBoardServices) [com.apple.FrontBoard:SceneExtension] Realizing settings extension FBSSceneTransitionContextCore on FBSSceneTransitionContext
2026-07-05 18:17:12.229340+0000 0x1f2ff    Default     0x0                  51941  0    rayforge-app: (libAccessibility.dylib) [com.apple.Accessibility:AXSupportCommon] Read CategoryName: per-app = 0, category name = (null)
2026-07-05 18:17:12.233799+0000 0x1f2ff    Default     0x0                  51941  0    rayforge-app: (XCTTargetBootstrap) [com.apple.dt.xctest:Default] Registering for test daemon availability notify post.
2026-07-05 18:17:12.234987+0000 0x1f2ff    Default     0x0                  51941  0    rayforge-app: (XCTTargetBootstrap) [com.apple.dt.xctest:Default] notify_get_state check indicated test daemon not ready.
2026-07-05 18:17:12.235164+0000 0x1f2ff    Default     0x0                  51941  0    rayforge-app: (XCTTargetBootstrap) [com.apple.dt.xctest:Default] notify_get_state check indicated test daemon not ready.
2026-07-05 18:17:12.235245+0000 0x1f2ff    Default     0x0                  51941  0    rayforge-app: (XCTTargetBootstrap) [com.apple.dt.xctest:Default] notify_get_state check indicated test daemon not ready.
2026-07-05 18:17:12.236002+0000 0x1f2ff    Default     0x0                  51941  0    rayforge-app: (UIKitCore) [com.apple.UIKit:UpdateScheduler] Selected display: name=LCD (PurpleMain), id=1
2026-07-05 18:17:12.258102+0000 0x1f2ff    Default     0x0                  51941  0    rayforge-app: (UIKitCore) [com.apple.UIKit:BackgroundTask] Will add backgroundTask with taskName: Persistent SceneSession Map Update, expirationHandler: <__NSGlobalBlock__: 0x1e61729e0>
2026-07-05 18:17:12.259238+0000 0x1f2ff    Default     0x0                  51941  0    rayforge-app: (UIKitCore) [com.apple.UIKit:BackgroundTask] Reusing background assertion <BKSProcessAssertion: 0x600002101360>
2026-07-05 18:17:12.259276+0000 0x1f2ff    Default     0x0                  51941  0    rayforge-app: (UIKitCore) [com.apple.UIKit:BackgroundTask] Incrementing reference count for background assertion <BKSProcessAssertion: 0x600002101360>
2026-07-05 18:17:12.261260+0000 0x1f2ff    Default     0x0                  51941  0    rayforge-app: (UIKitCore) [com.apple.UIKit:BackgroundTask] Created background task <_UIBackgroundTaskInfo: 0x60000170a000>: taskID = 2, taskName = Persistent SceneSession Map Update, creationTime = 2204 (elapsed = 0).
2026-07-05 18:17:12.261938+0000 0x1f2ff    Default     0x0                  51941  0    rayforge-app: (UIKitCore) [com.apple.UIKit:Application] Deactivation reason added: 5; deactivation reasons: 1024 -> 1056; animating application lifecycle event: 1
2026-07-05 18:17:12.262352+0000 0x1f2ff    Default     0x0                  51941  0    rayforge-app: (UIKitCore) [com.apple.UIKit:InterfaceStyle] Not push traits update to screen for new style 1, <UIWindowScene: 0x1055085c0> (2DA03EC8-4161-4C25-8131-5CC82250083A)
2026-07-05 18:17:12.262429+0000 0x1f2ff    Default     0x0                  51941  0    rayforge-app: (UIKitCore) [com.apple.UIKit:InterfaceStyle] Should send trait collection or coordinate space update, interface style 1 -> 1, <UIWindowScene: 0x1055085c0> (2DA03EC8-4161-4C25-8131-5CC82250083A)
2026-07-05 18:17:12.263028+0000 0x1f2ff    Default     0x0                  51941  0    rayforge-app: (UIKitCore) [com.apple.UIKit:InterfaceStyle] Not push traits update to screen for new style 1, <UIWindowScene: 0x1055085c0> (2DA03EC8-4161-4C25-8131-5CC82250083A)
2026-07-05 18:17:12.263148+0000 0x1f2ff    Default     0x0                  51941  0    rayforge-app: (UIKitCore) [com.apple.UIKit:HomeAffordanceObservation] Initializing: <_UIHomeAffordanceSceneNotifier: 0x6000029058f0>; with scene: <UIWindowScene: 0x1055085c0>
2026-07-05 18:17:12.263227+0000 0x1f2ff    Default     0x0                  51941  0    rayforge-app: (BacklightServices) [com.apple.BacklightServices:scenes] 0x600000c05f50 setDelegate:<0x600000c060a0 _UIBacklightEnvironment> hasDelegate:YES for environment:sceneID:org.rayforge.app-default
2026-07-05 18:17:12.263911+0000 0x1f2ff    Default     0x0                  51941  0    rayforge-app: (UIKitCore) [com.apple.UIKit:InterfaceStyle] Not push traits update to screen for new style 1, <UIWindowScene: 0x1055085c0> (2DA03EC8-4161-4C25-8131-5CC82250083A)
2026-07-05 18:17:12.263976+0000 0x1f2ff    Default     0x0                  51941  1    rayforge-app: (UIKitCore) [com.apple.UIKit:EventDeferring] [0x600002905110] Initialized with scene: <UIWindowScene: 0x1055085c0>; behavior: <_UIEventDeferringBehavior_iOS: 0x600000204de0>; availableForProcess: 1, systemShellManagesKeyboardFocus: 1
2026-07-05 18:17:12.264227+0000 0x1f2ff    Default     0x0                  51941  0    rayforge-app: (BoardServices) [com.apple.BoardServices:XPCErrors] [C:2] Alloc com.apple.backboard.hid-services.xpc
2026-07-05 18:17:12.264266+0000 0x1f2ff    Default     0x0                  51941  0    rayforge-app: (libxpc.dylib) [com.apple.xpc:connection] [0x10550a250] activating connection: mach=false listener=false peer=false name=(anonymous)
2026-07-05 18:17:12.265472+0000 0x1f2ff    Default     0x0                  51941  0    rayforge-app: (BackBoardServices) [com.apple.BackBoard:EventDelivery] policyStatus:<BKSHIDEventDeliveryPolicyObserver: 0x600002602220; process scope; status: target> was:none
2026-07-05 18:17:12.265539+0000 0x1f2ff    Default     0x0                  51941  1    rayforge-app: (UIKitCore) [com.apple.UIKit:KeyWindow] Setting default evaluation strategy for UIUserInterfaceIdiomPad to LastOneWins
2026-07-05 18:17:12.265877+0000 0x1f2ff    Default     0x0                  51941  1    rayforge-app: (UIKitCore) [com.apple.UIKit:KeyWindow] Scene target of keyboard event deferring environment did change: 1; scene: UIWindowScene: 0x1055085c0; scene identity: com.apple.frontboard.systemappservices/FBSceneManager:sceneID%3Aorg.rayforge.app-default
2026-07-05 18:17:12.265944+0000 0x1f2ff    Default     0x0                  51941  0    rayforge-app: (UIKitCore) [com.apple.UIKit:UIFocus] Focus system enabled
2026-07-05 18:17:12.269347+0000 0x1f2ff    Default     0x0                  51941  0    rayforge-app: (UIKitCore) [com.apple.UIKit:UIFocus] Failed to update focus with context <UIFocusUpdateContext: 0x600003004480; previouslyFocusedItem: (nil); nextFocusedItem: (nil); focusHeading: None>. No additional info available.
2026-07-05 18:17:12.269742+0000 0x1f2ff    Default     0x0                  51941  0    rayforge-app: (UIKitCore) [com.apple.UIKit:InterfaceStyle] Not push traits update to screen for new style 1, <UIWindowScene: 0x1055085c0> (2DA03EC8-4161-4C25-8131-5CC82250083A)
2026-07-05 18:17:12.269991+0000 0x1f2ff    Default     0x0                  51941  1    rayforge-app: (UIKitCore) [com.apple.UIKit:EventDeferring] [0x600002905110] Scene target of event deferring environments did update: scene: 0x1055085c0; current systemShellManagesKeyboardFocus: 1; systemShellManagesKeyboardFocusForScene: 1; eligibleForRecordRemoval: 1;
2026-07-05 18:17:12.270080+0000 0x1f2ff    Default     0x0                  51941  1    rayforge-app: (UIKitCore) [com.apple.UIKit:KeyWindow] Scene became target of keyboard event deferring environment: UIWindowScene: 0x1055085c0; scene identity: com.apple.frontboard.systemappservices/FBSceneManager:sceneID%3Aorg.rayforge.app-default
2026-07-05 18:17:12.275223+0000 0x1f2ff    Default     0x0                  51941  1    rayforge-app: (UIKitCore) [com.apple.UIKit:KeyWindow] Stack[KeyWindow] 0x600000c06a30: Taking no further action for migration from LastOneWins -> SystemShellManaged as there are no scenes
2026-07-05 18:17:12.275288+0000 0x1f2ff    Default     0x0                  51941  1    rayforge-app: (UIKitCore) [com.apple.UIKit:KeyWindow] Setting default evaluation strategy for UIUserInterfaceIdiomPad to SystemShellManaged
2026-07-05 18:17:12.287027+0000 0x1f2ff    Default     0x0                  51941  1    rayforge-app: (UIKitCore) [com.apple.UIKit:KeyWindow] Key window needs update: 0; currentKeyWindowScene: 0x0; evaluatedKeyWindowScene: 0x1055085c0; currentApplicationKeyWindow: 0x0; evaluatedApplicationKeyWindow: 0x0; reason: UIWindowScene: 0x1055085c0: Window scene became target of keyboard environment
2026-07-05 18:17:12.287349+0000 0x1f2ff    Default     0x0                  51941  0    rayforge-app: (UIKitCore) [com.apple.UIKit:InterfaceStyle] Not push traits update to screen for new style 1, <UIWindowScene: 0x1055085c0> (2DA03EC8-4161-4C25-8131-5CC82250083A)
2026-07-05 18:17:12.287788+0000 0x1f2ff    Default     0x0                  51941  0    rayforge-app: (UIKitCore) [com.apple.UIKit:InterfaceStyle] Not push traits update to screen for new style 1, <UIWindowScene: 0x1055085c0> (2DA03EC8-4161-4C25-8131-5CC82250083A)
2026-07-05 18:17:12.288637+0000 0x1f2ff    Fault       0x42660              51941  14   rayforge-app: (UIKitCore) [com.apple.runtime-issues:UIKit App Config] `UIScene` lifecycle will soon be required. Failure to adopt will result in an assert in the future.
2026-07-05 18:17:12.288639+0000 0x1f2ff    Activity    0x42660              51941  0    rayforge-app: (libsystem_trace.dylib) Activity for state dumps
2026-07-05 18:17:12.289262+0000 0x1f2ff    Default     0x0                  51941  0    rayforge-app: (UIKitCore) [com.apple.UIKit:InterfaceStyle] Not push traits update to screen for new style 1, <UIWindowScene: 0x1055085c0> (2DA03EC8-4161-4C25-8131-5CC82250083A)
2026-07-05 18:17:12.295495+0000 0x1f2ff    Default     0x0                  51941  0    rayforge-app: (UIKitCore) [com.apple.UIKit:AppLifecycle] sceneOfRecord: sceneID: sceneID:org.rayforge.app-default  persistentID: 2DA03EC8-4161-4C25-8131-5CC82250083A
2026-07-05 18:17:12.295841+0000 0x1f2ff    Default     0x0                  51941  0    rayforge-app: (UIKitCore) [com.apple.UIKit:Application] Ignoring already applied deactivation reason: 5; deactivation reasons: 1056
2026-07-05 18:17:12.295900+0000 0x1f2ff    Default     0x0                  51941  0    rayforge-app: (UIKitCore) [com.apple.UIKit:Application] Deactivation reason added: 11; deactivation reasons: 1056 -> 3104; animating application lifecycle event: 1
2026-07-05 18:17:12.295971+0000 0x1f2ff    Default     0x0                  51941  0    rayforge-app: (UIKitCore) [com.apple.KeyboardArbiter:Client] startConnection
2026-07-05 18:17:12.296651+0000 0x1f2ff    Default     0x0                  51941  0    rayforge-app: (libxpc.dylib) [com.apple.xpc:connection] [0x1057081b0] activating connection: mach=true listener=false peer=false name=com.apple.UIKit.KeyboardManagement.hosted
2026-07-05 18:17:12.320489+0000 0x1f30d    Default     0x0                  51941  0    rayforge-app: (BoardServices) [com.apple.BoardServices:XPCErrors] [C:3] Alloc com.apple.PointerUI.pointeruid.service
2026-07-05 18:17:12.320795+0000 0x1f30d    Default     0x0                  51941  0    rayforge-app: (libxpc.dylib) [com.apple.xpc:connection] [0x1057088a0] activating connection: mach=false listener=false peer=false name=(anonymous)
2026-07-05 18:17:12.386081+0000 0x1f2ff    Default     0x0                  51941  0    rayforge-app: (UIKitCore) [com.apple.UIKit:PointerLockState] preferredPointerLockStatus updated: scene: <UIWindowScene: 0x1055085c0; role: UIWindowSceneSessionRoleApplication; persistentIdentifier: 2DA03EC8-4161-4C25-8131-5CC82250083A; activationState: UISceneActivationStateForegroundInactive>; viewController: <GdkIOSViewController: 0x10570a6f0>; preferredPointerLockStatus: _UIPointerLockStatusUnlocked
2026-07-05 18:17:12.386589+0000 0x1f2ff    Default     0x0                  51941  0    rayforge-app: (UIKitCore) [com.apple.UIKit:Orientation] <UIWindowScene: 0x1055085c0> (2DA03EC8-4161-4C25-8131-5CC82250083A) Scene updated orientation preferences: none -> ( Pu Ll Lr Pd )
2026-07-05 18:17:12.386849+0000 0x1f2ff    Default     0x0                  51941  1    rayforge-app: (UIKitCore) [com.apple.UIKit:KeyWindow] Key window API is scene-level: YES
2026-07-05 18:17:12.387378+0000 0x1f2ff    Default     0x0                  51941  1    rayforge-app: (UIKitCore) [com.apple.UIKit:KeyWindow] UIWindowScene: 0x1055085c0: Window became key in scene: UIWindow: 0x105708500; contextId: 0xD639849C: reason: UIWindowScene: 0x1055085c0: Window requested to become key in scene: 0x105708500
2026-07-05 18:17:12.387425+0000 0x1f2ff    Default     0x0                  51941  1    rayforge-app: (UIKitCore) [com.apple.UIKit:KeyWindow] Key window needs update: 1; currentKeyWindowScene: 0x0; evaluatedKeyWindowScene: 0x1055085c0; currentApplicationKeyWindow: 0x0; evaluatedApplicationKeyWindow: 0x105708500; reason: UIWindowScene: 0x1055085c0: Window requested to become key in scene: 0x105708500
2026-07-05 18:17:12.387484+0000 0x1f2ff    Default     0x0                  51941  1    rayforge-app: (UIKitCore) [com.apple.UIKit:KeyWindow] Window did become application key: UIWindow: 0x105708500; contextId: 0xD639849C; scene identity: com.apple.frontboard.systemappservices/FBSceneManager:sceneID%3Aorg.rayforge.app-default
2026-07-05 18:17:12.387638+0000 0x1f2ff    Default     0x0                  51941  1    rayforge-app: (UIKitCore) [com.apple.UIKit:EventDeferring] [0x600002905110] Begin local event deferring requested for token: 0x60000260cde0; environments: 1; reason: UIWindowScene: 0x1055085c0: Begin event deferring in keyboardFocus for window: 0x105708500
2026-07-05 18:17:12.390812+0000 0x1f2ff    Default     0x0                  51941  0    rayforge-app: (UIKitCore) [com.apple.UIKit:KeyboardSceneDelegate] Reloading input views for key-window scene responder: <GdkIOSView: 0x10570acd0; frame = (0 0; 1032 1376); > force:N
2026-07-05 18:17:12.391921+0000 0x1f2ff    Default     0x0                  51941  0    rayforge-app: (UIKitCore) [com.apple.UIKit:KeyboardSceneDelegate] _reloadInputViewsForKeyWindowSceneResponder: 1 force: 0, fromBecomeFirstResponder: 1 (automaticKeyboard: 1, reloadIdentifier: 98B5B205-11B0-46A4-8807-371CFC590EB5)
2026-07-05 18:17:12.392063+0000 0x1f2ff    Default     0x0                  51941  0    rayforge-app: (UIKitCore) [com.apple.UIKit:KeyboardSceneDelegate] _inputViewsForResponder: <GdkIOSView: 0x10570acd0; frame = (0 0; 1032 1376); >, automaticKeyboard: 1, force: 0
2026-07-05 18:17:12.392260+0000 0x1f2ff    Default     0x0                  51941  0    rayforge-app: (UIKitCore) [com.apple.UIKit:KeyboardSceneDelegate] _inputViewsForResponder, found custom inputView: <(null): 0x0>, customInputViewController: <(null): 0x0>
2026-07-05 18:17:12.392371+0000 0x1f2ff    Default     0x0                  51941  0    rayforge-app: (UIKitCore) [com.apple.UIKit:KeyboardSceneDelegate] _inputViewsForResponder, found inputAccessoryView: <(null): 0x0>
2026-07-05 18:17:12.392507+0000 0x1f2ff    Default     0x0                  51941  0    rayforge-app: (UIKitCore) [com.apple.UIKit:KeyboardSceneDelegate] _inputViewsForResponder, responderRequiresKeyboard 0 (automaticKeyboardEnabled: 1, activeInstance: <(null): 0x0>, self.isOnScreen: 0, requiresKBWhenFirstResponder: 0)
2026-07-05 18:17:12.392630+0000 0x1f2ff    Default     0x0                  51941  0    rayforge-app: (UIKitCore) [com.apple.UIKit:KeyboardSceneDelegate] _inputViewsForResponder, useKeyboard 0 (allowsSystemInputView: 1, !inputView <(null): 0x0>, responderRequiresKeyboard 0)
2026-07-05 18:17:12.392741+0000 0x1f2ff    Default     0x0                  51941  0    rayforge-app: (UIKitCore) [com.apple.UIKit:KeyboardSceneDelegate] _inputViewsForResponder, configuring _responderWithoutAutomaticAppearanceEnabled: <(null): 0x0> (_automaticAppearEnabled: 1)
2026-07-05 18:17:12.392873+0000 0x1f2ff    Default     0x0                  51941  0    rayforge-app: (UIKitCore) [com.apple.UIKit:KeyboardSceneDelegate] _inputViewsForResponder, needsIVPlaceholder: 0, needsIAVPlaceholder: 0, needsInputSetWithPlaceholder: 0
2026-07-05 18:17:12.393042+0000 0x1f2ff    Default     0x0                  51941  0    rayforge-app: (UIKitCore) [com.apple.UIKit:KeyboardSceneDelegate] _inputViewsForResponder returning: <<UIInputViewSet: 0x600003704cc0>; (empty)>
2026-07-05 18:17:12.394124+0000 0x1f2ff    Default     0x0                  51941  0    rayforge-app: (UIKitCore) [com.apple.UIKit:Application] Deactivation reason removed: 10; deactivation reasons: 3104 -> 2080; animating application lifecycle event: 1
2026-07-05 18:17:12.395210+0000 0x1f2ff    Default     0x0                  51941  0    rayforge-app: (UIKitCore) [com.apple.UIKit:Application] Deactivation reason added: 12; deactivation reasons: 2080 -> 6176; animating application lifecycle event: 1
+ test 1 = 1
+ grep -q 'RAYFORGE BOOT FAILED' app-console.log app-syslog.log
+ grep -q 'RAYFORGE UI RUNNING' app-console.log app-syslog.log
