ninja: Entering directory `gtk-build'
[1/1149] Generating gsk/gpu/shaders/gskgpublurinstance.glsl with a custom command (wrapped by meson to capture output)
[2/1149] Generating gsk/gpu/shaders/gskgpublendmodeinstance.glsl with a custom command (wrapped by meson to capture output)
[3/1149] Generating gsk/gpu/shaders/gskgpuarithmeticinstance.glsl with a custom command (wrapped by meson to capture output)
[4/1149] Generating gsk/gpu/shaders/gskgpuborderinstance.glsl with a custom command (wrapped by meson to capture output)
[5/1149] Generating gsk/gpu/shaders/gskgpuboxshadowinstance.glsl with a custom command (wrapped by meson to capture output)
[6/1149] Generating gsk/gpu/shaders/gskgpucolormatrixinstance.glsl with a custom command (wrapped by meson to capture output)
[7/1149] Generating gsk/gpu/shaders/gskgpucolorizeinstance.glsl with a custom command (wrapped by meson to capture output)
[8/1149] Generating gsk/gpu/shaders/gskgpucomponenttransferinstance.glsl with a custom command (wrapped by meson to capture output)
[9/1149] Generating gsk/gpu/shaders/gskgpucolorinstance.glsl with a custom command (wrapped by meson to capture output)
[10/1149] Generating gsk/gpu/shaders/gskgpucompositeinstance.glsl with a custom command (wrapped by meson to capture output)
[11/1149] Generating gsk/gpu/shaders/gskgpuconicgradientinstance.glsl with a custom command (wrapped by meson to capture output)
[12/1149] Generating gsk/gpu/shaders/gskgpuconvertinstance.glsl with a custom command (wrapped by meson to capture output)
[13/1149] Generating gsk/gpu/shaders/gskgpuconvertcicpinstance.glsl with a custom command (wrapped by meson to capture output)
[14/1149] Generating gsk/gpu/shaders/gskgpuconvertbuiltininstance.glsl with a custom command (wrapped by meson to capture output)
[15/1149] Generating gsk/gpu/shaders/gskgpudisplacementinstance.glsl with a custom command (wrapped by meson to capture output)
[16/1149] Generating gsk/gpu/shaders/gskgpucrossfadeinstance.glsl with a custom command (wrapped by meson to capture output)
[17/1149] Generating gsk/gpu/shaders/gskgpulineargradientinstance.glsl with a custom command (wrapped by meson to capture output)
[18/1149] Generating gsk/gpu/shaders/gskgpumaskinstance.glsl with a custom command (wrapped by meson to capture output)
[19/1149] Generating gsk/gpu/shaders/gskgpuradialgradientinstance.glsl with a custom command (wrapped by meson to capture output)
[20/1149] Generating gsk/gpu/shaders/gskgpublur.glsl with a custom command (wrapped by meson to capture output)
[21/1149] Generating gsk/gpu/shaders/gskgpuarithmetic.glsl with a custom command (wrapped by meson to capture output)
[22/1149] Generating gsk/gpu/shaders/gskgpuroundedcolorinstance.glsl with a custom command (wrapped by meson to capture output)
[23/1149] Generating gsk/gpu/shaders/gskgputextureinstance.glsl with a custom command (wrapped by meson to capture output)
[24/1149] Generating gsk/gpu/shaders/gskgpublendmode.glsl with a custom command (wrapped by meson to capture output)
[25/1149] Generating gsk/gpu/shaders/gskgpuboxshadow.glsl with a custom command (wrapped by meson to capture output)
[26/1149] Generating gsk/gpu/shaders/gskgpuborder.glsl with a custom command (wrapped by meson to capture output)
[27/1149] Generating gsk/gpu/shaders/gskgpucolorize.glsl with a custom command (wrapped by meson to capture output)
[28/1149] Generating gsk/gpu/shaders/gskgpucolor.glsl with a custom command (wrapped by meson to capture output)
[29/1149] Generating gsk/gpu/shaders/gskgpuconvert.glsl with a custom command (wrapped by meson to capture output)
[30/1149] Generating gsk/gpu/shaders/gskgpucomposite.glsl with a custom command (wrapped by meson to capture output)
[31/1149] Generating gsk/gpu/shaders/gskgpuconicgradient.glsl with a custom command (wrapped by meson to capture output)
[32/1149] Generating gsk/gpu/shaders/gskgpucolormatrix.glsl with a custom command (wrapped by meson to capture output)
[33/1149] Generating gsk/gpu/shaders/gskgpucomponenttransfer.glsl with a custom command (wrapped by meson to capture output)
[34/1149] Generating gsk/gpu/shaders/gskgpuconvertcicp.glsl with a custom command (wrapped by meson to capture output)
[35/1149] Generating gsk/gpu/shaders/gskgpuconvertbuiltin.glsl with a custom command (wrapped by meson to capture output)
[36/1149] Generating gsk/gpu/shaders/gskgpudisplacement.glsl with a custom command (wrapped by meson to capture output)
[37/1149] Generating gsk/gpu/shaders/gskgpucrossfade.glsl with a custom command (wrapped by meson to capture output)
[38/1149] Generating gsk/gpu/shaders/gskgpulineargradient.glsl with a custom command (wrapped by meson to capture output)
[39/1149] Generating gsk/gpu/shaders/gskgpuroundedcolor.glsl with a custom command (wrapped by meson to capture output)
[40/1149] Generating gsk/gpu/shaders/gskgpumask.glsl with a custom command (wrapped by meson to capture output)
[41/1149] Generating gsk/gpu/shaders/gskgpuradialgradient.glsl with a custom command (wrapped by meson to capture output)
[42/1149] Generating gsk/gpu/shaders/gskgputexture.glsl with a custom command (wrapped by meson to capture output)
[43/1149] Generating gsk/gsk.resources.xml with a custom command
[44/1149] Generating GObject enum file gtk/css/gtkcssenumtypes.h (wrapped by meson to capture output)
[45/1149] Generating glib marshaller header gdk/gdkmarshalers_h
[46/1149] Generating glib marshaller header gtk/gtkmarshalers_h
[47/1149] Generating GObject enum file gtk/gtkprivatetypebuiltins.h (wrapped by meson to capture output)
[48/1149] Generating GObject enum file gsk/gskenumtypes.h (wrapped by meson to capture output)
[49/1149] Generating gdk/version/gdkversionmacros.h with a custom command
[50/1149] Generating profile-conf with a custom command (wrapped by meson to capture output)
[51/1149] Generating gdk/gdkresources_c with a custom command
FAILED: [code=137] gdk/gdkresources.c 
/Users/runner/work/Rayforge-iOS-ipa/Rayforge-iOS-ipa/ios-out/bin/glib-compile-resources gdk/gdk.gresource.xml --sourcedir /Users/runner/work/Rayforge-iOS-ipa/Rayforge-iOS-ipa/gtk-src/gdk --sourcedir ../gtk-src/gdk --c-name _gdk --internal --generate --target gdk/gdkresources.c --manual-register --dependency-file gdk/gdkresources.c.d
[52/1149] Generating gdk/version/gdk-visibility.h with a custom command
[53/1149] Generating GObject enum file gdk/gdkenumtypes.h (wrapped by meson because command contains newlines, to capture output)
[54/1149] Generating GObject enum file gtk/css/gtkcssenumtypes.c (wrapped by meson to capture output)
[55/1149] Generating GObject enum file gtk/gtktypebuiltins.h (wrapped by meson to capture output)
ninja: build stopped: subcommand failed.
