getpwuid_r did not find a match for uid 501
Timestamp                       Thread     Type        Activity             PID    TTL  
2026-07-04 13:15:00.762002+0000 0x2d582    Default     0x0                  76847  0    rayforge-app: (libxpc.dylib) [com.apple.xpc:connection] [0x105005590] activating connection: mach=true listener=false peer=false name=com.apple.cfprefsd.daemon
2026-07-04 13:15:00.762468+0000 0x2d56b    Default     0x0                  76847  0    rayforge-app: (libMobileGestalt.dylib) No persisted cache on this platform.
2026-07-04 13:15:00.765866+0000 0x2d583    Activity    0x4a7a0              76847  0    rayforge-app: (CoreFoundation) Loading Preferences From User Session CFPrefsD
2026-07-04 13:15:00.767153+0000 0x2d584    Default     0x0                  76847  0    rayforge-app: (BoardServices) [com.apple.BoardServices:XPCErrors] [C:1] Alloc com.apple.frontboard.systemappservices
2026-07-04 13:15:00.767471+0000 0x2d584    Default     0x0                  76847  0    rayforge-app: (libxpc.dylib) [com.apple.xpc:connection] [0x105108640] activating connection: mach=false listener=false peer=false name=(anonymous)
2026-07-04 13:15:00.767669+0000 0x2d582    Default     0x0                  76847  0    rayforge-app: (UIKitCore) [com.apple.UIKit:BackgroundTask] Creating new assertion because there is no existing background assertion.
2026-07-04 13:15:00.767710+0000 0x2d582    Default     0x0                  76847  0    rayforge-app: (UIKitCore) [com.apple.UIKit:BackgroundTask] Creating new background assertion
2026-07-04 13:15:00.767824+0000 0x2d582    Default     0x0                  76847  0    rayforge-app: (UIKitCore) [com.apple.UIKit:BackgroundTask] Created new background assertion <BKSProcessAssertion: 0x60000210bcf0>
2026-07-04 13:15:00.784272+0000 0x2d582    Default     0x0                  76847  0    rayforge-app: (RunningBoardServices) [com.apple.runningboard:connection] Initializing connection
2026-07-04 13:15:00.784346+0000 0x2d582    Default     0x0                  76847  0    rayforge-app: (RunningBoardServices) [com.apple.runningboard:process] Removing all cached process handles
2026-07-04 13:15:00.784526+0000 0x2d582    Default     0x0                  76847  0    rayforge-app: (RunningBoardServices) [com.apple.runningboard:connection] Creating connection to com.apple.runningboard
2026-07-04 13:15:00.784545+0000 0x2d582    Default     0x0                  76847  0    rayforge-app: (libxpc.dylib) [com.apple.xpc:connection] [0x105107c00] activating connection: mach=true listener=false peer=false name=com.apple.runningboard
2026-07-04 13:15:00.784658+0000 0x2d585    Default     0x0                  76847  0    rayforge-app: (RunningBoardServices) [com.apple.runningboard:connection] Sending handshake request attempt #1 to server
2026-07-04 13:15:00.786370+0000 0x2d56b    Default     0x0                  76847  0    rayforge-app: (UIKitCore) [com.apple.UIKit:Application] Deactivation reason added: 10; deactivation reasons: 0 -> 1024; animating application lifecycle event: 0
2026-07-04 13:15:00.786966+0000 0x2d56b    Default     0x0                  76847  0    rayforge-app: (BoardServices) [com.apple.BoardServices:Injection] activating monitor for service com.apple.frontboard.open
2026-07-04 13:15:00.787329+0000 0x2d56b    Default     0x0                  76847  0    rayforge-app: (BoardServices) [com.apple.BoardServices:Injection] activating monitor for service com.apple.frontboard.workspace-service
2026-07-04 13:15:00.788214+0000 0x2d56b    Default     0x0                  76847  0    rayforge-app: (FrontBoardServices) [com.apple.FrontBoard:Common] FBSWorkspace registering source: com.apple.frontboard.systemappservices
2026-07-04 13:15:00.788342+0000 0x2d584    Activity    0x4a7a1              76847  0    rayforge-app: (RunningBoardServices) didChangeInheritances
2026-07-04 13:15:00.788511+0000 0x2d585    Default     0x0                  76847  0    rayforge-app: (RunningBoardServices) [com.apple.runningboard:connection] Handshake succeeded
2026-07-04 13:15:00.788874+0000 0x2d585    Default     0x0                  76847  0    rayforge-app: (RunningBoardServices) [com.apple.runningboard:connection] Identity resolved as app<org.rayforge.app((null))>
2026-07-04 13:15:00.791177+0000 0x2d582    Default     0x0                  76847  0    rayforge-app: (UIKitCore) [com.apple.UIKit:BackgroundTask] Incrementing reference count for background assertion <BKSProcessAssertion: 0x60000210bcf0>
2026-07-04 13:15:00.791352+0000 0x2d582    Default     0x0                  76847  0    rayforge-app: (UIKitCore) [com.apple.UIKit:BackgroundTask] Created background task <_UIBackgroundTaskInfo: 0x600001704d40>: taskID = 1, taskName = Launch Background Task for Coalescing, creationTime = 3090 (elapsed = 0).
2026-07-04 13:15:00.791490+0000 0x2d582    Default     0x0                  76847  0    rayforge-app: (FrontBoardServices) [com.apple.FrontBoard:SceneExtension] Realizing settings extension _UIApplicationSceneKeyboardSettings on FBSSceneSettings
2026-07-04 13:15:00.795673+0000 0x2d582    Default     0x0                  76847  0    rayforge-app: (FrontBoardServices) [com.apple.FrontBoard:SceneExtension] Realizing settings extension <_UISceneOcclusionSettings> on FBSSceneSettings
2026-07-04 13:15:00.795933+0000 0x2d582    Default     0x0                  76847  0    rayforge-app: (FrontBoardServices) [com.apple.FrontBoard:SceneExtension] Realizing settings extension <_UISceneInterfaceProtectionSettings> on FBSSceneSettings
2026-07-04 13:15:00.796192+0000 0x2d582    Default     0x0                  76847  0    rayforge-app: (FrontBoardServices) [com.apple.FrontBoard:SceneExtension] Realizing settings extension _UISceneLayoutPreferencesHostSettingsExtension on FBSSceneSettings
2026-07-04 13:15:00.796660+0000 0x2d582    Default     0x0                  76847  0    rayforge-app: (FrontBoardServices) [com.apple.FrontBoard:SceneExtension] Realizing settings extension _UISceneSafeAreaSettingsExtension on FBSSceneSettings
2026-07-04 13:15:00.797335+0000 0x2d56b    Default     0x0                  76847  0    rayforge-app: (FrontBoardServices) [com.apple.FrontBoard:Common] FBSWorkspace connected to endpoint : <BSServiceConnectionEndpoint: 0x600000210760; target: com.apple.frontboard.systemappservices; service: com.apple.frontboard.workspace-service>
2026-07-04 13:15:00.797818+0000 0x2d582    Default     0x0                  76847  0    rayforge-app: (FrontBoardServices) [com.apple.FrontBoard:SceneExtension] Realizing settings extension _UISceneLayoutPreferenceClientSettingsExtension on FBSSceneClientSettings
2026-07-04 13:15:00.797839+0000 0x2d56b    Default     0x0                  76847  0    rayforge-app: (FrontBoardServices) [com.apple.FrontBoard:Common] <FBSWorkspaceScenesClient:0x600003008240 com.apple.frontboard.systemappservices> attempting immediate handshake from activate
2026-07-04 13:15:00.798323+0000 0x2d56b    Default     0x0                  76847  0    rayforge-app: (FrontBoardServices) [com.apple.FrontBoard:Common] <FBSWorkspaceScenesClient:0x600003008240 com.apple.frontboard.systemappservices> sent handshake
2026-07-04 13:15:00.798365+0000 0x2d582    Default     0x0                  76847  0    rayforge-app: (FrontBoardServices) [com.apple.FrontBoard:SceneExtension] Realizing settings extension <_UIHomeAffordanceHostSceneSettings> on FBSSceneSettings
2026-07-04 13:15:00.798522+0000 0x2d582    Default     0x0                  76847  0    rayforge-app: (FrontBoardServices) [com.apple.FrontBoard:SceneExtension] Realizing settings extension _UISystemShellSceneHostingEnvironmentSettings on FBSSceneSettings
2026-07-04 13:15:00.798622+0000 0x2d582    Default     0x0                  76847  0    rayforge-app: (FrontBoardServices) [com.apple.FrontBoard:SceneExtension] Realizing settings extension _UISceneRenderingEnvironmentSettings on FBSSceneSettings
2026-07-04 13:15:00.798988+0000 0x2d582    Default     0x0                  76847  0    rayforge-app: (FrontBoardServices) [com.apple.FrontBoard:SceneExtension] Realizing settings extension <_UISceneRenderingEnvironmentClientSettings> on FBSSceneClientSettings
2026-07-04 13:15:00.799083+0000 0x2d582    Default     0x0                  76847  0    rayforge-app: (FrontBoardServices) [com.apple.FrontBoard:SceneExtension] Realizing settings extension <_UISceneTransitioningHostSettings> on FBSSceneSettings
2026-07-04 13:15:00.799346+0000 0x2d56b    Default     0x0                  76847  0    rayforge-app: (RunningBoardServices) [com.apple.runningboard:general] Added observer for process assertions expiration warning: <_RBSExpirationWarningClient: 0x60000020ec60>
2026-07-04 13:15:00.799490+0000 0x2d582    Default     0x0                  76847  0    rayforge-app: (FrontBoardServices) [com.apple.FrontBoard:SceneExtension] Realizing settings extension <_UISceneFocusSystemSettings> on FBSSceneSettings
2026-07-04 13:15:00.799718+0000 0x2d582    Default     0x0                  76847  0    rayforge-app: (FrontBoardServices) [com.apple.FrontBoard:SceneExtension] Realizing settings extension _UISceneOrientationSettingsExtension on FBSSceneSettings
2026-07-04 13:15:00.799793+0000 0x2d582    Default     0x0                  76847  0    rayforge-app: (FrontBoardServices) [com.apple.FrontBoard:SceneExtension] Realizing settings extension _UISceneOrientationClientSettingsExtension on FBSSceneClientSettings
2026-07-04 13:15:00.800406+0000 0x2d582    Default     0x0                  76847  0    rayforge-app: (FrontBoardServices) [com.apple.FrontBoard:SceneExtension] Realizing settings extension _UISceneWindowingControlClientSettings on FBSSceneClientSettings
2026-07-04 13:15:00.801054+0000 0x2d582    Default     0x0                  76847  0    rayforge-app: (FrontBoardServices) [com.apple.FrontBoard:SceneExtension] Realizing settings extension <_UISceneHostingContentSizePreferenceClientSettings> on FBSSceneClientSettings
2026-07-04 13:15:00.804231+0000 0x2d582    Default     0x0                  76847  0    rayforge-app: (FrontBoardServices) [com.apple.FrontBoard:SceneExtension] Realizing settings extension _UISceneHostingTraitCollectionPropagationSettings on FBSSceneSettings
2026-07-04 13:15:00.805086+0000 0x2d56b    Default     0x0                  76847  0    rayforge-app: (UIKitCore) [com.apple.UIKit:UIScreen] Evaluated capturing state as 0 on <UIScreen: 0x104f05ec0> for initial
2026-07-04 13:15:00.805269+0000 0x2d56b    Default     0x0                  76847  0    rayforge-app: (UIKitCore) [com.apple.UIKit:UIScreen] Evaluated capturing state as 0 on <UIScreen: 0x104f05ec0> for CADisplay KVO
2026-07-04 13:15:00.806775+0000 0x2d582    Default     0x0                  76847  0    rayforge-app: (FrontBoardServices) [com.apple.FrontBoard:SceneExtension] Realizing settings extension <_UISceneHostingSheetPresentationSettings> on FBSSceneSettings
2026-07-04 13:15:00.807096+0000 0x2d56b    Default     0x0                  76847  0    rayforge-app: (libAccessibility.dylib) [com.apple.Accessibility:AXSupportCommon] Read CategoryName: per-app = 1, category name = (null)
2026-07-04 13:15:00.807735+0000 0x2d56b    Default     0x0                  76847  0    rayforge-app: (libAccessibility.dylib) [com.apple.Accessibility:AXSupportCommon] Read CategoryName: per-app = 0, category name = (null)
2026-07-04 13:15:00.809205+0000 0x2d582    Default     0x0                  76847  0    rayforge-app: (FrontBoardServices) [com.apple.FrontBoard:SceneExtension] Realizing settings extension <_UISceneHostingSheetPresentationClientSettings> on FBSSceneClientSettings
2026-07-04 13:15:00.811720+0000 0x2d582    Default     0x0                  76847  0    rayforge-app: (FrontBoardServices) [com.apple.FrontBoard:SceneExtension] Realizing settings extension <_UISceneHostingEventDeferringSettings> on FBSSceneSettings
2026-07-04 13:15:00.814036+0000 0x2d582    Default     0x0                  76847  0    rayforge-app: (FrontBoardServices) [com.apple.FrontBoard:SceneExtension] Realizing settings extension <UIKit__UITypedKeyValueSceneSettings> on FBSSceneSettings
2026-07-04 13:15:00.814624+0000 0x2d582    Default     0x0                  76847  0    rayforge-app: (FrontBoardServices) [com.apple.FrontBoard:SceneExtension] Realizing settings extension <UIKit__UITypedKeyValueSceneSettings> on FBSSceneClientSettings
2026-07-04 13:15:00.814955+0000 0x2d582    Default     0x0                  76847  0    rayforge-app: (FrontBoardServices) [com.apple.FrontBoard:SceneExtension] Realizing settings extension <_UISceneHostingViewControllerPreferencePropagationClientSettings> on FBSSceneClientSettings
2026-07-04 13:15:00.815588+0000 0x2d582    Default     0x0                  76847  0    rayforge-app: (FrontBoardServices) [com.apple.FrontBoard:SceneExtension] Realizing settings extension <_UISceneZoomTransitionSettings> on FBSSceneSettings
2026-07-04 13:15:00.818287+0000 0x2d585    Default     0x0                  76847  0    rayforge-app: (FrontBoardServices) [com.apple.FrontBoard:SceneExtension] Realizing settings extension FBSSceneSettingsCore on FBSSceneSettings
2026-07-04 13:15:00.820000+0000 0x2d56b    Default     0x0                  76847  0    rayforge-app: (XCTTargetBootstrap) [com.apple.dt.xctest:Default] Registering for test daemon availability notify post.
2026-07-04 13:15:00.820201+0000 0x2d56b    Default     0x0                  76847  0    rayforge-app: (XCTTargetBootstrap) [com.apple.dt.xctest:Default] notify_get_state check indicated test daemon not ready.
2026-07-04 13:15:00.820319+0000 0x2d56b    Default     0x0                  76847  0    rayforge-app: (XCTTargetBootstrap) [com.apple.dt.xctest:Default] notify_get_state check indicated test daemon not ready.
2026-07-04 13:15:00.820405+0000 0x2d56b    Default     0x0                  76847  0    rayforge-app: (XCTTargetBootstrap) [com.apple.dt.xctest:Default] notify_get_state check indicated test daemon not ready.
2026-07-04 13:15:00.820498+0000 0x2d585    Default     0x0                  76847  0    rayforge-app: (FrontBoardServices) [com.apple.FrontBoard:SceneExtension] Realizing settings extension FBSSceneClientSettingsCore on FBSSceneClientSettings
2026-07-04 13:15:00.821328+0000 0x2d56b    Default     0x0                  76847  0    rayforge-app: (UIKitCore) [com.apple.UIKit:UpdateScheduler] Selected display: name=LCD (PurpleMain), id=1
2026-07-04 13:15:00.829088+0000 0x2d585    Default     0x0                  76847  0    rayforge-app: (FrontBoardServices) [com.apple.FrontBoard:SceneExtension] UIMutableApplicationSceneSettings setting counterpart class: UIApplicationSceneSettings
2026-07-04 13:15:00.829427+0000 0x2d585    Default     0x0                  76847  0    rayforge-app: (FrontBoardServices) [com.apple.FrontBoard:SceneExtension] UIMutableApplicationSceneClientSettings setting counterpart class: UIApplicationSceneClientSettings
2026-07-04 13:15:00.830028+0000 0x2d585    Default     0x0                  76847  0    rayforge-app: (FrontBoardServices) [com.apple.FrontBoard:SceneExtension] Realizing settings extension FBSSceneTransitionContextCore on FBSSceneTransitionContext
2026-07-04 13:15:00.854739+0000 0x2d56b    Default     0x0                  76847  0    rayforge-app: (UIKitCore) [com.apple.UIKit:BackgroundTask] Will add backgroundTask with taskName: Persistent SceneSession Map Update, expirationHandler: <__NSGlobalBlock__: 0x1e61729e0>
2026-07-04 13:15:00.854851+0000 0x2d56b    Default     0x0                  76847  0    rayforge-app: (UIKitCore) [com.apple.UIKit:BackgroundTask] Reusing background assertion <BKSProcessAssertion: 0x60000210bcf0>
2026-07-04 13:15:00.854874+0000 0x2d56b    Default     0x0                  76847  0    rayforge-app: (UIKitCore) [com.apple.UIKit:BackgroundTask] Incrementing reference count for background assertion <BKSProcessAssertion: 0x60000210bcf0>
2026-07-04 13:15:00.854904+0000 0x2d56b    Default     0x0                  76847  0    rayforge-app: (UIKitCore) [com.apple.UIKit:BackgroundTask] Created background task <_UIBackgroundTaskInfo: 0x600001716a80>: taskID = 2, taskName = Persistent SceneSession Map Update, creationTime = 3090 (elapsed = 0).
2026-07-04 13:15:00.855162+0000 0x2d56b    Default     0x0                  76847  0    rayforge-app: (UIKitCore) [com.apple.UIKit:Application] Deactivation reason added: 5; deactivation reasons: 1024 -> 1056; animating application lifecycle event: 1
2026-07-04 13:15:00.855543+0000 0x2d56b    Default     0x0                  76847  0    rayforge-app: (UIKitCore) [com.apple.UIKit:InterfaceStyle] Not push traits update to screen for new style 1, <UIWindowScene: 0x104f0ff90> (FE694493-E968-4DBD-9710-F87C3B246F90)
2026-07-04 13:15:00.855603+0000 0x2d56b    Default     0x0                  76847  0    rayforge-app: (UIKitCore) [com.apple.UIKit:InterfaceStyle] Should send trait collection or coordinate space update, interface style 1 -> 1, <UIWindowScene: 0x104f0ff90> (FE694493-E968-4DBD-9710-F87C3B246F90)
2026-07-04 13:15:00.856559+0000 0x2d56b    Default     0x0                  76847  0    rayforge-app: (UIKitCore) [com.apple.UIKit:InterfaceStyle] Not push traits update to screen for new style 1, <UIWindowScene: 0x104f0ff90> (FE694493-E968-4DBD-9710-F87C3B246F90)
2026-07-04 13:15:00.856828+0000 0x2d56b    Default     0x0                  76847  0    rayforge-app: (UIKitCore) [com.apple.UIKit:HomeAffordanceObservation] Initializing: <_UIHomeAffordanceSceneNotifier: 0x60000290c1c0>; with scene: <UIWindowScene: 0x104f0ff90>
2026-07-04 13:15:00.856956+0000 0x2d56b    Default     0x0                  76847  0    rayforge-app: (BacklightServices) [com.apple.BacklightServices:scenes] 0x600000c0d3e0 setDelegate:<0x600000c0d380 _UIBacklightEnvironment> hasDelegate:YES for environment:sceneID:org.rayforge.app-default
2026-07-04 13:15:00.857740+0000 0x2d56b    Default     0x0                  76847  0    rayforge-app: (UIKitCore) [com.apple.UIKit:InterfaceStyle] Not push traits update to screen for new style 1, <UIWindowScene: 0x104f0ff90> (FE694493-E968-4DBD-9710-F87C3B246F90)
2026-07-04 13:15:00.857864+0000 0x2d56b    Default     0x0                  76847  1    rayforge-app: (UIKitCore) [com.apple.UIKit:EventDeferring] [0x600002914620] Initialized with scene: <UIWindowScene: 0x104f0ff90>; behavior: <_UIEventDeferringBehavior_iOS: 0x600000211d00>; availableForProcess: 1, systemShellManagesKeyboardFocus: 1
2026-07-04 13:15:00.858252+0000 0x2d56b    Default     0x0                  76847  0    rayforge-app: (BoardServices) [com.apple.BoardServices:XPCErrors] [C:2] Alloc com.apple.backboard.hid-services.xpc
2026-07-04 13:15:00.858415+0000 0x2d56b    Default     0x0                  76847  0    rayforge-app: (libxpc.dylib) [com.apple.xpc:connection] [0x10510a0e0] activating connection: mach=false listener=false peer=false name=(anonymous)
2026-07-04 13:15:00.859687+0000 0x2d582    Default     0x0                  76847  0    rayforge-app: (BackBoardServices) [com.apple.BackBoard:EventDelivery] BKSHIDEventObserver - connection activation
2026-07-04 13:15:00.859707+0000 0x2d56b    Default     0x0                  76847  0    rayforge-app: (BackBoardServices) [com.apple.BackBoard:EventDelivery] policyStatus:<BKSHIDEventDeliveryPolicyObserver: 0x600002606e80; process scope; status: target> was:none
2026-07-04 13:15:00.859791+0000 0x2d56b    Default     0x0                  76847  1    rayforge-app: (UIKitCore) [com.apple.UIKit:KeyWindow] Setting default evaluation strategy for UIUserInterfaceIdiomPad to LastOneWins
2026-07-04 13:15:00.859820+0000 0x2d56b    Default     0x0                  76847  1    rayforge-app: (UIKitCore) [com.apple.UIKit:KeyWindow] Scene target of keyboard event deferring environment did change: 1; scene: UIWindowScene: 0x104f0ff90; scene identity: com.apple.frontboard.systemappservices/FBSceneManager:sceneID%3Aorg.rayforge.app-default
2026-07-04 13:15:00.859873+0000 0x2d56b    Default     0x0                  76847  0    rayforge-app: (UIKitCore) [com.apple.UIKit:UIFocus] Focus system enabled
2026-07-04 13:15:00.860400+0000 0x2d56b    Default     0x0                  76847  0    rayforge-app: (UIKitCore) [com.apple.UIKit:UIFocus] Failed to update focus with context <UIFocusUpdateContext: 0x600003008360; previouslyFocusedItem: (nil); nextFocusedItem: (nil); focusHeading: None>. No additional info available.
2026-07-04 13:15:00.860533+0000 0x2d56b    Default     0x0                  76847  0    rayforge-app: (UIKitCore) [com.apple.UIKit:InterfaceStyle] Not push traits update to screen for new style 1, <UIWindowScene: 0x104f0ff90> (FE694493-E968-4DBD-9710-F87C3B246F90)
2026-07-04 13:15:00.860575+0000 0x2d56b    Default     0x0                  76847  1    rayforge-app: (UIKitCore) [com.apple.UIKit:EventDeferring] [0x600002914620] Scene target of event deferring environments did update: scene: 0x104f0ff90; current systemShellManagesKeyboardFocus: 1; systemShellManagesKeyboardFocusForScene: 1; eligibleForRecordRemoval: 1;
2026-07-04 13:15:00.860592+0000 0x2d56b    Default     0x0                  76847  1    rayforge-app: (UIKitCore) [com.apple.UIKit:KeyWindow] Scene became target of keyboard event deferring environment: UIWindowScene: 0x104f0ff90; scene identity: com.apple.frontboard.systemappservices/FBSceneManager:sceneID%3Aorg.rayforge.app-default
2026-07-04 13:15:00.860609+0000 0x2d56b    Default     0x0                  76847  1    rayforge-app: (UIKitCore) [com.apple.UIKit:KeyWindow] Stack[KeyWindow] 0x600000c0d6b0: Taking no further action for migration from LastOneWins -> SystemShellManaged as there are no scenes
2026-07-04 13:15:00.860629+0000 0x2d56b    Default     0x0                  76847  1    rayforge-app: (UIKitCore) [com.apple.UIKit:KeyWindow] Setting default evaluation strategy for UIUserInterfaceIdiomPad to SystemShellManaged
2026-07-04 13:15:00.861509+0000 0x2d56b    Default     0x0                  76847  1    rayforge-app: (UIKitCore) [com.apple.UIKit:KeyWindow] Key window needs update: 0; currentKeyWindowScene: 0x0; evaluatedKeyWindowScene: 0x104f0ff90; currentApplicationKeyWindow: 0x0; evaluatedApplicationKeyWindow: 0x0; reason: UIWindowScene: 0x104f0ff90: Window scene became target of keyboard environment
2026-07-04 13:15:00.861707+0000 0x2d56b    Default     0x0                  76847  0    rayforge-app: (UIKitCore) [com.apple.UIKit:InterfaceStyle] Not push traits update to screen for new style 1, <UIWindowScene: 0x104f0ff90> (FE694493-E968-4DBD-9710-F87C3B246F90)
2026-07-04 13:15:00.862282+0000 0x2d56b    Default     0x0                  76847  0    rayforge-app: (UIKitCore) [com.apple.UIKit:InterfaceStyle] Not push traits update to screen for new style 1, <UIWindowScene: 0x104f0ff90> (FE694493-E968-4DBD-9710-F87C3B246F90)
2026-07-04 13:15:00.863726+0000 0x2d56b    Fault       0x4a7a2              76847  14   rayforge-app: (UIKitCore) [com.apple.runtime-issues:UIKit App Config] `UIScene` lifecycle will soon be required. Failure to adopt will result in an assert in the future.
2026-07-04 13:15:00.863727+0000 0x2d56b    Activity    0x4a7a2              76847  0    rayforge-app: (libsystem_trace.dylib) Activity for state dumps
2026-07-04 13:15:00.864365+0000 0x2d56b    Default     0x0                  76847  0    rayforge-app: (UIKitCore) [com.apple.UIKit:InterfaceStyle] Not push traits update to screen for new style 1, <UIWindowScene: 0x104f0ff90> (FE694493-E968-4DBD-9710-F87C3B246F90)
2026-07-04 13:15:00.875587+0000 0x2d56b    Default     0x0                  76847  0    rayforge-app: (UIKitCore) [com.apple.UIKit:AppLifecycle] sceneOfRecord: sceneID: sceneID:org.rayforge.app-default  persistentID: FE694493-E968-4DBD-9710-F87C3B246F90
2026-07-04 13:15:00.875970+0000 0x2d56b    Default     0x0                  76847  0    rayforge-app: (UIKitCore) [com.apple.UIKit:Application] Ignoring already applied deactivation reason: 5; deactivation reasons: 1056
2026-07-04 13:15:00.876203+0000 0x2d56b    Default     0x0                  76847  0    rayforge-app: (UIKitCore) [com.apple.UIKit:Application] Deactivation reason added: 11; deactivation reasons: 1056 -> 3104; animating application lifecycle event: 1
2026-07-04 13:15:00.876826+0000 0x2d56b    Default     0x0                  76847  0    rayforge-app: (UIKitCore) [com.apple.KeyboardArbiter:Client] startConnection
2026-07-04 13:15:00.878952+0000 0x2d56b    Default     0x0                  76847  0    rayforge-app: (libxpc.dylib) [com.apple.xpc:connection] [0x104f05830] activating connection: mach=true listener=false peer=false name=com.apple.UIKit.KeyboardManagement.hosted
2026-07-04 13:15:00.894018+0000 0x2d585    Default     0x0                  76847  0    rayforge-app: (BoardServices) [com.apple.BoardServices:XPCErrors] [C:3] Alloc com.apple.PointerUI.pointeruid.service
2026-07-04 13:15:00.894098+0000 0x2d585    Default     0x0                  76847  0    rayforge-app: (libxpc.dylib) [com.apple.xpc:connection] [0x10500ccb0] activating connection: mach=false listener=false peer=false name=(anonymous)
2026-07-04 13:15:00.908661+0000 0x2d56b    Default     0x0                  76847  0    rayforge-app: (UIKitCore) [com.apple.UIKit:PointerLockState] preferredPointerLockStatus updated: scene: <UIWindowScene: 0x104f0ff90; role: UIWindowSceneSessionRoleApplication; persistentIdentifier: FE694493-E968-4DBD-9710-F87C3B246F90; activationState: UISceneActivationStateForegroundInactive>; viewController: <UIViewController: 0x10510e050>; preferredPointerLockStatus: _UIPointerLockStatusUnlocked
2026-07-04 13:15:00.908948+0000 0x2d56b    Default     0x0                  76847  0    rayforge-app: (UIKitCore) [com.apple.UIKit:Orientation] <UIWindowScene: 0x104f0ff90> (FE694493-E968-4DBD-9710-F87C3B246F90) Scene updated orientation preferences: none -> ( Ll Lr )
2026-07-04 13:15:00.909114+0000 0x2d56b    Default     0x0                  76847  1    rayforge-app: (UIKitCore) [com.apple.UIKit:KeyWindow] Key window API is scene-level: YES
2026-07-04 13:15:00.909152+0000 0x2d56b    Default     0x0                  76847  1    rayforge-app: (UIKitCore) [com.apple.UIKit:KeyWindow] UIWindowScene: 0x104f0ff90: Window became key in scene: UIWindow: 0x10510bed0; contextId: 0x7C30F3C7: reason: UIWindowScene: 0x104f0ff90: Window requested to become key in scene: 0x10510bed0
2026-07-04 13:15:00.909174+0000 0x2d56b    Default     0x0                  76847  1    rayforge-app: (UIKitCore) [com.apple.UIKit:KeyWindow] Key window needs update: 1; currentKeyWindowScene: 0x0; evaluatedKeyWindowScene: 0x104f0ff90; currentApplicationKeyWindow: 0x0; evaluatedApplicationKeyWindow: 0x10510bed0; reason: UIWindowScene: 0x104f0ff90: Window requested to become key in scene: 0x10510bed0
2026-07-04 13:15:00.909200+0000 0x2d56b    Default     0x0                  76847  1    rayforge-app: (UIKitCore) [com.apple.UIKit:KeyWindow] Window did become application key: UIWindow: 0x10510bed0; contextId: 0x7C30F3C7; scene identity: com.apple.frontboard.systemappservices/FBSceneManager:sceneID%3Aorg.rayforge.app-default
2026-07-04 13:15:00.909253+0000 0x2d56b    Default     0x0                  76847  1    rayforge-app: (UIKitCore) [com.apple.UIKit:EventDeferring] [0x600002914620] Begin local event deferring requested for token: 0x600002603060; environments: 1; reason: UIWindowScene: 0x104f0ff90: Begin event deferring in keyboardFocus for window: 0x10510bed0
2026-07-04 13:15:00.910958+0000 0x2d584    Default     0x0                  76847  0    rayforge-app: (BackBoardServices) [com.apple.BackBoard:EventDelivery] BKSHIDEventDeliveryManager - connection activation
2026-07-04 13:15:00.914422+0000 0x2d56b    Default     0x0                  76847  0    rayforge-app: (UIKitCore) [com.apple.UIKit:KeyboardSceneDelegate] Reloading input views for key-window scene responder: <GdkIOSView: 0x10510e630; frame = (0 0; 1376 1032); > force:N
2026-07-04 13:15:00.915243+0000 0x2d585    Default     0x0                  76847  0    rayforge-app: (BackBoardServices) [com.apple.BackBoard:EventDelivery] policyStatus:<BKSHIDEventDeliveryPolicyObserver: 0x600002606e80; token: com.apple.frontboard.systemappservices/FBSceneManager:sceneID%3Aorg.rayforge.app-default; status: ancestor> was:target
2026-07-04 13:15:00.916064+0000 0x2d56b    Default     0x0                  76847  0    rayforge-app: (UIKitCore) [com.apple.UIKit:KeyboardSceneDelegate] _reloadInputViewsForKeyWindowSceneResponder: 1 force: 0, fromBecomeFirstResponder: 1 (automaticKeyboard: 1, reloadIdentifier: 54A5160C-8748-4FDC-B1BB-8033F9B116FF)
2026-07-04 13:15:00.916286+0000 0x2d56b    Default     0x0                  76847  0    rayforge-app: (UIKitCore) [com.apple.UIKit:KeyboardSceneDelegate] _inputViewsForResponder: <GdkIOSView: 0x10510e630; frame = (0 0; 1376 1032); >, automaticKeyboard: 1, force: 0
2026-07-04 13:15:00.916445+0000 0x2d56b    Default     0x0                  76847  0    rayforge-app: (UIKitCore) [com.apple.UIKit:KeyboardSceneDelegate] _inputViewsForResponder, found custom inputView: <(null): 0x0>, customInputViewController: <(null): 0x0>
2026-07-04 13:15:00.916485+0000 0x2d56b    Default     0x0                  76847  0    rayforge-app: (UIKitCore) [com.apple.UIKit:KeyboardSceneDelegate] _inputViewsForResponder, found inputAccessoryView: <(null): 0x0>
2026-07-04 13:15:00.916548+0000 0x2d56b    Default     0x0                  76847  0    rayforge-app: (UIKitCore) [com.apple.UIKit:KeyboardSceneDelegate] _inputViewsForResponder, responderRequiresKeyboard 0 (automaticKeyboardEnabled: 1, activeInstance: <(null): 0x0>, self.isOnScreen: 0, requiresKBWhenFirstResponder: 0)
2026-07-04 13:15:00.916580+0000 0x2d56b    Default     0x0                  76847  0    rayforge-app: (UIKitCore) [com.apple.UIKit:KeyboardSceneDelegate] _inputViewsForResponder, useKeyboard 0 (allowsSystemInputView: 1, !inputView <(null): 0x0>, responderRequiresKeyboard 0)
2026-07-04 13:15:00.916606+0000 0x2d56b    Default     0x0                  76847  0    rayforge-app: (UIKitCore) [com.apple.UIKit:KeyboardSceneDelegate] _inputViewsForResponder, configuring _responderWithoutAutomaticAppearanceEnabled: <(null): 0x0> (_automaticAppearEnabled: 1)
2026-07-04 13:15:00.916780+0000 0x2d56b    Default     0x0                  76847  0    rayforge-app: (UIKitCore) [com.apple.UIKit:KeyboardSceneDelegate] _inputViewsForResponder, needsIVPlaceholder: 0, needsIAVPlaceholder: 0, needsInputSetWithPlaceholder: 0
2026-07-04 13:15:00.916841+0000 0x2d56b    Default     0x0                  76847  0    rayforge-app: (UIKitCore) [com.apple.UIKit:KeyboardSceneDelegate] _inputViewsForResponder returning: <<UIInputViewSet: 0x600003708780>; (empty)>
2026-07-04 13:15:00.919988+0000 0x2d56b    Default     0x0                  76847  0    rayforge-app: (UIKitCore) [com.apple.UIKit:Application] Deactivation reason removed: 10; deactivation reasons: 3104 -> 2080; animating application lifecycle event: 1
2026-07-04 13:15:00.921524+0000 0x2d56b    Default     0x0                  76847  0    rayforge-app: (UIKitCore) [com.apple.UIKit:Application] Deactivation reason added: 12; deactivation reasons: 2080 -> 6176; animating application lifecycle event: 1
2026-07-04 13:15:00.921769+0000 0x2d56b    Default     0x0                  76847  0    rayforge-app: (UIKitCore) [com.apple.UIKit:Application] Deactivation reason removed: 11; deactivation reasons: 6176 -> 4128; animating application lifecycle event: 1
2026-07-04 13:15:00.922517+0000 0x2d56b    Default     0x0                  76847  0    rayforge-app: (FrontBoardServices) [com.apple.FrontBoard:SceneExtension] Realizing settings extension <_UISceneIntelligenceSupportSettings> on FBSSceneSettings
2026-07-04 13:15:00.925080+0000 0x2d56b    Default     0x0                  76847  0    rayforge-app: (UIKitCore) [com.apple.UIKit:InterfaceStyle] Not push traits update to screen for new style 1, <UIWindowScene: 0x104f0ff90> (FE694493-E968-4DBD-9710-F87C3B246F90)
2026-07-04 13:15:00.925173+0000 0x2d585    Default     0x0                  76847  0    rayforge-app: (UIIntelligenceSupport) [com.apple.UIIntelligenceSupport:xpc] establishing connection to agent
2026-07-04 13:15:00.926741+0000 0x2d585    Default     0x0                  76847  0    rayforge-app: (libxpc.dylib) [com.apple.xpc:session] [0x60000210dd10] Session created.
2026-07-04 13:15:00.926755+0000 0x2d585    Default     0x0                  76847  0    rayforge-app: (libxpc.dylib) [com.apple.xpc:session] [0x60000210dd10] Session created from connection [0x1051105b0]
2026-07-04 13:15:00.926790+0000 0x2d585    Default     0x0                  76847  0    rayforge-app: (libxpc.dylib) [com.apple.xpc:connection] [0x1051105b0] activating connection: mach=true listener=false peer=false name=com.apple.uiintelligencesupport.agent
2026-07-04 13:15:00.926872+0000 0x2d585    Default     0x0                  76847  0    rayforge-app: (libxpc.dylib) [com.apple.xpc:session] [0x60000210dd10] Session activated
2026-07-04 13:15:00.927668+0000 0x2d56b    Default     0x0                  76847  0    rayforge-app: (UIKitCore) [com.apple.UIKit:UIFocus] Failed to update focus with context <UIFocusUpdateContext: 0x600003000630; previouslyFocusedItem: (nil); nextFocusedItem: (nil); focusHeading: None>. No additional info available.
2026-07-04 13:15:00.936175+0000 0x2d56b    Default     0x0                  76847  0    rayforge-app: (libxpc.dylib) [com.apple.xpc:connection] [0x10510c270] activating connection: mach=true listener=false peer=false name=com.apple.lsd.mapdb
2026-07-04 13:15:00.956571+0000 0x2d56b    Default     0x0                  76847  0    rayforge-app: (Network) [com.apple.network:activity] Create activity from XPC object <nw_activity 50:1 [28AC4798-87F9-4382-8AD8-F6726CBBB95F] (reporting strategy default)>
2026-07-04 13:15:00.956698+0000 0x2d56b    Default     0x0                  76847  0    rayforge-app: (Network) [com.apple.network:activity] Create activity from XPC object <nw_activity 50:2 [E3DC119C-EFB5-472D-85DE-4CB430D0685D] (reporting strategy default)>
2026-07-04 13:15:00.956724+0000 0x2d56b    Default     0x0                  76847  0    rayforge-app: (Network) [com.apple.network:activity] Set activity <nw_activity 50:1 [28AC4798-87F9-4382-8AD8-F6726CBBB95F] (reporting strategy default)> as the global parent
2026-07-04 13:15:00.956793+0000 0x2d56b    Default     0x0                  76847  0    rayforge-app: (UIKitCore) [com.apple.UIKit:BackgroundTask] Ending background task with UIBackgroundTaskIdentifier: 1
2026-07-04 13:15:00.956867+0000 0x2d56b    Default     0x0                  76847  0    rayforge-app: (UIKitCore) [com.apple.UIKit:BackgroundTask] Ending task with identifier 1 and description: <_UIBackgroundTaskInfo: 0x600001704d40>: taskID = 1, taskName = Launch Background Task for Coalescing, creationTime = 3090 (elapsed = 0), _expireHandler: (null)
2026-07-04 13:15:00.956913+0000 0x2d56b    Default     0x0                  76847  0    rayforge-app: (UIKitCore) [com.apple.UIKit:BackgroundTask] Decrementing reference count for assertion <BKSProcessAssertion: 0x60000210bcf0> (used by background task with identifier 1: <_UIBackgroundTaskInfo: 0x600001704d40>: taskID = 1, taskName = Launch Background Task for Coalescing, creationTime = 3090 (elapsed = 0))
2026-07-04 13:15:00.958430+0000 0x2d56b    Default     0x0                  76847  1    rayforge-app: (UIKitCore) [com.apple.UIKit:EventDeferring] [0x600002914620] Scene target of event deferring environments did update: scene: 0x104f0ff90; current systemShellManagesKeyboardFocus: 1; systemShellManagesKeyboardFocusForScene: 1; eligibleForRecordRemoval: 1;
2026-07-04 13:15:00.958554+0000 0x2d56b    Default     0x0                  76847  1    rayforge-app: (UIKitCore) [com.apple.UIKit:KeyWindow] Scene became target of keyboard event deferring environment: UIWindowScene: 0x104f0ff90; scene identity: com.apple.frontboard.systemappservices/FBSceneManager:sceneID%3Aorg.rayforge.app-default
2026-07-04 13:15:01.460286+0000 0x2d582    Default     0x0                  76847  0    rayforge-app: (UIKitCore) [com.apple.UIKit:BackgroundTask] Ending background task with UIBackgroundTaskIdentifier: 2
2026-07-04 13:15:01.471402+0000 0x2d582    Default     0x0                  76847  0    rayforge-app: (UIKitCore) [com.apple.UIKit:BackgroundTask] Ending task with identifier 2 and description: <_UIBackgroundTaskInfo: 0x600001716a80>: taskID = 2, taskName = Persistent SceneSession Map Update, creationTime = 3090 (elapsed = 1), _expireHandler: <__NSGlobalBlock__: 0x1e61729e0>
2026-07-04 13:15:01.471836+0000 0x2d582    Default     0x0                  76847  0    rayforge-app: (UIKitCore) [com.apple.UIKit:BackgroundTask] Decrementing reference count for assertion <BKSProcessAssertion: 0x60000210bcf0> (used by background task with identifier 2: <_UIBackgroundTaskInfo: 0x600001716a80>: taskID = 2, taskName = Persistent SceneSession Map Update, creationTime = 3090 (elapsed = 1))
2026-07-04 13:15:01.471931+0000 0x2d582    Default     0x0                  76847  0    rayforge-app: (UIKitCore) [com.apple.UIKit:BackgroundTask] Will invalidate assertion: <BKSProcessAssertion: 0x60000210bcf0> for task identifier: 2
2026-07-04 13:15:02.032929+0000 0x2d582    Activity    0x4a7a3              76847  0    rayforge-app: (RunningBoardServices) didChangeInheritances
2026-07-04 13:15:02.191948+0000 0x2d584    Activity    0x4a7a4              76847  0    rayforge-app: (RunningBoardServices) didChangeInheritances
2026-07-04 13:15:02.204438+0000 0x2d582    Activity    0x4a7a5              76847  0    rayforge-app: (RunningBoardServices) didChangeInheritances
2026-07-04 13:15:02.366769+0000 0x2d584    Activity    0x4a7a6              76847  0    rayforge-app: (RunningBoardServices) didChangeInheritances
2026-07-04 13:15:03.167413+0000 0x2d56b    Default     0x0                  76847  0    rayforge-app: (Python) 2026-07-04 13:15:03,166 - root - INFO - Logging configured. Console level: INFO
2026-07-04 13:15:03.168991+0000 0x2d56b    Default     0x0                  76847  0    rayforge-app: (Python) 2026-07-04 13:15:03,168 - root - INFO - Session log file: /Users/runner/Library/Developer/CoreSimulator/Devices/E2DF7545-FC1D-4BA9-B92A-DFC369F3FF89/data/Containers/Data/Application/5C3C2253-E2F7-4658-8B29-7ED5A8AE2C8C/.local/state/rayforge/log/session-2026-07-04_13-15-03.log
2026-07-04 13:15:03.169244+0000 0x2d56b    Default     0x0                  76847  0    rayforge-app: (Python) 2026-07-04 13:15:03,169 - rayforge.app - INFO - Application starting with log level INFO
2026-07-04 13:15:03.169444+0000 0x2d56b    Default     0x0                  76847  0    rayforge-app: (Python) 2026-07-04 13:15:03,169 - rayforge.app - INFO - PyCairo version: 1.29.0
2026-07-04 13:15:05.554787+0000 0x2d56b    Default     0x0                  76847  0    rayforge-app: (Python) 2026-07-04 13:15:05,554 - rayforge.image.svg.svg_fallback - WARNING - pyvips svgload_buffer not available. Using Cairo/Rsvg fallback for SVG rendering.
2026-07-04 13:15:06.967014+0000 0x2d56b    Default     0x0                  76847  0    rayforge-app: (Python) 2026-07-04 13:15:06,963 - rayforge.ui_gtk.sim3d - ERROR - Failed to import Canvas3D. The 3D canvas will not be available.
2026-07-04 13:15:06.967077+0000 0x2d56b    Default     0x0                  76847  0    rayforge-app: (Python) Traceback (most recent call last):
2026-07-04 13:15:06.967087+0000 0x2d56b    Default     0x0                  76847  0    rayforge-app: (Python)   File "/Users/runner/Library/Developer/CoreSimulator/Devices/E2DF7545-FC1D-4BA9-B92A-DFC369F3FF89/data/Containers/Bundle/Application/C720523B-9F96-48CE-8DE5-7828444957C4/RayforgeApp.app/python/lib/python3.13/site-packages/OpenGL/platform/glx.py", line 46, in GLX
2026-07-04 13:15:06.967096+0000 0x2d56b    Default     0x0                  76847  0    rayforge-app: (Python)     lib = ctypesloader.loadLibrary(
2026-07-04 13:15:06.967103+0000 0x2d56b    Default     0x0                  76847  0    rayforge-app: (Python)         ctypes.cdll, name, mode=ctypes.RTLD_GLOBAL
2026-07-04 13:15:06.967109+0000 0x2d56b    Default     0x0                  76847  0    rayforge-app: (Python)     )
2026-07-04 13:15:06.967116+0000 0x2d56b    Default     0x0                  76847  0    rayforge-app: (Python)   File "/Users/runner/Library/Developer/CoreSimulator/Devices/E2DF7545-FC1D-4BA9-B92A-DFC369F3FF89/data/Containers/Bundle/Application/C720523B-9F96-48CE-8DE5-7828444957C4/RayforgeApp.app/python/lib/python3.13/site-packages/OpenGL/platform/ctypesloader.py", line 36, in loadLibrary
2026-07-04 13:15:06.967178+0000 0x2d56b    Default     0x0                  76847  0    rayforge-app: (Python)     return _loadLibraryWindows(dllType, name, mode)
2026-07-04 13:15:06.967389+0000 0x2d56b    Default     0x0                  76847  0    rayforge-app: (Python)   File "/Users/runner/Library/Developer/CoreSimulator/Devices/E2DF7545-FC1D-4BA9-B92A-DFC369F3FF89/data/Containers/Bundle/Application/C720523B-9F96-48CE-8DE5-7828444957C4/RayforgeApp.app/python/lib/python3.13/site-packages/OpenGL/platform/ctypesloader.py", line 89, in _loadLibraryWindows
2026-07-04 13:15:06.967480+0000 0x2d56b    Default     0x0                  76847  0    rayforge-app: (Python)     return dllType( name, mode )
2026-07-04 13:15:06.967549+0000 0x2d56b    Default     0x0                  76847  0    rayforge-app: (Python)   File "/Users/runner/Library/Developer/CoreSimulator/Devices/E2DF7545-FC1D-4BA9-B92A-DFC369F3FF89/data/Containers/Bundle/Application/C720523B-9F96-48CE-8DE5-7828444957C4/RayforgeApp.app/python/lib/python3.13/ctypes/__init__.py", line 361, in __init__
2026-07-04 13:15:06.967611+0000 0x2d56b    Default     0x0                  76847  0    rayforge-app: (Python)     self._handle = self._load_library(name, mode, handle, winmode)
2026-07-04 13:15:06.967671+0000 0x2d56b    Default     0x0                  76847  0    rayforge-app: (Python)                    ~~~~~~~~~~~~~~~~~~^^^^^^^^^^^^^^^^^^^^^^^^^^^^^
2026-07-04 13:15:06.967728+0000 0x2d56b    Default     0x0                  76847  0    rayforge-app: (Python)   File "/Users/runner/Library/Developer/CoreSimulator/Devices/E2DF7545-FC1D-4BA9-B92A-DFC369F3FF89/data/Containers/Bundle/Application/C720523B-9F96-48CE-8DE5-7828444957C4/RayforgeApp.app/python/lib/python3.13/ctypes/__init__.py", line 403, in _load_library
2026-07-04 13:15:06.967795+0000 0x2d56b    Default     0x0                  76847  0    rayforge-app: (Python)     return _dlopen(name, mode)
2026-07-04 13:15:06.967852+0000 0x2d56b    Default     0x0                  76847  0    rayforge-app: (Python) OSError: ("dlopen(GLX, 0x000A): tried: '/Library/Developer/CoreSimulator/Volumes/iOS_23C54/Library/Developer/CoreSimulator/Profiles/Runtimes/iOS 26.2.simruntime/Contents/Resources/RuntimeRootGLX' (no such file), '/Users/runner/Library/Developer/CoreSimulator/Devices/E2DF7545-FC1D-4BA9-B92A-DFC369F3FF89/data/Containers/Bundle/Application/C720523B-9F96-48CE-8DE5-7828444957C4/RayforgeApp.app/Frameworks/GLX' (no such file), '/usr/lib/GLX' (no such file, not in dyld cache), 'GLX' (no such file), '/Library/Developer/CoreSimulator/Volumes/iOS_23C54/Library/Developer/CoreSimulator/Profiles/Runtimes/iOS 26.2.simruntime/Contents/Resources/RuntimeRoot/usr/lib/GLX' (no such file)", 'GLX', None)
2026-07-04 13:15:06.967913+0000 0x2d56b    Default     0x0                  76847  0    rayforge-app: (Python) 
2026-07-04 13:15:06.967968+0000 0x2d56b    Default     0x0                  76847  0    rayforge-app: (Python) During handling of the above exception, another exception occurred:
2026-07-04 13:15:06.968024+0000 0x2d56b    Default     0x0                  76847  0    rayforge-app: (Python) 
2026-07-04 13:15:06.968076+0000 0x2d56b    Default     0x0                  76847  0    rayforge-app: (Python) Traceback (most recent call last):
2026-07-04 13:15:06.968130+0000 0x2d56b    Default     0x0                  76847  0    rayforge-app: (Python)   File "/Users/runner/Library/Developer/CoreSimulator/Devices/E2DF7545-FC1D-4BA9-B92A-DFC369F3FF89/data/Containers/Bundle/Application/C720523B-9F96-48CE-8DE5-7828444957C4/RayforgeApp.app/python/lib/python3.13/site-packages/rayforge/ui_gtk/sim3d/__init__.py", line 94, in <module>
2026-07-04 13:15:06.968187+0000 0x2d56b    Default     0x0                  76847  0    rayforge-app: (Python)     from .canvas3d import Canvas3D  # type: ignore
2026-07-04 13:15:06.968241+0000 0x2d56b    Default     0x0                  76847  0    rayforge-app: (Python)     ^^^^^^^^^^^^^^^^^^^^^^^^^^^^^^
2026-07-04 13:15:06.968303+0000 0x2d56b    Default     0x0                  76847  0    rayforge-app: (Python)   File "/Users/runner/Library/Developer/CoreSimulator/Devices/E2DF7545-FC1D-4BA9-B92A-DFC369F3FF89/data/Containers/Bundle/Application/C720523B-9F96-48CE-8DE5-7828444957C4/RayforgeApp.app/python/lib/python3.13/site-packages/rayforge/ui_gtk/sim3d/canvas3d.py", line 8, in <module>
2026-07-04 13:15:06.968356+0000 0x2d56b    Default     0x0                  76847  0    rayforge-app: (Python)     from OpenGL import GL
2026-07-04 13:15:06.968409+0000 0x2d56b    Default     0x0                  76847  0    rayforge-app: (Python)   File "/Users/runner/Library/Developer/CoreSimulator/Devices/E2DF7545-FC1D-4BA9-B92A-DFC369F3FF89/data/Containers/Bundle/Application/C720523B-9F96-48CE-8DE5-7828444957C4/RayforgeApp.app/python/lib/python3.13/site-packages/OpenGL/GL/__init__.py", line 3, in <module>
2026-07-04 13:15:06.968461+0000 0x2d56b    Default     0x0                  76847  0    rayforge-app: (Python)     from OpenGL import error as _error
2026-07-04 13:15:06.968513+0000 0x2d56b    Default     0x0                  76847  0    rayforge-app: (Python)   File "/Users/runner/Library/Developer/CoreSimulator/Devices/E2DF7545-FC1D-4BA9-B92A-DFC369F3FF89/data/Containers/Bundle/Application/C720523B-9F96-48CE-8DE5-7828444957C4/RayforgeApp.app/python/lib/python3.13/site-packages/OpenGL/error.py", line 12, in <module>
2026-07-04 13:15:06.968568+0000 0x2d56b    Default     0x0                  76847  0    rayforge-app: (Python)     from OpenGL import platform, _configflags
2026-07-04 13:15:06.968619+0000 0x2d56b    Default     0x0                  76847  0    rayforge-app: (Python)   File "/Users/runner/Library/Developer/CoreSimulator/Devices/E2DF7545-FC1D-4BA9-B92A-DFC369F3FF89/data/Containers/Bundle/Application/C720523B-9F96-48CE-8DE5-7828444957C4/RayforgeApp.app/python/lib/python3.13/site-packages/OpenGL/platform/__init__.py", line 59, in <module>
2026-07-04 13:15:06.968672+0000 0x2d56b    Default     0x0                  76847  0    rayforge-app: (Python)     _load()
2026-07-04 13:15:06.968727+0000 0x2d56b    Default     0x0                  76847  0    rayforge-app: (Python)     ~~~~~^^
2026-07-04 13:15:06.968778+0000 0x2d56b    Default     0x0                  76847  0    rayforge-app: (Python)   File "/Users/runner/Library/Developer/CoreSimulator/Devices/E2DF7545-FC1D-4BA9-B92A-DFC369F3FF89/data/Containers/Bundle/Application/C720523B-9F96-48CE-8DE5-7828444957C4/RayforgeApp.app/python/lib/python3.13/site-packages/OpenGL/platform/__init__.py", line 55, in _load
2026-07-04 13:15:06.968832+0000 0x2d56b    Default     0x0                  76847  0    rayforge-app: (Python)     plugin.install(globals())
2026-07-04 13:15:06.968883+0000 0x2d56b    Default     0x0                  76847  0    rayforge-app: (Python)     ~~~~~~~~~~~~~~^^^^^^^^^^^
2026-07-04 13:15:06.968936+0000 0x2d56b    Default     0x0                  76847  0    rayforge-app: (Python)   File "/Users/runner/Library/Developer/CoreSimulator/Devices/E2DF7545-FC1D-4BA9-B92A-DFC369F3FF89/data/Containers/Bundle/Application/C720523B-9F96-48CE-8DE5-7828444957C4/RayforgeApp.app/python/lib/python3.13/site-packages/OpenGL/platform/baseplatform.py", line 108, in install
2026-07-04 13:15:06.968993+0000 0x2d56b    Default     0x0                  76847  0    rayforge-app: (Python)     namespace[name] = getattr(self, name, None)
2026-07-04 13:15:06.969048+0000 0x2d56b    Default     0x0                  76847  0    rayforge-app: (Python)                       ~~~~~~~^^^^^^^^^^^^^^^^^^
2026-07-04 13:15:06.969100+0000 0x2d56b    Default     0x0                  76847  0    rayforge-app: (Python)   File "/Users/runner/Library/Developer/CoreSimulator/Devices/E2DF7545-FC1D-4BA9-B92A-DFC369F3FF89/data/Containers/Bundle/Application/C720523B-9F96-48CE-8DE5-7828444957C4/RayforgeApp.app/python/lib/python3.13/site-packages/OpenGL/platform/baseplatform.py", line 19, in __get__
2026-07-04 13:15:06.969151+0000 0x2d56b    Default     0x0                  76847  0    rayforge-app: (Python)     value = self.fget(obj)
2026-07-04 13:15:06.969205+0000 0x2d56b    Default     0x0                  76847  0    rayforge-app: (Python)   File "/Users/runner/Library/Developer/CoreSimulator/Devices/E2DF7545-FC1D-4BA9-B92A-DFC369F3FF89/data/Containers/Bundle/Application/C720523B-9F96-48CE-8DE5-7828444957C4/RayforgeApp.app/python/lib/python3.13/site-packages/OpenGL/platform/glx.py", line 104, in GetCurrentContext
2026-07-04 13:15:06.969257+0000 0x2d56b    Default     0x0                  76847  0    rayforge-app: (Python)     glXGetCurrentContext = self.GLX.glXGetCurrentContext
2026-07-04 13:15:06.969307+0000 0x2d56b    Default     0x0                  76847  0    rayforge-app: (Python)                            ^^^^^^^^
2026-07-04 13:15:06.969363+0000 0x2d56b    Default     0x0                  76847  0    rayforge-app: (Python)   File "/Users/runner/Library/Developer/CoreSimulator/Devices/E2DF7545-FC1D-4BA9-B92A-DFC369F3FF89/data/Containers/Bundle/Application/C720523B-9F96-48CE-8DE5-7828444957C4/RayforgeApp.app/python/lib/python3.13/site-packages/OpenGL/platform/baseplatform.py", line 19, in __get__
2026-07-04 13:15:06.969415+0000 0x2d56b    Default     0x0                  76847  0    rayforge-app: (Python)     value = self.fget(obj)
2026-07-04 13:15:06.969466+0000 0x2d56b    Default     0x0                  76847  0    rayforge-app: (Python)   File "/Users/runner/Library/Developer/CoreSimulator/Devices/E2DF7545-FC1D-4BA9-B92A-DFC369F3FF89/data/Containers/Bundle/Application/C720523B-9F96-48CE-8DE5-7828444957C4/RayforgeApp.app/python/lib/python3.13/site-packages/OpenGL/platform/glx.py", line 52, in GLX
2026-07-04 13:15:06.969520+0000 0x2d56b    Default     0x0                  76847  0    rayforge-app: (Python)     return self.GL
2026-07-04 13:15:06.969570+0000 0x2d56b    Default     0x0                  76847  0    rayforge-app: (Python)            ^^^^^^^
2026-07-04 13:15:06.969625+0000 0x2d56b    Default     0x0                  76847  0    rayforge-app: (Python)   File "/Users/runner/Library/Developer/CoreSimulator/Devices/E2DF7545-FC1D-4BA9-B92A-DFC369F3FF89/data/Containers/Bundle/Application/C720523B-9F96-48CE-8DE5-7828444957C4/RayforgeApp.app/python/lib/python3.13/site-packages/OpenGL/platform/baseplatform.py", line 19, in __get__
2026-07-04 13:15:06.969676+0000 0x2d56b    Default     0x0                  76847  0    rayforge-app: (Python)     value = self.fget(obj)
2026-07-04 13:15:06.969727+0000 0x2d56b    Default     0x0                  76847  0    rayforge-app: (Python)   File "/Users/runner/Library/Developer/CoreSimulator/Devices/E2DF7545-FC1D-4BA9-B92A-DFC369F3FF89/data/Containers/Bundle/Application/C720523B-9F96-48CE-8DE5-7828444957C4/RayforgeApp.app/python/lib/python3.13/site-packages/OpenGL/platform/glx.py", line 24, in GL
2026-07-04 13:15:06.969783+0000 0x2d56b    Default     0x0                  76847  0    rayforge-app: (Python)     raise ImportError("Unable to load OpenGL or GL library")
2026-07-04 13:15:06.969836+0000 0x2d56b    Default     0x0                  76847  0    rayforge-app: (Python) ImportError: Unable to load OpenGL or GL library
2026-07-04 13:15:07.405912+0000 0x2d56b    Default     0x0                  76847  0    rayforge-app: (Python) 2026-07-04 13:15:07,405 - rayforge.addon_mgr.addon_manager - INFO - Scanning for addons in /Users/runner/Library/Developer/CoreSimulator/Devices/E2DF7545-FC1D-4BA9-B92A-DFC369F3FF89/data/Containers/Bundle/Application/C720523B-9F96-48CE-8DE5-7828444957C4/RayforgeApp.app/python/lib/python3.13/site-packages/rayforge/builtin_addons...
2026-07-04 13:15:07.413128+0000 0x2d56b    Default     0x0                  76847  0    rayforge-app: (Python) 2026-07-04 13:15:07,412 - rayforge.addon_mgr.addon_manager - INFO - Loaded addon: core_materials (builtin)
2026-07-04 13:15:07.941103+0000 0x2d56b    Default     0x0                  76847  0    rayforge-app: (Python) 2026-07-04 13:15:07,940 - rayforge.addon_mgr.lazy_loader - WARNING - Manifest not ready, giving up
2026-07-04 13:15:08.456607+0000 0x2d56b    Default     0x0                  76847  0    rayforge-app: (Python) 2026-07-04 13:15:08,456 - rayforge.addon_mgr.lazy_loader - WARNING - Manifest not ready, giving up
2026-07-04 13:15:08.996851+0000 0x2d56b    Default     0x0                  76847  0    rayforge-app: (Python) 2026-07-04 13:15:08,996 - rayforge.addon_mgr.lazy_loader - WARNING - Manifest not ready, giving up
2026-07-04 13:15:09.515268+0000 0x2d56b    Default     0x0                  76847  0    rayforge-app: (Python) 2026-07-04 13:15:09,514 - rayforge.addon_mgr.lazy_loader - WARNING - Manifest not ready, giving up
2026-07-04 13:15:10.880359+0000 0x2d56b    Default     0x0                  76847  0    rayforge-app: (Python) 2026-07-04 13:15:10,880 - rayforge.addon_mgr.lazy_loader - WARNING - Manifest not ready, giving up
2026-07-04 13:15:11.395093+0000 0x2d56b    Default     0x0                  76847  0    rayforge-app: (Python) 2026-07-04 13:15:11,394 - rayforge.addon_mgr.lazy_loader - WARNING - Manifest not ready, giving up
2026-07-04 13:15:11.918927+0000 0x2d56b    Default     0x0                  76847  0    rayforge-app: (Python) 2026-07-04 13:15:11,918 - rayforge.addon_mgr.lazy_loader - WARNING - Manifest not ready, giving up
2026-07-04 13:15:12.437708+0000 0x2d56b    Default     0x0                  76847  0    rayforge-app: (Python) 2026-07-04 13:15:12,437 - rayforge.addon_mgr.lazy_loader - WARNING - Manifest not ready, giving up
2026-07-04 13:15:12.953770+0000 0x2d56b    Default     0x0                  76847  0    rayforge-app: (Python) 2026-07-04 13:15:12,953 - rayforge.addon_mgr.lazy_loader - WARNING - Manifest not ready, giving up
2026-07-04 13:15:13.475692+0000 0x2d56b    Default     0x0                  76847  0    rayforge-app: (Python) 2026-07-04 13:15:13,475 - rayforge.addon_mgr.lazy_loader - WARNING - Manifest not ready, giving up
2026-07-04 13:15:13.996167+0000 0x2d56b    Default     0x0                  76847  0    rayforge-app: (Python) 2026-07-04 13:15:13,995 - rayforge.addon_mgr.lazy_loader - WARNING - Manifest not ready, giving up
2026-07-04 13:15:14.516438+0000 0x2d56b    Default     0x0                  76847  0    rayforge-app: (Python) 2026-07-04 13:15:14,516 - rayforge.addon_mgr.lazy_loader - WARNING - Manifest not ready, giving up
2026-07-04 13:15:15.035998+0000 0x2d56b    Default     0x0                  76847  0    rayforge-app: (Python) 2026-07-04 13:15:15,035 - rayforge.addon_mgr.lazy_loader - WARNING - Manifest not ready, giving up
2026-07-04 13:15:15.556933+0000 0x2d56b    Default     0x0                  76847  0    rayforge-app: (Python) 2026-07-04 13:15:15,556 - rayforge.addon_mgr.lazy_loader - WARNING - Manifest not ready, giving up
2026-07-04 13:15:16.088601+0000 0x2d56b    Default     0x0                  76847  0    rayforge-app: (Python) 2026-07-04 13:15:16,088 - rayforge.addon_mgr.lazy_loader - WARNING - Manifest not ready, giving up
2026-07-04 13:15:16.615194+0000 0x2d56b    Default     0x0                  76847  0    rayforge-app: (Python) 2026-07-04 13:15:16,614 - rayforge.addon_mgr.lazy_loader - WARNING - Manifest not ready, giving up
2026-07-04 13:15:17.137791+0000 0x2d56b    Default     0x0                  76847  0    rayforge-app: (Python) 2026-07-04 13:15:17,137 - rayforge.addon_mgr.lazy_loader - WARNING - Manifest not ready, giving up
2026-07-04 13:15:17.663166+0000 0x2d56b    Default     0x0                  76847  0    rayforge-app: (Python) 2026-07-04 13:15:17,662 - rayforge.addon_mgr.lazy_loader - WARNING - Manifest not ready, giving up
2026-07-04 13:15:18.186684+0000 0x2d56b    Default     0x0                  76847  0    rayforge-app: (Python) 2026-07-04 13:15:18,186 - rayforge.addon_mgr.lazy_loader - WARNING - Manifest not ready, giving up
2026-07-04 13:15:18.715941+0000 0x2d56b    Default     0x0                  76847  0    rayforge-app: (Python) 2026-07-04 13:15:18,715 - rayforge.addon_mgr.lazy_loader - WARNING - Manifest not ready, giving up
2026-07-04 13:15:19.238447+0000 0x2d56b    Default     0x0                  76847  0    rayforge-app: (Python) 2026-07-04 13:15:19,238 - rayforge.addon_mgr.lazy_loader - WARNING - Manifest not ready, giving up
2026-07-04 13:15:19.761114+0000 0x2d56b    Default     0x0                  76847  0    rayforge-app: (Python) 2026-07-04 13:15:19,760 - rayforge.addon_mgr.lazy_loader - WARNING - Manifest not ready, giving up
2026-07-04 13:15:20.282092+0000 0x2d56b    Default     0x0                  76847  0    rayforge-app: (Python) 2026-07-04 13:15:20,281 - rayforge.addon_mgr.lazy_loader - WARNING - Manifest not ready, giving up
2026-07-04 13:15:20.801452+0000 0x2d56b    Default     0x0                  76847  0    rayforge-app: (Python) 2026-07-04 13:15:20,801 - rayforge.addon_mgr.lazy_loader - WARNING - Manifest not ready, giving up
2026-07-04 13:15:21.324939+0000 0x2d56b    Default     0x0                  76847  0    rayforge-app: (Python) 2026-07-04 13:15:21,324 - rayforge.addon_mgr.lazy_loader - WARNING - Manifest not ready, giving up
2026-07-04 13:15:21.848194+0000 0x2d56b    Default     0x0                  76847  0    rayforge-app: (Python) 2026-07-04 13:15:21,847 - rayforge.addon_mgr.lazy_loader - WARNING - Manifest not ready, giving up
2026-07-04 13:15:22.370068+0000 0x2d56b    Default     0x0                  76847  0    rayforge-app: (Python) 2026-07-04 13:15:22,369 - rayforge.addon_mgr.lazy_loader - WARNING - Manifest not ready, giving up
2026-07-04 13:15:22.891783+0000 0x2d56b    Default     0x0                  76847  0    rayforge-app: (Python) 2026-07-04 13:15:22,891 - rayforge.addon_mgr.lazy_loader - WARNING - Manifest not ready, giving up
2026-07-04 13:15:23.414492+0000 0x2d56b    Default     0x0                  76847  0    rayforge-app: (Python) 2026-07-04 13:15:23,414 - rayforge.addon_mgr.lazy_loader - WARNING - Manifest not ready, giving up
2026-07-04 13:15:23.935583+0000 0x2d56b    Default     0x0                  76847  0    rayforge-app: (Python) 2026-07-04 13:15:23,935 - rayforge.addon_mgr.lazy_loader - WARNING - Manifest not ready, giving up
2026-07-04 13:15:24.461467+0000 0x2d56b    Default     0x0                  76847  0    rayforge-app: (Python) 2026-07-04 13:15:24,461 - rayforge.addon_mgr.lazy_loader - WARNING - Manifest not ready, giving up
2026-07-04 13:15:24.982415+0000 0x2d56b    Default     0x0                  76847  0    rayforge-app: (Python) 2026-07-04 13:15:24,981 - rayforge.addon_mgr.lazy_loader - WARNING - Manifest not ready, giving up
2026-07-04 13:15:25.506072+0000 0x2d56b    Default     0x0                  76847  0    rayforge-app: (Python) 2026-07-04 13:15:25,505 - rayforge.addon_mgr.lazy_loader - WARNING - Manifest not ready, giving up
2026-07-04 13:15:26.031929+0000 0x2d56b    Default     0x0                  76847  0    rayforge-app: (Python) 2026-07-04 13:15:26,031 - rayforge.addon_mgr.lazy_loader - WARNING - Manifest not ready, giving up
2026-07-04 13:15:26.037396+0000 0x2d56b    Default     0x0                  76847  0    rayforge-app: (Python) 2026-07-04 13:15:26,037 - rayforge.addon_mgr.addon_manager - ERROR - Error importing addon sketcher: No module named 'scipy.linalg'
2026-07-04 13:15:26.053115+0000 0x2d56b    Default     0x0                  76847  0    rayforge-app: (Python) 2026-07-04 13:15:26,052 - rayforge.addon_mgr.addon_manager - INFO - Loaded addon: sketcher (builtin)
2026-07-04 13:15:26.583331+0000 0x2d56b    Default     0x0                  76847  0    rayforge-app: (Python) 2026-07-04 13:15:26,583 - rayforge.addon_mgr.lazy_loader - WARNING - Manifest not ready, giving up
2026-07-04 13:15:27.101475+0000 0x2d56b    Default     0x0                  76847  0    rayforge-app: (Python) 2026-07-04 13:15:27,101 - rayforge.addon_mgr.lazy_loader - WARNING - Manifest not ready, giving up
2026-07-04 13:15:27.620192+0000 0x2d56b    Default     0x0                  76847  0    rayforge-app: (Python) 2026-07-04 13:15:27,619 - rayforge.addon_mgr.lazy_loader - WARNING - Manifest not ready, giving up
2026-07-04 13:15:28.141241+0000 0x2d56b    Default     0x0                  76847  0    rayforge-app: (Python) 2026-07-04 13:15:28,140 - rayforge.addon_mgr.lazy_loader - WARNING - Manifest not ready, giving up
2026-07-04 13:15:28.661586+0000 0x2d56b    Default     0x0                  76847  0    rayforge-app: (Python) 2026-07-04 13:15:28,661 - rayforge.addon_mgr.lazy_loader - WARNING - Manifest not ready, giving up
2026-07-04 13:15:29.186166+0000 0x2d56b    Default     0x0                  76847  0    rayforge-app: (Python) 2026-07-04 13:15:29,185 - rayforge.addon_mgr.lazy_loader - WARNING - Manifest not ready, giving up
2026-07-04 13:15:29.710003+0000 0x2d56b    Default     0x0                  76847  0    rayforge-app: (Python) 2026-07-04 13:15:29,709 - rayforge.addon_mgr.lazy_loader - WARNING - Manifest not ready, giving up
2026-07-04 13:15:30.227970+0000 0x2d56b    Default     0x0                  76847  0    rayforge-app: (Python) 2026-07-04 13:15:30,227 - rayforge.addon_mgr.lazy_loader - WARNING - Manifest not ready, giving up
2026-07-04 13:15:30.744648+0000 0x2d56b    Default     0x0                  76847  0    rayforge-app: (Python) 2026-07-04 13:15:30,744 - rayforge.addon_mgr.lazy_loader - WARNING - Manifest not ready, giving up
2026-07-04 13:15:31.259936+0000 0x2d56b    Default     0x0                  76847  0    rayforge-app: (Python) 2026-07-04 13:15:31,259 - rayforge.addon_mgr.lazy_loader - WARNING - Manifest not ready, giving up
2026-07-04 13:15:31.773450+0000 0x2d56b    Default     0x0                  76847  0    rayforge-app: (Python) 2026-07-04 13:15:31,773 - rayforge.addon_mgr.lazy_loader - WARNING - Manifest not ready, giving up
2026-07-04 13:15:32.290040+0000 0x2d56b    Default     0x0                  76847  0    rayforge-app: (Python) 2026-07-04 13:15:32,289 - rayforge.addon_mgr.lazy_loader - WARNING - Manifest not ready, giving up
2026-07-04 13:15:32.806601+0000 0x2d56b    Default     0x0                  76847  0    rayforge-app: (Python) 2026-07-04 13:15:32,806 - rayforge.addon_mgr.lazy_loader - WARNING - Manifest not ready, giving up
2026-07-04 13:15:33.322859+0000 0x2d56b    Default     0x0                  76847  0    rayforge-app: (Python) 2026-07-04 13:15:33,322 - rayforge.addon_mgr.lazy_loader - WARNING - Manifest not ready, giving up
2026-07-04 13:15:33.836583+0000 0x2d56b    Default     0x0                  76847  0    rayforge-app: (Python) 2026-07-04 13:15:33,836 - rayforge.addon_mgr.lazy_loader - WARNING - Manifest not ready, giving up
2026-07-04 13:15:34.358498+0000 0x2d56b    Default     0x0                  76847  0    rayforge-app: (Python) 2026-07-04 13:15:34,357 - rayforge.addon_mgr.lazy_loader - WARNING - Manifest not ready, giving up
2026-07-04 13:15:34.882821+0000 0x2d56b    Default     0x0                  76847  0    rayforge-app: (Python) 2026-07-04 13:15:34,882 - rayforge.addon_mgr.lazy_loader - WARNING - Manifest not ready, giving up
2026-07-04 13:15:35.402427+0000 0x2d56b    Default     0x0                  76847  0    rayforge-app: (Python) 2026-07-04 13:15:35,402 - rayforge.addon_mgr.lazy_loader - WARNING - Manifest not ready, giving up
2026-07-04 13:15:35.935692+0000 0x2d56b    Default     0x0                  76847  0    rayforge-app: (Python) 2026-07-04 13:15:35,935 - rayforge.addon_mgr.lazy_loader - WARNING - Manifest not ready, giving up
2026-07-04 13:15:36.461821+0000 0x2d56b    Default     0x0                  76847  0    rayforge-app: (Python) 2026-07-04 13:15:36,461 - rayforge.addon_mgr.lazy_loader - WARNING - Manifest not ready, giving up
2026-07-04 13:15:36.985107+0000 0x2d56b    Default     0x0                  76847  0    rayforge-app: (Python) 2026-07-04 13:15:36,984 - rayforge.addon_mgr.lazy_loader - WARNING - Manifest not ready, giving up
2026-07-04 13:15:37.511463+0000 0x2d56b    Default     0x0                  76847  0    rayforge-app: (Python) 2026-07-04 13:15:37,511 - rayforge.addon_mgr.lazy_loader - WARNING - Manifest not ready, giving up
2026-07-04 13:15:38.044750+0000 0x2d56b    Default     0x0                  76847  0    rayforge-app: (Python) 2026-07-04 13:15:38,044 - rayforge.addon_mgr.lazy_loader - WARNING - Manifest not ready, giving up
2026-07-04 13:15:38.049671+0000 0x2d56b    Default     0x0                  76847  0    rayforge-app: (Python) 2026-07-04 13:15:38,049 - rayforge.addon_mgr.addon_manager - INFO - Loaded addon: laser_essentials (builtin)
2026-07-04 13:15:38.055858+0000 0x2d56b    Default     0x0                  76847  0    rayforge-app: (Python) 2026-07-04 13:15:38,055 - rayforge.addon_mgr.addon_manager - INFO - Loaded addon: print_and_cut (builtin)
2026-07-04 13:15:38.578289+0000 0x2d56b    Default     0x0                  76847  0    rayforge-app: (Python) 2026-07-04 13:15:38,578 - rayforge.addon_mgr.lazy_loader - WARNING - Manifest not ready, giving up
2026-07-04 13:15:39.102702+0000 0x2d56b    Default     0x0                  76847  0    rayforge-app: (Python) 2026-07-04 13:15:39,101 - rayforge.addon_mgr.lazy_loader - WARNING - Manifest not ready, giving up
2026-07-04 13:15:39.630951+0000 0x2d56b    Default     0x0                  76847  0    rayforge-app: (Python) 2026-07-04 13:15:39,630 - rayforge.addon_mgr.lazy_loader - WARNING - Manifest not ready, giving up
2026-07-04 13:15:40.150554+0000 0x2d56b    Default     0x0                  76847  0    rayforge-app: (Python) 2026-07-04 13:15:40,150 - rayforge.addon_mgr.lazy_loader - WARNING - Manifest not ready, giving up
2026-07-04 13:15:40.672499+0000 0x2d56b    Default     0x0                  76847  0    rayforge-app: (Python) 2026-07-04 13:15:40,671 - rayforge.addon_mgr.lazy_loader - WARNING - Manifest not ready, giving up
2026-07-04 13:15:41.196672+0000 0x2d56b    Default     0x0                  76847  0    rayforge-app: (Python) 2026-07-04 13:15:41,196 - rayforge.addon_mgr.lazy_loader - WARNING - Manifest not ready, giving up
2026-07-04 13:15:41.719493+0000 0x2d56b    Default     0x0                  76847  0    rayforge-app: (Python) 2026-07-04 13:15:41,719 - rayforge.addon_mgr.lazy_loader - WARNING - Manifest not ready, giving up
2026-07-04 13:15:42.241064+0000 0x2d56b    Default     0x0                  76847  0    rayforge-app: (Python) 2026-07-04 13:15:42,240 - rayforge.addon_mgr.lazy_loader - WARNING - Manifest not ready, giving up
2026-07-04 13:15:42.765931+0000 0x2d56b    Default     0x0                  76847  0    rayforge-app: (Python) 2026-07-04 13:15:42,765 - rayforge.addon_mgr.lazy_loader - WARNING - Manifest not ready, giving up
2026-07-04 13:15:43.294225+0000 0x2d56b    Default     0x0                  76847  0    rayforge-app: (Python) 2026-07-04 13:15:43,294 - rayforge.addon_mgr.lazy_loader - WARNING - Manifest not ready, giving up
2026-07-04 13:15:43.815625+0000 0x2d56b    Default     0x0                  76847  0    rayforge-app: (Python) 2026-07-04 13:15:43,815 - rayforge.addon_mgr.lazy_loader - WARNING - Manifest not ready, giving up
2026-07-04 13:15:44.336421+0000 0x2d56b    Default     0x0                  76847  0    rayforge-app: (Python) 2026-07-04 13:15:44,336 - rayforge.addon_mgr.lazy_loader - WARNING - Manifest not ready, giving up
2026-07-04 13:15:44.855409+0000 0x2d56b    Default     0x0                  76847  0    rayforge-app: (Python) 2026-07-04 13:15:44,855 - rayforge.addon_mgr.lazy_loader - WARNING - Manifest not ready, giving up
2026-07-04 13:15:45.368819+0000 0x2d56b    Default     0x0                  76847  0    rayforge-app: (Python) 2026-07-04 13:15:45,368 - rayforge.addon_mgr.lazy_loader - WARNING - Manifest not ready, giving up
2026-07-04 13:15:45.885214+0000 0x2d56b    Default     0x0                  76847  0    rayforge-app: (Python) 2026-07-04 13:15:45,884 - rayforge.addon_mgr.lazy_loader - WARNING - Manifest not ready, giving up
2026-07-04 13:15:46.405061+0000 0x2d56b    Default     0x0                  76847  0    rayforge-app: (Python) 2026-07-04 13:15:46,404 - rayforge.addon_mgr.lazy_loader - WARNING - Manifest not ready, giving up
2026-07-04 13:15:46.924958+0000 0x2d56b    Default     0x0                  76847  0    rayforge-app: (Python) 2026-07-04 13:15:46,924 - rayforge.addon_mgr.lazy_loader - WARNING - Manifest not ready, giving up
2026-07-04 13:15:46.927904+0000 0x2d56b    Default     0x0                  76847  0    rayforge-app: (Python) 2026-07-04 13:15:46,927 - rayforge.addon_mgr.addon_manager - INFO - Loaded addon: post_processors (builtin)
2026-07-04 13:15:47.446070+0000 0x2d56b    Default     0x0                  76847  0    rayforge-app: (Python) 2026-07-04 13:15:47,445 - rayforge.addon_mgr.lazy_loader - WARNING - Manifest not ready, giving up
2026-07-04 13:15:47.968142+0000 0x2d56b    Default     0x0                  76847  0    rayforge-app: (Python) 2026-07-04 13:15:47,967 - rayforge.addon_mgr.lazy_loader - WARNING - Manifest not ready, giving up
2026-07-04 13:15:48.512912+0000 0x2d56b    Default     0x0                  76847  0    rayforge-app: (Python) 2026-07-04 13:15:48,512 - rayforge.addon_mgr.lazy_loader - WARNING - Manifest not ready, giving up
2026-07-04 13:15:49.032609+0000 0x2d56b    Default     0x0                  76847  0    rayforge-app: (Python) 2026-07-04 13:15:49,032 - rayforge.addon_mgr.lazy_loader - WARNING - Manifest not ready, giving up
2026-07-04 13:15:49.038363+0000 0x2d56b    Default     0x0                  76847  0    rayforge-app: (Python) 2026-07-04 13:15:49,038 - rayforge.addon_mgr.addon_manager - INFO - Loaded addon: ai_workpiece_generator (builtin)
2026-07-04 13:15:49.592562+0000 0x2d56b    Default     0x0                  76847  0    rayforge-app: (Python) 2026-07-04 13:15:49,592 - rayforge.addon_mgr.lazy_loader - WARNING - Manifest not ready, giving up
2026-07-04 13:15:50.115537+0000 0x2d56b    Default     0x0                  76847  0    rayforge-app: (Python) 2026-07-04 13:15:50,115 - rayforge.addon_mgr.lazy_loader - WARNING - Manifest not ready, giving up
2026-07-04 13:15:50.773410+0000 0x2d56b    Default     0x0                  76847  0    rayforge-app: (Python) 2026-07-04 13:15:50,773 - rayforge.addon_mgr.lazy_loader - WARNING - Manifest not ready, giving up
2026-07-04 13:15:51.296183+0000 0x2d56b    Default     0x0                  76847  0    rayforge-app: (Python) 2026-07-04 13:15:51,295 - rayforge.addon_mgr.lazy_loader - WARNING - Manifest not ready, giving up
2026-07-04 13:15:51.830141+0000 0x2d56b    Default     0x0                  76847  0    rayforge-app: (Python) 2026-07-04 13:15:51,829 - rayforge.addon_mgr.lazy_loader - WARNING - Manifest not ready, giving up
2026-07-04 13:15:52.349374+0000 0x2d56b    Default     0x0                  76847  0    rayforge-app: (Python) 2026-07-04 13:15:52,348 - rayforge.addon_mgr.lazy_loader - WARNING - Manifest not ready, giving up
