++ xcrun simctl list runtimes
++ awk '/iOS/{id=$NF} END{print id}'
+ RUNTIME=com.apple.CoreSimulator.SimRuntime.iOS-26-2
++ xcrun simctl create rayforge-test com.apple.CoreSimulator.SimDeviceType.iPad-Pro-13-inch-M4-8GB com.apple.CoreSimulator.SimRuntime.iOS-26-2
+ UDID=3FE40828-1559-4700-AD86-37F6F937D08F
+ test -n 3FE40828-1559-4700-AD86-37F6F937D08F
+ echo UDID=3FE40828-1559-4700-AD86-37F6F937D08F
UDID=3FE40828-1559-4700-AD86-37F6F937D08F
+ xcrun simctl boot 3FE40828-1559-4700-AD86-37F6F937D08F
+ xcrun simctl bootstatus 3FE40828-1559-4700-AD86-37F6F937D08F -b
Monitoring boot status for rayforge-test (3FE40828-1559-4700-AD86-37F6F937D08F).
[2026-07-04 11:45:05 +0000] Status=2, isTerminal=NO, Elapsed=00:29.
	Waiting on Data Migration
		Reason:Running plugin com.apple.-0LaunchServicesMigrator (00LaunchServicesMigrator.migrator, user-agnostic)
		Migration Elapsed:00:24 seconds

[2026-07-04 11:45:06 +0000] Status=2, isTerminal=NO, Elapsed=00:30.
	Waiting on Data Migration
		Reason:Running plugin com.apple.-0LaunchServicesMigrator (00LaunchServicesMigrator.migrator, user-agnostic)
		Migration Elapsed:00:25 seconds

[2026-07-04 11:45:07 +0000] Status=2, isTerminal=NO, Elapsed=00:31.
	Waiting on Data Migration
		Reason:Running plugin com.apple.-0LaunchServicesMigrator (00LaunchServicesMigrator.migrator, user-agnostic)
		Migration Elapsed:00:26 seconds

[2026-07-04 11:45:08 +0000] Status=2, isTerminal=NO, Elapsed=00:32.
	Waiting on Data Migration
		Reason:Running plugin com.apple.-0LaunchServicesMigrator (00LaunchServicesMigrator.migrator, user-agnostic)
		Migration Elapsed:00:27 seconds

[2026-07-04 11:45:09 +0000] Status=2, isTerminal=NO, Elapsed=00:33.
	Waiting on Data Migration
		Reason:Running plugin com.apple.-0LaunchServicesMigrator (00LaunchServicesMigrator.migrator, user-agnostic)
		Migration Elapsed:00:28 seconds

[2026-07-04 11:45:10 +0000] Status=2, isTerminal=NO, Elapsed=00:34.
	Waiting on Data Migration
		Reason:Running plugin com.apple.-0LaunchServicesMigrator (00LaunchServicesMigrator.migrator, user-agnostic)
		Migration Elapsed:00:29 seconds

[2026-07-04 11:45:11 +0000] Status=2, isTerminal=NO, Elapsed=00:35.
	Waiting on Data Migration
		Reason:Running plugin com.apple.-0LaunchServicesMigrator (00LaunchServicesMigrator.migrator, user-agnostic)
		Migration Elapsed:00:30 seconds

[2026-07-04 11:45:12 +0000] Status=2, isTerminal=NO, Elapsed=00:36.
	Waiting on Data Migration
		Reason:Running plugin com.apple.-0LaunchServicesMigrator (00LaunchServicesMigrator.migrator, user-agnostic)
		Migration Elapsed:00:31 seconds

[2026-07-04 11:45:13 +0000] Status=2, isTerminal=NO, Elapsed=00:37.
	Waiting on Data Migration
		Reason:Running plugin com.apple.-0LaunchServicesMigrator (00LaunchServicesMigrator.migrator, user-agnostic)
		Migration Elapsed:00:32 seconds

[2026-07-04 11:45:14 +0000] Status=2, isTerminal=NO, Elapsed=00:38.
	Waiting on Data Migration
		Reason:Running plugin com.apple.-0LaunchServicesMigrator (00LaunchServicesMigrator.migrator, user-agnostic)
		Migration Elapsed:00:33 seconds

[2026-07-04 11:45:18 +0000] Status=2, isTerminal=NO, Elapsed=00:42.
	Waiting on Data Migration
		Reason:Running plugin com.apple.-0LaunchServicesMigrator (00LaunchServicesMigrator.migrator, user-agnostic)
		Migration Elapsed:00:34 seconds

[2026-07-04 11:45:20 +0000] Status=2, isTerminal=NO, Elapsed=00:44.
	Waiting on Data Migration
		Reason:Running plugin com.apple.locationd.migrator (CoreLocationMigrator.migrator) (Concurrent: Running plugin com.apple.MobileSlideShow (MobileSlideShow.migrator, concurrent after com.apple.accounts.migrator))
		Migration Elapsed:00:37 seconds

[2026-07-04 11:45:21 +0000] Status=4, isTerminal=NO, Elapsed=00:45.
	Waiting on System App

[2026-07-04 11:45:22 +0000] Status=4, isTerminal=NO, Elapsed=00:46.
	Waiting on System App

[2026-07-04 11:45:22 +0000] Status=4, isTerminal=NO, Elapsed=00:46.
	Waiting on System App

[2026-07-04 11:45:24 +0000] Status=4, isTerminal=NO, Elapsed=00:47.
	Waiting on System App

[2026-07-04 11:45:25 +0000] Status=4, isTerminal=NO, Elapsed=00:49.
	Waiting on System App

[2026-07-04 11:45:26 +0000] Status=4, isTerminal=NO, Elapsed=00:50.
	Waiting on System App

[2026-07-04 11:45:26 +0000] Status=4, isTerminal=NO, Elapsed=00:50.
	Waiting on System App

[2026-07-04 11:45:27 +0000] Status=4, isTerminal=NO, Elapsed=00:51.
	Waiting on System App

[2026-07-04 11:45:31 +0000] Status=4294967295, isTerminal=YES, Elapsed=00:55.
	Finished

+ xcrun simctl install 3FE40828-1559-4700-AD86-37F6F937D08F RayforgeApp.app
++ xcrun simctl get_app_container 3FE40828-1559-4700-AD86-37F6F937D08F org.rayforge.app
+ APP_CONTAINER=/Users/runner/Library/Developer/CoreSimulator/Devices/3FE40828-1559-4700-AD86-37F6F937D08F/data/Containers/Bundle/Application/37C3A240-2873-4AB2-B921-96574B7E70E0/RayforgeApp.app
+ echo 'app container: /Users/runner/Library/Developer/CoreSimulator/Devices/3FE40828-1559-4700-AD86-37F6F937D08F/data/Containers/Bundle/Application/37C3A240-2873-4AB2-B921-96574B7E70E0/RayforgeApp.app'
app container: /Users/runner/Library/Developer/CoreSimulator/Devices/3FE40828-1559-4700-AD86-37F6F937D08F/data/Containers/Bundle/Application/37C3A240-2873-4AB2-B921-96574B7E70E0/RayforgeApp.app
+ FW_DIR=/Users/runner/Library/Developer/CoreSimulator/Devices/3FE40828-1559-4700-AD86-37F6F937D08F/data/Containers/Bundle/Application/37C3A240-2873-4AB2-B921-96574B7E70E0/RayforgeApp.app/Frameworks
+ LAUNCH_OUT=/Users/runner/work/Rayforge-iOS-ipa/Rayforge-iOS-ipa/app-console.log
+ xcrun simctl launch --stdout=/Users/runner/work/Rayforge-iOS-ipa/Rayforge-iOS-ipa/app-console.log --stderr=/Users/runner/work/Rayforge-iOS-ipa/Rayforge-iOS-ipa/app-console.log 3FE40828-1559-4700-AD86-37F6F937D08F org.rayforge.app SIMCTL_CHILD_DYLD_LIBRARY_PATH=/Users/runner/Library/Developer/CoreSimulator/Devices/3FE40828-1559-4700-AD86-37F6F937D08F/data/Containers/Bundle/Application/37C3A240-2873-4AB2-B921-96574B7E70E0/RayforgeApp.app/Frameworks SIMCTL_CHILD_DYLD_FALLBACK_LIBRARY_PATH=/Users/runner/Library/Developer/CoreSimulator/Devices/3FE40828-1559-4700-AD86-37F6F937D08F/data/Containers/Bundle/Application/37C3A240-2873-4AB2-B921-96574B7E70E0/RayforgeApp.app/Frameworks SIMCTL_CHILD_G_MESSAGES_DEBUG=all
+ tee launch-cmd.log
org.rayforge.app: 26100
+ sleep 45
+ APP_ALIVE=1
+ xcrun simctl spawn 3FE40828-1559-4700-AD86-37F6F937D08F launchctl list
+ grep -q org.rayforge.app
+ echo 'app alive: 1'
app alive: 1
+ xcrun simctl io 3FE40828-1559-4700-AD86-37F6F937D08F screenshot simulator-screenshot.png
Detected file type 'PNG' from extension
Wrote screenshot to: simulator-screenshot.png
+ ls -la simulator-screenshot.png
-rw-r--r--@ 1 runner  staff  144675 Jul  4 11:47 simulator-screenshot.png
+ xcrun simctl spawn 3FE40828-1559-4700-AD86-37F6F937D08F log show --last 5m --predicate 'process == "rayforge-app"'
+ mkdir -p crash-reports
+ find /Users/runner/Library/Logs/DiagnosticReports -name '*rayforge*' -newer RayforgeApp.app/Info.plist -exec cp '{}' crash-reports/ ';'
+ for c in 'crash-reports/*'
+ '[' -f 'crash-reports/*' ']'
+ continue
+ xcrun simctl shutdown 3FE40828-1559-4700-AD86-37F6F937D08F
+ echo '===== app console ====='
===== app console =====
+ cat app-console.log
Gdk-Message: 11:46:51.493: gdk-ios: bundle resources at /Users/runner/Library/Developer/CoreSimulator/Devices/3FE40828-1559-4700-AD86-37F6F937D08F/data/Containers/Bundle/Application/37C3A240-2873-4AB2-B921-96574B7E70E0/RayforgeApp.app
** Message: 11:46:51.945: GI_TYPELIB_PATH: /Users/runner/Library/Developer/CoreSimulator/Devices/3FE40828-1559-4700-AD86-37F6F937D08F/data/Containers/Bundle/Application/37C3A240-2873-4AB2-B921-96574B7E70E0/RayforgeApp.app/lib/girepository-1.0
** Message: 11:46:51.945: python home: /Users/runner/Library/Developer/CoreSimulator/Devices/3FE40828-1559-4700-AD86-37F6F937D08F/data/Containers/Bundle/Application/37C3A240-2873-4AB2-B921-96574B7E70E0/RayforgeApp.app/python
** Message: 11:46:51.945: site-packages: /Users/runner/Library/Developer/CoreSimulator/Devices/3FE40828-1559-4700-AD86-37F6F937D08F/data/Containers/Bundle/Application/37C3A240-2873-4AB2-B921-96574B7E70E0/RayforgeApp.app/python/lib/python3.13/site-packages
Fontconfig warning: using without calling FcInit()
** Message: 11:46:53.702: pygobject self-test UI presented
+ echo '===== app syslog (first 120) ====='
===== app syslog (first 120) =====
+ head -120 app-syslog.log
getpwuid_r did not find a match for uid 501
Timestamp                       Thread     Type        Activity             PID    TTL  
2026-07-04 11:46:51.485125+0000 0x122bf    Default     0x0                  26100  0    rayforge-app: (libMobileGestalt.dylib) No persisted cache on this platform.
2026-07-04 11:46:51.485727+0000 0x122c6    Default     0x0                  26100  0    rayforge-app: (libxpc.dylib) [com.apple.xpc:connection] [0x105207200] activating connection: mach=true listener=false peer=false name=com.apple.cfprefsd.daemon
2026-07-04 11:46:51.497266+0000 0x122c6    Default     0x0                  26100  0    rayforge-app: (UIKitCore) [com.apple.UIKit:BackgroundTask] Creating new assertion because there is no existing background assertion.
2026-07-04 11:46:51.497374+0000 0x122c6    Default     0x0                  26100  0    rayforge-app: (UIKitCore) [com.apple.UIKit:BackgroundTask] Creating new background assertion
2026-07-04 11:46:51.497681+0000 0x122c6    Default     0x0                  26100  0    rayforge-app: (UIKitCore) [com.apple.UIKit:BackgroundTask] Created new background assertion <BKSProcessAssertion: 0x6000021034d0>
2026-07-04 11:46:51.497733+0000 0x122c6    Default     0x0                  26100  0    rayforge-app: (RunningBoardServices) [com.apple.runningboard:connection] Initializing connection
2026-07-04 11:46:51.497816+0000 0x122c6    Default     0x0                  26100  0    rayforge-app: (RunningBoardServices) [com.apple.runningboard:process] Removing all cached process handles
2026-07-04 11:46:51.500399+0000 0x122bf    Default     0x0                  26100  0    rayforge-app: (BoardServices) [com.apple.BoardServices:XPCErrors] [C:1] Alloc com.apple.frontboard.systemappservices
2026-07-04 11:46:51.502995+0000 0x122bf    Default     0x0                  26100  0    rayforge-app: (libxpc.dylib) [com.apple.xpc:connection] [0x105404550] activating connection: mach=false listener=false peer=false name=(anonymous)
2026-07-04 11:46:51.509193+0000 0x122c6    Default     0x0                  26100  0    rayforge-app: (RunningBoardServices) [com.apple.runningboard:connection] Creating connection to com.apple.runningboard
2026-07-04 11:46:51.509955+0000 0x122c6    Default     0x0                  26100  0    rayforge-app: (libxpc.dylib) [com.apple.xpc:connection] [0x105208730] activating connection: mach=true listener=false peer=false name=com.apple.runningboard
2026-07-04 11:46:51.510738+0000 0x122c7    Default     0x0                  26100  0    rayforge-app: (RunningBoardServices) [com.apple.runningboard:connection] Sending handshake request attempt #1 to server
2026-07-04 11:46:51.511139+0000 0x122bf    Default     0x0                  26100  0    rayforge-app: (UIKitCore) [com.apple.UIKit:Application] Deactivation reason added: 10; deactivation reasons: 0 -> 1024; animating application lifecycle event: 0
2026-07-04 11:46:51.512514+0000 0x122bf    Default     0x0                  26100  0    rayforge-app: (BoardServices) [com.apple.BoardServices:Injection] activating monitor for service com.apple.frontboard.open
2026-07-04 11:46:51.512678+0000 0x122bf    Default     0x0                  26100  0    rayforge-app: (BoardServices) [com.apple.BoardServices:Injection] activating monitor for service com.apple.frontboard.workspace-service
2026-07-04 11:46:51.512982+0000 0x122bf    Default     0x0                  26100  0    rayforge-app: (FrontBoardServices) [com.apple.FrontBoard:Common] FBSWorkspace registering source: com.apple.frontboard.systemappservices
2026-07-04 11:46:51.513022+0000 0x122c7    Default     0x0                  26100  0    rayforge-app: (RunningBoardServices) [com.apple.runningboard:connection] Handshake succeeded
2026-07-04 11:46:51.513044+0000 0x122c7    Default     0x0                  26100  0    rayforge-app: (RunningBoardServices) [com.apple.runningboard:connection] Identity resolved as app<org.rayforge.app((null))>
2026-07-04 11:46:51.513650+0000 0x122c6    Default     0x0                  26100  0    rayforge-app: (UIKitCore) [com.apple.UIKit:BackgroundTask] Incrementing reference count for background assertion <BKSProcessAssertion: 0x6000021034d0>
2026-07-04 11:46:51.513957+0000 0x122bf    Default     0x0                  26100  0    rayforge-app: (FrontBoardServices) [com.apple.FrontBoard:Common] FBSWorkspace connected to endpoint : <BSServiceConnectionEndpoint: 0x60000020e240; target: com.apple.frontboard.systemappservices; service: com.apple.frontboard.workspace-service>
2026-07-04 11:46:51.513982+0000 0x122c6    Default     0x0                  26100  0    rayforge-app: (UIKitCore) [com.apple.UIKit:BackgroundTask] Created background task <_UIBackgroundTaskInfo: 0x60000170c4c0>: taskID = 1, taskName = Launch Background Task for Coalescing, creationTime = 862 (elapsed = 0).
2026-07-04 11:46:51.514021+0000 0x122bf    Default     0x0                  26100  0    rayforge-app: (FrontBoardServices) [com.apple.FrontBoard:Common] <FBSWorkspaceScenesClient:0x6000030083f0 com.apple.frontboard.systemappservices> attempting immediate handshake from activate
2026-07-04 11:46:51.514071+0000 0x122c6    Default     0x0                  26100  0    rayforge-app: (FrontBoardServices) [com.apple.FrontBoard:SceneExtension] Realizing settings extension _UIApplicationSceneKeyboardSettings on FBSSceneSettings
2026-07-04 11:46:51.514091+0000 0x122bf    Default     0x0                  26100  0    rayforge-app: (FrontBoardServices) [com.apple.FrontBoard:Common] <FBSWorkspaceScenesClient:0x6000030083f0 com.apple.frontboard.systemappservices> sent handshake
2026-07-04 11:46:51.514223+0000 0x122bf    Default     0x0                  26100  0    rayforge-app: (RunningBoardServices) [com.apple.runningboard:general] Added observer for process assertions expiration warning: <_RBSExpirationWarningClient: 0x60000020f800>
2026-07-04 11:46:51.514578+0000 0x122c6    Default     0x0                  26100  0    rayforge-app: (FrontBoardServices) [com.apple.FrontBoard:SceneExtension] Realizing settings extension <_UISceneOcclusionSettings> on FBSSceneSettings
2026-07-04 11:46:51.514704+0000 0x122c6    Default     0x0                  26100  0    rayforge-app: (FrontBoardServices) [com.apple.FrontBoard:SceneExtension] Realizing settings extension <_UISceneInterfaceProtectionSettings> on FBSSceneSettings
2026-07-04 11:46:51.514815+0000 0x122c6    Default     0x0                  26100  0    rayforge-app: (FrontBoardServices) [com.apple.FrontBoard:SceneExtension] Realizing settings extension _UISceneLayoutPreferencesHostSettingsExtension on FBSSceneSettings
2026-07-04 11:46:51.514901+0000 0x122c6    Default     0x0                  26100  0    rayforge-app: (FrontBoardServices) [com.apple.FrontBoard:SceneExtension] Realizing settings extension _UISceneSafeAreaSettingsExtension on FBSSceneSettings
2026-07-04 11:46:51.515533+0000 0x122c6    Default     0x0                  26100  0    rayforge-app: (FrontBoardServices) [com.apple.FrontBoard:SceneExtension] Realizing settings extension _UISceneLayoutPreferenceClientSettingsExtension on FBSSceneClientSettings
2026-07-04 11:46:51.515747+0000 0x122c6    Default     0x0                  26100  0    rayforge-app: (FrontBoardServices) [com.apple.FrontBoard:SceneExtension] Realizing settings extension <_UIHomeAffordanceHostSceneSettings> on FBSSceneSettings
2026-07-04 11:46:51.515851+0000 0x122c6    Default     0x0                  26100  0    rayforge-app: (FrontBoardServices) [com.apple.FrontBoard:SceneExtension] Realizing settings extension _UISystemShellSceneHostingEnvironmentSettings on FBSSceneSettings
2026-07-04 11:46:51.515938+0000 0x122c6    Default     0x0                  26100  0    rayforge-app: (FrontBoardServices) [com.apple.FrontBoard:SceneExtension] Realizing settings extension _UISceneRenderingEnvironmentSettings on FBSSceneSettings
2026-07-04 11:46:51.516064+0000 0x122c6    Default     0x0                  26100  0    rayforge-app: (FrontBoardServices) [com.apple.FrontBoard:SceneExtension] Realizing settings extension <_UISceneRenderingEnvironmentClientSettings> on FBSSceneClientSettings
2026-07-04 11:46:51.516131+0000 0x122c6    Default     0x0                  26100  0    rayforge-app: (FrontBoardServices) [com.apple.FrontBoard:SceneExtension] Realizing settings extension <_UISceneTransitioningHostSettings> on FBSSceneSettings
2026-07-04 11:46:51.517722+0000 0x122c6    Default     0x0                  26100  0    rayforge-app: (FrontBoardServices) [com.apple.FrontBoard:SceneExtension] Realizing settings extension <_UISceneFocusSystemSettings> on FBSSceneSettings
2026-07-04 11:46:51.517809+0000 0x122c6    Default     0x0                  26100  0    rayforge-app: (FrontBoardServices) [com.apple.FrontBoard:SceneExtension] Realizing settings extension _UISceneOrientationSettingsExtension on FBSSceneSettings
2026-07-04 11:46:51.517870+0000 0x122c6    Default     0x0                  26100  0    rayforge-app: (FrontBoardServices) [com.apple.FrontBoard:SceneExtension] Realizing settings extension _UISceneOrientationClientSettingsExtension on FBSSceneClientSettings
2026-07-04 11:46:51.517938+0000 0x122c6    Default     0x0                  26100  0    rayforge-app: (FrontBoardServices) [com.apple.FrontBoard:SceneExtension] Realizing settings extension _UISceneWindowingControlClientSettings on FBSSceneClientSettings
2026-07-04 11:46:51.518120+0000 0x122c6    Default     0x0                  26100  0    rayforge-app: (FrontBoardServices) [com.apple.FrontBoard:SceneExtension] Realizing settings extension <_UISceneHostingContentSizePreferenceClientSettings> on FBSSceneClientSettings
2026-07-04 11:46:51.518233+0000 0x122c6    Default     0x0                  26100  0    rayforge-app: (FrontBoardServices) [com.apple.FrontBoard:SceneExtension] Realizing settings extension _UISceneHostingTraitCollectionPropagationSettings on FBSSceneSettings
2026-07-04 11:46:51.519048+0000 0x122c6    Default     0x0                  26100  0    rayforge-app: (FrontBoardServices) [com.apple.FrontBoard:SceneExtension] Realizing settings extension <_UISceneHostingSheetPresentationSettings> on FBSSceneSettings
2026-07-04 11:46:51.519144+0000 0x122c6    Default     0x0                  26100  0    rayforge-app: (FrontBoardServices) [com.apple.FrontBoard:SceneExtension] Realizing settings extension <_UISceneHostingSheetPresentationClientSettings> on FBSSceneClientSettings
2026-07-04 11:46:51.519227+0000 0x122c6    Default     0x0                  26100  0    rayforge-app: (FrontBoardServices) [com.apple.FrontBoard:SceneExtension] Realizing settings extension <_UISceneHostingEventDeferringSettings> on FBSSceneSettings
2026-07-04 11:46:51.519393+0000 0x122c6    Default     0x0                  26100  0    rayforge-app: (FrontBoardServices) [com.apple.FrontBoard:SceneExtension] Realizing settings extension <UIKit__UITypedKeyValueSceneSettings> on FBSSceneSettings
2026-07-04 11:46:51.519688+0000 0x122c6    Default     0x0                  26100  0    rayforge-app: (FrontBoardServices) [com.apple.FrontBoard:SceneExtension] Realizing settings extension <UIKit__UITypedKeyValueSceneSettings> on FBSSceneClientSettings
2026-07-04 11:46:51.522447+0000 0x122c6    Default     0x0                  26100  0    rayforge-app: (FrontBoardServices) [com.apple.FrontBoard:SceneExtension] Realizing settings extension <_UISceneHostingViewControllerPreferencePropagationClientSettings> on FBSSceneClientSettings
2026-07-04 11:46:51.522809+0000 0x122c6    Default     0x0                  26100  0    rayforge-app: (FrontBoardServices) [com.apple.FrontBoard:SceneExtension] Realizing settings extension <_UISceneZoomTransitionSettings> on FBSSceneSettings
2026-07-04 11:46:51.532907+0000 0x122ca    Default     0x0                  26100  0    rayforge-app: (FrontBoardServices) [com.apple.FrontBoard:SceneExtension] Realizing settings extension FBSSceneSettingsCore on FBSSceneSettings
2026-07-04 11:46:51.533591+0000 0x122ca    Default     0x0                  26100  0    rayforge-app: (FrontBoardServices) [com.apple.FrontBoard:SceneExtension] Realizing settings extension FBSSceneClientSettingsCore on FBSSceneClientSettings
2026-07-04 11:46:51.534296+0000 0x122c7    Activity    0x41dc0              26100  0    rayforge-app: (RunningBoardServices) didChangeInheritances
2026-07-04 11:46:51.549426+0000 0x122cb    Activity    0x41dc1              26100  0    rayforge-app: (CoreFoundation) Loading Preferences From User Session CFPrefsD
2026-07-04 11:46:51.591511+0000 0x122bf    Default     0x0                  26100  0    rayforge-app: (UIKitCore) [com.apple.UIKit:UIScreen] Evaluated capturing state as 0 on <UIScreen: 0x10520a400> for initial
2026-07-04 11:46:51.591972+0000 0x122bf    Default     0x0                  26100  0    rayforge-app: (UIKitCore) [com.apple.UIKit:UIScreen] Evaluated capturing state as 0 on <UIScreen: 0x10520a400> for CADisplay KVO
2026-07-04 11:46:51.593349+0000 0x122bf    Default     0x0                  26100  0    rayforge-app: (libAccessibility.dylib) [com.apple.Accessibility:AXSupportCommon] Read CategoryName: per-app = 1, category name = (null)
2026-07-04 11:46:51.593481+0000 0x122ca    Default     0x0                  26100  0    rayforge-app: (FrontBoardServices) [com.apple.FrontBoard:SceneExtension] UIMutableApplicationSceneSettings setting counterpart class: UIApplicationSceneSettings
2026-07-04 11:46:51.593580+0000 0x122bf    Default     0x0                  26100  0    rayforge-app: (libAccessibility.dylib) [com.apple.Accessibility:AXSupportCommon] Read CategoryName: per-app = 0, category name = (null)
2026-07-04 11:46:51.593861+0000 0x122ca    Default     0x0                  26100  0    rayforge-app: (FrontBoardServices) [com.apple.FrontBoard:SceneExtension] UIMutableApplicationSceneClientSettings setting counterpart class: UIApplicationSceneClientSettings
2026-07-04 11:46:51.593963+0000 0x122ca    Default     0x0                  26100  0    rayforge-app: (FrontBoardServices) [com.apple.FrontBoard:SceneExtension] Realizing settings extension FBSSceneTransitionContextCore on FBSSceneTransitionContext
2026-07-04 11:46:51.605036+0000 0x122bf    Default     0x0                  26100  0    rayforge-app: (XCTTargetBootstrap) [com.apple.dt.xctest:Default] Registering for test daemon availability notify post.
2026-07-04 11:46:51.605294+0000 0x122bf    Default     0x0                  26100  0    rayforge-app: (XCTTargetBootstrap) [com.apple.dt.xctest:Default] notify_get_state check indicated test daemon not ready.
2026-07-04 11:46:51.605536+0000 0x122bf    Default     0x0                  26100  0    rayforge-app: (XCTTargetBootstrap) [com.apple.dt.xctest:Default] notify_get_state check indicated test daemon not ready.
2026-07-04 11:46:51.605665+0000 0x122bf    Default     0x0                  26100  0    rayforge-app: (XCTTargetBootstrap) [com.apple.dt.xctest:Default] notify_get_state check indicated test daemon not ready.
2026-07-04 11:46:51.606198+0000 0x122bf    Default     0x0                  26100  0    rayforge-app: (UIKitCore) [com.apple.UIKit:UpdateScheduler] Selected display: name=LCD (PurpleMain), id=1
2026-07-04 11:46:51.609284+0000 0x122bf    Default     0x0                  26100  0    rayforge-app: (UIKitCore) [com.apple.UIKit:BackgroundTask] Will add backgroundTask with taskName: Persistent SceneSession Map Update, expirationHandler: <__NSGlobalBlock__: 0x1e61729e0>
2026-07-04 11:46:51.609388+0000 0x122bf    Default     0x0                  26100  0    rayforge-app: (UIKitCore) [com.apple.UIKit:BackgroundTask] Reusing background assertion <BKSProcessAssertion: 0x6000021034d0>
2026-07-04 11:46:51.609577+0000 0x122bf    Default     0x0                  26100  0    rayforge-app: (UIKitCore) [com.apple.UIKit:BackgroundTask] Incrementing reference count for background assertion <BKSProcessAssertion: 0x6000021034d0>
2026-07-04 11:46:51.609695+0000 0x122bf    Default     0x0                  26100  0    rayforge-app: (UIKitCore) [com.apple.UIKit:BackgroundTask] Created background task <_UIBackgroundTaskInfo: 0x6000017187c0>: taskID = 2, taskName = Persistent SceneSession Map Update, creationTime = 862 (elapsed = 0).
2026-07-04 11:46:51.609991+0000 0x122bf    Default     0x0                  26100  0    rayforge-app: (UIKitCore) [com.apple.UIKit:Application] Deactivation reason added: 5; deactivation reasons: 1024 -> 1056; animating application lifecycle event: 1
2026-07-04 11:46:51.610371+0000 0x122bf    Default     0x0                  26100  0    rayforge-app: (UIKitCore) [com.apple.UIKit:InterfaceStyle] Not push traits update to screen for new style 1, <UIWindowScene: 0x10520e710> (CE20C2CA-C9D8-49F5-9261-D0F128A74755)
2026-07-04 11:46:51.610505+0000 0x122bf    Default     0x0                  26100  0    rayforge-app: (UIKitCore) [com.apple.UIKit:InterfaceStyle] Should send trait collection or coordinate space update, interface style 1 -> 1, <UIWindowScene: 0x10520e710> (CE20C2CA-C9D8-49F5-9261-D0F128A74755)
2026-07-04 11:46:51.611054+0000 0x122bf    Default     0x0                  26100  0    rayforge-app: (UIKitCore) [com.apple.UIKit:InterfaceStyle] Not push traits update to screen for new style 1, <UIWindowScene: 0x10520e710> (CE20C2CA-C9D8-49F5-9261-D0F128A74755)
2026-07-04 11:46:51.611371+0000 0x122bf    Default     0x0                  26100  0    rayforge-app: (UIKitCore) [com.apple.UIKit:HomeAffordanceObservation] Initializing: <_UIHomeAffordanceSceneNotifier: 0x600002911260>; with scene: <UIWindowScene: 0x10520e710>
2026-07-04 11:46:51.611450+0000 0x122bf    Default     0x0                  26100  0    rayforge-app: (BacklightServices) [com.apple.BacklightServices:scenes] 0x600000c0fd20 setDelegate:<0x600000c0fd80 _UIBacklightEnvironment> hasDelegate:YES for environment:sceneID:org.rayforge.app-default
2026-07-04 11:46:51.612024+0000 0x122bf    Default     0x0                  26100  0    rayforge-app: (UIKitCore) [com.apple.UIKit:InterfaceStyle] Not push traits update to screen for new style 1, <UIWindowScene: 0x10520e710> (CE20C2CA-C9D8-49F5-9261-D0F128A74755)
2026-07-04 11:46:51.612084+0000 0x122bf    Default     0x0                  26100  1    rayforge-app: (UIKitCore) [com.apple.UIKit:EventDeferring] [0x6000029112d0] Initialized with scene: <UIWindowScene: 0x10520e710>; behavior: <_UIEventDeferringBehavior_iOS: 0x600000216ac0>; availableForProcess: 1, systemShellManagesKeyboardFocus: 1
2026-07-04 11:46:51.612415+0000 0x122bf    Default     0x0                  26100  0    rayforge-app: (BoardServices) [com.apple.BoardServices:XPCErrors] [C:2] Alloc com.apple.backboard.hid-services.xpc
2026-07-04 11:46:51.612532+0000 0x122bf    Default     0x0                  26100  0    rayforge-app: (libxpc.dylib) [com.apple.xpc:connection] [0x1054080f0] activating connection: mach=false listener=false peer=false name=(anonymous)
2026-07-04 11:46:51.613725+0000 0x122bf    Default     0x0                  26100  0    rayforge-app: (BackBoardServices) [com.apple.BackBoard:EventDelivery] policyStatus:<BKSHIDEventDeliveryPolicyObserver: 0x60000260c000; process scope; status: target> was:none
2026-07-04 11:46:51.613845+0000 0x122bf    Default     0x0                  26100  1    rayforge-app: (UIKitCore) [com.apple.UIKit:KeyWindow] Setting default evaluation strategy for UIUserInterfaceIdiomPad to LastOneWins
2026-07-04 11:46:51.613933+0000 0x122bf    Default     0x0                  26100  1    rayforge-app: (UIKitCore) [com.apple.UIKit:KeyWindow] Scene target of keyboard event deferring environment did change: 1; scene: UIWindowScene: 0x10520e710; scene identity: com.apple.frontboard.systemappservices/FBSceneManager:sceneID%3Aorg.rayforge.app-default
2026-07-04 11:46:51.614048+0000 0x122bf    Default     0x0                  26100  0    rayforge-app: (UIKitCore) [com.apple.UIKit:UIFocus] Focus system enabled
2026-07-04 11:46:51.614825+0000 0x122bf    Default     0x0                  26100  0    rayforge-app: (UIKitCore) [com.apple.UIKit:UIFocus] Failed to update focus with context <UIFocusUpdateContext: 0x6000030007e0; previouslyFocusedItem: (nil); nextFocusedItem: (nil); focusHeading: None>. No additional info available.
2026-07-04 11:46:51.614986+0000 0x122bf    Default     0x0                  26100  0    rayforge-app: (UIKitCore) [com.apple.UIKit:InterfaceStyle] Not push traits update to screen for new style 1, <UIWindowScene: 0x10520e710> (CE20C2CA-C9D8-49F5-9261-D0F128A74755)
2026-07-04 11:46:51.615096+0000 0x122bf    Default     0x0                  26100  1    rayforge-app: (UIKitCore) [com.apple.UIKit:EventDeferring] [0x6000029112d0] Scene target of event deferring environments did update: scene: 0x10520e710; current systemShellManagesKeyboardFocus: 1; systemShellManagesKeyboardFocusForScene: 1; eligibleForRecordRemoval: 1;
2026-07-04 11:46:51.615168+0000 0x122bf    Default     0x0                  26100  1    rayforge-app: (UIKitCore) [com.apple.UIKit:KeyWindow] Scene became target of keyboard event deferring environment: UIWindowScene: 0x10520e710; scene identity: com.apple.frontboard.systemappservices/FBSceneManager:sceneID%3Aorg.rayforge.app-default
2026-07-04 11:46:51.615249+0000 0x122bf    Default     0x0                  26100  1    rayforge-app: (UIKitCore) [com.apple.UIKit:KeyWindow] Stack[KeyWindow] 0x600000c15200: Taking no further action for migration from LastOneWins -> SystemShellManaged as there are no scenes
2026-07-04 11:46:51.615327+0000 0x122bf    Default     0x0                  26100  1    rayforge-app: (UIKitCore) [com.apple.UIKit:KeyWindow] Setting default evaluation strategy for UIUserInterfaceIdiomPad to SystemShellManaged
2026-07-04 11:46:51.615833+0000 0x122bf    Default     0x0                  26100  1    rayforge-app: (UIKitCore) [com.apple.UIKit:KeyWindow] Key window needs update: 0; currentKeyWindowScene: 0x0; evaluatedKeyWindowScene: 0x10520e710; currentApplicationKeyWindow: 0x0; evaluatedApplicationKeyWindow: 0x0; reason: UIWindowScene: 0x10520e710: Window scene became target of keyboard environment
2026-07-04 11:46:51.616033+0000 0x122bf    Default     0x0                  26100  0    rayforge-app: (UIKitCore) [com.apple.UIKit:InterfaceStyle] Not push traits update to screen for new style 1, <UIWindowScene: 0x10520e710> (CE20C2CA-C9D8-49F5-9261-D0F128A74755)
2026-07-04 11:46:51.616335+0000 0x122bf    Default     0x0                  26100  0    rayforge-app: (UIKitCore) [com.apple.UIKit:InterfaceStyle] Not push traits update to screen for new style 1, <UIWindowScene: 0x10520e710> (CE20C2CA-C9D8-49F5-9261-D0F128A74755)
2026-07-04 11:46:51.617592+0000 0x122bf    Fault       0x41dc2              26100  14   rayforge-app: (UIKitCore) [com.apple.runtime-issues:UIKit App Config] `UIScene` lifecycle will soon be required. Failure to adopt will result in an assert in the future.
2026-07-04 11:46:51.617593+0000 0x122bf    Activity    0x41dc2              26100  0    rayforge-app: (libsystem_trace.dylib) Activity for state dumps
2026-07-04 11:46:51.617967+0000 0x122bf    Default     0x0                  26100  0    rayforge-app: (UIKitCore) [com.apple.UIKit:InterfaceStyle] Not push traits update to screen for new style 1, <UIWindowScene: 0x10520e710> (CE20C2CA-C9D8-49F5-9261-D0F128A74755)
2026-07-04 11:46:51.624807+0000 0x122bf    Default     0x0                  26100  0    rayforge-app: (UIKitCore) [com.apple.UIKit:AppLifecycle] sceneOfRecord: sceneID: sceneID:org.rayforge.app-default  persistentID: CE20C2CA-C9D8-49F5-9261-D0F128A74755
2026-07-04 11:46:51.625200+0000 0x122bf    Default     0x0                  26100  0    rayforge-app: (UIKitCore) [com.apple.UIKit:Application] Ignoring already applied deactivation reason: 5; deactivation reasons: 1056
2026-07-04 11:46:51.625404+0000 0x122bf    Default     0x0                  26100  0    rayforge-app: (UIKitCore) [com.apple.UIKit:Application] Deactivation reason added: 11; deactivation reasons: 1056 -> 3104; animating application lifecycle event: 1
2026-07-04 11:46:51.625592+0000 0x122bf    Default     0x0                  26100  0    rayforge-app: (UIKitCore) [com.apple.KeyboardArbiter:Client] startConnection
2026-07-04 11:46:51.626820+0000 0x122bf    Default     0x0                  26100  0    rayforge-app: (libxpc.dylib) [com.apple.xpc:connection] [0x10540d4c0] activating connection: mach=true listener=false peer=false name=com.apple.UIKit.KeyboardManagement.hosted
2026-07-04 11:46:51.631880+0000 0x122c6    Default     0x0                  26100  0    rayforge-app: (BoardServices) [com.apple.BoardServices:XPCErrors] [C:3] Alloc com.apple.PointerUI.pointeruid.service
2026-07-04 11:46:51.632053+0000 0x122c6    Default     0x0                  26100  0    rayforge-app: (libxpc.dylib) [com.apple.xpc:connection] [0x105210890] activating connection: mach=false listener=false peer=false name=(anonymous)
2026-07-04 11:46:51.639833+0000 0x122bf    Default     0x0                  26100  0    rayforge-app: (UIKitCore) [com.apple.UIKit:PointerLockState] preferredPointerLockStatus updated: scene: <UIWindowScene: 0x10520e710; role: UIWindowSceneSessionRoleApplication; persistentIdentifier: CE20C2CA-C9D8-49F5-9261-D0F128A74755; activationState: UISceneActivationStateForegroundInactive>; viewController: <UIViewController: 0x10530d240>; preferredPointerLockStatus: _UIPointerLockStatusUnlocked
2026-07-04 11:46:51.640043+0000 0x122bf    Default     0x0                  26100  0    rayforge-app: (UIKitCore) [com.apple.UIKit:Orientation] <UIWindowScene: 0x10520e710> (CE20C2CA-C9D8-49F5-9261-D0F128A74755) Scene updated orientation preferences: none -> ( Ll Lr )
2026-07-04 11:46:51.640193+0000 0x122bf    Default     0x0                  26100  1    rayforge-app: (UIKitCore) [com.apple.UIKit:KeyWindow] Key window API is scene-level: YES
2026-07-04 11:46:51.640223+0000 0x122bf    Default     0x0                  26100  1    rayforge-app: (UIKitCore) [com.apple.UIKit:KeyWindow] UIWindowScene: 0x10520e710: Window became key in scene: UIWindow: 0x105210150; contextId: 0xF737FC80: reason: UIWindowScene: 0x10520e710: Window requested to become key in scene: 0x105210150
2026-07-04 11:46:51.640245+0000 0x122bf    Default     0x0                  26100  1    rayforge-app: (UIKitCore) [com.apple.UIKit:KeyWindow] Key window needs update: 1; currentKeyWindowScene: 0x0; evaluatedKeyWindowScene: 0x10520e710; currentApplicationKeyWindow: 0x0; evaluatedApplicationKeyWindow: 0x105210150; reason: UIWindowScene: 0x10520e710: Window requested to become key in scene: 0x105210150
2026-07-04 11:46:51.640273+0000 0x122bf    Default     0x0                  26100  1    rayforge-app: (UIKitCore) [com.apple.UIKit:KeyWindow] Window did become application key: UIWindow: 0x105210150; contextId: 0xF737FC80; scene identity: com.apple.frontboard.systemappservices/FBSceneManager:sceneID%3Aorg.rayforge.app-default
2026-07-04 11:46:51.640377+0000 0x122bf    Default     0x0                  26100  1    rayforge-app: (UIKitCore) [com.apple.UIKit:EventDeferring] [0x6000029112d0] Begin local event deferring requested for token: 0x60000260c600; environments: 1; reason: UIWindowScene: 0x10520e710: Begin event deferring in keyboardFocus for window: 0x105210150
2026-07-04 11:46:51.642756+0000 0x122bf    Default     0x0                  26100  0    rayforge-app: (UIKitCore) [com.apple.UIKit:KeyboardSceneDelegate] Reloading input views for key-window scene responder: <GdkIOSView: 0x10530d9e0; frame = (0 0; 1376 1032); > force:N
2026-07-04 11:46:51.644089+0000 0x122bf    Default     0x0                  26100  0    rayforge-app: (UIKitCore) [com.apple.UIKit:KeyboardSceneDelegate] _reloadInputViewsForKeyWindowSceneResponder: 1 force: 0, fromBecomeFirstResponder: 1 (automaticKeyboard: 1, reloadIdentifier: BBA4F3EB-6B9F-4245-A78A-5561EB69797C)
2026-07-04 11:46:51.644238+0000 0x122bf    Default     0x0                  26100  0    rayforge-app: (UIKitCore) [com.apple.UIKit:KeyboardSceneDelegate] _inputViewsForResponder: <GdkIOSView: 0x10530d9e0; frame = (0 0; 1376 1032); >, automaticKeyboard: 1, force: 0
2026-07-04 11:46:51.644411+0000 0x122bf    Default     0x0                  26100  0    rayforge-app: (UIKitCore) [com.apple.UIKit:KeyboardSceneDelegate] _inputViewsForResponder, found custom inputView: <(null): 0x0>, customInputViewController: <(null): 0x0>
2026-07-04 11:46:51.644494+0000 0x122bf    Default     0x0                  26100  0    rayforge-app: (UIKitCore) [com.apple.UIKit:KeyboardSceneDelegate] _inputViewsForResponder, found inputAccessoryView: <(null): 0x0>
2026-07-04 11:46:51.644632+0000 0x122bf    Default     0x0                  26100  0    rayforge-app: (UIKitCore) [com.apple.UIKit:KeyboardSceneDelegate] _inputViewsForResponder, responderRequiresKeyboard 0 (automaticKeyboardEnabled: 1, activeInstance: <(null): 0x0>, self.isOnScreen: 0, requiresKBWhenFirstResponder: 0)
2026-07-04 11:46:51.644740+0000 0x122bf    Default     0x0                  26100  0    rayforge-app: (UIKitCore) [com.apple.UIKit:KeyboardSceneDelegate] _inputViewsForResponder, useKeyboard 0 (allowsSystemInputView: 1, !inputView <(null): 0x0>, responderRequiresKeyboard 0)
2026-07-04 11:46:51.644813+0000 0x122bf    Default     0x0                  26100  0    rayforge-app: (UIKitCore) [com.apple.UIKit:KeyboardSceneDelegate] _inputViewsForResponder, configuring _responderWithoutAutomaticAppearanceEnabled: <(null): 0x0> (_automaticAppearEnabled: 1)
2026-07-04 11:46:51.644885+0000 0x122bf    Default     0x0                  26100  0    rayforge-app: (UIKitCore) [com.apple.UIKit:KeyboardSceneDelegate] _inputViewsForResponder, needsIVPlaceholder: 0, needsIAVPlaceholder: 0, needsInputSetWithPlaceholder: 0
2026-07-04 11:46:51.644981+0000 0x122bf    Default     0x0                  26100  0    rayforge-app: (UIKitCore) [com.apple.UIKit:KeyboardSceneDelegate] _inputViewsForResponder returning: <<UIInputViewSet: 0x600003708a80>; (empty)>
+ test 1 = 1
+ grep -q 'RAYFORGE BOOT FAILED' app-console.log app-syslog.log
+ echo '== boot failure context:'
== boot failure context:
+ grep -B2 -A40 Traceback app-syslog.log
+ head -80
2026-07-04 11:46:52.822270+0000 0x122bf    Default     0x0                  26100  0    rayforge-app: (Python) 2026-07-04 11:46:52,889 - rayforge.app - INFO - PyCairo version: 1.29.0
2026-07-04 11:46:53.390915+0000 0x122bf    Default     0x0                  26100  0    rayforge-app: (Python) RAYFORGE BOOT FAILED
2026-07-04 11:46:53.392360+0000 0x122bf    Error       0x0                  26100  0    rayforge-app: (Python) Traceback (most recent call last):
2026-07-04 11:46:53.392952+0000 0x122bf    Error       0x0                  26100  0    rayforge-app: (Python)   File "/Users/runner/Library/Developer/CoreSimulator/Devices/3FE40828-1559-4700-AD86-37F6F937D08F/data/Containers/Bundle/Application/37C3A240-2873-4AB2-B921-96574B7E70E0/RayforgeApp.app/python/lib/python3.13/site-packages/ios_main.py", line 53, in main
2026-07-04 11:46:53.392967+0000 0x122bf    Error       0x0                  26100  0    rayforge-app: (Python)     rayforge.app.main()
2026-07-04 11:46:53.392974+0000 0x122bf    Error       0x0                  26100  0    rayforge-app: (Python)     ~~~~~~~~~~~~~~~~~^^
2026-07-04 11:46:53.392985+0000 0x122bf    Error       0x0                  26100  0    rayforge-app: (Python)   File "/Users/runner/Library/Developer/CoreSimulator/Devices/3FE40828-1559-4700-AD86-37F6F937D08F/data/Containers/Bundle/Application/37C3A240-2873-4AB2-B921-96574B7E70E0/RayforgeApp.app/python/lib/python3.13/site-packages/rayforge/app.py", line 495, in main
2026-07-04 11:46:53.392992+0000 0x122bf    Error       0x0                  26100  0    rayforge-app: (Python)     from rayforge.ui_gtk.sim3d import initialize
2026-07-04 11:46:53.393000+0000 0x122bf    Error       0x0                  26100  0    rayforge-app: (Python)   File "/Users/runner/Library/Developer/CoreSimulator/Devices/3FE40828-1559-4700-AD86-37F6F937D08F/data/Containers/Bundle/Application/37C3A240-2873-4AB2-B921-96574B7E70E0/RayforgeApp.app/python/lib/python3.13/site-packages/rayforge/ui_gtk/__init__.py", line 1, in <module>
2026-07-04 11:46:53.393006+0000 0x122bf    Error       0x0                  26100  0    rayforge-app: (Python)     from .canvas2d.elements.dot import DotElement
2026-07-04 11:46:53.393047+0000 0x122bf    Error       0x0                  26100  0    rayforge-app: (Python)   File "/Users/runner/Library/Developer/CoreSimulator/Devices/3FE40828-1559-4700-AD86-37F6F937D08F/data/Containers/Bundle/Application/37C3A240-2873-4AB2-B921-96574B7E70E0/RayforgeApp.app/python/lib/python3.13/site-packages/rayforge/ui_gtk/canvas2d/__init__.py", line 1, in <module>
2026-07-04 11:46:53.393108+0000 0x122bf    Error       0x0                  26100  0    rayforge-app: (Python)     from .elements.dot import DotElement
2026-07-04 11:46:53.393209+0000 0x122bf    Error       0x0                  26100  0    rayforge-app: (Python)   File "/Users/runner/Library/Developer/CoreSimulator/Devices/3FE40828-1559-4700-AD86-37F6F937D08F/data/Containers/Bundle/Application/37C3A240-2873-4AB2-B921-96574B7E70E0/RayforgeApp.app/python/lib/python3.13/site-packages/rayforge/ui_gtk/canvas2d/elements/dot.py", line 6, in <module>
2026-07-04 11:46:53.393244+0000 0x122bf    Error       0x0                  26100  0    rayforge-app: (Python)     from ...canvas import CanvasElement
2026-07-04 11:46:53.393293+0000 0x122bf    Error       0x0                  26100  0    rayforge-app: (Python)   File "/Users/runner/Library/Developer/CoreSimulator/Devices/3FE40828-1559-4700-AD86-37F6F937D08F/data/Containers/Bundle/Application/37C3A240-2873-4AB2-B921-96574B7E70E0/RayforgeApp.app/python/lib/python3.13/site-packages/rayforge/ui_gtk/canvas/__init__.py", line 4, in <module>
2026-07-04 11:46:53.393333+0000 0x122bf    Error       0x0                  26100  0    rayforge-app: (Python)     from .worldsurface import WorldSurface
2026-07-04 11:46:53.393385+0000 0x122bf    Error       0x0                  26100  0    rayforge-app: (Python)   File "/Users/runner/Library/Developer/CoreSimulator/Devices/3FE40828-1559-4700-AD86-37F6F937D08F/data/Containers/Bundle/Application/37C3A240-2873-4AB2-B921-96574B7E70E0/RayforgeApp.app/python/lib/python3.13/site-packages/rayforge/ui_gtk/canvas/worldsurface.py", line 7, in <module>
2026-07-04 11:46:53.393432+0000 0x122bf    Error       0x0                  26100  0    rayforge-app: (Python)     from .axis import AxisRenderer
2026-07-04 11:46:53.393529+0000 0x122bf    Error       0x0                  26100  0    rayforge-app: (Python)   File "/Users/runner/Library/Developer/CoreSimulator/Devices/3FE40828-1559-4700-AD86-37F6F937D08F/data/Containers/Bundle/Application/37C3A240-2873-4AB2-B921-96574B7E70E0/RayforgeApp.app/python/lib/python3.13/site-packages/rayforge/ui_gtk/canvas/axis.py", line 9, in <module>
2026-07-04 11:46:53.393645+0000 0x122bf    Error       0x0                  26100  0    rayforge-app: (Python)     from ...pipeline.coordspace import OriginCorner
2026-07-04 11:46:53.393762+0000 0x122bf    Error       0x0                  26100  0    rayforge-app: (Python)   File "/Users/runner/Library/Developer/CoreSimulator/Devices/3FE40828-1559-4700-AD86-37F6F937D08F/data/Containers/Bundle/Application/37C3A240-2873-4AB2-B921-96574B7E70E0/RayforgeApp.app/python/lib/python3.13/site-packages/rayforge/pipeline/__init__.py", line 1, in <module>
2026-07-04 11:46:53.393805+0000 0x122bf    Error       0x0                  26100  0    rayforge-app: (Python)     from .artifact import BaseArtifactHandle, JobArtifact, WorkPieceArtifact
2026-07-04 11:46:53.393856+0000 0x122bf    Error       0x0                  26100  0    rayforge-app: (Python)   File "/Users/runner/Library/Developer/CoreSimulator/Devices/3FE40828-1559-4700-AD86-37F6F937D08F/data/Containers/Bundle/Application/37C3A240-2873-4AB2-B921-96574B7E70E0/RayforgeApp.app/python/lib/python3.13/site-packages/rayforge/pipeline/artifact/__init__.py", line 5, in <module>
2026-07-04 11:46:53.393898+0000 0x122bf    Error       0x0                  26100  0    rayforge-app: (Python)     from .manager import ArtifactManager
2026-07-04 11:46:53.393983+0000 0x122bf    Error       0x0                  26100  0    rayforge-app: (Python)   File "/Users/runner/Library/Developer/CoreSimulator/Devices/3FE40828-1559-4700-AD86-37F6F937D08F/data/Containers/Bundle/Application/37C3A240-2873-4AB2-B921-96574B7E70E0/RayforgeApp.app/python/lib/python3.13/site-packages/rayforge/pipeline/artifact/manager.py", line 24, in <module>
2026-07-04 11:46:53.394056+0000 0x122bf    Error       0x0                  26100  0    rayforge-app: (Python)     from .store import ArtifactStore
2026-07-04 11:46:53.394136+0000 0x122bf    Error       0x0                  26100  0    rayforge-app: (Python)   File "/Users/runner/Library/Developer/CoreSimulator/Devices/3FE40828-1559-4700-AD86-37F6F937D08F/data/Containers/Bundle/Application/37C3A240-2873-4AB2-B921-96574B7E70E0/RayforgeApp.app/python/lib/python3.13/site-packages/rayforge/pipeline/artifact/store.py", line 50, in <module>
2026-07-04 11:46:53.394192+0000 0x122bf    Error       0x0                  26100  0    rayforge-app: (Python)     from multiprocessing import shared_memory
2026-07-04 11:46:53.394242+0000 0x122bf    Error       0x0                  26100  0    rayforge-app: (Python)   File "/Users/runner/Library/Developer/CoreSimulator/Devices/3FE40828-1559-4700-AD86-37F6F937D08F/data/Containers/Bundle/Application/37C3A240-2873-4AB2-B921-96574B7E70E0/RayforgeApp.app/python/lib/python3.13/multiprocessing/shared_memory.py", line 23, in <module>
2026-07-04 11:46:53.394283+0000 0x122bf    Error       0x0                  26100  0    rayforge-app: (Python)     import _posixshmem
2026-07-04 11:46:53.394340+0000 0x122bf    Error       0x0                  26100  0    rayforge-app: (Python) ModuleNotFoundError: No module named '_posixshmem'
2026-07-04 11:46:53.635845+0000 0x122bf    Default     0x0                  26100  0    rayforge-app: (UIKitCore) [com.apple.UIKit:InterfaceStyle] Not push traits update to screen for new style 1, <UIWindowScene: 0x10520e710> (CE20C2CA-C9D8-49F5-9261-D0F128A74755)
2026-07-04 11:46:53.636038+0000 0x122bf    Default     0x0                  26100  0    rayforge-app: (UIKitCore) [com.apple.UIKit:AppLifecycle] sceneOfRecord: sceneID: sceneID:org.rayforge.app-default  persistentID: CE20C2CA-C9D8-49F5-9261-D0F128A74755
2026-07-04 11:46:53.636127+0000 0x122bf    Default     0x0                  26100  0    rayforge-app: (UIKitCore) [com.apple.UIKit:Application] Deactivation reason removed: 12; deactivation reasons: 4128 -> 32; animating application lifecycle event: 1
2026-07-04 11:46:53.636173+0000 0x122bf    Default     0x0                  26100  0    rayforge-app: (UIKitCore) [com.apple.KeyboardArbiter:Client] Send setDeactivating: N (-DeactivationReason:SuspendedEventsOnly)
2026-07-04 11:46:53.636400+0000 0x122bf    Default     0x0                  26100  0    rayforge-app: (UIKitCore) [com.apple.UIKit:Application] Deactivation reason removed: 5; deactivation reasons: 32 -> 0; animating application lifecycle event: 0
2026-07-04 11:46:53.695979+0000 0x122bf    Default     0x0                  26100  1    rayforge-app: (UIKitCore) [com.apple.UIKit:EventDeferring] [0x6000029112d0] Scene target of event deferring environments did update: scene: 0x10520e710; current systemShellManagesKeyboardFocus: 1; systemShellManagesKeyboardFocusForScene: 1; eligibleForRecordRemoval: 1;
2026-07-04 11:46:53.696038+0000 0x122bf    Default     0x0                  26100  1    rayforge-app: (UIKitCore) [com.apple.UIKit:KeyWindow] Scene became target of keyboard event deferring environment: UIWindowScene: 0x10520e710; scene identity: com.apple.frontboard.systemappservices/FBSceneManager:sceneID%3Aorg.rayforge.app-default
2026-07-04 11:46:53.696205+0000 0x122bf    Default     0x0                  26100  0    rayforge-app: (libAccessibility.dylib) [com.apple.Accessibility:AXCommon] Read Per-App on Init: Smart invert = (null)
2026-07-04 11:46:53.696489+0000 0x122bf    Default     0x0                  26100  0    rayforge-app: (UIKitCore) [com.apple.KeyboardArbiter:Client] startConnection
2026-07-04 11:46:53.696566+0000 0x122bf    Default     0x0                  26100  0    rayforge-app: (UIKitCore) [com.apple.KeyboardArbiter:Client] handleKeyboardChange: set currentKeyboard:N (wasKeyboard:N)
2026-07-04 11:46:53.697326+0000 0x122bf    Default     0x0                  26100  0    rayforge-app: (UIKitCore) [com.apple.UIKit:KeyboardArbiterClientLog] isWritingToolsHandlingKeyboardTracking:Y (WT ready:Y, Arbiter ready:Y)
2026-07-04 11:46:53.899739+0000 0x122bf    Default     0x0                  26100  0    rayforge-app: (Network) [com.apple.network:activity] <nw_activity 50:1 [1751E56E-B161-44E7-B6AC-778F8903111E] (global parent) (reporting strategy default) complete (reason success)> complete with reason 2 (success), duration 4305ms
+ grep -q 'RAYFORGE UI RUNNING' app-console.log app-syslog.log
