+ : /Users/runner/work/Rayforge-iOS-ipa/Rayforge-iOS-ipa/ios-out
+ : /Users/runner/work/Rayforge-iOS-ipa/Rayforge-iOS-ipa/cross-iso.txt
+ : /Users/runner/work/Rayforge-iOS-ipa/Rayforge-iOS-ipa/cross-pfx.txt
+ : 17.0
+ : /Users/runner/work/Rayforge-iOS-ipa/Rayforge-iOS-ipa/ios/scripts
+ GI=enabled
+ GLIB_VERSION=2.84.4
+ PIXMAN_VERSION=0.44.2
+ LIBPNG_VERSION=1.6.44
+ FREETYPE_VERSION=2.13.3
+ HARFBUZZ_VERSION=14.2.1
+ FRIBIDI_VERSION=1.0.16
+ EXPAT_VERSION=2.6.4
+ FONTCONFIG_VERSION=2.17.1
+ CAIRO_VERSION=1.18.4
+ PANGO_VERSION=1.58.0
+ IOS_SDK=iphonesimulator
++ xcrun --sdk iphonesimulator --show-sdk-path
+ SDK=/Applications/Xcode_16.4.app/Contents/Developer/Platforms/iPhoneSimulator.platform/Developer/SDKs/iPhoneSimulator18.5.sdk
++ pwd
+ WORK=/Users/runner/work/Rayforge-iOS-ipa/Rayforge-iOS-ipa
+ /Users/runner/work/Rayforge-iOS-ipa/Rayforge-iOS-ipa/ios/scripts/gen-cross-file.sh /Users/runner/work/Rayforge-iOS-ipa/Rayforge-iOS-ipa/cross-iso.txt 17.0
[gen-cross-file] Resolving iOS SDK path via xcrun...
[gen-cross-file] SDKROOT=/Applications/Xcode_16.4.app/Contents/Developer/Platforms/iPhoneSimulator.platform/Developer/SDKs/iPhoneSimulator18.5.sdk
[gen-cross-file] iOS min version=17.0
[gen-cross-file] clang=/Applications/Xcode_16.4.app/Contents/Developer/Toolchains/XcodeDefault.xctoolchain/usr/bin/clang
[gen-cross-file] pkg_config_libdir=/Applications/Xcode_16.4.app/Contents/Developer/Platforms/iPhoneSimulator.platform/Developer/SDKs/iPhoneSimulator18.5.sdk/nonexistent-pkgconfig
[gen-cross-file] Wrote cross file to /Users/runner/work/Rayforge-iOS-ipa/Rayforge-iOS-ipa/cross-iso.txt:
-------------------------------------------
# Auto-generated by gen-cross-file.sh — iOS device arm64
[constants]
sdkroot = '/Applications/Xcode_16.4.app/Contents/Developer/Platforms/iPhoneSimulator.platform/Developer/SDKs/iPhoneSimulator18.5.sdk'
ios_min = '-mios-simulator-version-min=17.0'
common_flags = ['-arch', 'arm64', '-isysroot', sdkroot, ios_min]

[binaries]
c = '/Applications/Xcode_16.4.app/Contents/Developer/Toolchains/XcodeDefault.xctoolchain/usr/bin/clang'
cpp = '/Applications/Xcode_16.4.app/Contents/Developer/Toolchains/XcodeDefault.xctoolchain/usr/bin/clang++'
objc = '/Applications/Xcode_16.4.app/Contents/Developer/Toolchains/XcodeDefault.xctoolchain/usr/bin/clang'
objcpp = '/Applications/Xcode_16.4.app/Contents/Developer/Toolchains/XcodeDefault.xctoolchain/usr/bin/clang++'
ar = '/Applications/Xcode_16.4.app/Contents/Developer/Toolchains/XcodeDefault.xctoolchain/usr/bin/ar'
strip = '/Applications/Xcode_16.4.app/Contents/Developer/Toolchains/XcodeDefault.xctoolchain/usr/bin/strip'
pkg-config = 'pkg-config'
exe_wrapper = ['bash', '/Users/runner/work/Rayforge-iOS-ipa/Rayforge-iOS-ipa/ios/scripts/sim-run.sh']

[built-in options]
c_args = common_flags
cpp_args = common_flags
objc_args = common_flags
objcpp_args = common_flags
c_link_args = common_flags
cpp_link_args = common_flags
objc_link_args = common_flags
objcpp_link_args = common_flags

[properties]
# iOS is a cross target; disable anything that tries to run target binaries.
needs_exe_wrapper = true
# NOTE: deliberately NOT setting 'sys_root'. Meson maps sys_root to
# PKG_CONFIG_SYSROOT_DIR, which prepends the SDK path to every -I/-L in our
# .pc files (e.g. libpng's -I<prefix>/include becomes
# -I<SDK><prefix>/include -> nonexistent), breaking dependent builds. The
# compiler already gets the SDK sysroot via -isysroot in the flags below,
# which is sufficient for finding SDK system headers/libraries.
# Prevent Meson/pkg-config from discovering host (macOS/Homebrew) libraries
# during the cross build. When building a base library this points at a
# nonexistent dir (isolation); when building dependent libraries it points
# at the shared prefix so earlier libraries are found.
pkg_config_libdir = '/Applications/Xcode_16.4.app/Contents/Developer/Platforms/iPhoneSimulator.platform/Developer/SDKs/iPhoneSimulator18.5.sdk/nonexistent-pkgconfig'

[host_machine]
system = 'darwin'
subsystem = 'ios'
kernel = 'xnu'
cpu_family = 'aarch64'
cpu = 'aarch64'
endian = 'little'
-------------------------------------------
+ mkdir -p /Users/runner/work/Rayforge-iOS-ipa/Rayforge-iOS-ipa/ios-out/lib/pkgconfig
+ /Users/runner/work/Rayforge-iOS-ipa/Rayforge-iOS-ipa/ios/scripts/gen-cross-file.sh /Users/runner/work/Rayforge-iOS-ipa/Rayforge-iOS-ipa/cross-pfx.txt 17.0 /Users/runner/work/Rayforge-iOS-ipa/Rayforge-iOS-ipa/ios-out/lib/pkgconfig
[gen-cross-file] Resolving iOS SDK path via xcrun...
[gen-cross-file] SDKROOT=/Applications/Xcode_16.4.app/Contents/Developer/Platforms/iPhoneSimulator.platform/Developer/SDKs/iPhoneSimulator18.5.sdk
[gen-cross-file] iOS min version=17.0
[gen-cross-file] clang=/Applications/Xcode_16.4.app/Contents/Developer/Toolchains/XcodeDefault.xctoolchain/usr/bin/clang
[gen-cross-file] pkg_config_libdir=/Users/runner/work/Rayforge-iOS-ipa/Rayforge-iOS-ipa/ios-out/lib/pkgconfig
[gen-cross-file] Wrote cross file to /Users/runner/work/Rayforge-iOS-ipa/Rayforge-iOS-ipa/cross-pfx.txt:
-------------------------------------------
# Auto-generated by gen-cross-file.sh — iOS device arm64
[constants]
sdkroot = '/Applications/Xcode_16.4.app/Contents/Developer/Platforms/iPhoneSimulator.platform/Developer/SDKs/iPhoneSimulator18.5.sdk'
ios_min = '-mios-simulator-version-min=17.0'
common_flags = ['-arch', 'arm64', '-isysroot', sdkroot, ios_min]

[binaries]
c = '/Applications/Xcode_16.4.app/Contents/Developer/Toolchains/XcodeDefault.xctoolchain/usr/bin/clang'
cpp = '/Applications/Xcode_16.4.app/Contents/Developer/Toolchains/XcodeDefault.xctoolchain/usr/bin/clang++'
objc = '/Applications/Xcode_16.4.app/Contents/Developer/Toolchains/XcodeDefault.xctoolchain/usr/bin/clang'
objcpp = '/Applications/Xcode_16.4.app/Contents/Developer/Toolchains/XcodeDefault.xctoolchain/usr/bin/clang++'
ar = '/Applications/Xcode_16.4.app/Contents/Developer/Toolchains/XcodeDefault.xctoolchain/usr/bin/ar'
strip = '/Applications/Xcode_16.4.app/Contents/Developer/Toolchains/XcodeDefault.xctoolchain/usr/bin/strip'
pkg-config = 'pkg-config'
exe_wrapper = ['bash', '/Users/runner/work/Rayforge-iOS-ipa/Rayforge-iOS-ipa/ios/scripts/sim-run.sh']

[built-in options]
c_args = common_flags
cpp_args = common_flags
objc_args = common_flags
objcpp_args = common_flags
c_link_args = common_flags
cpp_link_args = common_flags
objc_link_args = common_flags
objcpp_link_args = common_flags

[properties]
# iOS is a cross target; disable anything that tries to run target binaries.
needs_exe_wrapper = true
# NOTE: deliberately NOT setting 'sys_root'. Meson maps sys_root to
# PKG_CONFIG_SYSROOT_DIR, which prepends the SDK path to every -I/-L in our
# .pc files (e.g. libpng's -I<prefix>/include becomes
# -I<SDK><prefix>/include -> nonexistent), breaking dependent builds. The
# compiler already gets the SDK sysroot via -isysroot in the flags below,
# which is sufficient for finding SDK system headers/libraries.
# Prevent Meson/pkg-config from discovering host (macOS/Homebrew) libraries
# during the cross build. When building a base library this points at a
# nonexistent dir (isolation); when building dependent libraries it points
# at the shared prefix so earlier libraries are found.
pkg_config_libdir = '/Users/runner/work/Rayforge-iOS-ipa/Rayforge-iOS-ipa/ios-out/lib/pkgconfig'

[host_machine]
system = 'darwin'
subsystem = 'ios'
kernel = 'xnu'
cpu_family = 'aarch64'
cpu = 'aarch64'
endian = 'little'
-------------------------------------------
+ export PKG_CONFIG_PATH=/Users/runner/work/Rayforge-iOS-ipa/Rayforge-iOS-ipa/ios-out/lib/pkgconfig
+ PKG_CONFIG_PATH=/Users/runner/work/Rayforge-iOS-ipa/Rayforge-iOS-ipa/ios-out/lib/pkgconfig
+ export PKG_CONFIG_LIBDIR=/Users/runner/work/Rayforge-iOS-ipa/Rayforge-iOS-ipa/ios-out/lib/pkgconfig
+ PKG_CONFIG_LIBDIR=/Users/runner/work/Rayforge-iOS-ipa/Rayforge-iOS-ipa/ios-out/lib/pkgconfig
+ export PKG_CONFIG_SYSROOT_DIR=
+ PKG_CONFIG_SYSROOT_DIR=
+ ZPC=/Users/runner/work/Rayforge-iOS-ipa/Rayforge-iOS-ipa/ios-out/lib/pkgconfig/zlib.pc
+ :
+ printf 'prefix=%s/usr\n' /Applications/Xcode_16.4.app/Contents/Developer/Platforms/iPhoneSimulator.platform/Developer/SDKs/iPhoneSimulator18.5.sdk
+ printf 'exec_prefix=${prefix}\n'
+ printf 'libdir=${exec_prefix}/lib\n'
+ printf 'includedir=${prefix}/include\n'
+ printf '\n'
+ printf 'Name: zlib\n'
+ printf 'Description: zlib compression library (iOS SDK)\n'
+ printf 'Version: 1.2.12\n'
+ printf 'Libs: -L${libdir} -lz\n'
+ printf 'Cflags: -I${includedir}\n'
+ pkg-config --exists zlib
+ log 'zlib.pc OK'
+ echo '[base-stack] zlib.pc OK'
[base-stack] zlib.pc OK
+ log 'glib 2.84.4'
+ echo '[base-stack] glib 2.84.4'
[base-stack] glib 2.84.4
++ echo 2.84.4
++ cut -d. -f1,2
+ MAJMIN=2.84
+ curl -fL --retry 3 -o glib.tar.xz https://download.gnome.org/sources/glib/2.84/glib-2.84.4.tar.xz
  % Total    % Received % Xferd  Average Speed   Time    Time     Time  Current
                                 Dload  Upload   Total   Spent    Left  Speed
  0     0    0     0    0     0      0      0 --:--:-- --:--:-- --:--:--     0  2 5486k    2  128k    0     0   163k      0  0:00:33 --:--:--  0:00:33  163k100 5486k  100 5486k    0     0  4247k      0  0:00:01  0:00:01 --:--:-- 4249k
+ mkdir -p glib-src
+ tar xf glib.tar.xz --strip-components=1 -C glib-src
+ meson setup glib-build glib-src --cross-file=/Users/runner/work/Rayforge-iOS-ipa/Rayforge-iOS-ipa/cross-iso.txt --default-library=static --prefix=/Users/runner/work/Rayforge-iOS-ipa/Rayforge-iOS-ipa/ios-out --buildtype=release --force-fallback-for=pcre2,libffi -Dtests=false -Dintrospection=enabled -Dlibmount=disabled -Dselinux=disabled -Dxattr=false -Dman-pages=disabled -Dnls=disabled -Dpcre2:jit=disabled
+ tee glib-setup.log
The Meson build system
Version: 1.11.1
Source dir: /Users/runner/work/Rayforge-iOS-ipa/Rayforge-iOS-ipa/glib-src
Build dir: /Users/runner/work/Rayforge-iOS-ipa/Rayforge-iOS-ipa/glib-build
Build type: cross build
Project name: glib
Project version: 2.84.4
C compiler for the host machine: /Applications/Xcode_16.4.app/Contents/Developer/Toolchains/XcodeDefault.xctoolchain/usr/bin/clang (clang 17.0.0 "Apple clang version 17.0.0 (clang-1700.0.13.5)")
C linker for the host machine: /Applications/Xcode_16.4.app/Contents/Developer/Toolchains/XcodeDefault.xctoolchain/usr/bin/clang ld64 1167.5
C compiler for the build machine: cc (clang 17.0.0 "Apple clang version 17.0.0 (clang-1700.0.13.5)")
C linker for the build machine: cc ld64 1167.5
Build machine cpu family: aarch64
Build machine cpu: aarch64
Host machine cpu family: aarch64
Host machine cpu: aarch64
Target machine cpu family: aarch64
Target machine cpu: aarch64
Compiler for C supports arguments -std=c89: YES 
Compiler for C supports arguments -std=c99: YES 
Compiler for C supports arguments -std=c11: YES 
Compiler for C supports arguments -std=c17: YES 
C++ compiler for the host machine: /Applications/Xcode_16.4.app/Contents/Developer/Toolchains/XcodeDefault.xctoolchain/usr/bin/clang++ (clang 17.0.0 "Apple clang version 17.0.0 (clang-1700.0.13.5)")
C++ linker for the host machine: /Applications/Xcode_16.4.app/Contents/Developer/Toolchains/XcodeDefault.xctoolchain/usr/bin/clang++ ld64 1167.5
Compiler for C++ supports arguments -std=c++98: YES 
Compiler for C++ supports arguments -std=c++03: YES 
Compiler for C++ supports arguments -std=c++11: YES 
Compiler for C++ supports arguments -std=c++14: YES 
Compiler for C++ supports arguments -std=c++17: YES 
Compiler for C++ supports arguments -std=c++20: YES 
Compiler for C++ supports arguments -std=c++2b: YES 
Compiler for C++ supports arguments -std=c++latest: NO 
Checking if "building for iOS" compiles: YES 
Program ./.gitlab-ci/thorough-test-wrapper.sh found: YES (/bin/bash /Users/runner/work/Rayforge-iOS-ipa/Rayforge-iOS-ipa/glib-src/./.gitlab-ci/thorough-test-wrapper.sh)
Program valgrind found: NO
Compiler for C supports arguments -fno-strict-aliasing: YES 
Message: Enabling various debug infrastructure
Has header "alloca.h" : YES 
Has header "afunix.h" : NO 
Has header "crt_externs.h" : YES 
Has header "dirent.h" : YES 
Has header "float.h" : YES 
Has header "fstab.h" : YES 
Has header "ftw.h" : YES 
Has header "grp.h" : YES 
Has header "inttypes.h" : YES 
Has header "libproc.h" : NO 
Has header "limits.h" : YES 
Has header "linux/netlink.h" : NO 
Has header "locale.h" : YES 
Has header "mach/mach_time.h" : YES 
Has header "memory.h" : YES 
Has header "mntent.h" : NO 
Has header "netlink/netlink.h" : NO 
Has header "netlink/netlink_route.h" : NO 
Has header "poll.h" : YES 
Has header "pwd.h" : YES 
Has header "sched.h" : YES 
Has header "spawn.h" : YES 
Has header "stdatomic.h" : YES 
Has header "stdint.h" : YES 
Has header "stdlib.h" : YES 
Has header "string.h" : YES 
Has header "strings.h" : YES 
Has header "sys/auxv.h" : NO 
Has header "sys/event.h" : YES 
Has header "sys/uio.h" : YES 
Has header "sys/filio.h" : YES 
Has header "sys/inotify.h" : NO 
Has header "sys/mkdev.h" : NO 
Has header "sys/mntctl.h" : NO 
Has header "sys/mnttab.h" : NO 
Has header "sys/mount.h" : YES 
Has header "sys/param.h" : YES 
Has header "sys/prctl.h" : NO 
Has header "sys/resource.h" : YES 
Has header "sys/select.h" : YES 
Has header "sys/statfs.h" : NO 
Has header "sys/stat.h" : YES 
Has header "sys/statvfs.h" : YES 
Has header "sys/sysctl.h" : YES 
Has header "sys/time.h" : YES 
Has header "sys/times.h" : YES 
Has header "sys/types.h" : YES 
Has header "sys/ucred.h" : YES 
Has header "sys/uio.h" : YES (cached)
Has header "sys/vfs.h" : NO 
Has header "sys/vfstab.h" : NO 
Has header "sys/vmount.h" : NO 
Has header "sys/wait.h" : YES 
Has header "syslog.h" : YES 
Has header "termios.h" : YES 
Has header "unistd.h" : YES 
Has header "values.h" : NO 
Has header "wchar.h" : YES 
Has header "xlocale.h" : YES 
Check usable header "malloc.h" : NO 
Checking if "statx() test" compiles: NO 
Header "locale.h" has symbol "LC_MESSAGES" : YES 
Checking if "type "struct stat" has member "st_mtimensec"" compiles: NO 
Checking if "type "struct stat" has member "st_mtim.tv_nsec"" compiles: NO 
Checking if "type "struct stat" has member "st_atimensec"" compiles: NO 
Checking if "type "struct stat" has member "st_atim.tv_nsec"" compiles: NO 
Checking if "type "struct stat" has member "st_ctimensec"" compiles: NO 
Checking if "type "struct stat" has member "st_ctim.tv_nsec"" compiles: NO 
Checking if "type "struct stat" has member "st_birthtime"" compiles: YES 
Checking if "type "struct stat" has member "st_birthtimensec"" compiles: NO 
Checking if "type "struct stat" has member "st_birthtim"" compiles: NO 
Checking if "type "struct stat" has member "st_birthtim.tv_nsec"" compiles: NO 
Checking if "type "struct stat" has member "st_blksize"" compiles: YES 
Checking if "type "struct stat" has member "st_blocks"" compiles: YES 
Checking if "type "struct statfs" has member "f_fstypename"" compiles: YES 
Checking if "type "struct statfs" has member "f_bavail"" compiles: YES 
Checking if "type "struct dirent" has member "d_type"" compiles: YES 
Checking if "type "struct statvfs" has member "f_basetype"" compiles: NO 
Checking if "type "struct statvfs" has member "f_fstypename"" compiles: NO 
Checking if "type "struct statvfs" has member "f_type"" compiles: NO 
Checking if "type "struct tm" has member "tm_gmtoff"" compiles: YES 
Checking if "type "struct tm" has member "__tm_gmtoff"" compiles: NO 
Compiler for C supports arguments -Wduplicated-branches: NO 
Compiler for C supports arguments -Wfloat-conversion: YES 
Compiler for C supports arguments -Wimplicit-fallthrough: YES 
Compiler for C supports arguments -Wmisleading-indentation: YES 
Compiler for C supports arguments -Wmissing-field-initializers: YES 
Compiler for C supports arguments -Wnonnull: YES 
Compiler for C supports arguments -Wnull-dereference: YES 
Compiler for C supports arguments -Wunused: YES 
Compiler for C supports arguments -Wno-unused-parameter: YES 
Compiler for C supports arguments -Wno-cast-function-type: YES 
Compiler for C supports arguments -Wno-pedantic: YES 
Compiler for C supports arguments -Wno-format-zero-length: YES 
Compiler for C supports arguments -Wno-variadic-macros: YES 
Compiler for C supports arguments -Werror=format=2: YES 
Compiler for C supports arguments -Werror=init-self: YES 
Compiler for C supports arguments -Werror=missing-include-dirs: YES 
Compiler for C supports arguments -Werror=pointer-arith: YES 
Compiler for C supports arguments -Werror=unused-result: YES 
Compiler for C supports arguments -Wstrict-prototypes: YES 
Compiler for C supports arguments -Wno-bad-function-cast: YES 
Compiler for C supports arguments -Werror=implicit-function-declaration: YES 
Compiler for C supports arguments -Werror=missing-prototypes: YES 
Compiler for C supports arguments -Werror=pointer-sign: YES 
Compiler for C supports arguments -Wno-string-plus-int: YES 
Compiler for C supports arguments -Wno-typedef-redefinition: YES 
Compiler for C++ supports arguments -Wduplicated-branches: NO 
Compiler for C++ supports arguments -Wfloat-conversion: YES 
Compiler for C++ supports arguments -Wimplicit-fallthrough: YES 
Compiler for C++ supports arguments -Wmisleading-indentation: YES 
Compiler for C++ supports arguments -Wmissing-field-initializers: YES 
Compiler for C++ supports arguments -Wnonnull: YES 
Compiler for C++ supports arguments -Wnull-dereference: YES 
Compiler for C++ supports arguments -Wunused: YES 
Compiler for C++ supports arguments -Wno-unused-parameter: YES 
Compiler for C++ supports arguments -Wno-cast-function-type: YES 
Compiler for C++ supports arguments -Wno-pedantic: YES 
Compiler for C++ supports arguments -Wno-format-zero-length: YES 
Compiler for C++ supports arguments -Wno-variadic-macros: YES 
Compiler for C++ supports arguments -Werror=format=2: YES 
Compiler for C++ supports arguments -Werror=init-self: YES 
Compiler for C++ supports arguments -Werror=missing-include-dirs: YES 
Compiler for C++ supports arguments -Werror=pointer-arith: YES 
Compiler for C++ supports arguments -Werror=unused-result: YES 
Compiler for C supports link arguments -Wl,-z,nodelete: NO 
Compiler for C supports link arguments -Wl,-Bsymbolic-functions: NO 
Checking for function "accept4" : NO 
Checking for function "close_range" : NO 
Checking for function "copy_file_range" : NO 
Checking for function "endmntent" : NO 
Checking for function "endservent" : YES 
Checking for function "epoll_create1" : NO 
Checking for function "faccessat" : YES 
Checking for function "fallocate" : NO 
Checking for function "fchmod" : YES 
Checking for function "fchown" : YES 
Checking for function "fdwalk" : NO 
Checking for function "free_aligned_sized" : NO 
Checking for function "free_sized" : NO 
Checking for function "fsync" : YES 
Checking for function "ftruncate64" : NO 
Checking for function "getauxval" : NO 
Checking for function "getc_unlocked" : YES 
Checking for function "getfsent" : YES 
Checking for function "getfsstat" : YES 
Checking for function "getgrgid_r" : YES 
Checking for function "getmntent_r" : NO 
Checking for function "getpwuid_r" : YES 
Checking for function "getresuid" : NO 
Checking for function "getvfsstat" : NO 
Checking for function "gmtime_r" : YES 
Checking for function "hasmntopt" : NO 
Checking for function "inotify_init1" : NO 
Checking for function "issetugid" : YES 
Checking for function "kevent" : YES 
Checking for function "kqueue" : YES 
Checking for function "lchmod" : YES 
Checking for function "lchown" : YES 
Checking for function "link" : YES 
Checking for function "localtime_r" : YES 
Checking for function "lstat" : YES 
Checking for function "mbrtowc" : YES 
Checking for function "memalign" : NO 
Checking for function "memmem" : YES 
Checking for function "mmap" : YES 
Checking for function "newlocale" : YES 
Checking for function "pipe2" : NO 
Checking for function "poll" : YES 
Checking for function "prlimit" : NO 
Checking for function "readlink" : YES 
Checking for function "recvmmsg" : NO 
Checking for function "sendmmsg" : NO 
Checking for function "setenv" : YES 
Checking for function "setmntent" : NO 
Checking for function "strerror_r" : YES 
Checking for function "strnlen" : YES 
Checking for function "strsignal" : YES 
Checking for function "strtod_l" : YES 
Checking for function "strtoll_l" : YES 
Checking for function "strtoull_l" : YES 
Checking for function "symlink" : YES 
Checking for function "timegm" : YES 
Checking for function "unsetenv" : YES 
Checking for function "uselocale" : YES 
Checking for function "utimes" : YES 
Checking for function "utimensat" : YES 
Checking for function "valloc" : YES 
Checking for function "vasprintf" : YES 
Checking for function "vsnprintf" : YES 
Checking for function "wcrtomb" : YES 
Checking for function "wcslen" : YES 
Checking for function "wcsnlen" : YES 
Checking for function "sysctlbyname" : YES 
Checking for function "statvfs" : YES 
Checking for function "statfs" : YES 
Checking for function "if_indextoname" : YES 
Checking for function "if_nametoindex" : YES 
Checking for function "splice" : NO 
Checking for function "stpcpy" : YES 
Checking for function "memalign" : NO 
Checking if "getservbyname_r()" compiles: NO 
Checking for function "_aligned_malloc" : NO 
Checking for function "aligned_alloc" : YES 
Checking for function "posix_memalign" : YES 
Checking for function "posix_spawn" : YES 
Checking if "strerror_r() returns char *" compiles: NO 
Checking for function "snprintf" : YES 
Checking for function "strcasecmp" : YES 
Checking for function "strncasecmp" : YES 
Header "sys/sysmacros.h" has symbol "major" : NO 
Header "sys/mkdev.h" has symbol "major" : NO 
Header "sys/types.h" has symbol "major" : YES 
Header "dlfcn.h" has symbol "RTLD_LAZY" : YES 
Header "dlfcn.h" has symbol "RTLD_NOW" : YES 
Header "dlfcn.h" has symbol "RTLD_GLOBAL" : YES 
Header "dlfcn.h" has symbol "RTLD_NEXT" : YES 
Checking for type "loff_t" : NO 
Message: Checking whether to use statfs or statvfs .. statfs
Checking if "futex(2) system call" compiles: NO 
Checking if "futex_time64(2) system call" compiles: NO 
Checking if "eventfd(2) system call" links: NO 
Checking if "ppoll(2) system call" links: NO 
Checking if "pidfd_open(2) system call" links: NO 
Checking if "__uint128_t available" compiles: YES 
Checking if "clock_gettime" links: YES 
Checking if "dlopen() and dlsym() in system libraries" links: YES 
Checking if "number of arguments to statfs() (n=2)" compiles: YES 
Checking if "open() option O_DIRECTORY" compiles: YES 
Checking if "fcntl() option F_FULLFSYNC" compiles: YES 
Checking if "C99 vsnprintf" runs: YES
Checking if "C99 snprintf" runs: YES
Checking if "Unix98 printf positional parameters" runs: YES
Checking if "nl_langinfo and CODESET" links: YES 
Checking if "nl_langinfo (PM_STR)" links: YES 
Checking if "nl_langinfo (ERA)" links: NO 
Checking if "nl_langinfo (_NL_CTYPE_OUTDIGITn_MB)" links: NO 
Checking if "nl_langinfo (ALTMON_n)" links: NO 
Checking if "nl_langinfo (_NL_ABALTMON_n)" links: NO 
Checking if "nl_langinfo and _NL_TIME_CODESET" links: NO 
Checking if "signed" compiles: YES 
Header "stddef.h" has symbol "ptrdiff_t" : YES 
Checking if "sig_atomic_t" links: YES 
Checking if "long long" compiles: YES 
Checking if "long double" compiles: YES 
Header "stddef.h" has symbol "wchar_t" : YES 
Header "wchar.h" has symbol "wint_t" : YES 
Checking if "uintmax_t in inttypes.h" compiles: YES 
Checking if "uintmax_t in stdint.h" compiles: YES 
Checking for size of "char" : 1 
Checking for size of "short" : 2 
Checking for size of "int" : 4 
Checking for size of "void*" : 8 
Checking for size of "long" : 8 
Checking for size of "long long" : 8 
Checking for size of "size_t" : 8 
Checking for size of "ssize_t" : 8 
Checking if "int64_t is long" compiles: NO 
Checking if "int64_t is long long" compiles: YES 
Checking for alignment of "char" : 1 
Checking for alignment of "short" : 2 
Checking for alignment of "int" : 4 
Checking for alignment of "void*" : 8 
Checking for alignment of "long" : 8 
Checking for alignment of "long long" : 8 
Checking for alignment of "size_t" : 8 
Checking for size of "wchar_t" : 4 
Checking if "GCC size_t typedef is long" compiles: YES 
Checking if "GCC size_t typedef is long long" compiles: NO 
Checking if "va_lists can be copied as values" runs: YES
Checking if "ISO C99 varargs macros in C" compiles: YES 
Checking if "ISO C99 varargs macros in C++" compiles: YES 
Checking if "GNUC varargs macros" compiles: YES 
Has header "alloca.h" : YES (cached)
Has header "sys/poll.h" : YES 
Has header "sys/types.h" : YES (cached)
Has header "winsock2.h" : NO 
Computing int of "POLLIN" : 1
Computing int of "POLLOUT" : 4
Computing int of "POLLPRI" : 2
Computing int of "POLLERR" : 8
Computing int of "POLLHUP" : 16
Computing int of "POLLNVAL" : 32
Computing int of "AF_UNIX" : 1
Computing int of "AF_INET" : 2
Computing int of "AF_INET6" : 30
Computing int of "MSG_OOB" : 1
Computing int of "MSG_PEEK" : 2
Computing int of "MSG_DONTROUTE" : 4
Checking for type "struct in6_addr" : YES 
Checking if "atomic ops" links: YES 
Checking if "sync swap" links: YES 
Run-time dependency threads found: YES
Header "pthread.h" has symbol "pthread_attr_setstacksize" : YES 
Header "pthread.h" has symbol "pthread_attr_setinheritsched" : YES 
Header "pthread.h" has symbol "pthread_condattr_setclock" : NO 
Header "pthread.h" has symbol "pthread_cond_timedwait_relative_np" : YES 
Header "pthread.h" has symbol "pthread_getname_np" : YES 
Header "pthread.h" has symbol "pthread_getaffinity_np" : NO 
Checking if "pthread_setname_np(const char*)" with dependency threads links: YES 
Checking if "stack grows check" runs: NO (1)
Run-time dependency iconv found: YES
Looking for a fallback subproject for the dependency libpcre2-8 because:
Use of fallback dependencies is forced.
Downloading pcre2 source from https://github.com/PCRE2Project/pcre2/releases/download/pcre2-10.44/pcre2-10.44.tar.bz2
Downloading pcre2 patch from https://wrapdb.mesonbuild.com/v2/pcre2_10.44-2/get_patch
Cloning into 'libffi'...
Initialized empty Git repository in /Users/runner/work/Rayforge-iOS-ipa/Rayforge-iOS-ipa/glib-src/subprojects/proxy-libintl/.git/
From https://github.com/frida/proxy-libintl
 * branch            33934de09af6a6627eb44e310a8079df009abdbb -> FETCH_HEAD
HEAD is now at 33934de Drop c_std=gnu99 to avoid Meson deprecation warning
Initialized empty Git repository in /Users/runner/work/Rayforge-iOS-ipa/Rayforge-iOS-ipa/glib-src/subprojects/sysprof/.git/
From https://gitlab.gnome.org/GNOME/sysprof
 * branch            02e50efa49885a5a20a84a8cd7feda10ae7e7e98 -> FETCH_HEAD
HEAD is now at 02e50ef Merge branch 'build-cleanup' into 'master'

Executing subproject pcre2 

pcre2| Project name: pcre2
pcre2| Project version: 10.44
pcre2| C compiler for the host machine: /Applications/Xcode_16.4.app/Contents/Developer/Toolchains/XcodeDefault.xctoolchain/usr/bin/clang (clang 17.0.0 "Apple clang version 17.0.0 (clang-1700.0.13.5)")
pcre2| C linker for the host machine: /Applications/Xcode_16.4.app/Contents/Developer/Toolchains/XcodeDefault.xctoolchain/usr/bin/clang ld64 1167.5
pcre2| C compiler for the build machine: cc (clang 17.0.0 "Apple clang version 17.0.0 (clang-1700.0.13.5)")
pcre2| C linker for the build machine: cc ld64 1167.5
pcre2| Compiler for C supports function attribute visibility:default: YES
pcre2| Checking for function "mkostemp" : NO
pcre2| Has header "sys/stat.h" : YES (cached)
pcre2| Has header "sys/types.h" : YES (cached)
pcre2| Has header "dirent.h" : YES (cached)
pcre2| Has header "windows.h" : NO
pcre2| Has header "unistd.h" : YES (cached)
pcre2| Checking for function "__builtin_mul_overflow" : YES
pcre2| Checking for function "bcopy" : YES
pcre2| Checking for function "memfd_create" : NO
pcre2| Checking for function "memmove" : YES
pcre2| Checking for function "realpath" : YES
pcre2| Checking for function "secure_getenv" : NO
pcre2| Checking for function "strerror" : YES
pcre2| Configuring pcre2.h using configuration
pcre2| Configuring config.h using configuration
pcre2| Found pkg-config: YES (/opt/homebrew/bin/pkg-config) 2.5.1
pcre2| Build targets in project: 5
pcre2| Subproject pcre2 finished.

Dependency libpcre2-8 for host machine from subproject subprojects/pcre2-10.44 found: YES 10.44

Executing subproject gvdb 

gvdb| Project name: gvdb
gvdb| Project version: 0.0
gvdb| C compiler for the host machine: /Applications/Xcode_16.4.app/Contents/Developer/Toolchains/XcodeDefault.xctoolchain/usr/bin/clang (clang 17.0.0 "Apple clang version 17.0.0 (clang-1700.0.13.5)")
gvdb| C linker for the host machine: /Applications/Xcode_16.4.app/Contents/Developer/Toolchains/XcodeDefault.xctoolchain/usr/bin/clang ld64 1167.5
gvdb| C compiler for the build machine: cc (clang 17.0.0 "Apple clang version 17.0.0 (clang-1700.0.13.5)")
gvdb| C linker for the build machine: cc ld64 1167.5
gvdb| Build targets in project: 5
gvdb| Subproject gvdb finished.

Dependency gvdb for host machine found: YES 0.0 (overridden)
Library m found: YES
Looking for a fallback subproject for the dependency libffi because:
Use of fallback dependencies is forced.

Executing subproject libffi 

libffi| Project name: libffi
libffi| Project version: 3.2.9999
libffi| C compiler for the host machine: /Applications/Xcode_16.4.app/Contents/Developer/Toolchains/XcodeDefault.xctoolchain/usr/bin/clang (clang 17.0.0 "Apple clang version 17.0.0 (clang-1700.0.13.5)")
libffi| C linker for the host machine: /Applications/Xcode_16.4.app/Contents/Developer/Toolchains/XcodeDefault.xctoolchain/usr/bin/clang ld64 1167.5
libffi| C compiler for the build machine: cc (clang 17.0.0 "Apple clang version 17.0.0 (clang-1700.0.13.5)")
libffi| C linker for the build machine: cc ld64 1167.5
libffi| Message: host cpu: aarch64
libffi| Message: host cpu_family: aarch64
libffi| Message: host system: darwin
libffi| Checking if "ASM .cfi" compiles: NO
libffi| Checking for size of "size_t" : 8
libffi| Checking for size of "long double" : 8
libffi| Checking for size of "double" : 8
libffi| Message: .eh_frame is hard-coded to ro
libffi| Message: Cannot use PROT_EXEC on this target, using fallback
libffi| Checking for function "memcpy" : YES
libffi| Checking for function "mkostemp" : YES
libffi| Has header "alloca.h" : YES (cached)
libffi| Has header "inttypes.h" : YES (cached)
libffi| Has header "stdint.h" : YES (cached)
libffi| Compiler for C supports function attribute visibility: YES
libffi| Program test-cc-supports-hidden-visibility.py found: YES (/opt/homebrew/opt/python@3.14/bin/python3.14 /Users/runner/work/Rayforge-iOS-ipa/Rayforge-iOS-ipa/glib-src/subprojects/libffi/test-cc-supports-hidden-visibility.py)
libffi| Message: .hidden pseudo-op is NOT available: .hidden not found in the outputted assembly
libffi| /Users/runner/work/Rayforge-iOS-ipa/Rayforge-iOS-ipa/glib-src/subprojects/libffi/test-cc-supports-hidden-visibility.py:21: SyntaxWarning: "\." is an invalid escape sequence. Such sequences will not work in the future. Did you mean "\\."? A raw string is also an option.
libffi| regex = re.compile('\.hidden.*foo')

libffi| Configuring fficonfig.h using configuration
libffi| Program msvcc.sh found: YES (/Users/runner/work/Rayforge-iOS-ipa/Rayforge-iOS-ipa/glib-src/subprojects/libffi/msvcc.sh)
libffi| Configuring ffi-aarch64.h using configuration
libffi| Configuring ffitarget.h using configuration
libffi| Configuring ffi.h using configuration
libffi| Compiler for C supports arguments -x assembler-with-cpp: NO
libffi| Build targets in project: 6
libffi| Subproject libffi finished.

Dependency libffi for host machine from subproject subprojects/libffi found: YES 3.2.9999
Found pkg-config: YES (/opt/homebrew/bin/pkg-config) 2.5.1
Run-time dependency zlib found: YES 1.2.12
Checking if "check for -latomic" links: NO 
Run-time dependency intl found: NO  (tried builtin and system)
Run-time dependency intl found: NO  (tried builtin and system)
Looking for a fallback subproject for the dependency intl

Executing subproject proxy-libintl 

proxy-libintl| Project name: proxy-libintl
proxy-libintl| Project version: 1
proxy-libintl| C compiler for the host machine: /Applications/Xcode_16.4.app/Contents/Developer/Toolchains/XcodeDefault.xctoolchain/usr/bin/clang (clang 17.0.0 "Apple clang version 17.0.0 (clang-1700.0.13.5)")
proxy-libintl| C linker for the host machine: /Applications/Xcode_16.4.app/Contents/Developer/Toolchains/XcodeDefault.xctoolchain/usr/bin/clang ld64 1167.5
proxy-libintl| C compiler for the build machine: cc (clang 17.0.0 "Apple clang version 17.0.0 (clang-1700.0.13.5)")
proxy-libintl| C linker for the build machine: cc ld64 1167.5
proxy-libintl| Build targets in project: 7
proxy-libintl| Subproject proxy-libintl finished.

Dependency intl for host machine from subproject subprojects/proxy-libintl found: YES 1
Checking for function "strlcpy" : YES 
Checking if "OpenBSD strlcpy/strlcat" runs: YES
Checking if "/proc/self/cmdline" runs: NO (1)
Program python3 found: YES (/opt/homebrew/opt/python@3.14/bin/python3.14)
Program bash found: YES (/bin/bash)
Found CMake: NO
Run-time dependency bash-completion found: NO  (tried pkg-config, framework and cmake)
Program sh found: YES (/bin/sh)
Program pkg-config found: YES
Program env found: YES (/usr/bin/env)
Program dtrace found: YES (/usr/sbin/dtrace)
Has header "sys/sdt.h" : NO 
Header "sys/ptrace.h" has symbol "PTRACE_O_EXITKILL" : NO 
Program g-ir-scanner found: YES 1.86.0 1.86.0 (/opt/homebrew/bin/g-ir-scanner)
Run-time dependency gobject-introspection-1.0 found: YES 1.86.0
Configuring glib-gettextize using configuration
Program gen-visibility-macros.py found: YES (/Users/runner/work/Rayforge-iOS-ipa/Rayforge-iOS-ipa/glib-src/tools/gen-visibility-macros.py)
Configuring glibconfig.h using configuration
Run-time dependency sysprof-capture-4 found: NO  (tried pkg-config, framework and cmake)
Looking for a fallback subproject for the dependency sysprof-capture-4

Executing subproject sysprof 

sysprof| Project name: sysprof
sysprof| Project version: 3.45.0
sysprof| C compiler for the host machine: /Applications/Xcode_16.4.app/Contents/Developer/Toolchains/XcodeDefault.xctoolchain/usr/bin/clang (clang 17.0.0 "Apple clang version 17.0.0 (clang-1700.0.13.5)")
sysprof| C linker for the host machine: /Applications/Xcode_16.4.app/Contents/Developer/Toolchains/XcodeDefault.xctoolchain/usr/bin/clang ld64 1167.5
sysprof| C compiler for the build machine: cc (clang 17.0.0 "Apple clang version 17.0.0 (clang-1700.0.13.5)")
sysprof| C linker for the build machine: cc ld64 1167.5
sysprof| Has header "execinfo.h" : YES
sysprof| Checking for function "strlcpy" : YES
sysprof| Checking for function "reallocarray" : NO
sysprof| Run-time dependency polkit-agent-1 found: NO  (tried pkg-config, framework and cmake)
sysprof| Run-time dependency polkit-gobject-1 found: NO  (tried pkg-config, framework and cmake)
sysprof| Run-time dependency libunwind-generic found: NO  (tried pkg-config and framework)

sysprof| glib-src/subprojects/sysprof/meson.build:87:18: Exception: Dependency "libunwind-generic" not found (tried pkg-config and framework)

Subproject subprojects/sysprof is buildable: NO (disabling)
Dependency sysprof-capture-4 for host machine from subproject sysprof found: NO (subproject failed to configure)
Configuring gtester-report using configuration
Configuring libglib-2.0.so.0.8400.4-gdb.py using configuration
Configuring glib-genmarshal using configuration
Configuring glib-mkenums using configuration
Configuring libgobject-2.0.so.0.8400.4-gdb.py using configuration
Checking if "dlsym() preceding underscores" runs: YES
Checking for function "dlerror" : YES 
Configuring gmoduleconf.h using configuration
Checking if "C_IN in public headers (no arpa/nameser_compat.h needed)" compiles: NO 
Checking if "arpa/nameser_compat.h needed for C_IN" compiles: YES 
Checking if "res_query()" links: NO 
Checking if "res_query() in -lresolv" links: YES 
Library resolv found: YES
Checking if "socket()" links: YES 
Checking if "dn_comp()" links: YES 
Checking if "res_nclose()" links: YES 
Checking if "res_ndestroy()" links: YES 
Checking if "res_ninit()" links: YES 
Checking if "res_nquery()" links: YES 
Checking for type "struct ip_mreqn" : YES 
Checking if "ioctl with request SIOCGIFADDR" compiles: YES 
Configuring gnetworking.h using configuration
Configuring gdbus-codegen using configuration
Configuring config.py using configuration
Message: Found bash-completion but the .pc file did not set 'completionsdir', fallback to a predefined path
Run-time dependency libelf found: NO  (tried pkg-config, framework and cmake)
Library elf found: NO
Compiler for C supports arguments -Wno-implicit-fallthrough: YES 
Compiler for C supports arguments -Wno-old-style-definition: YES 
Compiler for C supports arguments -Wno-suggest-attribute=noreturn: NO 
Compiler for C supports arguments -Wno-type-limits: YES 
Compiler for C supports arguments -Wno-undef: YES 
Compiler for C supports arguments -Wno-unused-parameter: YES (cached)
Compiler for C supports arguments -Wno-cast-align: YES 
Compiler for C supports arguments -Wno-unused-function: YES 
Compiler for C supports arguments -Wno-return-type: YES 
Compiler for C supports arguments -Wno-sometimes-uninitialized: YES 
Compiler for C supports arguments -Wno-old-style-definition: YES (cached)
Compiler for C supports arguments -Wno-type-limits: YES (cached)
Compiler for C supports arguments -Wno-old-style-definition: YES (cached)
Compiler for C supports arguments -Wno-cast-align: YES (cached)
Compiler for C supports arguments -Wno-unused-parameter: YES (cached)
Compiler for C supports arguments -Wno-duplicated-branches: NO 
Compiler for C supports arguments -Wno-cast-align: YES (cached)
Compiler for C supports arguments -Wno-unused-parameter: YES (cached)
Compiler for C supports arguments -Wno-duplicated-branches: NO (cached)
Compiler for C supports arguments -Wno-type-limits: YES (cached)
Compiler for C supports arguments -Wno-cast-align: YES (cached)
Compiler for C supports arguments -Wno-missing-field-initializers: YES 
Compiler for C supports arguments -Wno-old-style-definition: YES (cached)
Compiler for C supports arguments -Wno-cast-align: YES (cached)
Compiler for C supports arguments -Wno-unused-parameter: YES (cached)
Compiler for C supports arguments -Wno-duplicated-branches: NO (cached)
Dependency gobject-introspection-1.0 for host machine found: YES 1.86.0 (cached)
Dependency gobject-introspection-1.0 for host machine found: YES 1.86.0 (cached)
Program /opt/homebrew/opt/gobject-introspection/bin/g-ir-scanner found: YES (/opt/homebrew/opt/gobject-introspection/bin/g-ir-scanner)
Compiler for C supports arguments -Wno-old-style-definition: YES (cached)
Compiler for C supports arguments -Wno-cast-align: YES (cached)
Compiler for C supports arguments -Wno-unused-parameter: YES (cached)
Compiler for C supports arguments -Wno-duplicated-branches: NO (cached)
Compiler for C supports arguments -Wno-old-style-definition: YES (cached)
Compiler for C supports arguments -Wno-cast-align: YES (cached)
Compiler for C supports arguments -Wno-unused-parameter: YES (cached)
Compiler for C supports arguments -Wno-duplicated-branches: NO (cached)
Compiler for C supports arguments -Werror=unused-function: YES 
Library FuzzingEngine skipped: feature oss_fuzz disabled
Program xgettext skipped: feature nls disabled
Configuring config.h using configuration
Program rst2man rst2man.py skipped: feature man-pages disabled
Program rst2html5 rst2html5.py found: NO
Build targets in project: 97

glib 2.84.4

  Build environment
    host cpu            : aarch64
    host endian         : little
    host system         : ios
    C Compiler          : clang
    C++ Compiler        : clang
    shared build        : false
    static build        : true
    build cpu           : aarch64
    build endian        : little
    build system        : darwin

  Directories
    prefix              : /Users/runner/work/Rayforge-iOS-ipa/Rayforge-iOS-ipa/ios-out
    bindir              : /Users/runner/work/Rayforge-iOS-ipa/Rayforge-iOS-ipa/ios-out/bin
    libexecdir          : /Users/runner/work/Rayforge-iOS-ipa/Rayforge-iOS-ipa/ios-out/libexec
    pkgdatadir          : /Users/runner/work/Rayforge-iOS-ipa/Rayforge-iOS-ipa/ios-out/share/glib-2.0
    datadir             : /Users/runner/work/Rayforge-iOS-ipa/Rayforge-iOS-ipa/ios-out/share
    includedir          : /Users/runner/work/Rayforge-iOS-ipa/Rayforge-iOS-ipa/ios-out/include/glib-2.0
    giomodulesdir       : /Users/runner/work/Rayforge-iOS-ipa/Rayforge-iOS-ipa/ios-out/lib/gio/modules
    localstatedir       : /Users/runner/work/Rayforge-iOS-ipa/Rayforge-iOS-ipa/ios-out/var
    runstatedir         : /run

  Options
    xattr               : false
    man-pages           : disabled
    dtrace              : false
    systemtap           : false
    sysprof             : false
    documentation       : false
    bsymbolic_functions : true
    force_posix_threads : false
    tests               : false
    installed_tests     : false
    nls                 : disabled
    oss_fuzz            : disabled
    glib_debug          : enabled
    glib_assert         : true
    glib_checks         : true
    libelf              : auto
    multiarch           : false
    introspection       : true
    file_monitor_backend: auto

  Subprojects
    gvdb                : YES
    libffi              : YES
    pcre2               : YES
    proxy-libintl       : YES
    sysprof             : NO
                          Dependency "libunwind-generic" not found (tried pkg-config and framework)

  User defined options
    Cross files         : /Users/runner/work/Rayforge-iOS-ipa/Rayforge-iOS-ipa/cross-iso.txt
    buildtype           : release
    default_library     : static
    force_fallback_for  : pcre2,libffi
    introspection       : enabled
    pcre2:jit           : disabled
    libmount            : disabled
    man-pages           : disabled
    nls                 : disabled
    prefix              : /Users/runner/work/Rayforge-iOS-ipa/Rayforge-iOS-ipa/ios-out
    selinux             : disabled
    tests               : false
    xattr               : false

Found ninja-1.13.2 at /opt/homebrew/bin/ninja
+ ninja -C glib-build install
+ tee glib-install.log
ninja: Entering directory `glib-build'
[1/691] Generating glib/glib-visibility.h with a custom command
[2/691] Generating gobject/gobject-visibility.h with a custom command
[3/691] Generating glib/gversionmacros.h with a custom command
[4/691] Compiling C object glib/libcharset/libcharset.a.p/localcharset.c.o
[5/691] Compiling C object glib/libglib-2.0.a.p/deprecated_gallocator.c.o
[6/691] Copying file gio/gdbus-2.0/codegen/__init__.py
[7/691] Generating gmodule/gmodule-visibility.h with a custom command
[8/691] Compiling C object glib/libglib-2.0.a.p/deprecated_gcompletion.c.o
[9/691] Compiling C object glib/libglib-2.0.a.p/deprecated_gcache.c.o
[10/691] Compiling C object glib/libglib-2.0.a.p/garcbox.c.o
[11/691] Compiling C object glib/libglib-2.0.a.p/deprecated_grel.c.o
[12/691] Compiling C object glib/libglib-2.0.a.p/gatomic.c.o
[13/691] Compiling C object glib/libglib-2.0.a.p/deprecated_gthread-deprecated.c.o
[14/691] Generating gobject/glib_enumtypes_h with a custom command (wrapped by meson to capture output)
[15/691] Compiling C object glib/libglib-2.0.a.p/gbacktrace.c.o
[16/691] Compiling C object glib/libglib-2.0.a.p/gbase64.c.o
[17/691] Compiling C object glib/libglib-2.0.a.p/gasyncqueue.c.o
[18/691] Compiling C object glib/libglib-2.0.a.p/gbitlock.c.o
[19/691] Compiling C object glib/libglib-2.0.a.p/gbytes.c.o
[20/691] Compiling C object glib/libglib-2.0.a.p/gcharset.c.o
[21/691] Compiling C object glib/libglib-2.0.a.p/garray.c.o
[22/691] Compiling C object glib/libglib-2.0.a.p/gdataset.c.o
[23/691] Compiling C object glib/libglib-2.0.a.p/gconvert.c.o
[24/691] Compiling C object glib/libglib-2.0.a.p/gdatetime-private.c.o
[25/691] Compiling C object glib/libglib-2.0.a.p/gdir.c.o
[26/691] Compiling C object glib/libglib-2.0.a.p/gdate.c.o
[27/691] Compiling C object glib/libglib-2.0.a.p/genviron.c.o
[28/691] Compiling C object glib/libglib-2.0.a.p/gerror.c.o
[29/691] Compiling C object glib/libglib-2.0.a.p/gchecksum.c.o
[30/691] Compiling C object glib/libglib-2.0.a.p/ggettext.c.o
[31/691] Compiling C object glib/libglib-2.0.a.p/ghmac.c.o
[32/691] Compiling C object glib/libglib-2.0.a.p/gbookmarkfile.c.o
[33/691] Compiling C object glib/libglib-2.0.a.p/ghook.c.o
[34/691] Compiling C object glib/libglib-2.0.a.p/gdatetime.c.o
[35/691] Compiling C object glib/libglib-2.0.a.p/gfileutils.c.o
[36/691] Compiling C object glib/libglib-2.0.a.p/glib-init.c.o
[37/691] Compiling C object glib/libglib-2.0.a.p/ghostutils.c.o
[38/691] Compiling C object glib/libglib-2.0.a.p/glib-private.c.o
[39/691] Compiling C object glib/libglib-2.0.a.p/glist.c.o
[40/691] Compiling C object glib/libglib-2.0.a.p/ghash.c.o
[41/691] Compiling C object glib/libglib-2.0.a.p/gmappedfile.c.o
[42/691] Compiling C object glib/libglib-2.0.a.p/giochannel.c.o
[43/691] Compiling C object glib/libglib-2.0.a.p/gmem.c.o
[44/691] Compiling C object glib/libglib-2.0.a.p/gnode.c.o
[45/691] Compiling C object glib/libglib-2.0.a.p/gmessages.c.o
[46/691] Compiling C object glib/libglib-2.0.a.p/gkeyfile.c.o
[47/691] Compiling C object glib/libglib-2.0.a.p/gpathbuf.c.o
[48/691] Compiling C object glib/libglib-2.0.a.p/gmarkup.c.o
[49/691] Compiling C object glib/libglib-2.0.a.p/gpoll.c.o
[50/691] Compiling C object glib/libglib-2.0.a.p/gprimes.c.o
[51/691] Compiling C object glib/libglib-2.0.a.p/gpattern.c.o
[52/691] Compiling C object glib/libglib-2.0.a.p/gqsort.c.o
[53/691] Compiling C object glib/libglib-2.0.a.p/gquark.c.o
[54/691] Compiling C object glib/libglib-2.0.a.p/grand.c.o
[55/691] Compiling C object glib/libglib-2.0.a.p/grcbox.c.o
[56/691] Compiling C object glib/libglib-2.0.a.p/grefcount.c.o
[57/691] Compiling C object glib/libglib-2.0.a.p/gqueue.c.o
[58/691] Compiling C object glib/libglib-2.0.a.p/grefstring.c.o
[59/691] Compiling C object glib/libglib-2.0.a.p/goption.c.o
[60/691] Compiling C object glib/libglib-2.0.a.p/gmain.c.o
[61/691] Compiling C object glib/libglib-2.0.a.p/gshell.c.o
[62/691] Compiling C object glib/libglib-2.0.a.p/gslice.c.o
[63/691] Compiling C object glib/libglib-2.0.a.p/gslist.c.o
[64/691] Compiling C object glib/libglib-2.0.a.p/gspawn.c.o
[65/691] Compiling C object glib/libglib-2.0.a.p/gscanner.c.o
[66/691] Compiling C object glib/libglib-2.0.a.p/gsequence.c.o
[67/691] Compiling C object glib/libglib-2.0.a.p/gstdio.c.o
[68/691] Compiling C object glib/libglib-2.0.a.p/gstringchunk.c.o
[69/691] Compiling C object glib/libglib-2.0.a.p/gstrvbuilder.c.o
[70/691] Compiling C object glib/libglib-2.0.a.p/gregex.c.o
[71/691] Compiling C object glib/libglib-2.0.a.p/gthreadpool.c.o
[72/691] Compiling C object glib/libglib-2.0.a.p/gstring.c.o
[73/691] Compiling C object glib/libglib-2.0.a.p/gthread.c.o
[74/691] Compiling C object glib/libglib-2.0.a.p/gtimer.c.o
[75/691] Compiling C object glib/libglib-2.0.a.p/gtrace.c.o
[76/691] Compiling C object glib/libglib-2.0.a.p/gtrashstack.c.o
[77/691] Compiling C object glib/libglib-2.0.a.p/gstrfuncs.c.o
[78/691] Compiling C object glib/libglib-2.0.a.p/gtranslit.c.o
[79/691] Compiling C object glib/libglib-2.0.a.p/gtree.c.o
[80/691] Compiling C object glib/libglib-2.0.a.p/gunibreak.c.o
[81/691] Compiling C object glib/libglib-2.0.a.p/gtimezone.c.o
[82/691] Compiling C object glib/libglib-2.0.a.p/gunicollate.c.o
[83/691] Compiling C object glib/libglib-2.0.a.p/gtestutils.c.o
[84/691] Compiling C object glib/libglib-2.0.a.p/gutf8.c.o
[85/691] Compiling C object glib/libglib-2.0.a.p/guniprop.c.o
[86/691] Compiling C object glib/libglib-2.0.a.p/gunidecomp.c.o
[87/691] Compiling C object glib/libglib-2.0.a.p/guuid.c.o
[88/691] Compiling C object glib/libglib-2.0.a.p/gvariant-core.c.o
[89/691] Compiling C object glib/libglib-2.0.a.p/gutils.c.o
[90/691] Compiling C object glib/libglib-2.0.a.p/gvarianttypeinfo.c.o
[91/691] Compiling C object glib/libglib-2.0.a.p/guri.c.o
[92/691] Compiling C object glib/libglib-2.0.a.p/gversion.c.o
[93/691] Compiling C object glib/libglib-2.0.a.p/gwakeup.c.o
[94/691] Compiling C object glib/libglib-2.0.a.p/gvarianttype.c.o
[95/691] Compiling C object glib/libglib-2.0.a.p/gprintf.c.o
[96/691] Compiling C object glib/libglib-2.0.a.p/glib-unix.c.o
[97/691] Compiling C object glib/libglib-2.0.a.p/giounix.c.o
[98/691] Compiling C object glib/libglib-2.0.a.p/gvariant-serialiser.c.o
[99/691] Copying file gio/gdbus-2.0/codegen/codegen.py
[100/691] Copying file gio/gdbus-2.0/codegen/codegen_main.py
[101/691] Compiling C object glib/libglib-2.0.a.p/gvariant-parser.c.o
[102/691] Copying file gio/gdbus-2.0/codegen/codegen_docbook.py
[103/691] Copying file gio/gdbus-2.0/codegen/codegen_md.py
[104/691] Generating gobject/glib_enumtypes_c with a custom command (wrapped by meson to capture output)
[105/691] Copying file gio/gdbus-2.0/codegen/codegen_rst.py
[106/691] Copying file gio/gdbus-2.0/codegen/parser.py
[107/691] Copying file gio/gdbus-2.0/codegen/dbustypes.py
[108/691] Copying file gio/gdbus-2.0/codegen/utils.py
[109/691] Compiling C object gobject/libgobject-2.0.a.p/meson-generated_.._glib-enumtypes.c.o
[110/691] Compiling C object gobject/libgobject-2.0.a.p/gatomicarray.c.o
[111/691] Compiling C object glib/libglib-2.0.a.p/gspawn-posix.c.o
[112/691] Compiling C object gobject/libgobject-2.0.a.p/gbindinggroup.c.o
[113/691] Compiling C object glib/libglib-2.0.a.p/gvariant.c.o
[114/691] Compiling C object gobject/libgobject-2.0.a.p/gbinding.c.o
[115/691] Compiling C object gobject/libgobject-2.0.a.p/genums.c.o
[116/691] Compiling C object gobject/libgobject-2.0.a.p/gboxed.c.o
[117/691] Compiling C object gobject/libgobject-2.0.a.p/gclosure.c.o
[118/691] Generating gio/gioenumtypes_h with a custom command (wrapped by meson to capture output)
[119/691] Compiling C object gobject/libgobject-2.0.a.p/gmarshal.c.o
[120/691] Compiling C object gobject/libgobject-2.0.a.p/gparam.c.o
[121/691] Compiling C object gobject/libgobject-2.0.a.p/gparamspecs.c.o
[122/691] Compiling C object gobject/libgobject-2.0.a.p/gsourceclosure.c.o
[123/691] Compiling C object gobject/libgobject-2.0.a.p/gsignalgroup.c.o
[124/691] Compiling C object gobject/libgobject-2.0.a.p/gtypemodule.c.o
[125/691] Compiling C object gobject/libgobject-2.0.a.p/gtypeplugin.c.o
[126/691] Compiling C object gobject/libgobject-2.0.a.p/gobject.c.o
[127/691] Compiling C object gobject/libgobject-2.0.a.p/gvaluearray.c.o
[128/691] Compiling C object gobject/libgobject-2.0.a.p/gvalue.c.o
[129/691] Compiling C object gobject/libgobject-2.0.a.p/gvaluetransform.c.o
[130/691] Compiling C object gmodule/libgmodule-2.0.a.p/gmodule.c.o
../glib-src/gmodule/gmodule.c:603:37: warning: Deprecated pre-processor symbol [-W#pragma-messages]
  603 |         name = g_strconcat (file_name, "." G_MODULE_SUFFIX, NULL);
      |                                            ^
glib/glibconfig.h:195:30: note: expanded from macro 'G_MODULE_SUFFIX'
  195 | #define G_MODULE_SUFFIX "so" GLIB_DEPRECATED_MACRO_IN_2_76
      |                              ^
./glib/glib-visibility.h:889:39: note: expanded from macro 'GLIB_DEPRECATED_MACRO_IN_2_76'
  889 | #define GLIB_DEPRECATED_MACRO_IN_2_76 GLIB_DEPRECATED_MACRO
      |                                       ^
../glib-src/glib/gmacros.h:1302:31: note: expanded from macro 'GLIB_DEPRECATED_MACRO'
 1302 | #define GLIB_DEPRECATED_MACRO _GLIB_GNUC_DO_PRAGMA(GCC warning "Deprecated pre-processor symbol")
      |                               ^
../glib-src/glib/gmacros.h:1301:33: note: expanded from macro '_GLIB_GNUC_DO_PRAGMA'
 1301 | #define _GLIB_GNUC_DO_PRAGMA(x) _Pragma(G_STRINGIFY (x))
      |                                 ^
<scratch space>:12:6: note: expanded from here
   12 |  GCC warning "Deprecated pre-processor symbol"
      |      ^
1 warning generated.
[131/691] Compiling C object gmodule/libgmodule-2.0.a.p/gmodule-deprecated.c.o
[132/691] Compiling C object gobject/libgobject-2.0.a.p/gvaluetypes.c.o
[133/691] Compiling C object gobject/libgobject-2.0.a.p/gsignal.c.o
[134/691] Generating gio/gdbus-daemon-generated with a custom command
[135/691] Generating gio/gio-visibility.h with a custom command
[136/691] Generating gio/xdp-dbus with a custom command
[137/691] Compiling C object gio/xdgmime/libxdgmime.a.p/xdgmime.c.o
[138/691] Compiling C object gio/xdgmime/libxdgmime.a.p/xdgmimealias.c.o
[139/691] Compiling C object gobject/libgobject-2.0.a.p/gtype.c.o
[140/691] Linking static target glib/libglib-2.0.a
[141/691] Compiling C object gio/xdgmime/libxdgmime.a.p/xdgmimecache.c.o
[142/691] Compiling C object gio/xdgmime/libxdgmime.a.p/xdgmimeicon.c.o
[143/691] Compiling C object gio/xdgmime/libxdgmime.a.p/xdgmimeglob.c.o
[144/691] Generating gio/gioenumtypes_c with a custom command (wrapped by meson to capture output)
[145/691] Compiling C object gio/xdgmime/libxdgmime.a.p/xdgmimeint.c.o
[146/691] Compiling C object gio/xdgmime/libxdgmime.a.p/xdgmimeparent.c.o
[147/691] Compiling C object gio/xdgmime/libxdgmime.a.p/xdgmimemagic.c.o
[148/691] Compiling C object gio/kqueue/libkqueue.a.p/gkqueuefilemonitor.c.o
[149/691] Compiling C object gio/kqueue/libkqueue.a.p/kqueue-helper.c.o
[150/691] Compiling C object gio/kqueue/libkqueue.a.p/kqueue-missing.c.o
[151/691] Compiling C object gio/kqueue/libkqueue.a.p/dep-list.c.o
[152/691] Linking static target gmodule/libgmodule-2.0.a
[153/691] Compiling C object gio/libgio-2.0.a.p/meson-generated_.._gioenumtypes.c.o
[154/691] Compiling C object gio/libgio-2.0.a.p/meson-generated_.._gdbus-daemon-generated.c.o
[155/691] Compiling C object gio/libgio-2.0.a.p/gasynchelper.c.o
[156/691] Compiling C object gio/libgio-2.0.a.p/gappinfo.c.o
[157/691] Compiling C object gio/libgio-2.0.a.p/gasyncinitable.c.o
[158/691] Compiling C object gio/libgio-2.0.a.p/gasyncresult.c.o
[159/691] Compiling C object gio/libgio-2.0.a.p/gbytesicon.c.o
[160/691] Compiling C object gio/libgio-2.0.a.p/gbufferedoutputstream.c.o
[161/691] Compiling C object gio/libgio-2.0.a.p/gbufferedinputstream.c.o
[162/691] Compiling C object gio/libgio-2.0.a.p/gcharsetconverter.c.o
[163/691] Compiling C object gio/libgio-2.0.a.p/gcancellable.c.o
[164/691] Compiling C object gio/libgio-2.0.a.p/gcontenttype.c.o
[165/691] Compiling C object gio/libgio-2.0.a.p/gconverter.c.o
[166/691] Linking static target gobject/libgobject-2.0.a
[167/691] Compiling C object gio/libgio-2.0.a.p/gcontextspecificgroup.c.o
[168/691] Compiling C object gio/libgio-2.0.a.p/gcredentials.c.o
[169/691] Compiling C object gio/libgio-2.0.a.p/gdatagrambased.c.o
[170/691] Compiling C object gio/libgio-2.0.a.p/meson-generated_.._xdp-dbus.c.o
[171/691] Compiling C object gio/libgio-2.0.a.p/gconverterinputstream.c.o
[172/691] Compiling C object gio/libgio-2.0.a.p/gdebugcontroller.c.o
[173/691] Compiling C object gio/libgio-2.0.a.p/gdataoutputstream.c.o
[174/691] Compiling C object gio/libgio-2.0.a.p/gconverteroutputstream.c.o
[175/691] Compiling C object gio/libgio-2.0.a.p/gdummyproxyresolver.c.o
[176/691] Compiling C object gio/libgio-2.0.a.p/gdatainputstream.c.o
[177/691] Compiling C object gio/libgio-2.0.a.p/gdebugcontrollerdbus.c.o
[178/691] Compiling C object gio/libgio-2.0.a.p/gdrive.c.o
[179/691] Compiling C object gio/libgio-2.0.a.p/gdummytlsbackend.c.o
[180/691] Compiling C object gio/libgio-2.0.a.p/gemblem.c.o
[181/691] Compiling C object gio/libgio-2.0.a.p/gemblemedicon.c.o
[182/691] Compiling C object gio/libgio-2.0.a.p/gdummyfile.c.o
[183/691] Compiling C object gio/libgio-2.0.a.p/gfileicon.c.o
[184/691] Compiling C object gio/libgio-2.0.a.p/gfileattribute.c.o
[185/691] Compiling C object gio/libgio-2.0.a.p/gfileinputstream.c.o
[186/691] Compiling C object gio/libgio-2.0.a.p/gfileenumerator.c.o
[187/691] Compiling C object gio/libgio-2.0.a.p/gfilemonitor.c.o
[188/691] Compiling C object gio/libgio-2.0.a.p/gfilenamecompleter.c.o
[189/691] Compiling C object gio/libgio-2.0.a.p/gfileoutputstream.c.o
[190/691] Compiling C object gio/libgio-2.0.a.p/gfileiostream.c.o
[191/691] Compiling C object gio/libgio-2.0.a.p/gfilterinputstream.c.o
[192/691] Compiling C object gio/libgio-2.0.a.p/gfilteroutputstream.c.o
[193/691] Compiling C object gio/libgio-2.0.a.p/gicon.c.o
[194/691] Compiling C object gio/libgio-2.0.a.p/ginetaddress.c.o
[195/691] Compiling C object gio/libgio-2.0.a.p/ginetaddressmask.c.o
[196/691] Compiling C object gio/libgio-2.0.a.p/ginitable.c.o
[197/691] Compiling C object gio/libgio-2.0.a.p/ginetsocketaddress.c.o
[198/691] Compiling C object gio/libgio-2.0.a.p/gioerror.c.o
[199/691] Compiling C object gio/libgio-2.0.a.p/giomodule-priv.c.o
[200/691] Compiling C object gio/libgio-2.0.a.p/gioscheduler.c.o
[201/691] Compiling C object gio/libgio-2.0.a.p/ginputstream.c.o
[202/691] Compiling C object gio/libgio-2.0.a.p/giomodule.c.o
[203/691] Compiling C object gio/libgio-2.0.a.p/gloadableicon.c.o
[204/691] Compiling C object gio/libgio-2.0.a.p/giostream.c.o
[205/691] Compiling C object gio/libgio-2.0.a.p/gmemorymonitor.c.o
[206/691] Compiling C object gio/libgio-2.0.a.p/gfileinfo.c.o
[207/691] Compiling C object gio/libgio-2.0.a.p/gmount.c.o
[208/691] Compiling C object gio/libgio-2.0.a.p/gmemorymonitordbus.c.o
[209/691] Compiling C object gio/libgio-2.0.a.p/gmarshal-internal.c.o
[210/691] Compiling C object gio/libgio-2.0.a.p/gnativesocketaddress.c.o
[211/691] Compiling C object gio/libgio-2.0.a.p/gmountoperation.c.o
[212/691] Compiling C object gio/libgio-2.0.a.p/gmemoryinputstream.c.o
[213/691] Compiling C object gio/libgio-2.0.a.p/gfile.c.o
[214/691] Compiling C object gio/libgio-2.0.a.p/gnativevolumemonitor.c.o
[215/691] Compiling C object gio/libgio-2.0.a.p/gnetworking.c.o
[216/691] Compiling C object gio/libgio-2.0.a.p/gnetworkmonitor.c.o
[217/691] Compiling C object gio/libgio-2.0.a.p/gmemoryoutputstream.c.o
[218/691] Compiling C object gio/libgio-2.0.a.p/gnetworkmonitorbase.c.o
[219/691] Compiling C object gio/libgio-2.0.a.p/gpermission.c.o
[220/691] Compiling C object gio/libgio-2.0.a.p/gnetworkservice.c.o
[221/691] Compiling C object gio/libgio-2.0.a.p/gnetworkaddress.c.o
[222/691] Compiling C object gio/libgio-2.0.a.p/gpollfilemonitor.c.o
[223/691] Compiling C object gio/libgio-2.0.a.p/gpollableinputstream.c.o
[224/691] Compiling C object gio/libgio-2.0.a.p/gpollableutils.c.o
[225/691] Compiling C object gio/libgio-2.0.a.p/gpowerprofilemonitor.c.o
[226/691] Compiling C object gio/libgio-2.0.a.p/gpollableoutputstream.c.o
[227/691] Compiling C object gio/libgio-2.0.a.p/gpowerprofilemonitordbus.c.o
[228/691] Compiling C object gio/libgio-2.0.a.p/gproxy.c.o
[229/691] Compiling C object gio/libgio-2.0.a.p/gproxyaddress.c.o
[230/691] Compiling C object gio/libgio-2.0.a.p/gproxyresolver.c.o
[231/691] Compiling C object gio/libgio-2.0.a.p/gproxyaddressenumerator.c.o
[232/691] Compiling C object gio/libgio-2.0.a.p/gseekable.c.o
[233/691] Compiling C object gio/libgio-2.0.a.p/gresource.c.o
[234/691] Compiling C object gio/libgio-2.0.a.p/goutputstream.c.o
[235/691] Compiling C object gio/libgio-2.0.a.p/gresourcefile.c.o
[236/691] Compiling C object gio/libgio-2.0.a.p/gsimplepermission.c.o
[237/691] Compiling C object gio/libgio-2.0.a.p/gresolver.c.o
[238/691] Compiling C object gio/libgio-2.0.a.p/gsimpleiostream.c.o
[239/691] Compiling C object gio/libgio-2.0.a.p/gsimpleasyncresult.c.o
[240/691] Compiling C object gio/libgio-2.0.a.p/gsocketaddressenumerator.c.o
[241/691] Compiling C object gio/libgio-2.0.a.p/gsimpleproxyresolver.c.o
[242/691] Compiling C object gio/libgio-2.0.a.p/gsocketconnectable.c.o
[243/691] Compiling C object gio/libgio-2.0.a.p/gsocketaddress.c.o
[244/691] Compiling C object gio/libgio-2.0.a.p/gsocketconnection.c.o
[245/691] Compiling C object gio/libgio-2.0.a.p/gsocketcontrolmessage.c.o
[246/691] Compiling C object gio/libgio-2.0.a.p/gsocketinputstream.c.o
[247/691] Compiling C object gio/libgio-2.0.a.p/gsocketclient.c.o
[248/691] Compiling C object gio/libgio-2.0.a.p/gsrvtarget.c.o
[249/691] Compiling C object gio/libgio-2.0.a.p/gsocketservice.c.o
[250/691] Compiling C object gio/libgio-2.0.a.p/gsocketoutputstream.c.o
[251/691] Compiling C object gio/libgio-2.0.a.p/gsocketlistener.c.o
[252/691] Compiling C object gio/libgio-2.0.a.p/gsubprocesslauncher.c.o
[253/691] Compiling C object gio/libgio-2.0.a.p/gtcpconnection.c.o
[254/691] Compiling C object gio/libgio-2.0.a.p/gtcpwrapperconnection.c.o
[255/691] Compiling C object gio/libgio-2.0.a.p/gsocket.c.o
[256/691] Compiling C object gio/libgio-2.0.a.p/gtask.c.o
[257/691] Compiling C object gio/libgio-2.0.a.p/gthreadedsocketservice.c.o
[258/691] Compiling C object gio/libgio-2.0.a.p/gthemedicon.c.o
[259/691] Compiling C object gio/libgio-2.0.a.p/gtlsbackend.c.o
[260/691] Compiling C object gio/libgio-2.0.a.p/gtlsclientconnection.c.o
[261/691] Compiling C object gio/libgio-2.0.a.p/gtlscertificate.c.o
[262/691] Compiling C object gio/libgio-2.0.a.p/gsubprocess.c.o
[263/691] Compiling C object gio/libgio-2.0.a.p/gtlsfiledatabase.c.o
[264/691] Compiling C object gio/libgio-2.0.a.p/gtlsconnection.c.o
[265/691] Compiling C object gio/libgio-2.0.a.p/gtlsserverconnection.c.o
[266/691] Compiling C object gio/libgio-2.0.a.p/gtlspassword.c.o
[267/691] Compiling C object gio/libgio-2.0.a.p/gtlsdatabase.c.o
[268/691] Compiling C object gio/libgio-2.0.a.p/gtlsinteraction.c.o
[269/691] Compiling C object gio/libgio-2.0.a.p/gthreadedresolver.c.o
[270/691] Compiling C object gio/libgio-2.0.a.p/gdtlsclientconnection.c.o
[271/691] Compiling C object gio/libgio-2.0.a.p/gdtlsserverconnection.c.o
[272/691] Compiling C object gio/libgio-2.0.a.p/gunionvolumemonitor.c.o
[273/691] Compiling C object gio/libgio-2.0.a.p/gunixconnection.c.o
[274/691] Compiling C object gio/libgio-2.0.a.p/gdtlsconnection.c.o
[275/691] Compiling C object gio/libgio-2.0.a.p/gvfs.c.o
[276/691] Compiling C object gio/libgio-2.0.a.p/gunixcredentialsmessage.c.o
[277/691] Compiling C object gio/libgio-2.0.a.p/gunixfdlist.c.o
[278/691] Compiling C object gio/libgio-2.0.a.p/gvolumemonitor.c.o
[279/691] Compiling C object gio/libgio-2.0.a.p/gunixsocketaddress.c.o
[280/691] Compiling C object gio/libgio-2.0.a.p/gzlibcompressor.c.o
[281/691] Compiling C object gio/libgio-2.0.a.p/gzlibdecompressor.c.o
[282/691] Compiling C object gio/libgio-2.0.a.p/gvolume.c.o
[283/691] Compiling C object gio/libgio-2.0.a.p/glistmodel.c.o
[284/691] Compiling C object gio/libgio-2.0.a.p/gliststore.c.o
[285/691] Compiling C object gio/libgio-2.0.a.p/gfiledescriptorbased.c.o
[286/691] Compiling C object gio/libgio-2.0.a.p/giounix-private.c.o
[287/691] Compiling C object gio/libgio-2.0.a.p/gcontenttype-fdo.c.o
[288/691] Compiling C object gio/libgio-2.0.a.p/gunixfdmessage.c.o
[289/691] Compiling C object gio/libgio-2.0.a.p/gunixmount.c.o
[290/691] Compiling C object gio/libgio-2.0.a.p/gunixinputstream.c.o
[291/691] Compiling C object gio/libgio-2.0.a.p/gunixvolumemonitor.c.o
[292/691] Compiling C object gio/libgio-2.0.a.p/gunixvolume.c.o
[293/691] Compiling C object gio/libgio-2.0.a.p/ggtknotificationbackend.c.o
[294/691] Compiling C object gio/libgio-2.0.a.p/gdbusdaemon.c.o
[295/691] Compiling C object gio/libgio-2.0.a.p/gfdonotificationbackend.c.o
[296/691] Compiling C object gio/libgio-2.0.a.p/gunixoutputstream.c.o
[297/691] Compiling C object gio/libgio-2.0.a.p/gunixmounts.c.o
[298/691] Compiling C object gio/libgio-2.0.a.p/gapplicationcommandline.c.o
[299/691] Compiling C object gio/libgio-2.0.a.p/gactionmap.c.o
[300/691] Compiling C object gio/libgio-2.0.a.p/gactiongroup.c.o
[301/691] Compiling C object gio/libgio-2.0.a.p/gremoteactiongroup.c.o
[302/691] Compiling C object gio/libgio-2.0.a.p/gsimpleactiongroup.c.o
[303/691] Compiling C object gio/libgio-2.0.a.p/gapplication.c.o
[304/691] Compiling C object gio/libgio-2.0.a.p/gactiongroupexporter.c.o
[305/691] Compiling C object gio/libgio-2.0.a.p/gdbusactiongroup.c.o
[306/691] Compiling C object gio/libgio-2.0.a.p/gaction.c.o
[307/691] Compiling C object gio/libgio-2.0.a.p/gpropertyaction.c.o
[308/691] Compiling C object gio/libgio-2.0.a.p/gapplicationimpl-dbus.c.o
[309/691] Compiling C object gio/libgio-2.0.a.p/gsimpleaction.c.o
[310/691] Compiling C object gio/libgio-2.0.a.p/gmenumodel.c.o
[311/691] Compiling C object gio/libgio-2.0.a.p/gdbusmenumodel.c.o
[312/691] Compiling C object gio/libgio-2.0.a.p/gmenuexporter.c.o
[313/691] Compiling C object gio/libgio-2.0.a.p/gmenu.c.o
[314/691] Compiling C object gio/libgio-2.0.a.p/gnotificationbackend.c.o
[315/691] Compiling C object gio/libgio-2.0.a.p/gdelayedsettingsbackend.c.o
[316/691] Compiling C object gio/libgio-2.0.a.p/gnotification.c.o
[317/691] Compiling C object gio/libgio-2.0.a.p/gmemorysettingsbackend.c.o
[318/691] Compiling C object gio/libgio-2.0.a.p/gnullsettingsbackend.c.o
[319/691] Compiling C object gio/libgio-2.0.a.p/gkeyfilesettingsbackend.c.o
[320/691] Compiling C object gio/libgio-2.0.a.p/gsettings-mapping.c.o
[321/691] Compiling C object gio/libgio-2.0.a.p/gsettingsbackend.c.o
[322/691] Compiling C object gio/libgio-2.0.a.p/gdbusutils.c.o
[323/691] Compiling C object gio/libgio-2.0.a.p/gdesktopappinfo.c.o
[324/691] Compiling C object gio/libgio-2.0.a.p/gdbusauthobserver.c.o
[325/691] Compiling C object gio/libgio-2.0.a.p/gsettingsschema.c.o
[326/691] Compiling C object gio/libgio-2.0.a.p/gdbusauthmechanismanon.c.o
[327/691] Compiling C object gio/libgio-2.0.a.p/gdbusauthmechanism.c.o
[328/691] Compiling C object gio/libgio-2.0.a.p/gdbusaddress.c.o
[329/691] Compiling C object gio/libgio-2.0.a.p/gsettings.c.o
[330/691] Compiling C object gio/libgio-2.0.a.p/gdbusauthmechanismexternal.c.o
[331/691] Compiling C object gio/libgio-2.0.a.p/gdbuserror.c.o
[332/691] Compiling C object gio/libgio-2.0.a.p/gdbusauthmechanismsha1.c.o
[333/691] Compiling C object gio/libgio-2.0.a.p/gdbusnameowning.c.o
[334/691] Compiling C object gio/libgio-2.0.a.p/gdbusauth.c.o
[335/691] Compiling C object gio/libgio-2.0.a.p/gdbusnamewatching.c.o
[336/691] Compiling C object gio/libgio-2.0.a.p/gdbusproxy.c.o
[337/691] Compiling C object gio/libgio-2.0.a.p/gdbusintrospection.c.o
[338/691] Compiling C object gio/libgio-2.0.a.p/gdbusprivate.c.o
[339/691] Compiling C object gio/libgio-2.0.a.p/gdbusinterface.c.o
[340/691] Compiling C object gio/libgio-2.0.a.p/gdbusmessage.c.o
[341/691] Compiling C object gio/libgio-2.0.a.p/gdbusmethodinvocation.c.o
[342/691] Compiling C object gio/libgio-2.0.a.p/gdbusobject.c.o
[343/691] Compiling C object gio/libgio-2.0.a.p/gdbusserver.c.o
[344/691] Compiling C object gio/libgio-2.0.a.p/gdbusinterfaceskeleton.c.o
[345/691] Compiling C object gio/libgio-2.0.a.p/gdbusobjectskeleton.c.o
[346/691] Compiling C object gio/libgio-2.0.a.p/gdbusobjectmanager.c.o
[347/691] Compiling C object gio/libgio-2.0.a.p/gdbusobjectproxy.c.o
[348/691] Compiling C object gio/libgio-2.0.a.p/gtestdbus.c.o
[349/691] Compiling C object gio/libgio-2.0.a.p/gdocumentportal.c.o
[350/691] Compiling C object gio/libgio-2.0.a.p/gdbusobjectmanagerserver.c.o
[351/691] Compiling C object gio/libgio-2.0.a.p/gdbusobjectmanagerclient.c.o
[352/691] Compiling C object gio/libgio-2.0.a.p/gopenuriportal.c.o
[353/691] Compiling C object gio/libgio-2.0.a.p/gpowerprofilemonitorportal.c.o
[354/691] Compiling C object gio/libgio-2.0.a.p/gdbusconnection.c.o
[355/691] Compiling C object gio/libgio-2.0.a.p/gmemorymonitorportal.c.o
[356/691] Compiling C object gio/libgio-2.0.a.p/gportalnotificationbackend.c.o
[357/691] Compiling C object gio/libgio-2.0.a.p/gproxyresolverportal.c.o
[358/691] Compiling C object gio/libgio-2.0.a.p/gnetworkmonitorportal.c.o
[359/691] Compiling C object gio/libgio-2.0.a.p/gtrashportal.c.o
[360/691] Compiling C object gio/libgio-2.0.a.p/gportalsupport.c.o
[361/691] Compiling C object gio/libgio-2.0.a.p/ghttpproxy.c.o
[362/691] Compiling C object gio/libgio-2.0.a.p/gsandbox.c.o
[363/691] Compiling C object gio/libgio-2.0.a.p/glocalfileenumerator.c.o
[364/691] Compiling C object gio/libgio-2.0.a.p/glocalfileinputstream.c.o
[365/691] Compiling C object gio/libgio-2.0.a.p/glocalfileinfo.c.o
[366/691] Compiling C object gio/libgio-2.0.a.p/glocalfilemonitor.c.o
[367/691] Compiling C object gio/libgio-2.0.a.p/glocalfileiostream.c.o
[368/691] Compiling C object gio/libgio-2.0.a.p/gsocks4proxy.c.o
[369/691] Compiling C object gio/libgio-2.0.a.p/gsocks4aproxy.c.o
[370/691] Compiling C object gio/libgio-2.0.a.p/glocalvfs.c.o
[371/691] Compiling C object gio/libgio-2.0.a.p/glocalfileoutputstream.c.o
[372/691] Compiling C object gio/libgio-2.0.a.p/glocalfile.c.o
[373/691] Compiling C object gio/libgio-2.0.a.p/thumbnail-verify.c.o
[374/691] Compiling C object gio/libgio-2.0.a.p/gsocks5proxy.c.o
[375/691] Compiling C object gio/libgio-2.0.a.p/.._subprojects_gvdb_gvdb_gvdb-reader.c.o
[376/691] Generating girepository/gi-visibility.h with a custom command
[377/691] Compiling C object subprojects/pcre2-10.44/libpcre2-8.a.p/src_pcre2_chkdint.c.o
[378/691] Compiling C object subprojects/pcre2-10.44/libpcre2-8.a.p/src_pcre2_config.c.o
[379/691] Compiling C object subprojects/pcre2-10.44/libpcre2-8.a.p/src_pcre2_context.c.o
[380/691] Compiling C object subprojects/pcre2-10.44/libpcre2-8.a.p/src_pcre2_auto_possess.c.o
[381/691] Compiling C object gio/libgio-2.0.a.p/.._subprojects_gvdb_gvdb_gvdb-builder.c.o
[382/691] Compiling C object subprojects/pcre2-10.44/libpcre2-8.a.p/src_pcre2_error.c.o
../glib-src/subprojects/pcre2-10.44/src/pcre2_error.c:66:3: warning: string literal of length 4534 exceeds maximum length 4095 that ISO C99 compilers are required to support [-Woverlength-strings]
   66 |   "no error\0"
      |   ^~~~~~~~~~~~
   67 |   "\\ at end of pattern\0"
      |   ~~~~~~~~~~~~~~~~~~~~~~~~
   68 |   "\\c at end of pattern\0"
      |   ~~~~~~~~~~~~~~~~~~~~~~~~~
   69 |   "unrecognized character follows \\\0"
      |   ~~~~~~~~~~~~~~~~~~~~~~~~~~~~~~~~~~~~~
   70 |   "numbers out of order in {} quantifier\0"
      |   ~~~~~~~~~~~~~~~~~~~~~~~~~~~~~~~~~~~~~~~~~
   71 |   /* 5 */
      |   ~~~~~~~
   72 |   "number too big in {} quantifier\0"
      |   ~~~~~~~~~~~~~~~~~~~~~~~~~~~~~~~~~~~
   73 |   "missing terminating ] for character class\0"
      |   ~~~~~~~~~~~~~~~~~~~~~~~~~~~~~~~~~~~~~~~~~~~~~
   74 |   "escape sequence is invalid in character class\0"
      |   ~~~~~~~~~~~~~~~~~~~~~~~~~~~~~~~~~~~~~~~~~~~~~~~~~
   75 |   "range out of order in character class\0"
      |   ~~~~~~~~~~~~~~~~~~~~~~~~~~~~~~~~~~~~~~~~~
   76 |   "quantifier does not follow a repeatable item\0"
      |   ~~~~~~~~~~~~~~~~~~~~~~~~~~~~~~~~~~~~~~~~~~~~~~~~
   77 |   /* 10 */
      |   ~~~~~~~~
   78 |   "internal error: unexpected repeat\0"
      |   ~~~~~~~~~~~~~~~~~~~~~~~~~~~~~~~~~~~~~
   79 |   "unrecognized character after (? or (?-\0"
      |   ~~~~~~~~~~~~~~~~~~~~~~~~~~~~~~~~~~~~~~~~~~
   80 |   "POSIX named classes are supported only within a class\0"
      |   ~~~~~~~~~~~~~~~~~~~~~~~~~~~~~~~~~~~~~~~~~~~~~~~~~~~~~~~~~
   81 |   "POSIX collating elements are not supported\0"
      |   ~~~~~~~~~~~~~~~~~~~~~~~~~~~~~~~~~~~~~~~~~~~~~~
1 warning generated.
[383/691] Compiling C object subprojects/pcre2-10.44/libpcre2-8.a.p/src_pcre2_extuni.c.o
[384/691] Compiling C object subprojects/pcre2-10.44/libpcre2-8.a.p/src_pcre2_find_bracket.c.o
[385/691] Compiling C object subprojects/pcre2-10.44/libpcre2-8.a.p/src_pcre2_jit_compile.c.o
[386/691] Compiling C object subprojects/pcre2-10.44/libpcre2-8.a.p/src_pcre2_maketables.c.o
[387/691] Generating girepository/introspection/GLib-2.0.gir with a custom command (wrapped by meson to set env)
FAILED: [code=1] girepository/introspection/GLib-2.0.gir 
env PKG_CONFIG_PATH=/Users/runner/work/Rayforge-iOS-ipa/Rayforge-iOS-ipa/glib-build/meson-uninstalled:/Users/runner/work/Rayforge-iOS-ipa/Rayforge-iOS-ipa/ios-out/lib/pkgconfig PKG_CONFIG_LIBDIR=/Applications/Xcode_16.4.app/Contents/Developer/Platforms/iPhoneSimulator.platform/Developer/SDKs/iPhoneSimulator18.5.sdk/nonexistent-pkgconfig PKG_CONFIG=/opt/homebrew/bin/pkg-config CC=/Applications/Xcode_16.4.app/Contents/Developer/Toolchains/XcodeDefault.xctoolchain/usr/bin/clang 'CFLAGS=-arch arm64 -isysroot /Applications/Xcode_16.4.app/Contents/Developer/Platforms/iPhoneSimulator.platform/Developer/SDKs/iPhoneSimulator18.5.sdk -mios-simulator-version-min=17.0' /opt/homebrew/opt/gobject-introspection/bin/g-ir-scanner --quiet --no-libtool --namespace=GLib --nsversion=2.0 --warn-all --output girepository/introspection/GLib-2.0.gir --c-include=glib.h --quiet --doc-format=gi-docgen -DGLIB_COMPILATION '-DGETTEXT_PACKAGE="dummy"' --symbol-prefix=glib --library-path=/Users/runner/work/Rayforge-iOS-ipa/Rayforge-iOS-ipa/glib-build/girepository/introspection --library=gobject-2.0 -I/Users/runner/work/Rayforge-iOS-ipa/Rayforge-iOS-ipa/glib-src/girepository/introspection -I/Users/runner/work/Rayforge-iOS-ipa/Rayforge-iOS-ipa/glib-build/girepository/introspection -I/Users/runner/work/Rayforge-iOS-ipa/Rayforge-iOS-ipa/glib-src/. -I/Users/runner/work/Rayforge-iOS-ipa/Rayforge-iOS-ipa/glib-build/. -I/Users/runner/work/Rayforge-iOS-ipa/Rayforge-iOS-ipa/glib-src/subprojects/proxy-libintl/. -I/Users/runner/work/Rayforge-iOS-ipa/Rayforge-iOS-ipa/glib-build/subprojects/proxy-libintl/. -I/Users/runner/work/Rayforge-iOS-ipa/Rayforge-iOS-ipa/glib-src/subprojects/pcre2-10.44/. -I/Users/runner/work/Rayforge-iOS-ipa/Rayforge-iOS-ipa/glib-build/subprojects/pcre2-10.44/. -I/Users/runner/work/Rayforge-iOS-ipa/Rayforge-iOS-ipa/glib-src/subprojects/pcre2-10.44/src -I/Users/runner/work/Rayforge-iOS-ipa/Rayforge-iOS-ipa/glib-build/subprojects/pcre2-10.44/src --filelist=/Users/runner/work/Rayforge-iOS-ipa/Rayforge-iOS-ipa/glib-build/glib/libglib-2.0.a.p/GLib_2.0_gir_filelist --symbol-prefix=g --identifier-prefix=G --pkg-export=glib-2.0 --cflags-begin -D_GNU_SOURCE -DG_ENABLE_DEBUG -DG_INTL_STATIC_COMPILATION -DPCRE2_STATIC -I/Users/runner/work/Rayforge-iOS-ipa/Rayforge-iOS-ipa/glib-src/girepository -I/Users/runner/work/Rayforge-iOS-ipa/Rayforge-iOS-ipa/glib-build/girepository -I/Users/runner/work/Rayforge-iOS-ipa/Rayforge-iOS-ipa/glib-src/. -I/Users/runner/work/Rayforge-iOS-ipa/Rayforge-iOS-ipa/glib-build/. -I/Users/runner/work/Rayforge-iOS-ipa/Rayforge-iOS-ipa/glib-src/glib -I/Users/runner/work/Rayforge-iOS-ipa/Rayforge-iOS-ipa/glib-build/glib -I/Users/runner/work/Rayforge-iOS-ipa/Rayforge-iOS-ipa/glib-src/subprojects/proxy-libintl/. -I/Users/runner/work/Rayforge-iOS-ipa/Rayforge-iOS-ipa/glib-build/subprojects/proxy-libintl/. -I/Users/runner/work/Rayforge-iOS-ipa/Rayforge-iOS-ipa/glib-src/gobject -I/Users/runner/work/Rayforge-iOS-ipa/Rayforge-iOS-ipa/glib-build/gobject -I/Users/runner/work/Rayforge-iOS-ipa/Rayforge-iOS-ipa/glib-src/gio -I/Users/runner/work/Rayforge-iOS-ipa/Rayforge-iOS-ipa/glib-build/gio -I/Users/runner/work/Rayforge-iOS-ipa/Rayforge-iOS-ipa/glib-src/gmodule -I/Users/runner/work/Rayforge-iOS-ipa/Rayforge-iOS-ipa/glib-build/gmodule --cflags-end --add-include-path=/Users/runner/work/Rayforge-iOS-ipa/Rayforge-iOS-ipa/glib-build/girepository/introspection --add-include-path=/opt/homebrew/opt/gobject-introspection/share/gir-1.0 --library /Users/runner/work/Rayforge-iOS-ipa/Rayforge-iOS-ipa/glib-build/glib/libglib-2.0.a --extra-library=iconv --extra-library=m --sources-top-dirs /Users/runner/work/Rayforge-iOS-ipa/Rayforge-iOS-ipa/glib-src/ --sources-top-dirs /Users/runner/work/Rayforge-iOS-ipa/Rayforge-iOS-ipa/glib-build/
In file included from /Users/runner/work/Rayforge-iOS-ipa/Rayforge-iOS-ipa/glib-build/g-ir-cpp-k89qp3vq.c:8:
In file included from /Users/runner/work/Rayforge-iOS-ipa/Rayforge-iOS-ipa/glib-src/glib/glib.h:32:
In file included from /Users/runner/work/Rayforge-iOS-ipa/Rayforge-iOS-ipa/glib-src/glib/galloca.h:34:
/Users/runner/work/Rayforge-iOS-ipa/Rayforge-iOS-ipa/glib-src/glib/gtypes.h:41:10: fatal error: 'time.h' file not found
   41 | #include <time.h>
      |          ^~~~~~~~
1 error generated.
Traceback (most recent call last):
  File "/opt/homebrew/Cellar/gobject-introspection/1.86.0_2/libexec/lib/python3.14/site-packages/setuptools/_distutils/spawn.py", line 83, in spawn
    subprocess.check_call(cmd, env=_inject_macos_ver(env))
    ~~~~~~~~~~~~~~~~~~~~~^^^^^^^^^^^^^^^^^^^^^^^^^^^^^^^^^
  File "/opt/homebrew/Cellar/python@3.14/3.14.6/Frameworks/Python.framework/Versions/3.14/lib/python3.14/subprocess.py", line 420, in check_call
    raise CalledProcessError(retcode, cmd)
subprocess.CalledProcessError: Command '['/Applications/Xcode_16.4.app/Contents/Developer/Toolchains/XcodeDefault.xctoolchain/usr/bin/clang', '-E', '-D_GNU_SOURCE', '-DG_ENABLE_DEBUG', '-DG_INTL_STATIC_COMPILATION', '-DPCRE2_STATIC', '-DGLIB_COMPILATION', '-DGETTEXT_PACKAGE="dummy"', '-U__BLOCKS__', '-I.', '-I/Users/runner/work/Rayforge-iOS-ipa/Rayforge-iOS-ipa/glib-src/girepository', '-I/Users/runner/work/Rayforge-iOS-ipa/Rayforge-iOS-ipa/glib-build/girepository', '-I/Users/runner/work/Rayforge-iOS-ipa/Rayforge-iOS-ipa/glib-src', '-I/Users/runner/work/Rayforge-iOS-ipa/Rayforge-iOS-ipa/glib-build', '-I/Users/runner/work/Rayforge-iOS-ipa/Rayforge-iOS-ipa/glib-src/glib', '-I/Users/runner/work/Rayforge-iOS-ipa/Rayforge-iOS-ipa/glib-build/glib', '-I/Users/runner/work/Rayforge-iOS-ipa/Rayforge-iOS-ipa/glib-src/subprojects/proxy-libintl', '-I/Users/runner/work/Rayforge-iOS-ipa/Rayforge-iOS-ipa/glib-build/subprojects/proxy-libintl', '-I/Users/runner/work/Rayforge-iOS-ipa/Rayforge-iOS-ipa/glib-src/gobject', '-I/Users/runner/work/Rayforge-iOS-ipa/Rayforge-iOS-ipa/glib-build/gobject', '-I/Users/runner/work/Rayforge-iOS-ipa/Rayforge-iOS-ipa/glib-src/gio', '-I/Users/runner/work/Rayforge-iOS-ipa/Rayforge-iOS-ipa/glib-build/gio', '-I/Users/runner/work/Rayforge-iOS-ipa/Rayforge-iOS-ipa/glib-src/gmodule', '-I/Users/runner/work/Rayforge-iOS-ipa/Rayforge-iOS-ipa/glib-build/gmodule', '-I/Users/runner/work/Rayforge-iOS-ipa/Rayforge-iOS-ipa/glib-src/girepository/introspection', '-I/Users/runner/work/Rayforge-iOS-ipa/Rayforge-iOS-ipa/glib-build/girepository/introspection', '-I/Users/runner/work/Rayforge-iOS-ipa/Rayforge-iOS-ipa/glib-src/subprojects/pcre2-10.44', '-I/Users/runner/work/Rayforge-iOS-ipa/Rayforge-iOS-ipa/glib-build/subprojects/pcre2-10.44', '-I/Users/runner/work/Rayforge-iOS-ipa/Rayforge-iOS-ipa/glib-src/subprojects/pcre2-10.44/src', '-I/Users/runner/work/Rayforge-iOS-ipa/Rayforge-iOS-ipa/glib-build/subprojects/pcre2-10.44/src', '-o', 'g-ir-cpp-k89qp3vq.i', '-C', '/Users/runner/work/Rayforge-iOS-ipa/Rayforge-iOS-ipa/glib-build/g-ir-cpp-k89qp3vq.c']' returned non-zero exit status 1.

The above exception was the direct cause of the following exception:

Traceback (most recent call last):
  File "/opt/homebrew/Cellar/gobject-introspection/1.86.0_2/libexec/lib/python3.14/site-packages/setuptools/_distutils/compilers/C/unix.py", line 208, in preprocess
    self.spawn(pp_args)
    ~~~~~~~~~~^^^^^^^^^
  File "/opt/homebrew/Cellar/gobject-introspection/1.86.0_2/libexec/lib/python3.14/site-packages/setuptools/_distutils/compilers/C/base.py", line 1151, in spawn
    spawn(cmd, **kwargs)
    ~~~~~^^^^^^^^^^^^^^^
  File "/opt/homebrew/Cellar/gobject-introspection/1.86.0_2/libexec/lib/python3.14/site-packages/setuptools/_distutils/spawn.py", line 89, in spawn
    raise DistutilsExecError(
        f"command {_debug(cmd)!r} failed with exit code {err.returncode}"
    ) from err
distutils.errors.DistutilsExecError: command '/Applications/Xcode_16.4.app/Contents/Developer/Toolchains/XcodeDefault.xctoolchain/usr/bin/clang' failed with exit code 1

During handling of the above exception, another exception occurred:

Traceback (most recent call last):
  File "/opt/homebrew/opt/gobject-introspection/bin/g-ir-scanner", line 134, in <module>
    sys.exit(scanner_main(args))
             ~~~~~~~~~~~~^^^^^^
  File "/opt/homebrew/opt/gobject-introspection/lib/gobject-introspection/giscanner/scannermain.py", line 663, in scanner_main
    ss, filenames = create_source_scanner(options, args)
                    ~~~~~~~~~~~~~~~~~~~~~^^^^^^^^^^^^^^^
  File "/opt/homebrew/opt/gobject-introspection/lib/gobject-introspection/giscanner/scannermain.py", line 521, in create_source_scanner
    ss.parse_files(filenames)
    ~~~~~~~~~~~~~~^^^^^^^^^^^
  File "/opt/homebrew/opt/gobject-introspection/lib/gobject-introspection/giscanner/sourcescanner.py", line 266, in parse_files
    self._parse(headers)
    ~~~~~~~~~~~^^^^^^^^^
  File "/opt/homebrew/opt/gobject-introspection/lib/gobject-introspection/giscanner/sourcescanner.py", line 312, in _parse
    cc.preprocess(tmp_name_cpp,
    ~~~~~~~~~~~~~^^^^^^^^^^^^^^
                  tmpfile_output,
                  ^^^^^^^^^^^^^^^
                  self._cpp_options)
                  ^^^^^^^^^^^^^^^^^^
  File "/opt/homebrew/opt/gobject-introspection/lib/gobject-introspection/giscanner/ccompiler.py", line 331, in preprocess
    self.compiler.preprocess(source=source,
    ~~~~~~~~~~~~~~~~~~~~~~~~^^^^^^^^^^^^^^^
                             output_file=output,
                             ^^^^^^^^^^^^^^^^^^^
                             macros=macros,
                             ^^^^^^^^^^^^^^
                             include_dirs=include_dirs,
                             ^^^^^^^^^^^^^^^^^^^^^^^^^^
                             extra_postargs=extra_postargs)
                             ^^^^^^^^^^^^^^^^^^^^^^^^^^^^^^
  File "/opt/homebrew/Cellar/gobject-introspection/1.86.0_2/libexec/lib/python3.14/site-packages/setuptools/_distutils/compilers/C/unix.py", line 210, in preprocess
    raise CompileError(msg)
distutils.compilers.C.errors.CompileError: command '/Applications/Xcode_16.4.app/Contents/Developer/Toolchains/XcodeDefault.xctoolchain/usr/bin/clang' failed with exit code 1
[388/691] Compiling C object subprojects/pcre2-10.44/libpcre2-8.a.p/src_pcre2_convert.c.o
[389/691] Compiling C object subprojects/pcre2-10.44/libpcre2-8.a.p/src_pcre2_dfa_match.c.o
[390/691] Compiling C object subprojects/pcre2-10.44/libpcre2-8.a.p/src_pcre2_compile.c.o
[391/691] Compiling C object subprojects/pcre2-10.44/libpcre2-8.a.p/src_pcre2_match.c.o
ninja: build stopped: subcommand failed.
