++ xcrun simctl list runtimes
++ awk '/iOS/{id=$NF} END{print id}'
+ RUNTIME=com.apple.CoreSimulator.SimRuntime.iOS-26-2
++ xcrun simctl create rayforge-test com.apple.CoreSimulator.SimDeviceType.iPad-Pro-13-inch-M4-8GB com.apple.CoreSimulator.SimRuntime.iOS-26-2
+ UDID=3F8BD604-835D-46CF-ABE2-BB5FD37B9126
+ test -n 3F8BD604-835D-46CF-ABE2-BB5FD37B9126
+ echo UDID=3F8BD604-835D-46CF-ABE2-BB5FD37B9126
UDID=3F8BD604-835D-46CF-ABE2-BB5FD37B9126
+ xcrun simctl boot 3F8BD604-835D-46CF-ABE2-BB5FD37B9126
+ xcrun simctl bootstatus 3F8BD604-835D-46CF-ABE2-BB5FD37B9126 -b
Monitoring boot status for rayforge-test (3F8BD604-835D-46CF-ABE2-BB5FD37B9126).
[2026-07-05 17:33:17 +0000] Status=2, isTerminal=NO, Elapsed=00:10.
	Waiting on Data Migration
		Reason:Running plugin com.apple.-0LaunchServicesMigrator (00LaunchServicesMigrator.migrator, user-agnostic)
		Migration Elapsed:00:05 seconds

[2026-07-05 17:33:18 +0000] Status=2, isTerminal=NO, Elapsed=00:11.
	Waiting on Data Migration
		Reason:Running plugin com.apple.-0LaunchServicesMigrator (00LaunchServicesMigrator.migrator, user-agnostic)
		Migration Elapsed:00:06 seconds

[2026-07-05 17:33:18 +0000] Status=2, isTerminal=NO, Elapsed=00:12.
	Waiting on Data Migration
		Reason:Running plugin com.apple.-0LaunchServicesMigrator (00LaunchServicesMigrator.migrator, user-agnostic)
		Migration Elapsed:00:07 seconds

[2026-07-05 17:33:19 +0000] Status=2, isTerminal=NO, Elapsed=00:12.
	Waiting on Data Migration
		Reason:Running plugin com.apple.-0LaunchServicesMigrator (00LaunchServicesMigrator.migrator, user-agnostic)
		Migration Elapsed:00:07 seconds

[2026-07-05 17:33:22 +0000] Status=2, isTerminal=NO, Elapsed=00:15.
	Waiting on Data Migration
		Reason:Running plugin com.apple.-0LaunchServicesMigrator (00LaunchServicesMigrator.migrator, user-agnostic)
		Migration Elapsed:00:08 seconds

[2026-07-05 17:33:23 +0000] Status=2, isTerminal=NO, Elapsed=00:16.
	Waiting on Data Migration
		Reason:Running plugin com.apple.-0LaunchServicesMigrator (00LaunchServicesMigrator.migrator, user-agnostic)
		Migration Elapsed:00:11 seconds

[2026-07-05 17:33:24 +0000] Status=2, isTerminal=NO, Elapsed=00:17.
	Waiting on Data Migration
		Reason:Running plugin com.apple.-0LaunchServicesMigrator (00LaunchServicesMigrator.migrator, user-agnostic)
		Migration Elapsed:00:12 seconds

[2026-07-05 17:33:24 +0000] Status=2, isTerminal=NO, Elapsed=00:17.
	Waiting on Data Migration
		Reason:Running plugin com.apple.-0LaunchServicesMigrator (00LaunchServicesMigrator.migrator, user-agnostic)
		Migration Elapsed:00:13 seconds

[2026-07-05 17:33:24 +0000] Status=2, isTerminal=NO, Elapsed=00:18.
	Waiting on Data Migration
		Reason:Running plugin com.apple.-0LaunchServicesMigrator (00LaunchServicesMigrator.migrator, user-agnostic)
		Migration Elapsed:00:13 seconds

[2026-07-05 17:33:25 +0000] Status=2, isTerminal=NO, Elapsed=00:18.
	Waiting on Data Migration
		Reason:Running plugin com.apple.-0LaunchServicesMigrator (00LaunchServicesMigrator.migrator, user-agnostic)
		Migration Elapsed:00:14 seconds

[2026-07-05 17:33:26 +0000] Status=2, isTerminal=NO, Elapsed=00:20.
	Waiting on Data Migration
		Reason:Running plugin com.apple.-0LaunchServicesMigrator (00LaunchServicesMigrator.migrator, user-agnostic)
		Migration Elapsed:00:15 seconds

[2026-07-05 17:33:27 +0000] Status=2, isTerminal=NO, Elapsed=00:21.
	Waiting on Data Migration
		Reason:Running plugin com.apple.-0LaunchServicesMigrator (00LaunchServicesMigrator.migrator, user-agnostic)
		Migration Elapsed:00:16 seconds

[2026-07-05 17:33:28 +0000] Status=2, isTerminal=NO, Elapsed=00:22.
	Waiting on Data Migration
		Reason:Running plugin com.apple.-0LaunchServicesMigrator (00LaunchServicesMigrator.migrator, user-agnostic)
		Migration Elapsed:00:17 seconds

[2026-07-05 17:33:29 +0000] Status=2, isTerminal=NO, Elapsed=00:22.
	Waiting on Data Migration
		Reason:Running plugin com.apple.-0LaunchServicesMigrator (00LaunchServicesMigrator.migrator, user-agnostic)
		Migration Elapsed:00:18 seconds

[2026-07-05 17:33:30 +0000] Status=2, isTerminal=NO, Elapsed=00:24.
	Waiting on Data Migration
		Reason:Running plugin com.apple.-0LaunchServicesMigrator (00LaunchServicesMigrator.migrator, user-agnostic)
		Migration Elapsed:00:19 seconds

[2026-07-05 17:33:31 +0000] Status=2, isTerminal=NO, Elapsed=00:24.
	Waiting on Data Migration
		Reason:Running plugin com.apple.-0LaunchServicesMigrator (00LaunchServicesMigrator.migrator, user-agnostic)
		Migration Elapsed:00:20 seconds

[2026-07-05 17:33:32 +0000] Status=2, isTerminal=NO, Elapsed=00:25.
	Waiting on Data Migration
		Reason:Running plugin com.apple.-0LaunchServicesMigrator (00LaunchServicesMigrator.migrator, user-agnostic)
		Migration Elapsed:00:21 seconds

[2026-07-05 17:33:33 +0000] Status=2, isTerminal=NO, Elapsed=00:26.
	Waiting on Data Migration
		Reason:Running plugin com.apple.-0LaunchServicesMigrator (00LaunchServicesMigrator.migrator, user-agnostic)
		Migration Elapsed:00:22 seconds

[2026-07-05 17:33:34 +0000] Status=2, isTerminal=NO, Elapsed=00:28.
	Waiting on Data Migration
		Reason:Running plugin com.apple.-0LaunchServicesMigrator (00LaunchServicesMigrator.migrator, user-agnostic)
		Migration Elapsed:00:23 seconds

[2026-07-05 17:33:35 +0000] Status=2, isTerminal=NO, Elapsed=00:28.
	Waiting on Data Migration
		Reason:Running plugin com.apple.-0LaunchServicesMigrator (00LaunchServicesMigrator.migrator, user-agnostic)
		Migration Elapsed:00:24 seconds

[2026-07-05 17:33:36 +0000] Status=2, isTerminal=NO, Elapsed=00:29.
	Waiting on Data Migration
		Reason:Running plugin com.apple.-0LaunchServicesMigrator (00LaunchServicesMigrator.migrator, user-agnostic)
		Migration Elapsed:00:25 seconds

[2026-07-05 17:33:37 +0000] Status=2, isTerminal=NO, Elapsed=00:30.
	Waiting on Data Migration
		Reason:Running plugin com.apple.-0LaunchServicesMigrator (00LaunchServicesMigrator.migrator, user-agnostic)
		Migration Elapsed:00:26 seconds

[2026-07-05 17:33:38 +0000] Status=2, isTerminal=NO, Elapsed=00:31.
	Waiting on Data Migration
		Reason:Running plugin com.apple.-0LaunchServicesMigrator (00LaunchServicesMigrator.migrator, user-agnostic)
		Migration Elapsed:00:27 seconds

[2026-07-05 17:33:39 +0000] Status=2, isTerminal=NO, Elapsed=00:32.
	Waiting on Data Migration
		Reason:Running plugin com.apple.-0LaunchServicesMigrator (00LaunchServicesMigrator.migrator, user-agnostic)
		Migration Elapsed:00:28 seconds

[2026-07-05 17:33:40 +0000] Status=2, isTerminal=NO, Elapsed=00:33.
	Waiting on Data Migration
		Reason:Running plugin com.apple.-0LaunchServicesMigrator (00LaunchServicesMigrator.migrator, user-agnostic)
		Migration Elapsed:00:29 seconds

[2026-07-05 17:33:41 +0000] Status=2, isTerminal=NO, Elapsed=00:34.
	Waiting on Data Migration
		Reason:Running plugin com.apple.-0LaunchServicesMigrator (00LaunchServicesMigrator.migrator, user-agnostic)
		Migration Elapsed:00:30 seconds

[2026-07-05 17:33:42 +0000] Status=2, isTerminal=NO, Elapsed=00:35.
	Waiting on Data Migration
		Reason:Running plugin com.apple.-0LaunchServicesMigrator (00LaunchServicesMigrator.migrator, user-agnostic)
		Migration Elapsed:00:31 seconds

[2026-07-05 17:33:43 +0000] Status=2, isTerminal=NO, Elapsed=00:36.
	Waiting on Data Migration
		Reason:Running plugin com.apple.-0LaunchServicesMigrator (00LaunchServicesMigrator.migrator, user-agnostic)
		Migration Elapsed:00:32 seconds

[2026-07-05 17:33:44 +0000] Status=2, isTerminal=NO, Elapsed=00:37.
	Waiting on Data Migration
		Reason:Running plugin com.apple.-0LaunchServicesMigrator (00LaunchServicesMigrator.migrator, user-agnostic)
		Migration Elapsed:00:33 seconds

[2026-07-05 17:33:45 +0000] Status=2, isTerminal=NO, Elapsed=00:38.
	Waiting on Data Migration
		Reason:Running plugin com.apple.-0LaunchServicesMigrator (00LaunchServicesMigrator.migrator, user-agnostic)
		Migration Elapsed:00:34 seconds

[2026-07-05 17:33:46 +0000] Status=2, isTerminal=NO, Elapsed=00:39.
	Waiting on Data Migration
		Reason:Running plugin com.apple.-0LaunchServicesMigrator (00LaunchServicesMigrator.migrator, user-agnostic)
		Migration Elapsed:00:35 seconds

[2026-07-05 17:33:50 +0000] Status=2, isTerminal=NO, Elapsed=00:43.
	Waiting on Data Migration
		Reason:Running plugin com.apple.securityd.KeychainMigrator (KeychainMigrator.migrator, user-agnostic)
		Migration Elapsed:00:36 seconds

[2026-07-05 17:33:51 +0000] Status=2, isTerminal=NO, Elapsed=00:44.
	Waiting on Data Migration
		Reason:Running plugin com.apple.managedconfiguration.migrator (MCProfile.migrator, user-agnostic)
		Migration Elapsed:00:39 seconds

[2026-07-05 17:33:51 +0000] Status=2, isTerminal=NO, Elapsed=00:44.
	Waiting on Data Migration
		Reason:Running plugin com.apple.managedconfiguration.migrator (MCProfile.migrator, user-agnostic)
		Migration Elapsed:00:40 seconds

[2026-07-05 17:33:51 +0000] Status=2, isTerminal=NO, Elapsed=00:44.
	Waiting on Data Migration
		Reason:Running plugin com.apple.managedconfiguration.migrator (MCProfile.migrator, user-agnostic)
		Migration Elapsed:00:40 seconds

[2026-07-05 17:33:53 +0000] Status=2, isTerminal=NO, Elapsed=00:46.
	Waiting on Data Migration
		Reason:Running plugin com.apple.managedconfiguration.migrator (MCProfile.migrator, user-agnostic)
		Migration Elapsed:00:41 seconds

[2026-07-05 17:33:55 +0000] Status=2, isTerminal=NO, Elapsed=00:48.
	Waiting on Data Migration
		Reason:Running plugin com.apple.addressbook.migrator (AddressBookLegacy.migrator)
		Migration Elapsed:00:42 seconds

[2026-07-05 17:33:57 +0000] Status=2, isTerminal=NO, Elapsed=00:50.
	Waiting on Data Migration
		Reason:Running plugin com.apple.coreaudio.HAENDataMigrator (HAENDataMigrator.migrator)
		Migration Elapsed:00:44 seconds

[2026-07-05 17:33:57 +0000] Status=4, isTerminal=NO, Elapsed=00:51.
	Waiting on System App

[2026-07-05 17:33:58 +0000] Status=4, isTerminal=NO, Elapsed=00:51.
	Waiting on System App

[2026-07-05 17:33:59 +0000] Status=4, isTerminal=NO, Elapsed=00:52.
	Waiting on System App

[2026-07-05 17:34:00 +0000] Status=4, isTerminal=NO, Elapsed=00:53.
	Waiting on System App

[2026-07-05 17:34:00 +0000] Status=4, isTerminal=NO, Elapsed=00:53.
	Waiting on System App

[2026-07-05 17:34:01 +0000] Status=4, isTerminal=NO, Elapsed=00:54.
	Waiting on System App

[2026-07-05 17:34:02 +0000] Status=4, isTerminal=NO, Elapsed=00:56.
	Waiting on System App

[2026-07-05 17:34:03 +0000] Status=4, isTerminal=NO, Elapsed=00:57.
	Waiting on System App

[2026-07-05 17:34:08 +0000] Status=4294967295, isTerminal=YES, Elapsed=01:02.
	Finished

