Collecting blinker==1.9.0
  Downloading blinker-1.9.0-py3-none-any.whl.metadata (1.6 kB)
Collecting ezdxf==1.4.4b3
  Downloading ezdxf-1.4.4b3-py3-none-any.whl.metadata (9.9 kB)
Collecting platformdirs==4.3.6
  Downloading platformdirs-4.3.6-py3-none-any.whl.metadata (11 kB)
Collecting pluggy==1.6.0
  Downloading pluggy-1.6.0-py3-none-any.whl.metadata (4.8 kB)
Collecting pypdf==6.12.1
  Downloading pypdf-6.12.1-py3-none-any.whl.metadata (7.2 kB)
Collecting semver==3.0.2
  Downloading semver-3.0.2-py3-none-any.whl.metadata (5.0 kB)
Collecting svgelements==1.9.6
  Downloading svgelements-1.9.6-py2.py3-none-any.whl.metadata (44 kB)
Collecting trimesh==4.6.8
  Downloading trimesh-4.6.8-py3-none-any.whl.metadata (18 kB)
Collecting websockets==14.2
  Downloading websockets-14.2-py3-none-any.whl.metadata (6.8 kB)
Collecting asyncudp==0.11.0
  Downloading asyncudp-0.11.0-py3-none-any.whl.metadata (1.3 kB)
Collecting GitPython==3.1.50
  Downloading gitpython-3.1.50-py3-none-any.whl.metadata (14 kB)
Collecting gitdb
  Downloading gitdb-4.0.12-py3-none-any.whl.metadata (1.2 kB)
Collecting smmap
  Downloading smmap-5.0.3-py3-none-any.whl.metadata (4.6 kB)
Collecting pyserial
  Downloading pyserial-3.5-py2.py3-none-any.whl.metadata (1.6 kB)
Collecting PyOpenGL==3.1.10
  Downloading pyopengl-3.1.10-py3-none-any.whl.metadata (3.3 kB)
Collecting typing_extensions
  Downloading typing_extensions-4.16.0-py3-none-any.whl.metadata (3.3 kB)
Collecting pyparsing
  Downloading pyparsing-3.3.2-py3-none-any.whl.metadata (5.8 kB)
Collecting fonttools
  Downloading fonttools-4.63.0-py3-none-any.whl.metadata (118 kB)
Downloading blinker-1.9.0-py3-none-any.whl (8.5 kB)
Downloading ezdxf-1.4.4b3-py3-none-any.whl (1.3 MB)
   ━━━━━━━━━━━━━━━━━━━━━━━━━━━━━━━━━━━━━━━━ 1.3/1.3 MB 147.6 MB/s  0:00:00
Downloading platformdirs-4.3.6-py3-none-any.whl (18 kB)
Downloading pluggy-1.6.0-py3-none-any.whl (20 kB)
Downloading pypdf-6.12.1-py3-none-any.whl (343 kB)
Downloading semver-3.0.2-py3-none-any.whl (17 kB)
Downloading svgelements-1.9.6-py2.py3-none-any.whl (137 kB)
Downloading trimesh-4.6.8-py3-none-any.whl (709 kB)
   ━━━━━━━━━━━━━━━━━━━━━━━━━━━━━━━━━━━━━━━━ 709.3/709.3 kB 95.8 MB/s  0:00:00
Downloading websockets-14.2-py3-none-any.whl (157 kB)
Downloading asyncudp-0.11.0-py3-none-any.whl (3.5 kB)
Downloading gitpython-3.1.50-py3-none-any.whl (212 kB)
Downloading pyopengl-3.1.10-py3-none-any.whl (3.2 MB)
   ━━━━━━━━━━━━━━━━━━━━━━━━━━━━━━━━━━━━━━━━ 3.2/3.2 MB 225.8 MB/s  0:00:00
Downloading gitdb-4.0.12-py3-none-any.whl (62 kB)
Downloading smmap-5.0.3-py3-none-any.whl (24 kB)
Downloading pyserial-3.5-py2.py3-none-any.whl (90 kB)
Downloading typing_extensions-4.16.0-py3-none-any.whl (45 kB)
Downloading pyparsing-3.3.2-py3-none-any.whl (122 kB)
Downloading fonttools-4.63.0-py3-none-any.whl (1.2 MB)
   ━━━━━━━━━━━━━━━━━━━━━━━━━━━━━━━━━━━━━━━━ 1.2/1.2 MB 125.3 MB/s  0:00:00
Saved ./pure-wheels/blinker-1.9.0-py3-none-any.whl
Saved ./pure-wheels/ezdxf-1.4.4b3-py3-none-any.whl
Saved ./pure-wheels/platformdirs-4.3.6-py3-none-any.whl
Saved ./pure-wheels/pluggy-1.6.0-py3-none-any.whl
Saved ./pure-wheels/pypdf-6.12.1-py3-none-any.whl
Saved ./pure-wheels/semver-3.0.2-py3-none-any.whl
Saved ./pure-wheels/svgelements-1.9.6-py2.py3-none-any.whl
Saved ./pure-wheels/trimesh-4.6.8-py3-none-any.whl
Saved ./pure-wheels/websockets-14.2-py3-none-any.whl
Saved ./pure-wheels/asyncudp-0.11.0-py3-none-any.whl
Saved ./pure-wheels/gitpython-3.1.50-py3-none-any.whl
Saved ./pure-wheels/pyopengl-3.1.10-py3-none-any.whl
Saved ./pure-wheels/gitdb-4.0.12-py3-none-any.whl
Saved ./pure-wheels/smmap-5.0.3-py3-none-any.whl
Saved ./pure-wheels/pyserial-3.5-py2.py3-none-any.whl
Saved ./pure-wheels/typing_extensions-4.16.0-py3-none-any.whl
Saved ./pure-wheels/pyparsing-3.3.2-py3-none-any.whl
Saved ./pure-wheels/fonttools-4.63.0-py3-none-any.whl
Successfully downloaded blinker ezdxf platformdirs pluggy pypdf semver svgelements trimesh websockets asyncudp GitPython PyOpenGL gitdb smmap pyserial typing_extensions pyparsing fonttools
