getpwuid_r did not find a match for uid 501
Timestamp                       Thread     Type        Activity             PID    TTL  
2026-07-06 04:29:20.735028+0000 0xeb29     Default     0x0                  21714  0    rayforge-app: (libMobileGestalt.dylib) No persisted cache on this platform.
2026-07-06 04:29:20.735836+0000 0xeb36     Default     0x0                  21714  0    rayforge-app: (libxpc.dylib) [com.apple.xpc:connection] [0x1033065f0] activating connection: mach=true listener=false peer=false name=com.apple.cfprefsd.daemon
2026-07-06 04:29:20.739367+0000 0xeb29     Default     0x0                  21714  0    rayforge-app: (BoardServices) [com.apple.BoardServices:XPCErrors] [C:1] Alloc com.apple.frontboard.systemappservices
2026-07-06 04:29:20.739646+0000 0xeb29     Default     0x0                  21714  0    rayforge-app: (libxpc.dylib) [com.apple.xpc:connection] [0x103207080] activating connection: mach=false listener=false peer=false name=(anonymous)
2026-07-06 04:29:20.744370+0000 0xeb36     Default     0x0                  21714  0    rayforge-app: (UIKitCore) [com.apple.UIKit:BackgroundTask] Creating new assertion because there is no existing background assertion.
2026-07-06 04:29:20.744411+0000 0xeb36     Default     0x0                  21714  0    rayforge-app: (UIKitCore) [com.apple.UIKit:BackgroundTask] Creating new background assertion
2026-07-06 04:29:20.744494+0000 0xeb36     Default     0x0                  21714  0    rayforge-app: (UIKitCore) [com.apple.UIKit:BackgroundTask] Created new background assertion <BKSProcessAssertion: 0x60000210c1e0>
2026-07-06 04:29:20.744681+0000 0xeb29     Default     0x0                  21714  0    rayforge-app: (UIKitCore) [com.apple.UIKit:Application] Deactivation reason added: 10; deactivation reasons: 0 -> 1024; animating application lifecycle event: 0
2026-07-06 04:29:20.744687+0000 0xeb36     Default     0x0                  21714  0    rayforge-app: (RunningBoardServices) [com.apple.runningboard:connection] Initializing connection
2026-07-06 04:29:20.744876+0000 0xeb36     Default     0x0                  21714  0    rayforge-app: (RunningBoardServices) [com.apple.runningboard:process] Removing all cached process handles
2026-07-06 04:29:20.744996+0000 0xeb29     Default     0x0                  21714  0    rayforge-app: (BoardServices) [com.apple.BoardServices:Injection] activating monitor for service com.apple.frontboard.open
2026-07-06 04:29:20.745195+0000 0xeb36     Default     0x0                  21714  0    rayforge-app: (RunningBoardServices) [com.apple.runningboard:connection] Creating connection to com.apple.runningboard
2026-07-06 04:29:20.745207+0000 0xeb29     Default     0x0                  21714  0    rayforge-app: (BoardServices) [com.apple.BoardServices:Injection] activating monitor for service com.apple.frontboard.workspace-service
2026-07-06 04:29:20.745273+0000 0xeb36     Default     0x0                  21714  0    rayforge-app: (libxpc.dylib) [com.apple.xpc:connection] [0x103307090] activating connection: mach=true listener=false peer=false name=com.apple.runningboard
2026-07-06 04:29:20.745576+0000 0xeb38     Default     0x0                  21714  0    rayforge-app: (RunningBoardServices) [com.apple.runningboard:connection] Sending handshake request attempt #1 to server
2026-07-06 04:29:20.745599+0000 0xeb29     Default     0x0                  21714  0    rayforge-app: (FrontBoardServices) [com.apple.FrontBoard:Common] FBSWorkspace registering source: com.apple.frontboard.systemappservices
2026-07-06 04:29:20.746672+0000 0xeb29     Default     0x0                  21714  0    rayforge-app: (FrontBoardServices) [com.apple.FrontBoard:Common] FBSWorkspace connected to endpoint : <BSServiceConnectionEndpoint: 0x60000020e380; target: com.apple.frontboard.systemappservices; service: com.apple.frontboard.workspace-service>
2026-07-06 04:29:20.746814+0000 0xeb29     Default     0x0                  21714  0    rayforge-app: (FrontBoardServices) [com.apple.FrontBoard:Common] <FBSWorkspaceScenesClient:0x6000030042d0 com.apple.frontboard.systemappservices> attempting immediate handshake from activate
2026-07-06 04:29:20.746980+0000 0xeb38     Default     0x0                  21714  0    rayforge-app: (RunningBoardServices) [com.apple.runningboard:connection] Handshake succeeded
2026-07-06 04:29:20.747238+0000 0xeb29     Default     0x0                  21714  0    rayforge-app: (FrontBoardServices) [com.apple.FrontBoard:Common] <FBSWorkspaceScenesClient:0x6000030042d0 com.apple.frontboard.systemappservices> sent handshake
2026-07-06 04:29:20.747386+0000 0xeb3b     Activity    0x35fc0              21714  0    rayforge-app: (RunningBoardServices) didChangeInheritances
2026-07-06 04:29:20.747440+0000 0xeb38     Default     0x0                  21714  0    rayforge-app: (RunningBoardServices) [com.apple.runningboard:connection] Identity resolved as app<org.rayforge.app((null))>
2026-07-06 04:29:20.747774+0000 0xeb29     Default     0x0                  21714  0    rayforge-app: (RunningBoardServices) [com.apple.runningboard:general] Added observer for process assertions expiration warning: <_RBSExpirationWarningClient: 0x60000020e6e0>
2026-07-06 04:29:20.748487+0000 0xeb36     Default     0x0                  21714  0    rayforge-app: (UIKitCore) [com.apple.UIKit:BackgroundTask] Incrementing reference count for background assertion <BKSProcessAssertion: 0x60000210c1e0>
2026-07-06 04:29:20.748622+0000 0xeb36     Default     0x0                  21714  0    rayforge-app: (UIKitCore) [com.apple.UIKit:BackgroundTask] Created background task <_UIBackgroundTaskInfo: 0x60000170abc0>: taskID = 1, taskName = Launch Background Task for Coalescing, creationTime = 532 (elapsed = 0).
2026-07-06 04:29:20.748805+0000 0xeb36     Default     0x0                  21714  0    rayforge-app: (FrontBoardServices) [com.apple.FrontBoard:SceneExtension] Realizing settings extension _UIApplicationSceneKeyboardSettings on FBSSceneSettings
2026-07-06 04:29:20.749668+0000 0xeb36     Default     0x0                  21714  0    rayforge-app: (FrontBoardServices) [com.apple.FrontBoard:SceneExtension] Realizing settings extension <_UISceneOcclusionSettings> on FBSSceneSettings
2026-07-06 04:29:20.749824+0000 0xeb36     Default     0x0                  21714  0    rayforge-app: (FrontBoardServices) [com.apple.FrontBoard:SceneExtension] Realizing settings extension <_UISceneInterfaceProtectionSettings> on FBSSceneSettings
2026-07-06 04:29:20.749962+0000 0xeb36     Default     0x0                  21714  0    rayforge-app: (FrontBoardServices) [com.apple.FrontBoard:SceneExtension] Realizing settings extension _UISceneLayoutPreferencesHostSettingsExtension on FBSSceneSettings
2026-07-06 04:29:20.750229+0000 0xeb36     Default     0x0                  21714  0    rayforge-app: (FrontBoardServices) [com.apple.FrontBoard:SceneExtension] Realizing settings extension _UISceneSafeAreaSettingsExtension on FBSSceneSettings
2026-07-06 04:29:20.750817+0000 0xeb36     Default     0x0                  21714  0    rayforge-app: (FrontBoardServices) [com.apple.FrontBoard:SceneExtension] Realizing settings extension _UISceneLayoutPreferenceClientSettingsExtension on FBSSceneClientSettings
2026-07-06 04:29:20.751174+0000 0xeb36     Default     0x0                  21714  0    rayforge-app: (FrontBoardServices) [com.apple.FrontBoard:SceneExtension] Realizing settings extension <_UIHomeAffordanceHostSceneSettings> on FBSSceneSettings
2026-07-06 04:29:20.751888+0000 0xeb36     Default     0x0                  21714  0    rayforge-app: (FrontBoardServices) [com.apple.FrontBoard:SceneExtension] Realizing settings extension _UISystemShellSceneHostingEnvironmentSettings on FBSSceneSettings
2026-07-06 04:29:20.752249+0000 0xeb36     Default     0x0                  21714  0    rayforge-app: (FrontBoardServices) [com.apple.FrontBoard:SceneExtension] Realizing settings extension _UISceneRenderingEnvironmentSettings on FBSSceneSettings
2026-07-06 04:29:20.752521+0000 0xeb36     Default     0x0                  21714  0    rayforge-app: (FrontBoardServices) [com.apple.FrontBoard:SceneExtension] Realizing settings extension <_UISceneRenderingEnvironmentClientSettings> on FBSSceneClientSettings
2026-07-06 04:29:20.752721+0000 0xeb36     Default     0x0                  21714  0    rayforge-app: (FrontBoardServices) [com.apple.FrontBoard:SceneExtension] Realizing settings extension <_UISceneTransitioningHostSettings> on FBSSceneSettings
2026-07-06 04:29:20.752882+0000 0xeb36     Default     0x0                  21714  0    rayforge-app: (FrontBoardServices) [com.apple.FrontBoard:SceneExtension] Realizing settings extension <_UISceneFocusSystemSettings> on FBSSceneSettings
2026-07-06 04:29:20.753034+0000 0xeb36     Default     0x0                  21714  0    rayforge-app: (FrontBoardServices) [com.apple.FrontBoard:SceneExtension] Realizing settings extension _UISceneOrientationSettingsExtension on FBSSceneSettings
2026-07-06 04:29:20.753192+0000 0xeb36     Default     0x0                  21714  0    rayforge-app: (FrontBoardServices) [com.apple.FrontBoard:SceneExtension] Realizing settings extension _UISceneOrientationClientSettingsExtension on FBSSceneClientSettings
2026-07-06 04:29:20.753410+0000 0xeb36     Default     0x0                  21714  0    rayforge-app: (FrontBoardServices) [com.apple.FrontBoard:SceneExtension] Realizing settings extension _UISceneWindowingControlClientSettings on FBSSceneClientSettings
2026-07-06 04:29:20.753757+0000 0xeb36     Default     0x0                  21714  0    rayforge-app: (FrontBoardServices) [com.apple.FrontBoard:SceneExtension] Realizing settings extension <_UISceneHostingContentSizePreferenceClientSettings> on FBSSceneClientSettings
2026-07-06 04:29:20.753919+0000 0xeb36     Default     0x0                  21714  0    rayforge-app: (FrontBoardServices) [com.apple.FrontBoard:SceneExtension] Realizing settings extension _UISceneHostingTraitCollectionPropagationSettings on FBSSceneSettings
2026-07-06 04:29:20.754354+0000 0xeb36     Default     0x0                  21714  0    rayforge-app: (FrontBoardServices) [com.apple.FrontBoard:SceneExtension] Realizing settings extension <_UISceneHostingSheetPresentationSettings> on FBSSceneSettings
2026-07-06 04:29:20.754570+0000 0xeb36     Default     0x0                  21714  0    rayforge-app: (FrontBoardServices) [com.apple.FrontBoard:SceneExtension] Realizing settings extension <_UISceneHostingSheetPresentationClientSettings> on FBSSceneClientSettings
2026-07-06 04:29:20.754696+0000 0xeb36     Default     0x0                  21714  0    rayforge-app: (FrontBoardServices) [com.apple.FrontBoard:SceneExtension] Realizing settings extension <_UISceneHostingEventDeferringSettings> on FBSSceneSettings
2026-07-06 04:29:20.755027+0000 0xeb36     Default     0x0                  21714  0    rayforge-app: (FrontBoardServices) [com.apple.FrontBoard:SceneExtension] Realizing settings extension <UIKit__UITypedKeyValueSceneSettings> on FBSSceneSettings
2026-07-06 04:29:20.755262+0000 0xeb36     Default     0x0                  21714  0    rayforge-app: (FrontBoardServices) [com.apple.FrontBoard:SceneExtension] Realizing settings extension <UIKit__UITypedKeyValueSceneSettings> on FBSSceneClientSettings
2026-07-06 04:29:20.755446+0000 0xeb36     Default     0x0                  21714  0    rayforge-app: (FrontBoardServices) [com.apple.FrontBoard:SceneExtension] Realizing settings extension <_UISceneHostingViewControllerPreferencePropagationClientSettings> on FBSSceneClientSettings
2026-07-06 04:29:20.755496+0000 0xeb29     Default     0x0                  21714  0    rayforge-app: (UIKitCore) [com.apple.UIKit:UIScreen] Evaluated capturing state as 0 on <UIScreen: 0x103207890> for initial
2026-07-06 04:29:20.755629+0000 0xeb36     Default     0x0                  21714  0    rayforge-app: (FrontBoardServices) [com.apple.FrontBoard:SceneExtension] Realizing settings extension <_UISceneZoomTransitionSettings> on FBSSceneSettings
2026-07-06 04:29:20.755807+0000 0xeb29     Default     0x0                  21714  0    rayforge-app: (UIKitCore) [com.apple.UIKit:UIScreen] Evaluated capturing state as 0 on <UIScreen: 0x103207890> for CADisplay KVO
2026-07-06 04:29:20.755971+0000 0xeb37     Default     0x0                  21714  0    rayforge-app: (FrontBoardServices) [com.apple.FrontBoard:SceneExtension] Realizing settings extension FBSSceneSettingsCore on FBSSceneSettings
2026-07-06 04:29:20.759547+0000 0xeb29     Default     0x0                  21714  0    rayforge-app: (libAccessibility.dylib) [com.apple.Accessibility:AXSupportCommon] Read CategoryName: per-app = 1, category name = (null)
2026-07-06 04:29:20.767486+0000 0xeb37     Default     0x0                  21714  0    rayforge-app: (FrontBoardServices) [com.apple.FrontBoard:SceneExtension] Realizing settings extension FBSSceneClientSettingsCore on FBSSceneClientSettings
2026-07-06 04:29:20.767859+0000 0xeb29     Default     0x0                  21714  0    rayforge-app: (libAccessibility.dylib) [com.apple.Accessibility:AXSupportCommon] Read CategoryName: per-app = 0, category name = (null)
2026-07-06 04:29:20.777287+0000 0xeb37     Default     0x0                  21714  0    rayforge-app: (FrontBoardServices) [com.apple.FrontBoard:SceneExtension] UIMutableApplicationSceneSettings setting counterpart class: UIApplicationSceneSettings
2026-07-06 04:29:20.779445+0000 0xeb29     Default     0x0                  21714  0    rayforge-app: (XCTTargetBootstrap) [com.apple.dt.xctest:Default] Registering for test daemon availability notify post.
2026-07-06 04:29:20.779870+0000 0xeb37     Default     0x0                  21714  0    rayforge-app: (FrontBoardServices) [com.apple.FrontBoard:SceneExtension] UIMutableApplicationSceneClientSettings setting counterpart class: UIApplicationSceneClientSettings
2026-07-06 04:29:20.780132+0000 0xeb29     Default     0x0                  21714  0    rayforge-app: (XCTTargetBootstrap) [com.apple.dt.xctest:Default] notify_get_state check indicated test daemon not ready.
2026-07-06 04:29:20.780322+0000 0xeb37     Default     0x0                  21714  0    rayforge-app: (FrontBoardServices) [com.apple.FrontBoard:SceneExtension] Realizing settings extension FBSSceneTransitionContextCore on FBSSceneTransitionContext
2026-07-06 04:29:20.780457+0000 0xeb29     Default     0x0                  21714  0    rayforge-app: (XCTTargetBootstrap) [com.apple.dt.xctest:Default] notify_get_state check indicated test daemon not ready.
2026-07-06 04:29:20.781366+0000 0xeb29     Default     0x0                  21714  0    rayforge-app: (XCTTargetBootstrap) [com.apple.dt.xctest:Default] notify_get_state check indicated test daemon not ready.
2026-07-06 04:29:20.782208+0000 0xeb29     Default     0x0                  21714  0    rayforge-app: (UIKitCore) [com.apple.UIKit:UpdateScheduler] Selected display: name=LCD (PurpleMain), id=1
2026-07-06 04:29:20.785280+0000 0xeb29     Default     0x0                  21714  0    rayforge-app: (UIKitCore) [com.apple.UIKit:BackgroundTask] Will add backgroundTask with taskName: Persistent SceneSession Map Update, expirationHandler: <__NSGlobalBlock__: 0x1e61729e0>
2026-07-06 04:29:20.785564+0000 0xeb29     Default     0x0                  21714  0    rayforge-app: (UIKitCore) [com.apple.UIKit:BackgroundTask] Reusing background assertion <BKSProcessAssertion: 0x60000210c1e0>
2026-07-06 04:29:20.785737+0000 0xeb29     Default     0x0                  21714  0    rayforge-app: (UIKitCore) [com.apple.UIKit:BackgroundTask] Incrementing reference count for background assertion <BKSProcessAssertion: 0x60000210c1e0>
2026-07-06 04:29:20.785896+0000 0xeb29     Default     0x0                  21714  0    rayforge-app: (UIKitCore) [com.apple.UIKit:BackgroundTask] Created background task <_UIBackgroundTaskInfo: 0x600001717e40>: taskID = 2, taskName = Persistent SceneSession Map Update, creationTime = 533 (elapsed = 0).
2026-07-06 04:29:20.786467+0000 0xeb29     Default     0x0                  21714  0    rayforge-app: (UIKitCore) [com.apple.UIKit:Application] Deactivation reason added: 5; deactivation reasons: 1024 -> 1056; animating application lifecycle event: 1
2026-07-06 04:29:20.787059+0000 0xeb29     Default     0x0                  21714  0    rayforge-app: (UIKitCore) [com.apple.UIKit:InterfaceStyle] Not push traits update to screen for new style 1, <UIWindowScene: 0x10330a0e0> (20F86E1C-6CB8-4D3B-98BD-AB4B4A354A9A)
2026-07-06 04:29:20.787218+0000 0xeb29     Default     0x0                  21714  0    rayforge-app: (UIKitCore) [com.apple.UIKit:InterfaceStyle] Should send trait collection or coordinate space update, interface style 1 -> 1, <UIWindowScene: 0x10330a0e0> (20F86E1C-6CB8-4D3B-98BD-AB4B4A354A9A)
2026-07-06 04:29:20.787853+0000 0xeb29     Default     0x0                  21714  0    rayforge-app: (UIKitCore) [com.apple.UIKit:InterfaceStyle] Not push traits update to screen for new style 1, <UIWindowScene: 0x10330a0e0> (20F86E1C-6CB8-4D3B-98BD-AB4B4A354A9A)
2026-07-06 04:29:20.788294+0000 0xeb29     Default     0x0                  21714  0    rayforge-app: (UIKitCore) [com.apple.UIKit:HomeAffordanceObservation] Initializing: <_UIHomeAffordanceSceneNotifier: 0x600002911e30>; with scene: <UIWindowScene: 0x10330a0e0>
2026-07-06 04:29:20.788849+0000 0xeb29     Default     0x0                  21714  0    rayforge-app: (BacklightServices) [com.apple.BacklightServices:scenes] 0x600000c16eb0 setDelegate:<0x600000c16490 _UIBacklightEnvironment> hasDelegate:YES for environment:sceneID:org.rayforge.app-default
2026-07-06 04:29:20.789158+0000 0xeb29     Default     0x0                  21714  0    rayforge-app: (UIKitCore) [com.apple.UIKit:InterfaceStyle] Not push traits update to screen for new style 1, <UIWindowScene: 0x10330a0e0> (20F86E1C-6CB8-4D3B-98BD-AB4B4A354A9A)
2026-07-06 04:29:20.789230+0000 0xeb29     Default     0x0                  21714  1    rayforge-app: (UIKitCore) [com.apple.UIKit:EventDeferring] [0x600002911570] Initialized with scene: <UIWindowScene: 0x10330a0e0>; behavior: <_UIEventDeferringBehavior_iOS: 0x600000220f60>; availableForProcess: 1, systemShellManagesKeyboardFocus: 1
2026-07-06 04:29:20.789460+0000 0xeb29     Default     0x0                  21714  0    rayforge-app: (BoardServices) [com.apple.BoardServices:XPCErrors] [C:2] Alloc com.apple.backboard.hid-services.xpc
2026-07-06 04:29:20.789509+0000 0xeb29     Default     0x0                  21714  0    rayforge-app: (libxpc.dylib) [com.apple.xpc:connection] [0x103316eb0] activating connection: mach=false listener=false peer=false name=(anonymous)
2026-07-06 04:29:20.791352+0000 0xeb29     Default     0x0                  21714  0    rayforge-app: (BackBoardServices) [com.apple.BackBoard:EventDelivery] policyStatus:<BKSHIDEventDeliveryPolicyObserver: 0x6000026067c0; process scope; status: target> was:none
2026-07-06 04:29:20.791668+0000 0xeb29     Default     0x0                  21714  1    rayforge-app: (UIKitCore) [com.apple.UIKit:KeyWindow] Setting default evaluation strategy for UIUserInterfaceIdiomPad to LastOneWins
2026-07-06 04:29:20.791697+0000 0xeb29     Default     0x0                  21714  1    rayforge-app: (UIKitCore) [com.apple.UIKit:KeyWindow] Scene target of keyboard event deferring environment did change: 1; scene: UIWindowScene: 0x10330a0e0; scene identity: com.apple.frontboard.systemappservices/FBSceneManager:sceneID%3Aorg.rayforge.app-default
2026-07-06 04:29:20.791749+0000 0xeb29     Default     0x0                  21714  0    rayforge-app: (UIKitCore) [com.apple.UIKit:UIFocus] Focus system enabled
2026-07-06 04:29:20.792735+0000 0xeb29     Default     0x0                  21714  0    rayforge-app: (UIKitCore) [com.apple.UIKit:UIFocus] Failed to update focus with context <UIFocusUpdateContext: 0x600003004750; previouslyFocusedItem: (nil); nextFocusedItem: (nil); focusHeading: None>. No additional info available.
2026-07-06 04:29:20.792855+0000 0xeb29     Default     0x0                  21714  0    rayforge-app: (UIKitCore) [com.apple.UIKit:InterfaceStyle] Not push traits update to screen for new style 1, <UIWindowScene: 0x10330a0e0> (20F86E1C-6CB8-4D3B-98BD-AB4B4A354A9A)
2026-07-06 04:29:20.793171+0000 0xeb29     Default     0x0                  21714  1    rayforge-app: (UIKitCore) [com.apple.UIKit:EventDeferring] [0x600002911570] Scene target of event deferring environments did update: scene: 0x10330a0e0; current systemShellManagesKeyboardFocus: 1; systemShellManagesKeyboardFocusForScene: 1; eligibleForRecordRemoval: 1;
2026-07-06 04:29:20.793194+0000 0xeb29     Default     0x0                  21714  1    rayforge-app: (UIKitCore) [com.apple.UIKit:KeyWindow] Scene became target of keyboard event deferring environment: UIWindowScene: 0x10330a0e0; scene identity: com.apple.frontboard.systemappservices/FBSceneManager:sceneID%3Aorg.rayforge.app-default
2026-07-06 04:29:20.793211+0000 0xeb29     Default     0x0                  21714  1    rayforge-app: (UIKitCore) [com.apple.UIKit:KeyWindow] Stack[KeyWindow] 0x600000c0d170: Taking no further action for migration from LastOneWins -> SystemShellManaged as there are no scenes
2026-07-06 04:29:20.793232+0000 0xeb29     Default     0x0                  21714  1    rayforge-app: (UIKitCore) [com.apple.UIKit:KeyWindow] Setting default evaluation strategy for UIUserInterfaceIdiomPad to SystemShellManaged
2026-07-06 04:29:20.793551+0000 0xeb29     Default     0x0                  21714  1    rayforge-app: (UIKitCore) [com.apple.UIKit:KeyWindow] Key window needs update: 0; currentKeyWindowScene: 0x0; evaluatedKeyWindowScene: 0x10330a0e0; currentApplicationKeyWindow: 0x0; evaluatedApplicationKeyWindow: 0x0; reason: UIWindowScene: 0x10330a0e0: Window scene became target of keyboard environment
2026-07-06 04:29:20.794070+0000 0xeb29     Default     0x0                  21714  0    rayforge-app: (UIKitCore) [com.apple.UIKit:InterfaceStyle] Not push traits update to screen for new style 1, <UIWindowScene: 0x10330a0e0> (20F86E1C-6CB8-4D3B-98BD-AB4B4A354A9A)
2026-07-06 04:29:20.794445+0000 0xeb29     Default     0x0                  21714  0    rayforge-app: (UIKitCore) [com.apple.UIKit:InterfaceStyle] Not push traits update to screen for new style 1, <UIWindowScene: 0x10330a0e0> (20F86E1C-6CB8-4D3B-98BD-AB4B4A354A9A)
2026-07-06 04:29:20.795215+0000 0xeb29     Fault       0x35fc1              21714  14   rayforge-app: (UIKitCore) [com.apple.runtime-issues:UIKit App Config] `UIScene` lifecycle will soon be required. Failure to adopt will result in an assert in the future.
2026-07-06 04:29:20.795216+0000 0xeb29     Activity    0x35fc1              21714  0    rayforge-app: (libsystem_trace.dylib) Activity for state dumps
2026-07-06 04:29:20.795507+0000 0xeb29     Default     0x0                  21714  0    rayforge-app: (UIKitCore) [com.apple.UIKit:InterfaceStyle] Not push traits update to screen for new style 1, <UIWindowScene: 0x10330a0e0> (20F86E1C-6CB8-4D3B-98BD-AB4B4A354A9A)
2026-07-06 04:29:20.800363+0000 0xeb29     Default     0x0                  21714  0    rayforge-app: (UIKitCore) [com.apple.UIKit:AppLifecycle] sceneOfRecord: sceneID: sceneID:org.rayforge.app-default  persistentID: 20F86E1C-6CB8-4D3B-98BD-AB4B4A354A9A
2026-07-06 04:29:20.800682+0000 0xeb29     Default     0x0                  21714  0    rayforge-app: (UIKitCore) [com.apple.UIKit:Application] Ignoring already applied deactivation reason: 5; deactivation reasons: 1056
2026-07-06 04:29:20.800745+0000 0xeb29     Default     0x0                  21714  0    rayforge-app: (UIKitCore) [com.apple.UIKit:Application] Deactivation reason added: 11; deactivation reasons: 1056 -> 3104; animating application lifecycle event: 1
2026-07-06 04:29:20.800836+0000 0xeb29     Default     0x0                  21714  0    rayforge-app: (UIKitCore) [com.apple.KeyboardArbiter:Client] startConnection
2026-07-06 04:29:20.801125+0000 0xeb29     Default     0x0                  21714  0    rayforge-app: (libxpc.dylib) [com.apple.xpc:connection] [0x103314c60] activating connection: mach=true listener=false peer=false name=com.apple.UIKit.KeyboardManagement.hosted
2026-07-06 04:29:20.809271+0000 0xeb3c     Default     0x0                  21714  0    rayforge-app: (BoardServices) [com.apple.BoardServices:XPCErrors] [C:3] Alloc com.apple.PointerUI.pointeruid.service
2026-07-06 04:29:20.809316+0000 0xeb3c     Default     0x0                  21714  0    rayforge-app: (libxpc.dylib) [com.apple.xpc:connection] [0x10331e6a0] activating connection: mach=false listener=false peer=false name=(anonymous)
2026-07-06 04:29:20.812792+0000 0xeb3b     Default     0x0                  21714  0    rayforge-app: (BackBoardServices) [com.apple.BackBoard:EventDelivery] BKSHIDEventObserver - connection activation
2026-07-06 04:29:20.813066+0000 0xeb3b     Activity    0x35fc2              21714  0    rayforge-app: (CoreFoundation) Loading Preferences From User Session CFPrefsD
2026-07-06 04:29:20.831781+0000 0xeb29     Default     0x0                  21714  0    rayforge-app: (UIKitCore) [com.apple.UIKit:PointerLockState] preferredPointerLockStatus updated: scene: <UIWindowScene: 0x10330a0e0; role: UIWindowSceneSessionRoleApplication; persistentIdentifier: 20F86E1C-6CB8-4D3B-98BD-AB4B4A354A9A; activationState: UISceneActivationStateForegroundInactive>; viewController: <GdkIOSViewController: 0x10331e2c0>; preferredPointerLockStatus: _UIPointerLockStatusUnlocked
2026-07-06 04:29:20.839873+0000 0xeb29     Default     0x0                  21714  0    rayforge-app: (UIKitCore) [com.apple.UIKit:Orientation] <UIWindowScene: 0x10330a0e0> (20F86E1C-6CB8-4D3B-98BD-AB4B4A354A9A) Scene updated orientation preferences: none -> ( Pu Ll Lr Pd )
2026-07-06 04:29:20.840077+0000 0xeb29     Default     0x0                  21714  1    rayforge-app: (UIKitCore) [com.apple.UIKit:KeyWindow] Key window API is scene-level: YES
2026-07-06 04:29:20.840116+0000 0xeb29     Default     0x0                  21714  1    rayforge-app: (UIKitCore) [com.apple.UIKit:KeyWindow] UIWindowScene: 0x10330a0e0: Window became key in scene: UIWindow: 0x10331c270; contextId: 0x1FF121C5: reason: UIWindowScene: 0x10330a0e0: Window requested to become key in scene: 0x10331c270
2026-07-06 04:29:20.840140+0000 0xeb29     Default     0x0                  21714  1    rayforge-app: (UIKitCore) [com.apple.UIKit:KeyWindow] Key window needs update: 1; currentKeyWindowScene: 0x0; evaluatedKeyWindowScene: 0x10330a0e0; currentApplicationKeyWindow: 0x0; evaluatedApplicationKeyWindow: 0x10331c270; reason: UIWindowScene: 0x10330a0e0: Window requested to become key in scene: 0x10331c270
2026-07-06 04:29:20.840178+0000 0xeb29     Default     0x0                  21714  1    rayforge-app: (UIKitCore) [com.apple.UIKit:KeyWindow] Window did become application key: UIWindow: 0x10331c270; contextId: 0x1FF121C5; scene identity: com.apple.frontboard.systemappservices/FBSceneManager:sceneID%3Aorg.rayforge.app-default
2026-07-06 04:29:20.840449+0000 0xeb29     Default     0x0                  21714  1    rayforge-app: (UIKitCore) [com.apple.UIKit:EventDeferring] [0x600002911570] Begin local event deferring requested for token: 0x60000260c9c0; environments: 1; reason: UIWindowScene: 0x10330a0e0: Begin event deferring in keyboardFocus for window: 0x10331c270
2026-07-06 04:29:20.843516+0000 0xeb29     Default     0x0                  21714  0    rayforge-app: (UIKitCore) [com.apple.UIKit:KeyboardSceneDelegate] Reloading input views for key-window scene responder: <GdkIOSView: 0x10331ea60; frame = (0 0; 1032 1376); > force:N
2026-07-06 04:29:20.845226+0000 0xeb29     Default     0x0                  21714  0    rayforge-app: (UIKitCore) [com.apple.UIKit:KeyboardSceneDelegate] _reloadInputViewsForKeyWindowSceneResponder: 1 force: 0, fromBecomeFirstResponder: 1 (automaticKeyboard: 1, reloadIdentifier: 10CB28D4-1E8E-44E5-A7D4-BB168D1ACB2D)
2026-07-06 04:29:20.845286+0000 0xeb29     Default     0x0                  21714  0    rayforge-app: (UIKitCore) [com.apple.UIKit:KeyboardSceneDelegate] _inputViewsForResponder: <GdkIOSView: 0x10331ea60; frame = (0 0; 1032 1376); >, automaticKeyboard: 1, force: 0
2026-07-06 04:29:20.845379+0000 0xeb29     Default     0x0                  21714  0    rayforge-app: (UIKitCore) [com.apple.UIKit:KeyboardSceneDelegate] _inputViewsForResponder, found custom inputView: <(null): 0x0>, customInputViewController: <(null): 0x0>
2026-07-06 04:29:20.845408+0000 0xeb29     Default     0x0                  21714  0    rayforge-app: (UIKitCore) [com.apple.UIKit:KeyboardSceneDelegate] _inputViewsForResponder, found inputAccessoryView: <(null): 0x0>
2026-07-06 04:29:20.845445+0000 0xeb29     Default     0x0                  21714  0    rayforge-app: (UIKitCore) [com.apple.UIKit:KeyboardSceneDelegate] _inputViewsForResponder, responderRequiresKeyboard 0 (automaticKeyboardEnabled: 1, activeInstance: <(null): 0x0>, self.isOnScreen: 0, requiresKBWhenFirstResponder: 0)
2026-07-06 04:29:20.845460+0000 0xeb29     Default     0x0                  21714  0    rayforge-app: (UIKitCore) [com.apple.UIKit:KeyboardSceneDelegate] _inputViewsForResponder, useKeyboard 0 (allowsSystemInputView: 1, !inputView <(null): 0x0>, responderRequiresKeyboard 0)
2026-07-06 04:29:20.845783+0000 0xeb29     Default     0x0                  21714  0    rayforge-app: (UIKitCore) [com.apple.UIKit:KeyboardSceneDelegate] _inputViewsForResponder, configuring _responderWithoutAutomaticAppearanceEnabled: <(null): 0x0> (_automaticAppearEnabled: 1)
2026-07-06 04:29:20.845814+0000 0xeb29     Default     0x0                  21714  0    rayforge-app: (UIKitCore) [com.apple.UIKit:KeyboardSceneDelegate] _inputViewsForResponder, needsIVPlaceholder: 0, needsIAVPlaceholder: 0, needsInputSetWithPlaceholder: 0
2026-07-06 04:29:20.845844+0000 0xeb29     Default     0x0                  21714  0    rayforge-app: (UIKitCore) [com.apple.UIKit:KeyboardSceneDelegate] _inputViewsForResponder returning: <<UIInputViewSet: 0x600003700c00>; (empty)>
2026-07-06 04:29:20.859394+0000 0xeb29     Default     0x0                  21714  0    rayforge-app: (UIKitCore) [com.apple.UIKit:Application] Deactivation reason removed: 10; deactivation reasons: 3104 -> 2080; animating application lifecycle event: 1
2026-07-06 04:29:20.859684+0000 0xeb29     Default     0x0                  21714  0    rayforge-app: (UIKitCore) [com.apple.UIKit:Application] Deactivation reason added: 12; deactivation reasons: 2080 -> 6176; animating application lifecycle event: 1
2026-07-06 04:29:20.859710+0000 0xeb29     Default     0x0                  21714  0    rayforge-app: (UIKitCore) [com.apple.UIKit:Application] Deactivation reason removed: 11; deactivation reasons: 6176 -> 4128; animating application lifecycle event: 1
2026-07-06 04:29:20.860549+0000 0xeb29     Default     0x0                  21714  0    rayforge-app: (FrontBoardServices) [com.apple.FrontBoard:SceneExtension] Realizing settings extension <_UISceneIntelligenceSupportSettings> on FBSSceneSettings
2026-07-06 04:29:20.863070+0000 0xeb29     Default     0x0                  21714  0    rayforge-app: (UIKitCore) [com.apple.UIKit:InterfaceStyle] Not push traits update to screen for new style 1, <UIWindowScene: 0x10330a0e0> (20F86E1C-6CB8-4D3B-98BD-AB4B4A354A9A)
2026-07-06 04:29:20.866347+0000 0xeb29     Default     0x0                  21714  0    rayforge-app: (UIKitCore) [com.apple.UIKit:UIFocus] Failed to update focus with context <UIFocusUpdateContext: 0x600003000480; previouslyFocusedItem: (nil); nextFocusedItem: (nil); focusHeading: None>. No additional info available.
2026-07-06 04:29:20.869909+0000 0xeb29     Default     0x0                  21714  0    rayforge-app: (libxpc.dylib) [com.apple.xpc:connection] [0x103206860] activating connection: mach=true listener=false peer=false name=com.apple.lsd.mapdb
2026-07-06 04:29:20.944006+0000 0xeb38     Default     0x0                  21714  0    rayforge-app: (BackBoardServices) [com.apple.BackBoard:EventDelivery] BKSHIDEventDeliveryManager - connection activation
2026-07-06 04:29:20.952588+0000 0xeb29     Default     0x0                  21714  0    rayforge-app: (Network) [com.apple.network:activity] Create activity from XPC object <nw_activity 50:1 [B8B50B4D-C51D-45F9-B1BC-FF74E9A50598] (reporting strategy default)>
2026-07-06 04:29:20.952669+0000 0xeb29     Default     0x0                  21714  0    rayforge-app: (Network) [com.apple.network:activity] Create activity from XPC object <nw_activity 50:2 [D5D30767-A595-452E-A0B4-2980782240DB] (reporting strategy default)>
2026-07-06 04:29:20.952697+0000 0xeb29     Default     0x0                  21714  0    rayforge-app: (Network) [com.apple.network:activity] Set activity <nw_activity 50:1 [B8B50B4D-C51D-45F9-B1BC-FF74E9A50598] (reporting strategy default)> as the global parent
2026-07-06 04:29:20.952777+0000 0xeb29     Default     0x0                  21714  0    rayforge-app: (UIKitCore) [com.apple.UIKit:BackgroundTask] Ending background task with UIBackgroundTaskIdentifier: 1
2026-07-06 04:29:20.952854+0000 0xeb29     Default     0x0                  21714  0    rayforge-app: (UIKitCore) [com.apple.UIKit:BackgroundTask] Ending task with identifier 1 and description: <_UIBackgroundTaskInfo: 0x60000170abc0>: taskID = 1, taskName = Launch Background Task for Coalescing, creationTime = 532 (elapsed = 1), _expireHandler: (null)
2026-07-06 04:29:20.952894+0000 0xeb29     Default     0x0                  21714  0    rayforge-app: (UIKitCore) [com.apple.UIKit:BackgroundTask] Decrementing reference count for assertion <BKSProcessAssertion: 0x60000210c1e0> (used by background task with identifier 1: <_UIBackgroundTaskInfo: 0x60000170abc0>: taskID = 1, taskName = Launch Background Task for Coalescing, creationTime = 532 (elapsed = 1))
2026-07-06 04:29:20.953085+0000 0xeb29     Default     0x0                  21714  0    rayforge-app: (UIKitCore) [com.apple.UIKit:EventBus] Event Timing Profile for Touch: not found, path="/System/Library/EventTimingProfiles/Sim.Touch.plist"
2026-07-06 04:29:20.953356+0000 0xeb29     Default     0x0                  21714  0    rayforge-app: (UIKitCore) [com.apple.UIKit:EventBus] Event Timing Profile for Pencil: not found, path="/System/Library/EventTimingProfiles/Sim.Pencil.plist"
2026-07-06 04:29:20.954939+0000 0xeb29     Default     0x0                  21714  0    rayforge-app: (UIKitCore) [com.apple.UIKit:UpdateScheduler] Target list changed: <CADisplay:LCD PurpleMain>
2026-07-06 04:29:20.969387+0000 0xeb3d     Default     0x0                  21714  0    rayforge-app: (UIIntelligenceSupport) [com.apple.UIIntelligenceSupport:xpc] establishing connection to agent
2026-07-06 04:29:20.970115+0000 0xeb3d     Default     0x0                  21714  0    rayforge-app: (libxpc.dylib) [com.apple.xpc:session] [0x600002109270] Session created.
2026-07-06 04:29:20.970130+0000 0xeb3d     Default     0x0                  21714  0    rayforge-app: (libxpc.dylib) [com.apple.xpc:session] [0x600002109270] Session created from connection [0x103309710]
2026-07-06 04:29:20.970174+0000 0xeb3d     Default     0x0                  21714  0    rayforge-app: (libxpc.dylib) [com.apple.xpc:connection] [0x103309710] activating connection: mach=true listener=false peer=false name=com.apple.uiintelligencesupport.agent
2026-07-06 04:29:20.970978+0000 0xeb37     Default     0x0                  21714  0    rayforge-app: (BackBoardServices) [com.apple.BackBoard:EventDelivery] policyStatus:<BKSHIDEventDeliveryPolicyObserver: 0x6000026067c0; token: com.apple.frontboard.systemappservices/FBSceneManager:sceneID%3Aorg.rayforge.app-default; status: ancestor> was:target
2026-07-06 04:29:21.032733+0000 0xeb3d     Default     0x0                  21714  0    rayforge-app: (libxpc.dylib) [com.apple.xpc:session] [0x600002109270] Session activated
2026-07-06 04:29:21.122970+0000 0xeb3d     Activity    0x35fc3              21714  0    rayforge-app: (RunningBoardServices) didChangeInheritances
2026-07-06 04:29:21.302477+0000 0xeb3d     Default     0x0                  21714  0    rayforge-app: (UIKitCore) [com.apple.UIKit:BackgroundTask] Ending background task with UIBackgroundTaskIdentifier: 2
2026-07-06 04:29:21.312421+0000 0xeb3d     Default     0x0                  21714  0    rayforge-app: (UIKitCore) [com.apple.UIKit:BackgroundTask] Ending task with identifier 2 and description: <_UIBackgroundTaskInfo: 0x600001717e40>: taskID = 2, taskName = Persistent SceneSession Map Update, creationTime = 533 (elapsed = 0), _expireHandler: <__NSGlobalBlock__: 0x1e61729e0>
2026-07-06 04:29:21.312474+0000 0xeb3d     Default     0x0                  21714  0    rayforge-app: (UIKitCore) [com.apple.UIKit:BackgroundTask] Decrementing reference count for assertion <BKSProcessAssertion: 0x60000210c1e0> (used by background task with identifier 2: <_UIBackgroundTaskInfo: 0x600001717e40>: taskID = 2, taskName = Persistent SceneSession Map Update, creationTime = 533 (elapsed = 0))
2026-07-06 04:29:21.312497+0000 0xeb3d     Default     0x0                  21714  0    rayforge-app: (UIKitCore) [com.apple.UIKit:BackgroundTask] Will invalidate assertion: <BKSProcessAssertion: 0x60000210c1e0> for task identifier: 2
2026-07-06 04:29:21.647249+0000 0xeb37     Activity    0x35fc4              21714  0    rayforge-app: (RunningBoardServices) didChangeInheritances
2026-07-06 04:29:26.579459+0000 0xeb29     Default     0x0                  21714  0    rayforge-app: (UIKitCore) [com.apple.KeyboardArbiter:Client] startConnection
2026-07-06 04:29:26.579951+0000 0xeb29     Default     0x0                  21714  1    rayforge-app: (UIKitCore) [com.apple.UIKit:EventDeferring] [0x600002911570] Scene target of event deferring environments did update: scene: 0x10330a0e0; current systemShellManagesKeyboardFocus: 1; systemShellManagesKeyboardFocusForScene: 1; eligibleForRecordRemoval: 1;
2026-07-06 04:29:26.579997+0000 0xeb29     Default     0x0                  21714  1    rayforge-app: (UIKitCore) [com.apple.UIKit:KeyWindow] Scene became target of keyboard event deferring environment: UIWindowScene: 0x10330a0e0; scene identity: com.apple.frontboard.systemappservices/FBSceneManager:sceneID%3Aorg.rayforge.app-default
2026-07-06 04:29:26.580251+0000 0xeb29     Default     0x0                  21714  0    rayforge-app: (libAccessibility.dylib) [com.apple.Accessibility:AXCommon] Read Per-App on Init: Smart invert = (null)
2026-07-06 04:29:26.581112+0000 0xeb29     Default     0x0                  21714  0    rayforge-app: (UIKitCore) [com.apple.UIKit:AppLifecycle] sceneOfRecord: sceneID: sceneID:org.rayforge.app-default  persistentID: 20F86E1C-6CB8-4D3B-98BD-AB4B4A354A9A
2026-07-06 04:29:26.581367+0000 0xeb29     Default     0x0                  21714  0    rayforge-app: (UIKitCore) [com.apple.UIKit:InterfaceStyle] Not push traits update to screen for new style 1, <UIWindowScene: 0x10330a0e0> (20F86E1C-6CB8-4D3B-98BD-AB4B4A354A9A)
2026-07-06 04:29:26.581726+0000 0xeb29     Default     0x0                  21714  0    rayforge-app: (UIKitCore) [com.apple.UIKit:InterfaceStyle] Not push traits update to screen for new style 1, <UIWindowScene: 0x10330a0e0> (20F86E1C-6CB8-4D3B-98BD-AB4B4A354A9A)
2026-07-06 04:29:26.582679+0000 0xeb29     Default     0x0                  21714  0    rayforge-app: (UIKitCore) [com.apple.UIKit:AppLifecycle] sceneOfRecord: sceneID: sceneID:org.rayforge.app-default  persistentID: 20F86E1C-6CB8-4D3B-98BD-AB4B4A354A9A
2026-07-06 04:29:26.582961+0000 0xeb29     Default     0x0                  21714  0    rayforge-app: (UIKitCore) [com.apple.UIKit:Application] Deactivation reason removed: 12; deactivation reasons: 4128 -> 32; animating application lifecycle event: 1
2026-07-06 04:29:26.583015+0000 0xeb29     Default     0x0                  21714  0    rayforge-app: (UIKitCore) [com.apple.KeyboardArbiter:Client] Send setDeactivating: N (-DeactivationReason:SuspendedEventsOnly)
2026-07-06 04:29:26.583291+0000 0xeb29     Default     0x0                  21714  0    rayforge-app: (UIKitCore) [com.apple.UIKit:Application] Deactivation reason removed: 5; deactivation reasons: 32 -> 0; animating application lifecycle event: 0
2026-07-06 04:29:26.583990+0000 0xeb29     Default     0x0                  21714  0    rayforge-app: (UIKitCore) [com.apple.KeyboardArbiter:Client] handleKeyboardChange: set currentKeyboard:N (wasKeyboard:N)
2026-07-06 04:29:26.586646+0000 0xeb29     Default     0x0                  21714  0    rayforge-app: (UIKitCore) [com.apple.UIKit:KeyboardArbiterClientLog] isWritingToolsHandlingKeyboardTracking:Y (WT ready:Y, Arbiter ready:Y)
2026-07-06 04:29:27.006925+0000 0xeb29     Default     0x0                  21714  0    rayforge-app: (UIKitCore) [com.apple.UIKit:AppLifecycle] sceneOfRecord: sceneID: sceneID:org.rayforge.app-default  persistentID: 20F86E1C-6CB8-4D3B-98BD-AB4B4A354A9A
2026-07-06 04:29:27.008154+0000 0xeb29     Default     0x0                  21714  0    rayforge-app: (UIKitCore) [com.apple.UIKit:AppLifecycle] sceneOfRecord: sceneID: sceneID:org.rayforge.app-default  persistentID: 20F86E1C-6CB8-4D3B-98BD-AB4B4A354A9A
2026-07-06 04:29:27.150340+0000 0xeb29     Default     0x0                  21714  0    rayforge-app: (Network) [com.apple.network:activity] <nw_activity 50:1 [B8B50B4D-C51D-45F9-B1BC-FF74E9A50598] (global parent) (reporting strategy default) complete (reason success)> complete with reason 2 (success), duration 6991ms
2026-07-06 04:29:27.150413+0000 0xeb29     Default     0x0                  21714  0    rayforge-app: (Network) [com.apple.network:activity] <nw_activity 50:2 [D5D30767-A595-452E-A0B4-2980782240DB] (reporting strategy default) complete (reason success)> complete with reason 2 (success), duration 6991ms
2026-07-06 04:29:27.150433+0000 0xeb29     Default     0x0                  21714  0    rayforge-app: (Network) [com.apple.network:activity] Unsetting the global parent activity <nw_activity 50:1 [B8B50B4D-C51D-45F9-B1BC-FF74E9A50598] (global parent) (reporting strategy default) complete (reason success)>
2026-07-06 04:29:27.150494+0000 0xeb29     Default     0x0                  21714  0    rayforge-app: (Network) [com.apple.network:activity] Unset the global parent activity
