Gdk-Message: 04:29:20.745: gdk-ios: bundle resources at /Users/runner/Library/Developer/CoreSimulator/Devices/5DEDD3EC-3D98-4D41-8D67-4AB3DDE75556/data/Containers/Bundle/Application/225F1385-B402-4908-BB02-6D6E1379E6A8/RayforgeApp.app
Gdk-Message: 04:29:20.904: gdk-ios: shell ready window=1032x1376 view=1032x1376 scale=2.00
Gdk-Message: 04:29:20.914: gdk-ios: VC layout view=1032x1376 screen=1032x1376
Gdk-Message: 04:29:21.005: gdk-ios: entering user main
** Message: 04:29:21.006: GI_TYPELIB_PATH: /Users/runner/Library/Developer/CoreSimulator/Devices/5DEDD3EC-3D98-4D41-8D67-4AB3DDE75556/data/Containers/Bundle/Application/225F1385-B402-4908-BB02-6D6E1379E6A8/RayforgeApp.app/lib/girepository-1.0
** Message: 04:29:21.006: python home: /Users/runner/Library/Developer/CoreSimulator/Devices/5DEDD3EC-3D98-4D41-8D67-4AB3DDE75556/data/Containers/Bundle/Application/225F1385-B402-4908-BB02-6D6E1379E6A8/RayforgeApp.app/python
** Message: 04:29:21.006: site-packages: /Users/runner/Library/Developer/CoreSimulator/Devices/5DEDD3EC-3D98-4D41-8D67-4AB3DDE75556/data/Containers/Bundle/Application/225F1385-B402-4908-BB02-6D6E1379E6A8/RayforgeApp.app/python/lib/python3.13/site-packages
IOSBOOT: ios_main.main() start
IOSBOOT: import rayforge.app
IOSBOOT: addon finder fast-fail installed
IOSBOOT: rayforge.app.main()
2026-07-06 04:29:22,415 - root - INFO - Logging configured. Console level: INFO
2026-07-06 04:29:22,415 - root - INFO - Session log file: /Users/runner/Library/Developer/CoreSimulator/Devices/5DEDD3EC-3D98-4D41-8D67-4AB3DDE75556/data/Containers/Data/Application/0F8D5ECE-E465-4F28-AA66-537828B8B015/.local/state/rayforge/log/session-2026-07-06_04-29-22.log
2026-07-06 04:29:22,415 - rayforge.app - INFO - Application starting with log level INFO
2026-07-06 04:29:22,415 - rayforge.app - INFO - PyCairo version: 1.29.0
2026-07-06 04:29:24,005 - rayforge.image.svg.svg_fallback - WARNING - pyvips svgload_buffer not available. Using Cairo/Rsvg fallback for SVG rendering.
2026-07-06 04:29:24,934 - rayforge.ui_gtk.sim3d - INFO - Skipping Canvas3D import due to RAYFORGE_DISABLE_3D
2026-07-06 04:29:24,934 - rayforge.ui_gtk.sim3d - INFO - 3D canvas disabled via RAYFORGE_DISABLE_3D environment variable.
2026-07-06 04:29:25,017 - rayforge.addon_mgr.addon_manager - INFO - Scanning for addons in /Users/runner/Library/Developer/CoreSimulator/Devices/5DEDD3EC-3D98-4D41-8D67-4AB3DDE75556/data/Containers/Bundle/Application/225F1385-B402-4908-BB02-6D6E1379E6A8/RayforgeApp.app/python/lib/python3.13/site-packages/rayforge/builtin_addons...
2026-07-06 04:29:25,021 - rayforge.addon_mgr.addon_manager - INFO - Loaded addon: core_materials (builtin)
2026-07-06 04:29:25,106 - rayforge.addon_mgr.addon_manager - INFO - Loaded addon: sketcher (builtin)
2026-07-06 04:29:25,115 - rayforge.addon_mgr.addon_manager - ERROR - Error importing addon laser_essentials: No module named 'raygeo.cnc'
2026-07-06 04:29:25,119 - rayforge.addon_mgr.addon_manager - ERROR - Error importing addon laser_essentials: No module named 'raygeo.cnc'
2026-07-06 04:29:25,119 - rayforge.addon_mgr.addon_manager - INFO - Loaded addon: laser_essentials (builtin)
2026-07-06 04:29:25,123 - rayforge.addon_mgr.addon_manager - INFO - Loaded addon: print_and_cut (builtin)
2026-07-06 04:29:25,159 - rayforge.addon_mgr.addon_manager - INFO - Loaded addon: post_processors (builtin)
2026-07-06 04:29:25,175 - rayforge.addon_mgr.addon_manager - INFO - Loaded addon: ai_workpiece_generator (builtin)
2026-07-06 04:29:25,380 - rayforge.context - INFO - Addons loaded (headless=False)
IOSBOOT: _ios_run: register()
IOSBOOT: _ios_run: activate()
2026-07-06 04:29:26,162 - rayforge.context - INFO - Lazy loading config manager
2026-07-06 04:29:26,168 - rayforge.context - INFO - Lazy loading machine manager
2026-07-06 04:29:26,174 - rayforge.core.config - INFO - Config file does not exist, creating default config.
2026-07-06 04:29:26,267 - rayforge.context - INFO - Lazy loading camera manager
2026-07-06 04:29:26,332 - rayforge.worker_init - ERROR - Failed to load enabled worker module 'rayforge_addons.core_materials.core_materials.worker': Plugin name already registered: rayforge_addons.core_materials.core_materials.worker=<module 'rayforge_addons.core_materials.core_materials.worker' from '/Users/runner/Library/Developer/CoreSimulator/Devices/5DEDD3EC-3D98-4D41-8D67-4AB3DDE75556/data/Containers/Bundle/Application/225F1385-B402-4908-BB02-6D6E1379E6A8/RayforgeApp.app/python/lib/python3.13/site-packages/rayforge/builtin_addons/rayforge-addon-materials/core_materials/worker.py'>
{'rayforge_addons.core_materials.core_materials.worker': <module 'rayforge_addons.core_materials.core_materials.worker' from '/Users/runner/Library/Developer/CoreSimulator/Devices/5DEDD3EC-3D98-4D41-8D67-4AB3DDE75556/data/Containers/Bundle/Application/225F1385-B402-4908-BB02-6D6E1379E6A8/RayforgeApp.app/python/lib/python3.13/site-packages/rayforge/builtin_addons/rayforge-addon-materials/core_materials/worker.py'>, 'rayforge_addons.sketcher.sketcher.worker': <module 'rayforge_addons.sketcher.sketcher.worker' from '/Users/runner/Library/Developer/CoreSimulator/Devices/5DEDD3EC-3D98-4D41-8D67-4AB3DDE75556/data/Containers/Bundle/Application/225F1385-B402-4908-BB02-6D6E1379E6A8/RayforgeApp.app/python/lib/python3.13/site-packages/rayforge/builtin_addons/rayforge-addon-sketcher/sketcher/worker.py'>, 'rayforge_addons.sketcher.sketcher.frontend': <module 'rayforge_addons.sketcher.sketcher.frontend' from '/Users/runner/Library/Developer/CoreSimulator/Devices/5DEDD3EC-3D98-4D41-8D67-4AB3DDE75556/data/Containers/Bundle/Application/225F1385-B402-4908-BB02-6D6E1379E6A8/RayforgeApp.app/python/lib/python3.13/site-packages/rayforge/builtin_addons/rayforge-addon-sketcher/sketcher/frontend.py'>, 'rayforge_addons.print_and_cut.print_and_cut.frontend': <module 'rayforge_addons.print_and_cut.print_and_cut.frontend' from '/Users/runner/Library/Developer/CoreSimulator/Devices/5DEDD3EC-3D98-4D41-8D67-4AB3DDE75556/data/Containers/Bundle/Application/225F1385-B402-4908-BB02-6D6E1379E6A8/RayforgeApp.app/python/lib/python3.13/site-packages/rayforge/builtin_addons/rayforge-addon-print-and-cut/print_and_cut/frontend.py'>, 'rayforge_addons.post_processors.post_processors.worker': <module 'rayforge_addons.post_processors.post_processors.worker' from '/Users/runner/Library/Developer/CoreSimulator/Devices/5DEDD3EC-3D98-4D41-8D67-4AB3DDE75556/data/Containers/Bundle/Application/225F1385-B402-4908-BB02-6D6E1379E6A8/RayforgeApp.app/python/lib/python3.13/site-packages/rayforge/builtin_addons/rayforge-addon-post/post_processors/worker.py'>, 'rayforge_addons.post_processors.post_processors.frontend': <module 'rayforge_addons.post_processors.post_processors.frontend' from '/Users/runner/Library/Developer/CoreSimulator/Devices/5DEDD3EC-3D98-4D41-8D67-4AB3DDE75556/data/Containers/Bundle/Application/225F1385-B402-4908-BB02-6D6E1379E6A8/RayforgeApp.app/python/lib/python3.13/site-packages/rayforge/builtin_addons/rayforge-addon-post/post_processors/frontend.py'>, 'rayforge_addons.ai_workpiece_generator.ai_workpiece_generator.frontend': <module 'rayforge_addons.ai_workpiece_generator.ai_workpiece_generator.frontend' from '/Users/runner/Library/Developer/CoreSimulator/Devices/5DEDD3EC-3D98-4D41-8D67-4AB3DDE75556/data/Containers/Bundle/Application/225F1385-B402-4908-BB02-6D6E1379E6A8/RayforgeApp.app/python/lib/python3.13/site-packages/rayforge/builtin_addons/rayforge-addon-ai-workpiece/ai_workpiece_generator/frontend.py'>}
2026-07-06 04:29:26,332 - rayforge.worker_init - ERROR - Failed to load enabled worker module 'rayforge_addons.sketcher.sketcher.worker': Plugin name already registered: rayforge_addons.sketcher.sketcher.worker=<module 'rayforge_addons.sketcher.sketcher.worker' from '/Users/runner/Library/Developer/CoreSimulator/Devices/5DEDD3EC-3D98-4D41-8D67-4AB3DDE75556/data/Containers/Bundle/Application/225F1385-B402-4908-BB02-6D6E1379E6A8/RayforgeApp.app/python/lib/python3.13/site-packages/rayforge/builtin_addons/rayforge-addon-sketcher/sketcher/worker.py'>
{'rayforge_addons.core_materials.core_materials.worker': <module 'rayforge_addons.core_materials.core_materials.worker' from '/Users/runner/Library/Developer/CoreSimulator/Devices/5DEDD3EC-3D98-4D41-8D67-4AB3DDE75556/data/Containers/Bundle/Application/225F1385-B402-4908-BB02-6D6E1379E6A8/RayforgeApp.app/python/lib/python3.13/site-packages/rayforge/builtin_addons/rayforge-addon-materials/core_materials/worker.py'>, 'rayforge_addons.sketcher.sketcher.worker': <module 'rayforge_addons.sketcher.sketcher.worker' from '/Users/runner/Library/Developer/CoreSimulator/Devices/5DEDD3EC-3D98-4D41-8D67-4AB3DDE75556/data/Containers/Bundle/Application/225F1385-B402-4908-BB02-6D6E1379E6A8/RayforgeApp.app/python/lib/python3.13/site-packages/rayforge/builtin_addons/rayforge-addon-sketcher/sketcher/worker.py'>, 'rayforge_addons.sketcher.sketcher.frontend': <module 'rayforge_addons.sketcher.sketcher.frontend' from '/Users/runner/Library/Developer/CoreSimulator/Devices/5DEDD3EC-3D98-4D41-8D67-4AB3DDE75556/data/Containers/Bundle/Application/225F1385-B402-4908-BB02-6D6E1379E6A8/RayforgeApp.app/python/lib/python3.13/site-packages/rayforge/builtin_addons/rayforge-addon-sketcher/sketcher/frontend.py'>, 'rayforge_addons.print_and_cut.print_and_cut.frontend': <module 'rayforge_addons.print_and_cut.print_and_cut.frontend' from '/Users/runner/Library/Developer/CoreSimulator/Devices/5DEDD3EC-3D98-4D41-8D67-4AB3DDE75556/data/Containers/Bundle/Application/225F1385-B402-4908-BB02-6D6E1379E6A8/RayforgeApp.app/python/lib/python3.13/site-packages/rayforge/builtin_addons/rayforge-addon-print-and-cut/print_and_cut/frontend.py'>, 'rayforge_addons.post_processors.post_processors.worker': <module 'rayforge_addons.post_processors.post_processors.worker' from '/Users/runner/Library/Developer/CoreSimulator/Devices/5DEDD3EC-3D98-4D41-8D67-4AB3DDE75556/data/Containers/Bundle/Application/225F1385-B402-4908-BB02-6D6E1379E6A8/RayforgeApp.app/python/lib/python3.13/site-packages/rayforge/builtin_addons/rayforge-addon-post/post_processors/worker.py'>, 'rayforge_addons.post_processors.post_processors.frontend': <module 'rayforge_addons.post_processors.post_processors.frontend' from '/Users/runner/Library/Developer/CoreSimulator/Devices/5DEDD3EC-3D98-4D41-8D67-4AB3DDE75556/data/Containers/Bundle/Application/225F1385-B402-4908-BB02-6D6E1379E6A8/RayforgeApp.app/python/lib/python3.13/site-packages/rayforge/builtin_addons/rayforge-addon-post/post_processors/frontend.py'>, 'rayforge_addons.ai_workpiece_generator.ai_workpiece_generator.frontend': <module 'rayforge_addons.ai_workpiece_generator.ai_workpiece_generator.frontend' from '/Users/runner/Library/Developer/CoreSimulator/Devices/5DEDD3EC-3D98-4D41-8D67-4AB3DDE75556/data/Containers/Bundle/Application/225F1385-B402-4908-BB02-6D6E1379E6A8/RayforgeApp.app/python/lib/python3.13/site-packages/rayforge/builtin_addons/rayforge-addon-ai-workpiece/ai_workpiece_generator/frontend.py'>}
2026-07-06 04:29:26,332 - rayforge.worker_init - ERROR - Failed to load enabled worker module 'rayforge_addons.post_processors.post_processors.worker': Plugin name already registered: rayforge_addons.post_processors.post_processors.worker=<module 'rayforge_addons.post_processors.post_processors.worker' from '/Users/runner/Library/Developer/CoreSimulator/Devices/5DEDD3EC-3D98-4D41-8D67-4AB3DDE75556/data/Containers/Bundle/Application/225F1385-B402-4908-BB02-6D6E1379E6A8/RayforgeApp.app/python/lib/python3.13/site-packages/rayforge/builtin_addons/rayforge-addon-post/post_processors/worker.py'>
{'rayforge_addons.core_materials.core_materials.worker': <module 'rayforge_addons.core_materials.core_materials.worker' from '/Users/runner/Library/Developer/CoreSimulator/Devices/5DEDD3EC-3D98-4D41-8D67-4AB3DDE75556/data/Containers/Bundle/Application/225F1385-B402-4908-BB02-6D6E1379E6A8/RayforgeApp.app/python/lib/python3.13/site-packages/rayforge/builtin_addons/rayforge-addon-materials/core_materials/worker.py'>, 'rayforge_addons.sketcher.sketcher.worker': <module 'rayforge_addons.sketcher.sketcher.worker' from '/Users/runner/Library/Developer/CoreSimulator/Devices/5DEDD3EC-3D98-4D41-8D67-4AB3DDE75556/data/Containers/Bundle/Application/225F1385-B402-4908-BB02-6D6E1379E6A8/RayforgeApp.app/python/lib/python3.13/site-packages/rayforge/builtin_addons/rayforge-addon-sketcher/sketcher/worker.py'>, 'rayforge_addons.sketcher.sketcher.frontend': <module 'rayforge_addons.sketcher.sketcher.frontend' from '/Users/runner/Library/Developer/CoreSimulator/Devices/5DEDD3EC-3D98-4D41-8D67-4AB3DDE75556/data/Containers/Bundle/Application/225F1385-B402-4908-BB02-6D6E1379E6A8/RayforgeApp.app/python/lib/python3.13/site-packages/rayforge/builtin_addons/rayforge-addon-sketcher/sketcher/frontend.py'>, 'rayforge_addons.print_and_cut.print_and_cut.frontend': <module 'rayforge_addons.print_and_cut.print_and_cut.frontend' from '/Users/runner/Library/Developer/CoreSimulator/Devices/5DEDD3EC-3D98-4D41-8D67-4AB3DDE75556/data/Containers/Bundle/Application/225F1385-B402-4908-BB02-6D6E1379E6A8/RayforgeApp.app/python/lib/python3.13/site-packages/rayforge/builtin_addons/rayforge-addon-print-and-cut/print_and_cut/frontend.py'>, 'rayforge_addons.post_processors.post_processors.worker': <module 'rayforge_addons.post_processors.post_processors.worker' from '/Users/runner/Library/Developer/CoreSimulator/Devices/5DEDD3EC-3D98-4D41-8D67-4AB3DDE75556/data/Containers/Bundle/Application/225F1385-B402-4908-BB02-6D6E1379E6A8/RayforgeApp.app/python/lib/python3.13/site-packages/rayforge/builtin_addons/rayforge-addon-post/post_processors/worker.py'>, 'rayforge_addons.post_processors.post_processors.frontend': <module 'rayforge_addons.post_processors.post_processors.frontend' from '/Users/runner/Library/Developer/CoreSimulator/Devices/5DEDD3EC-3D98-4D41-8D67-4AB3DDE75556/data/Containers/Bundle/Application/225F1385-B402-4908-BB02-6D6E1379E6A8/RayforgeApp.app/python/lib/python3.13/site-packages/rayforge/builtin_addons/rayforge-addon-post/post_processors/frontend.py'>, 'rayforge_addons.ai_workpiece_generator.ai_workpiece_generator.frontend': <module 'rayforge_addons.ai_workpiece_generator.ai_workpiece_generator.frontend' from '/Users/runner/Library/Developer/CoreSimulator/Devices/5DEDD3EC-3D98-4D41-8D67-4AB3DDE75556/data/Containers/Bundle/Application/225F1385-B402-4908-BB02-6D6E1379E6A8/RayforgeApp.app/python/lib/python3.13/site-packages/rayforge/builtin_addons/rayforge-addon-ai-workpiece/ai_workpiece_generator/frontend.py'>}
Gdk-Message: 04:29:26.452: gdk-ios: attach_layer surface=0x1033c2670 type=toplevel layer=0x600000cadbc0 root=0x600000c0b810 root.bounds=1032x1376 root.sublayers=1 scale=2.00
Fontconfig warning: using without calling FcInit()
Gdk-Message: 04:29:26.518: gdk-ios: configure transient=0 granted=1115x1376 at (0,0) (gtk asked 1115x1100, bounds 1032x1376)
Gdk-Message: 04:29:26.518: gdk-ios: apply_frame surface=0x1033c2670 req=(0,0,1115x1376) layer.frame=(0,0,1115x1376)
Gdk-Message: 04:29:26.520: gdk-ios: attach_layer surface=0x10970c020 type=toplevel layer=0x600000cba850 root=0x600000c0b810 root.bounds=1032x1376 root.sublayers=2 scale=2.00
Gdk-Message: 04:29:26.621: gdk-ios: configure transient=1 granted=394x318 at (319,529) (gtk asked 394x318, bounds 1032x1376)
Gdk-Message: 04:29:26.621: gdk-ios: apply_frame surface=0x10970c020 req=(319,529,394x318) layer.frame=(319,529,394x318)
2026-07-06 04:29:26,622 - rayforge.addon_mgr.update_cmd - INFO - Scheduling startup addon update check.
2026-07-06 04:29:26,622 - rayforge.updater - INFO - Scheduling app version update check.
IOSBOOT: _ios_run: activate() returned; windows=1
IOSBOOT:   window mapped=True visible=True title='Rayforge'
IOSBOOT: keep-running caught — startup unwound cleanly
RAYFORGE UI RUNNING
** Message: 04:29:26.623: rayforge boot: PyGObject self-test ran (CPython 3.13.14 (main, Jun 12 2026, 07:26:39) [Clang 17.0.0 (clang-1700.0.13.5)]) ? see console for PYGOBJECT OK/FAIL
Gdk-Message: 04:29:26.629: gdk-ios: user main returned
Gdk-Message: 04:29:26.630: gdk-ios: VC layout view=1032x1376 screen=1032x1376
Gdk-Message: 04:29:26.860: gdk-ios: begin_frame surface=1115x1376 scale=2.00 pixels=2230x2752
Gdk-Message: 04:29:26.966: gdk-ios: end_frame 2230x2752 stride=8920 data=0x112b00000 layer=0x600000cadbc0 center=0xFFF5F5F6 tl=0xFFFFFFFF tr=0xFFFFFFFF bl=0xFFFAFAFB br=0xFFFAFAFB
Gdk-Message: 04:29:26.969: gdk-ios: presented layer=0x600000cadbc0 frame=(0,0,1115x1376) contentsScale=2.00 opacity=1.00 hidden=0 super=0x600000c0b810 hasContents=1
Gdk-Message: 04:29:26.971: gdk-ios: begin_frame surface=394x318 scale=2.00 pixels=788x636
Gdk-Message: 04:29:26.975: gdk-ios: end_frame 788x636 stride=3152 data=0x1159d8000 layer=0x600000cba850 center=0xFFFAFAFB tl=0x00000000 tr=0x00000000 bl=0x00000000 br=0x00000000
Gdk-Message: 04:29:26.975: gdk-ios: presented layer=0x600000cba850 frame=(319,529,394x318) contentsScale=2.00 opacity=1.00 hidden=0 super=0x600000c0b810 hasContents=1
Gdk-Message: 04:29:27.015: gdk-ios: begin_frame surface=1115x1376 scale=2.00 pixels=2230x2752
Gdk-Message: 04:29:27.016: gdk-ios: end_frame 2230x2752 stride=8920 data=0x112b00000 layer=0x600000cadbc0 center=0xFFF5F5F6 tl=0xFFFFFFFF tr=0xFFFFFFFF bl=0xFFFAFAFB br=0xFFFAFAFB
Gdk-Message: 04:29:27.022: gdk-ios: presented layer=0x600000cadbc0 frame=(0,0,1115x1376) contentsScale=2.00 opacity=1.00 hidden=0 super=0x600000c0b810 hasContents=1
Gdk-Message: 04:29:27.031: gdk-ios: configure transient=1 granted=344x447 at (344,464) (gtk asked 344x447, bounds 1032x1376)
Gdk-Message: 04:29:27.032: gdk-ios: apply_frame surface=0x10970c020 req=(344,464,344x447) layer.frame=(344,464,344x447)
Gdk-Message: 04:29:27.033: gdk-ios: begin_frame surface=344x447 scale=2.00 pixels=688x894
Gdk-Message: 04:29:27.036: gdk-ios: end_frame 688x894 stride=2752 data=0x11426c000 layer=0x600000cba850 center=0xFFFAFAFB tl=0x00000000 tr=0x00000000 bl=0x00000000 br=0x00000000
Gdk-Message: 04:29:27.037: gdk-ios: presented layer=0x600000cba850 frame=(344,464,344x447) contentsScale=2.00 opacity=1.00 hidden=0 super=0x600000c0b810 hasContents=1
Gdk-Message: 04:29:27.046: gdk-ios: VC layout view=1032x1376 screen=1032x1376
Gdk-Message: 04:29:27.070: gdk-ios: begin_frame surface=1115x1376 scale=2.00 pixels=2230x2752
Gdk-Message: 04:29:27.142: gdk-ios: end_frame 2230x2752 stride=8920 data=0x112b00000 layer=0x600000cadbc0 center=0xFFF5F5F6 tl=0xFFFFFFFF tr=0xFFFFFFFF bl=0xFFFAFAFB br=0xFFFAFAFB
Gdk-Message: 04:29:27.150: gdk-ios: presented layer=0x600000cadbc0 frame=(0,0,1115x1376) contentsScale=2.00 opacity=1.00 hidden=0 super=0x600000c0b810 hasContents=1
Gdk-Message: 04:29:29.119: gdk-ios: pump alive frame=120 total_iterations=13
IOSBOOT: GEOM monitor[0] 1032x1376+0+0 scale=2
IOSBOOT: GEOM top[0] 'Rayforge' alloc=1115x1376 surface=1115x1376 surfscale=2 vis=True
IOSBOOT: GEOM top[1] 'Help Improve Rayforge' alloc=300x403 surface=344x447 surfscale=2 vis=True
Gdk-Message: 04:29:31.119: gdk-ios: pump alive frame=240 total_iterations=14
Gdk-Message: 04:29:33.118: gdk-ios: pump alive frame=360 total_iterations=14
Gdk-Message: 04:29:35.119: gdk-ios: pump alive frame=480 total_iterations=14
Gdk-Message: 04:29:37.118: gdk-ios: pump alive frame=600 total_iterations=14
Gdk-Message: 04:29:39.118: gdk-ios: pump alive frame=720 total_iterations=14
Gdk-Message: 04:29:41.119: gdk-ios: pump alive frame=840 total_iterations=14
Gdk-Message: 04:29:43.117: gdk-ios: pump alive frame=960 total_iterations=14
Gdk-Message: 04:29:45.119: gdk-ios: pump alive frame=1080 total_iterations=14
Gdk-Message: 04:29:47.119: gdk-ios: pump alive frame=1200 total_iterations=14
Gdk-Message: 04:29:49.119: gdk-ios: pump alive frame=1320 total_iterations=14
Gdk-Message: 04:29:51.119: gdk-ios: pump alive frame=1440 total_iterations=14
Gdk-Message: 04:29:53.119: gdk-ios: pump alive frame=1560 total_iterations=14
Gdk-Message: 04:29:55.119: gdk-ios: pump alive frame=1680 total_iterations=14
Gdk-Message: 04:29:57.119: gdk-ios: pump alive frame=1800 total_iterations=14
Gdk-Message: 04:29:59.120: gdk-ios: pump alive frame=1920 total_iterations=14
Gdk-Message: 04:30:01.118: gdk-ios: pump alive frame=2040 total_iterations=14
Gdk-Message: 04:30:03.143: gdk-ios: pump alive frame=2160 total_iterations=14
Gdk-Message: 04:30:05.168: gdk-ios: pump alive frame=2280 total_iterations=14
Gdk-Message: 04:30:07.168: gdk-ios: pump alive frame=2400 total_iterations=14
Gdk-Message: 04:30:09.168: gdk-ios: pump alive frame=2520 total_iterations=14
Gdk-Message: 04:30:11.168: gdk-ios: pump alive frame=2640 total_iterations=14
Gdk-Message: 04:30:13.169: gdk-ios: pump alive frame=2760 total_iterations=14
Gdk-Message: 04:30:15.169: gdk-ios: pump alive frame=2880 total_iterations=14
Gdk-Message: 04:30:17.168: gdk-ios: pump alive frame=3000 total_iterations=14
Gdk-Message: 04:30:19.167: gdk-ios: pump alive frame=3120 total_iterations=14
Gdk-Message: 04:30:21.169: gdk-ios: pump alive frame=3240 total_iterations=14
Gdk-Message: 04:30:23.203: gdk-ios: pump alive frame=3360 total_iterations=14
Gdk-Message: 04:30:25.202: gdk-ios: pump alive frame=3480 total_iterations=14
Gdk-Message: 04:30:27.202: gdk-ios: pump alive frame=3600 total_iterations=14
