The Meson build system
Version: 1.11.1
Source dir: /Users/runner/work/Rayforge-iOS-ipa/Rayforge-iOS-ipa/pygobject-src
Build dir: /Users/runner/work/Rayforge-iOS-ipa/Rayforge-iOS-ipa/pygobject-build
Build type: cross build
Project name: pygobject
Project version: 3.56.3
C compiler for the host machine: /Users/runner/work/Rayforge-iOS-ipa/Rayforge-iOS-ipa/ios-cc-iphoneos.sh (clang 17.0.0 "Apple clang version 17.0.0 (clang-1700.0.13.5)")
C linker for the host machine: /Users/runner/work/Rayforge-iOS-ipa/Rayforge-iOS-ipa/ios-cc-iphoneos.sh ld64 1167.5
C compiler for the build machine: cc (clang 17.0.0 "Apple clang version 17.0.0 (clang-1700.0.13.5)")
C linker for the build machine: cc ld64 1167.5
Build machine cpu family: aarch64
Build machine cpu: aarch64
Host machine cpu family: aarch64
Host machine cpu: aarch64
Target machine cpu family: aarch64
Target machine cpu: aarch64
Program /opt/homebrew/opt/python@3.13/bin/python3.13 found: YES (/opt/homebrew/opt/python@3.13/bin/python3.13)
Found pkg-config: YES (/opt/homebrew/bin/pkg-config) 2.5.1
Run-time dependency python found: YES 3.13
Found pkg-config: YES (/opt/homebrew/bin/pkg-config) 2.5.1
Run-time dependency girepository-2.0 found: YES 2.84.4
Run-time dependency glib-2.0 found: YES 2.84.4
Run-time dependency gobject-2.0 found: YES 2.84.4
Run-time dependency gio-2.0 found: YES 2.84.4
Run-time dependency libffi found: YES 3.5.2

Executing subproject pythoncapi-compat 

pythoncapi-compat| Project name: pythoncapi-compat
pythoncapi-compat| Project version: undefined
pythoncapi-compat| C compiler for the host machine: /Users/runner/work/Rayforge-iOS-ipa/Rayforge-iOS-ipa/ios-cc-iphoneos.sh (clang 17.0.0 "Apple clang version 17.0.0 (clang-1700.0.13.5)")
pythoncapi-compat| C linker for the host machine: /Users/runner/work/Rayforge-iOS-ipa/Rayforge-iOS-ipa/ios-cc-iphoneos.sh ld64 1167.5
pythoncapi-compat| C compiler for the build machine: cc (clang 17.0.0 "Apple clang version 17.0.0 (clang-1700.0.13.5)")
pythoncapi-compat| C linker for the build machine: cc ld64 1167.5
pythoncapi-compat| Build targets in project: 0
pythoncapi-compat| Subproject pythoncapi-compat finished.

Run-time dependency cairo found: YES 1.18.4
Run-time dependency cairo-gobject found: YES 1.18.4
Message: pycairo not found via target Python, falling back to pkg-config (cairo module spec not found)
Run-time dependency py3cairo found: YES 1.29.0
Compiler for C supports arguments -Wall: YES 
Compiler for C supports arguments -Warray-bounds: YES 
Compiler for C supports arguments -Wcast-align: YES 
Compiler for C supports arguments -Wconversion: YES 
Compiler for C supports arguments -Wduplicated-branches: NO 
Compiler for C supports arguments -Wextra: YES 
Compiler for C supports arguments -Wformat=2: YES 
Compiler for C supports arguments -Wformat-nonliteral: YES 
Compiler for C supports arguments -Wformat-security: YES 
Compiler for C supports arguments -Wimplicit-function-declaration: YES 
Compiler for C supports arguments -Winit-self: YES 
Compiler for C supports arguments -Wjump-misses-init: NO 
Compiler for C supports arguments -Wlogical-op: NO 
Compiler for C supports arguments -Wmissing-declarations: YES 
Compiler for C supports arguments -Wmissing-format-attribute: YES 
Compiler for C supports arguments -Wmissing-include-dirs: YES 
Compiler for C supports arguments -Wmissing-noreturn: YES 
Compiler for C supports arguments -Wmissing-prototypes: YES 
Compiler for C supports arguments -Wnull-dereference: YES 
Compiler for C supports arguments -Wold-style-definition: YES 
Compiler for C supports arguments -Wpacked: YES 
Compiler for C supports arguments -Wpointer-arith: YES 
Compiler for C supports arguments -Wrestrict: NO 
Compiler for C supports arguments -Wreturn-type: YES 
Compiler for C supports arguments -Wshadow: YES 
Compiler for C supports arguments -Wsign-compare: YES 
Compiler for C supports arguments -Wstrict-aliasing: YES 
Compiler for C supports arguments -Wstrict-prototypes: YES 
Compiler for C supports arguments -Wswitch-default: YES 
Compiler for C supports arguments -Wswitch-enum: YES 
Compiler for C supports arguments -Wundef: YES 
Compiler for C supports arguments -Wunused-but-set-variable: YES 
Compiler for C supports arguments -Wwrite-strings: YES 
Compiler for C supports arguments -Wno-incompatible-pointer-types-discards-qualifiers: YES 
Compiler for C supports arguments -Wno-missing-field-initializers: YES 
Compiler for C supports arguments -Wno-unused-parameter: YES 
Compiler for C supports arguments -Wno-discarded-qualifiers: NO 
Compiler for C supports arguments -Wno-sign-conversion: YES 
Compiler for C supports arguments -Wno-cast-function-type: YES 
Compiler for C supports arguments -fno-strict-aliasing: YES 
Compiler for C supports arguments -fvisibility=hidden: YES 
Configuring config.h using configuration
Configuring pygobject-3.0.pc using configuration
Configuring METADATA using configuration
Configuring config.h using configuration
Build targets in project: 2

pygobject 3.56.3

  Subprojects
    pythoncapi-compat: YES

  User defined options
    Cross files      : /Users/runner/work/Rayforge-iOS-ipa/Rayforge-iOS-ipa/cross-pfx.txt
                       /Users/runner/work/Rayforge-iOS-ipa/Rayforge-iOS-ipa/cross-python.txt
    buildtype        : release
    prefix           : /Users/runner/work/Rayforge-iOS-ipa/Rayforge-iOS-ipa/py-stage
    pycairo          : enabled
    python           : /opt/homebrew/opt/python@3.13/bin/python3.13
    tests            : false

Found ninja-1.13.2 at /opt/homebrew/bin/ninja
