The Meson build system
Version: 1.11.1
Source dir: /Users/runner/work/Rayforge-iOS-ipa/Rayforge-iOS-ipa/glib-src
Build dir: /Users/runner/work/Rayforge-iOS-ipa/Rayforge-iOS-ipa/glib-build
Build type: cross build
Project name: glib
Project version: 2.82.4
C compiler for the host machine: /Applications/Xcode_16.4.app/Contents/Developer/Toolchains/XcodeDefault.xctoolchain/usr/bin/clang (clang 17.0.0 "Apple clang version 17.0.0 (clang-1700.0.13.5)")
C linker for the host machine: /Applications/Xcode_16.4.app/Contents/Developer/Toolchains/XcodeDefault.xctoolchain/usr/bin/clang ld64 1167.5
C compiler for the build machine: cc (clang 17.0.0 "Apple clang version 17.0.0 (clang-1700.0.13.5)")
C linker for the build machine: cc ld64 1167.5
Build machine cpu family: aarch64
Build machine cpu: aarch64
Host machine cpu family: aarch64
Host machine cpu: aarch64
Target machine cpu family: aarch64
Target machine cpu: aarch64
Compiler for C supports arguments -std=c89: YES 
Compiler for C supports arguments -std=c99: YES 
Compiler for C supports arguments -std=c11: YES 
Compiler for C supports arguments -std=c17: YES 
C++ compiler for the host machine: /Applications/Xcode_16.4.app/Contents/Developer/Toolchains/XcodeDefault.xctoolchain/usr/bin/clang++ (clang 17.0.0 "Apple clang version 17.0.0 (clang-1700.0.13.5)")
C++ linker for the host machine: /Applications/Xcode_16.4.app/Contents/Developer/Toolchains/XcodeDefault.xctoolchain/usr/bin/clang++ ld64 1167.5
Compiler for C++ supports arguments -std=c++98: YES 
Compiler for C++ supports arguments -std=c++03: YES 
Compiler for C++ supports arguments -std=c++11: YES 
Compiler for C++ supports arguments -std=c++14: YES 
Compiler for C++ supports arguments -std=c++17: YES 
Compiler for C++ supports arguments -std=c++20: YES 
Compiler for C++ supports arguments -std=c++2b: YES 
Compiler for C++ supports arguments -std=c++latest: NO 
Checking if "building for iOS" compiles: YES 
Program ./.gitlab-ci/thorough-test-wrapper.sh found: YES (/bin/bash /Users/runner/work/Rayforge-iOS-ipa/Rayforge-iOS-ipa/glib-src/./.gitlab-ci/thorough-test-wrapper.sh)
Program valgrind found: NO
Compiler for C supports arguments -fno-strict-aliasing: YES 
Message: Enabling various debug infrastructure
Has header "alloca.h" : YES 
Has header "afunix.h" : NO 
Has header "crt_externs.h" : YES 
Has header "dirent.h" : YES 
Has header "float.h" : YES 
Has header "fstab.h" : YES 
Has header "ftw.h" : YES 
Has header "grp.h" : YES 
Has header "inttypes.h" : YES 
Has header "libproc.h" : NO 
Has header "limits.h" : YES 
Has header "locale.h" : YES 
Has header "mach/mach_time.h" : YES 
Has header "memory.h" : YES 
Has header "mntent.h" : NO 
Has header "poll.h" : YES 
Has header "pwd.h" : YES 
Has header "sched.h" : YES 
Has header "spawn.h" : YES 
Has header "stdatomic.h" : YES 
Has header "stdint.h" : YES 
Has header "stdlib.h" : YES 
Has header "string.h" : YES 
Has header "strings.h" : YES 
Has header "sys/auxv.h" : NO 
Has header "sys/event.h" : YES 
Has header "sys/filio.h" : YES 
Has header "sys/inotify.h" : NO 
Has header "sys/mkdev.h" : NO 
Has header "sys/mntctl.h" : NO 
Has header "sys/mnttab.h" : NO 
Has header "sys/mount.h" : YES 
Has header "sys/param.h" : YES 
Has header "sys/prctl.h" : NO 
Has header "sys/resource.h" : YES 
Has header "sys/select.h" : YES 
Has header "sys/statfs.h" : NO 
Has header "sys/stat.h" : YES 
Has header "sys/statvfs.h" : YES 
Has header "sys/sysctl.h" : YES 
Has header "sys/time.h" : YES 
Has header "sys/times.h" : YES 
Has header "sys/types.h" : YES 
Has header "sys/uio.h" : YES 
Has header "sys/vfs.h" : NO 
Has header "sys/vfstab.h" : NO 
Has header "sys/vmount.h" : NO 
Has header "sys/wait.h" : YES 
Has header "syslog.h" : YES 
Has header "termios.h" : YES 
Has header "unistd.h" : YES 
Has header "values.h" : NO 
Has header "wchar.h" : YES 
Has header "xlocale.h" : YES 
Check usable header "malloc.h" : NO 
Check usable header "linux/netlink.h" : NO 
Checking if "statx() test" compiles: NO 
Header "locale.h" has symbol "LC_MESSAGES" : YES 
Checking if "type "struct stat" has member "st_mtimensec"" compiles: NO 
Checking if "type "struct stat" has member "st_mtim.tv_nsec"" compiles: NO 
Checking if "type "struct stat" has member "st_atimensec"" compiles: NO 
Checking if "type "struct stat" has member "st_atim.tv_nsec"" compiles: NO 
Checking if "type "struct stat" has member "st_ctimensec"" compiles: NO 
Checking if "type "struct stat" has member "st_ctim.tv_nsec"" compiles: NO 
Checking if "type "struct stat" has member "st_birthtime"" compiles: YES 
Checking if "type "struct stat" has member "st_birthtimensec"" compiles: NO 
Checking if "type "struct stat" has member "st_birthtim"" compiles: NO 
Checking if "type "struct stat" has member "st_birthtim.tv_nsec"" compiles: NO 
Checking if "type "struct stat" has member "st_blksize"" compiles: YES 
Checking if "type "struct stat" has member "st_blocks"" compiles: YES 
Checking if "type "struct statfs" has member "f_fstypename"" compiles: YES 
Checking if "type "struct statfs" has member "f_bavail"" compiles: YES 
Checking if "type "struct dirent" has member "d_type"" compiles: YES 
Checking if "type "struct statvfs" has member "f_basetype"" compiles: NO 
Checking if "type "struct statvfs" has member "f_fstypename"" compiles: NO 
Checking if "type "struct statvfs" has member "f_type"" compiles: NO 
Checking if "type "struct tm" has member "tm_gmtoff"" compiles: YES 
Checking if "type "struct tm" has member "__tm_gmtoff"" compiles: NO 
Compiler for C supports arguments -Wduplicated-branches: NO 
Compiler for C supports arguments -Wimplicit-fallthrough: YES 
Compiler for C supports arguments -Wmisleading-indentation: YES 
Compiler for C supports arguments -Wmissing-field-initializers: YES 
Compiler for C supports arguments -Wnonnull: YES 
Compiler for C supports arguments -Wnull-dereference: YES 
Compiler for C supports arguments -Wunused: YES 
Compiler for C supports arguments -Wno-unused-parameter: YES 
Compiler for C supports arguments -Wno-cast-function-type: YES 
Compiler for C supports arguments -Wno-pedantic: YES 
Compiler for C supports arguments -Wno-format-zero-length: YES 
Compiler for C supports arguments -Wno-variadic-macros: YES 
Compiler for C supports arguments -Werror=format=2: YES 
Compiler for C supports arguments -Werror=init-self: YES 
Compiler for C supports arguments -Werror=missing-include-dirs: YES 
Compiler for C supports arguments -Werror=pointer-arith: YES 
Compiler for C supports arguments -Werror=unused-result: YES 
Compiler for C supports arguments -Wstrict-prototypes: YES 
Compiler for C supports arguments -Wno-bad-function-cast: YES 
Compiler for C supports arguments -Werror=implicit-function-declaration: YES 
Compiler for C supports arguments -Werror=missing-prototypes: YES 
Compiler for C supports arguments -Werror=pointer-sign: YES 
Compiler for C supports arguments -Wno-string-plus-int: YES 
Compiler for C supports arguments -Wno-typedef-redefinition: YES 
Compiler for C++ supports arguments -Wduplicated-branches: NO 
Compiler for C++ supports arguments -Wimplicit-fallthrough: YES 
Compiler for C++ supports arguments -Wmisleading-indentation: YES 
Compiler for C++ supports arguments -Wmissing-field-initializers: YES 
Compiler for C++ supports arguments -Wnonnull: YES 
Compiler for C++ supports arguments -Wnull-dereference: YES 
Compiler for C++ supports arguments -Wunused: YES 
Compiler for C++ supports arguments -Wno-unused-parameter: YES 
Compiler for C++ supports arguments -Wno-cast-function-type: YES 
Compiler for C++ supports arguments -Wno-pedantic: YES 
Compiler for C++ supports arguments -Wno-format-zero-length: YES 
Compiler for C++ supports arguments -Wno-variadic-macros: YES 
Compiler for C++ supports arguments -Werror=format=2: YES 
Compiler for C++ supports arguments -Werror=init-self: YES 
Compiler for C++ supports arguments -Werror=missing-include-dirs: YES 
Compiler for C++ supports arguments -Werror=pointer-arith: YES 
Compiler for C++ supports arguments -Werror=unused-result: YES 
Compiler for C supports link arguments -Wl,-z,nodelete: NO 
Compiler for C supports link arguments -Wl,-Bsymbolic-functions: NO 
Checking for function "accept4" : NO 
Checking for function "close_range" : NO 
Checking for function "copy_file_range" : NO 
Checking for function "endmntent" : NO 
Checking for function "endservent" : YES 
Checking for function "epoll_create1" : NO 
Checking for function "fallocate" : NO 
Checking for function "fchmod" : YES 
Checking for function "fchown" : YES 
Checking for function "fdwalk" : NO 
Checking for function "free_aligned_sized" : NO 
Checking for function "free_sized" : NO 
Checking for function "fsync" : YES 
Checking for function "ftruncate64" : NO 
Checking for function "getauxval" : NO 
Checking for function "getc_unlocked" : YES 
Checking for function "getfsstat" : YES 
Checking for function "getgrgid_r" : YES 
Checking for function "getmntent_r" : NO 
Checking for function "getpwuid_r" : YES 
Checking for function "getresuid" : NO 
Checking for function "getvfsstat" : NO 
Checking for function "gmtime_r" : YES 
Checking for function "hasmntopt" : NO 
Checking for function "inotify_init1" : NO 
Checking for function "issetugid" : YES 
Checking for function "kevent" : YES 
Checking for function "kqueue" : YES 
Checking for function "lchmod" : YES 
Checking for function "lchown" : YES 
Checking for function "link" : YES 
Checking for function "localtime_r" : YES 
Checking for function "lstat" : YES 
Checking for function "mbrtowc" : YES 
Checking for function "memalign" : NO 
Checking for function "memmem" : YES 
Checking for function "mmap" : YES 
Checking for function "newlocale" : YES 
Checking for function "pipe2" : NO 
Checking for function "poll" : YES 
Checking for function "prlimit" : NO 
Checking for function "readlink" : YES 
Checking for function "recvmmsg" : NO 
Checking for function "sendmmsg" : NO 
Checking for function "setenv" : YES 
Checking for function "setmntent" : NO 
Checking for function "strerror_r" : YES 
Checking for function "strnlen" : YES 
Checking for function "strsignal" : YES 
Checking for function "strtod_l" : YES 
Checking for function "strtoll_l" : YES 
Checking for function "strtoull_l" : YES 
Checking for function "symlink" : YES 
Checking for function "timegm" : YES 
Checking for function "unsetenv" : YES 
Checking for function "uselocale" : YES 
Checking for function "utimes" : YES 
Checking for function "utimensat" : YES 
Checking for function "valloc" : YES 
Checking for function "vasprintf" : YES 
Checking for function "vsnprintf" : YES 
Checking for function "wcrtomb" : YES 
Checking for function "wcslen" : YES 
Checking for function "wcsnlen" : YES 
Checking for function "sysctlbyname" : YES 
Checking for function "statvfs" : YES 
Checking for function "statfs" : YES 
Checking for function "if_indextoname" : YES 
Checking for function "if_nametoindex" : YES 
Checking for function "splice" : NO 
Checking for function "stpcpy" : YES 
Checking for function "memalign" : NO 
Checking if "getservbyname_r()" compiles: NO 
Checking for function "_aligned_malloc" : NO 
Checking for function "aligned_alloc" : YES 
Checking for function "posix_memalign" : YES 
Checking for function "posix_spawn" : YES 
Checking if "strerror_r() returns char *" compiles: NO 
Checking for function "snprintf" : YES 
Checking for function "strcasecmp" : YES 
Checking for function "strncasecmp" : YES 
Header "sys/sysmacros.h" has symbol "major" : NO 
Header "sys/mkdev.h" has symbol "major" : NO 
Header "sys/types.h" has symbol "major" : YES 
Header "dlfcn.h" has symbol "RTLD_LAZY" : YES 
Header "dlfcn.h" has symbol "RTLD_NOW" : YES 
Header "dlfcn.h" has symbol "RTLD_GLOBAL" : YES 
Header "dlfcn.h" has symbol "RTLD_NEXT" : YES 
Checking for type "loff_t" : NO 
Message: Checking whether to use statfs or statvfs .. statfs
Checking if "futex(2) system call" compiles: NO 
Checking if "futex_time64(2) system call" compiles: NO 
Checking if "eventfd(2) system call" links: NO 
Checking if "ppoll(2) system call" links: NO 
Checking if "pidfd_open(2) system call" links: NO 
Checking if "__uint128_t available" compiles: YES 
Checking if "clock_gettime" links: YES 
Checking if "dlopen() and dlsym() in system libraries" links: YES 
Checking if "number of arguments to statfs() (n=2)" compiles: YES 
Checking if "open() option O_DIRECTORY" compiles: YES 
Checking if "fcntl() option F_FULLFSYNC" compiles: YES 
Checking if "nl_langinfo and CODESET" links: YES 
Checking if "nl_langinfo (PM_STR)" links: YES 
Checking if "nl_langinfo (ERA)" links: NO 
Checking if "nl_langinfo (_NL_CTYPE_OUTDIGITn_MB)" links: NO 
Checking if "nl_langinfo (ALTMON_n)" links: NO 
Checking if "nl_langinfo (_NL_ABALTMON_n)" links: NO 
Checking if "nl_langinfo and _NL_TIME_CODESET" links: NO 
Checking if "signed" compiles: YES 
Header "stddef.h" has symbol "ptrdiff_t" : YES 
Checking if "sig_atomic_t" links: YES 
Checking if "long long" compiles: YES 
Checking if "long double" compiles: YES 
Header "stddef.h" has symbol "wchar_t" : YES 
Header "wchar.h" has symbol "wint_t" : YES 
Checking if "uintmax_t in inttypes.h" compiles: YES 
Checking if "uintmax_t in stdint.h" compiles: YES 
Checking for size of "char" : 1 
Checking for size of "short" : 2 
Checking for size of "int" : 4 
Checking for size of "void*" : 8 
Checking for size of "long" : 8 
Checking for size of "long long" : 8 
Checking for size of "size_t" : 8 
Checking for size of "ssize_t" : 8 
Checking if "int64_t is long" compiles: NO 
Checking if "int64_t is long long" compiles: YES 
Checking for alignment of "char" : 1 
Checking for alignment of "short" : 2 
Checking for alignment of "int" : 4 
Checking for alignment of "void*" : 8 
Checking for alignment of "long" : 8 
Checking for alignment of "long long" : 8 
Checking for alignment of "size_t" : 8 
Checking for size of "wchar_t" : 4 
Checking if "GCC size_t typedef is long" compiles: YES 
Checking if "GCC size_t typedef is long long" compiles: NO 
Checking if "ISO C99 varargs macros in C" compiles: YES 
Checking if "ISO C99 varargs macros in C++" compiles: YES 
Checking if "GNUC varargs macros" compiles: YES 
Has header "alloca.h" : YES (cached)
Has header "sys/poll.h" : YES 
Has header "sys/types.h" : YES (cached)
Has header "winsock2.h" : NO 
Computing int of "POLLIN" : 1
Computing int of "POLLOUT" : 4
Computing int of "POLLPRI" : 2
Computing int of "POLLERR" : 8
Computing int of "POLLHUP" : 16
Computing int of "POLLNVAL" : 32
Computing int of "AF_UNIX" : 1
Computing int of "AF_INET" : 2
Computing int of "AF_INET6" : 30
Computing int of "MSG_OOB" : 1
Computing int of "MSG_PEEK" : 2
Computing int of "MSG_DONTROUTE" : 4
Checking for type "struct in6_addr" : YES 
Checking if "atomic ops" links: YES 
Checking if "sync swap" links: YES 
Run-time dependency threads found: YES
Header "pthread.h" has symbol "pthread_attr_setstacksize" : YES 
Header "pthread.h" has symbol "pthread_attr_setinheritsched" : YES 
Header "pthread.h" has symbol "pthread_condattr_setclock" : NO 
Header "pthread.h" has symbol "pthread_cond_timedwait_relative_np" : YES 
Header "pthread.h" has symbol "pthread_getname_np" : YES 
Header "pthread.h" has symbol "pthread_getaffinity_np" : NO 
Checking if "pthread_setname_np(const char*)" with dependency threads links: YES 
Run-time dependency iconv found: YES
Looking for a fallback subproject for the dependency libpcre2-8 because:
Use of fallback dependencies is forced.
Downloading pcre2 source from https://github.com/PhilipHazel/pcre2/releases/download/pcre2-10.42/pcre2-10.42.tar.bz2
Downloading pcre2 patch from https://wrapdb.mesonbuild.com/v2/pcre2_10.42-2/get_patch
Cloning into 'libffi'...
Cloning into 'proxy-libintl'...
Initialized empty Git repository in /Users/runner/work/Rayforge-iOS-ipa/Rayforge-iOS-ipa/glib-src/subprojects/sysprof/.git/
From https://gitlab.gnome.org/GNOME/sysprof
 * branch            02e50efa49885a5a20a84a8cd7feda10ae7e7e98 -> FETCH_HEAD
HEAD is now at 02e50ef Merge branch 'build-cleanup' into 'master'

Executing subproject pcre2 

pcre2| Project name: pcre2
pcre2| Project version: 10.42
pcre2| C compiler for the host machine: /Applications/Xcode_16.4.app/Contents/Developer/Toolchains/XcodeDefault.xctoolchain/usr/bin/clang (clang 17.0.0 "Apple clang version 17.0.0 (clang-1700.0.13.5)")
pcre2| C linker for the host machine: /Applications/Xcode_16.4.app/Contents/Developer/Toolchains/XcodeDefault.xctoolchain/usr/bin/clang ld64 1167.5
pcre2| C compiler for the build machine: cc (clang 17.0.0 "Apple clang version 17.0.0 (clang-1700.0.13.5)")
pcre2| C linker for the build machine: cc ld64 1167.5
pcre2| Has header "inttypes.h" : YES (cached)
pcre2| Has header "bzlib.h" : YES
pcre2| Has header "sys/stat.h" : YES (cached)
pcre2| Has header "sys/types.h" : YES (cached)
pcre2| Has header "sys/wait.h" : YES (cached)
pcre2| Has header "inttypes.h" : YES (cached)
pcre2| Has header "dirent.h" : YES (cached)
pcre2| Has header "dlfcn.h" : YES
pcre2| Has header "limits.h" : YES (cached)
pcre2| Has header "stdint.h" : YES (cached)
pcre2| Has header "stdlib.h" : YES (cached)
pcre2| Has header "string.h" : YES (cached)
pcre2| Has header "windows.h" : NO
pcre2| Has header "unistd.h" : YES (cached)
pcre2| Checking for function "memmove" : YES
pcre2| Checking for function "strerror" : YES
pcre2| Found pkg-config: YES (/opt/homebrew/bin/pkg-config) 2.5.1
pcre2| Build targets in project: 5
pcre2| Subproject pcre2 finished.

Dependency libpcre2-8 for host machine from subproject subprojects/pcre2-10.42 found: YES 10.42

Executing subproject gvdb 

gvdb| Project name: gvdb
gvdb| Project version: 0.0
gvdb| C compiler for the host machine: /Applications/Xcode_16.4.app/Contents/Developer/Toolchains/XcodeDefault.xctoolchain/usr/bin/clang (clang 17.0.0 "Apple clang version 17.0.0 (clang-1700.0.13.5)")
gvdb| C linker for the host machine: /Applications/Xcode_16.4.app/Contents/Developer/Toolchains/XcodeDefault.xctoolchain/usr/bin/clang ld64 1167.5
gvdb| C compiler for the build machine: cc (clang 17.0.0 "Apple clang version 17.0.0 (clang-1700.0.13.5)")
gvdb| C linker for the build machine: cc ld64 1167.5
gvdb| Build targets in project: 5
gvdb| Subproject gvdb finished.

Dependency gvdb for host machine found: YES 0.0 (overridden)
Library m found: YES
Looking for a fallback subproject for the dependency libffi because:
Use of fallback dependencies is forced.

Executing subproject libffi 

libffi| Project name: libffi
libffi| Project version: 3.2.9999
libffi| C compiler for the host machine: /Applications/Xcode_16.4.app/Contents/Developer/Toolchains/XcodeDefault.xctoolchain/usr/bin/clang (clang 17.0.0 "Apple clang version 17.0.0 (clang-1700.0.13.5)")
libffi| C linker for the host machine: /Applications/Xcode_16.4.app/Contents/Developer/Toolchains/XcodeDefault.xctoolchain/usr/bin/clang ld64 1167.5
libffi| C compiler for the build machine: cc (clang 17.0.0 "Apple clang version 17.0.0 (clang-1700.0.13.5)")
libffi| C linker for the build machine: cc ld64 1167.5
libffi| Message: host cpu: aarch64
libffi| Message: host cpu_family: aarch64
libffi| Message: host system: darwin
libffi| Checking if "ASM .cfi" compiles: NO
libffi| Checking for size of "size_t" : 8
libffi| Checking for size of "long double" : 8
libffi| Checking for size of "double" : 8
libffi| Message: .eh_frame is hard-coded to ro
libffi| Message: Cannot use PROT_EXEC on this target, using fallback
libffi| Checking for function "memcpy" : YES
libffi| Checking for function "mkostemp" : YES
libffi| Has header "alloca.h" : YES (cached)
libffi| Has header "inttypes.h" : YES (cached)
libffi| Has header "stdint.h" : YES (cached)
libffi| Compiler for C supports function attribute visibility: YES
libffi| Program test-cc-supports-hidden-visibility.py found: YES (/opt/homebrew/opt/python@3.14/bin/python3.14 /Users/runner/work/Rayforge-iOS-ipa/Rayforge-iOS-ipa/glib-src/subprojects/libffi/test-cc-supports-hidden-visibility.py)
libffi| Message: .hidden pseudo-op is NOT available: .hidden not found in the outputted assembly
libffi| /Users/runner/work/Rayforge-iOS-ipa/Rayforge-iOS-ipa/glib-src/subprojects/libffi/test-cc-supports-hidden-visibility.py:21: SyntaxWarning: "\." is an invalid escape sequence. Such sequences will not work in the future. Did you mean "\\."? A raw string is also an option.
libffi| regex = re.compile('\.hidden.*foo')

libffi| Configuring fficonfig.h using configuration
libffi| Program msvcc.sh found: YES (/Users/runner/work/Rayforge-iOS-ipa/Rayforge-iOS-ipa/glib-src/subprojects/libffi/msvcc.sh)
libffi| Configuring ffi-aarch64.h using configuration
libffi| Configuring ffitarget.h using configuration
libffi| Configuring ffi.h using configuration
libffi| Compiler for C supports arguments -x assembler-with-cpp: NO
libffi| Build targets in project: 6
libffi| Subproject libffi finished.

Dependency libffi for host machine from subproject subprojects/libffi found: YES 3.2.9999
Found pkg-config: YES (/opt/homebrew/bin/pkg-config) 2.5.1
Found CMake: NO
Run-time dependency zlib found: YES 1.2.12
Checking if "check for -latomic" links: NO 
Run-time dependency intl found: NO  (tried builtin and system)
Run-time dependency intl found: NO  (tried builtin and system)
Looking for a fallback subproject for the dependency intl

Executing subproject proxy-libintl 

proxy-libintl| Project name: proxy-libintl
proxy-libintl| Project version: 1
proxy-libintl| C compiler for the host machine: /Applications/Xcode_16.4.app/Contents/Developer/Toolchains/XcodeDefault.xctoolchain/usr/bin/clang (clang 17.0.0 "Apple clang version 17.0.0 (clang-1700.0.13.5)")
proxy-libintl| C linker for the host machine: /Applications/Xcode_16.4.app/Contents/Developer/Toolchains/XcodeDefault.xctoolchain/usr/bin/clang ld64 1167.5
proxy-libintl| C compiler for the build machine: cc (clang 17.0.0 "Apple clang version 17.0.0 (clang-1700.0.13.5)")
proxy-libintl| C linker for the build machine: cc ld64 1167.5
proxy-libintl| glib-src/subprojects/proxy-libintl/meson.build:14: WARNING: Project targets '>= 0.46.0' but uses feature introduced in '0.48.0': darwin_versions arg in library.
proxy-libintl| Build targets in project: 7
proxy-libintl| WARNING: Project specifies a minimum meson_version '>= 0.46.0' but uses features which were added in newer versions:
proxy-libintl| * 0.48.0: {'darwin_versions arg in library'}
proxy-libintl| Subproject proxy-libintl finished.

Dependency intl for host machine from subproject subprojects/proxy-libintl found: YES 1
Checking for function "strlcpy" : YES 
Program python3 found: YES (/opt/homebrew/opt/python@3.14/bin/python3.14)
Program bash found: YES (/bin/bash)
Run-time dependency bash-completion found: NO  (tried pkg-config, framework and cmake)
Program sh found: YES (/bin/sh)
Program pkg-config found: YES
Program env found: YES (/usr/bin/env)
Program dtrace found: YES (/usr/sbin/dtrace)
Has header "sys/sdt.h" : NO 
Header "sys/ptrace.h" has symbol "PTRACE_O_EXITKILL" : NO 
Program g-ir-scanner skipped: feature introspection disabled
Configuring glib-gettextize using configuration
Program gen-visibility-macros.py found: YES (/Users/runner/work/Rayforge-iOS-ipa/Rayforge-iOS-ipa/glib-src/tools/gen-visibility-macros.py)
Configuring glibconfig.h using configuration
Run-time dependency sysprof-capture-4 found: NO  (tried pkg-config, framework and cmake)
Looking for a fallback subproject for the dependency sysprof-capture-4

Executing subproject sysprof 

sysprof| Project name: sysprof
sysprof| Project version: 3.45.0
sysprof| C compiler for the host machine: /Applications/Xcode_16.4.app/Contents/Developer/Toolchains/XcodeDefault.xctoolchain/usr/bin/clang (clang 17.0.0 "Apple clang version 17.0.0 (clang-1700.0.13.5)")
sysprof| C linker for the host machine: /Applications/Xcode_16.4.app/Contents/Developer/Toolchains/XcodeDefault.xctoolchain/usr/bin/clang ld64 1167.5
sysprof| C compiler for the build machine: cc (clang 17.0.0 "Apple clang version 17.0.0 (clang-1700.0.13.5)")
sysprof| C linker for the build machine: cc ld64 1167.5
sysprof| Has header "execinfo.h" : YES
sysprof| Checking for function "strlcpy" : YES
sysprof| Checking for function "reallocarray" : NO
sysprof| Run-time dependency polkit-agent-1 found: NO  (tried pkg-config, framework and cmake)
sysprof| Run-time dependency polkit-gobject-1 found: NO  (tried pkg-config, framework and cmake)
sysprof| Run-time dependency libunwind-generic found: NO  (tried pkg-config and framework)

sysprof| glib-src/subprojects/sysprof/meson.build:87:18: Exception: Dependency "libunwind-generic" not found (tried pkg-config and framework)

Subproject subprojects/sysprof is buildable: NO (disabling)
Dependency sysprof-capture-4 for host machine from subproject sysprof found: NO (subproject failed to configure)
Configuring gtester-report using configuration
Configuring libglib-2.0.so.0.8200.4-gdb.py using configuration
Configuring glib-genmarshal using configuration
Configuring glib-mkenums using configuration
Configuring libgobject-2.0.so.0.8200.4-gdb.py using configuration
Message: Cross-compiling: assuming that symbols aren't prefixed with underscore
Checking for function "dlerror" : YES 
Configuring gmoduleconf.h using configuration
Checking if "C_IN in public headers (no arpa/nameser_compat.h needed)" compiles: NO 
Checking if "arpa/nameser_compat.h needed for C_IN" compiles: YES 
Checking if "res_query()" links: NO 
Checking if "res_query() in -lresolv" links: YES 
Library resolv found: YES
Checking if "socket()" links: YES 
Checking if "dn_comp()" links: YES 
Checking if "res_nclose()" links: YES 
Checking if "res_ndestroy()" links: YES 
Checking if "res_ninit()" links: YES 
Checking if "res_nquery()" links: YES 
Checking for type "struct ip_mreqn" : YES 
Checking if "ioctl with request SIOCGIFADDR" compiles: YES 
Configuring gnetworking.h using configuration
Configuring gdbus-codegen using configuration
Configuring config.py using configuration
Message: Found bash-completion but the .pc file did not set 'completionsdir', fallback to a predefined path
Run-time dependency libelf found: NO  (tried pkg-config, framework and cmake)
Library elf found: NO
Compiler for C supports arguments -Wno-implicit-fallthrough: YES 
Compiler for C supports arguments -Wno-old-style-definition: YES 
Compiler for C supports arguments -Wno-suggest-attribute=noreturn: NO 
Compiler for C supports arguments -Wno-type-limits: YES 
Compiler for C supports arguments -Wno-undef: YES 
Compiler for C supports arguments -Wno-unused-parameter: YES (cached)
Compiler for C supports arguments -Wno-cast-align: YES 
Compiler for C supports arguments -Wno-unused-function: YES 
Compiler for C supports arguments -Wno-return-type: YES 
Compiler for C supports arguments -Wno-sometimes-uninitialized: YES 
Compiler for C supports arguments -Wno-old-style-definition: YES (cached)
Compiler for C supports arguments -Wno-type-limits: YES (cached)
Compiler for C supports arguments -Wno-old-style-definition: YES (cached)
Compiler for C supports arguments -Wno-cast-align: YES (cached)
Compiler for C supports arguments -Wno-unused-parameter: YES (cached)
Compiler for C supports arguments -Wno-duplicated-branches: NO 
Compiler for C supports arguments -Wno-cast-align: YES (cached)
Compiler for C supports arguments -Wno-unused-parameter: YES (cached)
Compiler for C supports arguments -Wno-duplicated-branches: NO (cached)
Compiler for C supports arguments -Wno-type-limits: YES (cached)
Compiler for C supports arguments -Wno-cast-align: YES (cached)
Compiler for C supports arguments -Wno-missing-field-initializers: YES 
Compiler for C supports arguments -Wno-old-style-definition: YES (cached)
Compiler for C supports arguments -Wno-cast-align: YES (cached)
Compiler for C supports arguments -Wno-unused-parameter: YES (cached)
Compiler for C supports arguments -Wno-duplicated-branches: NO (cached)
Compiler for C supports arguments -Wno-old-style-definition: YES (cached)
Compiler for C supports arguments -Wno-cast-align: YES (cached)
Compiler for C supports arguments -Wno-unused-parameter: YES (cached)
Compiler for C supports arguments -Wno-duplicated-branches: NO (cached)
Compiler for C supports arguments -Wno-old-style-definition: YES (cached)
Compiler for C supports arguments -Wno-cast-align: YES (cached)
Compiler for C supports arguments -Wno-unused-parameter: YES (cached)
Compiler for C supports arguments -Wno-duplicated-branches: NO (cached)
Compiler for C supports arguments -Werror=unused-function: YES 
Library FuzzingEngine skipped: feature oss_fuzz disabled
Program xgettext skipped: feature nls disabled
Configuring config.h using configuration
Program rst2man rst2man.py skipped: feature man-pages disabled
Program rst2html5 rst2html5.py found: NO
Build targets in project: 78

glib 2.82.4

  Build environment
    host cpu           : aarch64
    host endian        : little
    host system        : ios
    C Compiler         : clang
    C++ Compiler       : clang
    shared build       : false
    static build       : true
    build cpu          : aarch64
    build endian       : little
    build system       : darwin

  Directories
    prefix             : /Users/runner/work/Rayforge-iOS-ipa/Rayforge-iOS-ipa/ios-out
    bindir             : /Users/runner/work/Rayforge-iOS-ipa/Rayforge-iOS-ipa/ios-out/bin
    libexecdir         : /Users/runner/work/Rayforge-iOS-ipa/Rayforge-iOS-ipa/ios-out/libexec
    pkgdatadir         : /Users/runner/work/Rayforge-iOS-ipa/Rayforge-iOS-ipa/ios-out/share/glib-2.0
    datadir            : /Users/runner/work/Rayforge-iOS-ipa/Rayforge-iOS-ipa/ios-out/share
    includedir         : /Users/runner/work/Rayforge-iOS-ipa/Rayforge-iOS-ipa/ios-out/include/glib-2.0
    giomodulesdir      : /Users/runner/work/Rayforge-iOS-ipa/Rayforge-iOS-ipa/ios-out/lib/gio/modules
    localstatedir      : /Users/runner/work/Rayforge-iOS-ipa/Rayforge-iOS-ipa/ios-out/var
    runstatedir        : /run

  Options
    xattr              : false
    man-pages          : disabled
    dtrace             : false
    systemtap          : false
    sysprof            : false
    documentation      : false
    bsymbolic_functions: true
    force_posix_threads: false
    tests              : false
    installed_tests    : false
    nls                : disabled
    oss_fuzz           : disabled
    glib_debug         : enabled
    glib_assert        : true
    glib_checks        : true
    libelf             : auto
    multiarch          : false
    introspection      : false

  Subprojects
    gvdb               : YES
    libffi             : YES
    pcre2              : YES
    proxy-libintl      : YES 2 warnings
    sysprof            : NO
                         Dependency "libunwind-generic" not found (tried pkg-config and framework)

  User defined options
    Cross files        : /Users/runner/work/Rayforge-iOS-ipa/Rayforge-iOS-ipa/ios-arm64-cross.txt
    buildtype          : release
    default_library    : static
    force_fallback_for : pcre2,libffi
    introspection      : disabled
    libmount           : disabled
    man-pages          : disabled
    nls                : disabled
    prefix             : /Users/runner/work/Rayforge-iOS-ipa/Rayforge-iOS-ipa/ios-out
    selinux            : disabled
    tests              : false
    xattr              : false

Found ninja-1.13.2 at /opt/homebrew/bin/ninja
