getpwuid_r did not find a match for uid 501
Timestamp                       Thread     Type        Activity             PID    TTL  
2026-07-05 08:21:04.907000+0000 0x10b44    Default     0x0                  25323  0    rayforge-app: (libMobileGestalt.dylib) No persisted cache on this platform.
2026-07-05 08:21:04.907469+0000 0x10b4e    Default     0x0                  25323  0    rayforge-app: (libxpc.dylib) [com.apple.xpc:connection] [0x106b063e0] activating connection: mach=true listener=false peer=false name=com.apple.cfprefsd.daemon
2026-07-05 08:21:04.911573+0000 0x10b51    Default     0x0                  25323  0    rayforge-app: (BoardServices) [com.apple.BoardServices:XPCErrors] [C:1] Alloc com.apple.frontboard.systemappservices
2026-07-05 08:21:04.913758+0000 0x10b51    Default     0x0                  25323  0    rayforge-app: (libxpc.dylib) [com.apple.xpc:connection] [0x106f04a60] activating connection: mach=false listener=false peer=false name=(anonymous)
2026-07-05 08:21:04.918564+0000 0x10b4f    Activity    0x386a0              25323  0    rayforge-app: (CoreFoundation) Loading Preferences From User Session CFPrefsD
2026-07-05 08:21:04.923712+0000 0x10b44    Default     0x0                  25323  0    rayforge-app: (UIKitCore) [com.apple.UIKit:Application] Deactivation reason added: 10; deactivation reasons: 0 -> 1024; animating application lifecycle event: 0
2026-07-05 08:21:04.923996+0000 0x10b44    Default     0x0                  25323  0    rayforge-app: (RunningBoardServices) [com.apple.runningboard:connection] Initializing connection
2026-07-05 08:21:04.924139+0000 0x10b44    Default     0x0                  25323  0    rayforge-app: (RunningBoardServices) [com.apple.runningboard:process] Removing all cached process handles
2026-07-05 08:21:04.924295+0000 0x10b44    Default     0x0                  25323  0    rayforge-app: (BoardServices) [com.apple.BoardServices:Injection] activating monitor for service com.apple.frontboard.open
2026-07-05 08:21:04.925575+0000 0x10b4e    Default     0x0                  25323  0    rayforge-app: (UIKitCore) [com.apple.UIKit:BackgroundTask] Creating new assertion because there is no existing background assertion.
2026-07-05 08:21:04.925644+0000 0x10b44    Default     0x0                  25323  0    rayforge-app: (BoardServices) [com.apple.BoardServices:Injection] activating monitor for service com.apple.frontboard.workspace-service
2026-07-05 08:21:04.925734+0000 0x10b4e    Default     0x0                  25323  0    rayforge-app: (UIKitCore) [com.apple.UIKit:BackgroundTask] Creating new background assertion
2026-07-05 08:21:04.925863+0000 0x10b4e    Default     0x0                  25323  0    rayforge-app: (UIKitCore) [com.apple.UIKit:BackgroundTask] Created new background assertion <BKSProcessAssertion: 0x6000021070c0>
2026-07-05 08:21:04.928291+0000 0x10b44    Default     0x0                  25323  0    rayforge-app: (FrontBoardServices) [com.apple.FrontBoard:Common] FBSWorkspace registering source: com.apple.frontboard.systemappservices
2026-07-05 08:21:04.930078+0000 0x10b51    Default     0x0                  25323  0    rayforge-app: (RunningBoardServices) [com.apple.runningboard:connection] Sending handshake request attempt #1 to server
2026-07-05 08:21:04.930160+0000 0x10b4e    Default     0x0                  25323  0    rayforge-app: (RunningBoardServices) [com.apple.runningboard:connection] Creating connection to com.apple.runningboard
2026-07-05 08:21:04.930329+0000 0x10b4e    Default     0x0                  25323  0    rayforge-app: (libxpc.dylib) [com.apple.xpc:connection] [0x106b06ae0] activating connection: mach=true listener=false peer=false name=com.apple.runningboard
2026-07-05 08:21:04.930457+0000 0x10b44    Default     0x0                  25323  0    rayforge-app: (FrontBoardServices) [com.apple.FrontBoard:Common] FBSWorkspace connected to endpoint : <BSServiceConnectionEndpoint: 0x60000020bb00; target: com.apple.frontboard.systemappservices; service: com.apple.frontboard.workspace-service>
2026-07-05 08:21:04.930700+0000 0x10b44    Default     0x0                  25323  0    rayforge-app: (FrontBoardServices) [com.apple.FrontBoard:Common] <FBSWorkspaceScenesClient:0x600003008630 com.apple.frontboard.systemappservices> attempting immediate handshake from activate
2026-07-05 08:21:04.931456+0000 0x10b44    Default     0x0                  25323  0    rayforge-app: (FrontBoardServices) [com.apple.FrontBoard:Common] <FBSWorkspaceScenesClient:0x600003008630 com.apple.frontboard.systemappservices> sent handshake
2026-07-05 08:21:04.932374+0000 0x10b44    Default     0x0                  25323  0    rayforge-app: (RunningBoardServices) [com.apple.runningboard:general] Added observer for process assertions expiration warning: <_RBSExpirationWarningClient: 0x6000002140a0>
2026-07-05 08:21:04.940397+0000 0x10b51    Default     0x0                  25323  0    rayforge-app: (RunningBoardServices) [com.apple.runningboard:connection] Handshake succeeded
2026-07-05 08:21:04.940446+0000 0x10b51    Default     0x0                  25323  0    rayforge-app: (RunningBoardServices) [com.apple.runningboard:connection] Identity resolved as app<org.rayforge.app((null))>
2026-07-05 08:21:04.941522+0000 0x10b54    Default     0x0                  25323  0    rayforge-app: (FrontBoardServices) [com.apple.FrontBoard:SceneExtension] Realizing settings extension _UIApplicationSceneKeyboardSettings on FBSSceneSettings
2026-07-05 08:21:04.942112+0000 0x10b4e    Default     0x0                  25323  0    rayforge-app: (UIKitCore) [com.apple.UIKit:BackgroundTask] Incrementing reference count for background assertion <BKSProcessAssertion: 0x6000021070c0>
2026-07-05 08:21:04.942361+0000 0x10b4e    Default     0x0                  25323  0    rayforge-app: (UIKitCore) [com.apple.UIKit:BackgroundTask] Created background task <_UIBackgroundTaskInfo: 0x600001700d40>: taskID = 1, taskName = Launch Background Task for Coalescing, creationTime = 627 (elapsed = 0).
2026-07-05 08:21:04.942453+0000 0x10b44    Default     0x0                  25323  0    rayforge-app: (UIKitCore) [com.apple.UIKit:UIScreen] Evaluated capturing state as 0 on <UIScreen: 0x106f06760> for initial
2026-07-05 08:21:04.943093+0000 0x10b44    Default     0x0                  25323  0    rayforge-app: (UIKitCore) [com.apple.UIKit:UIScreen] Evaluated capturing state as 0 on <UIScreen: 0x106f06760> for CADisplay KVO
2026-07-05 08:21:04.949383+0000 0x10b44    Default     0x0                  25323  0    rayforge-app: (libAccessibility.dylib) [com.apple.Accessibility:AXSupportCommon] Read CategoryName: per-app = 1, category name = (null)
2026-07-05 08:21:04.954713+0000 0x10b54    Default     0x0                  25323  0    rayforge-app: (FrontBoardServices) [com.apple.FrontBoard:SceneExtension] Realizing settings extension <_UISceneOcclusionSettings> on FBSSceneSettings
2026-07-05 08:21:04.955075+0000 0x10b44    Default     0x0                  25323  0    rayforge-app: (libAccessibility.dylib) [com.apple.Accessibility:AXSupportCommon] Read CategoryName: per-app = 0, category name = (null)
2026-07-05 08:21:04.955724+0000 0x10b54    Default     0x0                  25323  0    rayforge-app: (FrontBoardServices) [com.apple.FrontBoard:SceneExtension] Realizing settings extension <_UISceneInterfaceProtectionSettings> on FBSSceneSettings
2026-07-05 08:21:04.955975+0000 0x10b54    Default     0x0                  25323  0    rayforge-app: (FrontBoardServices) [com.apple.FrontBoard:SceneExtension] Realizing settings extension _UISceneLayoutPreferencesHostSettingsExtension on FBSSceneSettings
2026-07-05 08:21:04.956501+0000 0x10b54    Default     0x0                  25323  0    rayforge-app: (FrontBoardServices) [com.apple.FrontBoard:SceneExtension] Realizing settings extension _UISceneSafeAreaSettingsExtension on FBSSceneSettings
2026-07-05 08:21:04.956894+0000 0x10b54    Default     0x0                  25323  0    rayforge-app: (FrontBoardServices) [com.apple.FrontBoard:SceneExtension] Realizing settings extension _UISceneLayoutPreferenceClientSettingsExtension on FBSSceneClientSettings
2026-07-05 08:21:04.957795+0000 0x10b54    Default     0x0                  25323  0    rayforge-app: (FrontBoardServices) [com.apple.FrontBoard:SceneExtension] Realizing settings extension <_UIHomeAffordanceHostSceneSettings> on FBSSceneSettings
2026-07-05 08:21:04.958126+0000 0x10b54    Default     0x0                  25323  0    rayforge-app: (FrontBoardServices) [com.apple.FrontBoard:SceneExtension] Realizing settings extension _UISystemShellSceneHostingEnvironmentSettings on FBSSceneSettings
2026-07-05 08:21:04.958423+0000 0x10b54    Default     0x0                  25323  0    rayforge-app: (FrontBoardServices) [com.apple.FrontBoard:SceneExtension] Realizing settings extension _UISceneRenderingEnvironmentSettings on FBSSceneSettings
2026-07-05 08:21:04.959994+0000 0x10b54    Default     0x0                  25323  0    rayforge-app: (FrontBoardServices) [com.apple.FrontBoard:SceneExtension] Realizing settings extension <_UISceneRenderingEnvironmentClientSettings> on FBSSceneClientSettings
2026-07-05 08:21:04.960165+0000 0x10b54    Default     0x0                  25323  0    rayforge-app: (FrontBoardServices) [com.apple.FrontBoard:SceneExtension] Realizing settings extension <_UISceneTransitioningHostSettings> on FBSSceneSettings
2026-07-05 08:21:04.960568+0000 0x10b54    Default     0x0                  25323  0    rayforge-app: (FrontBoardServices) [com.apple.FrontBoard:SceneExtension] Realizing settings extension <_UISceneFocusSystemSettings> on FBSSceneSettings
2026-07-05 08:21:04.960776+0000 0x10b54    Default     0x0                  25323  0    rayforge-app: (FrontBoardServices) [com.apple.FrontBoard:SceneExtension] Realizing settings extension _UISceneOrientationSettingsExtension on FBSSceneSettings
2026-07-05 08:21:04.962356+0000 0x10b54    Default     0x0                  25323  0    rayforge-app: (FrontBoardServices) [com.apple.FrontBoard:SceneExtension] Realizing settings extension _UISceneOrientationClientSettingsExtension on FBSSceneClientSettings
2026-07-05 08:21:04.962872+0000 0x10b54    Default     0x0                  25323  0    rayforge-app: (FrontBoardServices) [com.apple.FrontBoard:SceneExtension] Realizing settings extension _UISceneWindowingControlClientSettings on FBSSceneClientSettings
2026-07-05 08:21:04.962929+0000 0x10b44    Default     0x0                  25323  0    rayforge-app: (XCTTargetBootstrap) [com.apple.dt.xctest:Default] Registering for test daemon availability notify post.
2026-07-05 08:21:04.963034+0000 0x10b54    Default     0x0                  25323  0    rayforge-app: (FrontBoardServices) [com.apple.FrontBoard:SceneExtension] Realizing settings extension FBSSceneSettingsCore on FBSSceneSettings
2026-07-05 08:21:04.963141+0000 0x10b44    Default     0x0                  25323  0    rayforge-app: (XCTTargetBootstrap) [com.apple.dt.xctest:Default] notify_get_state check indicated test daemon not ready.
2026-07-05 08:21:04.963231+0000 0x10b44    Default     0x0                  25323  0    rayforge-app: (XCTTargetBootstrap) [com.apple.dt.xctest:Default] notify_get_state check indicated test daemon not ready.
2026-07-05 08:21:04.963338+0000 0x10b44    Default     0x0                  25323  0    rayforge-app: (XCTTargetBootstrap) [com.apple.dt.xctest:Default] notify_get_state check indicated test daemon not ready.
2026-07-05 08:21:04.965055+0000 0x10b44    Default     0x0                  25323  0    rayforge-app: (UIKitCore) [com.apple.UIKit:UpdateScheduler] Selected display: name=LCD (PurpleMain), id=1
2026-07-05 08:21:04.967001+0000 0x10b4e    Default     0x0                  25323  0    rayforge-app: (FrontBoardServices) [com.apple.FrontBoard:SceneExtension] Realizing settings extension <_UISceneHostingContentSizePreferenceClientSettings> on FBSSceneClientSettings
2026-07-05 08:21:04.967417+0000 0x10b54    Default     0x0                  25323  0    rayforge-app: (FrontBoardServices) [com.apple.FrontBoard:SceneExtension] Realizing settings extension FBSSceneClientSettingsCore on FBSSceneClientSettings
2026-07-05 08:21:04.971680+0000 0x10b4e    Default     0x0                  25323  0    rayforge-app: (FrontBoardServices) [com.apple.FrontBoard:SceneExtension] Realizing settings extension _UISceneHostingTraitCollectionPropagationSettings on FBSSceneSettings
2026-07-05 08:21:04.972566+0000 0x10b4e    Default     0x0                  25323  0    rayforge-app: (FrontBoardServices) [com.apple.FrontBoard:SceneExtension] Realizing settings extension <_UISceneHostingSheetPresentationSettings> on FBSSceneSettings
2026-07-05 08:21:04.973119+0000 0x10b4e    Default     0x0                  25323  0    rayforge-app: (FrontBoardServices) [com.apple.FrontBoard:SceneExtension] Realizing settings extension <_UISceneHostingSheetPresentationClientSettings> on FBSSceneClientSettings
2026-07-05 08:21:04.973391+0000 0x10b4e    Default     0x0                  25323  0    rayforge-app: (FrontBoardServices) [com.apple.FrontBoard:SceneExtension] Realizing settings extension <_UISceneHostingEventDeferringSettings> on FBSSceneSettings
2026-07-05 08:21:04.973847+0000 0x10b4e    Default     0x0                  25323  0    rayforge-app: (FrontBoardServices) [com.apple.FrontBoard:SceneExtension] Realizing settings extension <UIKit__UITypedKeyValueSceneSettings> on FBSSceneSettings
2026-07-05 08:21:04.974846+0000 0x10b4e    Default     0x0                  25323  0    rayforge-app: (FrontBoardServices) [com.apple.FrontBoard:SceneExtension] Realizing settings extension <UIKit__UITypedKeyValueSceneSettings> on FBSSceneClientSettings
2026-07-05 08:21:04.975005+0000 0x10b4e    Default     0x0                  25323  0    rayforge-app: (FrontBoardServices) [com.apple.FrontBoard:SceneExtension] Realizing settings extension <_UISceneHostingViewControllerPreferencePropagationClientSettings> on FBSSceneClientSettings
2026-07-05 08:21:04.975182+0000 0x10b4e    Default     0x0                  25323  0    rayforge-app: (FrontBoardServices) [com.apple.FrontBoard:SceneExtension] Realizing settings extension <_UISceneZoomTransitionSettings> on FBSSceneSettings
2026-07-05 08:21:04.975304+0000 0x10b54    Default     0x0                  25323  0    rayforge-app: (FrontBoardServices) [com.apple.FrontBoard:SceneExtension] UIMutableApplicationSceneSettings setting counterpart class: UIApplicationSceneSettings
2026-07-05 08:21:04.975488+0000 0x10b54    Default     0x0                  25323  0    rayforge-app: (FrontBoardServices) [com.apple.FrontBoard:SceneExtension] UIMutableApplicationSceneClientSettings setting counterpart class: UIApplicationSceneClientSettings
2026-07-05 08:21:04.975943+0000 0x10b54    Default     0x0                  25323  0    rayforge-app: (FrontBoardServices) [com.apple.FrontBoard:SceneExtension] Realizing settings extension FBSSceneTransitionContextCore on FBSSceneTransitionContext
2026-07-05 08:21:04.976815+0000 0x10b51    Activity    0x386a1              25323  0    rayforge-app: (RunningBoardServices) didChangeInheritances
2026-07-05 08:21:04.984500+0000 0x10b44    Default     0x0                  25323  0    rayforge-app: (UIKitCore) [com.apple.UIKit:BackgroundTask] Will add backgroundTask with taskName: Persistent SceneSession Map Update, expirationHandler: <__NSGlobalBlock__: 0x1e61729e0>
2026-07-05 08:21:04.985044+0000 0x10b44    Default     0x0                  25323  0    rayforge-app: (UIKitCore) [com.apple.UIKit:BackgroundTask] Reusing background assertion <BKSProcessAssertion: 0x6000021070c0>
2026-07-05 08:21:04.985069+0000 0x10b44    Default     0x0                  25323  0    rayforge-app: (UIKitCore) [com.apple.UIKit:BackgroundTask] Incrementing reference count for background assertion <BKSProcessAssertion: 0x6000021070c0>
2026-07-05 08:21:04.985097+0000 0x10b44    Default     0x0                  25323  0    rayforge-app: (UIKitCore) [com.apple.UIKit:BackgroundTask] Created background task <_UIBackgroundTaskInfo: 0x600001717880>: taskID = 2, taskName = Persistent SceneSession Map Update, creationTime = 627 (elapsed = 0).
2026-07-05 08:21:04.985301+0000 0x10b44    Default     0x0                  25323  0    rayforge-app: (UIKitCore) [com.apple.UIKit:Application] Deactivation reason added: 5; deactivation reasons: 1024 -> 1056; animating application lifecycle event: 1
2026-07-05 08:21:04.986932+0000 0x10b44    Default     0x0                  25323  0    rayforge-app: (UIKitCore) [com.apple.UIKit:InterfaceStyle] Not push traits update to screen for new style 1, <UIWindowScene: 0x105b0bc00> (E4F53F1E-5DDA-4A20-BBE1-F95B3927148F)
2026-07-05 08:21:04.987186+0000 0x10b44    Default     0x0                  25323  0    rayforge-app: (UIKitCore) [com.apple.UIKit:InterfaceStyle] Should send trait collection or coordinate space update, interface style 1 -> 1, <UIWindowScene: 0x105b0bc00> (E4F53F1E-5DDA-4A20-BBE1-F95B3927148F)
2026-07-05 08:21:04.988646+0000 0x10b44    Default     0x0                  25323  0    rayforge-app: (UIKitCore) [com.apple.UIKit:InterfaceStyle] Not push traits update to screen for new style 1, <UIWindowScene: 0x105b0bc00> (E4F53F1E-5DDA-4A20-BBE1-F95B3927148F)
2026-07-05 08:21:05.000650+0000 0x10b44    Default     0x0                  25323  0    rayforge-app: (UIKitCore) [com.apple.UIKit:HomeAffordanceObservation] Initializing: <_UIHomeAffordanceSceneNotifier: 0x6000029155e0>; with scene: <UIWindowScene: 0x105b0bc00>
2026-07-05 08:21:05.001960+0000 0x10b44    Default     0x0                  25323  0    rayforge-app: (BacklightServices) [com.apple.BacklightServices:scenes] 0x600000c12d00 setDelegate:<0x600000c139c0 _UIBacklightEnvironment> hasDelegate:YES for environment:sceneID:org.rayforge.app-default
2026-07-05 08:21:05.002639+0000 0x10b44    Default     0x0                  25323  0    rayforge-app: (UIKitCore) [com.apple.UIKit:InterfaceStyle] Not push traits update to screen for new style 1, <UIWindowScene: 0x105b0bc00> (E4F53F1E-5DDA-4A20-BBE1-F95B3927148F)
2026-07-05 08:21:05.002996+0000 0x10b44    Default     0x0                  25323  1    rayforge-app: (UIKitCore) [com.apple.UIKit:EventDeferring] [0x6000029100e0] Initialized with scene: <UIWindowScene: 0x105b0bc00>; behavior: <_UIEventDeferringBehavior_iOS: 0x600000213420>; availableForProcess: 1, systemShellManagesKeyboardFocus: 1
2026-07-05 08:21:05.003620+0000 0x10b44    Default     0x0                  25323  0    rayforge-app: (BoardServices) [com.apple.BoardServices:XPCErrors] [C:2] Alloc com.apple.backboard.hid-services.xpc
2026-07-05 08:21:05.003959+0000 0x10b44    Default     0x0                  25323  0    rayforge-app: (libxpc.dylib) [com.apple.xpc:connection] [0x106b085f0] activating connection: mach=false listener=false peer=false name=(anonymous)
2026-07-05 08:21:05.005812+0000 0x10b44    Default     0x0                  25323  0    rayforge-app: (BackBoardServices) [com.apple.BackBoard:EventDelivery] policyStatus:<BKSHIDEventDeliveryPolicyObserver: 0x600002606160; process scope; status: target> was:none
2026-07-05 08:21:05.006099+0000 0x10b44    Default     0x0                  25323  1    rayforge-app: (UIKitCore) [com.apple.UIKit:KeyWindow] Setting default evaluation strategy for UIUserInterfaceIdiomPad to LastOneWins
2026-07-05 08:21:05.006221+0000 0x10b44    Default     0x0                  25323  1    rayforge-app: (UIKitCore) [com.apple.UIKit:KeyWindow] Scene target of keyboard event deferring environment did change: 1; scene: UIWindowScene: 0x105b0bc00; scene identity: com.apple.frontboard.systemappservices/FBSceneManager:sceneID%3Aorg.rayforge.app-default
2026-07-05 08:21:05.006355+0000 0x10b44    Default     0x0                  25323  0    rayforge-app: (UIKitCore) [com.apple.UIKit:UIFocus] Focus system enabled
2026-07-05 08:21:05.007452+0000 0x10b44    Default     0x0                  25323  0    rayforge-app: (UIKitCore) [com.apple.UIKit:UIFocus] Failed to update focus with context <UIFocusUpdateContext: 0x6000030006c0; previouslyFocusedItem: (nil); nextFocusedItem: (nil); focusHeading: None>. No additional info available.
2026-07-05 08:21:05.007796+0000 0x10b44    Default     0x0                  25323  0    rayforge-app: (UIKitCore) [com.apple.UIKit:InterfaceStyle] Not push traits update to screen for new style 1, <UIWindowScene: 0x105b0bc00> (E4F53F1E-5DDA-4A20-BBE1-F95B3927148F)
2026-07-05 08:21:05.008230+0000 0x10b44    Default     0x0                  25323  1    rayforge-app: (UIKitCore) [com.apple.UIKit:EventDeferring] [0x6000029100e0] Scene target of event deferring environments did update: scene: 0x105b0bc00; current systemShellManagesKeyboardFocus: 1; systemShellManagesKeyboardFocusForScene: 1; eligibleForRecordRemoval: 1;
2026-07-05 08:21:05.008257+0000 0x10b44    Default     0x0                  25323  1    rayforge-app: (UIKitCore) [com.apple.UIKit:KeyWindow] Scene became target of keyboard event deferring environment: UIWindowScene: 0x105b0bc00; scene identity: com.apple.frontboard.systemappservices/FBSceneManager:sceneID%3Aorg.rayforge.app-default
2026-07-05 08:21:05.008276+0000 0x10b44    Default     0x0                  25323  1    rayforge-app: (UIKitCore) [com.apple.UIKit:KeyWindow] Stack[KeyWindow] 0x600000c0af40: Taking no further action for migration from LastOneWins -> SystemShellManaged as there are no scenes
2026-07-05 08:21:05.008291+0000 0x10b44    Default     0x0                  25323  1    rayforge-app: (UIKitCore) [com.apple.UIKit:KeyWindow] Setting default evaluation strategy for UIUserInterfaceIdiomPad to SystemShellManaged
2026-07-05 08:21:05.008728+0000 0x10b44    Default     0x0                  25323  1    rayforge-app: (UIKitCore) [com.apple.UIKit:KeyWindow] Key window needs update: 0; currentKeyWindowScene: 0x0; evaluatedKeyWindowScene: 0x105b0bc00; currentApplicationKeyWindow: 0x0; evaluatedApplicationKeyWindow: 0x0; reason: UIWindowScene: 0x105b0bc00: Window scene became target of keyboard environment
2026-07-05 08:21:05.009125+0000 0x10b44    Default     0x0                  25323  0    rayforge-app: (UIKitCore) [com.apple.UIKit:InterfaceStyle] Not push traits update to screen for new style 1, <UIWindowScene: 0x105b0bc00> (E4F53F1E-5DDA-4A20-BBE1-F95B3927148F)
2026-07-05 08:21:05.009469+0000 0x10b44    Default     0x0                  25323  0    rayforge-app: (UIKitCore) [com.apple.UIKit:InterfaceStyle] Not push traits update to screen for new style 1, <UIWindowScene: 0x105b0bc00> (E4F53F1E-5DDA-4A20-BBE1-F95B3927148F)
2026-07-05 08:21:05.010316+0000 0x10b44    Fault       0x386a2              25323  14   rayforge-app: (UIKitCore) [com.apple.runtime-issues:UIKit App Config] `UIScene` lifecycle will soon be required. Failure to adopt will result in an assert in the future.
2026-07-05 08:21:05.010318+0000 0x10b44    Activity    0x386a2              25323  0    rayforge-app: (libsystem_trace.dylib) Activity for state dumps
2026-07-05 08:21:05.010830+0000 0x10b44    Default     0x0                  25323  0    rayforge-app: (UIKitCore) [com.apple.UIKit:InterfaceStyle] Not push traits update to screen for new style 1, <UIWindowScene: 0x105b0bc00> (E4F53F1E-5DDA-4A20-BBE1-F95B3927148F)
2026-07-05 08:21:05.030723+0000 0x10b50    Default     0x0                  25323  0    rayforge-app: (BackBoardServices) [com.apple.BackBoard:EventDelivery] BKSHIDEventObserver - connection activation
2026-07-05 08:21:05.031172+0000 0x10b44    Default     0x0                  25323  0    rayforge-app: (UIKitCore) [com.apple.UIKit:AppLifecycle] sceneOfRecord: sceneID: sceneID:org.rayforge.app-default  persistentID: E4F53F1E-5DDA-4A20-BBE1-F95B3927148F
2026-07-05 08:21:05.031618+0000 0x10b44    Default     0x0                  25323  0    rayforge-app: (UIKitCore) [com.apple.UIKit:Application] Ignoring already applied deactivation reason: 5; deactivation reasons: 1056
2026-07-05 08:21:05.031757+0000 0x10b44    Default     0x0                  25323  0    rayforge-app: (UIKitCore) [com.apple.UIKit:Application] Deactivation reason added: 11; deactivation reasons: 1056 -> 3104; animating application lifecycle event: 1
2026-07-05 08:21:05.031933+0000 0x10b44    Default     0x0                  25323  0    rayforge-app: (UIKitCore) [com.apple.KeyboardArbiter:Client] startConnection
2026-07-05 08:21:05.032306+0000 0x10b44    Default     0x0                  25323  0    rayforge-app: (libxpc.dylib) [com.apple.xpc:connection] [0x106b0a0b0] activating connection: mach=true listener=false peer=false name=com.apple.UIKit.KeyboardManagement.hosted
2026-07-05 08:21:05.040487+0000 0x10b4f    Default     0x0                  25323  0    rayforge-app: (BoardServices) [com.apple.BoardServices:XPCErrors] [C:3] Alloc com.apple.PointerUI.pointeruid.service
2026-07-05 08:21:05.040584+0000 0x10b4f    Default     0x0                  25323  0    rayforge-app: (libxpc.dylib) [com.apple.xpc:connection] [0x106b08730] activating connection: mach=false listener=false peer=false name=(anonymous)
2026-07-05 08:21:05.065633+0000 0x10b44    Default     0x0                  25323  0    rayforge-app: (UIKitCore) [com.apple.UIKit:PointerLockState] preferredPointerLockStatus updated: scene: <UIWindowScene: 0x105b0bc00; role: UIWindowSceneSessionRoleApplication; persistentIdentifier: E4F53F1E-5DDA-4A20-BBE1-F95B3927148F; activationState: UISceneActivationStateForegroundInactive>; viewController: <GdkIOSViewController: 0x105b107b0>; preferredPointerLockStatus: _UIPointerLockStatusUnlocked
2026-07-05 08:21:05.072583+0000 0x10b44    Default     0x0                  25323  0    rayforge-app: (UIKitCore) [com.apple.UIKit:Orientation] <UIWindowScene: 0x105b0bc00> (E4F53F1E-5DDA-4A20-BBE1-F95B3927148F) Scene updated orientation preferences: none -> ( Pu Ll Lr Pd )
2026-07-05 08:21:05.074050+0000 0x10b44    Default     0x0                  25323  1    rayforge-app: (UIKitCore) [com.apple.UIKit:KeyWindow] Key window API is scene-level: YES
2026-07-05 08:21:05.074641+0000 0x10b44    Default     0x0                  25323  1    rayforge-app: (UIKitCore) [com.apple.UIKit:KeyWindow] UIWindowScene: 0x105b0bc00: Window became key in scene: UIWindow: 0x106b0b150; contextId: 0x94F47C66: reason: UIWindowScene: 0x105b0bc00: Window requested to become key in scene: 0x106b0b150
2026-07-05 08:21:05.074752+0000 0x10b44    Default     0x0                  25323  1    rayforge-app: (UIKitCore) [com.apple.UIKit:KeyWindow] Key window needs update: 1; currentKeyWindowScene: 0x0; evaluatedKeyWindowScene: 0x105b0bc00; currentApplicationKeyWindow: 0x0; evaluatedApplicationKeyWindow: 0x106b0b150; reason: UIWindowScene: 0x105b0bc00: Window requested to become key in scene: 0x106b0b150
2026-07-05 08:21:05.074888+0000 0x10b44    Default     0x0                  25323  1    rayforge-app: (UIKitCore) [com.apple.UIKit:KeyWindow] Window did become application key: UIWindow: 0x106b0b150; contextId: 0x94F47C66; scene identity: com.apple.frontboard.systemappservices/FBSceneManager:sceneID%3Aorg.rayforge.app-default
2026-07-05 08:21:05.075074+0000 0x10b44    Default     0x0                  25323  1    rayforge-app: (UIKitCore) [com.apple.UIKit:EventDeferring] [0x6000029100e0] Begin local event deferring requested for token: 0x60000260cfc0; environments: 1; reason: UIWindowScene: 0x105b0bc00: Begin event deferring in keyboardFocus for window: 0x106b0b150
2026-07-05 08:21:05.078927+0000 0x10b44    Default     0x0                  25323  0    rayforge-app: (UIKitCore) [com.apple.UIKit:KeyboardSceneDelegate] Reloading input views for key-window scene responder: <GdkIOSView: 0x105b0cb90; frame = (0 0; 1032 1376); > force:N
2026-07-05 08:21:05.081230+0000 0x10b4f    Default     0x0                  25323  0    rayforge-app: (BackBoardServices) [com.apple.BackBoard:EventDelivery] BKSHIDEventDeliveryManager - connection activation
2026-07-05 08:21:05.082525+0000 0x10b44    Default     0x0                  25323  0    rayforge-app: (UIKitCore) [com.apple.UIKit:KeyboardSceneDelegate] _reloadInputViewsForKeyWindowSceneResponder: 1 force: 0, fromBecomeFirstResponder: 1 (automaticKeyboard: 1, reloadIdentifier: BC9AB88B-AD80-409C-9D47-86ADD9908F81)
2026-07-05 08:21:05.082693+0000 0x10b44    Default     0x0                  25323  0    rayforge-app: (UIKitCore) [com.apple.UIKit:KeyboardSceneDelegate] _inputViewsForResponder: <GdkIOSView: 0x105b0cb90; frame = (0 0; 1032 1376); >, automaticKeyboard: 1, force: 0
2026-07-05 08:21:05.083074+0000 0x10b44    Default     0x0                  25323  0    rayforge-app: (UIKitCore) [com.apple.UIKit:KeyboardSceneDelegate] _inputViewsForResponder, found custom inputView: <(null): 0x0>, customInputViewController: <(null): 0x0>
2026-07-05 08:21:05.083170+0000 0x10b44    Default     0x0                  25323  0    rayforge-app: (UIKitCore) [com.apple.UIKit:KeyboardSceneDelegate] _inputViewsForResponder, found inputAccessoryView: <(null): 0x0>
2026-07-05 08:21:05.083276+0000 0x10b44    Default     0x0                  25323  0    rayforge-app: (UIKitCore) [com.apple.UIKit:KeyboardSceneDelegate] _inputViewsForResponder, responderRequiresKeyboard 0 (automaticKeyboardEnabled: 1, activeInstance: <(null): 0x0>, self.isOnScreen: 0, requiresKBWhenFirstResponder: 0)
2026-07-05 08:21:05.083356+0000 0x10b44    Default     0x0                  25323  0    rayforge-app: (UIKitCore) [com.apple.UIKit:KeyboardSceneDelegate] _inputViewsForResponder, useKeyboard 0 (allowsSystemInputView: 1, !inputView <(null): 0x0>, responderRequiresKeyboard 0)
2026-07-05 08:21:05.083435+0000 0x10b44    Default     0x0                  25323  0    rayforge-app: (UIKitCore) [com.apple.UIKit:KeyboardSceneDelegate] _inputViewsForResponder, configuring _responderWithoutAutomaticAppearanceEnabled: <(null): 0x0> (_automaticAppearEnabled: 1)
2026-07-05 08:21:05.083524+0000 0x10b44    Default     0x0                  25323  0    rayforge-app: (UIKitCore) [com.apple.UIKit:KeyboardSceneDelegate] _inputViewsForResponder, needsIVPlaceholder: 0, needsIAVPlaceholder: 0, needsInputSetWithPlaceholder: 0
2026-07-05 08:21:05.083619+0000 0x10b44    Default     0x0                  25323  0    rayforge-app: (UIKitCore) [com.apple.UIKit:KeyboardSceneDelegate] _inputViewsForResponder returning: <<UIInputViewSet: 0x600003708b40>; (empty)>
2026-07-05 08:21:05.085188+0000 0x10b44    Default     0x0                  25323  0    rayforge-app: (UIKitCore) [com.apple.UIKit:Application] Deactivation reason removed: 10; deactivation reasons: 3104 -> 2080; animating application lifecycle event: 1
2026-07-05 08:21:05.086089+0000 0x10b44    Default     0x0                  25323  0    rayforge-app: (UIKitCore) [com.apple.UIKit:Application] Deactivation reason added: 12; deactivation reasons: 2080 -> 6176; animating application lifecycle event: 1
2026-07-05 08:21:05.086307+0000 0x10b44    Default     0x0                  25323  0    rayforge-app: (UIKitCore) [com.apple.UIKit:Application] Deactivation reason removed: 11; deactivation reasons: 6176 -> 4128; animating application lifecycle event: 1
2026-07-05 08:21:05.087989+0000 0x10b44    Default     0x0                  25323  0    rayforge-app: (FrontBoardServices) [com.apple.FrontBoard:SceneExtension] Realizing settings extension <_UISceneIntelligenceSupportSettings> on FBSSceneSettings
2026-07-05 08:21:05.091592+0000 0x10b53    Default     0x0                  25323  0    rayforge-app: (BackBoardServices) [com.apple.BackBoard:EventDelivery] policyStatus:<BKSHIDEventDeliveryPolicyObserver: 0x600002606160; token: com.apple.frontboard.systemappservices/FBSceneManager:sceneID%3Aorg.rayforge.app-default; status: ancestor> was:target
2026-07-05 08:21:05.093430+0000 0x10b44    Default     0x0                  25323  0    rayforge-app: (UIKitCore) [com.apple.UIKit:InterfaceStyle] Not push traits update to screen for new style 1, <UIWindowScene: 0x105b0bc00> (E4F53F1E-5DDA-4A20-BBE1-F95B3927148F)
2026-07-05 08:21:05.096042+0000 0x10b44    Default     0x0                  25323  0    rayforge-app: (UIKitCore) [com.apple.UIKit:UIFocus] Failed to update focus with context <UIFocusUpdateContext: 0x600003008750; previouslyFocusedItem: (nil); nextFocusedItem: (nil); focusHeading: None>. No additional info available.
2026-07-05 08:21:05.100625+0000 0x10b44    Default     0x0                  25323  0    rayforge-app: (libxpc.dylib) [com.apple.xpc:connection] [0x106f0c8c0] activating connection: mach=true listener=false peer=false name=com.apple.lsd.mapdb
2026-07-05 08:21:05.111790+0000 0x10b53    Default     0x0                  25323  0    rayforge-app: (UIIntelligenceSupport) [com.apple.UIIntelligenceSupport:xpc] establishing connection to agent
2026-07-05 08:21:05.112508+0000 0x10b53    Default     0x0                  25323  0    rayforge-app: (libxpc.dylib) [com.apple.xpc:session] [0x600002103020] Session created.
2026-07-05 08:21:05.112523+0000 0x10b53    Default     0x0                  25323  0    rayforge-app: (libxpc.dylib) [com.apple.xpc:session] [0x600002103020] Session created from connection [0x106f0fb60]
2026-07-05 08:21:05.112562+0000 0x10b53    Default     0x0                  25323  0    rayforge-app: (libxpc.dylib) [com.apple.xpc:connection] [0x106f0fb60] activating connection: mach=true listener=false peer=false name=com.apple.uiintelligencesupport.agent
2026-07-05 08:21:05.112844+0000 0x10b53    Default     0x0                  25323  0    rayforge-app: (libxpc.dylib) [com.apple.xpc:session] [0x600002103020] Session activated
2026-07-05 08:21:05.246078+0000 0x10b44    Default     0x0                  25323  0    rayforge-app: (Network) [com.apple.network:activity] Create activity from XPC object <nw_activity 50:1 [BB2E30CF-3E0C-455C-9522-700CBFE84D3C] (reporting strategy default)>
2026-07-05 08:21:05.246149+0000 0x10b44    Default     0x0                  25323  0    rayforge-app: (Network) [com.apple.network:activity] Create activity from XPC object <nw_activity 50:2 [549AA628-6838-41A3-81A8-E1A04CB0AF97] (reporting strategy default)>
2026-07-05 08:21:05.246171+0000 0x10b44    Default     0x0                  25323  0    rayforge-app: (Network) [com.apple.network:activity] Set activity <nw_activity 50:1 [BB2E30CF-3E0C-455C-9522-700CBFE84D3C] (reporting strategy default)> as the global parent
2026-07-05 08:21:05.246236+0000 0x10b44    Default     0x0                  25323  0    rayforge-app: (UIKitCore) [com.apple.UIKit:BackgroundTask] Ending background task with UIBackgroundTaskIdentifier: 1
2026-07-05 08:21:05.246353+0000 0x10b44    Default     0x0                  25323  0    rayforge-app: (UIKitCore) [com.apple.UIKit:BackgroundTask] Ending task with identifier 1 and description: <_UIBackgroundTaskInfo: 0x600001700d40>: taskID = 1, taskName = Launch Background Task for Coalescing, creationTime = 627 (elapsed = 0), _expireHandler: (null)
2026-07-05 08:21:05.246398+0000 0x10b44    Default     0x0                  25323  0    rayforge-app: (UIKitCore) [com.apple.UIKit:BackgroundTask] Decrementing reference count for assertion <BKSProcessAssertion: 0x6000021070c0> (used by background task with identifier 1: <_UIBackgroundTaskInfo: 0x600001700d40>: taskID = 1, taskName = Launch Background Task for Coalescing, creationTime = 627 (elapsed = 0))
2026-07-05 08:21:05.525058+0000 0x10b4f    Activity    0x386a3              25323  0    rayforge-app: (RunningBoardServices) didChangeInheritances
2026-07-05 08:21:05.569303+0000 0x10b50    Default     0x0                  25323  0    rayforge-app: (UIKitCore) [com.apple.UIKit:BackgroundTask] Ending background task with UIBackgroundTaskIdentifier: 2
2026-07-05 08:21:05.569399+0000 0x10b50    Default     0x0                  25323  0    rayforge-app: (UIKitCore) [com.apple.UIKit:BackgroundTask] Ending task with identifier 2 and description: <_UIBackgroundTaskInfo: 0x600001717880>: taskID = 2, taskName = Persistent SceneSession Map Update, creationTime = 627 (elapsed = 0), _expireHandler: <__NSGlobalBlock__: 0x1e61729e0>
2026-07-05 08:21:05.569450+0000 0x10b50    Default     0x0                  25323  0    rayforge-app: (UIKitCore) [com.apple.UIKit:BackgroundTask] Decrementing reference count for assertion <BKSProcessAssertion: 0x6000021070c0> (used by background task with identifier 2: <_UIBackgroundTaskInfo: 0x600001717880>: taskID = 2, taskName = Persistent SceneSession Map Update, creationTime = 627 (elapsed = 0))
2026-07-05 08:21:05.569478+0000 0x10b50    Default     0x0                  25323  0    rayforge-app: (UIKitCore) [com.apple.UIKit:BackgroundTask] Will invalidate assertion: <BKSProcessAssertion: 0x6000021070c0> for task identifier: 2
2026-07-05 08:21:05.611917+0000 0x10b4e    Activity    0x386a4              25323  0    rayforge-app: (RunningBoardServices) didChangeInheritances
2026-07-05 08:21:06.033318+0000 0x10b50    Activity    0x386a5              25323  0    rayforge-app: (RunningBoardServices) didChangeInheritances
2026-07-05 08:21:43.608915+0000 0x10b4e    Default     0x0                  25323  0    rayforge-app: (libxpc.dylib) [com.apple.xpc:connection] [0x106b0a0b0] Re-initialization successful; calling out to event handler with XPC_ERROR_CONNECTION_INTERRUPTED
2026-07-05 08:21:43.609232+0000 0x10b4e    Error       0x0                  25323  0    rayforge-app: (UIKitCore) [com.apple.KeyboardArbiter:Client] XPC connection interrupted
2026-07-05 08:22:42.689164+0000 0x10b44    Default     0x0                  25323  1    rayforge-app: (UIKitCore) [com.apple.UIKit:EventDeferring] [0x6000029100e0] Scene target of event deferring environments did update: scene: 0x105b0bc00; current systemShellManagesKeyboardFocus: 1; systemShellManagesKeyboardFocusForScene: 1; eligibleForRecordRemoval: 1;
2026-07-05 08:22:42.691321+0000 0x10b44    Default     0x0                  25323  1    rayforge-app: (UIKitCore) [com.apple.UIKit:KeyWindow] Scene became target of keyboard event deferring environment: UIWindowScene: 0x105b0bc00; scene identity: com.apple.frontboard.systemappservices/FBSceneManager:sceneID%3Aorg.rayforge.app-default
2026-07-05 08:22:42.700802+0000 0x10b44    Default     0x0                  25323  0    rayforge-app: (UIKitCore) [com.apple.UIKit:EventBus] Event Timing Profile for Touch: not found, path="/System/Library/EventTimingProfiles/Sim.Touch.plist"
2026-07-05 08:22:42.701263+0000 0x10b44    Default     0x0                  25323  0    rayforge-app: (UIKitCore) [com.apple.UIKit:EventBus] Event Timing Profile for Pencil: not found, path="/System/Library/EventTimingProfiles/Sim.Pencil.plist"
2026-07-05 08:22:42.702304+0000 0x10b44    Default     0x0                  25323  0    rayforge-app: (UIKitCore) [com.apple.UIKit:UpdateScheduler] Target list changed: <CADisplay:LCD PurpleMain>
2026-07-05 08:22:42.728849+0000 0x10b44    Default     0x0                  25323  0    rayforge-app: (UIKitCore) [com.apple.KeyboardArbiter:Client] startConnection
2026-07-05 08:22:42.730559+0000 0x10b44    Default     0x0                  25323  0    rayforge-app: (libAccessibility.dylib) [com.apple.Accessibility:AXCommon] Read Per-App on Init: Smart invert = (null)
2026-07-05 08:22:42.736005+0000 0x10b44    Default     0x0                  25323  0    rayforge-app: (UIKitCore) [com.apple.KeyboardArbiter:Client] handleKeyboardChange: set currentKeyboard:N (wasKeyboard:N)
2026-07-05 08:22:42.739387+0000 0x10b44    Default     0x0                  25323  0    rayforge-app: (UIKitCore) [com.apple.UIKit:KeyboardArbiterClientLog] isWritingToolsHandlingKeyboardTracking:Y (WT ready:Y, Arbiter ready:Y)
2026-07-05 08:22:42.748410+0000 0x10b44    Default     0x0                  25323  0    rayforge-app: (UIKitCore) [com.apple.UIKit:AppLifecycle] sceneOfRecord: sceneID: sceneID:org.rayforge.app-default  persistentID: E4F53F1E-5DDA-4A20-BBE1-F95B3927148F
2026-07-05 08:22:42.760918+0000 0x10b44    Default     0x0                  25323  0    rayforge-app: (UIKitCore) [com.apple.UIKit:InterfaceStyle] Not push traits update to screen for new style 1, <UIWindowScene: 0x105b0bc00> (E4F53F1E-5DDA-4A20-BBE1-F95B3927148F)
2026-07-05 08:22:43.532100+0000 0x10b44    Default     0x0                  25323  0    rayforge-app: (UIKitCore) [com.apple.UIKit:InterfaceStyle] Not push traits update to screen for new style 1, <UIWindowScene: 0x105b0bc00> (E4F53F1E-5DDA-4A20-BBE1-F95B3927148F)
2026-07-05 08:22:43.546458+0000 0x10b44    Default     0x0                  25323  0    rayforge-app: (UIKitCore) [com.apple.UIKit:AppLifecycle] sceneOfRecord: sceneID: sceneID:org.rayforge.app-default  persistentID: E4F53F1E-5DDA-4A20-BBE1-F95B3927148F
2026-07-05 08:22:43.547901+0000 0x10b44    Default     0x0                  25323  0    rayforge-app: (UIKitCore) [com.apple.UIKit:Application] Deactivation reason removed: 12; deactivation reasons: 4128 -> 32; animating application lifecycle event: 1
2026-07-05 08:22:43.547992+0000 0x10b44    Default     0x0                  25323  0    rayforge-app: (UIKitCore) [com.apple.KeyboardArbiter:Client] Send setDeactivating: N (-DeactivationReason:SuspendedEventsOnly)
2026-07-05 08:22:43.563980+0000 0x10b44    Default     0x0                  25323  0    rayforge-app: (UIKitCore) [com.apple.UIKit:Application] Deactivation reason removed: 5; deactivation reasons: 32 -> 0; animating application lifecycle event: 0
2026-07-05 08:22:43.636986+0000 0x10b44    Default     0x0                  25323  0    rayforge-app: (UIKitCore) [com.apple.UIKit:AppLifecycle] sceneOfRecord: sceneID: sceneID:org.rayforge.app-default  persistentID: E4F53F1E-5DDA-4A20-BBE1-F95B3927148F
2026-07-05 08:22:43.654119+0000 0x10b44    Default     0x0                  25323  0    rayforge-app: (UIKitCore) [com.apple.UIKit:AppLifecycle] sceneOfRecord: sceneID: sceneID:org.rayforge.app-default  persistentID: E4F53F1E-5DDA-4A20-BBE1-F95B3927148F
2026-07-05 08:22:43.753660+0000 0x10b44    Default     0x39115              25323  0    rayforge-app: (UIKitCore) [com.apple.KeyboardArbiter:Client] RX sceneBecameFocused:(null)
2026-07-05 08:22:43.756934+0000 0x10b44    Default     0x0                  25323  0    rayforge-app: (UIKitCore) [com.apple.KeyboardArbiter:Client] failedConnection
2026-07-05 08:22:43.757083+0000 0x10b44    Default     0x0                  25323  0    rayforge-app: (libxpc.dylib) [com.apple.xpc:connection] [0x106b0a0b0] invalidated because the current process cancelled the connection by calling xpc_connection_cancel()
2026-07-05 08:22:43.781844+0000 0x10b44    Default     0x0                  25323  0    rayforge-app: (UIKitCore) [com.apple.KeyboardArbiter:Client] handleKeyboardChange: set currentKeyboard:N (wasKeyboard:N)
2026-07-05 08:22:43.844974+0000 0x10b44    Default     0x0                  25323  0    rayforge-app: (Network) [com.apple.network:activity] <nw_activity 50:1 [BB2E30CF-3E0C-455C-9522-700CBFE84D3C] (global parent) (reporting strategy default) complete (reason success)> complete with reason 2 (success), duration 102227ms
2026-07-05 08:22:43.845122+0000 0x10b44    Default     0x0                  25323  0    rayforge-app: (Network) [com.apple.network:activity] <nw_activity 50:2 [549AA628-6838-41A3-81A8-E1A04CB0AF97] (reporting strategy default) complete (reason success)> complete with reason 2 (success), duration 102228ms
2026-07-05 08:22:43.845189+0000 0x10b44    Default     0x0                  25323  0    rayforge-app: (Network) [com.apple.network:activity] Unsetting the global parent activity <nw_activity 50:1 [BB2E30CF-3E0C-455C-9522-700CBFE84D3C] (global parent) (reporting strategy default) complete (reason success)>
2026-07-05 08:22:43.845224+0000 0x10b44    Default     0x0                  25323  0    rayforge-app: (Network) [com.apple.network:activity] Unset the global parent activity
