++ xcrun simctl list runtimes
++ awk '/iOS/{id=$NF} END{print id}'
+ RUNTIME=com.apple.CoreSimulator.SimRuntime.iOS-26-2
++ xcrun simctl create rayforge-test com.apple.CoreSimulator.SimDeviceType.iPad-Pro-13-inch-M4-8GB com.apple.CoreSimulator.SimRuntime.iOS-26-2
+ UDID=0C93A0BC-558A-41E2-B935-34939131737F
+ test -n 0C93A0BC-558A-41E2-B935-34939131737F
+ echo UDID=0C93A0BC-558A-41E2-B935-34939131737F
UDID=0C93A0BC-558A-41E2-B935-34939131737F
+ xcrun simctl boot 0C93A0BC-558A-41E2-B935-34939131737F
+ xcrun simctl bootstatus 0C93A0BC-558A-41E2-B935-34939131737F -b
Monitoring boot status for rayforge-test (0C93A0BC-558A-41E2-B935-34939131737F).
[2026-07-05 08:19:52 +0000] Status=2, isTerminal=NO, Elapsed=00:52.
	Waiting on Data Migration
		Reason:Running plugin com.apple.-0LaunchServicesMigrator (00LaunchServicesMigrator.migrator, user-agnostic)
		Migration Elapsed:00:45 seconds

[2026-07-05 08:19:53 +0000] Status=2, isTerminal=NO, Elapsed=00:53.
	Waiting on Data Migration
		Reason:Running plugin com.apple.-0LaunchServicesMigrator (00LaunchServicesMigrator.migrator, user-agnostic)
		Migration Elapsed:00:46 seconds

[2026-07-05 08:19:58 +0000] Status=2, isTerminal=NO, Elapsed=00:58.
	Waiting on Data Migration
		Reason:Running plugin com.apple.securityd.KeychainMigrator (KeychainMigrator.migrator, user-agnostic)
		Migration Elapsed:00:47 seconds

[2026-07-05 08:20:00 +0000] Status=2, isTerminal=NO, Elapsed=01:01.
	Waiting on Data Migration
		Reason:Running plugin com.apple.cloudrecents.migrator (CloudRecentsMigrator.migrator)
		Migration Elapsed:00:52 seconds

[2026-07-05 08:20:02 +0000] Status=4, isTerminal=NO, Elapsed=01:02.
	Waiting on System App

[2026-07-05 08:20:03 +0000] Status=4, isTerminal=NO, Elapsed=01:03.
	Waiting on System App

[2026-07-05 08:20:04 +0000] Status=4, isTerminal=NO, Elapsed=01:05.
	Waiting on System App

[2026-07-05 08:20:05 +0000] Status=4, isTerminal=NO, Elapsed=01:05.
	Waiting on System App

[2026-07-05 08:20:06 +0000] Status=4, isTerminal=NO, Elapsed=01:07.
	Waiting on System App

[2026-07-05 08:20:07 +0000] Status=4, isTerminal=NO, Elapsed=01:07.
	Waiting on System App

[2026-07-05 08:20:07 +0000] Status=4, isTerminal=NO, Elapsed=01:07.
	Waiting on System App

[2026-07-05 08:20:08 +0000] Status=4, isTerminal=NO, Elapsed=01:09.
	Waiting on System App

[2026-07-05 08:20:16 +0000] Status=4294967295, isTerminal=YES, Elapsed=01:16.
	Finished

+ xcrun simctl install 0C93A0BC-558A-41E2-B935-34939131737F RayforgeApp.app
++ xcrun simctl get_app_container 0C93A0BC-558A-41E2-B935-34939131737F org.rayforge.app
+ APP_CONTAINER=/Users/runner/Library/Developer/CoreSimulator/Devices/0C93A0BC-558A-41E2-B935-34939131737F/data/Containers/Bundle/Application/695101E1-20CF-43E5-A03B-29DB744C5228/RayforgeApp.app
+ echo 'app container: /Users/runner/Library/Developer/CoreSimulator/Devices/0C93A0BC-558A-41E2-B935-34939131737F/data/Containers/Bundle/Application/695101E1-20CF-43E5-A03B-29DB744C5228/RayforgeApp.app'
app container: /Users/runner/Library/Developer/CoreSimulator/Devices/0C93A0BC-558A-41E2-B935-34939131737F/data/Containers/Bundle/Application/695101E1-20CF-43E5-A03B-29DB744C5228/RayforgeApp.app
+ FW_DIR=/Users/runner/Library/Developer/CoreSimulator/Devices/0C93A0BC-558A-41E2-B935-34939131737F/data/Containers/Bundle/Application/695101E1-20CF-43E5-A03B-29DB744C5228/RayforgeApp.app/Frameworks
+ LAUNCH_OUT=/Users/runner/work/Rayforge-iOS-ipa/Rayforge-iOS-ipa/app-console.log
+ xcrun simctl launch --stdout=/Users/runner/work/Rayforge-iOS-ipa/Rayforge-iOS-ipa/app-console.log --stderr=/Users/runner/work/Rayforge-iOS-ipa/Rayforge-iOS-ipa/app-console.log 0C93A0BC-558A-41E2-B935-34939131737F org.rayforge.app SIMCTL_CHILD_DYLD_LIBRARY_PATH=/Users/runner/Library/Developer/CoreSimulator/Devices/0C93A0BC-558A-41E2-B935-34939131737F/data/Containers/Bundle/Application/695101E1-20CF-43E5-A03B-29DB744C5228/RayforgeApp.app/Frameworks SIMCTL_CHILD_DYLD_FALLBACK_LIBRARY_PATH=/Users/runner/Library/Developer/CoreSimulator/Devices/0C93A0BC-558A-41E2-B935-34939131737F/data/Containers/Bundle/Application/695101E1-20CF-43E5-A03B-29DB744C5228/RayforgeApp.app/Frameworks SIMCTL_CHILD_G_MESSAGES_DEBUG=all
+ tee launch-cmd.log
org.rayforge.app: 25323
+ MARKER_SEEN=0
++ seq 1 36
+ for i in '$(seq 1 36)'
+ sleep 5
+ xcrun simctl spawn 0C93A0BC-558A-41E2-B935-34939131737F log show --last 6m --predicate 'process == "rayforge-app"'
+ grep -q 'RAYFORGE UI RUNNING' app-console.log app-syslog.log
+ MARKER_SEEN=1
+ echo 'marker seen after ~5s'
marker seen after ~5s
+ break
+ APP_ALIVE=1
+ xcrun simctl spawn 0C93A0BC-558A-41E2-B935-34939131737F launchctl list
+ grep -q org.rayforge.app
+ echo 'app alive: 1  marker seen: 1'
app alive: 1  marker seen: 1
+ echo 'waiting for first rendered frames...'
waiting for first rendered frames...
+ sleep 20
+ xcrun simctl io 0C93A0BC-558A-41E2-B935-34939131737F screenshot simulator-screenshot.png
Detected file type 'PNG' from extension
Wrote screenshot to: simulator-screenshot.png
+ ls -la simulator-screenshot.png
-rw-r--r--@ 1 runner  staff  170688 Jul  5 08:23 simulator-screenshot.png
+ mkdir -p crash-reports
+ find /Users/runner/Library/Logs/DiagnosticReports -name '*rayforge*' -newer RayforgeApp.app/Info.plist -exec cp '{}' crash-reports/ ';'
+ for c in 'crash-reports/*'
+ '[' -f 'crash-reports/*' ']'
+ continue
+ xcrun simctl shutdown 0C93A0BC-558A-41E2-B935-34939131737F
+ echo '===== app console ====='
===== app console =====
+ cat app-console.log
Gdk-Message: 08:21:04.903: gdk-ios: bundle resources at /Users/runner/Library/Developer/CoreSimulator/Devices/0C93A0BC-558A-41E2-B935-34939131737F/data/Containers/Bundle/Application/695101E1-20CF-43E5-A03B-29DB744C5228/RayforgeApp.app
Gdk-Message: 08:21:05.145: gdk-ios: shell ready window=1032x1376 view=1032x1376 scale=2.00
Gdk-Message: 08:21:05.155: gdk-ios: VC layout view=1032x1376 screen=1032x1376
Gdk-Message: 08:21:05.312: gdk-ios: entering user main
** Message: 08:21:05.313: GI_TYPELIB_PATH: /Users/runner/Library/Developer/CoreSimulator/Devices/0C93A0BC-558A-41E2-B935-34939131737F/data/Containers/Bundle/Application/695101E1-20CF-43E5-A03B-29DB744C5228/RayforgeApp.app/lib/girepository-1.0
** Message: 08:21:05.313: python home: /Users/runner/Library/Developer/CoreSimulator/Devices/0C93A0BC-558A-41E2-B935-34939131737F/data/Containers/Bundle/Application/695101E1-20CF-43E5-A03B-29DB744C5228/RayforgeApp.app/python
** Message: 08:21:05.314: site-packages: /Users/runner/Library/Developer/CoreSimulator/Devices/0C93A0BC-558A-41E2-B935-34939131737F/data/Containers/Bundle/Application/695101E1-20CF-43E5-A03B-29DB744C5228/RayforgeApp.app/python/lib/python3.13/site-packages
IOSBOOT: ios_main.main() start
IOSBOOT: import rayforge.app
IOSBOOT: rayforge.app.main()
2026-07-05 08:21:07,728 - root - INFO - Logging configured. Console level: INFO
2026-07-05 08:21:07,729 - root - INFO - Session log file: /Users/runner/Library/Developer/CoreSimulator/Devices/0C93A0BC-558A-41E2-B935-34939131737F/data/Containers/Data/Application/6EF1F72A-B846-4FCE-A0A7-9EA94CBE92C2/.local/state/rayforge/log/session-2026-07-05_08-21-07.log
2026-07-05 08:21:07,729 - rayforge.app - INFO - Application starting with log level INFO
2026-07-05 08:21:07,729 - rayforge.app - INFO - PyCairo version: 1.29.0
2026-07-05 08:21:10,914 - rayforge.image.svg.svg_fallback - WARNING - pyvips svgload_buffer not available. Using Cairo/Rsvg fallback for SVG rendering.
2026-07-05 08:21:12,977 - rayforge.ui_gtk.sim3d - INFO - Skipping Canvas3D import due to RAYFORGE_DISABLE_3D
2026-07-05 08:21:12,978 - rayforge.ui_gtk.sim3d - INFO - 3D canvas disabled via RAYFORGE_DISABLE_3D environment variable.
2026-07-05 08:21:13,414 - rayforge.addon_mgr.addon_manager - INFO - Scanning for addons in /Users/runner/Library/Developer/CoreSimulator/Devices/0C93A0BC-558A-41E2-B935-34939131737F/data/Containers/Bundle/Application/695101E1-20CF-43E5-A03B-29DB744C5228/RayforgeApp.app/python/lib/python3.13/site-packages/rayforge/builtin_addons...
2026-07-05 08:21:13,438 - rayforge.addon_mgr.addon_manager - INFO - Loaded addon: core_materials (builtin)
2026-07-05 08:21:13,984 - rayforge.addon_mgr.lazy_loader - WARNING - Manifest not ready, giving up
2026-07-05 08:21:14,505 - rayforge.addon_mgr.lazy_loader - WARNING - Manifest not ready, giving up
2026-07-05 08:21:15,088 - rayforge.addon_mgr.lazy_loader - WARNING - Manifest not ready, giving up
2026-07-05 08:21:15,614 - rayforge.addon_mgr.lazy_loader - WARNING - Manifest not ready, giving up
2026-07-05 08:21:16,138 - rayforge.addon_mgr.lazy_loader - WARNING - Manifest not ready, giving up
2026-07-05 08:21:16,670 - rayforge.addon_mgr.lazy_loader - WARNING - Manifest not ready, giving up
2026-07-05 08:21:17,200 - rayforge.addon_mgr.lazy_loader - WARNING - Manifest not ready, giving up
2026-07-05 08:21:17,732 - rayforge.addon_mgr.lazy_loader - WARNING - Manifest not ready, giving up
2026-07-05 08:21:18,260 - rayforge.addon_mgr.lazy_loader - WARNING - Manifest not ready, giving up
2026-07-05 08:21:18,801 - rayforge.addon_mgr.lazy_loader - WARNING - Manifest not ready, giving up
2026-07-05 08:21:19,325 - rayforge.addon_mgr.lazy_loader - WARNING - Manifest not ready, giving up
2026-07-05 08:21:19,858 - rayforge.addon_mgr.lazy_loader - WARNING - Manifest not ready, giving up
2026-07-05 08:21:20,386 - rayforge.addon_mgr.lazy_loader - WARNING - Manifest not ready, giving up
2026-07-05 08:21:20,919 - rayforge.addon_mgr.lazy_loader - WARNING - Manifest not ready, giving up
2026-07-05 08:21:21,471 - rayforge.addon_mgr.lazy_loader - WARNING - Manifest not ready, giving up
2026-07-05 08:21:21,999 - rayforge.addon_mgr.lazy_loader - WARNING - Manifest not ready, giving up
2026-07-05 08:21:22,535 - rayforge.addon_mgr.lazy_loader - WARNING - Manifest not ready, giving up
2026-07-05 08:21:23,066 - rayforge.addon_mgr.lazy_loader - WARNING - Manifest not ready, giving up
2026-07-05 08:21:23,590 - rayforge.addon_mgr.lazy_loader - WARNING - Manifest not ready, giving up
2026-07-05 08:21:24,119 - rayforge.addon_mgr.lazy_loader - WARNING - Manifest not ready, giving up
2026-07-05 08:21:24,642 - rayforge.addon_mgr.lazy_loader - WARNING - Manifest not ready, giving up
2026-07-05 08:21:25,167 - rayforge.addon_mgr.lazy_loader - WARNING - Manifest not ready, giving up
2026-07-05 08:21:25,693 - rayforge.addon_mgr.lazy_loader - WARNING - Manifest not ready, giving up
2026-07-05 08:21:26,216 - rayforge.addon_mgr.lazy_loader - WARNING - Manifest not ready, giving up
2026-07-05 08:21:26,753 - rayforge.addon_mgr.lazy_loader - WARNING - Manifest not ready, giving up
2026-07-05 08:21:27,276 - rayforge.addon_mgr.lazy_loader - WARNING - Manifest not ready, giving up
2026-07-05 08:21:27,799 - rayforge.addon_mgr.lazy_loader - WARNING - Manifest not ready, giving up
2026-07-05 08:21:28,337 - rayforge.addon_mgr.lazy_loader - WARNING - Manifest not ready, giving up
2026-07-05 08:21:28,868 - rayforge.addon_mgr.lazy_loader - WARNING - Manifest not ready, giving up
2026-07-05 08:21:29,398 - rayforge.addon_mgr.lazy_loader - WARNING - Manifest not ready, giving up
2026-07-05 08:21:29,928 - rayforge.addon_mgr.lazy_loader - WARNING - Manifest not ready, giving up
2026-07-05 08:21:30,454 - rayforge.addon_mgr.lazy_loader - WARNING - Manifest not ready, giving up
2026-07-05 08:21:30,981 - rayforge.addon_mgr.lazy_loader - WARNING - Manifest not ready, giving up
2026-07-05 08:21:31,512 - rayforge.addon_mgr.lazy_loader - WARNING - Manifest not ready, giving up
2026-07-05 08:21:31,537 - rayforge.addon_mgr.addon_manager - INFO - Loaded addon: sketcher (builtin)
2026-07-05 08:21:32,075 - rayforge.addon_mgr.lazy_loader - WARNING - Manifest not ready, giving up
2026-07-05 08:21:32,596 - rayforge.addon_mgr.lazy_loader - WARNING - Manifest not ready, giving up
2026-07-05 08:21:33,128 - rayforge.addon_mgr.lazy_loader - WARNING - Manifest not ready, giving up
2026-07-05 08:21:33,657 - rayforge.addon_mgr.lazy_loader - WARNING - Manifest not ready, giving up
2026-07-05 08:21:34,186 - rayforge.addon_mgr.lazy_loader - WARNING - Manifest not ready, giving up
2026-07-05 08:21:34,719 - rayforge.addon_mgr.lazy_loader - WARNING - Manifest not ready, giving up
2026-07-05 08:21:35,266 - rayforge.addon_mgr.lazy_loader - WARNING - Manifest not ready, giving up
2026-07-05 08:21:35,794 - rayforge.addon_mgr.lazy_loader - WARNING - Manifest not ready, giving up
2026-07-05 08:21:36,317 - rayforge.addon_mgr.lazy_loader - WARNING - Manifest not ready, giving up
2026-07-05 08:21:36,848 - rayforge.addon_mgr.lazy_loader - WARNING - Manifest not ready, giving up
2026-07-05 08:21:37,374 - rayforge.addon_mgr.lazy_loader - WARNING - Manifest not ready, giving up
2026-07-05 08:21:37,908 - rayforge.addon_mgr.lazy_loader - WARNING - Manifest not ready, giving up
2026-07-05 08:21:38,435 - rayforge.addon_mgr.lazy_loader - WARNING - Manifest not ready, giving up
2026-07-05 08:21:38,962 - rayforge.addon_mgr.lazy_loader - WARNING - Manifest not ready, giving up
2026-07-05 08:21:39,501 - rayforge.addon_mgr.lazy_loader - WARNING - Manifest not ready, giving up
2026-07-05 08:21:40,025 - rayforge.addon_mgr.lazy_loader - WARNING - Manifest not ready, giving up
2026-07-05 08:21:40,562 - rayforge.addon_mgr.lazy_loader - WARNING - Manifest not ready, giving up
2026-07-05 08:21:41,084 - rayforge.addon_mgr.lazy_loader - WARNING - Manifest not ready, giving up
2026-07-05 08:21:41,624 - rayforge.addon_mgr.lazy_loader - WARNING - Manifest not ready, giving up
2026-07-05 08:21:42,157 - rayforge.addon_mgr.lazy_loader - WARNING - Manifest not ready, giving up
2026-07-05 08:21:42,680 - rayforge.addon_mgr.lazy_loader - WARNING - Manifest not ready, giving up
2026-07-05 08:21:43,218 - rayforge.addon_mgr.lazy_loader - WARNING - Manifest not ready, giving up
2026-07-05 08:21:43,762 - rayforge.addon_mgr.lazy_loader - WARNING - Manifest not ready, giving up
2026-07-05 08:21:43,769 - rayforge.addon_mgr.addon_manager - INFO - Loaded addon: laser_essentials (builtin)
2026-07-05 08:21:43,780 - rayforge.addon_mgr.addon_manager - INFO - Loaded addon: print_and_cut (builtin)
2026-07-05 08:21:44,306 - rayforge.addon_mgr.lazy_loader - WARNING - Manifest not ready, giving up
2026-07-05 08:21:44,831 - rayforge.addon_mgr.lazy_loader - WARNING - Manifest not ready, giving up
2026-07-05 08:21:45,353 - rayforge.addon_mgr.lazy_loader - WARNING - Manifest not ready, giving up
2026-07-05 08:21:45,870 - rayforge.addon_mgr.lazy_loader - WARNING - Manifest not ready, giving up
2026-07-05 08:21:46,394 - rayforge.addon_mgr.lazy_loader - WARNING - Manifest not ready, giving up
2026-07-05 08:21:46,919 - rayforge.addon_mgr.lazy_loader - WARNING - Manifest not ready, giving up
2026-07-05 08:21:47,445 - rayforge.addon_mgr.lazy_loader - WARNING - Manifest not ready, giving up
2026-07-05 08:21:47,969 - rayforge.addon_mgr.lazy_loader - WARNING - Manifest not ready, giving up
2026-07-05 08:21:48,493 - rayforge.addon_mgr.lazy_loader - WARNING - Manifest not ready, giving up
2026-07-05 08:21:49,043 - rayforge.addon_mgr.lazy_loader - WARNING - Manifest not ready, giving up
2026-07-05 08:21:49,569 - rayforge.addon_mgr.lazy_loader - WARNING - Manifest not ready, giving up
2026-07-05 08:21:50,140 - rayforge.addon_mgr.lazy_loader - WARNING - Manifest not ready, giving up
2026-07-05 08:21:50,689 - rayforge.addon_mgr.lazy_loader - WARNING - Manifest not ready, giving up
2026-07-05 08:21:51,238 - rayforge.addon_mgr.lazy_loader - WARNING - Manifest not ready, giving up
2026-07-05 08:21:51,760 - rayforge.addon_mgr.lazy_loader - WARNING - Manifest not ready, giving up
2026-07-05 08:21:52,288 - rayforge.addon_mgr.lazy_loader - WARNING - Manifest not ready, giving up
2026-07-05 08:21:52,833 - rayforge.addon_mgr.lazy_loader - WARNING - Manifest not ready, giving up
2026-07-05 08:21:52,922 - rayforge.addon_mgr.addon_manager - INFO - Loaded addon: post_processors (builtin)
2026-07-05 08:21:53,554 - rayforge.addon_mgr.lazy_loader - WARNING - Manifest not ready, giving up
2026-07-05 08:21:54,083 - rayforge.addon_mgr.lazy_loader - WARNING - Manifest not ready, giving up
2026-07-05 08:21:54,651 - rayforge.addon_mgr.lazy_loader - WARNING - Manifest not ready, giving up
2026-07-05 08:21:55,176 - rayforge.addon_mgr.lazy_loader - WARNING - Manifest not ready, giving up
2026-07-05 08:21:55,187 - rayforge.addon_mgr.addon_manager - INFO - Loaded addon: ai_workpiece_generator (builtin)
2026-07-05 08:21:55,765 - rayforge.addon_mgr.lazy_loader - WARNING - Manifest not ready, giving up
2026-07-05 08:21:56,321 - rayforge.addon_mgr.lazy_loader - WARNING - Manifest not ready, giving up
2026-07-05 08:21:56,861 - rayforge.addon_mgr.lazy_loader - WARNING - Manifest not ready, giving up
2026-07-05 08:21:57,398 - rayforge.addon_mgr.lazy_loader - WARNING - Manifest not ready, giving up
2026-07-05 08:21:57,924 - rayforge.addon_mgr.lazy_loader - WARNING - Manifest not ready, giving up
2026-07-05 08:21:58,449 - rayforge.addon_mgr.lazy_loader - WARNING - Manifest not ready, giving up
2026-07-05 08:21:59,235 - rayforge.addon_mgr.lazy_loader - WARNING - Manifest not ready, giving up
2026-07-05 08:21:59,756 - rayforge.addon_mgr.lazy_loader - WARNING - Manifest not ready, giving up
2026-07-05 08:22:00,290 - rayforge.addon_mgr.lazy_loader - WARNING - Manifest not ready, giving up
2026-07-05 08:22:00,818 - rayforge.addon_mgr.lazy_loader - WARNING - Manifest not ready, giving up
2026-07-05 08:22:01,348 - rayforge.addon_mgr.lazy_loader - WARNING - Manifest not ready, giving up
2026-07-05 08:22:01,873 - rayforge.addon_mgr.lazy_loader - WARNING - Manifest not ready, giving up
2026-07-05 08:22:02,396 - rayforge.addon_mgr.lazy_loader - WARNING - Manifest not ready, giving up
2026-07-05 08:22:02,919 - rayforge.addon_mgr.lazy_loader - WARNING - Manifest not ready, giving up
2026-07-05 08:22:03,509 - rayforge.addon_mgr.lazy_loader - WARNING - Manifest not ready, giving up
2026-07-05 08:22:04,040 - rayforge.addon_mgr.lazy_loader - WARNING - Manifest not ready, giving up
2026-07-05 08:22:04,571 - rayforge.addon_mgr.lazy_loader - WARNING - Manifest not ready, giving up
2026-07-05 08:22:05,096 - rayforge.addon_mgr.lazy_loader - WARNING - Manifest not ready, giving up
2026-07-05 08:22:05,623 - rayforge.addon_mgr.lazy_loader - WARNING - Manifest not ready, giving up
2026-07-05 08:22:06,149 - rayforge.addon_mgr.lazy_loader - WARNING - Manifest not ready, giving up
2026-07-05 08:22:06,673 - rayforge.addon_mgr.lazy_loader - WARNING - Manifest not ready, giving up
2026-07-05 08:22:07,199 - rayforge.addon_mgr.lazy_loader - WARNING - Manifest not ready, giving up
2026-07-05 08:22:07,731 - rayforge.addon_mgr.lazy_loader - WARNING - Manifest not ready, giving up
2026-07-05 08:22:08,267 - rayforge.addon_mgr.lazy_loader - WARNING - Manifest not ready, giving up
2026-07-05 08:22:08,792 - rayforge.addon_mgr.lazy_loader - WARNING - Manifest not ready, giving up
2026-07-05 08:22:09,328 - rayforge.addon_mgr.lazy_loader - WARNING - Manifest not ready, giving up
2026-07-05 08:22:09,872 - rayforge.addon_mgr.lazy_loader - WARNING - Manifest not ready, giving up
2026-07-05 08:22:10,399 - rayforge.addon_mgr.lazy_loader - WARNING - Manifest not ready, giving up
2026-07-05 08:22:10,934 - rayforge.addon_mgr.lazy_loader - WARNING - Manifest not ready, giving up
2026-07-05 08:22:11,466 - rayforge.addon_mgr.lazy_loader - WARNING - Manifest not ready, giving up
2026-07-05 08:22:12,025 - rayforge.addon_mgr.lazy_loader - WARNING - Manifest not ready, giving up
2026-07-05 08:22:12,588 - rayforge.addon_mgr.lazy_loader - WARNING - Manifest not ready, giving up
2026-07-05 08:22:13,124 - rayforge.addon_mgr.lazy_loader - WARNING - Manifest not ready, giving up
2026-07-05 08:22:13,657 - rayforge.addon_mgr.lazy_loader - WARNING - Manifest not ready, giving up
2026-07-05 08:22:14,188 - rayforge.addon_mgr.lazy_loader - WARNING - Manifest not ready, giving up
2026-07-05 08:22:14,715 - rayforge.addon_mgr.lazy_loader - WARNING - Manifest not ready, giving up
2026-07-05 08:22:15,257 - rayforge.addon_mgr.lazy_loader - WARNING - Manifest not ready, giving up
2026-07-05 08:22:15,795 - rayforge.addon_mgr.lazy_loader - WARNING - Manifest not ready, giving up
2026-07-05 08:22:16,321 - rayforge.addon_mgr.lazy_loader - WARNING - Manifest not ready, giving up
2026-07-05 08:22:16,846 - rayforge.addon_mgr.lazy_loader - WARNING - Manifest not ready, giving up
2026-07-05 08:22:17,392 - rayforge.addon_mgr.lazy_loader - WARNING - Manifest not ready, giving up
2026-07-05 08:22:17,920 - rayforge.addon_mgr.lazy_loader - WARNING - Manifest not ready, giving up
2026-07-05 08:22:18,461 - rayforge.addon_mgr.lazy_loader - WARNING - Manifest not ready, giving up
2026-07-05 08:22:19,060 - rayforge.addon_mgr.lazy_loader - WARNING - Manifest not ready, giving up
2026-07-05 08:22:19,600 - rayforge.addon_mgr.lazy_loader - WARNING - Manifest not ready, giving up
2026-07-05 08:22:20,190 - rayforge.addon_mgr.lazy_loader - WARNING - Manifest not ready, giving up
2026-07-05 08:22:20,737 - rayforge.addon_mgr.lazy_loader - WARNING - Manifest not ready, giving up
2026-07-05 08:22:21,261 - rayforge.addon_mgr.lazy_loader - WARNING - Manifest not ready, giving up
2026-07-05 08:22:21,789 - rayforge.addon_mgr.lazy_loader - WARNING - Manifest not ready, giving up
2026-07-05 08:22:22,319 - rayforge.addon_mgr.lazy_loader - WARNING - Manifest not ready, giving up
2026-07-05 08:22:22,841 - rayforge.addon_mgr.lazy_loader - WARNING - Manifest not ready, giving up
2026-07-05 08:22:23,387 - rayforge.addon_mgr.lazy_loader - WARNING - Manifest not ready, giving up
2026-07-05 08:22:23,944 - rayforge.addon_mgr.lazy_loader - WARNING - Manifest not ready, giving up
2026-07-05 08:22:24,508 - rayforge.addon_mgr.lazy_loader - WARNING - Manifest not ready, giving up
2026-07-05 08:22:25,051 - rayforge.addon_mgr.lazy_loader - WARNING - Manifest not ready, giving up
2026-07-05 08:22:25,583 - rayforge.addon_mgr.lazy_loader - WARNING - Manifest not ready, giving up
2026-07-05 08:22:26,111 - rayforge.addon_mgr.lazy_loader - WARNING - Manifest not ready, giving up
2026-07-05 08:22:26,639 - rayforge.addon_mgr.lazy_loader - WARNING - Manifest not ready, giving up
2026-07-05 08:22:27,167 - rayforge.addon_mgr.lazy_loader - WARNING - Manifest not ready, giving up
2026-07-05 08:22:27,686 - rayforge.addon_mgr.lazy_loader - WARNING - Manifest not ready, giving up
2026-07-05 08:22:28,214 - rayforge.addon_mgr.lazy_loader - WARNING - Manifest not ready, giving up
2026-07-05 08:22:28,738 - rayforge.addon_mgr.lazy_loader - WARNING - Manifest not ready, giving up
2026-07-05 08:22:29,262 - rayforge.addon_mgr.lazy_loader - WARNING - Manifest not ready, giving up
2026-07-05 08:22:29,793 - rayforge.addon_mgr.lazy_loader - WARNING - Manifest not ready, giving up
2026-07-05 08:22:30,324 - rayforge.addon_mgr.lazy_loader - WARNING - Manifest not ready, giving up
2026-07-05 08:22:30,862 - rayforge.addon_mgr.lazy_loader - WARNING - Manifest not ready, giving up
2026-07-05 08:22:31,390 - rayforge.addon_mgr.lazy_loader - WARNING - Manifest not ready, giving up
2026-07-05 08:22:31,908 - rayforge.addon_mgr.lazy_loader - WARNING - Manifest not ready, giving up
2026-07-05 08:22:32,437 - rayforge.addon_mgr.lazy_loader - WARNING - Manifest not ready, giving up
2026-07-05 08:22:32,958 - rayforge.addon_mgr.lazy_loader - WARNING - Manifest not ready, giving up
2026-07-05 08:22:33,481 - rayforge.addon_mgr.lazy_loader - WARNING - Manifest not ready, giving up
2026-07-05 08:22:34,006 - rayforge.addon_mgr.lazy_loader - WARNING - Manifest not ready, giving up
2026-07-05 08:22:34,539 - rayforge.addon_mgr.lazy_loader - WARNING - Manifest not ready, giving up
2026-07-05 08:22:35,063 - rayforge.addon_mgr.lazy_loader - WARNING - Manifest not ready, giving up
2026-07-05 08:22:35,586 - rayforge.addon_mgr.lazy_loader - WARNING - Manifest not ready, giving up
2026-07-05 08:22:36,117 - rayforge.addon_mgr.lazy_loader - WARNING - Manifest not ready, giving up
2026-07-05 08:22:36,641 - rayforge.addon_mgr.lazy_loader - WARNING - Manifest not ready, giving up
2026-07-05 08:22:37,165 - rayforge.addon_mgr.lazy_loader - WARNING - Manifest not ready, giving up
2026-07-05 08:22:37,696 - rayforge.addon_mgr.lazy_loader - WARNING - Manifest not ready, giving up
2026-07-05 08:22:38,215 - rayforge.addon_mgr.lazy_loader - WARNING - Manifest not ready, giving up
2026-07-05 08:22:38,739 - rayforge.addon_mgr.lazy_loader - WARNING - Manifest not ready, giving up
2026-07-05 08:22:39,261 - rayforge.addon_mgr.lazy_loader - WARNING - Manifest not ready, giving up
2026-07-05 08:22:39,783 - rayforge.addon_mgr.lazy_loader - WARNING - Manifest not ready, giving up
2026-07-05 08:22:40,304 - rayforge.addon_mgr.lazy_loader - WARNING - Manifest not ready, giving up
2026-07-05 08:22:40,822 - rayforge.addon_mgr.lazy_loader - WARNING - Manifest not ready, giving up
2026-07-05 08:22:40,833 - rayforge.context - INFO - Addons loaded (headless=False)
IOSBOOT: _ios_run: register()
IOSBOOT: _ios_run: activate()
2026-07-05 08:22:42,096 - rayforge.context - INFO - Lazy loading config manager
2026-07-05 08:22:42,105 - rayforge.context - INFO - Lazy loading machine manager
2026-07-05 08:22:42,122 - rayforge.core.config - INFO - Config file does not exist, creating default config.
2026-07-05 08:22:42,271 - rayforge.context - INFO - Lazy loading camera manager
2026-07-05 08:22:42,446 - rayforge.worker_init - ERROR - Failed to load enabled worker module 'rayforge_addons.core_materials.core_materials.worker': Plugin name already registered: rayforge_addons.core_materials.core_materials.worker=<module 'rayforge_addons.core_materials.core_materials.worker' from '/Users/runner/Library/Developer/CoreSimulator/Devices/0C93A0BC-558A-41E2-B935-34939131737F/data/Containers/Bundle/Application/695101E1-20CF-43E5-A03B-29DB744C5228/RayforgeApp.app/python/lib/python3.13/site-packages/rayforge/builtin_addons/rayforge-addon-materials/core_materials/worker.py'>
{'rayforge_addons.core_materials.core_materials.worker': <module 'rayforge_addons.core_materials.core_materials.worker' from '/Users/runner/Library/Developer/CoreSimulator/Devices/0C93A0BC-558A-41E2-B935-34939131737F/data/Containers/Bundle/Application/695101E1-20CF-43E5-A03B-29DB744C5228/RayforgeApp.app/python/lib/python3.13/site-packages/rayforge/builtin_addons/rayforge-addon-materials/core_materials/worker.py'>, 'rayforge_addons.sketcher.sketcher.worker': <module 'rayforge_addons.sketcher.sketcher.worker' from '/Users/runner/Library/Developer/CoreSimulator/Devices/0C93A0BC-558A-41E2-B935-34939131737F/data/Containers/Bundle/Application/695101E1-20CF-43E5-A03B-29DB744C5228/RayforgeApp.app/python/lib/python3.13/site-packages/rayforge/builtin_addons/rayforge-addon-sketcher/sketcher/worker.py'>, 'rayforge_addons.sketcher.sketcher.frontend': <module 'rayforge_addons.sketcher.sketcher.frontend' from '/Users/runner/Library/Developer/CoreSimulator/Devices/0C93A0BC-558A-41E2-B935-34939131737F/data/Containers/Bundle/Application/695101E1-20CF-43E5-A03B-29DB744C5228/RayforgeApp.app/python/lib/python3.13/site-packages/rayforge/builtin_addons/rayforge-addon-sketcher/sketcher/frontend.py'>, 'rayforge_addons.laser_essentials.laser_essentials.worker': <module 'rayforge_addons.laser_essentials.laser_essentials.worker' from '/Users/runner/Library/Developer/CoreSimulator/Devices/0C93A0BC-558A-41E2-B935-34939131737F/data/Containers/Bundle/Application/695101E1-20CF-43E5-A03B-29DB744C5228/RayforgeApp.app/python/lib/python3.13/site-packages/rayforge/builtin_addons/rayforge-addon-laser/laser_essentials/worker.py'>, 'rayforge_addons.laser_essentials.laser_essentials.frontend': <module 'rayforge_addons.laser_essentials.laser_essentials.frontend' from '/Users/runner/Library/Developer/CoreSimulator/Devices/0C93A0BC-558A-41E2-B935-34939131737F/data/Containers/Bundle/Application/695101E1-20CF-43E5-A03B-29DB744C5228/RayforgeApp.app/python/lib/python3.13/site-packages/rayforge/builtin_addons/rayforge-addon-laser/laser_essentials/frontend.py'>, 'rayforge_addons.print_and_cut.print_and_cut.frontend': <module 'rayforge_addons.print_and_cut.print_and_cut.frontend' from '/Users/runner/Library/Developer/CoreSimulator/Devices/0C93A0BC-558A-41E2-B935-34939131737F/data/Containers/Bundle/Application/695101E1-20CF-43E5-A03B-29DB744C5228/RayforgeApp.app/python/lib/python3.13/site-packages/rayforge/builtin_addons/rayforge-addon-print-and-cut/print_and_cut/frontend.py'>, 'rayforge_addons.post_processors.post_processors.worker': <module 'rayforge_addons.post_processors.post_processors.worker' from '/Users/runner/Library/Developer/CoreSimulator/Devices/0C93A0BC-558A-41E2-B935-34939131737F/data/Containers/Bundle/Application/695101E1-20CF-43E5-A03B-29DB744C5228/RayforgeApp.app/python/lib/python3.13/site-packages/rayforge/builtin_addons/rayforge-addon-post/post_processors/worker.py'>, 'rayforge_addons.post_processors.post_processors.frontend': <module 'rayforge_addons.post_processors.post_processors.frontend' from '/Users/runner/Library/Developer/CoreSimulator/Devices/0C93A0BC-558A-41E2-B935-34939131737F/data/Containers/Bundle/Application/695101E1-20CF-43E5-A03B-29DB744C5228/RayforgeApp.app/python/lib/python3.13/site-packages/rayforge/builtin_addons/rayforge-addon-post/post_processors/frontend.py'>, 'rayforge_addons.ai_workpiece_generator.ai_workpiece_generator.frontend': <module 'rayforge_addons.ai_workpiece_generator.ai_workpiece_generator.frontend' from '/Users/runner/Library/Developer/CoreSimulator/Devices/0C93A0BC-558A-41E2-B935-34939131737F/data/Containers/Bundle/Application/695101E1-20CF-43E5-A03B-29DB744C5228/RayforgeApp.app/python/lib/python3.13/site-packages/rayforge/builtin_addons/rayforge-addon-ai-workpiece/ai_workpiece_generator/frontend.py'>}
2026-07-05 08:22:42,446 - rayforge.worker_init - ERROR - Failed to load enabled worker module 'rayforge_addons.sketcher.sketcher.worker': Plugin name already registered: rayforge_addons.sketcher.sketcher.worker=<module 'rayforge_addons.sketcher.sketcher.worker' from '/Users/runner/Library/Developer/CoreSimulator/Devices/0C93A0BC-558A-41E2-B935-34939131737F/data/Containers/Bundle/Application/695101E1-20CF-43E5-A03B-29DB744C5228/RayforgeApp.app/python/lib/python3.13/site-packages/rayforge/builtin_addons/rayforge-addon-sketcher/sketcher/worker.py'>
{'rayforge_addons.core_materials.core_materials.worker': <module 'rayforge_addons.core_materials.core_materials.worker' from '/Users/runner/Library/Developer/CoreSimulator/Devices/0C93A0BC-558A-41E2-B935-34939131737F/data/Containers/Bundle/Application/695101E1-20CF-43E5-A03B-29DB744C5228/RayforgeApp.app/python/lib/python3.13/site-packages/rayforge/builtin_addons/rayforge-addon-materials/core_materials/worker.py'>, 'rayforge_addons.sketcher.sketcher.worker': <module 'rayforge_addons.sketcher.sketcher.worker' from '/Users/runner/Library/Developer/CoreSimulator/Devices/0C93A0BC-558A-41E2-B935-34939131737F/data/Containers/Bundle/Application/695101E1-20CF-43E5-A03B-29DB744C5228/RayforgeApp.app/python/lib/python3.13/site-packages/rayforge/builtin_addons/rayforge-addon-sketcher/sketcher/worker.py'>, 'rayforge_addons.sketcher.sketcher.frontend': <module 'rayforge_addons.sketcher.sketcher.frontend' from '/Users/runner/Library/Developer/CoreSimulator/Devices/0C93A0BC-558A-41E2-B935-34939131737F/data/Containers/Bundle/Application/695101E1-20CF-43E5-A03B-29DB744C5228/RayforgeApp.app/python/lib/python3.13/site-packages/rayforge/builtin_addons/rayforge-addon-sketcher/sketcher/frontend.py'>, 'rayforge_addons.laser_essentials.laser_essentials.worker': <module 'rayforge_addons.laser_essentials.laser_essentials.worker' from '/Users/runner/Library/Developer/CoreSimulator/Devices/0C93A0BC-558A-41E2-B935-34939131737F/data/Containers/Bundle/Application/695101E1-20CF-43E5-A03B-29DB744C5228/RayforgeApp.app/python/lib/python3.13/site-packages/rayforge/builtin_addons/rayforge-addon-laser/laser_essentials/worker.py'>, 'rayforge_addons.laser_essentials.laser_essentials.frontend': <module 'rayforge_addons.laser_essentials.laser_essentials.frontend' from '/Users/runner/Library/Developer/CoreSimulator/Devices/0C93A0BC-558A-41E2-B935-34939131737F/data/Containers/Bundle/Application/695101E1-20CF-43E5-A03B-29DB744C5228/RayforgeApp.app/python/lib/python3.13/site-packages/rayforge/builtin_addons/rayforge-addon-laser/laser_essentials/frontend.py'>, 'rayforge_addons.print_and_cut.print_and_cut.frontend': <module 'rayforge_addons.print_and_cut.print_and_cut.frontend' from '/Users/runner/Library/Developer/CoreSimulator/Devices/0C93A0BC-558A-41E2-B935-34939131737F/data/Containers/Bundle/Application/695101E1-20CF-43E5-A03B-29DB744C5228/RayforgeApp.app/python/lib/python3.13/site-packages/rayforge/builtin_addons/rayforge-addon-print-and-cut/print_and_cut/frontend.py'>, 'rayforge_addons.post_processors.post_processors.worker': <module 'rayforge_addons.post_processors.post_processors.worker' from '/Users/runner/Library/Developer/CoreSimulator/Devices/0C93A0BC-558A-41E2-B935-34939131737F/data/Containers/Bundle/Application/695101E1-20CF-43E5-A03B-29DB744C5228/RayforgeApp.app/python/lib/python3.13/site-packages/rayforge/builtin_addons/rayforge-addon-post/post_processors/worker.py'>, 'rayforge_addons.post_processors.post_processors.frontend': <module 'rayforge_addons.post_processors.post_processors.frontend' from '/Users/runner/Library/Developer/CoreSimulator/Devices/0C93A0BC-558A-41E2-B935-34939131737F/data/Containers/Bundle/Application/695101E1-20CF-43E5-A03B-29DB744C5228/RayforgeApp.app/python/lib/python3.13/site-packages/rayforge/builtin_addons/rayforge-addon-post/post_processors/frontend.py'>, 'rayforge_addons.ai_workpiece_generator.ai_workpiece_generator.frontend': <module 'rayforge_addons.ai_workpiece_generator.ai_workpiece_generator.frontend' from '/Users/runner/Library/Developer/CoreSimulator/Devices/0C93A0BC-558A-41E2-B935-34939131737F/data/Containers/Bundle/Application/695101E1-20CF-43E5-A03B-29DB744C5228/RayforgeApp.app/python/lib/python3.13/site-packages/rayforge/builtin_addons/rayforge-addon-ai-workpiece/ai_workpiece_generator/frontend.py'>}
2026-07-05 08:22:42,446 - rayforge.worker_init - ERROR - Failed to load enabled worker module 'rayforge_addons.laser_essentials.laser_essentials.worker': Plugin name already registered: rayforge_addons.laser_essentials.laser_essentials.worker=<module 'rayforge_addons.laser_essentials.laser_essentials.worker' from '/Users/runner/Library/Developer/CoreSimulator/Devices/0C93A0BC-558A-41E2-B935-34939131737F/data/Containers/Bundle/Application/695101E1-20CF-43E5-A03B-29DB744C5228/RayforgeApp.app/python/lib/python3.13/site-packages/rayforge/builtin_addons/rayforge-addon-laser/laser_essentials/worker.py'>
{'rayforge_addons.core_materials.core_materials.worker': <module 'rayforge_addons.core_materials.core_materials.worker' from '/Users/runner/Library/Developer/CoreSimulator/Devices/0C93A0BC-558A-41E2-B935-34939131737F/data/Containers/Bundle/Application/695101E1-20CF-43E5-A03B-29DB744C5228/RayforgeApp.app/python/lib/python3.13/site-packages/rayforge/builtin_addons/rayforge-addon-materials/core_materials/worker.py'>, 'rayforge_addons.sketcher.sketcher.worker': <module 'rayforge_addons.sketcher.sketcher.worker' from '/Users/runner/Library/Developer/CoreSimulator/Devices/0C93A0BC-558A-41E2-B935-34939131737F/data/Containers/Bundle/Application/695101E1-20CF-43E5-A03B-29DB744C5228/RayforgeApp.app/python/lib/python3.13/site-packages/rayforge/builtin_addons/rayforge-addon-sketcher/sketcher/worker.py'>, 'rayforge_addons.sketcher.sketcher.frontend': <module 'rayforge_addons.sketcher.sketcher.frontend' from '/Users/runner/Library/Developer/CoreSimulator/Devices/0C93A0BC-558A-41E2-B935-34939131737F/data/Containers/Bundle/Application/695101E1-20CF-43E5-A03B-29DB744C5228/RayforgeApp.app/python/lib/python3.13/site-packages/rayforge/builtin_addons/rayforge-addon-sketcher/sketcher/frontend.py'>, 'rayforge_addons.laser_essentials.laser_essentials.worker': <module 'rayforge_addons.laser_essentials.laser_essentials.worker' from '/Users/runner/Library/Developer/CoreSimulator/Devices/0C93A0BC-558A-41E2-B935-34939131737F/data/Containers/Bundle/Application/695101E1-20CF-43E5-A03B-29DB744C5228/RayforgeApp.app/python/lib/python3.13/site-packages/rayforge/builtin_addons/rayforge-addon-laser/laser_essentials/worker.py'>, 'rayforge_addons.laser_essentials.laser_essentials.frontend': <module 'rayforge_addons.laser_essentials.laser_essentials.frontend' from '/Users/runner/Library/Developer/CoreSimulator/Devices/0C93A0BC-558A-41E2-B935-34939131737F/data/Containers/Bundle/Application/695101E1-20CF-43E5-A03B-29DB744C5228/RayforgeApp.app/python/lib/python3.13/site-packages/rayforge/builtin_addons/rayforge-addon-laser/laser_essentials/frontend.py'>, 'rayforge_addons.print_and_cut.print_and_cut.frontend': <module 'rayforge_addons.print_and_cut.print_and_cut.frontend' from '/Users/runner/Library/Developer/CoreSimulator/Devices/0C93A0BC-558A-41E2-B935-34939131737F/data/Containers/Bundle/Application/695101E1-20CF-43E5-A03B-29DB744C5228/RayforgeApp.app/python/lib/python3.13/site-packages/rayforge/builtin_addons/rayforge-addon-print-and-cut/print_and_cut/frontend.py'>, 'rayforge_addons.post_processors.post_processors.worker': <module 'rayforge_addons.post_processors.post_processors.worker' from '/Users/runner/Library/Developer/CoreSimulator/Devices/0C93A0BC-558A-41E2-B935-34939131737F/data/Containers/Bundle/Application/695101E1-20CF-43E5-A03B-29DB744C5228/RayforgeApp.app/python/lib/python3.13/site-packages/rayforge/builtin_addons/rayforge-addon-post/post_processors/worker.py'>, 'rayforge_addons.post_processors.post_processors.frontend': <module 'rayforge_addons.post_processors.post_processors.frontend' from '/Users/runner/Library/Developer/CoreSimulator/Devices/0C93A0BC-558A-41E2-B935-34939131737F/data/Containers/Bundle/Application/695101E1-20CF-43E5-A03B-29DB744C5228/RayforgeApp.app/python/lib/python3.13/site-packages/rayforge/builtin_addons/rayforge-addon-post/post_processors/frontend.py'>, 'rayforge_addons.ai_workpiece_generator.ai_workpiece_generator.frontend': <module 'rayforge_addons.ai_workpiece_generator.ai_workpiece_generator.frontend' from '/Users/runner/Library/Developer/CoreSimulator/Devices/0C93A0BC-558A-41E2-B935-34939131737F/data/Containers/Bundle/Application/695101E1-20CF-43E5-A03B-29DB744C5228/RayforgeApp.app/python/lib/python3.13/site-packages/rayforge/builtin_addons/rayforge-addon-ai-workpiece/ai_workpiece_generator/frontend.py'>}
2026-07-05 08:22:42,447 - rayforge.worker_init - ERROR - Failed to load enabled worker module 'rayforge_addons.post_processors.post_processors.worker': Plugin name already registered: rayforge_addons.post_processors.post_processors.worker=<module 'rayforge_addons.post_processors.post_processors.worker' from '/Users/runner/Library/Developer/CoreSimulator/Devices/0C93A0BC-558A-41E2-B935-34939131737F/data/Containers/Bundle/Application/695101E1-20CF-43E5-A03B-29DB744C5228/RayforgeApp.app/python/lib/python3.13/site-packages/rayforge/builtin_addons/rayforge-addon-post/post_processors/worker.py'>
{'rayforge_addons.core_materials.core_materials.worker': <module 'rayforge_addons.core_materials.core_materials.worker' from '/Users/runner/Library/Developer/CoreSimulator/Devices/0C93A0BC-558A-41E2-B935-34939131737F/data/Containers/Bundle/Application/695101E1-20CF-43E5-A03B-29DB744C5228/RayforgeApp.app/python/lib/python3.13/site-packages/rayforge/builtin_addons/rayforge-addon-materials/core_materials/worker.py'>, 'rayforge_addons.sketcher.sketcher.worker': <module 'rayforge_addons.sketcher.sketcher.worker' from '/Users/runner/Library/Developer/CoreSimulator/Devices/0C93A0BC-558A-41E2-B935-34939131737F/data/Containers/Bundle/Application/695101E1-20CF-43E5-A03B-29DB744C5228/RayforgeApp.app/python/lib/python3.13/site-packages/rayforge/builtin_addons/rayforge-addon-sketcher/sketcher/worker.py'>, 'rayforge_addons.sketcher.sketcher.frontend': <module 'rayforge_addons.sketcher.sketcher.frontend' from '/Users/runner/Library/Developer/CoreSimulator/Devices/0C93A0BC-558A-41E2-B935-34939131737F/data/Containers/Bundle/Application/695101E1-20CF-43E5-A03B-29DB744C5228/RayforgeApp.app/python/lib/python3.13/site-packages/rayforge/builtin_addons/rayforge-addon-sketcher/sketcher/frontend.py'>, 'rayforge_addons.laser_essentials.laser_essentials.worker': <module 'rayforge_addons.laser_essentials.laser_essentials.worker' from '/Users/runner/Library/Developer/CoreSimulator/Devices/0C93A0BC-558A-41E2-B935-34939131737F/data/Containers/Bundle/Application/695101E1-20CF-43E5-A03B-29DB744C5228/RayforgeApp.app/python/lib/python3.13/site-packages/rayforge/builtin_addons/rayforge-addon-laser/laser_essentials/worker.py'>, 'rayforge_addons.laser_essentials.laser_essentials.frontend': <module 'rayforge_addons.laser_essentials.laser_essentials.frontend' from '/Users/runner/Library/Developer/CoreSimulator/Devices/0C93A0BC-558A-41E2-B935-34939131737F/data/Containers/Bundle/Application/695101E1-20CF-43E5-A03B-29DB744C5228/RayforgeApp.app/python/lib/python3.13/site-packages/rayforge/builtin_addons/rayforge-addon-laser/laser_essentials/frontend.py'>, 'rayforge_addons.print_and_cut.print_and_cut.frontend': <module 'rayforge_addons.print_and_cut.print_and_cut.frontend' from '/Users/runner/Library/Developer/CoreSimulator/Devices/0C93A0BC-558A-41E2-B935-34939131737F/data/Containers/Bundle/Application/695101E1-20CF-43E5-A03B-29DB744C5228/RayforgeApp.app/python/lib/python3.13/site-packages/rayforge/builtin_addons/rayforge-addon-print-and-cut/print_and_cut/frontend.py'>, 'rayforge_addons.post_processors.post_processors.worker': <module 'rayforge_addons.post_processors.post_processors.worker' from '/Users/runner/Library/Developer/CoreSimulator/Devices/0C93A0BC-558A-41E2-B935-34939131737F/data/Containers/Bundle/Application/695101E1-20CF-43E5-A03B-29DB744C5228/RayforgeApp.app/python/lib/python3.13/site-packages/rayforge/builtin_addons/rayforge-addon-post/post_processors/worker.py'>, 'rayforge_addons.post_processors.post_processors.frontend': <module 'rayforge_addons.post_processors.post_processors.frontend' from '/Users/runner/Library/Developer/CoreSimulator/Devices/0C93A0BC-558A-41E2-B935-34939131737F/data/Containers/Bundle/Application/695101E1-20CF-43E5-A03B-29DB744C5228/RayforgeApp.app/python/lib/python3.13/site-packages/rayforge/builtin_addons/rayforge-addon-post/post_processors/frontend.py'>, 'rayforge_addons.ai_workpiece_generator.ai_workpiece_generator.frontend': <module 'rayforge_addons.ai_workpiece_generator.ai_workpiece_generator.frontend' from '/Users/runner/Library/Developer/CoreSimulator/Devices/0C93A0BC-558A-41E2-B935-34939131737F/data/Containers/Bundle/Application/695101E1-20CF-43E5-A03B-29DB744C5228/RayforgeApp.app/python/lib/python3.13/site-packages/rayforge/builtin_addons/rayforge-addon-ai-workpiece/ai_workpiece_generator/frontend.py'>}
2026-07-05 08:22:42,453 - rayforge.context - INFO - Lazy loading recipe manager
2026-07-05 08:22:42,454 - rayforge.core.recipe_manager - INFO - Loaded 0 recipes.
2026-07-05 08:22:42,459 - rayforge.doceditor.step_cmd - INFO - Added default 'Contour' step to layer 'Layer 1'.
Gdk-Message: 08:22:42.648: gdk-ios: toplevel_present shell_bounds=1032x1376
Fontconfig warning: using without calling FcInit()
Gdk-Message: 08:22:42.754: gdk-ios: attach_layer surface=0x11192e2a0 layer=0x600000cc08a0 root=0x600000c07570 root.bounds=1032x1376 root.sublayers=1 scale=2.00
Gdk-Message: 08:22:42.754: gdk-ios: apply_frame surface=0x11192e2a0 req=(0,0,1032x1376) layer.frame=(0,0,1032x1376)
Gdk-Message: 08:22:42.757: gdk-ios: toplevel_present shell_bounds=1032x1376
Gdk-Message: 08:22:42.757: gdk-ios: apply_frame surface=0x11192e2a0 req=(0,0,1032x1376) layer.frame=(0,0,1032x1376)
Gdk-Message: 08:22:42.758: gdk-ios: toplevel_present shell_bounds=1032x1376
Gdk-Message: 08:22:42.767: gdk-ios: attach_layer surface=0x11610ffd0 layer=0x600000cc1590 root=0x600000c07570 root.bounds=1032x1376 root.sublayers=2 scale=2.00
Gdk-Message: 08:22:42.767: gdk-ios: apply_frame surface=0x11610ffd0 req=(0,0,1032x1376) layer.frame=(0,0,1032x1376)
Gdk-Message: 08:22:42.767: gdk-ios: toplevel_present shell_bounds=1032x1376
Gdk-Message: 08:22:42.767: gdk-ios: apply_frame surface=0x11610ffd0 req=(0,0,1032x1376) layer.frame=(0,0,1032x1376)
2026-07-05 08:22:42,768 - rayforge.addon_mgr.update_cmd - INFO - Scheduling startup addon update check.
2026-07-05 08:22:42,769 - rayforge.updater - INFO - Scheduling app version update check.
2026-07-05 08:22:42,772 - rayforge.addon_mgr.addon_manager - INFO - Checking for available addon updates...
IOSBOOT: _ios_run: activate() returned; windows=1
IOSBOOT:   window mapped=True visible=True title='Rayforge'
IOSBOOT: keep-running caught — startup unwound cleanly
RAYFORGE UI RUNNING
** Message: 08:22:42.772: rayforge boot: PyGObject self-test ran (CPython 3.13.14 (main, Jun 12 2026, 07:26:39) [Clang 17.0.0 (clang-1700.0.13.5)]) ? see console for PYGOBJECT OK/FAIL
Gdk-Message: 08:22:42.789: gdk-ios: user main returned
Gdk-Message: 08:22:42.820: gdk-ios: VC layout view=1032x1376 screen=1032x1376
2026-07-05 08:22:42,886 - rayforge.addon_mgr.addon_manager - INFO - Fetching registry from https://raw.githubusercontent.com/barebaric/rayforge-registry/main/registry.yaml
Gdk-Message: 08:22:43.513: gdk-ios: begin_frame surface=1032x1376 scale=2.00 pixels=2064x2752
Gdk-Message: 08:22:43.559: gdk-ios: end_frame 2064x2752 stride=8256 data=0x116e88000 layer=0x600000cc08a0 center=0xFFC5C5C7 tl=0x00000000 tr=0x00000000 bl=0x00000000 br=0xFFF5F5F6
Gdk-Message: 08:22:43.559: gdk-ios: presented layer=0x600000cc08a0 frame=(0,0,1032x1376) contentsScale=2.00 opacity=1.00 hidden=0 super=0x600000c07570 hasContents=1
Gdk-Message: 08:22:43.560: gdk-ios: begin_frame surface=1032x1376 scale=2.00 pixels=2064x2752
Gdk-Message: 08:22:43.570: gdk-ios: end_frame 2064x2752 stride=8256 data=0x118434000 layer=0x600000cc1590 center=0xFFFAFAFB tl=0x00000000 tr=0x00000000 bl=0x00000000 br=0xFFFAFAFB
Gdk-Message: 08:22:43.570: gdk-ios: presented layer=0x600000cc1590 frame=(0,0,1032x1376) contentsScale=2.00 opacity=1.00 hidden=0 super=0x600000c07570 hasContents=1
Gdk-Message: 08:22:43.577: gdk-ios: begin_frame surface=1032x1376 scale=2.00 pixels=2064x2752
Gdk-Message: 08:22:43.605: gdk-ios: end_frame 2064x2752 stride=8256 data=0x1199e0000 layer=0x600000cc08a0 center=0xFFC5C5C7 tl=0x00000000 tr=0x00000000 bl=0x00000000 br=0xFFF5F5F6
Gdk-Message: 08:22:43.611: gdk-ios: presented layer=0x600000cc08a0 frame=(0,0,1032x1376) contentsScale=2.00 opacity=1.00 hidden=0 super=0x600000c07570 hasContents=1
Gdk-Message: 08:22:43.785: gdk-ios: begin_frame surface=1032x1376 scale=2.00 pixels=2064x2752
Gdk-Message: 08:22:43.833: gdk-ios: end_frame 2064x2752 stride=8256 data=0x11c538000 layer=0x600000cc08a0 center=0xFFC5C5C7 tl=0x00000000 tr=0x00000000 bl=0x00000000 br=0xFFF5F5F6
Gdk-Message: 08:22:43.833: gdk-ios: presented layer=0x600000cc08a0 frame=(0,0,1032x1376) contentsScale=2.00 opacity=1.00 hidden=0 super=0x600000c07570 hasContents=1
Gdk-Message: 08:22:45.852: gdk-ios: pump alive frame=120 total_iterations=12
Gdk-Message: 08:22:47.855: gdk-ios: pump alive frame=240 total_iterations=12
Gdk-Message: 08:22:49.855: gdk-ios: pump alive frame=360 total_iterations=12
Gdk-Message: 08:22:52.007: gdk-ios: pump alive frame=480 total_iterations=12
Gdk-Message: 08:22:54.007: gdk-ios: pump alive frame=600 total_iterations=12
Gdk-Message: 08:22:56.040: gdk-ios: pump alive frame=720 total_iterations=12
Gdk-Message: 08:22:58.041: gdk-ios: pump alive frame=840 total_iterations=12
Gdk-Message: 08:23:00.044: gdk-ios: pump alive frame=960 total_iterations=12
Gdk-Message: 08:23:02.043: gdk-ios: pump alive frame=1080 total_iterations=12
Gdk-Message: 08:23:04.046: gdk-ios: pump alive frame=1200 total_iterations=12
Gdk-Message: 08:23:06.047: gdk-ios: pump alive frame=1320 total_iterations=12
Gdk-Message: 08:23:08.048: gdk-ios: pump alive frame=1440 total_iterations=12
Gdk-Message: 08:23:10.049: gdk-ios: pump alive frame=1560 total_iterations=12
Gdk-Message: 08:23:12.050: gdk-ios: pump alive frame=1680 total_iterations=12
Gdk-Message: 08:23:14.051: gdk-ios: pump alive frame=1800 total_iterations=12
Gdk-Message: 08:23:16.052: gdk-ios: pump alive frame=1920 total_iterations=12
Gdk-Message: 08:23:18.053: gdk-ios: pump alive frame=2040 total_iterations=12
Gdk-Message: 08:23:20.053: gdk-ios: pump alive frame=2160 total_iterations=12
Gdk-Message: 08:23:22.054: gdk-ios: pump alive frame=2280 total_iterations=12
Gdk-Message: 08:23:24.055: gdk-ios: pump alive frame=2400 total_iterations=12
Gdk-Message: 08:23:26.058: gdk-ios: pump alive frame=2520 total_iterations=12
Gdk-Message: 08:23:28.057: gdk-ios: pump alive frame=2640 total_iterations=12
Gdk-Message: 08:23:30.059: gdk-ios: pump alive frame=2760 total_iterations=12
Gdk-Message: 08:23:32.061: gdk-ios: pump alive frame=2880 total_iterations=12
Gdk-Message: 08:23:34.061: gdk-ios: pump alive frame=3000 total_iterations=12
+ echo '===== app syslog (first 120) ====='
===== app syslog (first 120) =====
+ head -120 app-syslog.log
getpwuid_r did not find a match for uid 501
Timestamp                       Thread     Type        Activity             PID    TTL  
2026-07-05 08:21:04.907000+0000 0x10b44    Default     0x0                  25323  0    rayforge-app: (libMobileGestalt.dylib) No persisted cache on this platform.
2026-07-05 08:21:04.907469+0000 0x10b4e    Default     0x0                  25323  0    rayforge-app: (libxpc.dylib) [com.apple.xpc:connection] [0x106b063e0] activating connection: mach=true listener=false peer=false name=com.apple.cfprefsd.daemon
2026-07-05 08:21:04.911573+0000 0x10b51    Default     0x0                  25323  0    rayforge-app: (BoardServices) [com.apple.BoardServices:XPCErrors] [C:1] Alloc com.apple.frontboard.systemappservices
2026-07-05 08:21:04.913758+0000 0x10b51    Default     0x0                  25323  0    rayforge-app: (libxpc.dylib) [com.apple.xpc:connection] [0x106f04a60] activating connection: mach=false listener=false peer=false name=(anonymous)
2026-07-05 08:21:04.918564+0000 0x10b4f    Activity    0x386a0              25323  0    rayforge-app: (CoreFoundation) Loading Preferences From User Session CFPrefsD
2026-07-05 08:21:04.923712+0000 0x10b44    Default     0x0                  25323  0    rayforge-app: (UIKitCore) [com.apple.UIKit:Application] Deactivation reason added: 10; deactivation reasons: 0 -> 1024; animating application lifecycle event: 0
2026-07-05 08:21:04.923996+0000 0x10b44    Default     0x0                  25323  0    rayforge-app: (RunningBoardServices) [com.apple.runningboard:connection] Initializing connection
2026-07-05 08:21:04.924139+0000 0x10b44    Default     0x0                  25323  0    rayforge-app: (RunningBoardServices) [com.apple.runningboard:process] Removing all cached process handles
2026-07-05 08:21:04.924295+0000 0x10b44    Default     0x0                  25323  0    rayforge-app: (BoardServices) [com.apple.BoardServices:Injection] activating monitor for service com.apple.frontboard.open
2026-07-05 08:21:04.925575+0000 0x10b4e    Default     0x0                  25323  0    rayforge-app: (UIKitCore) [com.apple.UIKit:BackgroundTask] Creating new assertion because there is no existing background assertion.
2026-07-05 08:21:04.925644+0000 0x10b44    Default     0x0                  25323  0    rayforge-app: (BoardServices) [com.apple.BoardServices:Injection] activating monitor for service com.apple.frontboard.workspace-service
2026-07-05 08:21:04.925734+0000 0x10b4e    Default     0x0                  25323  0    rayforge-app: (UIKitCore) [com.apple.UIKit:BackgroundTask] Creating new background assertion
2026-07-05 08:21:04.925863+0000 0x10b4e    Default     0x0                  25323  0    rayforge-app: (UIKitCore) [com.apple.UIKit:BackgroundTask] Created new background assertion <BKSProcessAssertion: 0x6000021070c0>
2026-07-05 08:21:04.928291+0000 0x10b44    Default     0x0                  25323  0    rayforge-app: (FrontBoardServices) [com.apple.FrontBoard:Common] FBSWorkspace registering source: com.apple.frontboard.systemappservices
2026-07-05 08:21:04.930078+0000 0x10b51    Default     0x0                  25323  0    rayforge-app: (RunningBoardServices) [com.apple.runningboard:connection] Sending handshake request attempt #1 to server
2026-07-05 08:21:04.930160+0000 0x10b4e    Default     0x0                  25323  0    rayforge-app: (RunningBoardServices) [com.apple.runningboard:connection] Creating connection to com.apple.runningboard
2026-07-05 08:21:04.930329+0000 0x10b4e    Default     0x0                  25323  0    rayforge-app: (libxpc.dylib) [com.apple.xpc:connection] [0x106b06ae0] activating connection: mach=true listener=false peer=false name=com.apple.runningboard
2026-07-05 08:21:04.930457+0000 0x10b44    Default     0x0                  25323  0    rayforge-app: (FrontBoardServices) [com.apple.FrontBoard:Common] FBSWorkspace connected to endpoint : <BSServiceConnectionEndpoint: 0x60000020bb00; target: com.apple.frontboard.systemappservices; service: com.apple.frontboard.workspace-service>
2026-07-05 08:21:04.930700+0000 0x10b44    Default     0x0                  25323  0    rayforge-app: (FrontBoardServices) [com.apple.FrontBoard:Common] <FBSWorkspaceScenesClient:0x600003008630 com.apple.frontboard.systemappservices> attempting immediate handshake from activate
2026-07-05 08:21:04.931456+0000 0x10b44    Default     0x0                  25323  0    rayforge-app: (FrontBoardServices) [com.apple.FrontBoard:Common] <FBSWorkspaceScenesClient:0x600003008630 com.apple.frontboard.systemappservices> sent handshake
2026-07-05 08:21:04.932374+0000 0x10b44    Default     0x0                  25323  0    rayforge-app: (RunningBoardServices) [com.apple.runningboard:general] Added observer for process assertions expiration warning: <_RBSExpirationWarningClient: 0x6000002140a0>
2026-07-05 08:21:04.940397+0000 0x10b51    Default     0x0                  25323  0    rayforge-app: (RunningBoardServices) [com.apple.runningboard:connection] Handshake succeeded
2026-07-05 08:21:04.940446+0000 0x10b51    Default     0x0                  25323  0    rayforge-app: (RunningBoardServices) [com.apple.runningboard:connection] Identity resolved as app<org.rayforge.app((null))>
2026-07-05 08:21:04.941522+0000 0x10b54    Default     0x0                  25323  0    rayforge-app: (FrontBoardServices) [com.apple.FrontBoard:SceneExtension] Realizing settings extension _UIApplicationSceneKeyboardSettings on FBSSceneSettings
2026-07-05 08:21:04.942112+0000 0x10b4e    Default     0x0                  25323  0    rayforge-app: (UIKitCore) [com.apple.UIKit:BackgroundTask] Incrementing reference count for background assertion <BKSProcessAssertion: 0x6000021070c0>
2026-07-05 08:21:04.942361+0000 0x10b4e    Default     0x0                  25323  0    rayforge-app: (UIKitCore) [com.apple.UIKit:BackgroundTask] Created background task <_UIBackgroundTaskInfo: 0x600001700d40>: taskID = 1, taskName = Launch Background Task for Coalescing, creationTime = 627 (elapsed = 0).
2026-07-05 08:21:04.942453+0000 0x10b44    Default     0x0                  25323  0    rayforge-app: (UIKitCore) [com.apple.UIKit:UIScreen] Evaluated capturing state as 0 on <UIScreen: 0x106f06760> for initial
2026-07-05 08:21:04.943093+0000 0x10b44    Default     0x0                  25323  0    rayforge-app: (UIKitCore) [com.apple.UIKit:UIScreen] Evaluated capturing state as 0 on <UIScreen: 0x106f06760> for CADisplay KVO
2026-07-05 08:21:04.949383+0000 0x10b44    Default     0x0                  25323  0    rayforge-app: (libAccessibility.dylib) [com.apple.Accessibility:AXSupportCommon] Read CategoryName: per-app = 1, category name = (null)
2026-07-05 08:21:04.954713+0000 0x10b54    Default     0x0                  25323  0    rayforge-app: (FrontBoardServices) [com.apple.FrontBoard:SceneExtension] Realizing settings extension <_UISceneOcclusionSettings> on FBSSceneSettings
2026-07-05 08:21:04.955075+0000 0x10b44    Default     0x0                  25323  0    rayforge-app: (libAccessibility.dylib) [com.apple.Accessibility:AXSupportCommon] Read CategoryName: per-app = 0, category name = (null)
2026-07-05 08:21:04.955724+0000 0x10b54    Default     0x0                  25323  0    rayforge-app: (FrontBoardServices) [com.apple.FrontBoard:SceneExtension] Realizing settings extension <_UISceneInterfaceProtectionSettings> on FBSSceneSettings
2026-07-05 08:21:04.955975+0000 0x10b54    Default     0x0                  25323  0    rayforge-app: (FrontBoardServices) [com.apple.FrontBoard:SceneExtension] Realizing settings extension _UISceneLayoutPreferencesHostSettingsExtension on FBSSceneSettings
2026-07-05 08:21:04.956501+0000 0x10b54    Default     0x0                  25323  0    rayforge-app: (FrontBoardServices) [com.apple.FrontBoard:SceneExtension] Realizing settings extension _UISceneSafeAreaSettingsExtension on FBSSceneSettings
2026-07-05 08:21:04.956894+0000 0x10b54    Default     0x0                  25323  0    rayforge-app: (FrontBoardServices) [com.apple.FrontBoard:SceneExtension] Realizing settings extension _UISceneLayoutPreferenceClientSettingsExtension on FBSSceneClientSettings
2026-07-05 08:21:04.957795+0000 0x10b54    Default     0x0                  25323  0    rayforge-app: (FrontBoardServices) [com.apple.FrontBoard:SceneExtension] Realizing settings extension <_UIHomeAffordanceHostSceneSettings> on FBSSceneSettings
2026-07-05 08:21:04.958126+0000 0x10b54    Default     0x0                  25323  0    rayforge-app: (FrontBoardServices) [com.apple.FrontBoard:SceneExtension] Realizing settings extension _UISystemShellSceneHostingEnvironmentSettings on FBSSceneSettings
2026-07-05 08:21:04.958423+0000 0x10b54    Default     0x0                  25323  0    rayforge-app: (FrontBoardServices) [com.apple.FrontBoard:SceneExtension] Realizing settings extension _UISceneRenderingEnvironmentSettings on FBSSceneSettings
2026-07-05 08:21:04.959994+0000 0x10b54    Default     0x0                  25323  0    rayforge-app: (FrontBoardServices) [com.apple.FrontBoard:SceneExtension] Realizing settings extension <_UISceneRenderingEnvironmentClientSettings> on FBSSceneClientSettings
2026-07-05 08:21:04.960165+0000 0x10b54    Default     0x0                  25323  0    rayforge-app: (FrontBoardServices) [com.apple.FrontBoard:SceneExtension] Realizing settings extension <_UISceneTransitioningHostSettings> on FBSSceneSettings
2026-07-05 08:21:04.960568+0000 0x10b54    Default     0x0                  25323  0    rayforge-app: (FrontBoardServices) [com.apple.FrontBoard:SceneExtension] Realizing settings extension <_UISceneFocusSystemSettings> on FBSSceneSettings
2026-07-05 08:21:04.960776+0000 0x10b54    Default     0x0                  25323  0    rayforge-app: (FrontBoardServices) [com.apple.FrontBoard:SceneExtension] Realizing settings extension _UISceneOrientationSettingsExtension on FBSSceneSettings
2026-07-05 08:21:04.962356+0000 0x10b54    Default     0x0                  25323  0    rayforge-app: (FrontBoardServices) [com.apple.FrontBoard:SceneExtension] Realizing settings extension _UISceneOrientationClientSettingsExtension on FBSSceneClientSettings
2026-07-05 08:21:04.962872+0000 0x10b54    Default     0x0                  25323  0    rayforge-app: (FrontBoardServices) [com.apple.FrontBoard:SceneExtension] Realizing settings extension _UISceneWindowingControlClientSettings on FBSSceneClientSettings
2026-07-05 08:21:04.962929+0000 0x10b44    Default     0x0                  25323  0    rayforge-app: (XCTTargetBootstrap) [com.apple.dt.xctest:Default] Registering for test daemon availability notify post.
2026-07-05 08:21:04.963034+0000 0x10b54    Default     0x0                  25323  0    rayforge-app: (FrontBoardServices) [com.apple.FrontBoard:SceneExtension] Realizing settings extension FBSSceneSettingsCore on FBSSceneSettings
2026-07-05 08:21:04.963141+0000 0x10b44    Default     0x0                  25323  0    rayforge-app: (XCTTargetBootstrap) [com.apple.dt.xctest:Default] notify_get_state check indicated test daemon not ready.
2026-07-05 08:21:04.963231+0000 0x10b44    Default     0x0                  25323  0    rayforge-app: (XCTTargetBootstrap) [com.apple.dt.xctest:Default] notify_get_state check indicated test daemon not ready.
2026-07-05 08:21:04.963338+0000 0x10b44    Default     0x0                  25323  0    rayforge-app: (XCTTargetBootstrap) [com.apple.dt.xctest:Default] notify_get_state check indicated test daemon not ready.
2026-07-05 08:21:04.965055+0000 0x10b44    Default     0x0                  25323  0    rayforge-app: (UIKitCore) [com.apple.UIKit:UpdateScheduler] Selected display: name=LCD (PurpleMain), id=1
2026-07-05 08:21:04.967001+0000 0x10b4e    Default     0x0                  25323  0    rayforge-app: (FrontBoardServices) [com.apple.FrontBoard:SceneExtension] Realizing settings extension <_UISceneHostingContentSizePreferenceClientSettings> on FBSSceneClientSettings
2026-07-05 08:21:04.967417+0000 0x10b54    Default     0x0                  25323  0    rayforge-app: (FrontBoardServices) [com.apple.FrontBoard:SceneExtension] Realizing settings extension FBSSceneClientSettingsCore on FBSSceneClientSettings
2026-07-05 08:21:04.971680+0000 0x10b4e    Default     0x0                  25323  0    rayforge-app: (FrontBoardServices) [com.apple.FrontBoard:SceneExtension] Realizing settings extension _UISceneHostingTraitCollectionPropagationSettings on FBSSceneSettings
2026-07-05 08:21:04.972566+0000 0x10b4e    Default     0x0                  25323  0    rayforge-app: (FrontBoardServices) [com.apple.FrontBoard:SceneExtension] Realizing settings extension <_UISceneHostingSheetPresentationSettings> on FBSSceneSettings
2026-07-05 08:21:04.973119+0000 0x10b4e    Default     0x0                  25323  0    rayforge-app: (FrontBoardServices) [com.apple.FrontBoard:SceneExtension] Realizing settings extension <_UISceneHostingSheetPresentationClientSettings> on FBSSceneClientSettings
2026-07-05 08:21:04.973391+0000 0x10b4e    Default     0x0                  25323  0    rayforge-app: (FrontBoardServices) [com.apple.FrontBoard:SceneExtension] Realizing settings extension <_UISceneHostingEventDeferringSettings> on FBSSceneSettings
2026-07-05 08:21:04.973847+0000 0x10b4e    Default     0x0                  25323  0    rayforge-app: (FrontBoardServices) [com.apple.FrontBoard:SceneExtension] Realizing settings extension <UIKit__UITypedKeyValueSceneSettings> on FBSSceneSettings
2026-07-05 08:21:04.974846+0000 0x10b4e    Default     0x0                  25323  0    rayforge-app: (FrontBoardServices) [com.apple.FrontBoard:SceneExtension] Realizing settings extension <UIKit__UITypedKeyValueSceneSettings> on FBSSceneClientSettings
2026-07-05 08:21:04.975005+0000 0x10b4e    Default     0x0                  25323  0    rayforge-app: (FrontBoardServices) [com.apple.FrontBoard:SceneExtension] Realizing settings extension <_UISceneHostingViewControllerPreferencePropagationClientSettings> on FBSSceneClientSettings
2026-07-05 08:21:04.975182+0000 0x10b4e    Default     0x0                  25323  0    rayforge-app: (FrontBoardServices) [com.apple.FrontBoard:SceneExtension] Realizing settings extension <_UISceneZoomTransitionSettings> on FBSSceneSettings
2026-07-05 08:21:04.975304+0000 0x10b54    Default     0x0                  25323  0    rayforge-app: (FrontBoardServices) [com.apple.FrontBoard:SceneExtension] UIMutableApplicationSceneSettings setting counterpart class: UIApplicationSceneSettings
2026-07-05 08:21:04.975488+0000 0x10b54    Default     0x0                  25323  0    rayforge-app: (FrontBoardServices) [com.apple.FrontBoard:SceneExtension] UIMutableApplicationSceneClientSettings setting counterpart class: UIApplicationSceneClientSettings
2026-07-05 08:21:04.975943+0000 0x10b54    Default     0x0                  25323  0    rayforge-app: (FrontBoardServices) [com.apple.FrontBoard:SceneExtension] Realizing settings extension FBSSceneTransitionContextCore on FBSSceneTransitionContext
2026-07-05 08:21:04.976815+0000 0x10b51    Activity    0x386a1              25323  0    rayforge-app: (RunningBoardServices) didChangeInheritances
2026-07-05 08:21:04.984500+0000 0x10b44    Default     0x0                  25323  0    rayforge-app: (UIKitCore) [com.apple.UIKit:BackgroundTask] Will add backgroundTask with taskName: Persistent SceneSession Map Update, expirationHandler: <__NSGlobalBlock__: 0x1e61729e0>
2026-07-05 08:21:04.985044+0000 0x10b44    Default     0x0                  25323  0    rayforge-app: (UIKitCore) [com.apple.UIKit:BackgroundTask] Reusing background assertion <BKSProcessAssertion: 0x6000021070c0>
2026-07-05 08:21:04.985069+0000 0x10b44    Default     0x0                  25323  0    rayforge-app: (UIKitCore) [com.apple.UIKit:BackgroundTask] Incrementing reference count for background assertion <BKSProcessAssertion: 0x6000021070c0>
2026-07-05 08:21:04.985097+0000 0x10b44    Default     0x0                  25323  0    rayforge-app: (UIKitCore) [com.apple.UIKit:BackgroundTask] Created background task <_UIBackgroundTaskInfo: 0x600001717880>: taskID = 2, taskName = Persistent SceneSession Map Update, creationTime = 627 (elapsed = 0).
2026-07-05 08:21:04.985301+0000 0x10b44    Default     0x0                  25323  0    rayforge-app: (UIKitCore) [com.apple.UIKit:Application] Deactivation reason added: 5; deactivation reasons: 1024 -> 1056; animating application lifecycle event: 1
2026-07-05 08:21:04.986932+0000 0x10b44    Default     0x0                  25323  0    rayforge-app: (UIKitCore) [com.apple.UIKit:InterfaceStyle] Not push traits update to screen for new style 1, <UIWindowScene: 0x105b0bc00> (E4F53F1E-5DDA-4A20-BBE1-F95B3927148F)
2026-07-05 08:21:04.987186+0000 0x10b44    Default     0x0                  25323  0    rayforge-app: (UIKitCore) [com.apple.UIKit:InterfaceStyle] Should send trait collection or coordinate space update, interface style 1 -> 1, <UIWindowScene: 0x105b0bc00> (E4F53F1E-5DDA-4A20-BBE1-F95B3927148F)
2026-07-05 08:21:04.988646+0000 0x10b44    Default     0x0                  25323  0    rayforge-app: (UIKitCore) [com.apple.UIKit:InterfaceStyle] Not push traits update to screen for new style 1, <UIWindowScene: 0x105b0bc00> (E4F53F1E-5DDA-4A20-BBE1-F95B3927148F)
2026-07-05 08:21:05.000650+0000 0x10b44    Default     0x0                  25323  0    rayforge-app: (UIKitCore) [com.apple.UIKit:HomeAffordanceObservation] Initializing: <_UIHomeAffordanceSceneNotifier: 0x6000029155e0>; with scene: <UIWindowScene: 0x105b0bc00>
2026-07-05 08:21:05.001960+0000 0x10b44    Default     0x0                  25323  0    rayforge-app: (BacklightServices) [com.apple.BacklightServices:scenes] 0x600000c12d00 setDelegate:<0x600000c139c0 _UIBacklightEnvironment> hasDelegate:YES for environment:sceneID:org.rayforge.app-default
2026-07-05 08:21:05.002639+0000 0x10b44    Default     0x0                  25323  0    rayforge-app: (UIKitCore) [com.apple.UIKit:InterfaceStyle] Not push traits update to screen for new style 1, <UIWindowScene: 0x105b0bc00> (E4F53F1E-5DDA-4A20-BBE1-F95B3927148F)
2026-07-05 08:21:05.002996+0000 0x10b44    Default     0x0                  25323  1    rayforge-app: (UIKitCore) [com.apple.UIKit:EventDeferring] [0x6000029100e0] Initialized with scene: <UIWindowScene: 0x105b0bc00>; behavior: <_UIEventDeferringBehavior_iOS: 0x600000213420>; availableForProcess: 1, systemShellManagesKeyboardFocus: 1
2026-07-05 08:21:05.003620+0000 0x10b44    Default     0x0                  25323  0    rayforge-app: (BoardServices) [com.apple.BoardServices:XPCErrors] [C:2] Alloc com.apple.backboard.hid-services.xpc
2026-07-05 08:21:05.003959+0000 0x10b44    Default     0x0                  25323  0    rayforge-app: (libxpc.dylib) [com.apple.xpc:connection] [0x106b085f0] activating connection: mach=false listener=false peer=false name=(anonymous)
2026-07-05 08:21:05.005812+0000 0x10b44    Default     0x0                  25323  0    rayforge-app: (BackBoardServices) [com.apple.BackBoard:EventDelivery] policyStatus:<BKSHIDEventDeliveryPolicyObserver: 0x600002606160; process scope; status: target> was:none
2026-07-05 08:21:05.006099+0000 0x10b44    Default     0x0                  25323  1    rayforge-app: (UIKitCore) [com.apple.UIKit:KeyWindow] Setting default evaluation strategy for UIUserInterfaceIdiomPad to LastOneWins
2026-07-05 08:21:05.006221+0000 0x10b44    Default     0x0                  25323  1    rayforge-app: (UIKitCore) [com.apple.UIKit:KeyWindow] Scene target of keyboard event deferring environment did change: 1; scene: UIWindowScene: 0x105b0bc00; scene identity: com.apple.frontboard.systemappservices/FBSceneManager:sceneID%3Aorg.rayforge.app-default
2026-07-05 08:21:05.006355+0000 0x10b44    Default     0x0                  25323  0    rayforge-app: (UIKitCore) [com.apple.UIKit:UIFocus] Focus system enabled
2026-07-05 08:21:05.007452+0000 0x10b44    Default     0x0                  25323  0    rayforge-app: (UIKitCore) [com.apple.UIKit:UIFocus] Failed to update focus with context <UIFocusUpdateContext: 0x6000030006c0; previouslyFocusedItem: (nil); nextFocusedItem: (nil); focusHeading: None>. No additional info available.
2026-07-05 08:21:05.007796+0000 0x10b44    Default     0x0                  25323  0    rayforge-app: (UIKitCore) [com.apple.UIKit:InterfaceStyle] Not push traits update to screen for new style 1, <UIWindowScene: 0x105b0bc00> (E4F53F1E-5DDA-4A20-BBE1-F95B3927148F)
2026-07-05 08:21:05.008230+0000 0x10b44    Default     0x0                  25323  1    rayforge-app: (UIKitCore) [com.apple.UIKit:EventDeferring] [0x6000029100e0] Scene target of event deferring environments did update: scene: 0x105b0bc00; current systemShellManagesKeyboardFocus: 1; systemShellManagesKeyboardFocusForScene: 1; eligibleForRecordRemoval: 1;
2026-07-05 08:21:05.008257+0000 0x10b44    Default     0x0                  25323  1    rayforge-app: (UIKitCore) [com.apple.UIKit:KeyWindow] Scene became target of keyboard event deferring environment: UIWindowScene: 0x105b0bc00; scene identity: com.apple.frontboard.systemappservices/FBSceneManager:sceneID%3Aorg.rayforge.app-default
2026-07-05 08:21:05.008276+0000 0x10b44    Default     0x0                  25323  1    rayforge-app: (UIKitCore) [com.apple.UIKit:KeyWindow] Stack[KeyWindow] 0x600000c0af40: Taking no further action for migration from LastOneWins -> SystemShellManaged as there are no scenes
2026-07-05 08:21:05.008291+0000 0x10b44    Default     0x0                  25323  1    rayforge-app: (UIKitCore) [com.apple.UIKit:KeyWindow] Setting default evaluation strategy for UIUserInterfaceIdiomPad to SystemShellManaged
2026-07-05 08:21:05.008728+0000 0x10b44    Default     0x0                  25323  1    rayforge-app: (UIKitCore) [com.apple.UIKit:KeyWindow] Key window needs update: 0; currentKeyWindowScene: 0x0; evaluatedKeyWindowScene: 0x105b0bc00; currentApplicationKeyWindow: 0x0; evaluatedApplicationKeyWindow: 0x0; reason: UIWindowScene: 0x105b0bc00: Window scene became target of keyboard environment
2026-07-05 08:21:05.009125+0000 0x10b44    Default     0x0                  25323  0    rayforge-app: (UIKitCore) [com.apple.UIKit:InterfaceStyle] Not push traits update to screen for new style 1, <UIWindowScene: 0x105b0bc00> (E4F53F1E-5DDA-4A20-BBE1-F95B3927148F)
2026-07-05 08:21:05.009469+0000 0x10b44    Default     0x0                  25323  0    rayforge-app: (UIKitCore) [com.apple.UIKit:InterfaceStyle] Not push traits update to screen for new style 1, <UIWindowScene: 0x105b0bc00> (E4F53F1E-5DDA-4A20-BBE1-F95B3927148F)
2026-07-05 08:21:05.010316+0000 0x10b44    Fault       0x386a2              25323  14   rayforge-app: (UIKitCore) [com.apple.runtime-issues:UIKit App Config] `UIScene` lifecycle will soon be required. Failure to adopt will result in an assert in the future.
2026-07-05 08:21:05.010318+0000 0x10b44    Activity    0x386a2              25323  0    rayforge-app: (libsystem_trace.dylib) Activity for state dumps
2026-07-05 08:21:05.010830+0000 0x10b44    Default     0x0                  25323  0    rayforge-app: (UIKitCore) [com.apple.UIKit:InterfaceStyle] Not push traits update to screen for new style 1, <UIWindowScene: 0x105b0bc00> (E4F53F1E-5DDA-4A20-BBE1-F95B3927148F)
2026-07-05 08:21:05.030723+0000 0x10b50    Default     0x0                  25323  0    rayforge-app: (BackBoardServices) [com.apple.BackBoard:EventDelivery] BKSHIDEventObserver - connection activation
2026-07-05 08:21:05.031172+0000 0x10b44    Default     0x0                  25323  0    rayforge-app: (UIKitCore) [com.apple.UIKit:AppLifecycle] sceneOfRecord: sceneID: sceneID:org.rayforge.app-default  persistentID: E4F53F1E-5DDA-4A20-BBE1-F95B3927148F
2026-07-05 08:21:05.031618+0000 0x10b44    Default     0x0                  25323  0    rayforge-app: (UIKitCore) [com.apple.UIKit:Application] Ignoring already applied deactivation reason: 5; deactivation reasons: 1056
2026-07-05 08:21:05.031757+0000 0x10b44    Default     0x0                  25323  0    rayforge-app: (UIKitCore) [com.apple.UIKit:Application] Deactivation reason added: 11; deactivation reasons: 1056 -> 3104; animating application lifecycle event: 1
2026-07-05 08:21:05.031933+0000 0x10b44    Default     0x0                  25323  0    rayforge-app: (UIKitCore) [com.apple.KeyboardArbiter:Client] startConnection
2026-07-05 08:21:05.032306+0000 0x10b44    Default     0x0                  25323  0    rayforge-app: (libxpc.dylib) [com.apple.xpc:connection] [0x106b0a0b0] activating connection: mach=true listener=false peer=false name=com.apple.UIKit.KeyboardManagement.hosted
2026-07-05 08:21:05.040487+0000 0x10b4f    Default     0x0                  25323  0    rayforge-app: (BoardServices) [com.apple.BoardServices:XPCErrors] [C:3] Alloc com.apple.PointerUI.pointeruid.service
2026-07-05 08:21:05.040584+0000 0x10b4f    Default     0x0                  25323  0    rayforge-app: (libxpc.dylib) [com.apple.xpc:connection] [0x106b08730] activating connection: mach=false listener=false peer=false name=(anonymous)
2026-07-05 08:21:05.065633+0000 0x10b44    Default     0x0                  25323  0    rayforge-app: (UIKitCore) [com.apple.UIKit:PointerLockState] preferredPointerLockStatus updated: scene: <UIWindowScene: 0x105b0bc00; role: UIWindowSceneSessionRoleApplication; persistentIdentifier: E4F53F1E-5DDA-4A20-BBE1-F95B3927148F; activationState: UISceneActivationStateForegroundInactive>; viewController: <GdkIOSViewController: 0x105b107b0>; preferredPointerLockStatus: _UIPointerLockStatusUnlocked
2026-07-05 08:21:05.072583+0000 0x10b44    Default     0x0                  25323  0    rayforge-app: (UIKitCore) [com.apple.UIKit:Orientation] <UIWindowScene: 0x105b0bc00> (E4F53F1E-5DDA-4A20-BBE1-F95B3927148F) Scene updated orientation preferences: none -> ( Pu Ll Lr Pd )
2026-07-05 08:21:05.074050+0000 0x10b44    Default     0x0                  25323  1    rayforge-app: (UIKitCore) [com.apple.UIKit:KeyWindow] Key window API is scene-level: YES
2026-07-05 08:21:05.074641+0000 0x10b44    Default     0x0                  25323  1    rayforge-app: (UIKitCore) [com.apple.UIKit:KeyWindow] UIWindowScene: 0x105b0bc00: Window became key in scene: UIWindow: 0x106b0b150; contextId: 0x94F47C66: reason: UIWindowScene: 0x105b0bc00: Window requested to become key in scene: 0x106b0b150
2026-07-05 08:21:05.074752+0000 0x10b44    Default     0x0                  25323  1    rayforge-app: (UIKitCore) [com.apple.UIKit:KeyWindow] Key window needs update: 1; currentKeyWindowScene: 0x0; evaluatedKeyWindowScene: 0x105b0bc00; currentApplicationKeyWindow: 0x0; evaluatedApplicationKeyWindow: 0x106b0b150; reason: UIWindowScene: 0x105b0bc00: Window requested to become key in scene: 0x106b0b150
2026-07-05 08:21:05.074888+0000 0x10b44    Default     0x0                  25323  1    rayforge-app: (UIKitCore) [com.apple.UIKit:KeyWindow] Window did become application key: UIWindow: 0x106b0b150; contextId: 0x94F47C66; scene identity: com.apple.frontboard.systemappservices/FBSceneManager:sceneID%3Aorg.rayforge.app-default
2026-07-05 08:21:05.075074+0000 0x10b44    Default     0x0                  25323  1    rayforge-app: (UIKitCore) [com.apple.UIKit:EventDeferring] [0x6000029100e0] Begin local event deferring requested for token: 0x60000260cfc0; environments: 1; reason: UIWindowScene: 0x105b0bc00: Begin event deferring in keyboardFocus for window: 0x106b0b150
2026-07-05 08:21:05.078927+0000 0x10b44    Default     0x0                  25323  0    rayforge-app: (UIKitCore) [com.apple.UIKit:KeyboardSceneDelegate] Reloading input views for key-window scene responder: <GdkIOSView: 0x105b0cb90; frame = (0 0; 1032 1376); > force:N
2026-07-05 08:21:05.081230+0000 0x10b4f    Default     0x0                  25323  0    rayforge-app: (BackBoardServices) [com.apple.BackBoard:EventDelivery] BKSHIDEventDeliveryManager - connection activation
2026-07-05 08:21:05.082525+0000 0x10b44    Default     0x0                  25323  0    rayforge-app: (UIKitCore) [com.apple.UIKit:KeyboardSceneDelegate] _reloadInputViewsForKeyWindowSceneResponder: 1 force: 0, fromBecomeFirstResponder: 1 (automaticKeyboard: 1, reloadIdentifier: BC9AB88B-AD80-409C-9D47-86ADD9908F81)
2026-07-05 08:21:05.082693+0000 0x10b44    Default     0x0                  25323  0    rayforge-app: (UIKitCore) [com.apple.UIKit:KeyboardSceneDelegate] _inputViewsForResponder: <GdkIOSView: 0x105b0cb90; frame = (0 0; 1032 1376); >, automaticKeyboard: 1, force: 0
2026-07-05 08:21:05.083074+0000 0x10b44    Default     0x0                  25323  0    rayforge-app: (UIKitCore) [com.apple.UIKit:KeyboardSceneDelegate] _inputViewsForResponder, found custom inputView: <(null): 0x0>, customInputViewController: <(null): 0x0>
2026-07-05 08:21:05.083170+0000 0x10b44    Default     0x0                  25323  0    rayforge-app: (UIKitCore) [com.apple.UIKit:KeyboardSceneDelegate] _inputViewsForResponder, found inputAccessoryView: <(null): 0x0>
2026-07-05 08:21:05.083276+0000 0x10b44    Default     0x0                  25323  0    rayforge-app: (UIKitCore) [com.apple.UIKit:KeyboardSceneDelegate] _inputViewsForResponder, responderRequiresKeyboard 0 (automaticKeyboardEnabled: 1, activeInstance: <(null): 0x0>, self.isOnScreen: 0, requiresKBWhenFirstResponder: 0)
2026-07-05 08:21:05.083356+0000 0x10b44    Default     0x0                  25323  0    rayforge-app: (UIKitCore) [com.apple.UIKit:KeyboardSceneDelegate] _inputViewsForResponder, useKeyboard 0 (allowsSystemInputView: 1, !inputView <(null): 0x0>, responderRequiresKeyboard 0)
2026-07-05 08:21:05.083435+0000 0x10b44    Default     0x0                  25323  0    rayforge-app: (UIKitCore) [com.apple.UIKit:KeyboardSceneDelegate] _inputViewsForResponder, configuring _responderWithoutAutomaticAppearanceEnabled: <(null): 0x0> (_automaticAppearEnabled: 1)
+ test 1 = 1
+ grep -q 'RAYFORGE BOOT FAILED' app-console.log app-syslog.log
+ grep -q 'RAYFORGE UI RUNNING' app-console.log app-syslog.log
